[2024-07-06T18:10:23.605+0000] {taskinstance.py:1103} INFO - Dependencies all met for dep_context=non-requeueable deps ti=<TaskInstance: import_main_data.wait_for_init scheduled__2024-07-05T04:00:00+00:00 [queued]>
[2024-07-06T18:10:23.608+0000] {taskinstance.py:1103} INFO - Dependencies all met for dep_context=requeueable deps ti=<TaskInstance: import_main_data.wait_for_init scheduled__2024-07-05T04:00:00+00:00 [queued]>
[2024-07-06T18:10:23.608+0000] {taskinstance.py:1308} INFO - Starting attempt 1 of 2
[2024-07-06T18:10:23.613+0000] {taskinstance.py:1327} INFO - Executing <Task(ExternalTaskSensor): wait_for_init> on 2024-07-05 04:00:00+00:00
[2024-07-06T18:10:23.614+0000] {standard_task_runner.py:57} INFO - Started process 622 to run task
[2024-07-06T18:10:23.616+0000] {standard_task_runner.py:84} INFO - Running: ['airflow', 'tasks', 'run', 'import_main_data', 'wait_for_init', 'scheduled__2024-07-05T04:00:00+00:00', '--job-id', '806', '--raw', '--subdir', 'DAGS_FOLDER/import_raw_data.py', '--cfg-path', '/tmp/tmp06jd4v2h']
[2024-07-06T18:10:23.617+0000] {standard_task_runner.py:85} INFO - Job 806: Subtask wait_for_init
[2024-07-06T18:10:23.641+0000] {task_command.py:410} INFO - Running <TaskInstance: import_main_data.wait_for_init scheduled__2024-07-05T04:00:00+00:00 [running]> on host f6bf59d3e65b
[2024-07-06T18:10:23.676+0000] {taskinstance.py:1545} INFO - Exporting env vars: AIRFLOW_CTX_DAG_EMAIL='airflow@example.com' AIRFLOW_CTX_DAG_OWNER='airflow' AIRFLOW_CTX_DAG_ID='import_main_data' AIRFLOW_CTX_TASK_ID='wait_for_init' AIRFLOW_CTX_EXECUTION_DATE='2024-07-05T04:00:00+00:00' AIRFLOW_CTX_TRY_NUMBER='1' AIRFLOW_CTX_DAG_RUN_ID='scheduled__2024-07-05T04:00:00+00:00'
[2024-07-06T18:10:23.680+0000] {external_task.py:247} INFO - Poking for DAG 'initialize_etl_environment' on 2024-07-05T04:00:00+00:00 ... 
[2024-07-06T18:10:23.696+0000] {taskinstance.py:1784} INFO - Rescheduling task, marking task as UP_FOR_RESCHEDULE
[2024-07-06T18:10:23.713+0000] {local_task_job_runner.py:225} INFO - Task exited with return code 0
[2024-07-06T18:10:23.725+0000] {taskinstance.py:2651} INFO - 0 downstream tasks scheduled from follow-on schedule check
[2024-07-06T18:11:25.092+0000] {taskinstance.py:1103} INFO - Dependencies all met for dep_context=non-requeueable deps ti=<TaskInstance: import_main_data.wait_for_init scheduled__2024-07-05T04:00:00+00:00 [queued]>
[2024-07-06T18:11:25.095+0000] {taskinstance.py:1103} INFO - Dependencies all met for dep_context=requeueable deps ti=<TaskInstance: import_main_data.wait_for_init scheduled__2024-07-05T04:00:00+00:00 [queued]>
[2024-07-06T18:11:25.095+0000] {taskinstance.py:1308} INFO - Starting attempt 1 of 2
[2024-07-06T18:11:25.099+0000] {taskinstance.py:1327} INFO - Executing <Task(ExternalTaskSensor): wait_for_init> on 2024-07-05 04:00:00+00:00
[2024-07-06T18:11:25.101+0000] {standard_task_runner.py:57} INFO - Started process 686 to run task
[2024-07-06T18:11:25.102+0000] {standard_task_runner.py:84} INFO - Running: ['airflow', 'tasks', 'run', 'import_main_data', 'wait_for_init', 'scheduled__2024-07-05T04:00:00+00:00', '--job-id', '822', '--raw', '--subdir', 'DAGS_FOLDER/import_raw_data.py', '--cfg-path', '/tmp/tmp8cfa4vm7']
[2024-07-06T18:11:25.103+0000] {standard_task_runner.py:85} INFO - Job 822: Subtask wait_for_init
[2024-07-06T18:11:25.124+0000] {task_command.py:410} INFO - Running <TaskInstance: import_main_data.wait_for_init scheduled__2024-07-05T04:00:00+00:00 [running]> on host f6bf59d3e65b
[2024-07-06T18:11:25.156+0000] {taskinstance.py:1545} INFO - Exporting env vars: AIRFLOW_CTX_DAG_EMAIL='airflow@example.com' AIRFLOW_CTX_DAG_OWNER='airflow' AIRFLOW_CTX_DAG_ID='import_main_data' AIRFLOW_CTX_TASK_ID='wait_for_init' AIRFLOW_CTX_EXECUTION_DATE='2024-07-05T04:00:00+00:00' AIRFLOW_CTX_TRY_NUMBER='1' AIRFLOW_CTX_DAG_RUN_ID='scheduled__2024-07-05T04:00:00+00:00'
[2024-07-06T18:11:25.160+0000] {external_task.py:247} INFO - Poking for DAG 'initialize_etl_environment' on 2024-07-05T04:00:00+00:00 ... 
[2024-07-06T18:11:25.171+0000] {taskinstance.py:1784} INFO - Rescheduling task, marking task as UP_FOR_RESCHEDULE
[2024-07-06T18:11:25.203+0000] {local_task_job_runner.py:225} INFO - Task exited with return code 0
[2024-07-06T18:11:25.215+0000] {taskinstance.py:2651} INFO - 0 downstream tasks scheduled from follow-on schedule check
[2024-07-06T18:12:26.586+0000] {taskinstance.py:1103} INFO - Dependencies all met for dep_context=non-requeueable deps ti=<TaskInstance: import_main_data.wait_for_init scheduled__2024-07-05T04:00:00+00:00 [queued]>
[2024-07-06T18:12:26.589+0000] {taskinstance.py:1103} INFO - Dependencies all met for dep_context=requeueable deps ti=<TaskInstance: import_main_data.wait_for_init scheduled__2024-07-05T04:00:00+00:00 [queued]>
[2024-07-06T18:12:26.589+0000] {taskinstance.py:1308} INFO - Starting attempt 1 of 2
[2024-07-06T18:12:26.593+0000] {taskinstance.py:1327} INFO - Executing <Task(ExternalTaskSensor): wait_for_init> on 2024-07-05 04:00:00+00:00
[2024-07-06T18:12:26.594+0000] {standard_task_runner.py:57} INFO - Started process 750 to run task
[2024-07-06T18:12:26.596+0000] {standard_task_runner.py:84} INFO - Running: ['airflow', 'tasks', 'run', 'import_main_data', 'wait_for_init', 'scheduled__2024-07-05T04:00:00+00:00', '--job-id', '838', '--raw', '--subdir', 'DAGS_FOLDER/import_raw_data.py', '--cfg-path', '/tmp/tmp1d3_zjq4']
[2024-07-06T18:12:26.596+0000] {standard_task_runner.py:85} INFO - Job 838: Subtask wait_for_init
[2024-07-06T18:12:26.615+0000] {task_command.py:410} INFO - Running <TaskInstance: import_main_data.wait_for_init scheduled__2024-07-05T04:00:00+00:00 [running]> on host f6bf59d3e65b
[2024-07-06T18:12:26.647+0000] {taskinstance.py:1545} INFO - Exporting env vars: AIRFLOW_CTX_DAG_EMAIL='airflow@example.com' AIRFLOW_CTX_DAG_OWNER='airflow' AIRFLOW_CTX_DAG_ID='import_main_data' AIRFLOW_CTX_TASK_ID='wait_for_init' AIRFLOW_CTX_EXECUTION_DATE='2024-07-05T04:00:00+00:00' AIRFLOW_CTX_TRY_NUMBER='1' AIRFLOW_CTX_DAG_RUN_ID='scheduled__2024-07-05T04:00:00+00:00'
[2024-07-06T18:12:26.651+0000] {external_task.py:247} INFO - Poking for DAG 'initialize_etl_environment' on 2024-07-05T04:00:00+00:00 ... 
[2024-07-06T18:12:26.662+0000] {taskinstance.py:1784} INFO - Rescheduling task, marking task as UP_FOR_RESCHEDULE
[2024-07-06T18:12:26.698+0000] {local_task_job_runner.py:225} INFO - Task exited with return code 0
[2024-07-06T18:12:26.711+0000] {taskinstance.py:2651} INFO - 0 downstream tasks scheduled from follow-on schedule check
[2024-07-06T18:13:29.217+0000] {taskinstance.py:1103} INFO - Dependencies all met for dep_context=non-requeueable deps ti=<TaskInstance: import_main_data.wait_for_init scheduled__2024-07-05T04:00:00+00:00 [queued]>
[2024-07-06T18:13:29.220+0000] {taskinstance.py:1103} INFO - Dependencies all met for dep_context=requeueable deps ti=<TaskInstance: import_main_data.wait_for_init scheduled__2024-07-05T04:00:00+00:00 [queued]>
[2024-07-06T18:13:29.220+0000] {taskinstance.py:1308} INFO - Starting attempt 1 of 2
[2024-07-06T18:13:29.225+0000] {taskinstance.py:1327} INFO - Executing <Task(ExternalTaskSensor): wait_for_init> on 2024-07-05 04:00:00+00:00
[2024-07-06T18:13:29.226+0000] {standard_task_runner.py:57} INFO - Started process 815 to run task
[2024-07-06T18:13:29.227+0000] {standard_task_runner.py:84} INFO - Running: ['airflow', 'tasks', 'run', 'import_main_data', 'wait_for_init', 'scheduled__2024-07-05T04:00:00+00:00', '--job-id', '854', '--raw', '--subdir', 'DAGS_FOLDER/import_raw_data.py', '--cfg-path', '/tmp/tmp9q74xb3r']
[2024-07-06T18:13:29.228+0000] {standard_task_runner.py:85} INFO - Job 854: Subtask wait_for_init
[2024-07-06T18:13:29.249+0000] {task_command.py:410} INFO - Running <TaskInstance: import_main_data.wait_for_init scheduled__2024-07-05T04:00:00+00:00 [running]> on host f6bf59d3e65b
[2024-07-06T18:13:29.286+0000] {taskinstance.py:1545} INFO - Exporting env vars: AIRFLOW_CTX_DAG_EMAIL='airflow@example.com' AIRFLOW_CTX_DAG_OWNER='airflow' AIRFLOW_CTX_DAG_ID='import_main_data' AIRFLOW_CTX_TASK_ID='wait_for_init' AIRFLOW_CTX_EXECUTION_DATE='2024-07-05T04:00:00+00:00' AIRFLOW_CTX_TRY_NUMBER='1' AIRFLOW_CTX_DAG_RUN_ID='scheduled__2024-07-05T04:00:00+00:00'
[2024-07-06T18:13:29.291+0000] {external_task.py:247} INFO - Poking for DAG 'initialize_etl_environment' on 2024-07-05T04:00:00+00:00 ... 
[2024-07-06T18:13:29.303+0000] {taskinstance.py:1784} INFO - Rescheduling task, marking task as UP_FOR_RESCHEDULE
[2024-07-06T18:13:29.329+0000] {local_task_job_runner.py:225} INFO - Task exited with return code 0
[2024-07-06T18:13:29.343+0000] {taskinstance.py:2651} INFO - 0 downstream tasks scheduled from follow-on schedule check
[2024-07-06T18:14:30.976+0000] {taskinstance.py:1103} INFO - Dependencies all met for dep_context=non-requeueable deps ti=<TaskInstance: import_main_data.wait_for_init scheduled__2024-07-05T04:00:00+00:00 [queued]>
[2024-07-06T18:14:30.979+0000] {taskinstance.py:1103} INFO - Dependencies all met for dep_context=requeueable deps ti=<TaskInstance: import_main_data.wait_for_init scheduled__2024-07-05T04:00:00+00:00 [queued]>
[2024-07-06T18:14:30.980+0000] {taskinstance.py:1308} INFO - Starting attempt 1 of 2
[2024-07-06T18:14:30.984+0000] {taskinstance.py:1327} INFO - Executing <Task(ExternalTaskSensor): wait_for_init> on 2024-07-05 04:00:00+00:00
[2024-07-06T18:14:30.986+0000] {standard_task_runner.py:57} INFO - Started process 880 to run task
[2024-07-06T18:14:30.987+0000] {standard_task_runner.py:84} INFO - Running: ['airflow', 'tasks', 'run', 'import_main_data', 'wait_for_init', 'scheduled__2024-07-05T04:00:00+00:00', '--job-id', '870', '--raw', '--subdir', 'DAGS_FOLDER/import_raw_data.py', '--cfg-path', '/tmp/tmp2ktw2hed']
[2024-07-06T18:14:30.988+0000] {standard_task_runner.py:85} INFO - Job 870: Subtask wait_for_init
[2024-07-06T18:14:31.011+0000] {task_command.py:410} INFO - Running <TaskInstance: import_main_data.wait_for_init scheduled__2024-07-05T04:00:00+00:00 [running]> on host f6bf59d3e65b
[2024-07-06T18:14:31.047+0000] {taskinstance.py:1545} INFO - Exporting env vars: AIRFLOW_CTX_DAG_EMAIL='airflow@example.com' AIRFLOW_CTX_DAG_OWNER='airflow' AIRFLOW_CTX_DAG_ID='import_main_data' AIRFLOW_CTX_TASK_ID='wait_for_init' AIRFLOW_CTX_EXECUTION_DATE='2024-07-05T04:00:00+00:00' AIRFLOW_CTX_TRY_NUMBER='1' AIRFLOW_CTX_DAG_RUN_ID='scheduled__2024-07-05T04:00:00+00:00'
[2024-07-06T18:14:31.052+0000] {external_task.py:247} INFO - Poking for DAG 'initialize_etl_environment' on 2024-07-05T04:00:00+00:00 ... 
[2024-07-06T18:14:31.064+0000] {taskinstance.py:1784} INFO - Rescheduling task, marking task as UP_FOR_RESCHEDULE
[2024-07-06T18:14:31.087+0000] {local_task_job_runner.py:225} INFO - Task exited with return code 0
[2024-07-06T18:14:31.099+0000] {taskinstance.py:2651} INFO - 0 downstream tasks scheduled from follow-on schedule check
