[2024-07-15T23:34:16.222+0000] {taskinstance.py:1037} DEBUG - previous_execution_date was called
[2024-07-15T23:34:16.230+0000] {__init__.py:51} DEBUG - Loading core task runner: StandardTaskRunner
[2024-07-15T23:34:16.239+0000] {taskinstance.py:1037} DEBUG - previous_execution_date was called
[2024-07-15T23:34:16.241+0000] {base_task_runner.py:68} DEBUG - Planning to run as the  user
[2024-07-15T23:34:16.242+0000] {taskinstance.py:789} DEBUG - Refreshing TaskInstance <TaskInstance: run_dbt_model_crm_sales.wait_for_dbt_init manual__2024-07-15T23:31:56.990794+00:00 [queued]> from DB
[2024-07-15T23:34:16.260+0000] {taskinstance.py:1112} DEBUG - <TaskInstance: run_dbt_model_crm_sales.wait_for_dbt_init manual__2024-07-15T23:31:56.990794+00:00 [queued]> dependency 'Not In Retry Period' PASSED: True, The task instance was not marked for retrying.
[2024-07-15T23:34:16.266+0000] {taskinstance.py:1112} DEBUG - <TaskInstance: run_dbt_model_crm_sales.wait_for_dbt_init manual__2024-07-15T23:31:56.990794+00:00 [queued]> dependency 'Task Instance State' PASSED: True, Task state queued was valid.
[2024-07-15T23:34:16.266+0000] {taskinstance.py:1112} DEBUG - <TaskInstance: run_dbt_model_crm_sales.wait_for_dbt_init manual__2024-07-15T23:31:56.990794+00:00 [queued]> dependency 'Trigger Rule' PASSED: True, The task instance did not have any upstream tasks.
[2024-07-15T23:34:16.268+0000] {taskinstance.py:1112} DEBUG - <TaskInstance: run_dbt_model_crm_sales.wait_for_dbt_init manual__2024-07-15T23:31:56.990794+00:00 [queued]> dependency 'Previous Dagrun State' PASSED: True, This task instance was the first task instance for its task.
[2024-07-15T23:34:16.268+0000] {taskinstance.py:1112} DEBUG - <TaskInstance: run_dbt_model_crm_sales.wait_for_dbt_init manual__2024-07-15T23:31:56.990794+00:00 [queued]> dependency 'Ready To Reschedule' PASSED: True, Task is not in reschedule mode.
[2024-07-15T23:34:16.269+0000] {taskinstance.py:1112} DEBUG - <TaskInstance: run_dbt_model_crm_sales.wait_for_dbt_init manual__2024-07-15T23:31:56.990794+00:00 [queued]> dependency 'Task Instance Not Running' PASSED: True, Task is not in running state.
[2024-07-15T23:34:16.269+0000] {taskinstance.py:1103} INFO - Dependencies all met for dep_context=non-requeueable deps ti=<TaskInstance: run_dbt_model_crm_sales.wait_for_dbt_init manual__2024-07-15T23:31:56.990794+00:00 [queued]>
[2024-07-15T23:34:16.269+0000] {taskinstance.py:1112} DEBUG - <TaskInstance: run_dbt_model_crm_sales.wait_for_dbt_init manual__2024-07-15T23:31:56.990794+00:00 [queued]> dependency 'Not In Retry Period' PASSED: True, The task instance was not marked for retrying.
[2024-07-15T23:34:16.274+0000] {taskinstance.py:1112} DEBUG - <TaskInstance: run_dbt_model_crm_sales.wait_for_dbt_init manual__2024-07-15T23:31:56.990794+00:00 [queued]> dependency 'Pool Slots Available' PASSED: True, There are enough open slots in default_pool to execute the task
[2024-07-15T23:34:16.274+0000] {taskinstance.py:1112} DEBUG - <TaskInstance: run_dbt_model_crm_sales.wait_for_dbt_init manual__2024-07-15T23:31:56.990794+00:00 [queued]> dependency 'Trigger Rule' PASSED: True, The task instance did not have any upstream tasks.
[2024-07-15T23:34:16.275+0000] {taskinstance.py:1112} DEBUG - <TaskInstance: run_dbt_model_crm_sales.wait_for_dbt_init manual__2024-07-15T23:31:56.990794+00:00 [queued]> dependency 'Previous Dagrun State' PASSED: True, This task instance was the first task instance for its task.
[2024-07-15T23:34:16.276+0000] {taskinstance.py:1112} DEBUG - <TaskInstance: run_dbt_model_crm_sales.wait_for_dbt_init manual__2024-07-15T23:31:56.990794+00:00 [queued]> dependency 'Ready To Reschedule' PASSED: True, Task is not in reschedule mode.
[2024-07-15T23:34:16.276+0000] {taskinstance.py:1112} DEBUG - <TaskInstance: run_dbt_model_crm_sales.wait_for_dbt_init manual__2024-07-15T23:31:56.990794+00:00 [queued]> dependency 'Task Concurrency' PASSED: True, Task concurrency is not set.
[2024-07-15T23:34:16.276+0000] {taskinstance.py:1103} INFO - Dependencies all met for dep_context=requeueable deps ti=<TaskInstance: run_dbt_model_crm_sales.wait_for_dbt_init manual__2024-07-15T23:31:56.990794+00:00 [queued]>
[2024-07-15T23:34:16.277+0000] {taskinstance.py:1308} INFO - Starting attempt 2 of 3
[2024-07-15T23:34:16.291+0000] {taskinstance.py:1327} INFO - Executing <Task(ExternalTaskWithinDaysSensor): wait_for_dbt_init> on 2024-07-15 23:31:56.990794+00:00
[2024-07-15T23:34:16.293+0000] {standard_task_runner.py:57} INFO - Started process 426 to run task
[2024-07-15T23:34:16.295+0000] {standard_task_runner.py:84} INFO - Running: ['airflow', 'tasks', 'run', 'run_dbt_model_crm_sales', 'wait_for_dbt_init', 'manual__2024-07-15T23:31:56.990794+00:00', '--job-id', '92', '--raw', '--subdir', 'DAGS_FOLDER/run_dbt_models_crm_sales.py', '--cfg-path', '/tmp/tmp0rgkwiqa']
[2024-07-15T23:34:16.296+0000] {standard_task_runner.py:85} INFO - Job 92: Subtask wait_for_dbt_init
[2024-07-15T23:34:16.297+0000] {cli_action_loggers.py:65} DEBUG - Calling callbacks: [<function default_action_log at 0xffff7ee0a550>]
[2024-07-15T23:34:16.323+0000] {taskinstance.py:1037} DEBUG - previous_execution_date was called
[2024-07-15T23:34:16.324+0000] {task_command.py:410} INFO - Running <TaskInstance: run_dbt_model_crm_sales.wait_for_dbt_init manual__2024-07-15T23:31:56.990794+00:00 [running]> on host f934d9af8cb8
[2024-07-15T23:34:16.325+0000] {settings.py:353} DEBUG - Disposing DB connection pool (PID 426)
[2024-07-15T23:34:16.325+0000] {settings.py:212} DEBUG - Setting up DB connection pool (PID 426)
[2024-07-15T23:34:16.325+0000] {settings.py:285} DEBUG - settings.prepare_engine_args(): Using NullPool
[2024-07-15T23:34:16.326+0000] {taskinstance.py:789} DEBUG - Refreshing TaskInstance <TaskInstance: run_dbt_model_crm_sales.wait_for_dbt_init manual__2024-07-15T23:31:56.990794+00:00 [running]> from DB
[2024-07-15T23:34:16.346+0000] {taskinstance.py:1037} DEBUG - previous_execution_date was called
[2024-07-15T23:34:16.347+0000] {taskinstance.py:868} DEBUG - Clearing XCom data
[2024-07-15T23:34:16.360+0000] {retries.py:80} DEBUG - Running RenderedTaskInstanceFields._do_delete_old_records with retries. Try 1 of 3
[2024-07-15T23:34:16.366+0000] {taskinstance.py:1545} INFO - Exporting env vars: AIRFLOW_CTX_DAG_EMAIL='airflow@example.com' AIRFLOW_CTX_DAG_OWNER='airflow' AIRFLOW_CTX_DAG_ID='run_dbt_model_crm_sales' AIRFLOW_CTX_TASK_ID='wait_for_dbt_init' AIRFLOW_CTX_EXECUTION_DATE='2024-07-15T23:31:56.990794+00:00' AIRFLOW_CTX_TRY_NUMBER='2' AIRFLOW_CTX_DAG_RUN_ID='manual__2024-07-15T23:31:56.990794+00:00'
[2024-07-15T23:34:16.366+0000] {__init__.py:117} DEBUG - Preparing lineage inlets and outlets
[2024-07-15T23:34:16.367+0000] {__init__.py:155} DEBUG - inlets: [], outlets: []
[2024-07-15T23:34:16.372+0000] {base.py:255} INFO - Success criteria met. Exiting.
[2024-07-15T23:34:16.372+0000] {__init__.py:75} DEBUG - Lineage called with inlets: [], outlets: []
[2024-07-15T23:34:16.372+0000] {taskinstance.py:789} DEBUG - Refreshing TaskInstance <TaskInstance: run_dbt_model_crm_sales.wait_for_dbt_init manual__2024-07-15T23:31:56.990794+00:00 [running]> from DB
[2024-07-15T23:34:16.377+0000] {taskinstance.py:1356} DEBUG - Clearing next_method and next_kwargs.
[2024-07-15T23:34:16.377+0000] {taskinstance.py:1345} INFO - Marking task as SUCCESS. dag_id=run_dbt_model_crm_sales, task_id=wait_for_dbt_init, execution_date=20240715T233156, start_date=20240715T233416, end_date=20240715T233416
[2024-07-15T23:34:16.377+0000] {taskinstance.py:2305} DEBUG - Task Duration set to 0.108153
[2024-07-15T23:34:16.382+0000] {cli_action_loggers.py:83} DEBUG - Calling callbacks: []
[2024-07-15T23:34:16.394+0000] {local_task_job_runner.py:225} INFO - Task exited with return code 0
[2024-07-15T23:34:16.415+0000] {dagrun.py:697} DEBUG - number of tis tasks for <DagRun run_dbt_model_crm_sales @ 2024-07-15 23:31:56.990794+00:00: manual__2024-07-15T23:31:56.990794+00:00, state:running, queued_at: 2024-07-15 23:31:57.100386+00:00. externally triggered: True>: 12 task(s)
[2024-07-15T23:34:16.415+0000] {dagrun.py:718} DEBUG - number of scheduleable tasks for <DagRun run_dbt_model_crm_sales @ 2024-07-15 23:31:56.990794+00:00: manual__2024-07-15T23:31:56.990794+00:00, state:running, queued_at: 2024-07-15 23:31:57.100386+00:00. externally triggered: True>: 11 task(s)
[2024-07-15T23:34:16.418+0000] {taskinstance.py:1112} DEBUG - <TaskInstance: run_dbt_model_crm_sales.model.matt_demo.crm_stg_accounts manual__2024-07-15T23:31:56.990794+00:00 [None]> dependency 'Not In Retry Period' PASSED: True, The task instance was not marked for retrying.
[2024-07-15T23:34:16.419+0000] {taskinstance.py:1112} DEBUG - <TaskInstance: run_dbt_model_crm_sales.model.matt_demo.crm_stg_accounts manual__2024-07-15T23:31:56.990794+00:00 [None]> dependency 'Previous Dagrun State' PASSED: True, This task instance was the first task instance for its task.
[2024-07-15T23:34:16.419+0000] {taskinstance.py:1103} DEBUG - Dependencies all met for dep_context=None ti=<TaskInstance: run_dbt_model_crm_sales.model.matt_demo.crm_stg_accounts manual__2024-07-15T23:31:56.990794+00:00 [None]>
[2024-07-15T23:34:16.419+0000] {taskinstance.py:1112} DEBUG - <TaskInstance: run_dbt_model_crm_sales.generate_dbt_docs manual__2024-07-15T23:31:56.990794+00:00 [None]> dependency 'Not In Retry Period' PASSED: True, The task instance was not marked for retrying.
[2024-07-15T23:34:16.419+0000] {taskinstance.py:1112} DEBUG - <TaskInstance: run_dbt_model_crm_sales.generate_dbt_docs manual__2024-07-15T23:31:56.990794+00:00 [None]> dependency 'Trigger Rule' PASSED: False, Task's trigger rule 'all_success' requires all upstream tasks to have succeeded, but found 10 non-success(es). upstream_states=_UpstreamTIStates(success=0, skipped=0, failed=0, upstream_failed=0, removed=0, done=0), upstream_task_ids={'test.matt_demo.crm_performance', 'test.matt_demo.crm_stg_sales_teams', 'model.matt_demo.crm_stg_accounts', 'model.matt_demo.crm_stg_sales_pipelines', 'test.matt_demo.crm_stg_sales_pipelines', 'model.matt_demo.crm_performance', 'model.matt_demo.crm_stg_products', 'test.matt_demo.crm_stg_products', 'model.matt_demo.crm_stg_sales_teams', 'test.matt_demo.crm_stg_accounts'}
[2024-07-15T23:34:16.419+0000] {taskinstance.py:1093} DEBUG - Dependencies not met for <TaskInstance: run_dbt_model_crm_sales.generate_dbt_docs manual__2024-07-15T23:31:56.990794+00:00 [None]>, dependency 'Trigger Rule' FAILED: Task's trigger rule 'all_success' requires all upstream tasks to have succeeded, but found 10 non-success(es). upstream_states=_UpstreamTIStates(success=0, skipped=0, failed=0, upstream_failed=0, removed=0, done=0), upstream_task_ids={'test.matt_demo.crm_performance', 'test.matt_demo.crm_stg_sales_teams', 'model.matt_demo.crm_stg_accounts', 'model.matt_demo.crm_stg_sales_pipelines', 'test.matt_demo.crm_stg_sales_pipelines', 'model.matt_demo.crm_performance', 'model.matt_demo.crm_stg_products', 'test.matt_demo.crm_stg_products', 'model.matt_demo.crm_stg_sales_teams', 'test.matt_demo.crm_stg_accounts'}
[2024-07-15T23:34:16.420+0000] {taskinstance.py:1112} DEBUG - <TaskInstance: run_dbt_model_crm_sales.generate_dbt_docs manual__2024-07-15T23:31:56.990794+00:00 [None]> dependency 'Previous Dagrun State' PASSED: True, This task instance was the first task instance for its task.
[2024-07-15T23:34:16.421+0000] {taskinstance.py:1112} DEBUG - <TaskInstance: run_dbt_model_crm_sales.model.matt_demo.crm_stg_products manual__2024-07-15T23:31:56.990794+00:00 [None]> dependency 'Not In Retry Period' PASSED: True, The task instance was not marked for retrying.
[2024-07-15T23:34:16.421+0000] {taskinstance.py:1112} DEBUG - <TaskInstance: run_dbt_model_crm_sales.model.matt_demo.crm_stg_products manual__2024-07-15T23:31:56.990794+00:00 [None]> dependency 'Previous Dagrun State' PASSED: True, This task instance was the first task instance for its task.
[2024-07-15T23:34:16.422+0000] {taskinstance.py:1103} DEBUG - Dependencies all met for dep_context=None ti=<TaskInstance: run_dbt_model_crm_sales.model.matt_demo.crm_stg_products manual__2024-07-15T23:31:56.990794+00:00 [None]>
[2024-07-15T23:34:16.422+0000] {taskinstance.py:1112} DEBUG - <TaskInstance: run_dbt_model_crm_sales.test.matt_demo.crm_stg_products manual__2024-07-15T23:31:56.990794+00:00 [None]> dependency 'Not In Retry Period' PASSED: True, The task instance was not marked for retrying.
[2024-07-15T23:34:16.422+0000] {taskinstance.py:1112} DEBUG - <TaskInstance: run_dbt_model_crm_sales.test.matt_demo.crm_stg_products manual__2024-07-15T23:31:56.990794+00:00 [None]> dependency 'Trigger Rule' PASSED: False, Task's trigger rule 'all_success' requires all upstream tasks to have succeeded, but found 1 non-success(es). upstream_states=_UpstreamTIStates(success=1, skipped=0, failed=0, upstream_failed=0, removed=0, done=1), upstream_task_ids={'model.matt_demo.crm_stg_products', 'wait_for_dbt_init'}
[2024-07-15T23:34:16.423+0000] {taskinstance.py:1093} DEBUG - Dependencies not met for <TaskInstance: run_dbt_model_crm_sales.test.matt_demo.crm_stg_products manual__2024-07-15T23:31:56.990794+00:00 [None]>, dependency 'Trigger Rule' FAILED: Task's trigger rule 'all_success' requires all upstream tasks to have succeeded, but found 1 non-success(es). upstream_states=_UpstreamTIStates(success=1, skipped=0, failed=0, upstream_failed=0, removed=0, done=1), upstream_task_ids={'model.matt_demo.crm_stg_products', 'wait_for_dbt_init'}
[2024-07-15T23:34:16.423+0000] {taskinstance.py:1112} DEBUG - <TaskInstance: run_dbt_model_crm_sales.test.matt_demo.crm_stg_products manual__2024-07-15T23:31:56.990794+00:00 [None]> dependency 'Previous Dagrun State' PASSED: True, This task instance was the first task instance for its task.
[2024-07-15T23:34:16.424+0000] {taskinstance.py:1112} DEBUG - <TaskInstance: run_dbt_model_crm_sales.model.matt_demo.crm_stg_sales_pipelines manual__2024-07-15T23:31:56.990794+00:00 [None]> dependency 'Not In Retry Period' PASSED: True, The task instance was not marked for retrying.
[2024-07-15T23:34:16.424+0000] {taskinstance.py:1112} DEBUG - <TaskInstance: run_dbt_model_crm_sales.model.matt_demo.crm_stg_sales_pipelines manual__2024-07-15T23:31:56.990794+00:00 [None]> dependency 'Previous Dagrun State' PASSED: True, This task instance was the first task instance for its task.
[2024-07-15T23:34:16.424+0000] {taskinstance.py:1103} DEBUG - Dependencies all met for dep_context=None ti=<TaskInstance: run_dbt_model_crm_sales.model.matt_demo.crm_stg_sales_pipelines manual__2024-07-15T23:31:56.990794+00:00 [None]>
[2024-07-15T23:34:16.425+0000] {taskinstance.py:1112} DEBUG - <TaskInstance: run_dbt_model_crm_sales.test.matt_demo.crm_stg_sales_teams manual__2024-07-15T23:31:56.990794+00:00 [None]> dependency 'Not In Retry Period' PASSED: True, The task instance was not marked for retrying.
[2024-07-15T23:34:16.425+0000] {taskinstance.py:1112} DEBUG - <TaskInstance: run_dbt_model_crm_sales.test.matt_demo.crm_stg_sales_teams manual__2024-07-15T23:31:56.990794+00:00 [None]> dependency 'Trigger Rule' PASSED: False, Task's trigger rule 'all_success' requires all upstream tasks to have succeeded, but found 1 non-success(es). upstream_states=_UpstreamTIStates(success=1, skipped=0, failed=0, upstream_failed=0, removed=0, done=1), upstream_task_ids={'model.matt_demo.crm_stg_sales_teams', 'wait_for_dbt_init'}
[2024-07-15T23:34:16.425+0000] {taskinstance.py:1093} DEBUG - Dependencies not met for <TaskInstance: run_dbt_model_crm_sales.test.matt_demo.crm_stg_sales_teams manual__2024-07-15T23:31:56.990794+00:00 [None]>, dependency 'Trigger Rule' FAILED: Task's trigger rule 'all_success' requires all upstream tasks to have succeeded, but found 1 non-success(es). upstream_states=_UpstreamTIStates(success=1, skipped=0, failed=0, upstream_failed=0, removed=0, done=1), upstream_task_ids={'model.matt_demo.crm_stg_sales_teams', 'wait_for_dbt_init'}
[2024-07-15T23:34:16.425+0000] {taskinstance.py:1112} DEBUG - <TaskInstance: run_dbt_model_crm_sales.test.matt_demo.crm_stg_sales_teams manual__2024-07-15T23:31:56.990794+00:00 [None]> dependency 'Previous Dagrun State' PASSED: True, This task instance was the first task instance for its task.
[2024-07-15T23:34:16.426+0000] {taskinstance.py:1112} DEBUG - <TaskInstance: run_dbt_model_crm_sales.model.matt_demo.crm_stg_sales_teams manual__2024-07-15T23:31:56.990794+00:00 [None]> dependency 'Not In Retry Period' PASSED: True, The task instance was not marked for retrying.
[2024-07-15T23:34:16.427+0000] {taskinstance.py:1112} DEBUG - <TaskInstance: run_dbt_model_crm_sales.model.matt_demo.crm_stg_sales_teams manual__2024-07-15T23:31:56.990794+00:00 [None]> dependency 'Previous Dagrun State' PASSED: True, This task instance was the first task instance for its task.
[2024-07-15T23:34:16.427+0000] {taskinstance.py:1103} DEBUG - Dependencies all met for dep_context=None ti=<TaskInstance: run_dbt_model_crm_sales.model.matt_demo.crm_stg_sales_teams manual__2024-07-15T23:31:56.990794+00:00 [None]>
[2024-07-15T23:34:16.427+0000] {taskinstance.py:1112} DEBUG - <TaskInstance: run_dbt_model_crm_sales.test.matt_demo.crm_stg_accounts manual__2024-07-15T23:31:56.990794+00:00 [None]> dependency 'Not In Retry Period' PASSED: True, The task instance was not marked for retrying.
[2024-07-15T23:34:16.427+0000] {taskinstance.py:1112} DEBUG - <TaskInstance: run_dbt_model_crm_sales.test.matt_demo.crm_stg_accounts manual__2024-07-15T23:31:56.990794+00:00 [None]> dependency 'Trigger Rule' PASSED: False, Task's trigger rule 'all_success' requires all upstream tasks to have succeeded, but found 1 non-success(es). upstream_states=_UpstreamTIStates(success=1, skipped=0, failed=0, upstream_failed=0, removed=0, done=1), upstream_task_ids={'model.matt_demo.crm_stg_accounts', 'wait_for_dbt_init'}
[2024-07-15T23:34:16.428+0000] {taskinstance.py:1093} DEBUG - Dependencies not met for <TaskInstance: run_dbt_model_crm_sales.test.matt_demo.crm_stg_accounts manual__2024-07-15T23:31:56.990794+00:00 [None]>, dependency 'Trigger Rule' FAILED: Task's trigger rule 'all_success' requires all upstream tasks to have succeeded, but found 1 non-success(es). upstream_states=_UpstreamTIStates(success=1, skipped=0, failed=0, upstream_failed=0, removed=0, done=1), upstream_task_ids={'model.matt_demo.crm_stg_accounts', 'wait_for_dbt_init'}
[2024-07-15T23:34:16.428+0000] {taskinstance.py:1112} DEBUG - <TaskInstance: run_dbt_model_crm_sales.test.matt_demo.crm_stg_accounts manual__2024-07-15T23:31:56.990794+00:00 [None]> dependency 'Previous Dagrun State' PASSED: True, This task instance was the first task instance for its task.
[2024-07-15T23:34:16.429+0000] {taskinstance.py:1112} DEBUG - <TaskInstance: run_dbt_model_crm_sales.test.matt_demo.crm_stg_sales_pipelines manual__2024-07-15T23:31:56.990794+00:00 [None]> dependency 'Not In Retry Period' PASSED: True, The task instance was not marked for retrying.
[2024-07-15T23:34:16.429+0000] {taskinstance.py:1112} DEBUG - <TaskInstance: run_dbt_model_crm_sales.test.matt_demo.crm_stg_sales_pipelines manual__2024-07-15T23:31:56.990794+00:00 [None]> dependency 'Trigger Rule' PASSED: False, Task's trigger rule 'all_success' requires all upstream tasks to have succeeded, but found 1 non-success(es). upstream_states=_UpstreamTIStates(success=1, skipped=0, failed=0, upstream_failed=0, removed=0, done=1), upstream_task_ids={'model.matt_demo.crm_stg_sales_pipelines', 'wait_for_dbt_init'}
[2024-07-15T23:34:16.429+0000] {taskinstance.py:1093} DEBUG - Dependencies not met for <TaskInstance: run_dbt_model_crm_sales.test.matt_demo.crm_stg_sales_pipelines manual__2024-07-15T23:31:56.990794+00:00 [None]>, dependency 'Trigger Rule' FAILED: Task's trigger rule 'all_success' requires all upstream tasks to have succeeded, but found 1 non-success(es). upstream_states=_UpstreamTIStates(success=1, skipped=0, failed=0, upstream_failed=0, removed=0, done=1), upstream_task_ids={'model.matt_demo.crm_stg_sales_pipelines', 'wait_for_dbt_init'}
[2024-07-15T23:34:16.430+0000] {taskinstance.py:1112} DEBUG - <TaskInstance: run_dbt_model_crm_sales.test.matt_demo.crm_stg_sales_pipelines manual__2024-07-15T23:31:56.990794+00:00 [None]> dependency 'Previous Dagrun State' PASSED: True, This task instance was the first task instance for its task.
[2024-07-15T23:34:16.430+0000] {taskinstance.py:1112} DEBUG - <TaskInstance: run_dbt_model_crm_sales.model.matt_demo.crm_performance manual__2024-07-15T23:31:56.990794+00:00 [None]> dependency 'Not In Retry Period' PASSED: True, The task instance was not marked for retrying.
[2024-07-15T23:34:16.430+0000] {taskinstance.py:1112} DEBUG - <TaskInstance: run_dbt_model_crm_sales.model.matt_demo.crm_performance manual__2024-07-15T23:31:56.990794+00:00 [None]> dependency 'Trigger Rule' PASSED: False, Task's trigger rule 'all_success' requires all upstream tasks to have succeeded, but found 2 non-success(es). upstream_states=_UpstreamTIStates(success=1, skipped=0, failed=0, upstream_failed=0, removed=0, done=1), upstream_task_ids={'model.matt_demo.crm_stg_sales_pipelines', 'model.matt_demo.crm_stg_sales_teams', 'wait_for_dbt_init'}
[2024-07-15T23:34:16.430+0000] {taskinstance.py:1093} DEBUG - Dependencies not met for <TaskInstance: run_dbt_model_crm_sales.model.matt_demo.crm_performance manual__2024-07-15T23:31:56.990794+00:00 [None]>, dependency 'Trigger Rule' FAILED: Task's trigger rule 'all_success' requires all upstream tasks to have succeeded, but found 2 non-success(es). upstream_states=_UpstreamTIStates(success=1, skipped=0, failed=0, upstream_failed=0, removed=0, done=1), upstream_task_ids={'model.matt_demo.crm_stg_sales_pipelines', 'model.matt_demo.crm_stg_sales_teams', 'wait_for_dbt_init'}
[2024-07-15T23:34:16.431+0000] {taskinstance.py:1112} DEBUG - <TaskInstance: run_dbt_model_crm_sales.model.matt_demo.crm_performance manual__2024-07-15T23:31:56.990794+00:00 [None]> dependency 'Previous Dagrun State' PASSED: True, This task instance was the first task instance for its task.
[2024-07-15T23:34:16.431+0000] {taskinstance.py:1112} DEBUG - <TaskInstance: run_dbt_model_crm_sales.test.matt_demo.crm_performance manual__2024-07-15T23:31:56.990794+00:00 [None]> dependency 'Not In Retry Period' PASSED: True, The task instance was not marked for retrying.
[2024-07-15T23:34:16.431+0000] {taskinstance.py:1112} DEBUG - <TaskInstance: run_dbt_model_crm_sales.test.matt_demo.crm_performance manual__2024-07-15T23:31:56.990794+00:00 [None]> dependency 'Trigger Rule' PASSED: False, Task's trigger rule 'all_success' requires all upstream tasks to have succeeded, but found 1 non-success(es). upstream_states=_UpstreamTIStates(success=1, skipped=0, failed=0, upstream_failed=0, removed=0, done=1), upstream_task_ids={'model.matt_demo.crm_performance', 'wait_for_dbt_init'}
[2024-07-15T23:34:16.432+0000] {taskinstance.py:1093} DEBUG - Dependencies not met for <TaskInstance: run_dbt_model_crm_sales.test.matt_demo.crm_performance manual__2024-07-15T23:31:56.990794+00:00 [None]>, dependency 'Trigger Rule' FAILED: Task's trigger rule 'all_success' requires all upstream tasks to have succeeded, but found 1 non-success(es). upstream_states=_UpstreamTIStates(success=1, skipped=0, failed=0, upstream_failed=0, removed=0, done=1), upstream_task_ids={'model.matt_demo.crm_performance', 'wait_for_dbt_init'}
[2024-07-15T23:34:16.432+0000] {taskinstance.py:1112} DEBUG - <TaskInstance: run_dbt_model_crm_sales.test.matt_demo.crm_performance manual__2024-07-15T23:31:56.990794+00:00 [None]> dependency 'Previous Dagrun State' PASSED: True, This task instance was the first task instance for its task.
[2024-07-15T23:34:16.435+0000] {taskinstance.py:2651} INFO - 4 downstream tasks scheduled from follow-on schedule check
