[2024-07-06T17:55:58.046+0000] {taskinstance.py:1103} INFO - Dependencies all met for dep_context=non-requeueable deps ti=<TaskInstance: initialize_etl_environment.create_products_table scheduled__2024-07-02T00:00:00+00:00 [queued]>
[2024-07-06T17:55:58.049+0000] {taskinstance.py:1103} INFO - Dependencies all met for dep_context=requeueable deps ti=<TaskInstance: initialize_etl_environment.create_products_table scheduled__2024-07-02T00:00:00+00:00 [queued]>
[2024-07-06T17:55:58.049+0000] {taskinstance.py:1308} INFO - Starting attempt 2 of 3
[2024-07-06T17:55:58.053+0000] {taskinstance.py:1327} INFO - Executing <Task(PostgresOperator): create_products_table> on 2024-07-02 00:00:00+00:00
[2024-07-06T17:55:58.054+0000] {standard_task_runner.py:57} INFO - Started process 151 to run task
[2024-07-06T17:55:58.056+0000] {standard_task_runner.py:84} INFO - Running: ['airflow', 'tasks', 'run', 'initialize_etl_environment', 'create_products_table', 'scheduled__2024-07-02T00:00:00+00:00', '--job-id', '794', '--raw', '--subdir', 'DAGS_FOLDER/etl_env_init.py', '--cfg-path', '/tmp/tmpv9_73aos']
[2024-07-06T17:55:58.056+0000] {standard_task_runner.py:85} INFO - Job 794: Subtask create_products_table
[2024-07-06T17:55:58.075+0000] {task_command.py:410} INFO - Running <TaskInstance: initialize_etl_environment.create_products_table scheduled__2024-07-02T00:00:00+00:00 [running]> on host f6bf59d3e65b
[2024-07-06T17:55:58.107+0000] {taskinstance.py:1545} INFO - Exporting env vars: AIRFLOW_CTX_DAG_EMAIL='airflow@example.com' AIRFLOW_CTX_DAG_OWNER='airflow' AIRFLOW_CTX_DAG_ID='initialize_etl_environment' AIRFLOW_CTX_TASK_ID='create_products_table' AIRFLOW_CTX_EXECUTION_DATE='2024-07-02T00:00:00+00:00' AIRFLOW_CTX_TRY_NUMBER='2' AIRFLOW_CTX_DAG_RUN_ID='scheduled__2024-07-02T00:00:00+00:00'
[2024-07-06T17:55:58.107+0000] {sql.py:262} INFO - Executing: 
    CREATE TABLE IF NOT EXISTS raw.products (
        product_id INT PRIMARY KEY,
        name VARCHAR(255),
        category INT,
        description VARCHAR(255),
        price DECIMAL,
        created_at TIMESTAMP 
    );
        
    
[2024-07-06T17:55:58.110+0000] {base.py:73} INFO - Using connection ID 'company_dw' for task execution.
[2024-07-06T17:55:58.130+0000] {base.py:73} INFO - Using connection ID 'company_dw' for task execution.
[2024-07-06T17:55:58.132+0000] {sql.py:375} INFO - Running statement: 
    CREATE TABLE IF NOT EXISTS raw.products (
        product_id INT PRIMARY KEY,
        name VARCHAR(255),
        category INT,
        description VARCHAR(255),
        price DECIMAL,
        created_at TIMESTAMP 
    );
        
    , parameters: None
[2024-07-06T17:55:58.136+0000] {taskinstance.py:1345} INFO - Marking task as SUCCESS. dag_id=initialize_etl_environment, task_id=create_products_table, execution_date=20240702T000000, start_date=20240706T175558, end_date=20240706T175558
[2024-07-06T17:55:58.156+0000] {local_task_job_runner.py:225} INFO - Task exited with return code 0
[2024-07-06T17:55:58.164+0000] {taskinstance.py:2651} INFO - 0 downstream tasks scheduled from follow-on schedule check
