[2024-07-03T00:25:41.752+0000] {taskinstance.py:1103} INFO - Dependencies all met for dep_context=non-requeueable deps ti=<TaskInstance: ecomm_data_pipeline.generate_data scheduled__2024-07-02T10:10:00+00:00 [queued]>
[2024-07-03T00:25:41.755+0000] {taskinstance.py:1103} INFO - Dependencies all met for dep_context=requeueable deps ti=<TaskInstance: ecomm_data_pipeline.generate_data scheduled__2024-07-02T10:10:00+00:00 [queued]>
[2024-07-03T00:25:41.755+0000] {taskinstance.py:1308} INFO - Starting attempt 1 of 2
[2024-07-03T00:25:41.759+0000] {taskinstance.py:1327} INFO - Executing <Task(PythonOperator): generate_data> on 2024-07-02 10:10:00+00:00
[2024-07-03T00:25:41.760+0000] {standard_task_runner.py:57} INFO - Started process 92 to run task
[2024-07-03T00:25:41.761+0000] {standard_task_runner.py:84} INFO - Running: ['airflow', 'tasks', 'run', 'ecomm_data_pipeline', 'generate_data', 'scheduled__2024-07-02T10:10:00+00:00', '--job-id', '245', '--raw', '--subdir', 'DAGS_FOLDER/ecomm_dag.py', '--cfg-path', '/tmp/tmph_8ag1ts']
[2024-07-03T00:25:41.762+0000] {standard_task_runner.py:85} INFO - Job 245: Subtask generate_data
[2024-07-03T00:25:41.781+0000] {task_command.py:410} INFO - Running <TaskInstance: ecomm_data_pipeline.generate_data scheduled__2024-07-02T10:10:00+00:00 [running]> on host e25ac14d8d5f
[2024-07-03T00:25:41.816+0000] {taskinstance.py:1545} INFO - Exporting env vars: AIRFLOW_CTX_DAG_OWNER='airflow' AIRFLOW_CTX_DAG_ID='ecomm_data_pipeline' AIRFLOW_CTX_TASK_ID='generate_data' AIRFLOW_CTX_EXECUTION_DATE='2024-07-02T10:10:00+00:00' AIRFLOW_CTX_TRY_NUMBER='1' AIRFLOW_CTX_DAG_RUN_ID='scheduled__2024-07-02T10:10:00+00:00'
[2024-07-03T00:25:41.817+0000] {logging_mixin.py:149} INFO - Running data generation script...
[2024-07-03T00:25:42.224+0000] {logging_mixin.py:149} INFO - 2024-07-03 00:25:41,990 - INFO - Generating fake user data...
2024-07-03 00:25:42,045 - INFO - Generated 205 users.
2024-07-03 00:25:42,045 - INFO - Generating fake clickstream events...
2024-07-03 00:25:42,046 - INFO - Generated 72 clickstream events.
2024-07-03 00:25:42,046 - INFO - Generating fake transaction data...
2024-07-03 00:25:42,047 - INFO - Generated 81 transaction data records.
2024-07-03 00:25:42,047 - INFO - Generating fake Google Search marketing data...
2024-07-03 00:25:42,061 - INFO - Generated 1000 Google Search marketing data records.
2024-07-03 00:25:42,061 - INFO - Generating fake Email Marketing data...
2024-07-03 00:25:42,171 - INFO - Generated 1000 Email Marketing data records.
2024-07-03 00:25:42,171 - INFO - Generating fake Facebook data...
2024-07-03 00:25:42,187 - INFO - Generated 1000 Facebook data records.
2024-07-03 00:25:42,187 - INFO - Writing generated data to JSON files...
2024-07-03 00:25:42,217 - INFO - Data generation complete. Sleeping for 10 minutes...
[2024-07-03T00:25:42.224+0000] {python.py:183} INFO - Done. Returned value was: None
[2024-07-03T00:25:42.231+0000] {taskinstance.py:1345} INFO - Marking task as SUCCESS. dag_id=ecomm_data_pipeline, task_id=generate_data, execution_date=20240702T101000, start_date=20240703T002541, end_date=20240703T002542
[2024-07-03T00:25:42.266+0000] {local_task_job_runner.py:225} INFO - Task exited with return code 0
[2024-07-03T00:25:42.278+0000] {taskinstance.py:2651} INFO - 6 downstream tasks scheduled from follow-on schedule check
