[2024-07-06T22:08:25.936+0000] {taskinstance.py:1103} INFO - Dependencies all met for dep_context=non-requeueable deps ti=<TaskInstance: initialize_etl_environment.create_events_table scheduled__2024-07-04T00:00:00+00:00 [queued]>
[2024-07-06T22:08:25.943+0000] {taskinstance.py:1103} INFO - Dependencies all met for dep_context=requeueable deps ti=<TaskInstance: initialize_etl_environment.create_events_table scheduled__2024-07-04T00:00:00+00:00 [queued]>
[2024-07-06T22:08:25.943+0000] {taskinstance.py:1308} INFO - Starting attempt 1 of 2
[2024-07-06T22:08:25.952+0000] {taskinstance.py:1327} INFO - Executing <Task(PostgresOperator): create_events_table> on 2024-07-04 00:00:00+00:00
[2024-07-06T22:08:25.955+0000] {standard_task_runner.py:57} INFO - Started process 4350 to run task
[2024-07-06T22:08:25.958+0000] {standard_task_runner.py:84} INFO - Running: ['airflow', 'tasks', 'run', 'initialize_etl_environment', 'create_events_table', 'scheduled__2024-07-04T00:00:00+00:00', '--job-id', '1181', '--raw', '--subdir', 'DAGS_FOLDER/etl_env_init.py', '--cfg-path', '/tmp/tmpl4iu4txo']
[2024-07-06T22:08:25.959+0000] {standard_task_runner.py:85} INFO - Job 1181: Subtask create_events_table
[2024-07-06T22:08:26.007+0000] {task_command.py:410} INFO - Running <TaskInstance: initialize_etl_environment.create_events_table scheduled__2024-07-04T00:00:00+00:00 [running]> on host c058add182a5
[2024-07-06T22:08:26.055+0000] {taskinstance.py:1545} INFO - Exporting env vars: AIRFLOW_CTX_DAG_EMAIL='airflow@example.com' AIRFLOW_CTX_DAG_OWNER='airflow' AIRFLOW_CTX_DAG_ID='initialize_etl_environment' AIRFLOW_CTX_TASK_ID='create_events_table' AIRFLOW_CTX_EXECUTION_DATE='2024-07-04T00:00:00+00:00' AIRFLOW_CTX_TRY_NUMBER='1' AIRFLOW_CTX_DAG_RUN_ID='scheduled__2024-07-04T00:00:00+00:00'
[2024-07-06T22:08:26.055+0000] {sql.py:262} INFO - Executing: 
    CREATE TABLE IF NOT EXISTS raw.clickstream_events (
        event_id INT PRIMARY KEY,
        user_id INT REFERENCES raw.users(user_id),
        timestamp TIMESTAMP NOT NULL,
        page_visited VARCHAR(255),
        action VARCHAR(50),
        product_id INT,
        created_at TIMESTAMP 
    );
        
    
[2024-07-06T22:08:26.059+0000] {base.py:73} INFO - Using connection ID 'company_dw' for task execution.
[2024-07-06T22:08:26.083+0000] {base.py:73} INFO - Using connection ID 'company_dw' for task execution.
[2024-07-06T22:08:26.085+0000] {sql.py:375} INFO - Running statement: 
    CREATE TABLE IF NOT EXISTS raw.clickstream_events (
        event_id INT PRIMARY KEY,
        user_id INT REFERENCES raw.users(user_id),
        timestamp TIMESTAMP NOT NULL,
        page_visited VARCHAR(255),
        action VARCHAR(50),
        product_id INT,
        created_at TIMESTAMP 
    );
        
    , parameters: None
[2024-07-06T22:08:26.091+0000] {taskinstance.py:1345} INFO - Marking task as SUCCESS. dag_id=initialize_etl_environment, task_id=create_events_table, execution_date=20240704T000000, start_date=20240706T220825, end_date=20240706T220826
[2024-07-06T22:08:26.100+0000] {local_task_job_runner.py:225} INFO - Task exited with return code 0
[2024-07-06T22:08:26.110+0000] {taskinstance.py:2651} INFO - 0 downstream tasks scheduled from follow-on schedule check
