[2024-06-27T22:35:11.048+0000] {local_task_job_runner.py:120} INFO - ::group::Pre task execution logs
[2024-06-27T22:35:11.057+0000] {taskinstance.py:2076} INFO - Dependencies all met for dep_context=non-requeueable deps ti=<TaskInstance: ecomm_data_pipeline.generate_and_insert_data scheduled__2023-01-01T10:40:00+00:00 [queued]>
[2024-06-27T22:35:11.059+0000] {taskinstance.py:2076} INFO - Dependencies all met for dep_context=requeueable deps ti=<TaskInstance: ecomm_data_pipeline.generate_and_insert_data scheduled__2023-01-01T10:40:00+00:00 [queued]>
[2024-06-27T22:35:11.060+0000] {taskinstance.py:2306} INFO - Starting attempt 1 of 2
[2024-06-27T22:35:11.064+0000] {taskinstance.py:2330} INFO - Executing <Task(PythonOperator): generate_and_insert_data> on 2023-01-01 10:40:00+00:00
[2024-06-27T22:35:11.065+0000] {standard_task_runner.py:63} INFO - Started process 1200 to run task
[2024-06-27T22:35:11.066+0000] {standard_task_runner.py:90} INFO - Running: ['airflow', 'tasks', 'run', 'ecomm_data_pipeline', 'generate_and_insert_data', 'scheduled__2023-01-01T10:40:00+00:00', '--job-id', '83', '--raw', '--subdir', 'DAGS_FOLDER/ecomm_dag.py', '--cfg-path', '/tmp/tmpka_yonzg']
[2024-06-27T22:35:11.067+0000] {standard_task_runner.py:91} INFO - Job 83: Subtask generate_and_insert_data
[2024-06-27T22:35:11.083+0000] {task_command.py:426} INFO - Running <TaskInstance: ecomm_data_pipeline.generate_and_insert_data scheduled__2023-01-01T10:40:00+00:00 [running]> on host 9174587f6b1d
[2024-06-27T22:35:11.111+0000] {taskinstance.py:2648} INFO - Exporting env vars: AIRFLOW_CTX_DAG_OWNER='airflow' AIRFLOW_CTX_DAG_ID='ecomm_data_pipeline' AIRFLOW_CTX_TASK_ID='generate_and_insert_data' AIRFLOW_CTX_EXECUTION_DATE='2023-01-01T10:40:00+00:00' AIRFLOW_CTX_TRY_NUMBER='1' AIRFLOW_CTX_DAG_RUN_ID='scheduled__2023-01-01T10:40:00+00:00'
[2024-06-27T22:35:11.111+0000] {taskinstance.py:430} INFO - ::endgroup::
[2024-06-27T22:35:11.144+0000] {logging_mixin.py:188} INFO - Error in generate_and_insert_data: Command '['python3', './generator/ecomm_generator.py']' returned non-zero exit status 2.
[2024-06-27T22:35:11.144+0000] {python.py:237} INFO - Done. Returned value was: None
[2024-06-27T22:35:11.144+0000] {taskinstance.py:441} INFO - ::group::Post task execution logs
[2024-06-27T22:35:11.148+0000] {taskinstance.py:1206} INFO - Marking task as SUCCESS. dag_id=ecomm_data_pipeline, task_id=generate_and_insert_data, run_id=scheduled__2023-01-01T10:40:00+00:00, execution_date=20230101T104000, start_date=20240627T223511, end_date=20240627T223511
[2024-06-27T22:35:11.173+0000] {local_task_job_runner.py:240} INFO - Task exited with return code 0
[2024-06-27T22:35:11.180+0000] {taskinstance.py:3503} INFO - 0 downstream tasks scheduled from follow-on schedule check
[2024-06-27T22:35:11.181+0000] {local_task_job_runner.py:222} INFO - ::endgroup::
[2024-06-28T18:16:19.579+0000] {local_task_job_runner.py:120} INFO - ::group::Pre task execution logs
[2024-06-28T18:16:19.590+0000] {taskinstance.py:2076} INFO - Dependencies all met for dep_context=non-requeueable deps ti=<TaskInstance: ecomm_data_pipeline.generate_and_insert_data scheduled__2023-01-01T10:40:00+00:00 [queued]>
[2024-06-28T18:16:19.593+0000] {taskinstance.py:2076} INFO - Dependencies all met for dep_context=requeueable deps ti=<TaskInstance: ecomm_data_pipeline.generate_and_insert_data scheduled__2023-01-01T10:40:00+00:00 [queued]>
[2024-06-28T18:16:19.593+0000] {taskinstance.py:2306} INFO - Starting attempt 1 of 2
[2024-06-28T18:16:19.598+0000] {taskinstance.py:2330} INFO - Executing <Task(PythonOperator): generate_and_insert_data> on 2023-01-01 10:40:00+00:00
[2024-06-28T18:16:19.599+0000] {standard_task_runner.py:63} INFO - Started process 1831 to run task
[2024-06-28T18:16:19.601+0000] {standard_task_runner.py:90} INFO - Running: ['airflow', 'tasks', 'run', 'ecomm_data_pipeline', 'generate_and_insert_data', 'scheduled__2023-01-01T10:40:00+00:00', '--job-id', '130', '--raw', '--subdir', 'DAGS_FOLDER/ecomm_dag.py', '--cfg-path', '/tmp/tmp4ncp1wct']
[2024-06-28T18:16:19.601+0000] {standard_task_runner.py:91} INFO - Job 130: Subtask generate_and_insert_data
[2024-06-28T18:16:19.619+0000] {task_command.py:426} INFO - Running <TaskInstance: ecomm_data_pipeline.generate_and_insert_data scheduled__2023-01-01T10:40:00+00:00 [running]> on host 08cefd381a1f
[2024-06-28T18:16:19.650+0000] {taskinstance.py:2648} INFO - Exporting env vars: AIRFLOW_CTX_DAG_OWNER='airflow' AIRFLOW_CTX_DAG_ID='ecomm_data_pipeline' AIRFLOW_CTX_TASK_ID='generate_and_insert_data' AIRFLOW_CTX_EXECUTION_DATE='2023-01-01T10:40:00+00:00' AIRFLOW_CTX_TRY_NUMBER='1' AIRFLOW_CTX_DAG_RUN_ID='scheduled__2023-01-01T10:40:00+00:00'
[2024-06-28T18:16:19.650+0000] {taskinstance.py:430} INFO - ::endgroup::
[2024-06-28T18:16:19.708+0000] {logging_mixin.py:188} INFO - Error in generate_and_insert_data: Command '['python3', '/opt/airflow/generator/ecomm_generator.py']' returned non-zero exit status 1.
[2024-06-28T18:16:19.709+0000] {logging_mixin.py:188} INFO - stdout: 
[2024-06-28T18:16:19.709+0000] {logging_mixin.py:188} INFO - stderr: Traceback (most recent call last):
  File "/opt/airflow/generator/ecomm_generator.py", line 4, in <module>
    from faker import Faker
ModuleNotFoundError: No module named 'faker'
[2024-06-28T18:16:19.709+0000] {python.py:237} INFO - Done. Returned value was: None
[2024-06-28T18:16:19.709+0000] {taskinstance.py:441} INFO - ::group::Post task execution logs
[2024-06-28T18:16:19.714+0000] {taskinstance.py:1206} INFO - Marking task as SUCCESS. dag_id=ecomm_data_pipeline, task_id=generate_and_insert_data, run_id=scheduled__2023-01-01T10:40:00+00:00, execution_date=20230101T104000, start_date=20240628T181619, end_date=20240628T181619
[2024-06-28T18:16:19.745+0000] {local_task_job_runner.py:240} INFO - Task exited with return code 0
[2024-06-28T18:16:19.752+0000] {taskinstance.py:3503} INFO - 0 downstream tasks scheduled from follow-on schedule check
[2024-06-28T18:16:19.753+0000] {local_task_job_runner.py:222} INFO - ::endgroup::
[2024-06-29T21:38:36.475+0000] {local_task_job_runner.py:120} INFO - ::group::Pre task execution logs
[2024-06-29T21:38:36.486+0000] {taskinstance.py:2076} INFO - Dependencies all met for dep_context=non-requeueable deps ti=<TaskInstance: ecomm_data_pipeline.generate_and_insert_data scheduled__2023-01-01T10:40:00+00:00 [queued]>
[2024-06-29T21:38:36.489+0000] {taskinstance.py:2076} INFO - Dependencies all met for dep_context=requeueable deps ti=<TaskInstance: ecomm_data_pipeline.generate_and_insert_data scheduled__2023-01-01T10:40:00+00:00 [queued]>
[2024-06-29T21:38:36.489+0000] {taskinstance.py:2306} INFO - Starting attempt 1 of 2
[2024-06-29T21:38:36.493+0000] {taskinstance.py:2330} INFO - Executing <Task(PythonOperator): generate_and_insert_data> on 2023-01-01 10:40:00+00:00
[2024-06-29T21:38:36.495+0000] {standard_task_runner.py:63} INFO - Started process 973 to run task
[2024-06-29T21:38:36.496+0000] {standard_task_runner.py:90} INFO - Running: ['airflow', 'tasks', 'run', 'ecomm_data_pipeline', 'generate_and_insert_data', 'scheduled__2023-01-01T10:40:00+00:00', '--job-id', '66', '--raw', '--subdir', 'DAGS_FOLDER/ecomm_dag.py', '--cfg-path', '/tmp/tmpv3yag3ch']
[2024-06-29T21:38:36.497+0000] {standard_task_runner.py:91} INFO - Job 66: Subtask generate_and_insert_data
[2024-06-29T21:38:36.514+0000] {task_command.py:426} INFO - Running <TaskInstance: ecomm_data_pipeline.generate_and_insert_data scheduled__2023-01-01T10:40:00+00:00 [running]> on host afcb6fbf9265
[2024-06-29T21:38:36.542+0000] {taskinstance.py:2648} INFO - Exporting env vars: AIRFLOW_CTX_DAG_OWNER='airflow' AIRFLOW_CTX_DAG_ID='ecomm_data_pipeline' AIRFLOW_CTX_TASK_ID='generate_and_insert_data' AIRFLOW_CTX_EXECUTION_DATE='2023-01-01T10:40:00+00:00' AIRFLOW_CTX_TRY_NUMBER='1' AIRFLOW_CTX_DAG_RUN_ID='scheduled__2023-01-01T10:40:00+00:00'
[2024-06-29T21:38:36.542+0000] {taskinstance.py:430} INFO - ::endgroup::
[2024-06-29T21:38:36.599+0000] {logging_mixin.py:188} INFO - Error in generate_and_insert_data: Command '['python3', '/opt/airflow/generator/ecomm_generator.py']' returned non-zero exit status 1.
[2024-06-29T21:38:36.600+0000] {logging_mixin.py:188} INFO - stdout: 
[2024-06-29T21:38:36.600+0000] {logging_mixin.py:188} INFO - stderr: Traceback (most recent call last):
  File "/opt/airflow/generator/ecomm_generator.py", line 4, in <module>
    from faker import Faker
ModuleNotFoundError: No module named 'faker'
[2024-06-29T21:38:36.600+0000] {python.py:237} INFO - Done. Returned value was: None
[2024-06-29T21:38:36.600+0000] {taskinstance.py:441} INFO - ::group::Post task execution logs
[2024-06-29T21:38:36.605+0000] {taskinstance.py:1206} INFO - Marking task as SUCCESS. dag_id=ecomm_data_pipeline, task_id=generate_and_insert_data, run_id=scheduled__2023-01-01T10:40:00+00:00, execution_date=20230101T104000, start_date=20240629T213836, end_date=20240629T213836
[2024-06-29T21:38:36.643+0000] {local_task_job_runner.py:240} INFO - Task exited with return code 0
[2024-06-29T21:38:36.650+0000] {taskinstance.py:3503} INFO - 0 downstream tasks scheduled from follow-on schedule check
[2024-06-29T21:38:36.651+0000] {local_task_job_runner.py:222} INFO - ::endgroup::
[2024-06-29T22:02:25.529+0000] {local_task_job_runner.py:120} INFO - ::group::Pre task execution logs
[2024-06-29T22:02:25.538+0000] {taskinstance.py:2076} INFO - Dependencies all met for dep_context=non-requeueable deps ti=<TaskInstance: ecomm_data_pipeline.generate_and_insert_data scheduled__2023-01-01T10:40:00+00:00 [queued]>
[2024-06-29T22:02:25.541+0000] {taskinstance.py:2076} INFO - Dependencies all met for dep_context=requeueable deps ti=<TaskInstance: ecomm_data_pipeline.generate_and_insert_data scheduled__2023-01-01T10:40:00+00:00 [queued]>
[2024-06-29T22:02:25.541+0000] {taskinstance.py:2306} INFO - Starting attempt 1 of 2
[2024-06-29T22:02:25.545+0000] {taskinstance.py:2330} INFO - Executing <Task(PythonOperator): generate_and_insert_data> on 2023-01-01 10:40:00+00:00
[2024-06-29T22:02:25.547+0000] {standard_task_runner.py:63} INFO - Started process 973 to run task
[2024-06-29T22:02:25.548+0000] {standard_task_runner.py:90} INFO - Running: ['airflow', 'tasks', 'run', 'ecomm_data_pipeline', 'generate_and_insert_data', 'scheduled__2023-01-01T10:40:00+00:00', '--job-id', '66', '--raw', '--subdir', 'DAGS_FOLDER/ecomm_dag.py', '--cfg-path', '/tmp/tmpr4s942og']
[2024-06-29T22:02:25.549+0000] {standard_task_runner.py:91} INFO - Job 66: Subtask generate_and_insert_data
[2024-06-29T22:02:25.565+0000] {task_command.py:426} INFO - Running <TaskInstance: ecomm_data_pipeline.generate_and_insert_data scheduled__2023-01-01T10:40:00+00:00 [running]> on host 799998b0d26e
[2024-06-29T22:02:25.593+0000] {taskinstance.py:2648} INFO - Exporting env vars: AIRFLOW_CTX_DAG_OWNER='airflow' AIRFLOW_CTX_DAG_ID='ecomm_data_pipeline' AIRFLOW_CTX_TASK_ID='generate_and_insert_data' AIRFLOW_CTX_EXECUTION_DATE='2023-01-01T10:40:00+00:00' AIRFLOW_CTX_TRY_NUMBER='1' AIRFLOW_CTX_DAG_RUN_ID='scheduled__2023-01-01T10:40:00+00:00'
[2024-06-29T22:02:25.594+0000] {taskinstance.py:430} INFO - ::endgroup::
[2024-06-29T22:02:25.649+0000] {logging_mixin.py:188} INFO - Error in generate_and_insert_data: Command '['python3', '/opt/airflow/generator/ecomm_generator.py']' returned non-zero exit status 1.
[2024-06-29T22:02:25.650+0000] {logging_mixin.py:188} INFO - stdout: 
[2024-06-29T22:02:25.650+0000] {logging_mixin.py:188} INFO - stderr: Traceback (most recent call last):
  File "/opt/airflow/generator/ecomm_generator.py", line 4, in <module>
    from faker import Faker
ModuleNotFoundError: No module named 'faker'
[2024-06-29T22:02:25.650+0000] {python.py:237} INFO - Done. Returned value was: None
[2024-06-29T22:02:25.650+0000] {taskinstance.py:441} INFO - ::group::Post task execution logs
[2024-06-29T22:02:25.655+0000] {taskinstance.py:1206} INFO - Marking task as SUCCESS. dag_id=ecomm_data_pipeline, task_id=generate_and_insert_data, run_id=scheduled__2023-01-01T10:40:00+00:00, execution_date=20230101T104000, start_date=20240629T220225, end_date=20240629T220225
[2024-06-29T22:02:25.693+0000] {local_task_job_runner.py:240} INFO - Task exited with return code 0
[2024-06-29T22:02:25.700+0000] {taskinstance.py:3503} INFO - 0 downstream tasks scheduled from follow-on schedule check
[2024-06-29T22:02:25.701+0000] {local_task_job_runner.py:222} INFO - ::endgroup::
