[2024-07-03T01:12:06.183+0000] {taskinstance.py:1103} INFO - Dependencies all met for dep_context=non-requeueable deps ti=<TaskInstance: ecomm_data_pipeline.insert_users scheduled__2024-07-02T23:40:00+00:00 [queued]>
[2024-07-03T01:12:06.187+0000] {taskinstance.py:1103} INFO - Dependencies all met for dep_context=requeueable deps ti=<TaskInstance: ecomm_data_pipeline.insert_users scheduled__2024-07-02T23:40:00+00:00 [queued]>
[2024-07-03T01:12:06.187+0000] {taskinstance.py:1308} INFO - Starting attempt 1 of 2
[2024-07-03T01:12:06.191+0000] {taskinstance.py:1327} INFO - Executing <Task(PythonOperator): insert_users> on 2024-07-02 23:40:00+00:00
[2024-07-03T01:12:06.192+0000] {standard_task_runner.py:57} INFO - Started process 356 to run task
[2024-07-03T01:12:06.194+0000] {standard_task_runner.py:84} INFO - Running: ['airflow', 'tasks', 'run', 'ecomm_data_pipeline', 'insert_users', 'scheduled__2024-07-02T23:40:00+00:00', '--job-id', '345', '--raw', '--subdir', 'DAGS_FOLDER/ecomm_dag.py', '--cfg-path', '/tmp/tmpohk_vnmz']
[2024-07-03T01:12:06.195+0000] {standard_task_runner.py:85} INFO - Job 345: Subtask insert_users
[2024-07-03T01:12:06.215+0000] {task_command.py:410} INFO - Running <TaskInstance: ecomm_data_pipeline.insert_users scheduled__2024-07-02T23:40:00+00:00 [running]> on host 6b9834f2e9cc
[2024-07-03T01:12:06.250+0000] {taskinstance.py:1545} INFO - Exporting env vars: AIRFLOW_CTX_DAG_OWNER='airflow' AIRFLOW_CTX_DAG_ID='ecomm_data_pipeline' AIRFLOW_CTX_TASK_ID='insert_users' AIRFLOW_CTX_EXECUTION_DATE='2024-07-02T23:40:00+00:00' AIRFLOW_CTX_TRY_NUMBER='1' AIRFLOW_CTX_DAG_RUN_ID='scheduled__2024-07-02T23:40:00+00:00'
[2024-07-03T01:12:06.250+0000] {logging_mixin.py:149} INFO - Inserting data into users from /opt/airflow/generator/fake_users.json...
[2024-07-03T01:12:06.261+0000] {logging_mixin.py:149} INFO - Successfully inserted data into users.
[2024-07-03T01:12:06.261+0000] {python.py:183} INFO - Done. Returned value was: None
[2024-07-03T01:12:06.265+0000] {taskinstance.py:1345} INFO - Marking task as SUCCESS. dag_id=ecomm_data_pipeline, task_id=insert_users, execution_date=20240702T234000, start_date=20240703T011206, end_date=20240703T011206
[2024-07-03T01:12:06.296+0000] {local_task_job_runner.py:225} INFO - Task exited with return code 0
[2024-07-03T01:12:06.304+0000] {taskinstance.py:2651} INFO - 0 downstream tasks scheduled from follow-on schedule check
[2024-07-03T01:24:05.184+0000] {taskinstance.py:1103} INFO - Dependencies all met for dep_context=non-requeueable deps ti=<TaskInstance: ecomm_data_pipeline.insert_users scheduled__2024-07-02T23:40:00+00:00 [queued]>
[2024-07-03T01:24:05.187+0000] {taskinstance.py:1103} INFO - Dependencies all met for dep_context=requeueable deps ti=<TaskInstance: ecomm_data_pipeline.insert_users scheduled__2024-07-02T23:40:00+00:00 [queued]>
[2024-07-03T01:24:05.187+0000] {taskinstance.py:1308} INFO - Starting attempt 1 of 2
[2024-07-03T01:24:05.191+0000] {taskinstance.py:1327} INFO - Executing <Task(PythonOperator): insert_users> on 2024-07-02 23:40:00+00:00
[2024-07-03T01:24:05.192+0000] {standard_task_runner.py:57} INFO - Started process 37 to run task
[2024-07-03T01:24:05.193+0000] {standard_task_runner.py:84} INFO - Running: ['airflow', 'tasks', 'run', 'ecomm_data_pipeline', 'insert_users', 'scheduled__2024-07-02T23:40:00+00:00', '--job-id', '348', '--raw', '--subdir', 'DAGS_FOLDER/ecomm_dag.py', '--cfg-path', '/tmp/tmpxd_z2cue']
[2024-07-03T01:24:05.194+0000] {standard_task_runner.py:85} INFO - Job 348: Subtask insert_users
[2024-07-03T01:24:05.213+0000] {task_command.py:410} INFO - Running <TaskInstance: ecomm_data_pipeline.insert_users scheduled__2024-07-02T23:40:00+00:00 [running]> on host 3fde80cda0b9
[2024-07-03T01:24:05.247+0000] {taskinstance.py:1545} INFO - Exporting env vars: AIRFLOW_CTX_DAG_OWNER='airflow' AIRFLOW_CTX_DAG_ID='ecomm_data_pipeline' AIRFLOW_CTX_TASK_ID='insert_users' AIRFLOW_CTX_EXECUTION_DATE='2024-07-02T23:40:00+00:00' AIRFLOW_CTX_TRY_NUMBER='1' AIRFLOW_CTX_DAG_RUN_ID='scheduled__2024-07-02T23:40:00+00:00'
[2024-07-03T01:24:05.247+0000] {logging_mixin.py:149} INFO - Inserting data into users from /opt/airflow/generator/fake_users.json...
[2024-07-03T01:24:05.283+0000] {logging_mixin.py:149} INFO - Successfully inserted data into users.
[2024-07-03T01:24:05.283+0000] {python.py:183} INFO - Done. Returned value was: None
[2024-07-03T01:24:05.288+0000] {taskinstance.py:1345} INFO - Marking task as SUCCESS. dag_id=ecomm_data_pipeline, task_id=insert_users, execution_date=20240702T234000, start_date=20240703T012405, end_date=20240703T012405
[2024-07-03T01:24:05.338+0000] {local_task_job_runner.py:225} INFO - Task exited with return code 0
[2024-07-03T01:24:05.346+0000] {taskinstance.py:2651} INFO - 0 downstream tasks scheduled from follow-on schedule check
