[2024-06-27T22:33:26.248+0000] {local_task_job_runner.py:120} INFO - ::group::Pre task execution logs
[2024-06-27T22:33:26.259+0000] {taskinstance.py:2076} INFO - Dependencies all met for dep_context=non-requeueable deps ti=<TaskInstance: ecomm_data_pipeline.generate_and_insert_data scheduled__2023-01-01T02:00:00+00:00 [queued]>
[2024-06-27T22:33:26.261+0000] {taskinstance.py:2076} INFO - Dependencies all met for dep_context=requeueable deps ti=<TaskInstance: ecomm_data_pipeline.generate_and_insert_data scheduled__2023-01-01T02:00:00+00:00 [queued]>
[2024-06-27T22:33:26.262+0000] {taskinstance.py:2306} INFO - Starting attempt 1 of 2
[2024-06-27T22:33:26.267+0000] {taskinstance.py:2330} INFO - Executing <Task(PythonOperator): generate_and_insert_data> on 2023-01-01 02:00:00+00:00
[2024-06-27T22:33:26.269+0000] {standard_task_runner.py:63} INFO - Started process 377 to run task
[2024-06-27T22:33:26.270+0000] {standard_task_runner.py:90} INFO - Running: ['airflow', 'tasks', 'run', 'ecomm_data_pipeline', 'generate_and_insert_data', 'scheduled__2023-01-01T02:00:00+00:00', '--job-id', '26', '--raw', '--subdir', 'DAGS_FOLDER/ecomm_dag.py', '--cfg-path', '/tmp/tmpzwf8m4i6']
[2024-06-27T22:33:26.271+0000] {standard_task_runner.py:91} INFO - Job 26: Subtask generate_and_insert_data
[2024-06-27T22:33:26.294+0000] {task_command.py:426} INFO - Running <TaskInstance: ecomm_data_pipeline.generate_and_insert_data scheduled__2023-01-01T02:00:00+00:00 [running]> on host 9174587f6b1d
[2024-06-27T22:33:26.333+0000] {taskinstance.py:2648} INFO - Exporting env vars: AIRFLOW_CTX_DAG_OWNER='airflow' AIRFLOW_CTX_DAG_ID='ecomm_data_pipeline' AIRFLOW_CTX_TASK_ID='generate_and_insert_data' AIRFLOW_CTX_EXECUTION_DATE='2023-01-01T02:00:00+00:00' AIRFLOW_CTX_TRY_NUMBER='1' AIRFLOW_CTX_DAG_RUN_ID='scheduled__2023-01-01T02:00:00+00:00'
[2024-06-27T22:33:26.333+0000] {taskinstance.py:430} INFO - ::endgroup::
[2024-06-27T22:33:26.369+0000] {logging_mixin.py:188} INFO - Error in generate_and_insert_data: Command '['python3', './generator/ecomm_generator.py']' returned non-zero exit status 2.
[2024-06-27T22:33:26.369+0000] {python.py:237} INFO - Done. Returned value was: None
[2024-06-27T22:33:26.370+0000] {taskinstance.py:441} INFO - ::group::Post task execution logs
[2024-06-27T22:33:26.375+0000] {taskinstance.py:1206} INFO - Marking task as SUCCESS. dag_id=ecomm_data_pipeline, task_id=generate_and_insert_data, run_id=scheduled__2023-01-01T02:00:00+00:00, execution_date=20230101T020000, start_date=20240627T223326, end_date=20240627T223326
[2024-06-27T22:33:26.409+0000] {local_task_job_runner.py:240} INFO - Task exited with return code 0
[2024-06-27T22:33:26.417+0000] {taskinstance.py:3503} INFO - 0 downstream tasks scheduled from follow-on schedule check
[2024-06-27T22:33:26.431+0000] {local_task_job_runner.py:222} INFO - ::endgroup::
[2024-06-27T22:52:15.571+0000] {local_task_job_runner.py:120} INFO - ::group::Pre task execution logs
[2024-06-27T22:52:15.583+0000] {taskinstance.py:2076} INFO - Dependencies all met for dep_context=non-requeueable deps ti=<TaskInstance: ecomm_data_pipeline.generate_and_insert_data scheduled__2023-01-01T02:00:00+00:00 [queued]>
[2024-06-27T22:52:15.585+0000] {taskinstance.py:2076} INFO - Dependencies all met for dep_context=requeueable deps ti=<TaskInstance: ecomm_data_pipeline.generate_and_insert_data scheduled__2023-01-01T02:00:00+00:00 [queued]>
[2024-06-27T22:52:15.586+0000] {taskinstance.py:2306} INFO - Starting attempt 1 of 2
[2024-06-27T22:52:15.590+0000] {taskinstance.py:2330} INFO - Executing <Task(PythonOperator): generate_and_insert_data> on 2023-01-01 02:00:00+00:00
[2024-06-27T22:52:15.592+0000] {standard_task_runner.py:63} INFO - Started process 377 to run task
[2024-06-27T22:52:15.593+0000] {standard_task_runner.py:90} INFO - Running: ['airflow', 'tasks', 'run', 'ecomm_data_pipeline', 'generate_and_insert_data', 'scheduled__2023-01-01T02:00:00+00:00', '--job-id', '26', '--raw', '--subdir', 'DAGS_FOLDER/ecomm_dag.py', '--cfg-path', '/tmp/tmpi46mxdwn']
[2024-06-27T22:52:15.594+0000] {standard_task_runner.py:91} INFO - Job 26: Subtask generate_and_insert_data
[2024-06-27T22:52:15.614+0000] {task_command.py:426} INFO - Running <TaskInstance: ecomm_data_pipeline.generate_and_insert_data scheduled__2023-01-01T02:00:00+00:00 [running]> on host a70edf9d8581
[2024-06-27T22:52:15.644+0000] {taskinstance.py:2648} INFO - Exporting env vars: AIRFLOW_CTX_DAG_OWNER='airflow' AIRFLOW_CTX_DAG_ID='ecomm_data_pipeline' AIRFLOW_CTX_TASK_ID='generate_and_insert_data' AIRFLOW_CTX_EXECUTION_DATE='2023-01-01T02:00:00+00:00' AIRFLOW_CTX_TRY_NUMBER='1' AIRFLOW_CTX_DAG_RUN_ID='scheduled__2023-01-01T02:00:00+00:00'
[2024-06-27T22:52:15.644+0000] {taskinstance.py:430} INFO - ::endgroup::
[2024-06-27T22:52:15.680+0000] {logging_mixin.py:188} INFO - Error in generate_and_insert_data: Command '['python3', './generator/ecomm_generator.py']' returned non-zero exit status 2.
[2024-06-27T22:52:15.680+0000] {logging_mixin.py:188} INFO - stdout: 
[2024-06-27T22:52:15.680+0000] {logging_mixin.py:188} INFO - stderr: python3: can't open file '/opt/airflow/./generator/ecomm_generator.py': [Errno 2] No such file or directory
[2024-06-27T22:52:15.680+0000] {python.py:237} INFO - Done. Returned value was: None
[2024-06-27T22:52:15.680+0000] {taskinstance.py:441} INFO - ::group::Post task execution logs
[2024-06-27T22:52:15.686+0000] {taskinstance.py:1206} INFO - Marking task as SUCCESS. dag_id=ecomm_data_pipeline, task_id=generate_and_insert_data, run_id=scheduled__2023-01-01T02:00:00+00:00, execution_date=20230101T020000, start_date=20240627T225215, end_date=20240627T225215
[2024-06-27T22:52:15.691+0000] {local_task_job_runner.py:240} INFO - Task exited with return code 0
[2024-06-27T22:52:15.698+0000] {taskinstance.py:3503} INFO - 0 downstream tasks scheduled from follow-on schedule check
[2024-06-27T22:52:15.698+0000] {local_task_job_runner.py:222} INFO - ::endgroup::
[2024-06-27T23:00:00.130+0000] {local_task_job_runner.py:120} INFO - ::group::Pre task execution logs
[2024-06-27T23:00:00.142+0000] {taskinstance.py:2076} INFO - Dependencies all met for dep_context=non-requeueable deps ti=<TaskInstance: ecomm_data_pipeline.generate_and_insert_data scheduled__2023-01-01T02:00:00+00:00 [queued]>
[2024-06-27T23:00:00.144+0000] {taskinstance.py:2076} INFO - Dependencies all met for dep_context=requeueable deps ti=<TaskInstance: ecomm_data_pipeline.generate_and_insert_data scheduled__2023-01-01T02:00:00+00:00 [queued]>
[2024-06-27T23:00:00.145+0000] {taskinstance.py:2306} INFO - Starting attempt 1 of 2
[2024-06-27T23:00:00.150+0000] {taskinstance.py:2330} INFO - Executing <Task(PythonOperator): generate_and_insert_data> on 2023-01-01 02:00:00+00:00
[2024-06-27T23:00:00.152+0000] {standard_task_runner.py:63} INFO - Started process 377 to run task
[2024-06-27T23:00:00.153+0000] {standard_task_runner.py:90} INFO - Running: ['airflow', 'tasks', 'run', 'ecomm_data_pipeline', 'generate_and_insert_data', 'scheduled__2023-01-01T02:00:00+00:00', '--job-id', '26', '--raw', '--subdir', 'DAGS_FOLDER/ecomm_dag.py', '--cfg-path', '/tmp/tmp8hfgo3bm']
[2024-06-27T23:00:00.154+0000] {standard_task_runner.py:91} INFO - Job 26: Subtask generate_and_insert_data
[2024-06-27T23:00:00.176+0000] {task_command.py:426} INFO - Running <TaskInstance: ecomm_data_pipeline.generate_and_insert_data scheduled__2023-01-01T02:00:00+00:00 [running]> on host 5cc71d4b298c
[2024-06-27T23:00:00.210+0000] {taskinstance.py:2648} INFO - Exporting env vars: AIRFLOW_CTX_DAG_OWNER='airflow' AIRFLOW_CTX_DAG_ID='ecomm_data_pipeline' AIRFLOW_CTX_TASK_ID='generate_and_insert_data' AIRFLOW_CTX_EXECUTION_DATE='2023-01-01T02:00:00+00:00' AIRFLOW_CTX_TRY_NUMBER='1' AIRFLOW_CTX_DAG_RUN_ID='scheduled__2023-01-01T02:00:00+00:00'
[2024-06-27T23:00:00.211+0000] {taskinstance.py:430} INFO - ::endgroup::
[2024-06-27T23:00:00.272+0000] {logging_mixin.py:188} INFO - Error in generate_and_insert_data: Command '['python3', '/opt/airflow/generator/ecomm_generator.py']' returned non-zero exit status 1.
[2024-06-27T23:00:00.273+0000] {logging_mixin.py:188} INFO - stdout: 
[2024-06-27T23:00:00.273+0000] {logging_mixin.py:188} INFO - stderr: Traceback (most recent call last):
  File "/opt/airflow/generator/ecomm_generator.py", line 4, in <module>
    from faker import Faker
ModuleNotFoundError: No module named 'faker'
[2024-06-27T23:00:00.273+0000] {python.py:237} INFO - Done. Returned value was: None
[2024-06-27T23:00:00.273+0000] {taskinstance.py:441} INFO - ::group::Post task execution logs
[2024-06-27T23:00:00.278+0000] {taskinstance.py:1206} INFO - Marking task as SUCCESS. dag_id=ecomm_data_pipeline, task_id=generate_and_insert_data, run_id=scheduled__2023-01-01T02:00:00+00:00, execution_date=20230101T020000, start_date=20240627T230000, end_date=20240627T230000
[2024-06-27T23:00:00.294+0000] {local_task_job_runner.py:240} INFO - Task exited with return code 0
[2024-06-27T23:00:00.301+0000] {taskinstance.py:3503} INFO - 0 downstream tasks scheduled from follow-on schedule check
[2024-06-27T23:00:00.302+0000] {local_task_job_runner.py:222} INFO - ::endgroup::
[2024-06-27T23:09:39.155+0000] {local_task_job_runner.py:120} INFO - ::group::Pre task execution logs
[2024-06-27T23:09:39.169+0000] {taskinstance.py:2076} INFO - Dependencies all met for dep_context=non-requeueable deps ti=<TaskInstance: ecomm_data_pipeline.generate_and_insert_data scheduled__2023-01-01T02:00:00+00:00 [queued]>
[2024-06-27T23:09:39.172+0000] {taskinstance.py:2076} INFO - Dependencies all met for dep_context=requeueable deps ti=<TaskInstance: ecomm_data_pipeline.generate_and_insert_data scheduled__2023-01-01T02:00:00+00:00 [queued]>
[2024-06-27T23:09:39.173+0000] {taskinstance.py:2306} INFO - Starting attempt 1 of 2
[2024-06-27T23:09:39.179+0000] {taskinstance.py:2330} INFO - Executing <Task(PythonOperator): generate_and_insert_data> on 2023-01-01 02:00:00+00:00
[2024-06-27T23:09:39.181+0000] {standard_task_runner.py:63} INFO - Started process 377 to run task
[2024-06-27T23:09:39.183+0000] {standard_task_runner.py:90} INFO - Running: ['airflow', 'tasks', 'run', 'ecomm_data_pipeline', 'generate_and_insert_data', 'scheduled__2023-01-01T02:00:00+00:00', '--job-id', '26', '--raw', '--subdir', 'DAGS_FOLDER/ecomm_dag.py', '--cfg-path', '/tmp/tmp5o89igfu']
[2024-06-27T23:09:39.184+0000] {standard_task_runner.py:91} INFO - Job 26: Subtask generate_and_insert_data
[2024-06-27T23:09:39.206+0000] {task_command.py:426} INFO - Running <TaskInstance: ecomm_data_pipeline.generate_and_insert_data scheduled__2023-01-01T02:00:00+00:00 [running]> on host 7147f8a4dc9f
[2024-06-27T23:09:39.238+0000] {taskinstance.py:2648} INFO - Exporting env vars: AIRFLOW_CTX_DAG_OWNER='airflow' AIRFLOW_CTX_DAG_ID='ecomm_data_pipeline' AIRFLOW_CTX_TASK_ID='generate_and_insert_data' AIRFLOW_CTX_EXECUTION_DATE='2023-01-01T02:00:00+00:00' AIRFLOW_CTX_TRY_NUMBER='1' AIRFLOW_CTX_DAG_RUN_ID='scheduled__2023-01-01T02:00:00+00:00'
[2024-06-27T23:09:39.238+0000] {taskinstance.py:430} INFO - ::endgroup::
[2024-06-27T23:09:39.299+0000] {logging_mixin.py:188} INFO - Error in generate_and_insert_data: Command '['python3', '/opt/airflow/generator/ecomm_generator.py']' returned non-zero exit status 1.
[2024-06-27T23:09:39.300+0000] {logging_mixin.py:188} INFO - stdout: 
[2024-06-27T23:09:39.300+0000] {logging_mixin.py:188} INFO - stderr: Traceback (most recent call last):
  File "/opt/airflow/generator/ecomm_generator.py", line 4, in <module>
    from faker import Faker
ModuleNotFoundError: No module named 'faker'
[2024-06-27T23:09:39.300+0000] {python.py:237} INFO - Done. Returned value was: None
[2024-06-27T23:09:39.300+0000] {taskinstance.py:441} INFO - ::group::Post task execution logs
[2024-06-27T23:09:39.305+0000] {taskinstance.py:1206} INFO - Marking task as SUCCESS. dag_id=ecomm_data_pipeline, task_id=generate_and_insert_data, run_id=scheduled__2023-01-01T02:00:00+00:00, execution_date=20230101T020000, start_date=20240627T230939, end_date=20240627T230939
[2024-06-27T23:09:39.333+0000] {local_task_job_runner.py:240} INFO - Task exited with return code 0
[2024-06-27T23:09:39.340+0000] {taskinstance.py:3503} INFO - 0 downstream tasks scheduled from follow-on schedule check
[2024-06-27T23:09:39.341+0000] {local_task_job_runner.py:222} INFO - ::endgroup::
[2024-06-27T23:13:17.538+0000] {local_task_job_runner.py:120} INFO - ::group::Pre task execution logs
[2024-06-27T23:13:17.551+0000] {taskinstance.py:2076} INFO - Dependencies all met for dep_context=non-requeueable deps ti=<TaskInstance: ecomm_data_pipeline.generate_and_insert_data scheduled__2023-01-01T02:00:00+00:00 [queued]>
[2024-06-27T23:13:17.554+0000] {taskinstance.py:2076} INFO - Dependencies all met for dep_context=requeueable deps ti=<TaskInstance: ecomm_data_pipeline.generate_and_insert_data scheduled__2023-01-01T02:00:00+00:00 [queued]>
[2024-06-27T23:13:17.554+0000] {taskinstance.py:2306} INFO - Starting attempt 1 of 2
[2024-06-27T23:13:17.560+0000] {taskinstance.py:2330} INFO - Executing <Task(PythonOperator): generate_and_insert_data> on 2023-01-01 02:00:00+00:00
[2024-06-27T23:13:17.561+0000] {standard_task_runner.py:63} INFO - Started process 377 to run task
[2024-06-27T23:13:17.563+0000] {standard_task_runner.py:90} INFO - Running: ['airflow', 'tasks', 'run', 'ecomm_data_pipeline', 'generate_and_insert_data', 'scheduled__2023-01-01T02:00:00+00:00', '--job-id', '26', '--raw', '--subdir', 'DAGS_FOLDER/ecomm_dag.py', '--cfg-path', '/tmp/tmpvh351ern']
[2024-06-27T23:13:17.564+0000] {standard_task_runner.py:91} INFO - Job 26: Subtask generate_and_insert_data
[2024-06-27T23:13:17.588+0000] {task_command.py:426} INFO - Running <TaskInstance: ecomm_data_pipeline.generate_and_insert_data scheduled__2023-01-01T02:00:00+00:00 [running]> on host 4bd55eb76a74
[2024-06-27T23:13:17.648+0000] {taskinstance.py:2648} INFO - Exporting env vars: AIRFLOW_CTX_DAG_OWNER='airflow' AIRFLOW_CTX_DAG_ID='ecomm_data_pipeline' AIRFLOW_CTX_TASK_ID='generate_and_insert_data' AIRFLOW_CTX_EXECUTION_DATE='2023-01-01T02:00:00+00:00' AIRFLOW_CTX_TRY_NUMBER='1' AIRFLOW_CTX_DAG_RUN_ID='scheduled__2023-01-01T02:00:00+00:00'
[2024-06-27T23:13:17.649+0000] {taskinstance.py:430} INFO - ::endgroup::
[2024-06-27T23:13:17.713+0000] {logging_mixin.py:188} INFO - Error in generate_and_insert_data: Command '['python3', '/opt/airflow/generator/ecomm_generator.py']' returned non-zero exit status 1.
[2024-06-27T23:13:17.713+0000] {logging_mixin.py:188} INFO - stdout: 
[2024-06-27T23:13:17.714+0000] {logging_mixin.py:188} INFO - stderr: Traceback (most recent call last):
  File "/opt/airflow/generator/ecomm_generator.py", line 4, in <module>
    from faker import Faker
ModuleNotFoundError: No module named 'faker'
[2024-06-27T23:13:17.714+0000] {python.py:237} INFO - Done. Returned value was: None
[2024-06-27T23:13:17.714+0000] {taskinstance.py:441} INFO - ::group::Post task execution logs
[2024-06-27T23:13:17.719+0000] {taskinstance.py:1206} INFO - Marking task as SUCCESS. dag_id=ecomm_data_pipeline, task_id=generate_and_insert_data, run_id=scheduled__2023-01-01T02:00:00+00:00, execution_date=20230101T020000, start_date=20240627T231317, end_date=20240627T231317
[2024-06-27T23:13:17.746+0000] {local_task_job_runner.py:240} INFO - Task exited with return code 0
[2024-06-27T23:13:17.753+0000] {taskinstance.py:3503} INFO - 0 downstream tasks scheduled from follow-on schedule check
[2024-06-27T23:13:17.754+0000] {local_task_job_runner.py:222} INFO - ::endgroup::
[2024-06-27T23:19:13.183+0000] {local_task_job_runner.py:120} INFO - ::group::Pre task execution logs
[2024-06-27T23:19:13.194+0000] {taskinstance.py:2076} INFO - Dependencies all met for dep_context=non-requeueable deps ti=<TaskInstance: ecomm_data_pipeline.generate_and_insert_data scheduled__2023-01-01T02:00:00+00:00 [queued]>
[2024-06-27T23:19:13.196+0000] {taskinstance.py:2076} INFO - Dependencies all met for dep_context=requeueable deps ti=<TaskInstance: ecomm_data_pipeline.generate_and_insert_data scheduled__2023-01-01T02:00:00+00:00 [queued]>
[2024-06-27T23:19:13.196+0000] {taskinstance.py:2306} INFO - Starting attempt 1 of 2
[2024-06-27T23:19:13.201+0000] {taskinstance.py:2330} INFO - Executing <Task(PythonOperator): generate_and_insert_data> on 2023-01-01 02:00:00+00:00
[2024-06-27T23:19:13.202+0000] {standard_task_runner.py:63} INFO - Started process 377 to run task
[2024-06-27T23:19:13.203+0000] {standard_task_runner.py:90} INFO - Running: ['airflow', 'tasks', 'run', 'ecomm_data_pipeline', 'generate_and_insert_data', 'scheduled__2023-01-01T02:00:00+00:00', '--job-id', '26', '--raw', '--subdir', 'DAGS_FOLDER/ecomm_dag.py', '--cfg-path', '/tmp/tmp2ie7cnjn']
[2024-06-27T23:19:13.204+0000] {standard_task_runner.py:91} INFO - Job 26: Subtask generate_and_insert_data
[2024-06-27T23:19:13.221+0000] {task_command.py:426} INFO - Running <TaskInstance: ecomm_data_pipeline.generate_and_insert_data scheduled__2023-01-01T02:00:00+00:00 [running]> on host 73964f870a02
[2024-06-27T23:19:13.250+0000] {taskinstance.py:2648} INFO - Exporting env vars: AIRFLOW_CTX_DAG_OWNER='airflow' AIRFLOW_CTX_DAG_ID='ecomm_data_pipeline' AIRFLOW_CTX_TASK_ID='generate_and_insert_data' AIRFLOW_CTX_EXECUTION_DATE='2023-01-01T02:00:00+00:00' AIRFLOW_CTX_TRY_NUMBER='1' AIRFLOW_CTX_DAG_RUN_ID='scheduled__2023-01-01T02:00:00+00:00'
[2024-06-27T23:19:13.251+0000] {taskinstance.py:430} INFO - ::endgroup::
[2024-06-27T23:19:13.316+0000] {logging_mixin.py:188} INFO - Error in generate_and_insert_data: Command '['python3', '/opt/airflow/generator/ecomm_generator.py']' returned non-zero exit status 1.
[2024-06-27T23:19:13.316+0000] {logging_mixin.py:188} INFO - stdout: 
[2024-06-27T23:19:13.317+0000] {logging_mixin.py:188} INFO - stderr: Traceback (most recent call last):
  File "/opt/airflow/generator/ecomm_generator.py", line 4, in <module>
    from faker import Faker
ModuleNotFoundError: No module named 'faker'
[2024-06-27T23:19:13.317+0000] {python.py:237} INFO - Done. Returned value was: None
[2024-06-27T23:19:13.317+0000] {taskinstance.py:441} INFO - ::group::Post task execution logs
[2024-06-27T23:19:13.322+0000] {taskinstance.py:1206} INFO - Marking task as SUCCESS. dag_id=ecomm_data_pipeline, task_id=generate_and_insert_data, run_id=scheduled__2023-01-01T02:00:00+00:00, execution_date=20230101T020000, start_date=20240627T231913, end_date=20240627T231913
[2024-06-27T23:19:13.347+0000] {local_task_job_runner.py:240} INFO - Task exited with return code 0
[2024-06-27T23:19:13.354+0000] {taskinstance.py:3503} INFO - 0 downstream tasks scheduled from follow-on schedule check
[2024-06-27T23:19:13.354+0000] {local_task_job_runner.py:222} INFO - ::endgroup::
[2024-06-28T18:13:33.649+0000] {local_task_job_runner.py:120} INFO - ::group::Pre task execution logs
[2024-06-28T18:13:33.659+0000] {taskinstance.py:2076} INFO - Dependencies all met for dep_context=non-requeueable deps ti=<TaskInstance: ecomm_data_pipeline.generate_and_insert_data scheduled__2023-01-01T02:00:00+00:00 [queued]>
[2024-06-28T18:13:33.662+0000] {taskinstance.py:2076} INFO - Dependencies all met for dep_context=requeueable deps ti=<TaskInstance: ecomm_data_pipeline.generate_and_insert_data scheduled__2023-01-01T02:00:00+00:00 [queued]>
[2024-06-28T18:13:33.662+0000] {taskinstance.py:2306} INFO - Starting attempt 1 of 2
[2024-06-28T18:13:33.666+0000] {taskinstance.py:2330} INFO - Executing <Task(PythonOperator): generate_and_insert_data> on 2023-01-01 02:00:00+00:00
[2024-06-28T18:13:33.668+0000] {standard_task_runner.py:63} INFO - Started process 377 to run task
[2024-06-28T18:13:33.669+0000] {standard_task_runner.py:90} INFO - Running: ['airflow', 'tasks', 'run', 'ecomm_data_pipeline', 'generate_and_insert_data', 'scheduled__2023-01-01T02:00:00+00:00', '--job-id', '26', '--raw', '--subdir', 'DAGS_FOLDER/ecomm_dag.py', '--cfg-path', '/tmp/tmp39w01rcu']
[2024-06-28T18:13:33.670+0000] {standard_task_runner.py:91} INFO - Job 26: Subtask generate_and_insert_data
[2024-06-28T18:13:33.687+0000] {task_command.py:426} INFO - Running <TaskInstance: ecomm_data_pipeline.generate_and_insert_data scheduled__2023-01-01T02:00:00+00:00 [running]> on host 08cefd381a1f
[2024-06-28T18:13:33.717+0000] {taskinstance.py:2648} INFO - Exporting env vars: AIRFLOW_CTX_DAG_OWNER='airflow' AIRFLOW_CTX_DAG_ID='ecomm_data_pipeline' AIRFLOW_CTX_TASK_ID='generate_and_insert_data' AIRFLOW_CTX_EXECUTION_DATE='2023-01-01T02:00:00+00:00' AIRFLOW_CTX_TRY_NUMBER='1' AIRFLOW_CTX_DAG_RUN_ID='scheduled__2023-01-01T02:00:00+00:00'
[2024-06-28T18:13:33.717+0000] {taskinstance.py:430} INFO - ::endgroup::
[2024-06-28T18:13:33.775+0000] {logging_mixin.py:188} INFO - Error in generate_and_insert_data: Command '['python3', '/opt/airflow/generator/ecomm_generator.py']' returned non-zero exit status 1.
[2024-06-28T18:13:33.775+0000] {logging_mixin.py:188} INFO - stdout: 
[2024-06-28T18:13:33.775+0000] {logging_mixin.py:188} INFO - stderr: Traceback (most recent call last):
  File "/opt/airflow/generator/ecomm_generator.py", line 4, in <module>
    from faker import Faker
ModuleNotFoundError: No module named 'faker'
[2024-06-28T18:13:33.775+0000] {python.py:237} INFO - Done. Returned value was: None
[2024-06-28T18:13:33.776+0000] {taskinstance.py:441} INFO - ::group::Post task execution logs
[2024-06-28T18:13:33.781+0000] {taskinstance.py:1206} INFO - Marking task as SUCCESS. dag_id=ecomm_data_pipeline, task_id=generate_and_insert_data, run_id=scheduled__2023-01-01T02:00:00+00:00, execution_date=20230101T020000, start_date=20240628T181333, end_date=20240628T181333
[2024-06-28T18:13:33.820+0000] {local_task_job_runner.py:240} INFO - Task exited with return code 0
[2024-06-28T18:13:33.827+0000] {taskinstance.py:3503} INFO - 0 downstream tasks scheduled from follow-on schedule check
[2024-06-28T18:13:33.827+0000] {local_task_job_runner.py:222} INFO - ::endgroup::
[2024-06-28T18:20:49.372+0000] {local_task_job_runner.py:120} INFO - ::group::Pre task execution logs
[2024-06-28T18:20:49.383+0000] {taskinstance.py:2076} INFO - Dependencies all met for dep_context=non-requeueable deps ti=<TaskInstance: ecomm_data_pipeline.generate_and_insert_data scheduled__2023-01-01T02:00:00+00:00 [queued]>
[2024-06-28T18:20:49.386+0000] {taskinstance.py:2076} INFO - Dependencies all met for dep_context=requeueable deps ti=<TaskInstance: ecomm_data_pipeline.generate_and_insert_data scheduled__2023-01-01T02:00:00+00:00 [queued]>
[2024-06-28T18:20:49.386+0000] {taskinstance.py:2306} INFO - Starting attempt 1 of 2
[2024-06-28T18:20:49.391+0000] {taskinstance.py:2330} INFO - Executing <Task(PythonOperator): generate_and_insert_data> on 2023-01-01 02:00:00+00:00
[2024-06-28T18:20:49.393+0000] {standard_task_runner.py:63} INFO - Started process 377 to run task
[2024-06-28T18:20:49.394+0000] {standard_task_runner.py:90} INFO - Running: ['airflow', 'tasks', 'run', 'ecomm_data_pipeline', 'generate_and_insert_data', 'scheduled__2023-01-01T02:00:00+00:00', '--job-id', '26', '--raw', '--subdir', 'DAGS_FOLDER/ecomm_dag.py', '--cfg-path', '/tmp/tmpq827geh2']
[2024-06-28T18:20:49.395+0000] {standard_task_runner.py:91} INFO - Job 26: Subtask generate_and_insert_data
[2024-06-28T18:20:49.416+0000] {task_command.py:426} INFO - Running <TaskInstance: ecomm_data_pipeline.generate_and_insert_data scheduled__2023-01-01T02:00:00+00:00 [running]> on host 6570e5857071
[2024-06-28T18:20:49.448+0000] {taskinstance.py:2648} INFO - Exporting env vars: AIRFLOW_CTX_DAG_OWNER='airflow' AIRFLOW_CTX_DAG_ID='ecomm_data_pipeline' AIRFLOW_CTX_TASK_ID='generate_and_insert_data' AIRFLOW_CTX_EXECUTION_DATE='2023-01-01T02:00:00+00:00' AIRFLOW_CTX_TRY_NUMBER='1' AIRFLOW_CTX_DAG_RUN_ID='scheduled__2023-01-01T02:00:00+00:00'
[2024-06-28T18:20:49.448+0000] {taskinstance.py:430} INFO - ::endgroup::
[2024-06-28T18:20:49.511+0000] {logging_mixin.py:188} INFO - Error in generate_and_insert_data: Command '['python3', '/opt/airflow/generator/ecomm_generator.py']' returned non-zero exit status 1.
[2024-06-28T18:20:49.512+0000] {logging_mixin.py:188} INFO - stdout: 
[2024-06-28T18:20:49.512+0000] {logging_mixin.py:188} INFO - stderr: Traceback (most recent call last):
  File "/opt/airflow/generator/ecomm_generator.py", line 4, in <module>
    from faker import Faker
ModuleNotFoundError: No module named 'faker'
[2024-06-28T18:20:49.512+0000] {python.py:237} INFO - Done. Returned value was: None
[2024-06-28T18:20:49.512+0000] {taskinstance.py:441} INFO - ::group::Post task execution logs
[2024-06-28T18:20:49.518+0000] {taskinstance.py:1206} INFO - Marking task as SUCCESS. dag_id=ecomm_data_pipeline, task_id=generate_and_insert_data, run_id=scheduled__2023-01-01T02:00:00+00:00, execution_date=20230101T020000, start_date=20240628T182049, end_date=20240628T182049
[2024-06-28T18:20:49.537+0000] {local_task_job_runner.py:240} INFO - Task exited with return code 0
[2024-06-28T18:20:49.546+0000] {taskinstance.py:3503} INFO - 0 downstream tasks scheduled from follow-on schedule check
[2024-06-28T18:20:49.546+0000] {local_task_job_runner.py:222} INFO - ::endgroup::
[2024-06-28T18:30:51.157+0000] {local_task_job_runner.py:120} INFO - ::group::Pre task execution logs
[2024-06-28T18:30:51.168+0000] {taskinstance.py:2076} INFO - Dependencies all met for dep_context=non-requeueable deps ti=<TaskInstance: ecomm_data_pipeline.generate_and_insert_data scheduled__2023-01-01T02:00:00+00:00 [queued]>
[2024-06-28T18:30:51.171+0000] {taskinstance.py:2076} INFO - Dependencies all met for dep_context=requeueable deps ti=<TaskInstance: ecomm_data_pipeline.generate_and_insert_data scheduled__2023-01-01T02:00:00+00:00 [queued]>
[2024-06-28T18:30:51.171+0000] {taskinstance.py:2306} INFO - Starting attempt 1 of 2
[2024-06-28T18:30:51.176+0000] {taskinstance.py:2330} INFO - Executing <Task(PythonOperator): generate_and_insert_data> on 2023-01-01 02:00:00+00:00
[2024-06-28T18:30:51.178+0000] {standard_task_runner.py:63} INFO - Started process 377 to run task
[2024-06-28T18:30:51.180+0000] {standard_task_runner.py:90} INFO - Running: ['airflow', 'tasks', 'run', 'ecomm_data_pipeline', 'generate_and_insert_data', 'scheduled__2023-01-01T02:00:00+00:00', '--job-id', '26', '--raw', '--subdir', 'DAGS_FOLDER/ecomm_dag.py', '--cfg-path', '/tmp/tmp432a05gu']
[2024-06-28T18:30:51.181+0000] {standard_task_runner.py:91} INFO - Job 26: Subtask generate_and_insert_data
[2024-06-28T18:30:51.207+0000] {task_command.py:426} INFO - Running <TaskInstance: ecomm_data_pipeline.generate_and_insert_data scheduled__2023-01-01T02:00:00+00:00 [running]> on host 50bf780463b8
[2024-06-28T18:30:51.243+0000] {taskinstance.py:2648} INFO - Exporting env vars: AIRFLOW_CTX_DAG_OWNER='airflow' AIRFLOW_CTX_DAG_ID='ecomm_data_pipeline' AIRFLOW_CTX_TASK_ID='generate_and_insert_data' AIRFLOW_CTX_EXECUTION_DATE='2023-01-01T02:00:00+00:00' AIRFLOW_CTX_TRY_NUMBER='1' AIRFLOW_CTX_DAG_RUN_ID='scheduled__2023-01-01T02:00:00+00:00'
[2024-06-28T18:30:51.243+0000] {taskinstance.py:430} INFO - ::endgroup::
[2024-06-28T18:30:51.306+0000] {logging_mixin.py:188} INFO - Error in generate_and_insert_data: Command '['python3', '/opt/airflow/generator/ecomm_generator.py']' returned non-zero exit status 1.
[2024-06-28T18:30:51.306+0000] {logging_mixin.py:188} INFO - stdout: 
[2024-06-28T18:30:51.306+0000] {logging_mixin.py:188} INFO - stderr: Traceback (most recent call last):
  File "/opt/airflow/generator/ecomm_generator.py", line 4, in <module>
    from faker import Faker
ModuleNotFoundError: No module named 'faker'
[2024-06-28T18:30:51.306+0000] {python.py:237} INFO - Done. Returned value was: None
[2024-06-28T18:30:51.307+0000] {taskinstance.py:441} INFO - ::group::Post task execution logs
[2024-06-28T18:30:51.312+0000] {taskinstance.py:1206} INFO - Marking task as SUCCESS. dag_id=ecomm_data_pipeline, task_id=generate_and_insert_data, run_id=scheduled__2023-01-01T02:00:00+00:00, execution_date=20230101T020000, start_date=20240628T183051, end_date=20240628T183051
[2024-06-28T18:30:51.319+0000] {local_task_job_runner.py:240} INFO - Task exited with return code 0
[2024-06-28T18:30:51.325+0000] {taskinstance.py:3503} INFO - 0 downstream tasks scheduled from follow-on schedule check
[2024-06-28T18:30:51.326+0000] {local_task_job_runner.py:222} INFO - ::endgroup::
[2024-06-28T22:14:01.266+0000] {local_task_job_runner.py:120} INFO - ::group::Pre task execution logs
[2024-06-28T22:14:01.277+0000] {taskinstance.py:2076} INFO - Dependencies all met for dep_context=non-requeueable deps ti=<TaskInstance: ecomm_data_pipeline.generate_and_insert_data scheduled__2023-01-01T02:00:00+00:00 [queued]>
[2024-06-28T22:14:01.280+0000] {taskinstance.py:2076} INFO - Dependencies all met for dep_context=requeueable deps ti=<TaskInstance: ecomm_data_pipeline.generate_and_insert_data scheduled__2023-01-01T02:00:00+00:00 [queued]>
[2024-06-28T22:14:01.280+0000] {taskinstance.py:2306} INFO - Starting attempt 1 of 2
[2024-06-28T22:14:01.285+0000] {taskinstance.py:2330} INFO - Executing <Task(PythonOperator): generate_and_insert_data> on 2023-01-01 02:00:00+00:00
[2024-06-28T22:14:01.287+0000] {standard_task_runner.py:63} INFO - Started process 377 to run task
[2024-06-28T22:14:01.288+0000] {standard_task_runner.py:90} INFO - Running: ['airflow', 'tasks', 'run', 'ecomm_data_pipeline', 'generate_and_insert_data', 'scheduled__2023-01-01T02:00:00+00:00', '--job-id', '26', '--raw', '--subdir', 'DAGS_FOLDER/ecomm_dag.py', '--cfg-path', '/tmp/tmpivdrfkkn']
[2024-06-28T22:14:01.289+0000] {standard_task_runner.py:91} INFO - Job 26: Subtask generate_and_insert_data
[2024-06-28T22:14:01.310+0000] {task_command.py:426} INFO - Running <TaskInstance: ecomm_data_pipeline.generate_and_insert_data scheduled__2023-01-01T02:00:00+00:00 [running]> on host 619125b6796e
[2024-06-28T22:14:01.343+0000] {taskinstance.py:2648} INFO - Exporting env vars: AIRFLOW_CTX_DAG_OWNER='airflow' AIRFLOW_CTX_DAG_ID='ecomm_data_pipeline' AIRFLOW_CTX_TASK_ID='generate_and_insert_data' AIRFLOW_CTX_EXECUTION_DATE='2023-01-01T02:00:00+00:00' AIRFLOW_CTX_TRY_NUMBER='1' AIRFLOW_CTX_DAG_RUN_ID='scheduled__2023-01-01T02:00:00+00:00'
[2024-06-28T22:14:01.344+0000] {taskinstance.py:430} INFO - ::endgroup::
[2024-06-28T22:14:01.405+0000] {logging_mixin.py:188} INFO - Error in generate_and_insert_data: Command '['python3', '/opt/airflow/generator/ecomm_generator.py']' returned non-zero exit status 1.
[2024-06-28T22:14:01.406+0000] {logging_mixin.py:188} INFO - stdout: 
[2024-06-28T22:14:01.406+0000] {logging_mixin.py:188} INFO - stderr: Traceback (most recent call last):
  File "/opt/airflow/generator/ecomm_generator.py", line 4, in <module>
    from faker import Faker
ModuleNotFoundError: No module named 'faker'
[2024-06-28T22:14:01.406+0000] {python.py:237} INFO - Done. Returned value was: None
[2024-06-28T22:14:01.406+0000] {taskinstance.py:441} INFO - ::group::Post task execution logs
[2024-06-28T22:14:01.412+0000] {taskinstance.py:1206} INFO - Marking task as SUCCESS. dag_id=ecomm_data_pipeline, task_id=generate_and_insert_data, run_id=scheduled__2023-01-01T02:00:00+00:00, execution_date=20230101T020000, start_date=20240628T221401, end_date=20240628T221401
[2024-06-28T22:14:01.433+0000] {local_task_job_runner.py:240} INFO - Task exited with return code 0
[2024-06-28T22:14:01.443+0000] {taskinstance.py:3503} INFO - 0 downstream tasks scheduled from follow-on schedule check
[2024-06-28T22:14:01.444+0000] {local_task_job_runner.py:222} INFO - ::endgroup::
[2024-06-29T21:36:58.845+0000] {local_task_job_runner.py:120} INFO - ::group::Pre task execution logs
[2024-06-29T21:36:58.855+0000] {taskinstance.py:2076} INFO - Dependencies all met for dep_context=non-requeueable deps ti=<TaskInstance: ecomm_data_pipeline.generate_and_insert_data scheduled__2023-01-01T02:00:00+00:00 [queued]>
[2024-06-29T21:36:58.857+0000] {taskinstance.py:2076} INFO - Dependencies all met for dep_context=requeueable deps ti=<TaskInstance: ecomm_data_pipeline.generate_and_insert_data scheduled__2023-01-01T02:00:00+00:00 [queued]>
[2024-06-29T21:36:58.857+0000] {taskinstance.py:2306} INFO - Starting attempt 1 of 2
[2024-06-29T21:36:58.862+0000] {taskinstance.py:2330} INFO - Executing <Task(PythonOperator): generate_and_insert_data> on 2023-01-01 02:00:00+00:00
[2024-06-29T21:36:58.863+0000] {standard_task_runner.py:63} INFO - Started process 209 to run task
[2024-06-29T21:36:58.864+0000] {standard_task_runner.py:90} INFO - Running: ['airflow', 'tasks', 'run', 'ecomm_data_pipeline', 'generate_and_insert_data', 'scheduled__2023-01-01T02:00:00+00:00', '--job-id', '14', '--raw', '--subdir', 'DAGS_FOLDER/ecomm_dag.py', '--cfg-path', '/tmp/tmp7uvo1zmb']
[2024-06-29T21:36:58.865+0000] {standard_task_runner.py:91} INFO - Job 14: Subtask generate_and_insert_data
[2024-06-29T21:36:58.881+0000] {task_command.py:426} INFO - Running <TaskInstance: ecomm_data_pipeline.generate_and_insert_data scheduled__2023-01-01T02:00:00+00:00 [running]> on host afcb6fbf9265
[2024-06-29T21:36:58.909+0000] {taskinstance.py:2648} INFO - Exporting env vars: AIRFLOW_CTX_DAG_OWNER='airflow' AIRFLOW_CTX_DAG_ID='ecomm_data_pipeline' AIRFLOW_CTX_TASK_ID='generate_and_insert_data' AIRFLOW_CTX_EXECUTION_DATE='2023-01-01T02:00:00+00:00' AIRFLOW_CTX_TRY_NUMBER='1' AIRFLOW_CTX_DAG_RUN_ID='scheduled__2023-01-01T02:00:00+00:00'
[2024-06-29T21:36:58.910+0000] {taskinstance.py:430} INFO - ::endgroup::
[2024-06-29T21:36:58.965+0000] {logging_mixin.py:188} INFO - Error in generate_and_insert_data: Command '['python3', '/opt/airflow/generator/ecomm_generator.py']' returned non-zero exit status 1.
[2024-06-29T21:36:58.965+0000] {logging_mixin.py:188} INFO - stdout: 
[2024-06-29T21:36:58.965+0000] {logging_mixin.py:188} INFO - stderr: Traceback (most recent call last):
  File "/opt/airflow/generator/ecomm_generator.py", line 4, in <module>
    from faker import Faker
ModuleNotFoundError: No module named 'faker'
[2024-06-29T21:36:58.965+0000] {python.py:237} INFO - Done. Returned value was: None
[2024-06-29T21:36:58.965+0000] {taskinstance.py:441} INFO - ::group::Post task execution logs
[2024-06-29T21:36:58.970+0000] {taskinstance.py:1206} INFO - Marking task as SUCCESS. dag_id=ecomm_data_pipeline, task_id=generate_and_insert_data, run_id=scheduled__2023-01-01T02:00:00+00:00, execution_date=20230101T020000, start_date=20240629T213658, end_date=20240629T213658
[2024-06-29T21:36:59.011+0000] {local_task_job_runner.py:240} INFO - Task exited with return code 0
[2024-06-29T21:36:59.018+0000] {taskinstance.py:3503} INFO - 0 downstream tasks scheduled from follow-on schedule check
[2024-06-29T21:36:59.018+0000] {local_task_job_runner.py:222} INFO - ::endgroup::
[2024-06-29T21:49:15.558+0000] {local_task_job_runner.py:120} INFO - ::group::Pre task execution logs
[2024-06-29T21:49:15.569+0000] {taskinstance.py:2076} INFO - Dependencies all met for dep_context=non-requeueable deps ti=<TaskInstance: ecomm_data_pipeline.generate_and_insert_data scheduled__2023-01-01T02:00:00+00:00 [queued]>
[2024-06-29T21:49:15.572+0000] {taskinstance.py:2076} INFO - Dependencies all met for dep_context=requeueable deps ti=<TaskInstance: ecomm_data_pipeline.generate_and_insert_data scheduled__2023-01-01T02:00:00+00:00 [queued]>
[2024-06-29T21:49:15.572+0000] {taskinstance.py:2306} INFO - Starting attempt 1 of 2
[2024-06-29T21:49:15.577+0000] {taskinstance.py:2330} INFO - Executing <Task(PythonOperator): generate_and_insert_data> on 2023-01-01 02:00:00+00:00
[2024-06-29T21:49:15.578+0000] {standard_task_runner.py:63} INFO - Started process 218 to run task
[2024-06-29T21:49:15.579+0000] {standard_task_runner.py:90} INFO - Running: ['airflow', 'tasks', 'run', 'ecomm_data_pipeline', 'generate_and_insert_data', 'scheduled__2023-01-01T02:00:00+00:00', '--job-id', '14', '--raw', '--subdir', 'DAGS_FOLDER/ecomm_dag.py', '--cfg-path', '/tmp/tmpxye95aoc']
[2024-06-29T21:49:15.580+0000] {standard_task_runner.py:91} INFO - Job 14: Subtask generate_and_insert_data
[2024-06-29T21:49:15.597+0000] {task_command.py:426} INFO - Running <TaskInstance: ecomm_data_pipeline.generate_and_insert_data scheduled__2023-01-01T02:00:00+00:00 [running]> on host 0b7af056b90c
[2024-06-29T21:49:15.627+0000] {taskinstance.py:2648} INFO - Exporting env vars: AIRFLOW_CTX_DAG_OWNER='airflow' AIRFLOW_CTX_DAG_ID='ecomm_data_pipeline' AIRFLOW_CTX_TASK_ID='generate_and_insert_data' AIRFLOW_CTX_EXECUTION_DATE='2023-01-01T02:00:00+00:00' AIRFLOW_CTX_TRY_NUMBER='1' AIRFLOW_CTX_DAG_RUN_ID='scheduled__2023-01-01T02:00:00+00:00'
[2024-06-29T21:49:15.627+0000] {taskinstance.py:430} INFO - ::endgroup::
[2024-06-29T21:49:15.686+0000] {logging_mixin.py:188} INFO - Error in generate_and_insert_data: Command '['python3', '/opt/airflow/generator/ecomm_generator.py']' returned non-zero exit status 1.
[2024-06-29T21:49:15.686+0000] {logging_mixin.py:188} INFO - stdout: 
[2024-06-29T21:49:15.686+0000] {logging_mixin.py:188} INFO - stderr: Traceback (most recent call last):
  File "/opt/airflow/generator/ecomm_generator.py", line 4, in <module>
    from faker import Faker
ModuleNotFoundError: No module named 'faker'
[2024-06-29T21:49:15.687+0000] {python.py:237} INFO - Done. Returned value was: None
[2024-06-29T21:49:15.687+0000] {taskinstance.py:441} INFO - ::group::Post task execution logs
[2024-06-29T21:49:15.692+0000] {taskinstance.py:1206} INFO - Marking task as SUCCESS. dag_id=ecomm_data_pipeline, task_id=generate_and_insert_data, run_id=scheduled__2023-01-01T02:00:00+00:00, execution_date=20230101T020000, start_date=20240629T214915, end_date=20240629T214915
[2024-06-29T21:49:15.730+0000] {local_task_job_runner.py:240} INFO - Task exited with return code 0
[2024-06-29T21:49:15.737+0000] {taskinstance.py:3503} INFO - 0 downstream tasks scheduled from follow-on schedule check
[2024-06-29T21:49:15.738+0000] {local_task_job_runner.py:222} INFO - ::endgroup::
[2024-06-29T22:00:48.086+0000] {local_task_job_runner.py:120} INFO - ::group::Pre task execution logs
[2024-06-29T22:00:48.097+0000] {taskinstance.py:2076} INFO - Dependencies all met for dep_context=non-requeueable deps ti=<TaskInstance: ecomm_data_pipeline.generate_and_insert_data scheduled__2023-01-01T02:00:00+00:00 [queued]>
[2024-06-29T22:00:48.100+0000] {taskinstance.py:2076} INFO - Dependencies all met for dep_context=requeueable deps ti=<TaskInstance: ecomm_data_pipeline.generate_and_insert_data scheduled__2023-01-01T02:00:00+00:00 [queued]>
[2024-06-29T22:00:48.100+0000] {taskinstance.py:2306} INFO - Starting attempt 1 of 2
[2024-06-29T22:00:48.104+0000] {taskinstance.py:2330} INFO - Executing <Task(PythonOperator): generate_and_insert_data> on 2023-01-01 02:00:00+00:00
[2024-06-29T22:00:48.107+0000] {standard_task_runner.py:63} INFO - Started process 218 to run task
[2024-06-29T22:00:48.108+0000] {standard_task_runner.py:90} INFO - Running: ['airflow', 'tasks', 'run', 'ecomm_data_pipeline', 'generate_and_insert_data', 'scheduled__2023-01-01T02:00:00+00:00', '--job-id', '14', '--raw', '--subdir', 'DAGS_FOLDER/ecomm_dag.py', '--cfg-path', '/tmp/tmp48emqvtb']
[2024-06-29T22:00:48.109+0000] {standard_task_runner.py:91} INFO - Job 14: Subtask generate_and_insert_data
[2024-06-29T22:00:48.126+0000] {task_command.py:426} INFO - Running <TaskInstance: ecomm_data_pipeline.generate_and_insert_data scheduled__2023-01-01T02:00:00+00:00 [running]> on host 799998b0d26e
[2024-06-29T22:00:48.156+0000] {taskinstance.py:2648} INFO - Exporting env vars: AIRFLOW_CTX_DAG_OWNER='airflow' AIRFLOW_CTX_DAG_ID='ecomm_data_pipeline' AIRFLOW_CTX_TASK_ID='generate_and_insert_data' AIRFLOW_CTX_EXECUTION_DATE='2023-01-01T02:00:00+00:00' AIRFLOW_CTX_TRY_NUMBER='1' AIRFLOW_CTX_DAG_RUN_ID='scheduled__2023-01-01T02:00:00+00:00'
[2024-06-29T22:00:48.156+0000] {taskinstance.py:430} INFO - ::endgroup::
[2024-06-29T22:00:48.214+0000] {logging_mixin.py:188} INFO - Error in generate_and_insert_data: Command '['python3', '/opt/airflow/generator/ecomm_generator.py']' returned non-zero exit status 1.
[2024-06-29T22:00:48.214+0000] {logging_mixin.py:188} INFO - stdout: 
[2024-06-29T22:00:48.214+0000] {logging_mixin.py:188} INFO - stderr: Traceback (most recent call last):
  File "/opt/airflow/generator/ecomm_generator.py", line 4, in <module>
    from faker import Faker
ModuleNotFoundError: No module named 'faker'
[2024-06-29T22:00:48.214+0000] {python.py:237} INFO - Done. Returned value was: None
[2024-06-29T22:00:48.215+0000] {taskinstance.py:441} INFO - ::group::Post task execution logs
[2024-06-29T22:00:48.220+0000] {taskinstance.py:1206} INFO - Marking task as SUCCESS. dag_id=ecomm_data_pipeline, task_id=generate_and_insert_data, run_id=scheduled__2023-01-01T02:00:00+00:00, execution_date=20230101T020000, start_date=20240629T220048, end_date=20240629T220048
[2024-06-29T22:00:48.251+0000] {local_task_job_runner.py:240} INFO - Task exited with return code 0
[2024-06-29T22:00:48.258+0000] {taskinstance.py:3503} INFO - 0 downstream tasks scheduled from follow-on schedule check
[2024-06-29T22:00:48.258+0000] {local_task_job_runner.py:222} INFO - ::endgroup::
