[2024-07-06T18:43:10.312+0000] {taskinstance.py:1103} INFO - Dependencies all met for dep_context=non-requeueable deps ti=<TaskInstance: initialize_etl_environment.create_transactions_table manual__2024-07-06T18:42:57.499226+00:00 [queued]>
[2024-07-06T18:43:10.316+0000] {taskinstance.py:1103} INFO - Dependencies all met for dep_context=requeueable deps ti=<TaskInstance: initialize_etl_environment.create_transactions_table manual__2024-07-06T18:42:57.499226+00:00 [queued]>
[2024-07-06T18:43:10.316+0000] {taskinstance.py:1308} INFO - Starting attempt 1 of 2
[2024-07-06T18:43:10.321+0000] {taskinstance.py:1327} INFO - Executing <Task(PostgresOperator): create_transactions_table> on 2024-07-06 18:42:57.499226+00:00
[2024-07-06T18:43:10.323+0000] {standard_task_runner.py:57} INFO - Started process 1340 to run task
[2024-07-06T18:43:10.324+0000] {standard_task_runner.py:84} INFO - Running: ['airflow', 'tasks', 'run', 'initialize_etl_environment', 'create_transactions_table', 'manual__2024-07-06T18:42:57.499226+00:00', '--job-id', '897', '--raw', '--subdir', 'DAGS_FOLDER/etl_env_init.py', '--cfg-path', '/tmp/tmp6pf665di']
[2024-07-06T18:43:10.325+0000] {standard_task_runner.py:85} INFO - Job 897: Subtask create_transactions_table
[2024-07-06T18:43:10.347+0000] {task_command.py:410} INFO - Running <TaskInstance: initialize_etl_environment.create_transactions_table manual__2024-07-06T18:42:57.499226+00:00 [running]> on host f6bf59d3e65b
[2024-07-06T18:43:10.394+0000] {taskinstance.py:1545} INFO - Exporting env vars: AIRFLOW_CTX_DAG_EMAIL='airflow@example.com' AIRFLOW_CTX_DAG_OWNER='airflow' AIRFLOW_CTX_DAG_ID='initialize_etl_environment' AIRFLOW_CTX_TASK_ID='create_transactions_table' AIRFLOW_CTX_EXECUTION_DATE='2024-07-06T18:42:57.499226+00:00' AIRFLOW_CTX_TRY_NUMBER='1' AIRFLOW_CTX_DAG_RUN_ID='manual__2024-07-06T18:42:57.499226+00:00'
[2024-07-06T18:43:10.395+0000] {sql.py:262} INFO - Executing: 
    CREATE TABLE IF NOT EXISTS raw.transactions (
        transaction_id INT PRIMARY KEY,
        timestamp TIMESTAMP NOT NULL,
        product_id INT,
        user_id INT REFERENCES raw.users(user_id),
        payment_method VARCHAR(50),
        transaction_type INT,
        created_at TIMESTAMP
    );
        
    
[2024-07-06T18:43:10.397+0000] {base.py:73} INFO - Using connection ID 'company_dw' for task execution.
[2024-07-06T18:43:10.418+0000] {base.py:73} INFO - Using connection ID 'company_dw' for task execution.
[2024-07-06T18:43:10.420+0000] {sql.py:375} INFO - Running statement: 
    CREATE TABLE IF NOT EXISTS raw.transactions (
        transaction_id INT PRIMARY KEY,
        timestamp TIMESTAMP NOT NULL,
        product_id INT,
        user_id INT REFERENCES raw.users(user_id),
        payment_method VARCHAR(50),
        transaction_type INT,
        created_at TIMESTAMP
    );
        
    , parameters: None
[2024-07-06T18:43:10.425+0000] {taskinstance.py:1345} INFO - Marking task as SUCCESS. dag_id=initialize_etl_environment, task_id=create_transactions_table, execution_date=20240706T184257, start_date=20240706T184310, end_date=20240706T184310
[2024-07-06T18:43:10.464+0000] {local_task_job_runner.py:225} INFO - Task exited with return code 0
[2024-07-06T18:43:10.473+0000] {taskinstance.py:2651} INFO - 0 downstream tasks scheduled from follow-on schedule check
