[2024-06-27T22:36:10.127+0000] {local_task_job_runner.py:120} INFO - ::group::Pre task execution logs
[2024-06-27T22:36:10.137+0000] {taskinstance.py:2076} INFO - Dependencies all met for dep_context=non-requeueable deps ti=<TaskInstance: ecomm_data_pipeline.generate_and_insert_data scheduled__2023-01-01T15:50:00+00:00 [queued]>
[2024-06-27T22:36:10.139+0000] {taskinstance.py:2076} INFO - Dependencies all met for dep_context=requeueable deps ti=<TaskInstance: ecomm_data_pipeline.generate_and_insert_data scheduled__2023-01-01T15:50:00+00:00 [queued]>
[2024-06-27T22:36:10.139+0000] {taskinstance.py:2306} INFO - Starting attempt 1 of 2
[2024-06-27T22:36:10.144+0000] {taskinstance.py:2330} INFO - Executing <Task(PythonOperator): generate_and_insert_data> on 2023-01-01 15:50:00+00:00
[2024-06-27T22:36:10.145+0000] {standard_task_runner.py:63} INFO - Started process 1654 to run task
[2024-06-27T22:36:10.146+0000] {standard_task_runner.py:90} INFO - Running: ['airflow', 'tasks', 'run', 'ecomm_data_pipeline', 'generate_and_insert_data', 'scheduled__2023-01-01T15:50:00+00:00', '--job-id', '114', '--raw', '--subdir', 'DAGS_FOLDER/ecomm_dag.py', '--cfg-path', '/tmp/tmp1c6n18lh']
[2024-06-27T22:36:10.147+0000] {standard_task_runner.py:91} INFO - Job 114: Subtask generate_and_insert_data
[2024-06-27T22:36:10.163+0000] {task_command.py:426} INFO - Running <TaskInstance: ecomm_data_pipeline.generate_and_insert_data scheduled__2023-01-01T15:50:00+00:00 [running]> on host 9174587f6b1d
[2024-06-27T22:36:10.190+0000] {taskinstance.py:2648} INFO - Exporting env vars: AIRFLOW_CTX_DAG_OWNER='airflow' AIRFLOW_CTX_DAG_ID='ecomm_data_pipeline' AIRFLOW_CTX_TASK_ID='generate_and_insert_data' AIRFLOW_CTX_EXECUTION_DATE='2023-01-01T15:50:00+00:00' AIRFLOW_CTX_TRY_NUMBER='1' AIRFLOW_CTX_DAG_RUN_ID='scheduled__2023-01-01T15:50:00+00:00'
[2024-06-27T22:36:10.191+0000] {taskinstance.py:430} INFO - ::endgroup::
[2024-06-27T22:36:10.223+0000] {logging_mixin.py:188} INFO - Error in generate_and_insert_data: Command '['python3', './generator/ecomm_generator.py']' returned non-zero exit status 2.
[2024-06-27T22:36:10.224+0000] {python.py:237} INFO - Done. Returned value was: None
[2024-06-27T22:36:10.224+0000] {taskinstance.py:441} INFO - ::group::Post task execution logs
[2024-06-27T22:36:10.228+0000] {taskinstance.py:1206} INFO - Marking task as SUCCESS. dag_id=ecomm_data_pipeline, task_id=generate_and_insert_data, run_id=scheduled__2023-01-01T15:50:00+00:00, execution_date=20230101T155000, start_date=20240627T223610, end_date=20240627T223610
[2024-06-27T22:36:10.252+0000] {local_task_job_runner.py:240} INFO - Task exited with return code 0
[2024-06-27T22:36:10.259+0000] {taskinstance.py:3503} INFO - 0 downstream tasks scheduled from follow-on schedule check
[2024-06-27T22:36:10.259+0000] {local_task_job_runner.py:222} INFO - ::endgroup::
[2024-06-28T18:17:59.221+0000] {local_task_job_runner.py:120} INFO - ::group::Pre task execution logs
[2024-06-28T18:17:59.232+0000] {taskinstance.py:2076} INFO - Dependencies all met for dep_context=non-requeueable deps ti=<TaskInstance: ecomm_data_pipeline.generate_and_insert_data scheduled__2023-01-01T15:50:00+00:00 [queued]>
[2024-06-28T18:17:59.234+0000] {taskinstance.py:2076} INFO - Dependencies all met for dep_context=requeueable deps ti=<TaskInstance: ecomm_data_pipeline.generate_and_insert_data scheduled__2023-01-01T15:50:00+00:00 [queued]>
[2024-06-28T18:17:59.235+0000] {taskinstance.py:2306} INFO - Starting attempt 1 of 2
[2024-06-28T18:17:59.239+0000] {taskinstance.py:2330} INFO - Executing <Task(PythonOperator): generate_and_insert_data> on 2023-01-01 15:50:00+00:00
[2024-06-28T18:17:59.241+0000] {standard_task_runner.py:63} INFO - Started process 2700 to run task
[2024-06-28T18:17:59.242+0000] {standard_task_runner.py:90} INFO - Running: ['airflow', 'tasks', 'run', 'ecomm_data_pipeline', 'generate_and_insert_data', 'scheduled__2023-01-01T15:50:00+00:00', '--job-id', '192', '--raw', '--subdir', 'DAGS_FOLDER/ecomm_dag.py', '--cfg-path', '/tmp/tmpnwclubr6']
[2024-06-28T18:17:59.243+0000] {standard_task_runner.py:91} INFO - Job 192: Subtask generate_and_insert_data
[2024-06-28T18:17:59.260+0000] {task_command.py:426} INFO - Running <TaskInstance: ecomm_data_pipeline.generate_and_insert_data scheduled__2023-01-01T15:50:00+00:00 [running]> on host 08cefd381a1f
[2024-06-28T18:17:59.287+0000] {taskinstance.py:2648} INFO - Exporting env vars: AIRFLOW_CTX_DAG_OWNER='airflow' AIRFLOW_CTX_DAG_ID='ecomm_data_pipeline' AIRFLOW_CTX_TASK_ID='generate_and_insert_data' AIRFLOW_CTX_EXECUTION_DATE='2023-01-01T15:50:00+00:00' AIRFLOW_CTX_TRY_NUMBER='1' AIRFLOW_CTX_DAG_RUN_ID='scheduled__2023-01-01T15:50:00+00:00'
[2024-06-28T18:17:59.288+0000] {taskinstance.py:430} INFO - ::endgroup::
[2024-06-28T18:17:59.345+0000] {logging_mixin.py:188} INFO - Error in generate_and_insert_data: Command '['python3', '/opt/airflow/generator/ecomm_generator.py']' returned non-zero exit status 1.
[2024-06-28T18:17:59.345+0000] {logging_mixin.py:188} INFO - stdout: 
[2024-06-28T18:17:59.345+0000] {logging_mixin.py:188} INFO - stderr: Traceback (most recent call last):
  File "/opt/airflow/generator/ecomm_generator.py", line 4, in <module>
    from faker import Faker
ModuleNotFoundError: No module named 'faker'
[2024-06-28T18:17:59.345+0000] {python.py:237} INFO - Done. Returned value was: None
[2024-06-28T18:17:59.346+0000] {taskinstance.py:441} INFO - ::group::Post task execution logs
[2024-06-28T18:17:59.351+0000] {taskinstance.py:1206} INFO - Marking task as SUCCESS. dag_id=ecomm_data_pipeline, task_id=generate_and_insert_data, run_id=scheduled__2023-01-01T15:50:00+00:00, execution_date=20230101T155000, start_date=20240628T181759, end_date=20240628T181759
[2024-06-28T18:17:59.384+0000] {local_task_job_runner.py:240} INFO - Task exited with return code 0
[2024-06-28T18:17:59.390+0000] {taskinstance.py:3503} INFO - 0 downstream tasks scheduled from follow-on schedule check
[2024-06-28T18:17:59.391+0000] {local_task_job_runner.py:222} INFO - ::endgroup::
