[2024-06-27T22:33:07.205+0000] {local_task_job_runner.py:120} INFO - ::group::Pre task execution logs
[2024-06-27T22:33:07.214+0000] {taskinstance.py:2076} INFO - Dependencies all met for dep_context=non-requeueable deps ti=<TaskInstance: ecomm_data_pipeline.generate_and_insert_data scheduled__2023-01-01T01:00:00+00:00 [queued]>
[2024-06-27T22:33:07.216+0000] {taskinstance.py:2076} INFO - Dependencies all met for dep_context=requeueable deps ti=<TaskInstance: ecomm_data_pipeline.generate_and_insert_data scheduled__2023-01-01T01:00:00+00:00 [queued]>
[2024-06-27T22:33:07.217+0000] {taskinstance.py:2306} INFO - Starting attempt 1 of 2
[2024-06-27T22:33:07.221+0000] {taskinstance.py:2330} INFO - Executing <Task(PythonOperator): generate_and_insert_data> on 2023-01-01 01:00:00+00:00
[2024-06-27T22:33:07.222+0000] {standard_task_runner.py:63} INFO - Started process 205 to run task
[2024-06-27T22:33:07.223+0000] {standard_task_runner.py:90} INFO - Running: ['airflow', 'tasks', 'run', 'ecomm_data_pipeline', 'generate_and_insert_data', 'scheduled__2023-01-01T01:00:00+00:00', '--job-id', '14', '--raw', '--subdir', 'DAGS_FOLDER/ecomm_dag.py', '--cfg-path', '/tmp/tmphcuheawe']
[2024-06-27T22:33:07.224+0000] {standard_task_runner.py:91} INFO - Job 14: Subtask generate_and_insert_data
[2024-06-27T22:33:07.240+0000] {task_command.py:426} INFO - Running <TaskInstance: ecomm_data_pipeline.generate_and_insert_data scheduled__2023-01-01T01:00:00+00:00 [running]> on host 9174587f6b1d
[2024-06-27T22:33:07.267+0000] {taskinstance.py:2648} INFO - Exporting env vars: AIRFLOW_CTX_DAG_OWNER='airflow' AIRFLOW_CTX_DAG_ID='ecomm_data_pipeline' AIRFLOW_CTX_TASK_ID='generate_and_insert_data' AIRFLOW_CTX_EXECUTION_DATE='2023-01-01T01:00:00+00:00' AIRFLOW_CTX_TRY_NUMBER='1' AIRFLOW_CTX_DAG_RUN_ID='scheduled__2023-01-01T01:00:00+00:00'
[2024-06-27T22:33:07.268+0000] {taskinstance.py:430} INFO - ::endgroup::
[2024-06-27T22:33:07.301+0000] {logging_mixin.py:188} INFO - Error in generate_and_insert_data: Command '['python3', './generator/ecomm_generator.py']' returned non-zero exit status 2.
[2024-06-27T22:33:07.301+0000] {python.py:237} INFO - Done. Returned value was: None
[2024-06-27T22:33:07.301+0000] {taskinstance.py:441} INFO - ::group::Post task execution logs
[2024-06-27T22:33:07.305+0000] {taskinstance.py:1206} INFO - Marking task as SUCCESS. dag_id=ecomm_data_pipeline, task_id=generate_and_insert_data, run_id=scheduled__2023-01-01T01:00:00+00:00, execution_date=20230101T010000, start_date=20240627T223307, end_date=20240627T223307
[2024-06-27T22:33:07.321+0000] {local_task_job_runner.py:240} INFO - Task exited with return code 0
[2024-06-27T22:33:07.327+0000] {taskinstance.py:3503} INFO - 0 downstream tasks scheduled from follow-on schedule check
[2024-06-27T22:33:07.327+0000] {local_task_job_runner.py:222} INFO - ::endgroup::
[2024-06-27T22:51:57.316+0000] {local_task_job_runner.py:120} INFO - ::group::Pre task execution logs
[2024-06-27T22:51:57.326+0000] {taskinstance.py:2076} INFO - Dependencies all met for dep_context=non-requeueable deps ti=<TaskInstance: ecomm_data_pipeline.generate_and_insert_data scheduled__2023-01-01T01:00:00+00:00 [queued]>
[2024-06-27T22:51:57.328+0000] {taskinstance.py:2076} INFO - Dependencies all met for dep_context=requeueable deps ti=<TaskInstance: ecomm_data_pipeline.generate_and_insert_data scheduled__2023-01-01T01:00:00+00:00 [queued]>
[2024-06-27T22:51:57.328+0000] {taskinstance.py:2306} INFO - Starting attempt 1 of 2
[2024-06-27T22:51:57.332+0000] {taskinstance.py:2330} INFO - Executing <Task(PythonOperator): generate_and_insert_data> on 2023-01-01 01:00:00+00:00
[2024-06-27T22:51:57.334+0000] {standard_task_runner.py:63} INFO - Started process 205 to run task
[2024-06-27T22:51:57.335+0000] {standard_task_runner.py:90} INFO - Running: ['airflow', 'tasks', 'run', 'ecomm_data_pipeline', 'generate_and_insert_data', 'scheduled__2023-01-01T01:00:00+00:00', '--job-id', '14', '--raw', '--subdir', 'DAGS_FOLDER/ecomm_dag.py', '--cfg-path', '/tmp/tmpbjar59h0']
[2024-06-27T22:51:57.336+0000] {standard_task_runner.py:91} INFO - Job 14: Subtask generate_and_insert_data
[2024-06-27T22:51:57.352+0000] {task_command.py:426} INFO - Running <TaskInstance: ecomm_data_pipeline.generate_and_insert_data scheduled__2023-01-01T01:00:00+00:00 [running]> on host a70edf9d8581
[2024-06-27T22:51:57.379+0000] {taskinstance.py:2648} INFO - Exporting env vars: AIRFLOW_CTX_DAG_OWNER='airflow' AIRFLOW_CTX_DAG_ID='ecomm_data_pipeline' AIRFLOW_CTX_TASK_ID='generate_and_insert_data' AIRFLOW_CTX_EXECUTION_DATE='2023-01-01T01:00:00+00:00' AIRFLOW_CTX_TRY_NUMBER='1' AIRFLOW_CTX_DAG_RUN_ID='scheduled__2023-01-01T01:00:00+00:00'
[2024-06-27T22:51:57.379+0000] {taskinstance.py:430} INFO - ::endgroup::
[2024-06-27T22:51:57.411+0000] {logging_mixin.py:188} INFO - Error in generate_and_insert_data: Command '['python3', './generator/ecomm_generator.py']' returned non-zero exit status 2.
[2024-06-27T22:51:57.411+0000] {logging_mixin.py:188} INFO - stdout: 
[2024-06-27T22:51:57.411+0000] {logging_mixin.py:188} INFO - stderr: python3: can't open file '/opt/airflow/./generator/ecomm_generator.py': [Errno 2] No such file or directory
[2024-06-27T22:51:57.411+0000] {python.py:237} INFO - Done. Returned value was: None
[2024-06-27T22:51:57.411+0000] {taskinstance.py:441} INFO - ::group::Post task execution logs
[2024-06-27T22:51:57.416+0000] {taskinstance.py:1206} INFO - Marking task as SUCCESS. dag_id=ecomm_data_pipeline, task_id=generate_and_insert_data, run_id=scheduled__2023-01-01T01:00:00+00:00, execution_date=20230101T010000, start_date=20240627T225157, end_date=20240627T225157
[2024-06-27T22:51:57.435+0000] {local_task_job_runner.py:240} INFO - Task exited with return code 0
[2024-06-27T22:51:57.443+0000] {taskinstance.py:3503} INFO - 0 downstream tasks scheduled from follow-on schedule check
[2024-06-27T22:51:57.444+0000] {local_task_job_runner.py:222} INFO - ::endgroup::
[2024-06-27T22:59:40.811+0000] {local_task_job_runner.py:120} INFO - ::group::Pre task execution logs
[2024-06-27T22:59:40.821+0000] {taskinstance.py:2076} INFO - Dependencies all met for dep_context=non-requeueable deps ti=<TaskInstance: ecomm_data_pipeline.generate_and_insert_data scheduled__2023-01-01T01:00:00+00:00 [queued]>
[2024-06-27T22:59:40.824+0000] {taskinstance.py:2076} INFO - Dependencies all met for dep_context=requeueable deps ti=<TaskInstance: ecomm_data_pipeline.generate_and_insert_data scheduled__2023-01-01T01:00:00+00:00 [queued]>
[2024-06-27T22:59:40.824+0000] {taskinstance.py:2306} INFO - Starting attempt 1 of 2
[2024-06-27T22:59:40.828+0000] {taskinstance.py:2330} INFO - Executing <Task(PythonOperator): generate_and_insert_data> on 2023-01-01 01:00:00+00:00
[2024-06-27T22:59:40.830+0000] {standard_task_runner.py:63} INFO - Started process 205 to run task
[2024-06-27T22:59:40.831+0000] {standard_task_runner.py:90} INFO - Running: ['airflow', 'tasks', 'run', 'ecomm_data_pipeline', 'generate_and_insert_data', 'scheduled__2023-01-01T01:00:00+00:00', '--job-id', '14', '--raw', '--subdir', 'DAGS_FOLDER/ecomm_dag.py', '--cfg-path', '/tmp/tmpqtfxvdz1']
[2024-06-27T22:59:40.832+0000] {standard_task_runner.py:91} INFO - Job 14: Subtask generate_and_insert_data
[2024-06-27T22:59:40.848+0000] {task_command.py:426} INFO - Running <TaskInstance: ecomm_data_pipeline.generate_and_insert_data scheduled__2023-01-01T01:00:00+00:00 [running]> on host 5cc71d4b298c
[2024-06-27T22:59:40.876+0000] {taskinstance.py:2648} INFO - Exporting env vars: AIRFLOW_CTX_DAG_OWNER='airflow' AIRFLOW_CTX_DAG_ID='ecomm_data_pipeline' AIRFLOW_CTX_TASK_ID='generate_and_insert_data' AIRFLOW_CTX_EXECUTION_DATE='2023-01-01T01:00:00+00:00' AIRFLOW_CTX_TRY_NUMBER='1' AIRFLOW_CTX_DAG_RUN_ID='scheduled__2023-01-01T01:00:00+00:00'
[2024-06-27T22:59:40.876+0000] {taskinstance.py:430} INFO - ::endgroup::
[2024-06-27T22:59:40.931+0000] {logging_mixin.py:188} INFO - Error in generate_and_insert_data: Command '['python3', '/opt/airflow/generator/ecomm_generator.py']' returned non-zero exit status 1.
[2024-06-27T22:59:40.932+0000] {logging_mixin.py:188} INFO - stdout: 
[2024-06-27T22:59:40.932+0000] {logging_mixin.py:188} INFO - stderr: Traceback (most recent call last):
  File "/opt/airflow/generator/ecomm_generator.py", line 4, in <module>
    from faker import Faker
ModuleNotFoundError: No module named 'faker'
[2024-06-27T22:59:40.932+0000] {python.py:237} INFO - Done. Returned value was: None
[2024-06-27T22:59:40.932+0000] {taskinstance.py:441} INFO - ::group::Post task execution logs
[2024-06-27T22:59:40.937+0000] {taskinstance.py:1206} INFO - Marking task as SUCCESS. dag_id=ecomm_data_pipeline, task_id=generate_and_insert_data, run_id=scheduled__2023-01-01T01:00:00+00:00, execution_date=20230101T010000, start_date=20240627T225940, end_date=20240627T225940
[2024-06-27T22:59:40.977+0000] {local_task_job_runner.py:240} INFO - Task exited with return code 0
[2024-06-27T22:59:40.984+0000] {taskinstance.py:3503} INFO - 0 downstream tasks scheduled from follow-on schedule check
[2024-06-27T22:59:40.985+0000] {local_task_job_runner.py:222} INFO - ::endgroup::
[2024-06-27T23:09:20.139+0000] {local_task_job_runner.py:120} INFO - ::group::Pre task execution logs
[2024-06-27T23:09:20.148+0000] {taskinstance.py:2076} INFO - Dependencies all met for dep_context=non-requeueable deps ti=<TaskInstance: ecomm_data_pipeline.generate_and_insert_data scheduled__2023-01-01T01:00:00+00:00 [queued]>
[2024-06-27T23:09:20.151+0000] {taskinstance.py:2076} INFO - Dependencies all met for dep_context=requeueable deps ti=<TaskInstance: ecomm_data_pipeline.generate_and_insert_data scheduled__2023-01-01T01:00:00+00:00 [queued]>
[2024-06-27T23:09:20.151+0000] {taskinstance.py:2306} INFO - Starting attempt 1 of 2
[2024-06-27T23:09:20.155+0000] {taskinstance.py:2330} INFO - Executing <Task(PythonOperator): generate_and_insert_data> on 2023-01-01 01:00:00+00:00
[2024-06-27T23:09:20.156+0000] {standard_task_runner.py:63} INFO - Started process 205 to run task
[2024-06-27T23:09:20.157+0000] {standard_task_runner.py:90} INFO - Running: ['airflow', 'tasks', 'run', 'ecomm_data_pipeline', 'generate_and_insert_data', 'scheduled__2023-01-01T01:00:00+00:00', '--job-id', '14', '--raw', '--subdir', 'DAGS_FOLDER/ecomm_dag.py', '--cfg-path', '/tmp/tmpk9k_3huh']
[2024-06-27T23:09:20.158+0000] {standard_task_runner.py:91} INFO - Job 14: Subtask generate_and_insert_data
[2024-06-27T23:09:20.174+0000] {task_command.py:426} INFO - Running <TaskInstance: ecomm_data_pipeline.generate_and_insert_data scheduled__2023-01-01T01:00:00+00:00 [running]> on host 7147f8a4dc9f
[2024-06-27T23:09:20.201+0000] {taskinstance.py:2648} INFO - Exporting env vars: AIRFLOW_CTX_DAG_OWNER='airflow' AIRFLOW_CTX_DAG_ID='ecomm_data_pipeline' AIRFLOW_CTX_TASK_ID='generate_and_insert_data' AIRFLOW_CTX_EXECUTION_DATE='2023-01-01T01:00:00+00:00' AIRFLOW_CTX_TRY_NUMBER='1' AIRFLOW_CTX_DAG_RUN_ID='scheduled__2023-01-01T01:00:00+00:00'
[2024-06-27T23:09:20.201+0000] {taskinstance.py:430} INFO - ::endgroup::
[2024-06-27T23:09:20.257+0000] {logging_mixin.py:188} INFO - Error in generate_and_insert_data: Command '['python3', '/opt/airflow/generator/ecomm_generator.py']' returned non-zero exit status 1.
[2024-06-27T23:09:20.257+0000] {logging_mixin.py:188} INFO - stdout: 
[2024-06-27T23:09:20.258+0000] {logging_mixin.py:188} INFO - stderr: Traceback (most recent call last):
  File "/opt/airflow/generator/ecomm_generator.py", line 4, in <module>
    from faker import Faker
ModuleNotFoundError: No module named 'faker'
[2024-06-27T23:09:20.258+0000] {python.py:237} INFO - Done. Returned value was: None
[2024-06-27T23:09:20.258+0000] {taskinstance.py:441} INFO - ::group::Post task execution logs
[2024-06-27T23:09:20.263+0000] {taskinstance.py:1206} INFO - Marking task as SUCCESS. dag_id=ecomm_data_pipeline, task_id=generate_and_insert_data, run_id=scheduled__2023-01-01T01:00:00+00:00, execution_date=20230101T010000, start_date=20240627T230920, end_date=20240627T230920
[2024-06-27T23:09:20.298+0000] {local_task_job_runner.py:240} INFO - Task exited with return code 0
[2024-06-27T23:09:20.304+0000] {taskinstance.py:3503} INFO - 0 downstream tasks scheduled from follow-on schedule check
[2024-06-27T23:09:20.305+0000] {local_task_job_runner.py:222} INFO - ::endgroup::
[2024-06-27T23:12:58.105+0000] {local_task_job_runner.py:120} INFO - ::group::Pre task execution logs
[2024-06-27T23:12:58.115+0000] {taskinstance.py:2076} INFO - Dependencies all met for dep_context=non-requeueable deps ti=<TaskInstance: ecomm_data_pipeline.generate_and_insert_data scheduled__2023-01-01T01:00:00+00:00 [queued]>
[2024-06-27T23:12:58.118+0000] {taskinstance.py:2076} INFO - Dependencies all met for dep_context=requeueable deps ti=<TaskInstance: ecomm_data_pipeline.generate_and_insert_data scheduled__2023-01-01T01:00:00+00:00 [queued]>
[2024-06-27T23:12:58.118+0000] {taskinstance.py:2306} INFO - Starting attempt 1 of 2
[2024-06-27T23:12:58.122+0000] {taskinstance.py:2330} INFO - Executing <Task(PythonOperator): generate_and_insert_data> on 2023-01-01 01:00:00+00:00
[2024-06-27T23:12:58.124+0000] {standard_task_runner.py:63} INFO - Started process 205 to run task
[2024-06-27T23:12:58.125+0000] {standard_task_runner.py:90} INFO - Running: ['airflow', 'tasks', 'run', 'ecomm_data_pipeline', 'generate_and_insert_data', 'scheduled__2023-01-01T01:00:00+00:00', '--job-id', '14', '--raw', '--subdir', 'DAGS_FOLDER/ecomm_dag.py', '--cfg-path', '/tmp/tmpqqh0njbb']
[2024-06-27T23:12:58.126+0000] {standard_task_runner.py:91} INFO - Job 14: Subtask generate_and_insert_data
[2024-06-27T23:12:58.143+0000] {task_command.py:426} INFO - Running <TaskInstance: ecomm_data_pipeline.generate_and_insert_data scheduled__2023-01-01T01:00:00+00:00 [running]> on host 4bd55eb76a74
[2024-06-27T23:12:58.171+0000] {taskinstance.py:2648} INFO - Exporting env vars: AIRFLOW_CTX_DAG_OWNER='airflow' AIRFLOW_CTX_DAG_ID='ecomm_data_pipeline' AIRFLOW_CTX_TASK_ID='generate_and_insert_data' AIRFLOW_CTX_EXECUTION_DATE='2023-01-01T01:00:00+00:00' AIRFLOW_CTX_TRY_NUMBER='1' AIRFLOW_CTX_DAG_RUN_ID='scheduled__2023-01-01T01:00:00+00:00'
[2024-06-27T23:12:58.171+0000] {taskinstance.py:430} INFO - ::endgroup::
[2024-06-27T23:12:58.227+0000] {logging_mixin.py:188} INFO - Error in generate_and_insert_data: Command '['python3', '/opt/airflow/generator/ecomm_generator.py']' returned non-zero exit status 1.
[2024-06-27T23:12:58.227+0000] {logging_mixin.py:188} INFO - stdout: 
[2024-06-27T23:12:58.227+0000] {logging_mixin.py:188} INFO - stderr: Traceback (most recent call last):
  File "/opt/airflow/generator/ecomm_generator.py", line 4, in <module>
    from faker import Faker
ModuleNotFoundError: No module named 'faker'
[2024-06-27T23:12:58.227+0000] {python.py:237} INFO - Done. Returned value was: None
[2024-06-27T23:12:58.228+0000] {taskinstance.py:441} INFO - ::group::Post task execution logs
[2024-06-27T23:12:58.233+0000] {taskinstance.py:1206} INFO - Marking task as SUCCESS. dag_id=ecomm_data_pipeline, task_id=generate_and_insert_data, run_id=scheduled__2023-01-01T01:00:00+00:00, execution_date=20230101T010000, start_date=20240627T231258, end_date=20240627T231258
[2024-06-27T23:12:58.274+0000] {local_task_job_runner.py:240} INFO - Task exited with return code 0
[2024-06-27T23:12:58.281+0000] {taskinstance.py:3503} INFO - 0 downstream tasks scheduled from follow-on schedule check
[2024-06-27T23:12:58.282+0000] {local_task_job_runner.py:222} INFO - ::endgroup::
[2024-06-27T23:18:52.163+0000] {local_task_job_runner.py:120} INFO - ::group::Pre task execution logs
[2024-06-27T23:18:52.173+0000] {taskinstance.py:2076} INFO - Dependencies all met for dep_context=non-requeueable deps ti=<TaskInstance: ecomm_data_pipeline.generate_and_insert_data scheduled__2023-01-01T01:00:00+00:00 [queued]>
[2024-06-27T23:18:52.176+0000] {taskinstance.py:2076} INFO - Dependencies all met for dep_context=requeueable deps ti=<TaskInstance: ecomm_data_pipeline.generate_and_insert_data scheduled__2023-01-01T01:00:00+00:00 [queued]>
[2024-06-27T23:18:52.176+0000] {taskinstance.py:2306} INFO - Starting attempt 1 of 2
[2024-06-27T23:18:52.181+0000] {taskinstance.py:2330} INFO - Executing <Task(PythonOperator): generate_and_insert_data> on 2023-01-01 01:00:00+00:00
[2024-06-27T23:18:52.182+0000] {standard_task_runner.py:63} INFO - Started process 205 to run task
[2024-06-27T23:18:52.184+0000] {standard_task_runner.py:90} INFO - Running: ['airflow', 'tasks', 'run', 'ecomm_data_pipeline', 'generate_and_insert_data', 'scheduled__2023-01-01T01:00:00+00:00', '--job-id', '14', '--raw', '--subdir', 'DAGS_FOLDER/ecomm_dag.py', '--cfg-path', '/tmp/tmpq3_gyt31']
[2024-06-27T23:18:52.184+0000] {standard_task_runner.py:91} INFO - Job 14: Subtask generate_and_insert_data
[2024-06-27T23:18:52.201+0000] {task_command.py:426} INFO - Running <TaskInstance: ecomm_data_pipeline.generate_and_insert_data scheduled__2023-01-01T01:00:00+00:00 [running]> on host 73964f870a02
[2024-06-27T23:18:52.233+0000] {taskinstance.py:2648} INFO - Exporting env vars: AIRFLOW_CTX_DAG_OWNER='airflow' AIRFLOW_CTX_DAG_ID='ecomm_data_pipeline' AIRFLOW_CTX_TASK_ID='generate_and_insert_data' AIRFLOW_CTX_EXECUTION_DATE='2023-01-01T01:00:00+00:00' AIRFLOW_CTX_TRY_NUMBER='1' AIRFLOW_CTX_DAG_RUN_ID='scheduled__2023-01-01T01:00:00+00:00'
[2024-06-27T23:18:52.233+0000] {taskinstance.py:430} INFO - ::endgroup::
[2024-06-27T23:18:52.293+0000] {logging_mixin.py:188} INFO - Error in generate_and_insert_data: Command '['python3', '/opt/airflow/generator/ecomm_generator.py']' returned non-zero exit status 1.
[2024-06-27T23:18:52.293+0000] {logging_mixin.py:188} INFO - stdout: 
[2024-06-27T23:18:52.293+0000] {logging_mixin.py:188} INFO - stderr: Traceback (most recent call last):
  File "/opt/airflow/generator/ecomm_generator.py", line 4, in <module>
    from faker import Faker
ModuleNotFoundError: No module named 'faker'
[2024-06-27T23:18:52.293+0000] {python.py:237} INFO - Done. Returned value was: None
[2024-06-27T23:18:52.294+0000] {taskinstance.py:441} INFO - ::group::Post task execution logs
[2024-06-27T23:18:52.299+0000] {taskinstance.py:1206} INFO - Marking task as SUCCESS. dag_id=ecomm_data_pipeline, task_id=generate_and_insert_data, run_id=scheduled__2023-01-01T01:00:00+00:00, execution_date=20230101T010000, start_date=20240627T231852, end_date=20240627T231852
[2024-06-27T23:18:52.337+0000] {local_task_job_runner.py:240} INFO - Task exited with return code 0
[2024-06-27T23:18:52.344+0000] {taskinstance.py:3503} INFO - 0 downstream tasks scheduled from follow-on schedule check
[2024-06-27T23:18:52.344+0000] {local_task_job_runner.py:222} INFO - ::endgroup::
[2024-06-28T18:13:15.613+0000] {local_task_job_runner.py:120} INFO - ::group::Pre task execution logs
[2024-06-28T18:13:15.623+0000] {taskinstance.py:2076} INFO - Dependencies all met for dep_context=non-requeueable deps ti=<TaskInstance: ecomm_data_pipeline.generate_and_insert_data scheduled__2023-01-01T01:00:00+00:00 [queued]>
[2024-06-28T18:13:15.626+0000] {taskinstance.py:2076} INFO - Dependencies all met for dep_context=requeueable deps ti=<TaskInstance: ecomm_data_pipeline.generate_and_insert_data scheduled__2023-01-01T01:00:00+00:00 [queued]>
[2024-06-28T18:13:15.626+0000] {taskinstance.py:2306} INFO - Starting attempt 1 of 2
[2024-06-28T18:13:15.631+0000] {taskinstance.py:2330} INFO - Executing <Task(PythonOperator): generate_and_insert_data> on 2023-01-01 01:00:00+00:00
[2024-06-28T18:13:15.633+0000] {standard_task_runner.py:63} INFO - Started process 205 to run task
[2024-06-28T18:13:15.635+0000] {standard_task_runner.py:90} INFO - Running: ['airflow', 'tasks', 'run', 'ecomm_data_pipeline', 'generate_and_insert_data', 'scheduled__2023-01-01T01:00:00+00:00', '--job-id', '14', '--raw', '--subdir', 'DAGS_FOLDER/ecomm_dag.py', '--cfg-path', '/tmp/tmp0okus479']
[2024-06-28T18:13:15.635+0000] {standard_task_runner.py:91} INFO - Job 14: Subtask generate_and_insert_data
[2024-06-28T18:13:15.652+0000] {task_command.py:426} INFO - Running <TaskInstance: ecomm_data_pipeline.generate_and_insert_data scheduled__2023-01-01T01:00:00+00:00 [running]> on host 08cefd381a1f
[2024-06-28T18:13:15.683+0000] {taskinstance.py:2648} INFO - Exporting env vars: AIRFLOW_CTX_DAG_OWNER='airflow' AIRFLOW_CTX_DAG_ID='ecomm_data_pipeline' AIRFLOW_CTX_TASK_ID='generate_and_insert_data' AIRFLOW_CTX_EXECUTION_DATE='2023-01-01T01:00:00+00:00' AIRFLOW_CTX_TRY_NUMBER='1' AIRFLOW_CTX_DAG_RUN_ID='scheduled__2023-01-01T01:00:00+00:00'
[2024-06-28T18:13:15.683+0000] {taskinstance.py:430} INFO - ::endgroup::
[2024-06-28T18:13:15.738+0000] {logging_mixin.py:188} INFO - Error in generate_and_insert_data: Command '['python3', '/opt/airflow/generator/ecomm_generator.py']' returned non-zero exit status 1.
[2024-06-28T18:13:15.738+0000] {logging_mixin.py:188} INFO - stdout: 
[2024-06-28T18:13:15.739+0000] {logging_mixin.py:188} INFO - stderr: Traceback (most recent call last):
  File "/opt/airflow/generator/ecomm_generator.py", line 4, in <module>
    from faker import Faker
ModuleNotFoundError: No module named 'faker'
[2024-06-28T18:13:15.739+0000] {python.py:237} INFO - Done. Returned value was: None
[2024-06-28T18:13:15.739+0000] {taskinstance.py:441} INFO - ::group::Post task execution logs
[2024-06-28T18:13:15.744+0000] {taskinstance.py:1206} INFO - Marking task as SUCCESS. dag_id=ecomm_data_pipeline, task_id=generate_and_insert_data, run_id=scheduled__2023-01-01T01:00:00+00:00, execution_date=20230101T010000, start_date=20240628T181315, end_date=20240628T181315
[2024-06-28T18:13:15.778+0000] {local_task_job_runner.py:240} INFO - Task exited with return code 0
[2024-06-28T18:13:15.785+0000] {taskinstance.py:3503} INFO - 0 downstream tasks scheduled from follow-on schedule check
[2024-06-28T18:13:15.786+0000] {local_task_job_runner.py:222} INFO - ::endgroup::
[2024-06-28T18:20:30.098+0000] {local_task_job_runner.py:120} INFO - ::group::Pre task execution logs
[2024-06-28T18:20:30.107+0000] {taskinstance.py:2076} INFO - Dependencies all met for dep_context=non-requeueable deps ti=<TaskInstance: ecomm_data_pipeline.generate_and_insert_data scheduled__2023-01-01T01:00:00+00:00 [queued]>
[2024-06-28T18:20:30.110+0000] {taskinstance.py:2076} INFO - Dependencies all met for dep_context=requeueable deps ti=<TaskInstance: ecomm_data_pipeline.generate_and_insert_data scheduled__2023-01-01T01:00:00+00:00 [queued]>
[2024-06-28T18:20:30.110+0000] {taskinstance.py:2306} INFO - Starting attempt 1 of 2
[2024-06-28T18:20:30.115+0000] {taskinstance.py:2330} INFO - Executing <Task(PythonOperator): generate_and_insert_data> on 2023-01-01 01:00:00+00:00
[2024-06-28T18:20:30.116+0000] {standard_task_runner.py:63} INFO - Started process 205 to run task
[2024-06-28T18:20:30.117+0000] {standard_task_runner.py:90} INFO - Running: ['airflow', 'tasks', 'run', 'ecomm_data_pipeline', 'generate_and_insert_data', 'scheduled__2023-01-01T01:00:00+00:00', '--job-id', '14', '--raw', '--subdir', 'DAGS_FOLDER/ecomm_dag.py', '--cfg-path', '/tmp/tmpel_uzg2m']
[2024-06-28T18:20:30.118+0000] {standard_task_runner.py:91} INFO - Job 14: Subtask generate_and_insert_data
[2024-06-28T18:20:30.134+0000] {task_command.py:426} INFO - Running <TaskInstance: ecomm_data_pipeline.generate_and_insert_data scheduled__2023-01-01T01:00:00+00:00 [running]> on host 6570e5857071
[2024-06-28T18:20:30.163+0000] {taskinstance.py:2648} INFO - Exporting env vars: AIRFLOW_CTX_DAG_OWNER='airflow' AIRFLOW_CTX_DAG_ID='ecomm_data_pipeline' AIRFLOW_CTX_TASK_ID='generate_and_insert_data' AIRFLOW_CTX_EXECUTION_DATE='2023-01-01T01:00:00+00:00' AIRFLOW_CTX_TRY_NUMBER='1' AIRFLOW_CTX_DAG_RUN_ID='scheduled__2023-01-01T01:00:00+00:00'
[2024-06-28T18:20:30.163+0000] {taskinstance.py:430} INFO - ::endgroup::
[2024-06-28T18:20:30.219+0000] {logging_mixin.py:188} INFO - Error in generate_and_insert_data: Command '['python3', '/opt/airflow/generator/ecomm_generator.py']' returned non-zero exit status 1.
[2024-06-28T18:20:30.220+0000] {logging_mixin.py:188} INFO - stdout: 
[2024-06-28T18:20:30.220+0000] {logging_mixin.py:188} INFO - stderr: Traceback (most recent call last):
  File "/opt/airflow/generator/ecomm_generator.py", line 4, in <module>
    from faker import Faker
ModuleNotFoundError: No module named 'faker'
[2024-06-28T18:20:30.220+0000] {python.py:237} INFO - Done. Returned value was: None
[2024-06-28T18:20:30.220+0000] {taskinstance.py:441} INFO - ::group::Post task execution logs
[2024-06-28T18:20:30.225+0000] {taskinstance.py:1206} INFO - Marking task as SUCCESS. dag_id=ecomm_data_pipeline, task_id=generate_and_insert_data, run_id=scheduled__2023-01-01T01:00:00+00:00, execution_date=20230101T010000, start_date=20240628T182030, end_date=20240628T182030
[2024-06-28T18:20:30.257+0000] {local_task_job_runner.py:240} INFO - Task exited with return code 0
[2024-06-28T18:20:30.263+0000] {taskinstance.py:3503} INFO - 0 downstream tasks scheduled from follow-on schedule check
[2024-06-28T18:20:30.264+0000] {local_task_job_runner.py:222} INFO - ::endgroup::
[2024-06-28T18:30:32.032+0000] {local_task_job_runner.py:120} INFO - ::group::Pre task execution logs
[2024-06-28T18:30:32.043+0000] {taskinstance.py:2076} INFO - Dependencies all met for dep_context=non-requeueable deps ti=<TaskInstance: ecomm_data_pipeline.generate_and_insert_data scheduled__2023-01-01T01:00:00+00:00 [queued]>
[2024-06-28T18:30:32.045+0000] {taskinstance.py:2076} INFO - Dependencies all met for dep_context=requeueable deps ti=<TaskInstance: ecomm_data_pipeline.generate_and_insert_data scheduled__2023-01-01T01:00:00+00:00 [queued]>
[2024-06-28T18:30:32.045+0000] {taskinstance.py:2306} INFO - Starting attempt 1 of 2
[2024-06-28T18:30:32.049+0000] {taskinstance.py:2330} INFO - Executing <Task(PythonOperator): generate_and_insert_data> on 2023-01-01 01:00:00+00:00
[2024-06-28T18:30:32.051+0000] {standard_task_runner.py:63} INFO - Started process 205 to run task
[2024-06-28T18:30:32.052+0000] {standard_task_runner.py:90} INFO - Running: ['airflow', 'tasks', 'run', 'ecomm_data_pipeline', 'generate_and_insert_data', 'scheduled__2023-01-01T01:00:00+00:00', '--job-id', '14', '--raw', '--subdir', 'DAGS_FOLDER/ecomm_dag.py', '--cfg-path', '/tmp/tmpy5ye8cxl']
[2024-06-28T18:30:32.052+0000] {standard_task_runner.py:91} INFO - Job 14: Subtask generate_and_insert_data
[2024-06-28T18:30:32.068+0000] {task_command.py:426} INFO - Running <TaskInstance: ecomm_data_pipeline.generate_and_insert_data scheduled__2023-01-01T01:00:00+00:00 [running]> on host 50bf780463b8
[2024-06-28T18:30:32.095+0000] {taskinstance.py:2648} INFO - Exporting env vars: AIRFLOW_CTX_DAG_OWNER='airflow' AIRFLOW_CTX_DAG_ID='ecomm_data_pipeline' AIRFLOW_CTX_TASK_ID='generate_and_insert_data' AIRFLOW_CTX_EXECUTION_DATE='2023-01-01T01:00:00+00:00' AIRFLOW_CTX_TRY_NUMBER='1' AIRFLOW_CTX_DAG_RUN_ID='scheduled__2023-01-01T01:00:00+00:00'
[2024-06-28T18:30:32.096+0000] {taskinstance.py:430} INFO - ::endgroup::
[2024-06-28T18:30:32.151+0000] {logging_mixin.py:188} INFO - Error in generate_and_insert_data: Command '['python3', '/opt/airflow/generator/ecomm_generator.py']' returned non-zero exit status 1.
[2024-06-28T18:30:32.151+0000] {logging_mixin.py:188} INFO - stdout: 
[2024-06-28T18:30:32.151+0000] {logging_mixin.py:188} INFO - stderr: Traceback (most recent call last):
  File "/opt/airflow/generator/ecomm_generator.py", line 4, in <module>
    from faker import Faker
ModuleNotFoundError: No module named 'faker'
[2024-06-28T18:30:32.151+0000] {python.py:237} INFO - Done. Returned value was: None
[2024-06-28T18:30:32.152+0000] {taskinstance.py:441} INFO - ::group::Post task execution logs
[2024-06-28T18:30:32.156+0000] {taskinstance.py:1206} INFO - Marking task as SUCCESS. dag_id=ecomm_data_pipeline, task_id=generate_and_insert_data, run_id=scheduled__2023-01-01T01:00:00+00:00, execution_date=20230101T010000, start_date=20240628T183032, end_date=20240628T183032
[2024-06-28T18:30:32.196+0000] {local_task_job_runner.py:240} INFO - Task exited with return code 0
[2024-06-28T18:30:32.202+0000] {taskinstance.py:3503} INFO - 0 downstream tasks scheduled from follow-on schedule check
[2024-06-28T18:30:32.203+0000] {local_task_job_runner.py:222} INFO - ::endgroup::
[2024-06-28T22:13:41.975+0000] {local_task_job_runner.py:120} INFO - ::group::Pre task execution logs
[2024-06-28T22:13:41.984+0000] {taskinstance.py:2076} INFO - Dependencies all met for dep_context=non-requeueable deps ti=<TaskInstance: ecomm_data_pipeline.generate_and_insert_data scheduled__2023-01-01T01:00:00+00:00 [queued]>
[2024-06-28T22:13:41.986+0000] {taskinstance.py:2076} INFO - Dependencies all met for dep_context=requeueable deps ti=<TaskInstance: ecomm_data_pipeline.generate_and_insert_data scheduled__2023-01-01T01:00:00+00:00 [queued]>
[2024-06-28T22:13:41.987+0000] {taskinstance.py:2306} INFO - Starting attempt 1 of 2
[2024-06-28T22:13:41.991+0000] {taskinstance.py:2330} INFO - Executing <Task(PythonOperator): generate_and_insert_data> on 2023-01-01 01:00:00+00:00
[2024-06-28T22:13:41.992+0000] {standard_task_runner.py:63} INFO - Started process 205 to run task
[2024-06-28T22:13:41.993+0000] {standard_task_runner.py:90} INFO - Running: ['airflow', 'tasks', 'run', 'ecomm_data_pipeline', 'generate_and_insert_data', 'scheduled__2023-01-01T01:00:00+00:00', '--job-id', '14', '--raw', '--subdir', 'DAGS_FOLDER/ecomm_dag.py', '--cfg-path', '/tmp/tmpharv_saj']
[2024-06-28T22:13:41.994+0000] {standard_task_runner.py:91} INFO - Job 14: Subtask generate_and_insert_data
[2024-06-28T22:13:42.010+0000] {task_command.py:426} INFO - Running <TaskInstance: ecomm_data_pipeline.generate_and_insert_data scheduled__2023-01-01T01:00:00+00:00 [running]> on host 619125b6796e
[2024-06-28T22:13:42.037+0000] {taskinstance.py:2648} INFO - Exporting env vars: AIRFLOW_CTX_DAG_OWNER='airflow' AIRFLOW_CTX_DAG_ID='ecomm_data_pipeline' AIRFLOW_CTX_TASK_ID='generate_and_insert_data' AIRFLOW_CTX_EXECUTION_DATE='2023-01-01T01:00:00+00:00' AIRFLOW_CTX_TRY_NUMBER='1' AIRFLOW_CTX_DAG_RUN_ID='scheduled__2023-01-01T01:00:00+00:00'
[2024-06-28T22:13:42.038+0000] {taskinstance.py:430} INFO - ::endgroup::
[2024-06-28T22:13:42.093+0000] {logging_mixin.py:188} INFO - Error in generate_and_insert_data: Command '['python3', '/opt/airflow/generator/ecomm_generator.py']' returned non-zero exit status 1.
[2024-06-28T22:13:42.093+0000] {logging_mixin.py:188} INFO - stdout: 
[2024-06-28T22:13:42.093+0000] {logging_mixin.py:188} INFO - stderr: Traceback (most recent call last):
  File "/opt/airflow/generator/ecomm_generator.py", line 4, in <module>
    from faker import Faker
ModuleNotFoundError: No module named 'faker'
[2024-06-28T22:13:42.093+0000] {python.py:237} INFO - Done. Returned value was: None
[2024-06-28T22:13:42.094+0000] {taskinstance.py:441} INFO - ::group::Post task execution logs
[2024-06-28T22:13:42.098+0000] {taskinstance.py:1206} INFO - Marking task as SUCCESS. dag_id=ecomm_data_pipeline, task_id=generate_and_insert_data, run_id=scheduled__2023-01-01T01:00:00+00:00, execution_date=20230101T010000, start_date=20240628T221341, end_date=20240628T221342
[2024-06-28T22:13:42.136+0000] {local_task_job_runner.py:240} INFO - Task exited with return code 0
[2024-06-28T22:13:42.143+0000] {taskinstance.py:3503} INFO - 0 downstream tasks scheduled from follow-on schedule check
[2024-06-28T22:13:42.143+0000] {local_task_job_runner.py:222} INFO - ::endgroup::
[2024-06-29T21:36:47.528+0000] {local_task_job_runner.py:120} INFO - ::group::Pre task execution logs
[2024-06-29T21:36:47.538+0000] {taskinstance.py:2076} INFO - Dependencies all met for dep_context=non-requeueable deps ti=<TaskInstance: ecomm_data_pipeline.generate_and_insert_data scheduled__2023-01-01T01:00:00+00:00 [queued]>
[2024-06-29T21:36:47.541+0000] {taskinstance.py:2076} INFO - Dependencies all met for dep_context=requeueable deps ti=<TaskInstance: ecomm_data_pipeline.generate_and_insert_data scheduled__2023-01-01T01:00:00+00:00 [queued]>
[2024-06-29T21:36:47.541+0000] {taskinstance.py:2306} INFO - Starting attempt 1 of 2
[2024-06-29T21:36:47.545+0000] {taskinstance.py:2330} INFO - Executing <Task(PythonOperator): generate_and_insert_data> on 2023-01-01 01:00:00+00:00
[2024-06-29T21:36:47.547+0000] {standard_task_runner.py:63} INFO - Started process 125 to run task
[2024-06-29T21:36:47.548+0000] {standard_task_runner.py:90} INFO - Running: ['airflow', 'tasks', 'run', 'ecomm_data_pipeline', 'generate_and_insert_data', 'scheduled__2023-01-01T01:00:00+00:00', '--job-id', '8', '--raw', '--subdir', 'DAGS_FOLDER/ecomm_dag.py', '--cfg-path', '/tmp/tmp3zxqjbd5']
[2024-06-29T21:36:47.548+0000] {standard_task_runner.py:91} INFO - Job 8: Subtask generate_and_insert_data
[2024-06-29T21:36:47.568+0000] {task_command.py:426} INFO - Running <TaskInstance: ecomm_data_pipeline.generate_and_insert_data scheduled__2023-01-01T01:00:00+00:00 [running]> on host afcb6fbf9265
[2024-06-29T21:36:47.599+0000] {taskinstance.py:2648} INFO - Exporting env vars: AIRFLOW_CTX_DAG_OWNER='airflow' AIRFLOW_CTX_DAG_ID='ecomm_data_pipeline' AIRFLOW_CTX_TASK_ID='generate_and_insert_data' AIRFLOW_CTX_EXECUTION_DATE='2023-01-01T01:00:00+00:00' AIRFLOW_CTX_TRY_NUMBER='1' AIRFLOW_CTX_DAG_RUN_ID='scheduled__2023-01-01T01:00:00+00:00'
[2024-06-29T21:36:47.600+0000] {taskinstance.py:430} INFO - ::endgroup::
[2024-06-29T21:36:47.654+0000] {logging_mixin.py:188} INFO - Error in generate_and_insert_data: Command '['python3', '/opt/airflow/generator/ecomm_generator.py']' returned non-zero exit status 1.
[2024-06-29T21:36:47.654+0000] {logging_mixin.py:188} INFO - stdout: 
[2024-06-29T21:36:47.654+0000] {logging_mixin.py:188} INFO - stderr: Traceback (most recent call last):
  File "/opt/airflow/generator/ecomm_generator.py", line 4, in <module>
    from faker import Faker
ModuleNotFoundError: No module named 'faker'
[2024-06-29T21:36:47.655+0000] {python.py:237} INFO - Done. Returned value was: None
[2024-06-29T21:36:47.655+0000] {taskinstance.py:441} INFO - ::group::Post task execution logs
[2024-06-29T21:36:47.660+0000] {taskinstance.py:1206} INFO - Marking task as SUCCESS. dag_id=ecomm_data_pipeline, task_id=generate_and_insert_data, run_id=scheduled__2023-01-01T01:00:00+00:00, execution_date=20230101T010000, start_date=20240629T213647, end_date=20240629T213647
[2024-06-29T21:36:47.693+0000] {local_task_job_runner.py:240} INFO - Task exited with return code 0
[2024-06-29T21:36:47.700+0000] {taskinstance.py:3503} INFO - 0 downstream tasks scheduled from follow-on schedule check
[2024-06-29T21:36:47.701+0000] {local_task_job_runner.py:222} INFO - ::endgroup::
[2024-06-29T21:49:04.173+0000] {local_task_job_runner.py:120} INFO - ::group::Pre task execution logs
[2024-06-29T21:49:04.183+0000] {taskinstance.py:2076} INFO - Dependencies all met for dep_context=non-requeueable deps ti=<TaskInstance: ecomm_data_pipeline.generate_and_insert_data scheduled__2023-01-01T01:00:00+00:00 [queued]>
[2024-06-29T21:49:04.185+0000] {taskinstance.py:2076} INFO - Dependencies all met for dep_context=requeueable deps ti=<TaskInstance: ecomm_data_pipeline.generate_and_insert_data scheduled__2023-01-01T01:00:00+00:00 [queued]>
[2024-06-29T21:49:04.186+0000] {taskinstance.py:2306} INFO - Starting attempt 1 of 2
[2024-06-29T21:49:04.190+0000] {taskinstance.py:2330} INFO - Executing <Task(PythonOperator): generate_and_insert_data> on 2023-01-01 01:00:00+00:00
[2024-06-29T21:49:04.191+0000] {standard_task_runner.py:63} INFO - Started process 126 to run task
[2024-06-29T21:49:04.192+0000] {standard_task_runner.py:90} INFO - Running: ['airflow', 'tasks', 'run', 'ecomm_data_pipeline', 'generate_and_insert_data', 'scheduled__2023-01-01T01:00:00+00:00', '--job-id', '8', '--raw', '--subdir', 'DAGS_FOLDER/ecomm_dag.py', '--cfg-path', '/tmp/tmpydzymnn_']
[2024-06-29T21:49:04.193+0000] {standard_task_runner.py:91} INFO - Job 8: Subtask generate_and_insert_data
[2024-06-29T21:49:04.209+0000] {task_command.py:426} INFO - Running <TaskInstance: ecomm_data_pipeline.generate_and_insert_data scheduled__2023-01-01T01:00:00+00:00 [running]> on host 0b7af056b90c
[2024-06-29T21:49:04.237+0000] {taskinstance.py:2648} INFO - Exporting env vars: AIRFLOW_CTX_DAG_OWNER='airflow' AIRFLOW_CTX_DAG_ID='ecomm_data_pipeline' AIRFLOW_CTX_TASK_ID='generate_and_insert_data' AIRFLOW_CTX_EXECUTION_DATE='2023-01-01T01:00:00+00:00' AIRFLOW_CTX_TRY_NUMBER='1' AIRFLOW_CTX_DAG_RUN_ID='scheduled__2023-01-01T01:00:00+00:00'
[2024-06-29T21:49:04.237+0000] {taskinstance.py:430} INFO - ::endgroup::
[2024-06-29T21:49:04.293+0000] {logging_mixin.py:188} INFO - Error in generate_and_insert_data: Command '['python3', '/opt/airflow/generator/ecomm_generator.py']' returned non-zero exit status 1.
[2024-06-29T21:49:04.294+0000] {logging_mixin.py:188} INFO - stdout: 
[2024-06-29T21:49:04.294+0000] {logging_mixin.py:188} INFO - stderr: Traceback (most recent call last):
  File "/opt/airflow/generator/ecomm_generator.py", line 4, in <module>
    from faker import Faker
ModuleNotFoundError: No module named 'faker'
[2024-06-29T21:49:04.294+0000] {python.py:237} INFO - Done. Returned value was: None
[2024-06-29T21:49:04.294+0000] {taskinstance.py:441} INFO - ::group::Post task execution logs
[2024-06-29T21:49:04.299+0000] {taskinstance.py:1206} INFO - Marking task as SUCCESS. dag_id=ecomm_data_pipeline, task_id=generate_and_insert_data, run_id=scheduled__2023-01-01T01:00:00+00:00, execution_date=20230101T010000, start_date=20240629T214904, end_date=20240629T214904
[2024-06-29T21:49:04.344+0000] {local_task_job_runner.py:240} INFO - Task exited with return code 0
[2024-06-29T21:49:04.351+0000] {taskinstance.py:3503} INFO - 0 downstream tasks scheduled from follow-on schedule check
[2024-06-29T21:49:04.352+0000] {local_task_job_runner.py:222} INFO - ::endgroup::
[2024-06-29T22:00:36.709+0000] {local_task_job_runner.py:120} INFO - ::group::Pre task execution logs
[2024-06-29T22:00:36.719+0000] {taskinstance.py:2076} INFO - Dependencies all met for dep_context=non-requeueable deps ti=<TaskInstance: ecomm_data_pipeline.generate_and_insert_data scheduled__2023-01-01T01:00:00+00:00 [queued]>
[2024-06-29T22:00:36.722+0000] {taskinstance.py:2076} INFO - Dependencies all met for dep_context=requeueable deps ti=<TaskInstance: ecomm_data_pipeline.generate_and_insert_data scheduled__2023-01-01T01:00:00+00:00 [queued]>
[2024-06-29T22:00:36.722+0000] {taskinstance.py:2306} INFO - Starting attempt 1 of 2
[2024-06-29T22:00:36.726+0000] {taskinstance.py:2330} INFO - Executing <Task(PythonOperator): generate_and_insert_data> on 2023-01-01 01:00:00+00:00
[2024-06-29T22:00:36.728+0000] {standard_task_runner.py:63} INFO - Started process 126 to run task
[2024-06-29T22:00:36.729+0000] {standard_task_runner.py:90} INFO - Running: ['airflow', 'tasks', 'run', 'ecomm_data_pipeline', 'generate_and_insert_data', 'scheduled__2023-01-01T01:00:00+00:00', '--job-id', '8', '--raw', '--subdir', 'DAGS_FOLDER/ecomm_dag.py', '--cfg-path', '/tmp/tmp9qf7w4wz']
[2024-06-29T22:00:36.730+0000] {standard_task_runner.py:91} INFO - Job 8: Subtask generate_and_insert_data
[2024-06-29T22:00:36.746+0000] {task_command.py:426} INFO - Running <TaskInstance: ecomm_data_pipeline.generate_and_insert_data scheduled__2023-01-01T01:00:00+00:00 [running]> on host 799998b0d26e
[2024-06-29T22:00:36.773+0000] {taskinstance.py:2648} INFO - Exporting env vars: AIRFLOW_CTX_DAG_OWNER='airflow' AIRFLOW_CTX_DAG_ID='ecomm_data_pipeline' AIRFLOW_CTX_TASK_ID='generate_and_insert_data' AIRFLOW_CTX_EXECUTION_DATE='2023-01-01T01:00:00+00:00' AIRFLOW_CTX_TRY_NUMBER='1' AIRFLOW_CTX_DAG_RUN_ID='scheduled__2023-01-01T01:00:00+00:00'
[2024-06-29T22:00:36.774+0000] {taskinstance.py:430} INFO - ::endgroup::
[2024-06-29T22:00:36.828+0000] {logging_mixin.py:188} INFO - Error in generate_and_insert_data: Command '['python3', '/opt/airflow/generator/ecomm_generator.py']' returned non-zero exit status 1.
[2024-06-29T22:00:36.828+0000] {logging_mixin.py:188} INFO - stdout: 
[2024-06-29T22:00:36.828+0000] {logging_mixin.py:188} INFO - stderr: Traceback (most recent call last):
  File "/opt/airflow/generator/ecomm_generator.py", line 4, in <module>
    from faker import Faker
ModuleNotFoundError: No module named 'faker'
[2024-06-29T22:00:36.828+0000] {python.py:237} INFO - Done. Returned value was: None
[2024-06-29T22:00:36.829+0000] {taskinstance.py:441} INFO - ::group::Post task execution logs
[2024-06-29T22:00:36.833+0000] {taskinstance.py:1206} INFO - Marking task as SUCCESS. dag_id=ecomm_data_pipeline, task_id=generate_and_insert_data, run_id=scheduled__2023-01-01T01:00:00+00:00, execution_date=20230101T010000, start_date=20240629T220036, end_date=20240629T220036
[2024-06-29T22:00:36.874+0000] {local_task_job_runner.py:240} INFO - Task exited with return code 0
[2024-06-29T22:00:36.881+0000] {taskinstance.py:3503} INFO - 0 downstream tasks scheduled from follow-on schedule check
[2024-06-29T22:00:36.882+0000] {local_task_job_runner.py:222} INFO - ::endgroup::
