[2024-06-27T22:34:48.683+0000] {local_task_job_runner.py:120} INFO - ::group::Pre task execution logs
[2024-06-27T22:34:48.693+0000] {taskinstance.py:2076} INFO - Dependencies all met for dep_context=non-requeueable deps ti=<TaskInstance: ecomm_data_pipeline.generate_and_insert_data scheduled__2023-01-01T08:40:00+00:00 [queued]>
[2024-06-27T22:34:48.696+0000] {taskinstance.py:2076} INFO - Dependencies all met for dep_context=requeueable deps ti=<TaskInstance: ecomm_data_pipeline.generate_and_insert_data scheduled__2023-01-01T08:40:00+00:00 [queued]>
[2024-06-27T22:34:48.696+0000] {taskinstance.py:2306} INFO - Starting attempt 1 of 2
[2024-06-27T22:34:48.700+0000] {taskinstance.py:2330} INFO - Executing <Task(PythonOperator): generate_and_insert_data> on 2023-01-01 08:40:00+00:00
[2024-06-27T22:34:48.702+0000] {standard_task_runner.py:63} INFO - Started process 1032 to run task
[2024-06-27T22:34:48.703+0000] {standard_task_runner.py:90} INFO - Running: ['airflow', 'tasks', 'run', 'ecomm_data_pipeline', 'generate_and_insert_data', 'scheduled__2023-01-01T08:40:00+00:00', '--job-id', '71', '--raw', '--subdir', 'DAGS_FOLDER/ecomm_dag.py', '--cfg-path', '/tmp/tmpvcs2o4v0']
[2024-06-27T22:34:48.704+0000] {standard_task_runner.py:91} INFO - Job 71: Subtask generate_and_insert_data
[2024-06-27T22:34:48.720+0000] {task_command.py:426} INFO - Running <TaskInstance: ecomm_data_pipeline.generate_and_insert_data scheduled__2023-01-01T08:40:00+00:00 [running]> on host 9174587f6b1d
[2024-06-27T22:34:48.750+0000] {taskinstance.py:2648} INFO - Exporting env vars: AIRFLOW_CTX_DAG_OWNER='airflow' AIRFLOW_CTX_DAG_ID='ecomm_data_pipeline' AIRFLOW_CTX_TASK_ID='generate_and_insert_data' AIRFLOW_CTX_EXECUTION_DATE='2023-01-01T08:40:00+00:00' AIRFLOW_CTX_TRY_NUMBER='1' AIRFLOW_CTX_DAG_RUN_ID='scheduled__2023-01-01T08:40:00+00:00'
[2024-06-27T22:34:48.750+0000] {taskinstance.py:430} INFO - ::endgroup::
[2024-06-27T22:34:48.783+0000] {logging_mixin.py:188} INFO - Error in generate_and_insert_data: Command '['python3', './generator/ecomm_generator.py']' returned non-zero exit status 2.
[2024-06-27T22:34:48.784+0000] {python.py:237} INFO - Done. Returned value was: None
[2024-06-27T22:34:48.784+0000] {taskinstance.py:441} INFO - ::group::Post task execution logs
[2024-06-27T22:34:48.788+0000] {taskinstance.py:1206} INFO - Marking task as SUCCESS. dag_id=ecomm_data_pipeline, task_id=generate_and_insert_data, run_id=scheduled__2023-01-01T08:40:00+00:00, execution_date=20230101T084000, start_date=20240627T223448, end_date=20240627T223448
[2024-06-27T22:34:48.809+0000] {local_task_job_runner.py:240} INFO - Task exited with return code 0
[2024-06-27T22:34:48.816+0000] {taskinstance.py:3503} INFO - 0 downstream tasks scheduled from follow-on schedule check
[2024-06-27T22:34:48.817+0000] {local_task_job_runner.py:222} INFO - ::endgroup::
[2024-06-28T18:15:42.482+0000] {local_task_job_runner.py:120} INFO - ::group::Pre task execution logs
[2024-06-28T18:15:42.492+0000] {taskinstance.py:2076} INFO - Dependencies all met for dep_context=non-requeueable deps ti=<TaskInstance: ecomm_data_pipeline.generate_and_insert_data scheduled__2023-01-01T08:40:00+00:00 [queued]>
[2024-06-28T18:15:42.495+0000] {taskinstance.py:2076} INFO - Dependencies all met for dep_context=requeueable deps ti=<TaskInstance: ecomm_data_pipeline.generate_and_insert_data scheduled__2023-01-01T08:40:00+00:00 [queued]>
[2024-06-28T18:15:42.495+0000] {taskinstance.py:2306} INFO - Starting attempt 1 of 2
[2024-06-28T18:15:42.499+0000] {taskinstance.py:2330} INFO - Executing <Task(PythonOperator): generate_and_insert_data> on 2023-01-01 08:40:00+00:00
[2024-06-28T18:15:42.501+0000] {standard_task_runner.py:63} INFO - Started process 1510 to run task
[2024-06-28T18:15:42.502+0000] {standard_task_runner.py:90} INFO - Running: ['airflow', 'tasks', 'run', 'ecomm_data_pipeline', 'generate_and_insert_data', 'scheduled__2023-01-01T08:40:00+00:00', '--job-id', '107', '--raw', '--subdir', 'DAGS_FOLDER/ecomm_dag.py', '--cfg-path', '/tmp/tmpm8cdr915']
[2024-06-28T18:15:42.502+0000] {standard_task_runner.py:91} INFO - Job 107: Subtask generate_and_insert_data
[2024-06-28T18:15:42.520+0000] {task_command.py:426} INFO - Running <TaskInstance: ecomm_data_pipeline.generate_and_insert_data scheduled__2023-01-01T08:40:00+00:00 [running]> on host 08cefd381a1f
[2024-06-28T18:15:42.550+0000] {taskinstance.py:2648} INFO - Exporting env vars: AIRFLOW_CTX_DAG_OWNER='airflow' AIRFLOW_CTX_DAG_ID='ecomm_data_pipeline' AIRFLOW_CTX_TASK_ID='generate_and_insert_data' AIRFLOW_CTX_EXECUTION_DATE='2023-01-01T08:40:00+00:00' AIRFLOW_CTX_TRY_NUMBER='1' AIRFLOW_CTX_DAG_RUN_ID='scheduled__2023-01-01T08:40:00+00:00'
[2024-06-28T18:15:42.550+0000] {taskinstance.py:430} INFO - ::endgroup::
[2024-06-28T18:15:42.605+0000] {logging_mixin.py:188} INFO - Error in generate_and_insert_data: Command '['python3', '/opt/airflow/generator/ecomm_generator.py']' returned non-zero exit status 1.
[2024-06-28T18:15:42.606+0000] {logging_mixin.py:188} INFO - stdout: 
[2024-06-28T18:15:42.606+0000] {logging_mixin.py:188} INFO - stderr: Traceback (most recent call last):
  File "/opt/airflow/generator/ecomm_generator.py", line 4, in <module>
    from faker import Faker
ModuleNotFoundError: No module named 'faker'
[2024-06-28T18:15:42.606+0000] {python.py:237} INFO - Done. Returned value was: None
[2024-06-28T18:15:42.606+0000] {taskinstance.py:441} INFO - ::group::Post task execution logs
[2024-06-28T18:15:42.611+0000] {taskinstance.py:1206} INFO - Marking task as SUCCESS. dag_id=ecomm_data_pipeline, task_id=generate_and_insert_data, run_id=scheduled__2023-01-01T08:40:00+00:00, execution_date=20230101T084000, start_date=20240628T181542, end_date=20240628T181542
[2024-06-28T18:15:42.644+0000] {local_task_job_runner.py:240} INFO - Task exited with return code 0
[2024-06-28T18:15:42.650+0000] {taskinstance.py:3503} INFO - 0 downstream tasks scheduled from follow-on schedule check
[2024-06-28T18:15:42.651+0000] {local_task_job_runner.py:222} INFO - ::endgroup::
[2024-06-28T18:22:17.616+0000] {local_task_job_runner.py:120} INFO - ::group::Pre task execution logs
[2024-06-28T18:22:17.626+0000] {taskinstance.py:2076} INFO - Dependencies all met for dep_context=non-requeueable deps ti=<TaskInstance: ecomm_data_pipeline.generate_and_insert_data scheduled__2023-01-01T08:40:00+00:00 [queued]>
[2024-06-28T18:22:17.629+0000] {taskinstance.py:2076} INFO - Dependencies all met for dep_context=requeueable deps ti=<TaskInstance: ecomm_data_pipeline.generate_and_insert_data scheduled__2023-01-01T08:40:00+00:00 [queued]>
[2024-06-28T18:22:17.629+0000] {taskinstance.py:2306} INFO - Starting attempt 1 of 2
[2024-06-28T18:22:17.633+0000] {taskinstance.py:2330} INFO - Executing <Task(PythonOperator): generate_and_insert_data> on 2023-01-01 08:40:00+00:00
[2024-06-28T18:22:17.635+0000] {standard_task_runner.py:63} INFO - Started process 1084 to run task
[2024-06-28T18:22:17.636+0000] {standard_task_runner.py:90} INFO - Running: ['airflow', 'tasks', 'run', 'ecomm_data_pipeline', 'generate_and_insert_data', 'scheduled__2023-01-01T08:40:00+00:00', '--job-id', '75', '--raw', '--subdir', 'DAGS_FOLDER/ecomm_dag.py', '--cfg-path', '/tmp/tmp7v2z74vz']
[2024-06-28T18:22:17.637+0000] {standard_task_runner.py:91} INFO - Job 75: Subtask generate_and_insert_data
[2024-06-28T18:22:17.653+0000] {task_command.py:426} INFO - Running <TaskInstance: ecomm_data_pipeline.generate_and_insert_data scheduled__2023-01-01T08:40:00+00:00 [running]> on host 6570e5857071
[2024-06-28T18:22:17.682+0000] {taskinstance.py:2648} INFO - Exporting env vars: AIRFLOW_CTX_DAG_OWNER='airflow' AIRFLOW_CTX_DAG_ID='ecomm_data_pipeline' AIRFLOW_CTX_TASK_ID='generate_and_insert_data' AIRFLOW_CTX_EXECUTION_DATE='2023-01-01T08:40:00+00:00' AIRFLOW_CTX_TRY_NUMBER='1' AIRFLOW_CTX_DAG_RUN_ID='scheduled__2023-01-01T08:40:00+00:00'
[2024-06-28T18:22:17.682+0000] {taskinstance.py:430} INFO - ::endgroup::
[2024-06-28T18:22:17.738+0000] {logging_mixin.py:188} INFO - Error in generate_and_insert_data: Command '['python3', '/opt/airflow/generator/ecomm_generator.py']' returned non-zero exit status 1.
[2024-06-28T18:22:17.738+0000] {logging_mixin.py:188} INFO - stdout: 
[2024-06-28T18:22:17.738+0000] {logging_mixin.py:188} INFO - stderr: Traceback (most recent call last):
  File "/opt/airflow/generator/ecomm_generator.py", line 4, in <module>
    from faker import Faker
ModuleNotFoundError: No module named 'faker'
[2024-06-28T18:22:17.738+0000] {python.py:237} INFO - Done. Returned value was: None
[2024-06-28T18:22:17.739+0000] {taskinstance.py:441} INFO - ::group::Post task execution logs
[2024-06-28T18:22:17.743+0000] {taskinstance.py:1206} INFO - Marking task as SUCCESS. dag_id=ecomm_data_pipeline, task_id=generate_and_insert_data, run_id=scheduled__2023-01-01T08:40:00+00:00, execution_date=20230101T084000, start_date=20240628T182217, end_date=20240628T182217
[2024-06-28T18:22:17.776+0000] {local_task_job_runner.py:240} INFO - Task exited with return code 0
[2024-06-28T18:22:17.783+0000] {taskinstance.py:3503} INFO - 0 downstream tasks scheduled from follow-on schedule check
[2024-06-28T18:22:17.783+0000] {local_task_job_runner.py:222} INFO - ::endgroup::
