[2024-06-27T22:34:10.721+0000] {local_task_job_runner.py:120} INFO - ::group::Pre task execution logs
[2024-06-27T22:34:10.730+0000] {taskinstance.py:2076} INFO - Dependencies all met for dep_context=non-requeueable deps ti=<TaskInstance: ecomm_data_pipeline.generate_and_insert_data scheduled__2023-01-01T05:20:00+00:00 [queued]>
[2024-06-27T22:34:10.733+0000] {taskinstance.py:2076} INFO - Dependencies all met for dep_context=requeueable deps ti=<TaskInstance: ecomm_data_pipeline.generate_and_insert_data scheduled__2023-01-01T05:20:00+00:00 [queued]>
[2024-06-27T22:34:10.733+0000] {taskinstance.py:2306} INFO - Starting attempt 1 of 2
[2024-06-27T22:34:10.737+0000] {taskinstance.py:2330} INFO - Executing <Task(PythonOperator): generate_and_insert_data> on 2023-01-01 05:20:00+00:00
[2024-06-27T22:34:10.739+0000] {standard_task_runner.py:63} INFO - Started process 732 to run task
[2024-06-27T22:34:10.740+0000] {standard_task_runner.py:90} INFO - Running: ['airflow', 'tasks', 'run', 'ecomm_data_pipeline', 'generate_and_insert_data', 'scheduled__2023-01-01T05:20:00+00:00', '--job-id', '51', '--raw', '--subdir', 'DAGS_FOLDER/ecomm_dag.py', '--cfg-path', '/tmp/tmp7407dum8']
[2024-06-27T22:34:10.740+0000] {standard_task_runner.py:91} INFO - Job 51: Subtask generate_and_insert_data
[2024-06-27T22:34:10.757+0000] {task_command.py:426} INFO - Running <TaskInstance: ecomm_data_pipeline.generate_and_insert_data scheduled__2023-01-01T05:20:00+00:00 [running]> on host 9174587f6b1d
[2024-06-27T22:34:10.785+0000] {taskinstance.py:2648} INFO - Exporting env vars: AIRFLOW_CTX_DAG_OWNER='airflow' AIRFLOW_CTX_DAG_ID='ecomm_data_pipeline' AIRFLOW_CTX_TASK_ID='generate_and_insert_data' AIRFLOW_CTX_EXECUTION_DATE='2023-01-01T05:20:00+00:00' AIRFLOW_CTX_TRY_NUMBER='1' AIRFLOW_CTX_DAG_RUN_ID='scheduled__2023-01-01T05:20:00+00:00'
[2024-06-27T22:34:10.785+0000] {taskinstance.py:430} INFO - ::endgroup::
[2024-06-27T22:34:10.819+0000] {logging_mixin.py:188} INFO - Error in generate_and_insert_data: Command '['python3', './generator/ecomm_generator.py']' returned non-zero exit status 2.
[2024-06-27T22:34:10.819+0000] {python.py:237} INFO - Done. Returned value was: None
[2024-06-27T22:34:10.820+0000] {taskinstance.py:441} INFO - ::group::Post task execution logs
[2024-06-27T22:34:10.825+0000] {taskinstance.py:1206} INFO - Marking task as SUCCESS. dag_id=ecomm_data_pipeline, task_id=generate_and_insert_data, run_id=scheduled__2023-01-01T05:20:00+00:00, execution_date=20230101T052000, start_date=20240627T223410, end_date=20240627T223410
[2024-06-27T22:34:10.839+0000] {local_task_job_runner.py:240} INFO - Task exited with return code 0
[2024-06-27T22:34:10.846+0000] {taskinstance.py:3503} INFO - 0 downstream tasks scheduled from follow-on schedule check
[2024-06-27T22:34:10.847+0000] {local_task_job_runner.py:222} INFO - ::endgroup::
[2024-06-27T22:53:16.090+0000] {local_task_job_runner.py:120} INFO - ::group::Pre task execution logs
[2024-06-27T22:53:16.101+0000] {taskinstance.py:2076} INFO - Dependencies all met for dep_context=non-requeueable deps ti=<TaskInstance: ecomm_data_pipeline.generate_and_insert_data scheduled__2023-01-01T05:20:00+00:00 [queued]>
[2024-06-27T22:53:16.104+0000] {taskinstance.py:2076} INFO - Dependencies all met for dep_context=requeueable deps ti=<TaskInstance: ecomm_data_pipeline.generate_and_insert_data scheduled__2023-01-01T05:20:00+00:00 [queued]>
[2024-06-27T22:53:16.104+0000] {taskinstance.py:2306} INFO - Starting attempt 1 of 2
[2024-06-27T22:53:16.109+0000] {taskinstance.py:2330} INFO - Executing <Task(PythonOperator): generate_and_insert_data> on 2023-01-01 05:20:00+00:00
[2024-06-27T22:53:16.110+0000] {standard_task_runner.py:63} INFO - Started process 911 to run task
[2024-06-27T22:53:16.111+0000] {standard_task_runner.py:90} INFO - Running: ['airflow', 'tasks', 'run', 'ecomm_data_pipeline', 'generate_and_insert_data', 'scheduled__2023-01-01T05:20:00+00:00', '--job-id', '64', '--raw', '--subdir', 'DAGS_FOLDER/ecomm_dag.py', '--cfg-path', '/tmp/tmpa3m_84q5']
[2024-06-27T22:53:16.112+0000] {standard_task_runner.py:91} INFO - Job 64: Subtask generate_and_insert_data
[2024-06-27T22:53:16.129+0000] {task_command.py:426} INFO - Running <TaskInstance: ecomm_data_pipeline.generate_and_insert_data scheduled__2023-01-01T05:20:00+00:00 [running]> on host a70edf9d8581
[2024-06-27T22:53:16.157+0000] {taskinstance.py:2648} INFO - Exporting env vars: AIRFLOW_CTX_DAG_OWNER='airflow' AIRFLOW_CTX_DAG_ID='ecomm_data_pipeline' AIRFLOW_CTX_TASK_ID='generate_and_insert_data' AIRFLOW_CTX_EXECUTION_DATE='2023-01-01T05:20:00+00:00' AIRFLOW_CTX_TRY_NUMBER='1' AIRFLOW_CTX_DAG_RUN_ID='scheduled__2023-01-01T05:20:00+00:00'
[2024-06-27T22:53:16.157+0000] {taskinstance.py:430} INFO - ::endgroup::
[2024-06-27T22:53:16.191+0000] {logging_mixin.py:188} INFO - Error in generate_and_insert_data: Command '['python3', './generator/ecomm_generator.py']' returned non-zero exit status 2.
[2024-06-27T22:53:16.191+0000] {logging_mixin.py:188} INFO - stdout: 
[2024-06-27T22:53:16.191+0000] {logging_mixin.py:188} INFO - stderr: python3: can't open file '/opt/airflow/./generator/ecomm_generator.py': [Errno 2] No such file or directory
[2024-06-27T22:53:16.191+0000] {python.py:237} INFO - Done. Returned value was: None
[2024-06-27T22:53:16.191+0000] {taskinstance.py:441} INFO - ::group::Post task execution logs
[2024-06-27T22:53:16.196+0000] {taskinstance.py:1206} INFO - Marking task as SUCCESS. dag_id=ecomm_data_pipeline, task_id=generate_and_insert_data, run_id=scheduled__2023-01-01T05:20:00+00:00, execution_date=20230101T052000, start_date=20240627T225316, end_date=20240627T225316
[2024-06-27T22:53:16.212+0000] {local_task_job_runner.py:240} INFO - Task exited with return code 0
[2024-06-27T22:53:16.218+0000] {taskinstance.py:3503} INFO - 0 downstream tasks scheduled from follow-on schedule check
[2024-06-27T22:53:16.219+0000] {local_task_job_runner.py:222} INFO - ::endgroup::
[2024-06-28T18:14:37.309+0000] {local_task_job_runner.py:120} INFO - ::group::Pre task execution logs
[2024-06-28T18:14:37.320+0000] {taskinstance.py:2076} INFO - Dependencies all met for dep_context=non-requeueable deps ti=<TaskInstance: ecomm_data_pipeline.generate_and_insert_data scheduled__2023-01-01T05:20:00+00:00 [queued]>
[2024-06-28T18:14:37.323+0000] {taskinstance.py:2076} INFO - Dependencies all met for dep_context=requeueable deps ti=<TaskInstance: ecomm_data_pipeline.generate_and_insert_data scheduled__2023-01-01T05:20:00+00:00 [queued]>
[2024-06-28T18:14:37.323+0000] {taskinstance.py:2306} INFO - Starting attempt 1 of 2
[2024-06-28T18:14:37.328+0000] {taskinstance.py:2330} INFO - Executing <Task(PythonOperator): generate_and_insert_data> on 2023-01-01 05:20:00+00:00
[2024-06-28T18:14:37.329+0000] {standard_task_runner.py:63} INFO - Started process 937 to run task
[2024-06-28T18:14:37.331+0000] {standard_task_runner.py:90} INFO - Running: ['airflow', 'tasks', 'run', 'ecomm_data_pipeline', 'generate_and_insert_data', 'scheduled__2023-01-01T05:20:00+00:00', '--job-id', '66', '--raw', '--subdir', 'DAGS_FOLDER/ecomm_dag.py', '--cfg-path', '/tmp/tmpblge990l']
[2024-06-28T18:14:37.331+0000] {standard_task_runner.py:91} INFO - Job 66: Subtask generate_and_insert_data
[2024-06-28T18:14:37.349+0000] {task_command.py:426} INFO - Running <TaskInstance: ecomm_data_pipeline.generate_and_insert_data scheduled__2023-01-01T05:20:00+00:00 [running]> on host 08cefd381a1f
[2024-06-28T18:14:37.379+0000] {taskinstance.py:2648} INFO - Exporting env vars: AIRFLOW_CTX_DAG_OWNER='airflow' AIRFLOW_CTX_DAG_ID='ecomm_data_pipeline' AIRFLOW_CTX_TASK_ID='generate_and_insert_data' AIRFLOW_CTX_EXECUTION_DATE='2023-01-01T05:20:00+00:00' AIRFLOW_CTX_TRY_NUMBER='1' AIRFLOW_CTX_DAG_RUN_ID='scheduled__2023-01-01T05:20:00+00:00'
[2024-06-28T18:14:37.379+0000] {taskinstance.py:430} INFO - ::endgroup::
[2024-06-28T18:14:37.439+0000] {logging_mixin.py:188} INFO - Error in generate_and_insert_data: Command '['python3', '/opt/airflow/generator/ecomm_generator.py']' returned non-zero exit status 1.
[2024-06-28T18:14:37.439+0000] {logging_mixin.py:188} INFO - stdout: 
[2024-06-28T18:14:37.440+0000] {logging_mixin.py:188} INFO - stderr: Traceback (most recent call last):
  File "/opt/airflow/generator/ecomm_generator.py", line 4, in <module>
    from faker import Faker
ModuleNotFoundError: No module named 'faker'
[2024-06-28T18:14:37.440+0000] {python.py:237} INFO - Done. Returned value was: None
[2024-06-28T18:14:37.440+0000] {taskinstance.py:441} INFO - ::group::Post task execution logs
[2024-06-28T18:14:37.446+0000] {taskinstance.py:1206} INFO - Marking task as SUCCESS. dag_id=ecomm_data_pipeline, task_id=generate_and_insert_data, run_id=scheduled__2023-01-01T05:20:00+00:00, execution_date=20230101T052000, start_date=20240628T181437, end_date=20240628T181437
[2024-06-28T18:14:37.475+0000] {local_task_job_runner.py:240} INFO - Task exited with return code 0
[2024-06-28T18:14:37.481+0000] {taskinstance.py:3503} INFO - 0 downstream tasks scheduled from follow-on schedule check
[2024-06-28T18:14:37.482+0000] {local_task_job_runner.py:222} INFO - ::endgroup::
[2024-06-28T18:21:40.257+0000] {local_task_job_runner.py:120} INFO - ::group::Pre task execution logs
[2024-06-28T18:21:40.267+0000] {taskinstance.py:2076} INFO - Dependencies all met for dep_context=non-requeueable deps ti=<TaskInstance: ecomm_data_pipeline.generate_and_insert_data scheduled__2023-01-01T05:20:00+00:00 [queued]>
[2024-06-28T18:21:40.270+0000] {taskinstance.py:2076} INFO - Dependencies all met for dep_context=requeueable deps ti=<TaskInstance: ecomm_data_pipeline.generate_and_insert_data scheduled__2023-01-01T05:20:00+00:00 [queued]>
[2024-06-28T18:21:40.270+0000] {taskinstance.py:2306} INFO - Starting attempt 1 of 2
[2024-06-28T18:21:40.274+0000] {taskinstance.py:2330} INFO - Executing <Task(PythonOperator): generate_and_insert_data> on 2023-01-01 05:20:00+00:00
[2024-06-28T18:21:40.276+0000] {standard_task_runner.py:63} INFO - Started process 794 to run task
[2024-06-28T18:21:40.277+0000] {standard_task_runner.py:90} INFO - Running: ['airflow', 'tasks', 'run', 'ecomm_data_pipeline', 'generate_and_insert_data', 'scheduled__2023-01-01T05:20:00+00:00', '--job-id', '55', '--raw', '--subdir', 'DAGS_FOLDER/ecomm_dag.py', '--cfg-path', '/tmp/tmpc6sh84kr']
[2024-06-28T18:21:40.278+0000] {standard_task_runner.py:91} INFO - Job 55: Subtask generate_and_insert_data
[2024-06-28T18:21:40.294+0000] {task_command.py:426} INFO - Running <TaskInstance: ecomm_data_pipeline.generate_and_insert_data scheduled__2023-01-01T05:20:00+00:00 [running]> on host 6570e5857071
[2024-06-28T18:21:40.322+0000] {taskinstance.py:2648} INFO - Exporting env vars: AIRFLOW_CTX_DAG_OWNER='airflow' AIRFLOW_CTX_DAG_ID='ecomm_data_pipeline' AIRFLOW_CTX_TASK_ID='generate_and_insert_data' AIRFLOW_CTX_EXECUTION_DATE='2023-01-01T05:20:00+00:00' AIRFLOW_CTX_TRY_NUMBER='1' AIRFLOW_CTX_DAG_RUN_ID='scheduled__2023-01-01T05:20:00+00:00'
[2024-06-28T18:21:40.323+0000] {taskinstance.py:430} INFO - ::endgroup::
[2024-06-28T18:21:40.380+0000] {logging_mixin.py:188} INFO - Error in generate_and_insert_data: Command '['python3', '/opt/airflow/generator/ecomm_generator.py']' returned non-zero exit status 1.
[2024-06-28T18:21:40.380+0000] {logging_mixin.py:188} INFO - stdout: 
[2024-06-28T18:21:40.380+0000] {logging_mixin.py:188} INFO - stderr: Traceback (most recent call last):
  File "/opt/airflow/generator/ecomm_generator.py", line 4, in <module>
    from faker import Faker
ModuleNotFoundError: No module named 'faker'
[2024-06-28T18:21:40.380+0000] {python.py:237} INFO - Done. Returned value was: None
[2024-06-28T18:21:40.381+0000] {taskinstance.py:441} INFO - ::group::Post task execution logs
[2024-06-28T18:21:40.385+0000] {taskinstance.py:1206} INFO - Marking task as SUCCESS. dag_id=ecomm_data_pipeline, task_id=generate_and_insert_data, run_id=scheduled__2023-01-01T05:20:00+00:00, execution_date=20230101T052000, start_date=20240628T182140, end_date=20240628T182140
[2024-06-28T18:21:40.424+0000] {local_task_job_runner.py:240} INFO - Task exited with return code 0
[2024-06-28T18:21:40.431+0000] {taskinstance.py:3503} INFO - 0 downstream tasks scheduled from follow-on schedule check
[2024-06-28T18:21:40.432+0000] {local_task_job_runner.py:222} INFO - ::endgroup::
[2024-06-28T18:31:36.528+0000] {local_task_job_runner.py:120} INFO - ::group::Pre task execution logs
[2024-06-28T18:31:36.539+0000] {taskinstance.py:2076} INFO - Dependencies all met for dep_context=non-requeueable deps ti=<TaskInstance: ecomm_data_pipeline.generate_and_insert_data scheduled__2023-01-01T05:20:00+00:00 [queued]>
[2024-06-28T18:31:36.541+0000] {taskinstance.py:2076} INFO - Dependencies all met for dep_context=requeueable deps ti=<TaskInstance: ecomm_data_pipeline.generate_and_insert_data scheduled__2023-01-01T05:20:00+00:00 [queued]>
[2024-06-28T18:31:36.541+0000] {taskinstance.py:2306} INFO - Starting attempt 1 of 2
[2024-06-28T18:31:36.546+0000] {taskinstance.py:2330} INFO - Executing <Task(PythonOperator): generate_and_insert_data> on 2023-01-01 05:20:00+00:00
[2024-06-28T18:31:36.547+0000] {standard_task_runner.py:63} INFO - Started process 732 to run task
[2024-06-28T18:31:36.549+0000] {standard_task_runner.py:90} INFO - Running: ['airflow', 'tasks', 'run', 'ecomm_data_pipeline', 'generate_and_insert_data', 'scheduled__2023-01-01T05:20:00+00:00', '--job-id', '51', '--raw', '--subdir', 'DAGS_FOLDER/ecomm_dag.py', '--cfg-path', '/tmp/tmp7of38l9_']
[2024-06-28T18:31:36.549+0000] {standard_task_runner.py:91} INFO - Job 51: Subtask generate_and_insert_data
[2024-06-28T18:31:36.566+0000] {task_command.py:426} INFO - Running <TaskInstance: ecomm_data_pipeline.generate_and_insert_data scheduled__2023-01-01T05:20:00+00:00 [running]> on host 50bf780463b8
[2024-06-28T18:31:36.594+0000] {taskinstance.py:2648} INFO - Exporting env vars: AIRFLOW_CTX_DAG_OWNER='airflow' AIRFLOW_CTX_DAG_ID='ecomm_data_pipeline' AIRFLOW_CTX_TASK_ID='generate_and_insert_data' AIRFLOW_CTX_EXECUTION_DATE='2023-01-01T05:20:00+00:00' AIRFLOW_CTX_TRY_NUMBER='1' AIRFLOW_CTX_DAG_RUN_ID='scheduled__2023-01-01T05:20:00+00:00'
[2024-06-28T18:31:36.594+0000] {taskinstance.py:430} INFO - ::endgroup::
[2024-06-28T18:31:36.651+0000] {logging_mixin.py:188} INFO - Error in generate_and_insert_data: Command '['python3', '/opt/airflow/generator/ecomm_generator.py']' returned non-zero exit status 1.
[2024-06-28T18:31:36.652+0000] {logging_mixin.py:188} INFO - stdout: 
[2024-06-28T18:31:36.652+0000] {logging_mixin.py:188} INFO - stderr: Traceback (most recent call last):
  File "/opt/airflow/generator/ecomm_generator.py", line 4, in <module>
    from faker import Faker
ModuleNotFoundError: No module named 'faker'
[2024-06-28T18:31:36.652+0000] {python.py:237} INFO - Done. Returned value was: None
[2024-06-28T18:31:36.652+0000] {taskinstance.py:441} INFO - ::group::Post task execution logs
[2024-06-28T18:31:36.657+0000] {taskinstance.py:1206} INFO - Marking task as SUCCESS. dag_id=ecomm_data_pipeline, task_id=generate_and_insert_data, run_id=scheduled__2023-01-01T05:20:00+00:00, execution_date=20230101T052000, start_date=20240628T183136, end_date=20240628T183136
[2024-06-28T18:31:36.697+0000] {local_task_job_runner.py:240} INFO - Task exited with return code 0
[2024-06-28T18:31:36.704+0000] {taskinstance.py:3503} INFO - 0 downstream tasks scheduled from follow-on schedule check
[2024-06-28T18:31:36.704+0000] {local_task_job_runner.py:222} INFO - ::endgroup::
[2024-06-29T21:37:36.283+0000] {local_task_job_runner.py:120} INFO - ::group::Pre task execution logs
[2024-06-29T21:37:36.293+0000] {taskinstance.py:2076} INFO - Dependencies all met for dep_context=non-requeueable deps ti=<TaskInstance: ecomm_data_pipeline.generate_and_insert_data scheduled__2023-01-01T05:20:00+00:00 [queued]>
[2024-06-29T21:37:36.295+0000] {taskinstance.py:2076} INFO - Dependencies all met for dep_context=requeueable deps ti=<TaskInstance: ecomm_data_pipeline.generate_and_insert_data scheduled__2023-01-01T05:20:00+00:00 [queued]>
[2024-06-29T21:37:36.295+0000] {taskinstance.py:2306} INFO - Starting attempt 1 of 2
[2024-06-29T21:37:36.299+0000] {taskinstance.py:2330} INFO - Executing <Task(PythonOperator): generate_and_insert_data> on 2023-01-01 05:20:00+00:00
[2024-06-29T21:37:36.301+0000] {standard_task_runner.py:63} INFO - Started process 507 to run task
[2024-06-29T21:37:36.302+0000] {standard_task_runner.py:90} INFO - Running: ['airflow', 'tasks', 'run', 'ecomm_data_pipeline', 'generate_and_insert_data', 'scheduled__2023-01-01T05:20:00+00:00', '--job-id', '34', '--raw', '--subdir', 'DAGS_FOLDER/ecomm_dag.py', '--cfg-path', '/tmp/tmpoq02_pek']
[2024-06-29T21:37:36.303+0000] {standard_task_runner.py:91} INFO - Job 34: Subtask generate_and_insert_data
[2024-06-29T21:37:36.320+0000] {task_command.py:426} INFO - Running <TaskInstance: ecomm_data_pipeline.generate_and_insert_data scheduled__2023-01-01T05:20:00+00:00 [running]> on host afcb6fbf9265
[2024-06-29T21:37:36.347+0000] {taskinstance.py:2648} INFO - Exporting env vars: AIRFLOW_CTX_DAG_OWNER='airflow' AIRFLOW_CTX_DAG_ID='ecomm_data_pipeline' AIRFLOW_CTX_TASK_ID='generate_and_insert_data' AIRFLOW_CTX_EXECUTION_DATE='2023-01-01T05:20:00+00:00' AIRFLOW_CTX_TRY_NUMBER='1' AIRFLOW_CTX_DAG_RUN_ID='scheduled__2023-01-01T05:20:00+00:00'
[2024-06-29T21:37:36.348+0000] {taskinstance.py:430} INFO - ::endgroup::
[2024-06-29T21:37:36.401+0000] {logging_mixin.py:188} INFO - Error in generate_and_insert_data: Command '['python3', '/opt/airflow/generator/ecomm_generator.py']' returned non-zero exit status 1.
[2024-06-29T21:37:36.402+0000] {logging_mixin.py:188} INFO - stdout: 
[2024-06-29T21:37:36.402+0000] {logging_mixin.py:188} INFO - stderr: Traceback (most recent call last):
  File "/opt/airflow/generator/ecomm_generator.py", line 4, in <module>
    from faker import Faker
ModuleNotFoundError: No module named 'faker'
[2024-06-29T21:37:36.402+0000] {python.py:237} INFO - Done. Returned value was: None
[2024-06-29T21:37:36.402+0000] {taskinstance.py:441} INFO - ::group::Post task execution logs
[2024-06-29T21:37:36.407+0000] {taskinstance.py:1206} INFO - Marking task as SUCCESS. dag_id=ecomm_data_pipeline, task_id=generate_and_insert_data, run_id=scheduled__2023-01-01T05:20:00+00:00, execution_date=20230101T052000, start_date=20240629T213736, end_date=20240629T213736
[2024-06-29T21:37:36.445+0000] {local_task_job_runner.py:240} INFO - Task exited with return code 0
[2024-06-29T21:37:36.452+0000] {taskinstance.py:3503} INFO - 0 downstream tasks scheduled from follow-on schedule check
[2024-06-29T21:37:36.452+0000] {local_task_job_runner.py:222} INFO - ::endgroup::
[2024-06-29T21:49:53.063+0000] {local_task_job_runner.py:120} INFO - ::group::Pre task execution logs
[2024-06-29T21:49:53.073+0000] {taskinstance.py:2076} INFO - Dependencies all met for dep_context=non-requeueable deps ti=<TaskInstance: ecomm_data_pipeline.generate_and_insert_data scheduled__2023-01-01T05:20:00+00:00 [queued]>
[2024-06-29T21:49:53.076+0000] {taskinstance.py:2076} INFO - Dependencies all met for dep_context=requeueable deps ti=<TaskInstance: ecomm_data_pipeline.generate_and_insert_data scheduled__2023-01-01T05:20:00+00:00 [queued]>
[2024-06-29T21:49:53.076+0000] {taskinstance.py:2306} INFO - Starting attempt 1 of 2
[2024-06-29T21:49:53.080+0000] {taskinstance.py:2330} INFO - Executing <Task(PythonOperator): generate_and_insert_data> on 2023-01-01 05:20:00+00:00
[2024-06-29T21:49:53.082+0000] {standard_task_runner.py:63} INFO - Started process 508 to run task
[2024-06-29T21:49:53.083+0000] {standard_task_runner.py:90} INFO - Running: ['airflow', 'tasks', 'run', 'ecomm_data_pipeline', 'generate_and_insert_data', 'scheduled__2023-01-01T05:20:00+00:00', '--job-id', '34', '--raw', '--subdir', 'DAGS_FOLDER/ecomm_dag.py', '--cfg-path', '/tmp/tmp0qnf7vh7']
[2024-06-29T21:49:53.083+0000] {standard_task_runner.py:91} INFO - Job 34: Subtask generate_and_insert_data
[2024-06-29T21:49:53.099+0000] {task_command.py:426} INFO - Running <TaskInstance: ecomm_data_pipeline.generate_and_insert_data scheduled__2023-01-01T05:20:00+00:00 [running]> on host 0b7af056b90c
[2024-06-29T21:49:53.127+0000] {taskinstance.py:2648} INFO - Exporting env vars: AIRFLOW_CTX_DAG_OWNER='airflow' AIRFLOW_CTX_DAG_ID='ecomm_data_pipeline' AIRFLOW_CTX_TASK_ID='generate_and_insert_data' AIRFLOW_CTX_EXECUTION_DATE='2023-01-01T05:20:00+00:00' AIRFLOW_CTX_TRY_NUMBER='1' AIRFLOW_CTX_DAG_RUN_ID='scheduled__2023-01-01T05:20:00+00:00'
[2024-06-29T21:49:53.127+0000] {taskinstance.py:430} INFO - ::endgroup::
[2024-06-29T21:49:53.183+0000] {logging_mixin.py:188} INFO - Error in generate_and_insert_data: Command '['python3', '/opt/airflow/generator/ecomm_generator.py']' returned non-zero exit status 1.
[2024-06-29T21:49:53.183+0000] {logging_mixin.py:188} INFO - stdout: 
[2024-06-29T21:49:53.184+0000] {logging_mixin.py:188} INFO - stderr: Traceback (most recent call last):
  File "/opt/airflow/generator/ecomm_generator.py", line 4, in <module>
    from faker import Faker
ModuleNotFoundError: No module named 'faker'
[2024-06-29T21:49:53.184+0000] {python.py:237} INFO - Done. Returned value was: None
[2024-06-29T21:49:53.184+0000] {taskinstance.py:441} INFO - ::group::Post task execution logs
[2024-06-29T21:49:53.189+0000] {taskinstance.py:1206} INFO - Marking task as SUCCESS. dag_id=ecomm_data_pipeline, task_id=generate_and_insert_data, run_id=scheduled__2023-01-01T05:20:00+00:00, execution_date=20230101T052000, start_date=20240629T214953, end_date=20240629T214953
[2024-06-29T21:49:53.228+0000] {local_task_job_runner.py:240} INFO - Task exited with return code 0
[2024-06-29T21:49:53.235+0000] {taskinstance.py:3503} INFO - 0 downstream tasks scheduled from follow-on schedule check
[2024-06-29T21:49:53.235+0000] {local_task_job_runner.py:222} INFO - ::endgroup::
[2024-06-29T22:01:25.552+0000] {local_task_job_runner.py:120} INFO - ::group::Pre task execution logs
[2024-06-29T22:01:25.563+0000] {taskinstance.py:2076} INFO - Dependencies all met for dep_context=non-requeueable deps ti=<TaskInstance: ecomm_data_pipeline.generate_and_insert_data scheduled__2023-01-01T05:20:00+00:00 [queued]>
[2024-06-29T22:01:25.566+0000] {taskinstance.py:2076} INFO - Dependencies all met for dep_context=requeueable deps ti=<TaskInstance: ecomm_data_pipeline.generate_and_insert_data scheduled__2023-01-01T05:20:00+00:00 [queued]>
[2024-06-29T22:01:25.566+0000] {taskinstance.py:2306} INFO - Starting attempt 1 of 2
[2024-06-29T22:01:25.571+0000] {taskinstance.py:2330} INFO - Executing <Task(PythonOperator): generate_and_insert_data> on 2023-01-01 05:20:00+00:00
[2024-06-29T22:01:25.573+0000] {standard_task_runner.py:63} INFO - Started process 507 to run task
[2024-06-29T22:01:25.574+0000] {standard_task_runner.py:90} INFO - Running: ['airflow', 'tasks', 'run', 'ecomm_data_pipeline', 'generate_and_insert_data', 'scheduled__2023-01-01T05:20:00+00:00', '--job-id', '34', '--raw', '--subdir', 'DAGS_FOLDER/ecomm_dag.py', '--cfg-path', '/tmp/tmpolvg_30v']
[2024-06-29T22:01:25.574+0000] {standard_task_runner.py:91} INFO - Job 34: Subtask generate_and_insert_data
[2024-06-29T22:01:25.593+0000] {task_command.py:426} INFO - Running <TaskInstance: ecomm_data_pipeline.generate_and_insert_data scheduled__2023-01-01T05:20:00+00:00 [running]> on host 799998b0d26e
[2024-06-29T22:01:25.625+0000] {taskinstance.py:2648} INFO - Exporting env vars: AIRFLOW_CTX_DAG_OWNER='airflow' AIRFLOW_CTX_DAG_ID='ecomm_data_pipeline' AIRFLOW_CTX_TASK_ID='generate_and_insert_data' AIRFLOW_CTX_EXECUTION_DATE='2023-01-01T05:20:00+00:00' AIRFLOW_CTX_TRY_NUMBER='1' AIRFLOW_CTX_DAG_RUN_ID='scheduled__2023-01-01T05:20:00+00:00'
[2024-06-29T22:01:25.625+0000] {taskinstance.py:430} INFO - ::endgroup::
[2024-06-29T22:01:25.682+0000] {logging_mixin.py:188} INFO - Error in generate_and_insert_data: Command '['python3', '/opt/airflow/generator/ecomm_generator.py']' returned non-zero exit status 1.
[2024-06-29T22:01:25.683+0000] {logging_mixin.py:188} INFO - stdout: 
[2024-06-29T22:01:25.683+0000] {logging_mixin.py:188} INFO - stderr: Traceback (most recent call last):
  File "/opt/airflow/generator/ecomm_generator.py", line 4, in <module>
    from faker import Faker
ModuleNotFoundError: No module named 'faker'
[2024-06-29T22:01:25.683+0000] {python.py:237} INFO - Done. Returned value was: None
[2024-06-29T22:01:25.683+0000] {taskinstance.py:441} INFO - ::group::Post task execution logs
[2024-06-29T22:01:25.688+0000] {taskinstance.py:1206} INFO - Marking task as SUCCESS. dag_id=ecomm_data_pipeline, task_id=generate_and_insert_data, run_id=scheduled__2023-01-01T05:20:00+00:00, execution_date=20230101T052000, start_date=20240629T220125, end_date=20240629T220125
[2024-06-29T22:01:25.725+0000] {local_task_job_runner.py:240} INFO - Task exited with return code 0
[2024-06-29T22:01:25.732+0000] {taskinstance.py:3503} INFO - 0 downstream tasks scheduled from follow-on schedule check
[2024-06-29T22:01:25.733+0000] {local_task_job_runner.py:222} INFO - ::endgroup::
