[2024-06-27T22:33:46.924+0000] {local_task_job_runner.py:120} INFO - ::group::Pre task execution logs
[2024-06-27T22:33:46.934+0000] {taskinstance.py:2076} INFO - Dependencies all met for dep_context=non-requeueable deps ti=<TaskInstance: ecomm_data_pipeline.generate_and_insert_data scheduled__2023-01-01T03:10:00+00:00 [queued]>
[2024-06-27T22:33:46.936+0000] {taskinstance.py:2076} INFO - Dependencies all met for dep_context=requeueable deps ti=<TaskInstance: ecomm_data_pipeline.generate_and_insert_data scheduled__2023-01-01T03:10:00+00:00 [queued]>
[2024-06-27T22:33:46.937+0000] {taskinstance.py:2306} INFO - Starting attempt 1 of 2
[2024-06-27T22:33:46.941+0000] {taskinstance.py:2330} INFO - Executing <Task(PythonOperator): generate_and_insert_data> on 2023-01-01 03:10:00+00:00
[2024-06-27T22:33:46.942+0000] {standard_task_runner.py:63} INFO - Started process 550 to run task
[2024-06-27T22:33:46.943+0000] {standard_task_runner.py:90} INFO - Running: ['airflow', 'tasks', 'run', 'ecomm_data_pipeline', 'generate_and_insert_data', 'scheduled__2023-01-01T03:10:00+00:00', '--job-id', '38', '--raw', '--subdir', 'DAGS_FOLDER/ecomm_dag.py', '--cfg-path', '/tmp/tmp4eublzu6']
[2024-06-27T22:33:46.944+0000] {standard_task_runner.py:91} INFO - Job 38: Subtask generate_and_insert_data
[2024-06-27T22:33:46.960+0000] {task_command.py:426} INFO - Running <TaskInstance: ecomm_data_pipeline.generate_and_insert_data scheduled__2023-01-01T03:10:00+00:00 [running]> on host 9174587f6b1d
[2024-06-27T22:33:46.988+0000] {taskinstance.py:2648} INFO - Exporting env vars: AIRFLOW_CTX_DAG_OWNER='airflow' AIRFLOW_CTX_DAG_ID='ecomm_data_pipeline' AIRFLOW_CTX_TASK_ID='generate_and_insert_data' AIRFLOW_CTX_EXECUTION_DATE='2023-01-01T03:10:00+00:00' AIRFLOW_CTX_TRY_NUMBER='1' AIRFLOW_CTX_DAG_RUN_ID='scheduled__2023-01-01T03:10:00+00:00'
[2024-06-27T22:33:46.989+0000] {taskinstance.py:430} INFO - ::endgroup::
[2024-06-27T22:33:47.021+0000] {logging_mixin.py:188} INFO - Error in generate_and_insert_data: Command '['python3', './generator/ecomm_generator.py']' returned non-zero exit status 2.
[2024-06-27T22:33:47.021+0000] {python.py:237} INFO - Done. Returned value was: None
[2024-06-27T22:33:47.022+0000] {taskinstance.py:441} INFO - ::group::Post task execution logs
[2024-06-27T22:33:47.026+0000] {taskinstance.py:1206} INFO - Marking task as SUCCESS. dag_id=ecomm_data_pipeline, task_id=generate_and_insert_data, run_id=scheduled__2023-01-01T03:10:00+00:00, execution_date=20230101T031000, start_date=20240627T223346, end_date=20240627T223347
[2024-06-27T22:33:47.044+0000] {local_task_job_runner.py:240} INFO - Task exited with return code 0
[2024-06-27T22:33:47.051+0000] {taskinstance.py:3503} INFO - 0 downstream tasks scheduled from follow-on schedule check
[2024-06-27T22:33:47.051+0000] {local_task_job_runner.py:222} INFO - ::endgroup::
[2024-06-27T22:52:39.020+0000] {local_task_job_runner.py:120} INFO - ::group::Pre task execution logs
[2024-06-27T22:52:39.030+0000] {taskinstance.py:2076} INFO - Dependencies all met for dep_context=non-requeueable deps ti=<TaskInstance: ecomm_data_pipeline.generate_and_insert_data scheduled__2023-01-01T03:10:00+00:00 [queued]>
[2024-06-27T22:52:39.033+0000] {taskinstance.py:2076} INFO - Dependencies all met for dep_context=requeueable deps ti=<TaskInstance: ecomm_data_pipeline.generate_and_insert_data scheduled__2023-01-01T03:10:00+00:00 [queued]>
[2024-06-27T22:52:39.033+0000] {taskinstance.py:2306} INFO - Starting attempt 1 of 2
[2024-06-27T22:52:39.037+0000] {taskinstance.py:2330} INFO - Executing <Task(PythonOperator): generate_and_insert_data> on 2023-01-01 03:10:00+00:00
[2024-06-27T22:52:39.038+0000] {standard_task_runner.py:63} INFO - Started process 589 to run task
[2024-06-27T22:52:39.039+0000] {standard_task_runner.py:90} INFO - Running: ['airflow', 'tasks', 'run', 'ecomm_data_pipeline', 'generate_and_insert_data', 'scheduled__2023-01-01T03:10:00+00:00', '--job-id', '41', '--raw', '--subdir', 'DAGS_FOLDER/ecomm_dag.py', '--cfg-path', '/tmp/tmpv8z_cx80']
[2024-06-27T22:52:39.040+0000] {standard_task_runner.py:91} INFO - Job 41: Subtask generate_and_insert_data
[2024-06-27T22:52:39.056+0000] {task_command.py:426} INFO - Running <TaskInstance: ecomm_data_pipeline.generate_and_insert_data scheduled__2023-01-01T03:10:00+00:00 [running]> on host a70edf9d8581
[2024-06-27T22:52:39.084+0000] {taskinstance.py:2648} INFO - Exporting env vars: AIRFLOW_CTX_DAG_OWNER='airflow' AIRFLOW_CTX_DAG_ID='ecomm_data_pipeline' AIRFLOW_CTX_TASK_ID='generate_and_insert_data' AIRFLOW_CTX_EXECUTION_DATE='2023-01-01T03:10:00+00:00' AIRFLOW_CTX_TRY_NUMBER='1' AIRFLOW_CTX_DAG_RUN_ID='scheduled__2023-01-01T03:10:00+00:00'
[2024-06-27T22:52:39.084+0000] {taskinstance.py:430} INFO - ::endgroup::
[2024-06-27T22:52:39.117+0000] {logging_mixin.py:188} INFO - Error in generate_and_insert_data: Command '['python3', './generator/ecomm_generator.py']' returned non-zero exit status 2.
[2024-06-27T22:52:39.118+0000] {logging_mixin.py:188} INFO - stdout: 
[2024-06-27T22:52:39.118+0000] {logging_mixin.py:188} INFO - stderr: python3: can't open file '/opt/airflow/./generator/ecomm_generator.py': [Errno 2] No such file or directory
[2024-06-27T22:52:39.118+0000] {python.py:237} INFO - Done. Returned value was: None
[2024-06-27T22:52:39.118+0000] {taskinstance.py:441} INFO - ::group::Post task execution logs
[2024-06-27T22:52:39.123+0000] {taskinstance.py:1206} INFO - Marking task as SUCCESS. dag_id=ecomm_data_pipeline, task_id=generate_and_insert_data, run_id=scheduled__2023-01-01T03:10:00+00:00, execution_date=20230101T031000, start_date=20240627T225239, end_date=20240627T225239
[2024-06-27T22:52:39.143+0000] {local_task_job_runner.py:240} INFO - Task exited with return code 0
[2024-06-27T22:52:39.149+0000] {taskinstance.py:3503} INFO - 0 downstream tasks scheduled from follow-on schedule check
[2024-06-27T22:52:39.150+0000] {local_task_job_runner.py:222} INFO - ::endgroup::
[2024-06-27T23:00:20.074+0000] {local_task_job_runner.py:120} INFO - ::group::Pre task execution logs
[2024-06-27T23:00:20.085+0000] {taskinstance.py:2076} INFO - Dependencies all met for dep_context=non-requeueable deps ti=<TaskInstance: ecomm_data_pipeline.generate_and_insert_data scheduled__2023-01-01T03:10:00+00:00 [queued]>
[2024-06-27T23:00:20.087+0000] {taskinstance.py:2076} INFO - Dependencies all met for dep_context=requeueable deps ti=<TaskInstance: ecomm_data_pipeline.generate_and_insert_data scheduled__2023-01-01T03:10:00+00:00 [queued]>
[2024-06-27T23:00:20.088+0000] {taskinstance.py:2306} INFO - Starting attempt 1 of 2
[2024-06-27T23:00:20.092+0000] {taskinstance.py:2330} INFO - Executing <Task(PythonOperator): generate_and_insert_data> on 2023-01-01 03:10:00+00:00
[2024-06-27T23:00:20.094+0000] {standard_task_runner.py:63} INFO - Started process 537 to run task
[2024-06-27T23:00:20.095+0000] {standard_task_runner.py:90} INFO - Running: ['airflow', 'tasks', 'run', 'ecomm_data_pipeline', 'generate_and_insert_data', 'scheduled__2023-01-01T03:10:00+00:00', '--job-id', '37', '--raw', '--subdir', 'DAGS_FOLDER/ecomm_dag.py', '--cfg-path', '/tmp/tmpvuo6f7bz']
[2024-06-27T23:00:20.096+0000] {standard_task_runner.py:91} INFO - Job 37: Subtask generate_and_insert_data
[2024-06-27T23:00:20.118+0000] {task_command.py:426} INFO - Running <TaskInstance: ecomm_data_pipeline.generate_and_insert_data scheduled__2023-01-01T03:10:00+00:00 [running]> on host 5cc71d4b298c
[2024-06-27T23:00:20.161+0000] {taskinstance.py:2648} INFO - Exporting env vars: AIRFLOW_CTX_DAG_OWNER='airflow' AIRFLOW_CTX_DAG_ID='ecomm_data_pipeline' AIRFLOW_CTX_TASK_ID='generate_and_insert_data' AIRFLOW_CTX_EXECUTION_DATE='2023-01-01T03:10:00+00:00' AIRFLOW_CTX_TRY_NUMBER='1' AIRFLOW_CTX_DAG_RUN_ID='scheduled__2023-01-01T03:10:00+00:00'
[2024-06-27T23:00:20.161+0000] {taskinstance.py:430} INFO - ::endgroup::
[2024-06-27T23:00:20.222+0000] {logging_mixin.py:188} INFO - Error in generate_and_insert_data: Command '['python3', '/opt/airflow/generator/ecomm_generator.py']' returned non-zero exit status 1.
[2024-06-27T23:00:20.222+0000] {logging_mixin.py:188} INFO - stdout: 
[2024-06-27T23:00:20.222+0000] {logging_mixin.py:188} INFO - stderr: Traceback (most recent call last):
  File "/opt/airflow/generator/ecomm_generator.py", line 4, in <module>
    from faker import Faker
ModuleNotFoundError: No module named 'faker'
[2024-06-27T23:00:20.222+0000] {python.py:237} INFO - Done. Returned value was: None
[2024-06-27T23:00:20.223+0000] {taskinstance.py:441} INFO - ::group::Post task execution logs
[2024-06-27T23:00:20.228+0000] {taskinstance.py:1206} INFO - Marking task as SUCCESS. dag_id=ecomm_data_pipeline, task_id=generate_and_insert_data, run_id=scheduled__2023-01-01T03:10:00+00:00, execution_date=20230101T031000, start_date=20240627T230020, end_date=20240627T230020
[2024-06-27T23:00:20.244+0000] {local_task_job_runner.py:240} INFO - Task exited with return code 0
[2024-06-27T23:00:20.252+0000] {taskinstance.py:3503} INFO - 0 downstream tasks scheduled from follow-on schedule check
[2024-06-27T23:00:20.253+0000] {local_task_job_runner.py:222} INFO - ::endgroup::
[2024-06-27T23:10:01.715+0000] {local_task_job_runner.py:120} INFO - ::group::Pre task execution logs
[2024-06-27T23:10:01.726+0000] {taskinstance.py:2076} INFO - Dependencies all met for dep_context=non-requeueable deps ti=<TaskInstance: ecomm_data_pipeline.generate_and_insert_data scheduled__2023-01-01T03:10:00+00:00 [queued]>
[2024-06-27T23:10:01.728+0000] {taskinstance.py:2076} INFO - Dependencies all met for dep_context=requeueable deps ti=<TaskInstance: ecomm_data_pipeline.generate_and_insert_data scheduled__2023-01-01T03:10:00+00:00 [queued]>
[2024-06-27T23:10:01.728+0000] {taskinstance.py:2306} INFO - Starting attempt 1 of 2
[2024-06-27T23:10:01.733+0000] {taskinstance.py:2330} INFO - Executing <Task(PythonOperator): generate_and_insert_data> on 2023-01-01 03:10:00+00:00
[2024-06-27T23:10:01.734+0000] {standard_task_runner.py:63} INFO - Started process 576 to run task
[2024-06-27T23:10:01.735+0000] {standard_task_runner.py:90} INFO - Running: ['airflow', 'tasks', 'run', 'ecomm_data_pipeline', 'generate_and_insert_data', 'scheduled__2023-01-01T03:10:00+00:00', '--job-id', '40', '--raw', '--subdir', 'DAGS_FOLDER/ecomm_dag.py', '--cfg-path', '/tmp/tmpq6drrkwu']
[2024-06-27T23:10:01.736+0000] {standard_task_runner.py:91} INFO - Job 40: Subtask generate_and_insert_data
[2024-06-27T23:10:01.752+0000] {task_command.py:426} INFO - Running <TaskInstance: ecomm_data_pipeline.generate_and_insert_data scheduled__2023-01-01T03:10:00+00:00 [running]> on host 7147f8a4dc9f
[2024-06-27T23:10:01.780+0000] {taskinstance.py:2648} INFO - Exporting env vars: AIRFLOW_CTX_DAG_OWNER='airflow' AIRFLOW_CTX_DAG_ID='ecomm_data_pipeline' AIRFLOW_CTX_TASK_ID='generate_and_insert_data' AIRFLOW_CTX_EXECUTION_DATE='2023-01-01T03:10:00+00:00' AIRFLOW_CTX_TRY_NUMBER='1' AIRFLOW_CTX_DAG_RUN_ID='scheduled__2023-01-01T03:10:00+00:00'
[2024-06-27T23:10:01.781+0000] {taskinstance.py:430} INFO - ::endgroup::
[2024-06-27T23:10:01.837+0000] {logging_mixin.py:188} INFO - Error in generate_and_insert_data: Command '['python3', '/opt/airflow/generator/ecomm_generator.py']' returned non-zero exit status 1.
[2024-06-27T23:10:01.838+0000] {logging_mixin.py:188} INFO - stdout: 
[2024-06-27T23:10:01.838+0000] {logging_mixin.py:188} INFO - stderr: Traceback (most recent call last):
  File "/opt/airflow/generator/ecomm_generator.py", line 4, in <module>
    from faker import Faker
ModuleNotFoundError: No module named 'faker'
[2024-06-27T23:10:01.838+0000] {python.py:237} INFO - Done. Returned value was: None
[2024-06-27T23:10:01.838+0000] {taskinstance.py:441} INFO - ::group::Post task execution logs
[2024-06-27T23:10:01.843+0000] {taskinstance.py:1206} INFO - Marking task as SUCCESS. dag_id=ecomm_data_pipeline, task_id=generate_and_insert_data, run_id=scheduled__2023-01-01T03:10:00+00:00, execution_date=20230101T031000, start_date=20240627T231001, end_date=20240627T231001
[2024-06-27T23:10:01.881+0000] {local_task_job_runner.py:240} INFO - Task exited with return code 0
[2024-06-27T23:10:01.888+0000] {taskinstance.py:3503} INFO - 0 downstream tasks scheduled from follow-on schedule check
[2024-06-27T23:10:01.888+0000] {local_task_job_runner.py:222} INFO - ::endgroup::
[2024-06-28T18:13:57.129+0000] {local_task_job_runner.py:120} INFO - ::group::Pre task execution logs
[2024-06-28T18:13:57.140+0000] {taskinstance.py:2076} INFO - Dependencies all met for dep_context=non-requeueable deps ti=<TaskInstance: ecomm_data_pipeline.generate_and_insert_data scheduled__2023-01-01T03:10:00+00:00 [queued]>
[2024-06-28T18:13:57.142+0000] {taskinstance.py:2076} INFO - Dependencies all met for dep_context=requeueable deps ti=<TaskInstance: ecomm_data_pipeline.generate_and_insert_data scheduled__2023-01-01T03:10:00+00:00 [queued]>
[2024-06-28T18:13:57.142+0000] {taskinstance.py:2306} INFO - Starting attempt 1 of 2
[2024-06-28T18:13:57.146+0000] {taskinstance.py:2330} INFO - Executing <Task(PythonOperator): generate_and_insert_data> on 2023-01-01 03:10:00+00:00
[2024-06-28T18:13:57.148+0000] {standard_task_runner.py:63} INFO - Started process 589 to run task
[2024-06-28T18:13:57.149+0000] {standard_task_runner.py:90} INFO - Running: ['airflow', 'tasks', 'run', 'ecomm_data_pipeline', 'generate_and_insert_data', 'scheduled__2023-01-01T03:10:00+00:00', '--job-id', '41', '--raw', '--subdir', 'DAGS_FOLDER/ecomm_dag.py', '--cfg-path', '/tmp/tmpdm_g_rrw']
[2024-06-28T18:13:57.150+0000] {standard_task_runner.py:91} INFO - Job 41: Subtask generate_and_insert_data
[2024-06-28T18:13:57.166+0000] {task_command.py:426} INFO - Running <TaskInstance: ecomm_data_pipeline.generate_and_insert_data scheduled__2023-01-01T03:10:00+00:00 [running]> on host 08cefd381a1f
[2024-06-28T18:13:57.195+0000] {taskinstance.py:2648} INFO - Exporting env vars: AIRFLOW_CTX_DAG_OWNER='airflow' AIRFLOW_CTX_DAG_ID='ecomm_data_pipeline' AIRFLOW_CTX_TASK_ID='generate_and_insert_data' AIRFLOW_CTX_EXECUTION_DATE='2023-01-01T03:10:00+00:00' AIRFLOW_CTX_TRY_NUMBER='1' AIRFLOW_CTX_DAG_RUN_ID='scheduled__2023-01-01T03:10:00+00:00'
[2024-06-28T18:13:57.195+0000] {taskinstance.py:430} INFO - ::endgroup::
[2024-06-28T18:13:57.250+0000] {logging_mixin.py:188} INFO - Error in generate_and_insert_data: Command '['python3', '/opt/airflow/generator/ecomm_generator.py']' returned non-zero exit status 1.
[2024-06-28T18:13:57.250+0000] {logging_mixin.py:188} INFO - stdout: 
[2024-06-28T18:13:57.250+0000] {logging_mixin.py:188} INFO - stderr: Traceback (most recent call last):
  File "/opt/airflow/generator/ecomm_generator.py", line 4, in <module>
    from faker import Faker
ModuleNotFoundError: No module named 'faker'
[2024-06-28T18:13:57.250+0000] {python.py:237} INFO - Done. Returned value was: None
[2024-06-28T18:13:57.250+0000] {taskinstance.py:441} INFO - ::group::Post task execution logs
[2024-06-28T18:13:57.255+0000] {taskinstance.py:1206} INFO - Marking task as SUCCESS. dag_id=ecomm_data_pipeline, task_id=generate_and_insert_data, run_id=scheduled__2023-01-01T03:10:00+00:00, execution_date=20230101T031000, start_date=20240628T181357, end_date=20240628T181357
[2024-06-28T18:13:57.297+0000] {local_task_job_runner.py:240} INFO - Task exited with return code 0
[2024-06-28T18:13:57.304+0000] {taskinstance.py:3503} INFO - 0 downstream tasks scheduled from follow-on schedule check
[2024-06-28T18:13:57.304+0000] {local_task_job_runner.py:222} INFO - ::endgroup::
[2024-06-28T18:21:13.058+0000] {local_task_job_runner.py:120} INFO - ::group::Pre task execution logs
[2024-06-28T18:21:13.069+0000] {taskinstance.py:2076} INFO - Dependencies all met for dep_context=non-requeueable deps ti=<TaskInstance: ecomm_data_pipeline.generate_and_insert_data scheduled__2023-01-01T03:10:00+00:00 [queued]>
[2024-06-28T18:21:13.071+0000] {taskinstance.py:2076} INFO - Dependencies all met for dep_context=requeueable deps ti=<TaskInstance: ecomm_data_pipeline.generate_and_insert_data scheduled__2023-01-01T03:10:00+00:00 [queued]>
[2024-06-28T18:21:13.072+0000] {taskinstance.py:2306} INFO - Starting attempt 1 of 2
[2024-06-28T18:21:13.076+0000] {taskinstance.py:2330} INFO - Executing <Task(PythonOperator): generate_and_insert_data> on 2023-01-01 03:10:00+00:00
[2024-06-28T18:21:13.077+0000] {standard_task_runner.py:63} INFO - Started process 589 to run task
[2024-06-28T18:21:13.078+0000] {standard_task_runner.py:90} INFO - Running: ['airflow', 'tasks', 'run', 'ecomm_data_pipeline', 'generate_and_insert_data', 'scheduled__2023-01-01T03:10:00+00:00', '--job-id', '41', '--raw', '--subdir', 'DAGS_FOLDER/ecomm_dag.py', '--cfg-path', '/tmp/tmpgmqyk8nt']
[2024-06-28T18:21:13.079+0000] {standard_task_runner.py:91} INFO - Job 41: Subtask generate_and_insert_data
[2024-06-28T18:21:13.096+0000] {task_command.py:426} INFO - Running <TaskInstance: ecomm_data_pipeline.generate_and_insert_data scheduled__2023-01-01T03:10:00+00:00 [running]> on host 6570e5857071
[2024-06-28T18:21:13.124+0000] {taskinstance.py:2648} INFO - Exporting env vars: AIRFLOW_CTX_DAG_OWNER='airflow' AIRFLOW_CTX_DAG_ID='ecomm_data_pipeline' AIRFLOW_CTX_TASK_ID='generate_and_insert_data' AIRFLOW_CTX_EXECUTION_DATE='2023-01-01T03:10:00+00:00' AIRFLOW_CTX_TRY_NUMBER='1' AIRFLOW_CTX_DAG_RUN_ID='scheduled__2023-01-01T03:10:00+00:00'
[2024-06-28T18:21:13.125+0000] {taskinstance.py:430} INFO - ::endgroup::
[2024-06-28T18:21:13.183+0000] {logging_mixin.py:188} INFO - Error in generate_and_insert_data: Command '['python3', '/opt/airflow/generator/ecomm_generator.py']' returned non-zero exit status 1.
[2024-06-28T18:21:13.183+0000] {logging_mixin.py:188} INFO - stdout: 
[2024-06-28T18:21:13.183+0000] {logging_mixin.py:188} INFO - stderr: Traceback (most recent call last):
  File "/opt/airflow/generator/ecomm_generator.py", line 4, in <module>
    from faker import Faker
ModuleNotFoundError: No module named 'faker'
[2024-06-28T18:21:13.183+0000] {python.py:237} INFO - Done. Returned value was: None
[2024-06-28T18:21:13.184+0000] {taskinstance.py:441} INFO - ::group::Post task execution logs
[2024-06-28T18:21:13.188+0000] {taskinstance.py:1206} INFO - Marking task as SUCCESS. dag_id=ecomm_data_pipeline, task_id=generate_and_insert_data, run_id=scheduled__2023-01-01T03:10:00+00:00, execution_date=20230101T031000, start_date=20240628T182113, end_date=20240628T182113
[2024-06-28T18:21:13.225+0000] {local_task_job_runner.py:240} INFO - Task exited with return code 0
[2024-06-28T18:21:13.232+0000] {taskinstance.py:3503} INFO - 0 downstream tasks scheduled from follow-on schedule check
[2024-06-28T18:21:13.233+0000] {local_task_job_runner.py:222} INFO - ::endgroup::
[2024-06-28T18:31:11.961+0000] {local_task_job_runner.py:120} INFO - ::group::Pre task execution logs
[2024-06-28T18:31:11.971+0000] {taskinstance.py:2076} INFO - Dependencies all met for dep_context=non-requeueable deps ti=<TaskInstance: ecomm_data_pipeline.generate_and_insert_data scheduled__2023-01-01T03:10:00+00:00 [queued]>
[2024-06-28T18:31:11.974+0000] {taskinstance.py:2076} INFO - Dependencies all met for dep_context=requeueable deps ti=<TaskInstance: ecomm_data_pipeline.generate_and_insert_data scheduled__2023-01-01T03:10:00+00:00 [queued]>
[2024-06-28T18:31:11.974+0000] {taskinstance.py:2306} INFO - Starting attempt 1 of 2
[2024-06-28T18:31:11.978+0000] {taskinstance.py:2330} INFO - Executing <Task(PythonOperator): generate_and_insert_data> on 2023-01-01 03:10:00+00:00
[2024-06-28T18:31:11.980+0000] {standard_task_runner.py:63} INFO - Started process 550 to run task
[2024-06-28T18:31:11.981+0000] {standard_task_runner.py:90} INFO - Running: ['airflow', 'tasks', 'run', 'ecomm_data_pipeline', 'generate_and_insert_data', 'scheduled__2023-01-01T03:10:00+00:00', '--job-id', '38', '--raw', '--subdir', 'DAGS_FOLDER/ecomm_dag.py', '--cfg-path', '/tmp/tmp_qwyfirj']
[2024-06-28T18:31:11.982+0000] {standard_task_runner.py:91} INFO - Job 38: Subtask generate_and_insert_data
[2024-06-28T18:31:11.998+0000] {task_command.py:426} INFO - Running <TaskInstance: ecomm_data_pipeline.generate_and_insert_data scheduled__2023-01-01T03:10:00+00:00 [running]> on host 50bf780463b8
[2024-06-28T18:31:12.032+0000] {taskinstance.py:2648} INFO - Exporting env vars: AIRFLOW_CTX_DAG_OWNER='airflow' AIRFLOW_CTX_DAG_ID='ecomm_data_pipeline' AIRFLOW_CTX_TASK_ID='generate_and_insert_data' AIRFLOW_CTX_EXECUTION_DATE='2023-01-01T03:10:00+00:00' AIRFLOW_CTX_TRY_NUMBER='1' AIRFLOW_CTX_DAG_RUN_ID='scheduled__2023-01-01T03:10:00+00:00'
[2024-06-28T18:31:12.032+0000] {taskinstance.py:430} INFO - ::endgroup::
[2024-06-28T18:31:12.094+0000] {logging_mixin.py:188} INFO - Error in generate_and_insert_data: Command '['python3', '/opt/airflow/generator/ecomm_generator.py']' returned non-zero exit status 1.
[2024-06-28T18:31:12.095+0000] {logging_mixin.py:188} INFO - stdout: 
[2024-06-28T18:31:12.095+0000] {logging_mixin.py:188} INFO - stderr: Traceback (most recent call last):
  File "/opt/airflow/generator/ecomm_generator.py", line 4, in <module>
    from faker import Faker
ModuleNotFoundError: No module named 'faker'
[2024-06-28T18:31:12.095+0000] {python.py:237} INFO - Done. Returned value was: None
[2024-06-28T18:31:12.095+0000] {taskinstance.py:441} INFO - ::group::Post task execution logs
[2024-06-28T18:31:12.100+0000] {taskinstance.py:1206} INFO - Marking task as SUCCESS. dag_id=ecomm_data_pipeline, task_id=generate_and_insert_data, run_id=scheduled__2023-01-01T03:10:00+00:00, execution_date=20230101T031000, start_date=20240628T183111, end_date=20240628T183112
[2024-06-28T18:31:12.124+0000] {local_task_job_runner.py:240} INFO - Task exited with return code 0
[2024-06-28T18:31:12.131+0000] {taskinstance.py:3503} INFO - 0 downstream tasks scheduled from follow-on schedule check
[2024-06-28T18:31:12.131+0000] {local_task_job_runner.py:222} INFO - ::endgroup::
[2024-06-28T22:14:23.641+0000] {local_task_job_runner.py:120} INFO - ::group::Pre task execution logs
[2024-06-28T22:14:23.652+0000] {taskinstance.py:2076} INFO - Dependencies all met for dep_context=non-requeueable deps ti=<TaskInstance: ecomm_data_pipeline.generate_and_insert_data scheduled__2023-01-01T03:10:00+00:00 [queued]>
[2024-06-28T22:14:23.654+0000] {taskinstance.py:2076} INFO - Dependencies all met for dep_context=requeueable deps ti=<TaskInstance: ecomm_data_pipeline.generate_and_insert_data scheduled__2023-01-01T03:10:00+00:00 [queued]>
[2024-06-28T22:14:23.655+0000] {taskinstance.py:2306} INFO - Starting attempt 1 of 2
[2024-06-28T22:14:23.659+0000] {taskinstance.py:2330} INFO - Executing <Task(PythonOperator): generate_and_insert_data> on 2023-01-01 03:10:00+00:00
[2024-06-28T22:14:23.661+0000] {standard_task_runner.py:63} INFO - Started process 576 to run task
[2024-06-28T22:14:23.662+0000] {standard_task_runner.py:90} INFO - Running: ['airflow', 'tasks', 'run', 'ecomm_data_pipeline', 'generate_and_insert_data', 'scheduled__2023-01-01T03:10:00+00:00', '--job-id', '40', '--raw', '--subdir', 'DAGS_FOLDER/ecomm_dag.py', '--cfg-path', '/tmp/tmpakn61voa']
[2024-06-28T22:14:23.662+0000] {standard_task_runner.py:91} INFO - Job 40: Subtask generate_and_insert_data
[2024-06-28T22:14:23.680+0000] {task_command.py:426} INFO - Running <TaskInstance: ecomm_data_pipeline.generate_and_insert_data scheduled__2023-01-01T03:10:00+00:00 [running]> on host 619125b6796e
[2024-06-28T22:14:23.709+0000] {taskinstance.py:2648} INFO - Exporting env vars: AIRFLOW_CTX_DAG_OWNER='airflow' AIRFLOW_CTX_DAG_ID='ecomm_data_pipeline' AIRFLOW_CTX_TASK_ID='generate_and_insert_data' AIRFLOW_CTX_EXECUTION_DATE='2023-01-01T03:10:00+00:00' AIRFLOW_CTX_TRY_NUMBER='1' AIRFLOW_CTX_DAG_RUN_ID='scheduled__2023-01-01T03:10:00+00:00'
[2024-06-28T22:14:23.709+0000] {taskinstance.py:430} INFO - ::endgroup::
[2024-06-28T22:14:23.764+0000] {logging_mixin.py:188} INFO - Error in generate_and_insert_data: Command '['python3', '/opt/airflow/generator/ecomm_generator.py']' returned non-zero exit status 1.
[2024-06-28T22:14:23.764+0000] {logging_mixin.py:188} INFO - stdout: 
[2024-06-28T22:14:23.764+0000] {logging_mixin.py:188} INFO - stderr: Traceback (most recent call last):
  File "/opt/airflow/generator/ecomm_generator.py", line 4, in <module>
    from faker import Faker
ModuleNotFoundError: No module named 'faker'
[2024-06-28T22:14:23.764+0000] {python.py:237} INFO - Done. Returned value was: None
[2024-06-28T22:14:23.765+0000] {taskinstance.py:441} INFO - ::group::Post task execution logs
[2024-06-28T22:14:23.770+0000] {taskinstance.py:1206} INFO - Marking task as SUCCESS. dag_id=ecomm_data_pipeline, task_id=generate_and_insert_data, run_id=scheduled__2023-01-01T03:10:00+00:00, execution_date=20230101T031000, start_date=20240628T221423, end_date=20240628T221423
[2024-06-28T22:14:23.803+0000] {local_task_job_runner.py:240} INFO - Task exited with return code 0
[2024-06-28T22:14:23.810+0000] {taskinstance.py:3503} INFO - 0 downstream tasks scheduled from follow-on schedule check
[2024-06-28T22:14:23.811+0000] {local_task_job_runner.py:222} INFO - ::endgroup::
[2024-06-29T21:37:11.798+0000] {local_task_job_runner.py:120} INFO - ::group::Pre task execution logs
[2024-06-29T21:37:11.809+0000] {taskinstance.py:2076} INFO - Dependencies all met for dep_context=non-requeueable deps ti=<TaskInstance: ecomm_data_pipeline.generate_and_insert_data scheduled__2023-01-01T03:10:00+00:00 [queued]>
[2024-06-29T21:37:11.811+0000] {taskinstance.py:2076} INFO - Dependencies all met for dep_context=requeueable deps ti=<TaskInstance: ecomm_data_pipeline.generate_and_insert_data scheduled__2023-01-01T03:10:00+00:00 [queued]>
[2024-06-29T21:37:11.811+0000] {taskinstance.py:2306} INFO - Starting attempt 1 of 2
[2024-06-29T21:37:11.816+0000] {taskinstance.py:2330} INFO - Executing <Task(PythonOperator): generate_and_insert_data> on 2023-01-01 03:10:00+00:00
[2024-06-29T21:37:11.817+0000] {standard_task_runner.py:63} INFO - Started process 316 to run task
[2024-06-29T21:37:11.819+0000] {standard_task_runner.py:90} INFO - Running: ['airflow', 'tasks', 'run', 'ecomm_data_pipeline', 'generate_and_insert_data', 'scheduled__2023-01-01T03:10:00+00:00', '--job-id', '21', '--raw', '--subdir', 'DAGS_FOLDER/ecomm_dag.py', '--cfg-path', '/tmp/tmprcbnxthn']
[2024-06-29T21:37:11.819+0000] {standard_task_runner.py:91} INFO - Job 21: Subtask generate_and_insert_data
[2024-06-29T21:37:11.836+0000] {task_command.py:426} INFO - Running <TaskInstance: ecomm_data_pipeline.generate_and_insert_data scheduled__2023-01-01T03:10:00+00:00 [running]> on host afcb6fbf9265
[2024-06-29T21:37:11.865+0000] {taskinstance.py:2648} INFO - Exporting env vars: AIRFLOW_CTX_DAG_OWNER='airflow' AIRFLOW_CTX_DAG_ID='ecomm_data_pipeline' AIRFLOW_CTX_TASK_ID='generate_and_insert_data' AIRFLOW_CTX_EXECUTION_DATE='2023-01-01T03:10:00+00:00' AIRFLOW_CTX_TRY_NUMBER='1' AIRFLOW_CTX_DAG_RUN_ID='scheduled__2023-01-01T03:10:00+00:00'
[2024-06-29T21:37:11.865+0000] {taskinstance.py:430} INFO - ::endgroup::
[2024-06-29T21:37:11.919+0000] {logging_mixin.py:188} INFO - Error in generate_and_insert_data: Command '['python3', '/opt/airflow/generator/ecomm_generator.py']' returned non-zero exit status 1.
[2024-06-29T21:37:11.920+0000] {logging_mixin.py:188} INFO - stdout: 
[2024-06-29T21:37:11.920+0000] {logging_mixin.py:188} INFO - stderr: Traceback (most recent call last):
  File "/opt/airflow/generator/ecomm_generator.py", line 4, in <module>
    from faker import Faker
ModuleNotFoundError: No module named 'faker'
[2024-06-29T21:37:11.920+0000] {python.py:237} INFO - Done. Returned value was: None
[2024-06-29T21:37:11.920+0000] {taskinstance.py:441} INFO - ::group::Post task execution logs
[2024-06-29T21:37:11.925+0000] {taskinstance.py:1206} INFO - Marking task as SUCCESS. dag_id=ecomm_data_pipeline, task_id=generate_and_insert_data, run_id=scheduled__2023-01-01T03:10:00+00:00, execution_date=20230101T031000, start_date=20240629T213711, end_date=20240629T213711
[2024-06-29T21:37:11.968+0000] {local_task_job_runner.py:240} INFO - Task exited with return code 0
[2024-06-29T21:37:11.975+0000] {taskinstance.py:3503} INFO - 0 downstream tasks scheduled from follow-on schedule check
[2024-06-29T21:37:11.976+0000] {local_task_job_runner.py:222} INFO - ::endgroup::
[2024-06-29T21:49:28.602+0000] {local_task_job_runner.py:120} INFO - ::group::Pre task execution logs
[2024-06-29T21:49:28.612+0000] {taskinstance.py:2076} INFO - Dependencies all met for dep_context=non-requeueable deps ti=<TaskInstance: ecomm_data_pipeline.generate_and_insert_data scheduled__2023-01-01T03:10:00+00:00 [queued]>
[2024-06-29T21:49:28.614+0000] {taskinstance.py:2076} INFO - Dependencies all met for dep_context=requeueable deps ti=<TaskInstance: ecomm_data_pipeline.generate_and_insert_data scheduled__2023-01-01T03:10:00+00:00 [queued]>
[2024-06-29T21:49:28.615+0000] {taskinstance.py:2306} INFO - Starting attempt 1 of 2
[2024-06-29T21:49:28.619+0000] {taskinstance.py:2330} INFO - Executing <Task(PythonOperator): generate_and_insert_data> on 2023-01-01 03:10:00+00:00
[2024-06-29T21:49:28.620+0000] {standard_task_runner.py:63} INFO - Started process 317 to run task
[2024-06-29T21:49:28.621+0000] {standard_task_runner.py:90} INFO - Running: ['airflow', 'tasks', 'run', 'ecomm_data_pipeline', 'generate_and_insert_data', 'scheduled__2023-01-01T03:10:00+00:00', '--job-id', '21', '--raw', '--subdir', 'DAGS_FOLDER/ecomm_dag.py', '--cfg-path', '/tmp/tmptszgxenq']
[2024-06-29T21:49:28.622+0000] {standard_task_runner.py:91} INFO - Job 21: Subtask generate_and_insert_data
[2024-06-29T21:49:28.638+0000] {task_command.py:426} INFO - Running <TaskInstance: ecomm_data_pipeline.generate_and_insert_data scheduled__2023-01-01T03:10:00+00:00 [running]> on host 0b7af056b90c
[2024-06-29T21:49:28.666+0000] {taskinstance.py:2648} INFO - Exporting env vars: AIRFLOW_CTX_DAG_OWNER='airflow' AIRFLOW_CTX_DAG_ID='ecomm_data_pipeline' AIRFLOW_CTX_TASK_ID='generate_and_insert_data' AIRFLOW_CTX_EXECUTION_DATE='2023-01-01T03:10:00+00:00' AIRFLOW_CTX_TRY_NUMBER='1' AIRFLOW_CTX_DAG_RUN_ID='scheduled__2023-01-01T03:10:00+00:00'
[2024-06-29T21:49:28.667+0000] {taskinstance.py:430} INFO - ::endgroup::
[2024-06-29T21:49:28.722+0000] {logging_mixin.py:188} INFO - Error in generate_and_insert_data: Command '['python3', '/opt/airflow/generator/ecomm_generator.py']' returned non-zero exit status 1.
[2024-06-29T21:49:28.722+0000] {logging_mixin.py:188} INFO - stdout: 
[2024-06-29T21:49:28.722+0000] {logging_mixin.py:188} INFO - stderr: Traceback (most recent call last):
  File "/opt/airflow/generator/ecomm_generator.py", line 4, in <module>
    from faker import Faker
ModuleNotFoundError: No module named 'faker'
[2024-06-29T21:49:28.723+0000] {python.py:237} INFO - Done. Returned value was: None
[2024-06-29T21:49:28.723+0000] {taskinstance.py:441} INFO - ::group::Post task execution logs
[2024-06-29T21:49:28.728+0000] {taskinstance.py:1206} INFO - Marking task as SUCCESS. dag_id=ecomm_data_pipeline, task_id=generate_and_insert_data, run_id=scheduled__2023-01-01T03:10:00+00:00, execution_date=20230101T031000, start_date=20240629T214928, end_date=20240629T214928
[2024-06-29T21:49:28.769+0000] {local_task_job_runner.py:240} INFO - Task exited with return code 0
[2024-06-29T21:49:28.775+0000] {taskinstance.py:3503} INFO - 0 downstream tasks scheduled from follow-on schedule check
[2024-06-29T21:49:28.776+0000] {local_task_job_runner.py:222} INFO - ::endgroup::
[2024-06-29T22:01:01.341+0000] {local_task_job_runner.py:120} INFO - ::group::Pre task execution logs
[2024-06-29T22:01:01.351+0000] {taskinstance.py:2076} INFO - Dependencies all met for dep_context=non-requeueable deps ti=<TaskInstance: ecomm_data_pipeline.generate_and_insert_data scheduled__2023-01-01T03:10:00+00:00 [queued]>
[2024-06-29T22:01:01.354+0000] {taskinstance.py:2076} INFO - Dependencies all met for dep_context=requeueable deps ti=<TaskInstance: ecomm_data_pipeline.generate_and_insert_data scheduled__2023-01-01T03:10:00+00:00 [queued]>
[2024-06-29T22:01:01.354+0000] {taskinstance.py:2306} INFO - Starting attempt 1 of 2
[2024-06-29T22:01:01.358+0000] {taskinstance.py:2330} INFO - Executing <Task(PythonOperator): generate_and_insert_data> on 2023-01-01 03:10:00+00:00
[2024-06-29T22:01:01.361+0000] {standard_task_runner.py:63} INFO - Started process 317 to run task
[2024-06-29T22:01:01.362+0000] {standard_task_runner.py:90} INFO - Running: ['airflow', 'tasks', 'run', 'ecomm_data_pipeline', 'generate_and_insert_data', 'scheduled__2023-01-01T03:10:00+00:00', '--job-id', '21', '--raw', '--subdir', 'DAGS_FOLDER/ecomm_dag.py', '--cfg-path', '/tmp/tmpjq1a027e']
[2024-06-29T22:01:01.363+0000] {standard_task_runner.py:91} INFO - Job 21: Subtask generate_and_insert_data
[2024-06-29T22:01:01.380+0000] {task_command.py:426} INFO - Running <TaskInstance: ecomm_data_pipeline.generate_and_insert_data scheduled__2023-01-01T03:10:00+00:00 [running]> on host 799998b0d26e
[2024-06-29T22:01:01.410+0000] {taskinstance.py:2648} INFO - Exporting env vars: AIRFLOW_CTX_DAG_OWNER='airflow' AIRFLOW_CTX_DAG_ID='ecomm_data_pipeline' AIRFLOW_CTX_TASK_ID='generate_and_insert_data' AIRFLOW_CTX_EXECUTION_DATE='2023-01-01T03:10:00+00:00' AIRFLOW_CTX_TRY_NUMBER='1' AIRFLOW_CTX_DAG_RUN_ID='scheduled__2023-01-01T03:10:00+00:00'
[2024-06-29T22:01:01.410+0000] {taskinstance.py:430} INFO - ::endgroup::
[2024-06-29T22:01:01.466+0000] {logging_mixin.py:188} INFO - Error in generate_and_insert_data: Command '['python3', '/opt/airflow/generator/ecomm_generator.py']' returned non-zero exit status 1.
[2024-06-29T22:01:01.467+0000] {logging_mixin.py:188} INFO - stdout: 
[2024-06-29T22:01:01.467+0000] {logging_mixin.py:188} INFO - stderr: Traceback (most recent call last):
  File "/opt/airflow/generator/ecomm_generator.py", line 4, in <module>
    from faker import Faker
ModuleNotFoundError: No module named 'faker'
[2024-06-29T22:01:01.467+0000] {python.py:237} INFO - Done. Returned value was: None
[2024-06-29T22:01:01.467+0000] {taskinstance.py:441} INFO - ::group::Post task execution logs
[2024-06-29T22:01:01.472+0000] {taskinstance.py:1206} INFO - Marking task as SUCCESS. dag_id=ecomm_data_pipeline, task_id=generate_and_insert_data, run_id=scheduled__2023-01-01T03:10:00+00:00, execution_date=20230101T031000, start_date=20240629T220101, end_date=20240629T220101
[2024-06-29T22:01:01.509+0000] {local_task_job_runner.py:240} INFO - Task exited with return code 0
[2024-06-29T22:01:01.517+0000] {taskinstance.py:3503} INFO - 0 downstream tasks scheduled from follow-on schedule check
[2024-06-29T22:01:01.518+0000] {local_task_job_runner.py:222} INFO - ::endgroup::
