[2024-06-27T22:34:03.277+0000] {local_task_job_runner.py:120} INFO - ::group::Pre task execution logs
[2024-06-27T22:34:03.287+0000] {taskinstance.py:2076} INFO - Dependencies all met for dep_context=non-requeueable deps ti=<TaskInstance: ecomm_data_pipeline.generate_and_insert_data scheduled__2023-01-01T04:40:00+00:00 [queued]>
[2024-06-27T22:34:03.290+0000] {taskinstance.py:2076} INFO - Dependencies all met for dep_context=requeueable deps ti=<TaskInstance: ecomm_data_pipeline.generate_and_insert_data scheduled__2023-01-01T04:40:00+00:00 [queued]>
[2024-06-27T22:34:03.290+0000] {taskinstance.py:2306} INFO - Starting attempt 1 of 2
[2024-06-27T22:34:03.294+0000] {taskinstance.py:2330} INFO - Executing <Task(PythonOperator): generate_and_insert_data> on 2023-01-01 04:40:00+00:00
[2024-06-27T22:34:03.296+0000] {standard_task_runner.py:63} INFO - Started process 676 to run task
[2024-06-27T22:34:03.297+0000] {standard_task_runner.py:90} INFO - Running: ['airflow', 'tasks', 'run', 'ecomm_data_pipeline', 'generate_and_insert_data', 'scheduled__2023-01-01T04:40:00+00:00', '--job-id', '47', '--raw', '--subdir', 'DAGS_FOLDER/ecomm_dag.py', '--cfg-path', '/tmp/tmpd42sxn38']
[2024-06-27T22:34:03.298+0000] {standard_task_runner.py:91} INFO - Job 47: Subtask generate_and_insert_data
[2024-06-27T22:34:03.314+0000] {task_command.py:426} INFO - Running <TaskInstance: ecomm_data_pipeline.generate_and_insert_data scheduled__2023-01-01T04:40:00+00:00 [running]> on host 9174587f6b1d
[2024-06-27T22:34:03.343+0000] {taskinstance.py:2648} INFO - Exporting env vars: AIRFLOW_CTX_DAG_OWNER='airflow' AIRFLOW_CTX_DAG_ID='ecomm_data_pipeline' AIRFLOW_CTX_TASK_ID='generate_and_insert_data' AIRFLOW_CTX_EXECUTION_DATE='2023-01-01T04:40:00+00:00' AIRFLOW_CTX_TRY_NUMBER='1' AIRFLOW_CTX_DAG_RUN_ID='scheduled__2023-01-01T04:40:00+00:00'
[2024-06-27T22:34:03.344+0000] {taskinstance.py:430} INFO - ::endgroup::
[2024-06-27T22:34:03.377+0000] {logging_mixin.py:188} INFO - Error in generate_and_insert_data: Command '['python3', './generator/ecomm_generator.py']' returned non-zero exit status 2.
[2024-06-27T22:34:03.378+0000] {python.py:237} INFO - Done. Returned value was: None
[2024-06-27T22:34:03.378+0000] {taskinstance.py:441} INFO - ::group::Post task execution logs
[2024-06-27T22:34:03.382+0000] {taskinstance.py:1206} INFO - Marking task as SUCCESS. dag_id=ecomm_data_pipeline, task_id=generate_and_insert_data, run_id=scheduled__2023-01-01T04:40:00+00:00, execution_date=20230101T044000, start_date=20240627T223403, end_date=20240627T223403
[2024-06-27T22:34:03.396+0000] {local_task_job_runner.py:240} INFO - Task exited with return code 0
[2024-06-27T22:34:03.403+0000] {taskinstance.py:3503} INFO - 0 downstream tasks scheduled from follow-on schedule check
[2024-06-27T22:34:03.403+0000] {local_task_job_runner.py:222} INFO - ::endgroup::
[2024-06-27T22:53:05.790+0000] {local_task_job_runner.py:120} INFO - ::group::Pre task execution logs
[2024-06-27T22:53:05.800+0000] {taskinstance.py:2076} INFO - Dependencies all met for dep_context=non-requeueable deps ti=<TaskInstance: ecomm_data_pipeline.generate_and_insert_data scheduled__2023-01-01T04:40:00+00:00 [queued]>
[2024-06-27T22:53:05.802+0000] {taskinstance.py:2076} INFO - Dependencies all met for dep_context=requeueable deps ti=<TaskInstance: ecomm_data_pipeline.generate_and_insert_data scheduled__2023-01-01T04:40:00+00:00 [queued]>
[2024-06-27T22:53:05.803+0000] {taskinstance.py:2306} INFO - Starting attempt 1 of 2
[2024-06-27T22:53:05.807+0000] {taskinstance.py:2330} INFO - Executing <Task(PythonOperator): generate_and_insert_data> on 2023-01-01 04:40:00+00:00
[2024-06-27T22:53:05.808+0000] {standard_task_runner.py:63} INFO - Started process 827 to run task
[2024-06-27T22:53:05.809+0000] {standard_task_runner.py:90} INFO - Running: ['airflow', 'tasks', 'run', 'ecomm_data_pipeline', 'generate_and_insert_data', 'scheduled__2023-01-01T04:40:00+00:00', '--job-id', '58', '--raw', '--subdir', 'DAGS_FOLDER/ecomm_dag.py', '--cfg-path', '/tmp/tmp1xj9sy5v']
[2024-06-27T22:53:05.810+0000] {standard_task_runner.py:91} INFO - Job 58: Subtask generate_and_insert_data
[2024-06-27T22:53:05.828+0000] {task_command.py:426} INFO - Running <TaskInstance: ecomm_data_pipeline.generate_and_insert_data scheduled__2023-01-01T04:40:00+00:00 [running]> on host a70edf9d8581
[2024-06-27T22:53:05.856+0000] {taskinstance.py:2648} INFO - Exporting env vars: AIRFLOW_CTX_DAG_OWNER='airflow' AIRFLOW_CTX_DAG_ID='ecomm_data_pipeline' AIRFLOW_CTX_TASK_ID='generate_and_insert_data' AIRFLOW_CTX_EXECUTION_DATE='2023-01-01T04:40:00+00:00' AIRFLOW_CTX_TRY_NUMBER='1' AIRFLOW_CTX_DAG_RUN_ID='scheduled__2023-01-01T04:40:00+00:00'
[2024-06-27T22:53:05.857+0000] {taskinstance.py:430} INFO - ::endgroup::
[2024-06-27T22:53:05.890+0000] {logging_mixin.py:188} INFO - Error in generate_and_insert_data: Command '['python3', './generator/ecomm_generator.py']' returned non-zero exit status 2.
[2024-06-27T22:53:05.890+0000] {logging_mixin.py:188} INFO - stdout: 
[2024-06-27T22:53:05.891+0000] {logging_mixin.py:188} INFO - stderr: python3: can't open file '/opt/airflow/./generator/ecomm_generator.py': [Errno 2] No such file or directory
[2024-06-27T22:53:05.891+0000] {python.py:237} INFO - Done. Returned value was: None
[2024-06-27T22:53:05.891+0000] {taskinstance.py:441} INFO - ::group::Post task execution logs
[2024-06-27T22:53:05.895+0000] {taskinstance.py:1206} INFO - Marking task as SUCCESS. dag_id=ecomm_data_pipeline, task_id=generate_and_insert_data, run_id=scheduled__2023-01-01T04:40:00+00:00, execution_date=20230101T044000, start_date=20240627T225305, end_date=20240627T225305
[2024-06-27T22:53:05.912+0000] {local_task_job_runner.py:240} INFO - Task exited with return code 0
[2024-06-27T22:53:05.919+0000] {taskinstance.py:3503} INFO - 0 downstream tasks scheduled from follow-on schedule check
[2024-06-27T22:53:05.920+0000] {local_task_job_runner.py:222} INFO - ::endgroup::
[2024-06-28T18:14:25.577+0000] {local_task_job_runner.py:120} INFO - ::group::Pre task execution logs
[2024-06-28T18:14:25.587+0000] {taskinstance.py:2076} INFO - Dependencies all met for dep_context=non-requeueable deps ti=<TaskInstance: ecomm_data_pipeline.generate_and_insert_data scheduled__2023-01-01T04:40:00+00:00 [queued]>
[2024-06-28T18:14:25.590+0000] {taskinstance.py:2076} INFO - Dependencies all met for dep_context=requeueable deps ti=<TaskInstance: ecomm_data_pipeline.generate_and_insert_data scheduled__2023-01-01T04:40:00+00:00 [queued]>
[2024-06-28T18:14:25.590+0000] {taskinstance.py:2306} INFO - Starting attempt 1 of 2
[2024-06-28T18:14:25.594+0000] {taskinstance.py:2330} INFO - Executing <Task(PythonOperator): generate_and_insert_data> on 2023-01-01 04:40:00+00:00
[2024-06-28T18:14:25.596+0000] {standard_task_runner.py:63} INFO - Started process 842 to run task
[2024-06-28T18:14:25.597+0000] {standard_task_runner.py:90} INFO - Running: ['airflow', 'tasks', 'run', 'ecomm_data_pipeline', 'generate_and_insert_data', 'scheduled__2023-01-01T04:40:00+00:00', '--job-id', '59', '--raw', '--subdir', 'DAGS_FOLDER/ecomm_dag.py', '--cfg-path', '/tmp/tmp69s8cf75']
[2024-06-28T18:14:25.598+0000] {standard_task_runner.py:91} INFO - Job 59: Subtask generate_and_insert_data
[2024-06-28T18:14:25.614+0000] {task_command.py:426} INFO - Running <TaskInstance: ecomm_data_pipeline.generate_and_insert_data scheduled__2023-01-01T04:40:00+00:00 [running]> on host 08cefd381a1f
[2024-06-28T18:14:25.642+0000] {taskinstance.py:2648} INFO - Exporting env vars: AIRFLOW_CTX_DAG_OWNER='airflow' AIRFLOW_CTX_DAG_ID='ecomm_data_pipeline' AIRFLOW_CTX_TASK_ID='generate_and_insert_data' AIRFLOW_CTX_EXECUTION_DATE='2023-01-01T04:40:00+00:00' AIRFLOW_CTX_TRY_NUMBER='1' AIRFLOW_CTX_DAG_RUN_ID='scheduled__2023-01-01T04:40:00+00:00'
[2024-06-28T18:14:25.642+0000] {taskinstance.py:430} INFO - ::endgroup::
[2024-06-28T18:14:25.698+0000] {logging_mixin.py:188} INFO - Error in generate_and_insert_data: Command '['python3', '/opt/airflow/generator/ecomm_generator.py']' returned non-zero exit status 1.
[2024-06-28T18:14:25.699+0000] {logging_mixin.py:188} INFO - stdout: 
[2024-06-28T18:14:25.699+0000] {logging_mixin.py:188} INFO - stderr: Traceback (most recent call last):
  File "/opt/airflow/generator/ecomm_generator.py", line 4, in <module>
    from faker import Faker
ModuleNotFoundError: No module named 'faker'
[2024-06-28T18:14:25.699+0000] {python.py:237} INFO - Done. Returned value was: None
[2024-06-28T18:14:25.699+0000] {taskinstance.py:441} INFO - ::group::Post task execution logs
[2024-06-28T18:14:25.704+0000] {taskinstance.py:1206} INFO - Marking task as SUCCESS. dag_id=ecomm_data_pipeline, task_id=generate_and_insert_data, run_id=scheduled__2023-01-01T04:40:00+00:00, execution_date=20230101T044000, start_date=20240628T181425, end_date=20240628T181425
[2024-06-28T18:14:25.743+0000] {local_task_job_runner.py:240} INFO - Task exited with return code 0
[2024-06-28T18:14:25.751+0000] {taskinstance.py:3503} INFO - 0 downstream tasks scheduled from follow-on schedule check
[2024-06-28T18:14:25.751+0000] {local_task_job_runner.py:222} INFO - ::endgroup::
[2024-06-28T18:21:32.752+0000] {local_task_job_runner.py:120} INFO - ::group::Pre task execution logs
[2024-06-28T18:21:32.763+0000] {taskinstance.py:2076} INFO - Dependencies all met for dep_context=non-requeueable deps ti=<TaskInstance: ecomm_data_pipeline.generate_and_insert_data scheduled__2023-01-01T04:40:00+00:00 [queued]>
[2024-06-28T18:21:32.765+0000] {taskinstance.py:2076} INFO - Dependencies all met for dep_context=requeueable deps ti=<TaskInstance: ecomm_data_pipeline.generate_and_insert_data scheduled__2023-01-01T04:40:00+00:00 [queued]>
[2024-06-28T18:21:32.765+0000] {taskinstance.py:2306} INFO - Starting attempt 1 of 2
[2024-06-28T18:21:32.770+0000] {taskinstance.py:2330} INFO - Executing <Task(PythonOperator): generate_and_insert_data> on 2023-01-01 04:40:00+00:00
[2024-06-28T18:21:32.771+0000] {standard_task_runner.py:63} INFO - Started process 728 to run task
[2024-06-28T18:21:32.772+0000] {standard_task_runner.py:90} INFO - Running: ['airflow', 'tasks', 'run', 'ecomm_data_pipeline', 'generate_and_insert_data', 'scheduled__2023-01-01T04:40:00+00:00', '--job-id', '51', '--raw', '--subdir', 'DAGS_FOLDER/ecomm_dag.py', '--cfg-path', '/tmp/tmphkvc4nau']
[2024-06-28T18:21:32.773+0000] {standard_task_runner.py:91} INFO - Job 51: Subtask generate_and_insert_data
[2024-06-28T18:21:32.790+0000] {task_command.py:426} INFO - Running <TaskInstance: ecomm_data_pipeline.generate_and_insert_data scheduled__2023-01-01T04:40:00+00:00 [running]> on host 6570e5857071
[2024-06-28T18:21:32.818+0000] {taskinstance.py:2648} INFO - Exporting env vars: AIRFLOW_CTX_DAG_OWNER='airflow' AIRFLOW_CTX_DAG_ID='ecomm_data_pipeline' AIRFLOW_CTX_TASK_ID='generate_and_insert_data' AIRFLOW_CTX_EXECUTION_DATE='2023-01-01T04:40:00+00:00' AIRFLOW_CTX_TRY_NUMBER='1' AIRFLOW_CTX_DAG_RUN_ID='scheduled__2023-01-01T04:40:00+00:00'
[2024-06-28T18:21:32.819+0000] {taskinstance.py:430} INFO - ::endgroup::
[2024-06-28T18:21:32.878+0000] {logging_mixin.py:188} INFO - Error in generate_and_insert_data: Command '['python3', '/opt/airflow/generator/ecomm_generator.py']' returned non-zero exit status 1.
[2024-06-28T18:21:32.878+0000] {logging_mixin.py:188} INFO - stdout: 
[2024-06-28T18:21:32.879+0000] {logging_mixin.py:188} INFO - stderr: Traceback (most recent call last):
  File "/opt/airflow/generator/ecomm_generator.py", line 4, in <module>
    from faker import Faker
ModuleNotFoundError: No module named 'faker'
[2024-06-28T18:21:32.879+0000] {python.py:237} INFO - Done. Returned value was: None
[2024-06-28T18:21:32.879+0000] {taskinstance.py:441} INFO - ::group::Post task execution logs
[2024-06-28T18:21:32.884+0000] {taskinstance.py:1206} INFO - Marking task as SUCCESS. dag_id=ecomm_data_pipeline, task_id=generate_and_insert_data, run_id=scheduled__2023-01-01T04:40:00+00:00, execution_date=20230101T044000, start_date=20240628T182132, end_date=20240628T182132
[2024-06-28T18:21:32.923+0000] {local_task_job_runner.py:240} INFO - Task exited with return code 0
[2024-06-28T18:21:32.929+0000] {taskinstance.py:3503} INFO - 0 downstream tasks scheduled from follow-on schedule check
[2024-06-28T18:21:32.930+0000] {local_task_job_runner.py:222} INFO - ::endgroup::
[2024-06-28T18:31:29.012+0000] {local_task_job_runner.py:120} INFO - ::group::Pre task execution logs
[2024-06-28T18:31:29.025+0000] {taskinstance.py:2076} INFO - Dependencies all met for dep_context=non-requeueable deps ti=<TaskInstance: ecomm_data_pipeline.generate_and_insert_data scheduled__2023-01-01T04:40:00+00:00 [queued]>
[2024-06-28T18:31:29.027+0000] {taskinstance.py:2076} INFO - Dependencies all met for dep_context=requeueable deps ti=<TaskInstance: ecomm_data_pipeline.generate_and_insert_data scheduled__2023-01-01T04:40:00+00:00 [queued]>
[2024-06-28T18:31:29.028+0000] {taskinstance.py:2306} INFO - Starting attempt 1 of 2
[2024-06-28T18:31:29.032+0000] {taskinstance.py:2330} INFO - Executing <Task(PythonOperator): generate_and_insert_data> on 2023-01-01 04:40:00+00:00
[2024-06-28T18:31:29.034+0000] {standard_task_runner.py:63} INFO - Started process 676 to run task
[2024-06-28T18:31:29.035+0000] {standard_task_runner.py:90} INFO - Running: ['airflow', 'tasks', 'run', 'ecomm_data_pipeline', 'generate_and_insert_data', 'scheduled__2023-01-01T04:40:00+00:00', '--job-id', '47', '--raw', '--subdir', 'DAGS_FOLDER/ecomm_dag.py', '--cfg-path', '/tmp/tmpdidls_fy']
[2024-06-28T18:31:29.036+0000] {standard_task_runner.py:91} INFO - Job 47: Subtask generate_and_insert_data
[2024-06-28T18:31:29.053+0000] {task_command.py:426} INFO - Running <TaskInstance: ecomm_data_pipeline.generate_and_insert_data scheduled__2023-01-01T04:40:00+00:00 [running]> on host 50bf780463b8
[2024-06-28T18:31:29.081+0000] {taskinstance.py:2648} INFO - Exporting env vars: AIRFLOW_CTX_DAG_OWNER='airflow' AIRFLOW_CTX_DAG_ID='ecomm_data_pipeline' AIRFLOW_CTX_TASK_ID='generate_and_insert_data' AIRFLOW_CTX_EXECUTION_DATE='2023-01-01T04:40:00+00:00' AIRFLOW_CTX_TRY_NUMBER='1' AIRFLOW_CTX_DAG_RUN_ID='scheduled__2023-01-01T04:40:00+00:00'
[2024-06-28T18:31:29.082+0000] {taskinstance.py:430} INFO - ::endgroup::
[2024-06-28T18:31:29.138+0000] {logging_mixin.py:188} INFO - Error in generate_and_insert_data: Command '['python3', '/opt/airflow/generator/ecomm_generator.py']' returned non-zero exit status 1.
[2024-06-28T18:31:29.139+0000] {logging_mixin.py:188} INFO - stdout: 
[2024-06-28T18:31:29.139+0000] {logging_mixin.py:188} INFO - stderr: Traceback (most recent call last):
  File "/opt/airflow/generator/ecomm_generator.py", line 4, in <module>
    from faker import Faker
ModuleNotFoundError: No module named 'faker'
[2024-06-28T18:31:29.139+0000] {python.py:237} INFO - Done. Returned value was: None
[2024-06-28T18:31:29.139+0000] {taskinstance.py:441} INFO - ::group::Post task execution logs
[2024-06-28T18:31:29.144+0000] {taskinstance.py:1206} INFO - Marking task as SUCCESS. dag_id=ecomm_data_pipeline, task_id=generate_and_insert_data, run_id=scheduled__2023-01-01T04:40:00+00:00, execution_date=20230101T044000, start_date=20240628T183129, end_date=20240628T183129
[2024-06-28T18:31:29.179+0000] {local_task_job_runner.py:240} INFO - Task exited with return code 0
[2024-06-28T18:31:29.185+0000] {taskinstance.py:3503} INFO - 0 downstream tasks scheduled from follow-on schedule check
[2024-06-28T18:31:29.186+0000] {local_task_job_runner.py:222} INFO - ::endgroup::
