[2024-07-04T01:56:06.627+0000] {taskinstance.py:1103} INFO - Dependencies all met for dep_context=non-requeueable deps ti=<TaskInstance: dbt_run_dag.run_dbt scheduled__2024-07-03T22:51:14.561768+00:00 [queued]>
[2024-07-04T01:56:06.630+0000] {taskinstance.py:1103} INFO - Dependencies all met for dep_context=requeueable deps ti=<TaskInstance: dbt_run_dag.run_dbt scheduled__2024-07-03T22:51:14.561768+00:00 [queued]>
[2024-07-04T01:56:06.630+0000] {taskinstance.py:1308} INFO - Starting attempt 2 of 3
[2024-07-04T01:56:06.634+0000] {taskinstance.py:1327} INFO - Executing <Task(BashOperator): run_dbt> on 2024-07-03 22:51:14.561768+00:00
[2024-07-04T01:56:06.635+0000] {standard_task_runner.py:57} INFO - Started process 148 to run task
[2024-07-04T01:56:06.637+0000] {standard_task_runner.py:84} INFO - Running: ['airflow', 'tasks', 'run', 'dbt_run_dag', 'run_dbt', 'scheduled__2024-07-03T22:51:14.561768+00:00', '--job-id', '721', '--raw', '--subdir', 'DAGS_FOLDER/dbt_run_dag.py', '--cfg-path', '/tmp/tmpmjrxij5x']
[2024-07-04T01:56:06.637+0000] {standard_task_runner.py:85} INFO - Job 721: Subtask run_dbt
[2024-07-04T01:56:06.669+0000] {task_command.py:410} INFO - Running <TaskInstance: dbt_run_dag.run_dbt scheduled__2024-07-03T22:51:14.561768+00:00 [running]> on host 4806f269080c
[2024-07-04T01:56:06.706+0000] {taskinstance.py:1545} INFO - Exporting env vars: AIRFLOW_CTX_DAG_OWNER='airflow' AIRFLOW_CTX_DAG_ID='dbt_run_dag' AIRFLOW_CTX_TASK_ID='run_dbt' AIRFLOW_CTX_EXECUTION_DATE='2024-07-03T22:51:14.561768+00:00' AIRFLOW_CTX_TRY_NUMBER='2' AIRFLOW_CTX_DAG_RUN_ID='scheduled__2024-07-03T22:51:14.561768+00:00'
[2024-07-04T01:56:06.707+0000] {subprocess.py:63} INFO - Tmp dir root location: 
 /tmp
[2024-07-04T01:56:06.707+0000] {subprocess.py:75} INFO - Running command: ['/bin/bash', '-c', 'dbt run --profiles-dir /opt/airflow/dbt']
[2024-07-04T01:56:06.710+0000] {subprocess.py:86} INFO - Output:
[2024-07-04T01:56:06.711+0000] {subprocess.py:93} INFO - /bin/bash: line 1: dbt: command not found
[2024-07-04T01:56:06.712+0000] {subprocess.py:97} INFO - Command exited with return code 127
[2024-07-04T01:56:06.724+0000] {taskinstance.py:1824} ERROR - Task failed with exception
Traceback (most recent call last):
  File "/home/airflow/.local/lib/python3.9/site-packages/airflow/operators/bash.py", line 210, in execute
    raise AirflowException(
airflow.exceptions.AirflowException: Bash command failed. The command returned a non-zero exit code 127.
[2024-07-04T01:56:06.728+0000] {taskinstance.py:1345} INFO - Marking task as UP_FOR_RETRY. dag_id=dbt_run_dag, task_id=run_dbt, execution_date=20240703T225114, start_date=20240704T015606, end_date=20240704T015606
[2024-07-04T01:56:06.740+0000] {standard_task_runner.py:104} ERROR - Failed to execute job 721 for task run_dbt (Bash command failed. The command returned a non-zero exit code 127.; 148)
[2024-07-04T01:56:06.780+0000] {local_task_job_runner.py:225} INFO - Task exited with return code 1
[2024-07-04T01:56:06.790+0000] {taskinstance.py:2651} INFO - 0 downstream tasks scheduled from follow-on schedule check
