[2024-07-04T02:00:25.015+0000] {taskinstance.py:1103} INFO - Dependencies all met for dep_context=non-requeueable deps ti=<TaskInstance: dbt_run_dag.run_dbt scheduled__2024-07-03T22:51:14.561768+00:00 [queued]>
[2024-07-04T02:00:25.019+0000] {taskinstance.py:1103} INFO - Dependencies all met for dep_context=requeueable deps ti=<TaskInstance: dbt_run_dag.run_dbt scheduled__2024-07-03T22:51:14.561768+00:00 [queued]>
[2024-07-04T02:00:25.020+0000] {taskinstance.py:1308} INFO - Starting attempt 3 of 4
[2024-07-04T02:00:25.026+0000] {taskinstance.py:1327} INFO - Executing <Task(BashOperator): run_dbt> on 2024-07-03 22:51:14.561768+00:00
[2024-07-04T02:00:25.028+0000] {standard_task_runner.py:57} INFO - Started process 62 to run task
[2024-07-04T02:00:25.030+0000] {standard_task_runner.py:84} INFO - Running: ['airflow', 'tasks', 'run', 'dbt_run_dag', 'run_dbt', 'scheduled__2024-07-03T22:51:14.561768+00:00', '--job-id', '730', '--raw', '--subdir', 'DAGS_FOLDER/dbt_run_dag.py', '--cfg-path', '/tmp/tmpnhy8n23f']
[2024-07-04T02:00:25.031+0000] {standard_task_runner.py:85} INFO - Job 730: Subtask run_dbt
[2024-07-04T02:00:25.055+0000] {task_command.py:410} INFO - Running <TaskInstance: dbt_run_dag.run_dbt scheduled__2024-07-03T22:51:14.561768+00:00 [running]> on host 843ecde9d0d6
[2024-07-04T02:00:25.089+0000] {taskinstance.py:1545} INFO - Exporting env vars: AIRFLOW_CTX_DAG_OWNER='airflow' AIRFLOW_CTX_DAG_ID='dbt_run_dag' AIRFLOW_CTX_TASK_ID='run_dbt' AIRFLOW_CTX_EXECUTION_DATE='2024-07-03T22:51:14.561768+00:00' AIRFLOW_CTX_TRY_NUMBER='3' AIRFLOW_CTX_DAG_RUN_ID='scheduled__2024-07-03T22:51:14.561768+00:00'
[2024-07-04T02:00:25.090+0000] {subprocess.py:63} INFO - Tmp dir root location: 
 /tmp
[2024-07-04T02:00:25.091+0000] {subprocess.py:75} INFO - Running command: ['/bin/bash', '-c', 'dbt run --profiles-dir /opt/airflow/dbt']
[2024-07-04T02:00:25.093+0000] {subprocess.py:86} INFO - Output:
[2024-07-04T02:00:25.093+0000] {subprocess.py:93} INFO - /bin/bash: line 1: dbt: command not found
[2024-07-04T02:00:25.093+0000] {subprocess.py:97} INFO - Command exited with return code 127
[2024-07-04T02:00:25.099+0000] {taskinstance.py:1824} ERROR - Task failed with exception
Traceback (most recent call last):
  File "/home/airflow/.local/lib/python3.9/site-packages/airflow/operators/bash.py", line 210, in execute
    raise AirflowException(
airflow.exceptions.AirflowException: Bash command failed. The command returned a non-zero exit code 127.
[2024-07-04T02:00:25.100+0000] {taskinstance.py:1345} INFO - Marking task as UP_FOR_RETRY. dag_id=dbt_run_dag, task_id=run_dbt, execution_date=20240703T225114, start_date=20240704T020025, end_date=20240704T020025
[2024-07-04T02:00:25.105+0000] {standard_task_runner.py:104} ERROR - Failed to execute job 730 for task run_dbt (Bash command failed. The command returned a non-zero exit code 127.; 62)
[2024-07-04T02:00:25.128+0000] {local_task_job_runner.py:225} INFO - Task exited with return code 1
[2024-07-04T02:00:25.137+0000] {taskinstance.py:2651} INFO - 0 downstream tasks scheduled from follow-on schedule check
