[2024-07-04T02:04:56.444+0000] {taskinstance.py:1103} INFO - Dependencies all met for dep_context=non-requeueable deps ti=<TaskInstance: dbt_run_dag.run_dbt scheduled__2024-07-03T22:51:14.561768+00:00 [queued]>
[2024-07-04T02:04:56.447+0000] {taskinstance.py:1103} INFO - Dependencies all met for dep_context=requeueable deps ti=<TaskInstance: dbt_run_dag.run_dbt scheduled__2024-07-03T22:51:14.561768+00:00 [queued]>
[2024-07-04T02:04:56.447+0000] {taskinstance.py:1308} INFO - Starting attempt 4 of 5
[2024-07-04T02:04:56.451+0000] {taskinstance.py:1327} INFO - Executing <Task(BashOperator): run_dbt> on 2024-07-03 22:51:14.561768+00:00
[2024-07-04T02:04:56.453+0000] {standard_task_runner.py:57} INFO - Started process 32 to run task
[2024-07-04T02:04:56.454+0000] {standard_task_runner.py:84} INFO - Running: ['airflow', 'tasks', 'run', 'dbt_run_dag', 'run_dbt', 'scheduled__2024-07-03T22:51:14.561768+00:00', '--job-id', '732', '--raw', '--subdir', 'DAGS_FOLDER/dbt_run_dag.py', '--cfg-path', '/tmp/tmpf4lnebc7']
[2024-07-04T02:04:56.455+0000] {standard_task_runner.py:85} INFO - Job 732: Subtask run_dbt
[2024-07-04T02:04:56.478+0000] {task_command.py:410} INFO - Running <TaskInstance: dbt_run_dag.run_dbt scheduled__2024-07-03T22:51:14.561768+00:00 [running]> on host d1bc05f45f2c
[2024-07-04T02:04:56.518+0000] {taskinstance.py:1545} INFO - Exporting env vars: AIRFLOW_CTX_DAG_OWNER='airflow' AIRFLOW_CTX_DAG_ID='dbt_run_dag' AIRFLOW_CTX_TASK_ID='run_dbt' AIRFLOW_CTX_EXECUTION_DATE='2024-07-03T22:51:14.561768+00:00' AIRFLOW_CTX_TRY_NUMBER='4' AIRFLOW_CTX_DAG_RUN_ID='scheduled__2024-07-03T22:51:14.561768+00:00'
[2024-07-04T02:04:56.519+0000] {subprocess.py:63} INFO - Tmp dir root location: 
 /tmp
[2024-07-04T02:04:56.519+0000] {subprocess.py:75} INFO - Running command: ['/bin/bash', '-c', 'dbt run --profiles-dir /opt/airflow/dbt']
[2024-07-04T02:04:56.523+0000] {subprocess.py:86} INFO - Output:
[2024-07-04T02:04:57.643+0000] {subprocess.py:93} INFO - [0m02:04:57  Running with dbt=1.8.3
[2024-07-04T02:04:57.644+0000] {subprocess.py:93} INFO - [0m02:04:57  Encountered an error:
[2024-07-04T02:04:57.644+0000] {subprocess.py:93} INFO - Runtime Error
[2024-07-04T02:04:57.644+0000] {subprocess.py:93} INFO -   No dbt_project.yml found at expected path /tmp/airflowtmp_nhl292u/dbt_project.yml
[2024-07-04T02:04:57.644+0000] {subprocess.py:93} INFO -   Verify that each entry within packages.yml (and their transitive dependencies) contains a file named dbt_project.yml
[2024-07-04T02:04:57.644+0000] {subprocess.py:93} INFO - 
[2024-07-04T02:04:58.115+0000] {subprocess.py:97} INFO - Command exited with return code 2
[2024-07-04T02:04:58.124+0000] {taskinstance.py:1824} ERROR - Task failed with exception
Traceback (most recent call last):
  File "/home/airflow/.local/lib/python3.9/site-packages/airflow/operators/bash.py", line 210, in execute
    raise AirflowException(
airflow.exceptions.AirflowException: Bash command failed. The command returned a non-zero exit code 2.
[2024-07-04T02:04:58.126+0000] {taskinstance.py:1345} INFO - Marking task as UP_FOR_RETRY. dag_id=dbt_run_dag, task_id=run_dbt, execution_date=20240703T225114, start_date=20240704T020456, end_date=20240704T020458
[2024-07-04T02:04:58.131+0000] {standard_task_runner.py:104} ERROR - Failed to execute job 732 for task run_dbt (Bash command failed. The command returned a non-zero exit code 2.; 32)
[2024-07-04T02:04:58.163+0000] {local_task_job_runner.py:225} INFO - Task exited with return code 1
[2024-07-04T02:04:58.173+0000] {taskinstance.py:2651} INFO - 0 downstream tasks scheduled from follow-on schedule check
