[2024-07-06T18:15:10.103+0000] {taskinstance.py:1103} INFO - Dependencies all met for dep_context=non-requeueable deps ti=<TaskInstance: import_main_data.wait_for_init scheduled__2024-07-06T04:00:00+00:00 [queued]>
[2024-07-06T18:15:10.106+0000] {taskinstance.py:1103} INFO - Dependencies all met for dep_context=requeueable deps ti=<TaskInstance: import_main_data.wait_for_init scheduled__2024-07-06T04:00:00+00:00 [queued]>
[2024-07-06T18:15:10.107+0000] {taskinstance.py:1308} INFO - Starting attempt 1 of 2
[2024-07-06T18:15:10.110+0000] {taskinstance.py:1327} INFO - Executing <Task(ExternalTaskSensor): wait_for_init> on 2024-07-06 04:00:00+00:00
[2024-07-06T18:15:10.112+0000] {standard_task_runner.py:57} INFO - Started process 932 to run task
[2024-07-06T18:15:10.113+0000] {standard_task_runner.py:84} INFO - Running: ['airflow', 'tasks', 'run', 'import_main_data', 'wait_for_init', 'scheduled__2024-07-06T04:00:00+00:00', '--job-id', '888', '--raw', '--subdir', 'DAGS_FOLDER/import_raw_data.py', '--cfg-path', '/tmp/tmpdl8ztyh4']
[2024-07-06T18:15:10.114+0000] {standard_task_runner.py:85} INFO - Job 888: Subtask wait_for_init
[2024-07-06T18:15:10.133+0000] {task_command.py:410} INFO - Running <TaskInstance: import_main_data.wait_for_init scheduled__2024-07-06T04:00:00+00:00 [running]> on host f6bf59d3e65b
[2024-07-06T18:15:10.169+0000] {taskinstance.py:1545} INFO - Exporting env vars: AIRFLOW_CTX_DAG_EMAIL='airflow@example.com' AIRFLOW_CTX_DAG_OWNER='airflow' AIRFLOW_CTX_DAG_ID='import_main_data' AIRFLOW_CTX_TASK_ID='wait_for_init' AIRFLOW_CTX_EXECUTION_DATE='2024-07-06T04:00:00+00:00' AIRFLOW_CTX_TRY_NUMBER='1' AIRFLOW_CTX_DAG_RUN_ID='scheduled__2024-07-06T04:00:00+00:00'
[2024-07-06T18:15:10.173+0000] {external_task.py:247} INFO - Poking for DAG 'initialize_etl_environment' on 2024-07-06T04:00:00+00:00 ... 
[2024-07-06T18:15:10.184+0000] {taskinstance.py:1784} INFO - Rescheduling task, marking task as UP_FOR_RESCHEDULE
[2024-07-06T18:15:10.220+0000] {local_task_job_runner.py:225} INFO - Task exited with return code 0
[2024-07-06T18:15:10.234+0000] {taskinstance.py:2651} INFO - 0 downstream tasks scheduled from follow-on schedule check
[2024-07-06T18:43:44.743+0000] {taskinstance.py:1103} INFO - Dependencies all met for dep_context=non-requeueable deps ti=<TaskInstance: import_main_data.wait_for_init scheduled__2024-07-06T04:00:00+00:00 [queued]>
[2024-07-06T18:43:44.747+0000] {taskinstance.py:1103} INFO - Dependencies all met for dep_context=requeueable deps ti=<TaskInstance: import_main_data.wait_for_init scheduled__2024-07-06T04:00:00+00:00 [queued]>
[2024-07-06T18:43:44.747+0000] {taskinstance.py:1308} INFO - Starting attempt 1 of 2
[2024-07-06T18:43:44.751+0000] {taskinstance.py:1327} INFO - Executing <Task(ExternalTaskSensor): wait_for_init> on 2024-07-06 04:00:00+00:00
[2024-07-06T18:43:44.752+0000] {standard_task_runner.py:57} INFO - Started process 1384 to run task
[2024-07-06T18:43:44.754+0000] {standard_task_runner.py:84} INFO - Running: ['airflow', 'tasks', 'run', 'import_main_data', 'wait_for_init', 'scheduled__2024-07-06T04:00:00+00:00', '--job-id', '911', '--raw', '--subdir', 'DAGS_FOLDER/import_raw_data.py', '--cfg-path', '/tmp/tmp0vqltnpy']
[2024-07-06T18:43:44.754+0000] {standard_task_runner.py:85} INFO - Job 911: Subtask wait_for_init
[2024-07-06T18:43:44.774+0000] {task_command.py:410} INFO - Running <TaskInstance: import_main_data.wait_for_init scheduled__2024-07-06T04:00:00+00:00 [running]> on host f6bf59d3e65b
[2024-07-06T18:43:44.810+0000] {taskinstance.py:1545} INFO - Exporting env vars: AIRFLOW_CTX_DAG_EMAIL='airflow@example.com' AIRFLOW_CTX_DAG_OWNER='airflow' AIRFLOW_CTX_DAG_ID='import_main_data' AIRFLOW_CTX_TASK_ID='wait_for_init' AIRFLOW_CTX_EXECUTION_DATE='2024-07-06T04:00:00+00:00' AIRFLOW_CTX_TRY_NUMBER='1' AIRFLOW_CTX_DAG_RUN_ID='scheduled__2024-07-06T04:00:00+00:00'
[2024-07-06T18:43:44.814+0000] {external_task.py:247} INFO - Poking for DAG 'initialize_etl_environment' on 2024-07-06T04:00:00+00:00 ... 
[2024-07-06T18:43:44.825+0000] {taskinstance.py:1784} INFO - Rescheduling task, marking task as UP_FOR_RESCHEDULE
[2024-07-06T18:43:44.856+0000] {local_task_job_runner.py:225} INFO - Task exited with return code 0
[2024-07-06T18:43:44.867+0000] {taskinstance.py:2651} INFO - 0 downstream tasks scheduled from follow-on schedule check
[2024-07-06T18:44:46.888+0000] {taskinstance.py:1103} INFO - Dependencies all met for dep_context=non-requeueable deps ti=<TaskInstance: import_main_data.wait_for_init scheduled__2024-07-06T04:00:00+00:00 [queued]>
[2024-07-06T18:44:46.891+0000] {taskinstance.py:1103} INFO - Dependencies all met for dep_context=requeueable deps ti=<TaskInstance: import_main_data.wait_for_init scheduled__2024-07-06T04:00:00+00:00 [queued]>
[2024-07-06T18:44:46.892+0000] {taskinstance.py:1308} INFO - Starting attempt 1 of 2
[2024-07-06T18:44:46.896+0000] {taskinstance.py:1327} INFO - Executing <Task(ExternalTaskSensor): wait_for_init> on 2024-07-06 04:00:00+00:00
[2024-07-06T18:44:46.897+0000] {standard_task_runner.py:57} INFO - Started process 1444 to run task
[2024-07-06T18:44:46.898+0000] {standard_task_runner.py:84} INFO - Running: ['airflow', 'tasks', 'run', 'import_main_data', 'wait_for_init', 'scheduled__2024-07-06T04:00:00+00:00', '--job-id', '925', '--raw', '--subdir', 'DAGS_FOLDER/import_raw_data.py', '--cfg-path', '/tmp/tmp94cne6yn']
[2024-07-06T18:44:46.899+0000] {standard_task_runner.py:85} INFO - Job 925: Subtask wait_for_init
[2024-07-06T18:44:46.918+0000] {task_command.py:410} INFO - Running <TaskInstance: import_main_data.wait_for_init scheduled__2024-07-06T04:00:00+00:00 [running]> on host f6bf59d3e65b
[2024-07-06T18:44:47.006+0000] {taskinstance.py:1545} INFO - Exporting env vars: AIRFLOW_CTX_DAG_EMAIL='airflow@example.com' AIRFLOW_CTX_DAG_OWNER='airflow' AIRFLOW_CTX_DAG_ID='import_main_data' AIRFLOW_CTX_TASK_ID='wait_for_init' AIRFLOW_CTX_EXECUTION_DATE='2024-07-06T04:00:00+00:00' AIRFLOW_CTX_TRY_NUMBER='1' AIRFLOW_CTX_DAG_RUN_ID='scheduled__2024-07-06T04:00:00+00:00'
[2024-07-06T18:44:47.021+0000] {external_task.py:247} INFO - Poking for DAG 'initialize_etl_environment' on 2024-07-06T04:00:00+00:00 ... 
[2024-07-06T18:44:47.043+0000] {taskinstance.py:1784} INFO - Rescheduling task, marking task as UP_FOR_RESCHEDULE
[2024-07-06T18:44:47.090+0000] {local_task_job_runner.py:225} INFO - Task exited with return code 0
[2024-07-06T18:44:47.103+0000] {taskinstance.py:2651} INFO - 0 downstream tasks scheduled from follow-on schedule check
