[2024-07-06T18:48:04.638+0000] {taskinstance.py:1103} INFO - Dependencies all met for dep_context=non-requeueable deps ti=<TaskInstance: import_main_data.wait_for_init scheduled__2024-07-06T04:00:00+00:00 [queued]>
[2024-07-06T18:48:04.641+0000] {taskinstance.py:1103} INFO - Dependencies all met for dep_context=requeueable deps ti=<TaskInstance: import_main_data.wait_for_init scheduled__2024-07-06T04:00:00+00:00 [queued]>
[2024-07-06T18:48:04.642+0000] {taskinstance.py:1308} INFO - Starting attempt 2 of 3
[2024-07-06T18:48:04.646+0000] {taskinstance.py:1327} INFO - Executing <Task(ExternalTaskWithinDaysSensor): wait_for_init> on 2024-07-06 04:00:00+00:00
[2024-07-06T18:48:04.647+0000] {standard_task_runner.py:57} INFO - Started process 1562 to run task
[2024-07-06T18:48:04.648+0000] {standard_task_runner.py:84} INFO - Running: ['airflow', 'tasks', 'run', 'import_main_data', 'wait_for_init', 'scheduled__2024-07-06T04:00:00+00:00', '--job-id', '926', '--raw', '--subdir', 'DAGS_FOLDER/import_raw_data.py', '--cfg-path', '/tmp/tmpj2n9tpib']
[2024-07-06T18:48:04.649+0000] {standard_task_runner.py:85} INFO - Job 926: Subtask wait_for_init
[2024-07-06T18:48:04.672+0000] {task_command.py:410} INFO - Running <TaskInstance: import_main_data.wait_for_init scheduled__2024-07-06T04:00:00+00:00 [running]> on host f6bf59d3e65b
[2024-07-06T18:48:04.709+0000] {taskinstance.py:1545} INFO - Exporting env vars: AIRFLOW_CTX_DAG_EMAIL='airflow@example.com' AIRFLOW_CTX_DAG_OWNER='airflow' AIRFLOW_CTX_DAG_ID='import_main_data' AIRFLOW_CTX_TASK_ID='wait_for_init' AIRFLOW_CTX_EXECUTION_DATE='2024-07-06T04:00:00+00:00' AIRFLOW_CTX_TRY_NUMBER='2' AIRFLOW_CTX_DAG_RUN_ID='scheduled__2024-07-06T04:00:00+00:00'
[2024-07-06T18:48:04.710+0000] {taskinstance.py:1824} ERROR - Task failed with exception
Traceback (most recent call last):
  File "/home/airflow/.local/lib/python3.9/site-packages/airflow/sensors/base.py", line 225, in execute
    raise e
  File "/home/airflow/.local/lib/python3.9/site-packages/airflow/sensors/base.py", line 212, in execute
    poke_return = self.poke(context)
  File "/opt/airflow/dags/custom_sensors.py", line 26, in poke
    session.query(DagRun)
NameError: name 'DagRun' is not defined
[2024-07-06T18:48:04.714+0000] {taskinstance.py:1345} INFO - Marking task as UP_FOR_RETRY. dag_id=import_main_data, task_id=wait_for_init, execution_date=20240706T040000, start_date=20240706T184804, end_date=20240706T184804
[2024-07-06T18:48:04.719+0000] {standard_task_runner.py:104} ERROR - Failed to execute job 926 for task wait_for_init (name 'DagRun' is not defined; 1562)
[2024-07-06T18:48:04.748+0000] {local_task_job_runner.py:225} INFO - Task exited with return code 1
[2024-07-06T18:48:04.759+0000] {taskinstance.py:2651} INFO - 0 downstream tasks scheduled from follow-on schedule check
