[2024-06-27T22:33:17.933+0000] {local_task_job_runner.py:120} INFO - ::group::Pre task execution logs
[2024-06-27T22:33:17.945+0000] {taskinstance.py:2076} INFO - Dependencies all met for dep_context=non-requeueable deps ti=<TaskInstance: example_dag.generate_and_insert_data scheduled__2023-01-01T01:30:00+00:00 [queued]>
[2024-06-27T22:33:17.947+0000] {taskinstance.py:2076} INFO - Dependencies all met for dep_context=requeueable deps ti=<TaskInstance: example_dag.generate_and_insert_data scheduled__2023-01-01T01:30:00+00:00 [queued]>
[2024-06-27T22:33:17.947+0000] {taskinstance.py:2306} INFO - Starting attempt 1 of 2
[2024-06-27T22:33:17.953+0000] {taskinstance.py:2330} INFO - Executing <Task(PythonOperator): generate_and_insert_data> on 2023-01-01 01:30:00+00:00
[2024-06-27T22:33:17.955+0000] {standard_task_runner.py:63} INFO - Started process 310 to run task
[2024-06-27T22:33:17.956+0000] {standard_task_runner.py:90} INFO - Running: ['airflow', 'tasks', 'run', 'example_dag', 'generate_and_insert_data', 'scheduled__2023-01-01T01:30:00+00:00', '--job-id', '21', '--raw', '--subdir', 'DAGS_FOLDER/example_dag.py', '--cfg-path', '/tmp/tmpb3yrshkn']
[2024-06-27T22:33:17.956+0000] {standard_task_runner.py:91} INFO - Job 21: Subtask generate_and_insert_data
[2024-06-27T22:33:17.975+0000] {task_command.py:426} INFO - Running <TaskInstance: example_dag.generate_and_insert_data scheduled__2023-01-01T01:30:00+00:00 [running]> on host 9174587f6b1d
[2024-06-27T22:33:18.009+0000] {taskinstance.py:2648} INFO - Exporting env vars: AIRFLOW_CTX_DAG_OWNER='airflow' AIRFLOW_CTX_DAG_ID='example_dag' AIRFLOW_CTX_TASK_ID='generate_and_insert_data' AIRFLOW_CTX_EXECUTION_DATE='2023-01-01T01:30:00+00:00' AIRFLOW_CTX_TRY_NUMBER='1' AIRFLOW_CTX_DAG_RUN_ID='scheduled__2023-01-01T01:30:00+00:00'
[2024-06-27T22:33:18.010+0000] {taskinstance.py:430} INFO - ::endgroup::
[2024-06-27T22:33:18.014+0000] {python.py:237} INFO - Done. Returned value was: None
[2024-06-27T22:33:18.015+0000] {taskinstance.py:441} INFO - ::group::Post task execution logs
[2024-06-27T22:33:18.020+0000] {taskinstance.py:1206} INFO - Marking task as SUCCESS. dag_id=example_dag, task_id=generate_and_insert_data, run_id=scheduled__2023-01-01T01:30:00+00:00, execution_date=20230101T013000, start_date=20240627T223317, end_date=20240627T223318
[2024-06-27T22:33:18.057+0000] {local_task_job_runner.py:240} INFO - Task exited with return code 0
[2024-06-27T22:33:18.064+0000] {taskinstance.py:3503} INFO - 0 downstream tasks scheduled from follow-on schedule check
[2024-06-27T22:33:18.065+0000] {local_task_job_runner.py:222} INFO - ::endgroup::
[2024-06-27T22:52:08.101+0000] {local_task_job_runner.py:120} INFO - ::group::Pre task execution logs
[2024-06-27T22:52:08.111+0000] {taskinstance.py:2076} INFO - Dependencies all met for dep_context=non-requeueable deps ti=<TaskInstance: example_dag.generate_and_insert_data scheduled__2023-01-01T01:30:00+00:00 [queued]>
[2024-06-27T22:52:08.114+0000] {taskinstance.py:2076} INFO - Dependencies all met for dep_context=requeueable deps ti=<TaskInstance: example_dag.generate_and_insert_data scheduled__2023-01-01T01:30:00+00:00 [queued]>
[2024-06-27T22:52:08.114+0000] {taskinstance.py:2306} INFO - Starting attempt 1 of 2
[2024-06-27T22:52:08.119+0000] {taskinstance.py:2330} INFO - Executing <Task(PythonOperator): generate_and_insert_data> on 2023-01-01 01:30:00+00:00
[2024-06-27T22:52:08.120+0000] {standard_task_runner.py:63} INFO - Started process 310 to run task
[2024-06-27T22:52:08.121+0000] {standard_task_runner.py:90} INFO - Running: ['airflow', 'tasks', 'run', 'example_dag', 'generate_and_insert_data', 'scheduled__2023-01-01T01:30:00+00:00', '--job-id', '21', '--raw', '--subdir', 'DAGS_FOLDER/example_dag.py', '--cfg-path', '/tmp/tmp2554b5se']
[2024-06-27T22:52:08.122+0000] {standard_task_runner.py:91} INFO - Job 21: Subtask generate_and_insert_data
[2024-06-27T22:52:08.139+0000] {task_command.py:426} INFO - Running <TaskInstance: example_dag.generate_and_insert_data scheduled__2023-01-01T01:30:00+00:00 [running]> on host a70edf9d8581
[2024-06-27T22:52:08.169+0000] {taskinstance.py:2648} INFO - Exporting env vars: AIRFLOW_CTX_DAG_OWNER='airflow' AIRFLOW_CTX_DAG_ID='example_dag' AIRFLOW_CTX_TASK_ID='generate_and_insert_data' AIRFLOW_CTX_EXECUTION_DATE='2023-01-01T01:30:00+00:00' AIRFLOW_CTX_TRY_NUMBER='1' AIRFLOW_CTX_DAG_RUN_ID='scheduled__2023-01-01T01:30:00+00:00'
[2024-06-27T22:52:08.169+0000] {taskinstance.py:430} INFO - ::endgroup::
[2024-06-27T22:52:08.173+0000] {python.py:237} INFO - Done. Returned value was: None
[2024-06-27T22:52:08.174+0000] {taskinstance.py:441} INFO - ::group::Post task execution logs
[2024-06-27T22:52:08.178+0000] {taskinstance.py:1206} INFO - Marking task as SUCCESS. dag_id=example_dag, task_id=generate_and_insert_data, run_id=scheduled__2023-01-01T01:30:00+00:00, execution_date=20230101T013000, start_date=20240627T225208, end_date=20240627T225208
[2024-06-27T22:52:08.226+0000] {local_task_job_runner.py:240} INFO - Task exited with return code 0
[2024-06-27T22:52:08.232+0000] {taskinstance.py:3503} INFO - 0 downstream tasks scheduled from follow-on schedule check
[2024-06-27T22:52:08.233+0000] {local_task_job_runner.py:222} INFO - ::endgroup::
[2024-06-27T22:59:51.632+0000] {local_task_job_runner.py:120} INFO - ::group::Pre task execution logs
[2024-06-27T22:59:51.644+0000] {taskinstance.py:2076} INFO - Dependencies all met for dep_context=non-requeueable deps ti=<TaskInstance: example_dag.generate_and_insert_data scheduled__2023-01-01T01:30:00+00:00 [queued]>
[2024-06-27T22:59:51.647+0000] {taskinstance.py:2076} INFO - Dependencies all met for dep_context=requeueable deps ti=<TaskInstance: example_dag.generate_and_insert_data scheduled__2023-01-01T01:30:00+00:00 [queued]>
[2024-06-27T22:59:51.647+0000] {taskinstance.py:2306} INFO - Starting attempt 1 of 2
[2024-06-27T22:59:51.652+0000] {taskinstance.py:2330} INFO - Executing <Task(PythonOperator): generate_and_insert_data> on 2023-01-01 01:30:00+00:00
[2024-06-27T22:59:51.654+0000] {standard_task_runner.py:63} INFO - Started process 310 to run task
[2024-06-27T22:59:51.655+0000] {standard_task_runner.py:90} INFO - Running: ['airflow', 'tasks', 'run', 'example_dag', 'generate_and_insert_data', 'scheduled__2023-01-01T01:30:00+00:00', '--job-id', '21', '--raw', '--subdir', 'DAGS_FOLDER/example_dag.py', '--cfg-path', '/tmp/tmpxn7orr7f']
[2024-06-27T22:59:51.656+0000] {standard_task_runner.py:91} INFO - Job 21: Subtask generate_and_insert_data
[2024-06-27T22:59:51.673+0000] {task_command.py:426} INFO - Running <TaskInstance: example_dag.generate_and_insert_data scheduled__2023-01-01T01:30:00+00:00 [running]> on host 5cc71d4b298c
[2024-06-27T22:59:51.702+0000] {taskinstance.py:2648} INFO - Exporting env vars: AIRFLOW_CTX_DAG_OWNER='airflow' AIRFLOW_CTX_DAG_ID='example_dag' AIRFLOW_CTX_TASK_ID='generate_and_insert_data' AIRFLOW_CTX_EXECUTION_DATE='2023-01-01T01:30:00+00:00' AIRFLOW_CTX_TRY_NUMBER='1' AIRFLOW_CTX_DAG_RUN_ID='scheduled__2023-01-01T01:30:00+00:00'
[2024-06-27T22:59:51.703+0000] {taskinstance.py:430} INFO - ::endgroup::
[2024-06-27T22:59:51.707+0000] {python.py:237} INFO - Done. Returned value was: None
[2024-06-27T22:59:51.707+0000] {taskinstance.py:441} INFO - ::group::Post task execution logs
[2024-06-27T22:59:51.711+0000] {taskinstance.py:1206} INFO - Marking task as SUCCESS. dag_id=example_dag, task_id=generate_and_insert_data, run_id=scheduled__2023-01-01T01:30:00+00:00, execution_date=20230101T013000, start_date=20240627T225951, end_date=20240627T225951
[2024-06-27T22:59:51.760+0000] {local_task_job_runner.py:240} INFO - Task exited with return code 0
[2024-06-27T22:59:51.767+0000] {taskinstance.py:3503} INFO - 0 downstream tasks scheduled from follow-on schedule check
[2024-06-27T22:59:51.768+0000] {local_task_job_runner.py:222} INFO - ::endgroup::
[2024-06-27T23:09:30.857+0000] {local_task_job_runner.py:120} INFO - ::group::Pre task execution logs
[2024-06-27T23:09:30.867+0000] {taskinstance.py:2076} INFO - Dependencies all met for dep_context=non-requeueable deps ti=<TaskInstance: example_dag.generate_and_insert_data scheduled__2023-01-01T01:30:00+00:00 [queued]>
[2024-06-27T23:09:30.870+0000] {taskinstance.py:2076} INFO - Dependencies all met for dep_context=requeueable deps ti=<TaskInstance: example_dag.generate_and_insert_data scheduled__2023-01-01T01:30:00+00:00 [queued]>
[2024-06-27T23:09:30.870+0000] {taskinstance.py:2306} INFO - Starting attempt 1 of 2
[2024-06-27T23:09:30.874+0000] {taskinstance.py:2330} INFO - Executing <Task(PythonOperator): generate_and_insert_data> on 2023-01-01 01:30:00+00:00
[2024-06-27T23:09:30.876+0000] {standard_task_runner.py:63} INFO - Started process 310 to run task
[2024-06-27T23:09:30.877+0000] {standard_task_runner.py:90} INFO - Running: ['airflow', 'tasks', 'run', 'example_dag', 'generate_and_insert_data', 'scheduled__2023-01-01T01:30:00+00:00', '--job-id', '21', '--raw', '--subdir', 'DAGS_FOLDER/example_dag.py', '--cfg-path', '/tmp/tmp3djwrob_']
[2024-06-27T23:09:30.878+0000] {standard_task_runner.py:91} INFO - Job 21: Subtask generate_and_insert_data
[2024-06-27T23:09:30.895+0000] {task_command.py:426} INFO - Running <TaskInstance: example_dag.generate_and_insert_data scheduled__2023-01-01T01:30:00+00:00 [running]> on host 7147f8a4dc9f
[2024-06-27T23:09:30.925+0000] {taskinstance.py:2648} INFO - Exporting env vars: AIRFLOW_CTX_DAG_OWNER='airflow' AIRFLOW_CTX_DAG_ID='example_dag' AIRFLOW_CTX_TASK_ID='generate_and_insert_data' AIRFLOW_CTX_EXECUTION_DATE='2023-01-01T01:30:00+00:00' AIRFLOW_CTX_TRY_NUMBER='1' AIRFLOW_CTX_DAG_RUN_ID='scheduled__2023-01-01T01:30:00+00:00'
[2024-06-27T23:09:30.925+0000] {taskinstance.py:430} INFO - ::endgroup::
[2024-06-27T23:09:30.930+0000] {python.py:237} INFO - Done. Returned value was: None
[2024-06-27T23:09:30.930+0000] {taskinstance.py:441} INFO - ::group::Post task execution logs
[2024-06-27T23:09:30.934+0000] {taskinstance.py:1206} INFO - Marking task as SUCCESS. dag_id=example_dag, task_id=generate_and_insert_data, run_id=scheduled__2023-01-01T01:30:00+00:00, execution_date=20230101T013000, start_date=20240627T230930, end_date=20240627T230930
[2024-06-27T23:09:30.977+0000] {local_task_job_runner.py:240} INFO - Task exited with return code 0
[2024-06-27T23:09:30.983+0000] {taskinstance.py:3503} INFO - 0 downstream tasks scheduled from follow-on schedule check
[2024-06-27T23:09:30.984+0000] {local_task_job_runner.py:222} INFO - ::endgroup::
[2024-06-27T23:13:09.061+0000] {local_task_job_runner.py:120} INFO - ::group::Pre task execution logs
[2024-06-27T23:13:09.073+0000] {taskinstance.py:2076} INFO - Dependencies all met for dep_context=non-requeueable deps ti=<TaskInstance: example_dag.generate_and_insert_data scheduled__2023-01-01T01:30:00+00:00 [queued]>
[2024-06-27T23:13:09.076+0000] {taskinstance.py:2076} INFO - Dependencies all met for dep_context=requeueable deps ti=<TaskInstance: example_dag.generate_and_insert_data scheduled__2023-01-01T01:30:00+00:00 [queued]>
[2024-06-27T23:13:09.076+0000] {taskinstance.py:2306} INFO - Starting attempt 1 of 2
[2024-06-27T23:13:09.081+0000] {taskinstance.py:2330} INFO - Executing <Task(PythonOperator): generate_and_insert_data> on 2023-01-01 01:30:00+00:00
[2024-06-27T23:13:09.084+0000] {standard_task_runner.py:63} INFO - Started process 310 to run task
[2024-06-27T23:13:09.085+0000] {standard_task_runner.py:90} INFO - Running: ['airflow', 'tasks', 'run', 'example_dag', 'generate_and_insert_data', 'scheduled__2023-01-01T01:30:00+00:00', '--job-id', '21', '--raw', '--subdir', 'DAGS_FOLDER/example_dag.py', '--cfg-path', '/tmp/tmpaqd1o1f6']
[2024-06-27T23:13:09.087+0000] {standard_task_runner.py:91} INFO - Job 21: Subtask generate_and_insert_data
[2024-06-27T23:13:09.108+0000] {task_command.py:426} INFO - Running <TaskInstance: example_dag.generate_and_insert_data scheduled__2023-01-01T01:30:00+00:00 [running]> on host 4bd55eb76a74
[2024-06-27T23:13:09.140+0000] {taskinstance.py:2648} INFO - Exporting env vars: AIRFLOW_CTX_DAG_OWNER='airflow' AIRFLOW_CTX_DAG_ID='example_dag' AIRFLOW_CTX_TASK_ID='generate_and_insert_data' AIRFLOW_CTX_EXECUTION_DATE='2023-01-01T01:30:00+00:00' AIRFLOW_CTX_TRY_NUMBER='1' AIRFLOW_CTX_DAG_RUN_ID='scheduled__2023-01-01T01:30:00+00:00'
[2024-06-27T23:13:09.140+0000] {taskinstance.py:430} INFO - ::endgroup::
[2024-06-27T23:13:09.145+0000] {python.py:237} INFO - Done. Returned value was: None
[2024-06-27T23:13:09.145+0000] {taskinstance.py:441} INFO - ::group::Post task execution logs
[2024-06-27T23:13:09.149+0000] {taskinstance.py:1206} INFO - Marking task as SUCCESS. dag_id=example_dag, task_id=generate_and_insert_data, run_id=scheduled__2023-01-01T01:30:00+00:00, execution_date=20230101T013000, start_date=20240627T231309, end_date=20240627T231309
[2024-06-27T23:13:09.190+0000] {local_task_job_runner.py:240} INFO - Task exited with return code 0
[2024-06-27T23:13:09.197+0000] {taskinstance.py:3503} INFO - 0 downstream tasks scheduled from follow-on schedule check
[2024-06-27T23:13:09.198+0000] {local_task_job_runner.py:222} INFO - ::endgroup::
[2024-06-27T23:19:03.640+0000] {local_task_job_runner.py:120} INFO - ::group::Pre task execution logs
[2024-06-27T23:19:03.652+0000] {taskinstance.py:2076} INFO - Dependencies all met for dep_context=non-requeueable deps ti=<TaskInstance: example_dag.generate_and_insert_data scheduled__2023-01-01T01:30:00+00:00 [queued]>
[2024-06-27T23:19:03.655+0000] {taskinstance.py:2076} INFO - Dependencies all met for dep_context=requeueable deps ti=<TaskInstance: example_dag.generate_and_insert_data scheduled__2023-01-01T01:30:00+00:00 [queued]>
[2024-06-27T23:19:03.655+0000] {taskinstance.py:2306} INFO - Starting attempt 1 of 2
[2024-06-27T23:19:03.660+0000] {taskinstance.py:2330} INFO - Executing <Task(PythonOperator): generate_and_insert_data> on 2023-01-01 01:30:00+00:00
[2024-06-27T23:19:03.662+0000] {standard_task_runner.py:63} INFO - Started process 310 to run task
[2024-06-27T23:19:03.663+0000] {standard_task_runner.py:90} INFO - Running: ['airflow', 'tasks', 'run', 'example_dag', 'generate_and_insert_data', 'scheduled__2023-01-01T01:30:00+00:00', '--job-id', '21', '--raw', '--subdir', 'DAGS_FOLDER/example_dag.py', '--cfg-path', '/tmp/tmp0_59vnwh']
[2024-06-27T23:19:03.663+0000] {standard_task_runner.py:91} INFO - Job 21: Subtask generate_and_insert_data
[2024-06-27T23:19:03.681+0000] {task_command.py:426} INFO - Running <TaskInstance: example_dag.generate_and_insert_data scheduled__2023-01-01T01:30:00+00:00 [running]> on host 73964f870a02
[2024-06-27T23:19:03.711+0000] {taskinstance.py:2648} INFO - Exporting env vars: AIRFLOW_CTX_DAG_OWNER='airflow' AIRFLOW_CTX_DAG_ID='example_dag' AIRFLOW_CTX_TASK_ID='generate_and_insert_data' AIRFLOW_CTX_EXECUTION_DATE='2023-01-01T01:30:00+00:00' AIRFLOW_CTX_TRY_NUMBER='1' AIRFLOW_CTX_DAG_RUN_ID='scheduled__2023-01-01T01:30:00+00:00'
[2024-06-27T23:19:03.711+0000] {taskinstance.py:430} INFO - ::endgroup::
[2024-06-27T23:19:03.716+0000] {python.py:237} INFO - Done. Returned value was: None
[2024-06-27T23:19:03.716+0000] {taskinstance.py:441} INFO - ::group::Post task execution logs
[2024-06-27T23:19:03.721+0000] {taskinstance.py:1206} INFO - Marking task as SUCCESS. dag_id=example_dag, task_id=generate_and_insert_data, run_id=scheduled__2023-01-01T01:30:00+00:00, execution_date=20230101T013000, start_date=20240627T231903, end_date=20240627T231903
[2024-06-27T23:19:03.760+0000] {local_task_job_runner.py:240} INFO - Task exited with return code 0
[2024-06-27T23:19:03.767+0000] {taskinstance.py:3503} INFO - 0 downstream tasks scheduled from follow-on schedule check
[2024-06-27T23:19:03.767+0000] {local_task_job_runner.py:222} INFO - ::endgroup::
[2024-06-28T18:13:26.062+0000] {local_task_job_runner.py:120} INFO - ::group::Pre task execution logs
[2024-06-28T18:13:26.072+0000] {taskinstance.py:2076} INFO - Dependencies all met for dep_context=non-requeueable deps ti=<TaskInstance: example_dag.generate_and_insert_data scheduled__2023-01-01T01:30:00+00:00 [queued]>
[2024-06-28T18:13:26.074+0000] {taskinstance.py:2076} INFO - Dependencies all met for dep_context=requeueable deps ti=<TaskInstance: example_dag.generate_and_insert_data scheduled__2023-01-01T01:30:00+00:00 [queued]>
[2024-06-28T18:13:26.074+0000] {taskinstance.py:2306} INFO - Starting attempt 1 of 2
[2024-06-28T18:13:26.079+0000] {taskinstance.py:2330} INFO - Executing <Task(PythonOperator): generate_and_insert_data> on 2023-01-01 01:30:00+00:00
[2024-06-28T18:13:26.081+0000] {standard_task_runner.py:63} INFO - Started process 310 to run task
[2024-06-28T18:13:26.082+0000] {standard_task_runner.py:90} INFO - Running: ['airflow', 'tasks', 'run', 'example_dag', 'generate_and_insert_data', 'scheduled__2023-01-01T01:30:00+00:00', '--job-id', '21', '--raw', '--subdir', 'DAGS_FOLDER/example_dag.py', '--cfg-path', '/tmp/tmplhr3ha5o']
[2024-06-28T18:13:26.082+0000] {standard_task_runner.py:91} INFO - Job 21: Subtask generate_and_insert_data
[2024-06-28T18:13:26.099+0000] {task_command.py:426} INFO - Running <TaskInstance: example_dag.generate_and_insert_data scheduled__2023-01-01T01:30:00+00:00 [running]> on host 08cefd381a1f
[2024-06-28T18:13:26.127+0000] {taskinstance.py:2648} INFO - Exporting env vars: AIRFLOW_CTX_DAG_OWNER='airflow' AIRFLOW_CTX_DAG_ID='example_dag' AIRFLOW_CTX_TASK_ID='generate_and_insert_data' AIRFLOW_CTX_EXECUTION_DATE='2023-01-01T01:30:00+00:00' AIRFLOW_CTX_TRY_NUMBER='1' AIRFLOW_CTX_DAG_RUN_ID='scheduled__2023-01-01T01:30:00+00:00'
[2024-06-28T18:13:26.127+0000] {taskinstance.py:430} INFO - ::endgroup::
[2024-06-28T18:13:26.131+0000] {python.py:237} INFO - Done. Returned value was: None
[2024-06-28T18:13:26.131+0000] {taskinstance.py:441} INFO - ::group::Post task execution logs
[2024-06-28T18:13:26.135+0000] {taskinstance.py:1206} INFO - Marking task as SUCCESS. dag_id=example_dag, task_id=generate_and_insert_data, run_id=scheduled__2023-01-01T01:30:00+00:00, execution_date=20230101T013000, start_date=20240628T181326, end_date=20240628T181326
[2024-06-28T18:13:26.144+0000] {local_task_job_runner.py:240} INFO - Task exited with return code 0
[2024-06-28T18:13:26.151+0000] {taskinstance.py:3503} INFO - 0 downstream tasks scheduled from follow-on schedule check
[2024-06-28T18:13:26.151+0000] {local_task_job_runner.py:222} INFO - ::endgroup::
[2024-06-28T18:20:40.955+0000] {local_task_job_runner.py:120} INFO - ::group::Pre task execution logs
[2024-06-28T18:20:40.967+0000] {taskinstance.py:2076} INFO - Dependencies all met for dep_context=non-requeueable deps ti=<TaskInstance: example_dag.generate_and_insert_data scheduled__2023-01-01T01:30:00+00:00 [queued]>
[2024-06-28T18:20:40.970+0000] {taskinstance.py:2076} INFO - Dependencies all met for dep_context=requeueable deps ti=<TaskInstance: example_dag.generate_and_insert_data scheduled__2023-01-01T01:30:00+00:00 [queued]>
[2024-06-28T18:20:40.970+0000] {taskinstance.py:2306} INFO - Starting attempt 1 of 2
[2024-06-28T18:20:40.976+0000] {taskinstance.py:2330} INFO - Executing <Task(PythonOperator): generate_and_insert_data> on 2023-01-01 01:30:00+00:00
[2024-06-28T18:20:40.978+0000] {standard_task_runner.py:63} INFO - Started process 310 to run task
[2024-06-28T18:20:40.979+0000] {standard_task_runner.py:90} INFO - Running: ['airflow', 'tasks', 'run', 'example_dag', 'generate_and_insert_data', 'scheduled__2023-01-01T01:30:00+00:00', '--job-id', '21', '--raw', '--subdir', 'DAGS_FOLDER/example_dag.py', '--cfg-path', '/tmp/tmpj3mub4zu']
[2024-06-28T18:20:40.980+0000] {standard_task_runner.py:91} INFO - Job 21: Subtask generate_and_insert_data
[2024-06-28T18:20:41.000+0000] {task_command.py:426} INFO - Running <TaskInstance: example_dag.generate_and_insert_data scheduled__2023-01-01T01:30:00+00:00 [running]> on host 6570e5857071
[2024-06-28T18:20:41.038+0000] {taskinstance.py:2648} INFO - Exporting env vars: AIRFLOW_CTX_DAG_OWNER='airflow' AIRFLOW_CTX_DAG_ID='example_dag' AIRFLOW_CTX_TASK_ID='generate_and_insert_data' AIRFLOW_CTX_EXECUTION_DATE='2023-01-01T01:30:00+00:00' AIRFLOW_CTX_TRY_NUMBER='1' AIRFLOW_CTX_DAG_RUN_ID='scheduled__2023-01-01T01:30:00+00:00'
[2024-06-28T18:20:41.039+0000] {taskinstance.py:430} INFO - ::endgroup::
[2024-06-28T18:20:41.044+0000] {python.py:237} INFO - Done. Returned value was: None
[2024-06-28T18:20:41.045+0000] {taskinstance.py:441} INFO - ::group::Post task execution logs
[2024-06-28T18:20:41.050+0000] {taskinstance.py:1206} INFO - Marking task as SUCCESS. dag_id=example_dag, task_id=generate_and_insert_data, run_id=scheduled__2023-01-01T01:30:00+00:00, execution_date=20230101T013000, start_date=20240628T182040, end_date=20240628T182041
[2024-06-28T18:20:41.078+0000] {local_task_job_runner.py:240} INFO - Task exited with return code 0
[2024-06-28T18:20:41.087+0000] {taskinstance.py:3503} INFO - 0 downstream tasks scheduled from follow-on schedule check
[2024-06-28T18:20:41.087+0000] {local_task_job_runner.py:222} INFO - ::endgroup::
[2024-06-28T18:30:42.819+0000] {local_task_job_runner.py:120} INFO - ::group::Pre task execution logs
[2024-06-28T18:30:42.830+0000] {taskinstance.py:2076} INFO - Dependencies all met for dep_context=non-requeueable deps ti=<TaskInstance: example_dag.generate_and_insert_data scheduled__2023-01-01T01:30:00+00:00 [queued]>
[2024-06-28T18:30:42.832+0000] {taskinstance.py:2076} INFO - Dependencies all met for dep_context=requeueable deps ti=<TaskInstance: example_dag.generate_and_insert_data scheduled__2023-01-01T01:30:00+00:00 [queued]>
[2024-06-28T18:30:42.833+0000] {taskinstance.py:2306} INFO - Starting attempt 1 of 2
[2024-06-28T18:30:42.837+0000] {taskinstance.py:2330} INFO - Executing <Task(PythonOperator): generate_and_insert_data> on 2023-01-01 01:30:00+00:00
[2024-06-28T18:30:42.839+0000] {standard_task_runner.py:63} INFO - Started process 310 to run task
[2024-06-28T18:30:42.840+0000] {standard_task_runner.py:90} INFO - Running: ['airflow', 'tasks', 'run', 'example_dag', 'generate_and_insert_data', 'scheduled__2023-01-01T01:30:00+00:00', '--job-id', '21', '--raw', '--subdir', 'DAGS_FOLDER/example_dag.py', '--cfg-path', '/tmp/tmp_5vkzzx1']
[2024-06-28T18:30:42.840+0000] {standard_task_runner.py:91} INFO - Job 21: Subtask generate_and_insert_data
[2024-06-28T18:30:42.858+0000] {task_command.py:426} INFO - Running <TaskInstance: example_dag.generate_and_insert_data scheduled__2023-01-01T01:30:00+00:00 [running]> on host 50bf780463b8
[2024-06-28T18:30:42.888+0000] {taskinstance.py:2648} INFO - Exporting env vars: AIRFLOW_CTX_DAG_OWNER='airflow' AIRFLOW_CTX_DAG_ID='example_dag' AIRFLOW_CTX_TASK_ID='generate_and_insert_data' AIRFLOW_CTX_EXECUTION_DATE='2023-01-01T01:30:00+00:00' AIRFLOW_CTX_TRY_NUMBER='1' AIRFLOW_CTX_DAG_RUN_ID='scheduled__2023-01-01T01:30:00+00:00'
[2024-06-28T18:30:42.889+0000] {taskinstance.py:430} INFO - ::endgroup::
[2024-06-28T18:30:42.893+0000] {python.py:237} INFO - Done. Returned value was: None
[2024-06-28T18:30:42.894+0000] {taskinstance.py:441} INFO - ::group::Post task execution logs
[2024-06-28T18:30:42.899+0000] {taskinstance.py:1206} INFO - Marking task as SUCCESS. dag_id=example_dag, task_id=generate_and_insert_data, run_id=scheduled__2023-01-01T01:30:00+00:00, execution_date=20230101T013000, start_date=20240628T183042, end_date=20240628T183042
[2024-06-28T18:30:42.941+0000] {local_task_job_runner.py:240} INFO - Task exited with return code 0
[2024-06-28T18:30:42.948+0000] {taskinstance.py:3503} INFO - 0 downstream tasks scheduled from follow-on schedule check
[2024-06-28T18:30:42.949+0000] {local_task_job_runner.py:222} INFO - ::endgroup::
[2024-06-28T22:13:52.774+0000] {local_task_job_runner.py:120} INFO - ::group::Pre task execution logs
[2024-06-28T22:13:52.789+0000] {taskinstance.py:2076} INFO - Dependencies all met for dep_context=non-requeueable deps ti=<TaskInstance: example_dag.generate_and_insert_data scheduled__2023-01-01T01:30:00+00:00 [queued]>
[2024-06-28T22:13:52.793+0000] {taskinstance.py:2076} INFO - Dependencies all met for dep_context=requeueable deps ti=<TaskInstance: example_dag.generate_and_insert_data scheduled__2023-01-01T01:30:00+00:00 [queued]>
[2024-06-28T22:13:52.793+0000] {taskinstance.py:2306} INFO - Starting attempt 1 of 2
[2024-06-28T22:13:52.798+0000] {taskinstance.py:2330} INFO - Executing <Task(PythonOperator): generate_and_insert_data> on 2023-01-01 01:30:00+00:00
[2024-06-28T22:13:52.799+0000] {standard_task_runner.py:63} INFO - Started process 310 to run task
[2024-06-28T22:13:52.801+0000] {standard_task_runner.py:90} INFO - Running: ['airflow', 'tasks', 'run', 'example_dag', 'generate_and_insert_data', 'scheduled__2023-01-01T01:30:00+00:00', '--job-id', '21', '--raw', '--subdir', 'DAGS_FOLDER/example_dag.py', '--cfg-path', '/tmp/tmp3cvky829']
[2024-06-28T22:13:52.802+0000] {standard_task_runner.py:91} INFO - Job 21: Subtask generate_and_insert_data
[2024-06-28T22:13:52.823+0000] {task_command.py:426} INFO - Running <TaskInstance: example_dag.generate_and_insert_data scheduled__2023-01-01T01:30:00+00:00 [running]> on host 619125b6796e
[2024-06-28T22:13:52.859+0000] {taskinstance.py:2648} INFO - Exporting env vars: AIRFLOW_CTX_DAG_OWNER='airflow' AIRFLOW_CTX_DAG_ID='example_dag' AIRFLOW_CTX_TASK_ID='generate_and_insert_data' AIRFLOW_CTX_EXECUTION_DATE='2023-01-01T01:30:00+00:00' AIRFLOW_CTX_TRY_NUMBER='1' AIRFLOW_CTX_DAG_RUN_ID='scheduled__2023-01-01T01:30:00+00:00'
[2024-06-28T22:13:52.860+0000] {taskinstance.py:430} INFO - ::endgroup::
[2024-06-28T22:13:52.865+0000] {python.py:237} INFO - Done. Returned value was: None
[2024-06-28T22:13:52.865+0000] {taskinstance.py:441} INFO - ::group::Post task execution logs
[2024-06-28T22:13:52.870+0000] {taskinstance.py:1206} INFO - Marking task as SUCCESS. dag_id=example_dag, task_id=generate_and_insert_data, run_id=scheduled__2023-01-01T01:30:00+00:00, execution_date=20230101T013000, start_date=20240628T221352, end_date=20240628T221352
[2024-06-28T22:13:52.904+0000] {local_task_job_runner.py:240} INFO - Task exited with return code 0
[2024-06-28T22:13:52.912+0000] {taskinstance.py:3503} INFO - 0 downstream tasks scheduled from follow-on schedule check
[2024-06-28T22:13:52.912+0000] {local_task_job_runner.py:222} INFO - ::endgroup::
