[2024-07-06T18:15:08.782+0000] {taskinstance.py:1103} INFO - Dependencies all met for dep_context=non-requeueable deps ti=<TaskInstance: import_main_data.wait_for_init scheduled__2024-07-06T03:00:00+00:00 [queued]>
[2024-07-06T18:15:08.785+0000] {taskinstance.py:1103} INFO - Dependencies all met for dep_context=requeueable deps ti=<TaskInstance: import_main_data.wait_for_init scheduled__2024-07-06T03:00:00+00:00 [queued]>
[2024-07-06T18:15:08.785+0000] {taskinstance.py:1308} INFO - Starting attempt 1 of 2
[2024-07-06T18:15:08.789+0000] {taskinstance.py:1327} INFO - Executing <Task(ExternalTaskSensor): wait_for_init> on 2024-07-06 03:00:00+00:00
[2024-07-06T18:15:08.790+0000] {standard_task_runner.py:57} INFO - Started process 930 to run task
[2024-07-06T18:15:08.792+0000] {standard_task_runner.py:84} INFO - Running: ['airflow', 'tasks', 'run', 'import_main_data', 'wait_for_init', 'scheduled__2024-07-06T03:00:00+00:00', '--job-id', '887', '--raw', '--subdir', 'DAGS_FOLDER/import_raw_data.py', '--cfg-path', '/tmp/tmp5h7jyv1p']
[2024-07-06T18:15:08.792+0000] {standard_task_runner.py:85} INFO - Job 887: Subtask wait_for_init
[2024-07-06T18:15:08.812+0000] {task_command.py:410} INFO - Running <TaskInstance: import_main_data.wait_for_init scheduled__2024-07-06T03:00:00+00:00 [running]> on host f6bf59d3e65b
[2024-07-06T18:15:08.847+0000] {taskinstance.py:1545} INFO - Exporting env vars: AIRFLOW_CTX_DAG_EMAIL='airflow@example.com' AIRFLOW_CTX_DAG_OWNER='airflow' AIRFLOW_CTX_DAG_ID='import_main_data' AIRFLOW_CTX_TASK_ID='wait_for_init' AIRFLOW_CTX_EXECUTION_DATE='2024-07-06T03:00:00+00:00' AIRFLOW_CTX_TRY_NUMBER='1' AIRFLOW_CTX_DAG_RUN_ID='scheduled__2024-07-06T03:00:00+00:00'
[2024-07-06T18:15:08.851+0000] {external_task.py:247} INFO - Poking for DAG 'initialize_etl_environment' on 2024-07-06T03:00:00+00:00 ... 
[2024-07-06T18:15:08.863+0000] {taskinstance.py:1784} INFO - Rescheduling task, marking task as UP_FOR_RESCHEDULE
[2024-07-06T18:15:08.892+0000] {local_task_job_runner.py:225} INFO - Task exited with return code 0
[2024-07-06T18:15:08.904+0000] {taskinstance.py:2651} INFO - 0 downstream tasks scheduled from follow-on schedule check
[2024-07-06T18:43:43.359+0000] {taskinstance.py:1103} INFO - Dependencies all met for dep_context=non-requeueable deps ti=<TaskInstance: import_main_data.wait_for_init scheduled__2024-07-06T03:00:00+00:00 [queued]>
[2024-07-06T18:43:43.362+0000] {taskinstance.py:1103} INFO - Dependencies all met for dep_context=requeueable deps ti=<TaskInstance: import_main_data.wait_for_init scheduled__2024-07-06T03:00:00+00:00 [queued]>
[2024-07-06T18:43:43.362+0000] {taskinstance.py:1308} INFO - Starting attempt 1 of 2
[2024-07-06T18:43:43.367+0000] {taskinstance.py:1327} INFO - Executing <Task(ExternalTaskSensor): wait_for_init> on 2024-07-06 03:00:00+00:00
[2024-07-06T18:43:43.368+0000] {standard_task_runner.py:57} INFO - Started process 1382 to run task
[2024-07-06T18:43:43.370+0000] {standard_task_runner.py:84} INFO - Running: ['airflow', 'tasks', 'run', 'import_main_data', 'wait_for_init', 'scheduled__2024-07-06T03:00:00+00:00', '--job-id', '910', '--raw', '--subdir', 'DAGS_FOLDER/import_raw_data.py', '--cfg-path', '/tmp/tmpdhr44w7i']
[2024-07-06T18:43:43.370+0000] {standard_task_runner.py:85} INFO - Job 910: Subtask wait_for_init
[2024-07-06T18:43:43.392+0000] {task_command.py:410} INFO - Running <TaskInstance: import_main_data.wait_for_init scheduled__2024-07-06T03:00:00+00:00 [running]> on host f6bf59d3e65b
[2024-07-06T18:43:43.427+0000] {taskinstance.py:1545} INFO - Exporting env vars: AIRFLOW_CTX_DAG_EMAIL='airflow@example.com' AIRFLOW_CTX_DAG_OWNER='airflow' AIRFLOW_CTX_DAG_ID='import_main_data' AIRFLOW_CTX_TASK_ID='wait_for_init' AIRFLOW_CTX_EXECUTION_DATE='2024-07-06T03:00:00+00:00' AIRFLOW_CTX_TRY_NUMBER='1' AIRFLOW_CTX_DAG_RUN_ID='scheduled__2024-07-06T03:00:00+00:00'
[2024-07-06T18:43:43.432+0000] {external_task.py:247} INFO - Poking for DAG 'initialize_etl_environment' on 2024-07-06T03:00:00+00:00 ... 
[2024-07-06T18:43:43.443+0000] {taskinstance.py:1784} INFO - Rescheduling task, marking task as UP_FOR_RESCHEDULE
[2024-07-06T18:43:43.470+0000] {local_task_job_runner.py:225} INFO - Task exited with return code 0
[2024-07-06T18:43:43.482+0000] {taskinstance.py:2651} INFO - 0 downstream tasks scheduled from follow-on schedule check
[2024-07-06T18:44:45.608+0000] {taskinstance.py:1103} INFO - Dependencies all met for dep_context=non-requeueable deps ti=<TaskInstance: import_main_data.wait_for_init scheduled__2024-07-06T03:00:00+00:00 [queued]>
[2024-07-06T18:44:45.611+0000] {taskinstance.py:1103} INFO - Dependencies all met for dep_context=requeueable deps ti=<TaskInstance: import_main_data.wait_for_init scheduled__2024-07-06T03:00:00+00:00 [queued]>
[2024-07-06T18:44:45.611+0000] {taskinstance.py:1308} INFO - Starting attempt 1 of 2
[2024-07-06T18:44:45.615+0000] {taskinstance.py:1327} INFO - Executing <Task(ExternalTaskSensor): wait_for_init> on 2024-07-06 03:00:00+00:00
[2024-07-06T18:44:45.616+0000] {standard_task_runner.py:57} INFO - Started process 1442 to run task
[2024-07-06T18:44:45.618+0000] {standard_task_runner.py:84} INFO - Running: ['airflow', 'tasks', 'run', 'import_main_data', 'wait_for_init', 'scheduled__2024-07-06T03:00:00+00:00', '--job-id', '924', '--raw', '--subdir', 'DAGS_FOLDER/import_raw_data.py', '--cfg-path', '/tmp/tmpcrst4j9y']
[2024-07-06T18:44:45.619+0000] {standard_task_runner.py:85} INFO - Job 924: Subtask wait_for_init
[2024-07-06T18:44:45.638+0000] {task_command.py:410} INFO - Running <TaskInstance: import_main_data.wait_for_init scheduled__2024-07-06T03:00:00+00:00 [running]> on host f6bf59d3e65b
[2024-07-06T18:44:45.673+0000] {taskinstance.py:1545} INFO - Exporting env vars: AIRFLOW_CTX_DAG_EMAIL='airflow@example.com' AIRFLOW_CTX_DAG_OWNER='airflow' AIRFLOW_CTX_DAG_ID='import_main_data' AIRFLOW_CTX_TASK_ID='wait_for_init' AIRFLOW_CTX_EXECUTION_DATE='2024-07-06T03:00:00+00:00' AIRFLOW_CTX_TRY_NUMBER='1' AIRFLOW_CTX_DAG_RUN_ID='scheduled__2024-07-06T03:00:00+00:00'
[2024-07-06T18:44:45.677+0000] {external_task.py:247} INFO - Poking for DAG 'initialize_etl_environment' on 2024-07-06T03:00:00+00:00 ... 
[2024-07-06T18:44:45.688+0000] {taskinstance.py:1784} INFO - Rescheduling task, marking task as UP_FOR_RESCHEDULE
[2024-07-06T18:44:45.721+0000] {local_task_job_runner.py:225} INFO - Task exited with return code 0
[2024-07-06T18:44:45.733+0000] {taskinstance.py:2651} INFO - 0 downstream tasks scheduled from follow-on schedule check
