[2024-07-06T18:15:03.483+0000] {taskinstance.py:1103} INFO - Dependencies all met for dep_context=non-requeueable deps ti=<TaskInstance: import_main_data.wait_for_init scheduled__2024-07-05T23:00:00+00:00 [queued]>
[2024-07-06T18:15:03.486+0000] {taskinstance.py:1103} INFO - Dependencies all met for dep_context=requeueable deps ti=<TaskInstance: import_main_data.wait_for_init scheduled__2024-07-05T23:00:00+00:00 [queued]>
[2024-07-06T18:15:03.486+0000] {taskinstance.py:1308} INFO - Starting attempt 1 of 2
[2024-07-06T18:15:03.490+0000] {taskinstance.py:1327} INFO - Executing <Task(ExternalTaskSensor): wait_for_init> on 2024-07-05 23:00:00+00:00
[2024-07-06T18:15:03.492+0000] {standard_task_runner.py:57} INFO - Started process 921 to run task
[2024-07-06T18:15:03.493+0000] {standard_task_runner.py:84} INFO - Running: ['airflow', 'tasks', 'run', 'import_main_data', 'wait_for_init', 'scheduled__2024-07-05T23:00:00+00:00', '--job-id', '883', '--raw', '--subdir', 'DAGS_FOLDER/import_raw_data.py', '--cfg-path', '/tmp/tmp3oxouv9a']
[2024-07-06T18:15:03.494+0000] {standard_task_runner.py:85} INFO - Job 883: Subtask wait_for_init
[2024-07-06T18:15:03.513+0000] {task_command.py:410} INFO - Running <TaskInstance: import_main_data.wait_for_init scheduled__2024-07-05T23:00:00+00:00 [running]> on host f6bf59d3e65b
[2024-07-06T18:15:03.548+0000] {taskinstance.py:1545} INFO - Exporting env vars: AIRFLOW_CTX_DAG_EMAIL='airflow@example.com' AIRFLOW_CTX_DAG_OWNER='airflow' AIRFLOW_CTX_DAG_ID='import_main_data' AIRFLOW_CTX_TASK_ID='wait_for_init' AIRFLOW_CTX_EXECUTION_DATE='2024-07-05T23:00:00+00:00' AIRFLOW_CTX_TRY_NUMBER='1' AIRFLOW_CTX_DAG_RUN_ID='scheduled__2024-07-05T23:00:00+00:00'
[2024-07-06T18:15:03.552+0000] {external_task.py:247} INFO - Poking for DAG 'initialize_etl_environment' on 2024-07-05T23:00:00+00:00 ... 
[2024-07-06T18:15:03.562+0000] {taskinstance.py:1784} INFO - Rescheduling task, marking task as UP_FOR_RESCHEDULE
[2024-07-06T18:15:03.593+0000] {local_task_job_runner.py:225} INFO - Task exited with return code 0
[2024-07-06T18:15:03.605+0000] {taskinstance.py:2651} INFO - 0 downstream tasks scheduled from follow-on schedule check
[2024-07-06T18:43:38.195+0000] {taskinstance.py:1103} INFO - Dependencies all met for dep_context=non-requeueable deps ti=<TaskInstance: import_main_data.wait_for_init scheduled__2024-07-05T23:00:00+00:00 [queued]>
[2024-07-06T18:43:38.198+0000] {taskinstance.py:1103} INFO - Dependencies all met for dep_context=requeueable deps ti=<TaskInstance: import_main_data.wait_for_init scheduled__2024-07-05T23:00:00+00:00 [queued]>
[2024-07-06T18:43:38.198+0000] {taskinstance.py:1308} INFO - Starting attempt 1 of 2
[2024-07-06T18:43:38.202+0000] {taskinstance.py:1327} INFO - Executing <Task(ExternalTaskSensor): wait_for_init> on 2024-07-05 23:00:00+00:00
[2024-07-06T18:43:38.203+0000] {standard_task_runner.py:57} INFO - Started process 1374 to run task
[2024-07-06T18:43:38.205+0000] {standard_task_runner.py:84} INFO - Running: ['airflow', 'tasks', 'run', 'import_main_data', 'wait_for_init', 'scheduled__2024-07-05T23:00:00+00:00', '--job-id', '906', '--raw', '--subdir', 'DAGS_FOLDER/import_raw_data.py', '--cfg-path', '/tmp/tmp3b267u70']
[2024-07-06T18:43:38.205+0000] {standard_task_runner.py:85} INFO - Job 906: Subtask wait_for_init
[2024-07-06T18:43:38.226+0000] {task_command.py:410} INFO - Running <TaskInstance: import_main_data.wait_for_init scheduled__2024-07-05T23:00:00+00:00 [running]> on host f6bf59d3e65b
[2024-07-06T18:43:38.262+0000] {taskinstance.py:1545} INFO - Exporting env vars: AIRFLOW_CTX_DAG_EMAIL='airflow@example.com' AIRFLOW_CTX_DAG_OWNER='airflow' AIRFLOW_CTX_DAG_ID='import_main_data' AIRFLOW_CTX_TASK_ID='wait_for_init' AIRFLOW_CTX_EXECUTION_DATE='2024-07-05T23:00:00+00:00' AIRFLOW_CTX_TRY_NUMBER='1' AIRFLOW_CTX_DAG_RUN_ID='scheduled__2024-07-05T23:00:00+00:00'
[2024-07-06T18:43:38.267+0000] {external_task.py:247} INFO - Poking for DAG 'initialize_etl_environment' on 2024-07-05T23:00:00+00:00 ... 
[2024-07-06T18:43:38.278+0000] {taskinstance.py:1784} INFO - Rescheduling task, marking task as UP_FOR_RESCHEDULE
[2024-07-06T18:43:38.304+0000] {local_task_job_runner.py:225} INFO - Task exited with return code 0
[2024-07-06T18:43:38.316+0000] {taskinstance.py:2651} INFO - 0 downstream tasks scheduled from follow-on schedule check
[2024-07-06T18:44:40.481+0000] {taskinstance.py:1103} INFO - Dependencies all met for dep_context=non-requeueable deps ti=<TaskInstance: import_main_data.wait_for_init scheduled__2024-07-05T23:00:00+00:00 [queued]>
[2024-07-06T18:44:40.484+0000] {taskinstance.py:1103} INFO - Dependencies all met for dep_context=requeueable deps ti=<TaskInstance: import_main_data.wait_for_init scheduled__2024-07-05T23:00:00+00:00 [queued]>
[2024-07-06T18:44:40.484+0000] {taskinstance.py:1308} INFO - Starting attempt 1 of 2
[2024-07-06T18:44:40.488+0000] {taskinstance.py:1327} INFO - Executing <Task(ExternalTaskSensor): wait_for_init> on 2024-07-05 23:00:00+00:00
[2024-07-06T18:44:40.489+0000] {standard_task_runner.py:57} INFO - Started process 1434 to run task
[2024-07-06T18:44:40.490+0000] {standard_task_runner.py:84} INFO - Running: ['airflow', 'tasks', 'run', 'import_main_data', 'wait_for_init', 'scheduled__2024-07-05T23:00:00+00:00', '--job-id', '920', '--raw', '--subdir', 'DAGS_FOLDER/import_raw_data.py', '--cfg-path', '/tmp/tmpaqva0hrv']
[2024-07-06T18:44:40.491+0000] {standard_task_runner.py:85} INFO - Job 920: Subtask wait_for_init
[2024-07-06T18:44:40.518+0000] {task_command.py:410} INFO - Running <TaskInstance: import_main_data.wait_for_init scheduled__2024-07-05T23:00:00+00:00 [running]> on host f6bf59d3e65b
[2024-07-06T18:44:40.553+0000] {taskinstance.py:1545} INFO - Exporting env vars: AIRFLOW_CTX_DAG_EMAIL='airflow@example.com' AIRFLOW_CTX_DAG_OWNER='airflow' AIRFLOW_CTX_DAG_ID='import_main_data' AIRFLOW_CTX_TASK_ID='wait_for_init' AIRFLOW_CTX_EXECUTION_DATE='2024-07-05T23:00:00+00:00' AIRFLOW_CTX_TRY_NUMBER='1' AIRFLOW_CTX_DAG_RUN_ID='scheduled__2024-07-05T23:00:00+00:00'
[2024-07-06T18:44:40.557+0000] {external_task.py:247} INFO - Poking for DAG 'initialize_etl_environment' on 2024-07-05T23:00:00+00:00 ... 
[2024-07-06T18:44:40.568+0000] {taskinstance.py:1784} INFO - Rescheduling task, marking task as UP_FOR_RESCHEDULE
[2024-07-06T18:44:40.591+0000] {local_task_job_runner.py:225} INFO - Task exited with return code 0
[2024-07-06T18:44:40.605+0000] {taskinstance.py:2651} INFO - 0 downstream tasks scheduled from follow-on schedule check
