[2024-06-27T22:36:59.436+0000] {local_task_job_runner.py:120} INFO - ::group::Pre task execution logs
[2024-06-27T22:36:59.446+0000] {taskinstance.py:2076} INFO - Dependencies all met for dep_context=non-requeueable deps ti=<TaskInstance: ecomm_data_pipeline.generate_and_insert_data scheduled__2023-01-01T20:10:00+00:00 [queued]>
[2024-06-27T22:36:59.449+0000] {taskinstance.py:2076} INFO - Dependencies all met for dep_context=requeueable deps ti=<TaskInstance: ecomm_data_pipeline.generate_and_insert_data scheduled__2023-01-01T20:10:00+00:00 [queued]>
[2024-06-27T22:36:59.449+0000] {taskinstance.py:2306} INFO - Starting attempt 1 of 2
[2024-06-27T22:36:59.454+0000] {taskinstance.py:2330} INFO - Executing <Task(PythonOperator): generate_and_insert_data> on 2023-01-01 20:10:00+00:00
[2024-06-27T22:36:59.455+0000] {standard_task_runner.py:63} INFO - Started process 2038 to run task
[2024-06-27T22:36:59.456+0000] {standard_task_runner.py:90} INFO - Running: ['airflow', 'tasks', 'run', 'ecomm_data_pipeline', 'generate_and_insert_data', 'scheduled__2023-01-01T20:10:00+00:00', '--job-id', '140', '--raw', '--subdir', 'DAGS_FOLDER/ecomm_dag.py', '--cfg-path', '/tmp/tmpo3d52kh2']
[2024-06-27T22:36:59.457+0000] {standard_task_runner.py:91} INFO - Job 140: Subtask generate_and_insert_data
[2024-06-27T22:36:59.475+0000] {task_command.py:426} INFO - Running <TaskInstance: ecomm_data_pipeline.generate_and_insert_data scheduled__2023-01-01T20:10:00+00:00 [running]> on host 9174587f6b1d
[2024-06-27T22:36:59.505+0000] {taskinstance.py:2648} INFO - Exporting env vars: AIRFLOW_CTX_DAG_OWNER='airflow' AIRFLOW_CTX_DAG_ID='ecomm_data_pipeline' AIRFLOW_CTX_TASK_ID='generate_and_insert_data' AIRFLOW_CTX_EXECUTION_DATE='2023-01-01T20:10:00+00:00' AIRFLOW_CTX_TRY_NUMBER='1' AIRFLOW_CTX_DAG_RUN_ID='scheduled__2023-01-01T20:10:00+00:00'
[2024-06-27T22:36:59.505+0000] {taskinstance.py:430} INFO - ::endgroup::
[2024-06-27T22:36:59.541+0000] {logging_mixin.py:188} INFO - Error in generate_and_insert_data: Command '['python3', './generator/ecomm_generator.py']' returned non-zero exit status 2.
[2024-06-27T22:36:59.541+0000] {python.py:237} INFO - Done. Returned value was: None
[2024-06-27T22:36:59.541+0000] {taskinstance.py:441} INFO - ::group::Post task execution logs
[2024-06-27T22:36:59.546+0000] {taskinstance.py:1206} INFO - Marking task as SUCCESS. dag_id=ecomm_data_pipeline, task_id=generate_and_insert_data, run_id=scheduled__2023-01-01T20:10:00+00:00, execution_date=20230101T201000, start_date=20240627T223659, end_date=20240627T223659
[2024-06-27T22:36:59.560+0000] {local_task_job_runner.py:240} INFO - Task exited with return code 0
[2024-06-27T22:36:59.567+0000] {taskinstance.py:3503} INFO - 0 downstream tasks scheduled from follow-on schedule check
[2024-06-27T22:36:59.568+0000] {local_task_job_runner.py:222} INFO - ::endgroup::
[2024-06-29T21:40:25.862+0000] {local_task_job_runner.py:120} INFO - ::group::Pre task execution logs
[2024-06-29T21:40:25.873+0000] {taskinstance.py:2076} INFO - Dependencies all met for dep_context=non-requeueable deps ti=<TaskInstance: ecomm_data_pipeline.generate_and_insert_data scheduled__2023-01-01T20:10:00+00:00 [queued]>
[2024-06-29T21:40:25.875+0000] {taskinstance.py:2076} INFO - Dependencies all met for dep_context=requeueable deps ti=<TaskInstance: ecomm_data_pipeline.generate_and_insert_data scheduled__2023-01-01T20:10:00+00:00 [queued]>
[2024-06-29T21:40:25.875+0000] {taskinstance.py:2306} INFO - Starting attempt 1 of 2
[2024-06-29T21:40:25.880+0000] {taskinstance.py:2330} INFO - Executing <Task(PythonOperator): generate_and_insert_data> on 2023-01-01 20:10:00+00:00
[2024-06-29T21:40:25.882+0000] {standard_task_runner.py:63} INFO - Started process 1798 to run task
[2024-06-29T21:40:25.883+0000] {standard_task_runner.py:90} INFO - Running: ['airflow', 'tasks', 'run', 'ecomm_data_pipeline', 'generate_and_insert_data', 'scheduled__2023-01-01T20:10:00+00:00', '--job-id', '123', '--raw', '--subdir', 'DAGS_FOLDER/ecomm_dag.py', '--cfg-path', '/tmp/tmpun58qon7']
[2024-06-29T21:40:25.884+0000] {standard_task_runner.py:91} INFO - Job 123: Subtask generate_and_insert_data
[2024-06-29T21:40:25.902+0000] {task_command.py:426} INFO - Running <TaskInstance: ecomm_data_pipeline.generate_and_insert_data scheduled__2023-01-01T20:10:00+00:00 [running]> on host afcb6fbf9265
[2024-06-29T21:40:25.933+0000] {taskinstance.py:2648} INFO - Exporting env vars: AIRFLOW_CTX_DAG_OWNER='airflow' AIRFLOW_CTX_DAG_ID='ecomm_data_pipeline' AIRFLOW_CTX_TASK_ID='generate_and_insert_data' AIRFLOW_CTX_EXECUTION_DATE='2023-01-01T20:10:00+00:00' AIRFLOW_CTX_TRY_NUMBER='1' AIRFLOW_CTX_DAG_RUN_ID='scheduled__2023-01-01T20:10:00+00:00'
[2024-06-29T21:40:25.933+0000] {taskinstance.py:430} INFO - ::endgroup::
[2024-06-29T21:40:25.992+0000] {logging_mixin.py:188} INFO - Error in generate_and_insert_data: Command '['python3', '/opt/airflow/generator/ecomm_generator.py']' returned non-zero exit status 1.
[2024-06-29T21:40:25.993+0000] {logging_mixin.py:188} INFO - stdout: 
[2024-06-29T21:40:25.993+0000] {logging_mixin.py:188} INFO - stderr: Traceback (most recent call last):
  File "/opt/airflow/generator/ecomm_generator.py", line 4, in <module>
    from faker import Faker
ModuleNotFoundError: No module named 'faker'
[2024-06-29T21:40:25.993+0000] {python.py:237} INFO - Done. Returned value was: None
[2024-06-29T21:40:25.993+0000] {taskinstance.py:441} INFO - ::group::Post task execution logs
[2024-06-29T21:40:25.999+0000] {taskinstance.py:1206} INFO - Marking task as SUCCESS. dag_id=ecomm_data_pipeline, task_id=generate_and_insert_data, run_id=scheduled__2023-01-01T20:10:00+00:00, execution_date=20230101T201000, start_date=20240629T214025, end_date=20240629T214025
[2024-06-29T21:40:26.027+0000] {local_task_job_runner.py:240} INFO - Task exited with return code 0
[2024-06-29T21:40:26.034+0000] {taskinstance.py:3503} INFO - 0 downstream tasks scheduled from follow-on schedule check
[2024-06-29T21:40:26.035+0000] {local_task_job_runner.py:222} INFO - ::endgroup::
[2024-06-29T22:04:13.982+0000] {local_task_job_runner.py:120} INFO - ::group::Pre task execution logs
[2024-06-29T22:04:13.994+0000] {taskinstance.py:2076} INFO - Dependencies all met for dep_context=non-requeueable deps ti=<TaskInstance: ecomm_data_pipeline.generate_and_insert_data scheduled__2023-01-01T20:10:00+00:00 [queued]>
[2024-06-29T22:04:13.997+0000] {taskinstance.py:2076} INFO - Dependencies all met for dep_context=requeueable deps ti=<TaskInstance: ecomm_data_pipeline.generate_and_insert_data scheduled__2023-01-01T20:10:00+00:00 [queued]>
[2024-06-29T22:04:13.997+0000] {taskinstance.py:2306} INFO - Starting attempt 1 of 2
[2024-06-29T22:04:14.002+0000] {taskinstance.py:2330} INFO - Executing <Task(PythonOperator): generate_and_insert_data> on 2023-01-01 20:10:00+00:00
[2024-06-29T22:04:14.003+0000] {standard_task_runner.py:63} INFO - Started process 1798 to run task
[2024-06-29T22:04:14.004+0000] {standard_task_runner.py:90} INFO - Running: ['airflow', 'tasks', 'run', 'ecomm_data_pipeline', 'generate_and_insert_data', 'scheduled__2023-01-01T20:10:00+00:00', '--job-id', '123', '--raw', '--subdir', 'DAGS_FOLDER/ecomm_dag.py', '--cfg-path', '/tmp/tmp7oc7d6lu']
[2024-06-29T22:04:14.005+0000] {standard_task_runner.py:91} INFO - Job 123: Subtask generate_and_insert_data
[2024-06-29T22:04:14.022+0000] {task_command.py:426} INFO - Running <TaskInstance: ecomm_data_pipeline.generate_and_insert_data scheduled__2023-01-01T20:10:00+00:00 [running]> on host 799998b0d26e
[2024-06-29T22:04:14.051+0000] {taskinstance.py:2648} INFO - Exporting env vars: AIRFLOW_CTX_DAG_OWNER='airflow' AIRFLOW_CTX_DAG_ID='ecomm_data_pipeline' AIRFLOW_CTX_TASK_ID='generate_and_insert_data' AIRFLOW_CTX_EXECUTION_DATE='2023-01-01T20:10:00+00:00' AIRFLOW_CTX_TRY_NUMBER='1' AIRFLOW_CTX_DAG_RUN_ID='scheduled__2023-01-01T20:10:00+00:00'
[2024-06-29T22:04:14.051+0000] {taskinstance.py:430} INFO - ::endgroup::
[2024-06-29T22:04:14.108+0000] {logging_mixin.py:188} INFO - Error in generate_and_insert_data: Command '['python3', '/opt/airflow/generator/ecomm_generator.py']' returned non-zero exit status 1.
[2024-06-29T22:04:14.109+0000] {logging_mixin.py:188} INFO - stdout: 
[2024-06-29T22:04:14.110+0000] {logging_mixin.py:188} INFO - stderr: Traceback (most recent call last):
  File "/opt/airflow/generator/ecomm_generator.py", line 4, in <module>
    from faker import Faker
ModuleNotFoundError: No module named 'faker'
[2024-06-29T22:04:14.110+0000] {python.py:237} INFO - Done. Returned value was: None
[2024-06-29T22:04:14.110+0000] {taskinstance.py:441} INFO - ::group::Post task execution logs
[2024-06-29T22:04:14.117+0000] {taskinstance.py:1206} INFO - Marking task as SUCCESS. dag_id=ecomm_data_pipeline, task_id=generate_and_insert_data, run_id=scheduled__2023-01-01T20:10:00+00:00, execution_date=20230101T201000, start_date=20240629T220413, end_date=20240629T220414
[2024-06-29T22:04:14.153+0000] {local_task_job_runner.py:240} INFO - Task exited with return code 0
[2024-06-29T22:04:14.159+0000] {taskinstance.py:3503} INFO - 0 downstream tasks scheduled from follow-on schedule check
[2024-06-29T22:04:14.160+0000] {local_task_job_runner.py:222} INFO - ::endgroup::
