[2024-07-03T00:38:12.911+0000] {taskinstance.py:1103} INFO - Dependencies all met for dep_context=non-requeueable deps ti=<TaskInstance: ecomm_data_pipeline.insert_users scheduled__2024-07-02T22:10:00+00:00 [queued]>
[2024-07-03T00:38:12.914+0000] {taskinstance.py:1103} INFO - Dependencies all met for dep_context=requeueable deps ti=<TaskInstance: ecomm_data_pipeline.insert_users scheduled__2024-07-02T22:10:00+00:00 [queued]>
[2024-07-03T00:38:12.915+0000] {taskinstance.py:1308} INFO - Starting attempt 2 of 3
[2024-07-03T00:38:12.919+0000] {taskinstance.py:1327} INFO - Executing <Task(PythonOperator): insert_users> on 2024-07-02 22:10:00+00:00
[2024-07-03T00:38:12.920+0000] {standard_task_runner.py:57} INFO - Started process 492 to run task
[2024-07-03T00:38:12.922+0000] {standard_task_runner.py:84} INFO - Running: ['airflow', 'tasks', 'run', 'ecomm_data_pipeline', 'insert_users', 'scheduled__2024-07-02T22:10:00+00:00', '--job-id', '320', '--raw', '--subdir', 'DAGS_FOLDER/ecomm_dag.py', '--cfg-path', '/tmp/tmpqvlxk028']
[2024-07-03T00:38:12.922+0000] {standard_task_runner.py:85} INFO - Job 320: Subtask insert_users
[2024-07-03T00:38:12.941+0000] {task_command.py:410} INFO - Running <TaskInstance: ecomm_data_pipeline.insert_users scheduled__2024-07-02T22:10:00+00:00 [running]> on host e25ac14d8d5f
[2024-07-03T00:38:12.976+0000] {taskinstance.py:1545} INFO - Exporting env vars: AIRFLOW_CTX_DAG_OWNER='airflow' AIRFLOW_CTX_DAG_ID='ecomm_data_pipeline' AIRFLOW_CTX_TASK_ID='insert_users' AIRFLOW_CTX_EXECUTION_DATE='2024-07-02T22:10:00+00:00' AIRFLOW_CTX_TRY_NUMBER='2' AIRFLOW_CTX_DAG_RUN_ID='scheduled__2024-07-02T22:10:00+00:00'
[2024-07-03T00:38:12.976+0000] {logging_mixin.py:149} INFO - Inserting data into users from /opt/airflow/generator/fake_users.json...
[2024-07-03T00:38:12.978+0000] {logging_mixin.py:149} INFO - Error inserting data into users: invalid input syntax for type timestamp: "+1-174-300-1826x3501"
LINE 3: Bakerberg, NY 48034', '+1-174-300-1826x3501')
                              ^
[2024-07-03T00:38:12.978+0000] {python.py:183} INFO - Done. Returned value was: None
[2024-07-03T00:38:12.982+0000] {taskinstance.py:1345} INFO - Marking task as SUCCESS. dag_id=ecomm_data_pipeline, task_id=insert_users, execution_date=20240702T221000, start_date=20240703T003812, end_date=20240703T003812
[2024-07-03T00:38:13.028+0000] {local_task_job_runner.py:225} INFO - Task exited with return code 0
[2024-07-03T00:38:13.036+0000] {taskinstance.py:2651} INFO - 0 downstream tasks scheduled from follow-on schedule check
[2024-07-03T00:53:50.208+0000] {taskinstance.py:1103} INFO - Dependencies all met for dep_context=non-requeueable deps ti=<TaskInstance: ecomm_data_pipeline.insert_users scheduled__2024-07-02T22:10:00+00:00 [queued]>
[2024-07-03T00:53:50.211+0000] {taskinstance.py:1103} INFO - Dependencies all met for dep_context=requeueable deps ti=<TaskInstance: ecomm_data_pipeline.insert_users scheduled__2024-07-02T22:10:00+00:00 [queued]>
[2024-07-03T00:53:50.211+0000] {taskinstance.py:1308} INFO - Starting attempt 2 of 3
[2024-07-03T00:53:50.215+0000] {taskinstance.py:1327} INFO - Executing <Task(PythonOperator): insert_users> on 2024-07-02 22:10:00+00:00
[2024-07-03T00:53:50.217+0000] {standard_task_runner.py:57} INFO - Started process 178 to run task
[2024-07-03T00:53:50.218+0000] {standard_task_runner.py:84} INFO - Running: ['airflow', 'tasks', 'run', 'ecomm_data_pipeline', 'insert_users', 'scheduled__2024-07-02T22:10:00+00:00', '--job-id', '336', '--raw', '--subdir', 'DAGS_FOLDER/ecomm_dag.py', '--cfg-path', '/tmp/tmpr0nvf9k0']
[2024-07-03T00:53:50.219+0000] {standard_task_runner.py:85} INFO - Job 336: Subtask insert_users
[2024-07-03T00:53:50.239+0000] {task_command.py:410} INFO - Running <TaskInstance: ecomm_data_pipeline.insert_users scheduled__2024-07-02T22:10:00+00:00 [running]> on host 9ea872201ce6
[2024-07-03T00:53:50.273+0000] {taskinstance.py:1545} INFO - Exporting env vars: AIRFLOW_CTX_DAG_OWNER='airflow' AIRFLOW_CTX_DAG_ID='ecomm_data_pipeline' AIRFLOW_CTX_TASK_ID='insert_users' AIRFLOW_CTX_EXECUTION_DATE='2024-07-02T22:10:00+00:00' AIRFLOW_CTX_TRY_NUMBER='2' AIRFLOW_CTX_DAG_RUN_ID='scheduled__2024-07-02T22:10:00+00:00'
[2024-07-03T00:53:50.274+0000] {logging_mixin.py:149} INFO - Inserting data into users from /opt/airflow/generator/fake_users.json...
[2024-07-03T00:53:50.276+0000] {logging_mixin.py:149} INFO - Error inserting data into users: not all arguments converted during string formatting
[2024-07-03T00:53:50.276+0000] {python.py:183} INFO - Done. Returned value was: None
[2024-07-03T00:53:50.280+0000] {taskinstance.py:1345} INFO - Marking task as SUCCESS. dag_id=ecomm_data_pipeline, task_id=insert_users, execution_date=20240702T221000, start_date=20240703T005350, end_date=20240703T005350
[2024-07-03T00:53:50.320+0000] {local_task_job_runner.py:225} INFO - Task exited with return code 0
[2024-07-03T00:53:50.329+0000] {taskinstance.py:2651} INFO - 0 downstream tasks scheduled from follow-on schedule check
