[2024-07-03T00:27:07.477+0000] {taskinstance.py:1103} INFO - Dependencies all met for dep_context=non-requeueable deps ti=<TaskInstance: ecomm_data_pipeline.insert_users scheduled__2024-07-02T22:10:00+00:00 [queued]>
[2024-07-03T00:27:07.481+0000] {taskinstance.py:1103} INFO - Dependencies all met for dep_context=requeueable deps ti=<TaskInstance: ecomm_data_pipeline.insert_users scheduled__2024-07-02T22:10:00+00:00 [queued]>
[2024-07-03T00:27:07.481+0000] {taskinstance.py:1308} INFO - Starting attempt 1 of 2
[2024-07-03T00:27:07.487+0000] {taskinstance.py:1327} INFO - Executing <Task(PythonOperator): insert_users> on 2024-07-02 22:10:00+00:00
[2024-07-03T00:27:07.488+0000] {standard_task_runner.py:57} INFO - Started process 247 to run task
[2024-07-03T00:27:07.490+0000] {standard_task_runner.py:84} INFO - Running: ['airflow', 'tasks', 'run', 'ecomm_data_pipeline', 'insert_users', 'scheduled__2024-07-02T22:10:00+00:00', '--job-id', '308', '--raw', '--subdir', 'DAGS_FOLDER/ecomm_dag.py', '--cfg-path', '/tmp/tmp27owqyyz']
[2024-07-03T00:27:07.491+0000] {standard_task_runner.py:85} INFO - Job 308: Subtask insert_users
[2024-07-03T00:27:07.512+0000] {task_command.py:410} INFO - Running <TaskInstance: ecomm_data_pipeline.insert_users scheduled__2024-07-02T22:10:00+00:00 [running]> on host e25ac14d8d5f
[2024-07-03T00:27:07.550+0000] {taskinstance.py:1545} INFO - Exporting env vars: AIRFLOW_CTX_DAG_OWNER='airflow' AIRFLOW_CTX_DAG_ID='ecomm_data_pipeline' AIRFLOW_CTX_TASK_ID='insert_users' AIRFLOW_CTX_EXECUTION_DATE='2024-07-02T22:10:00+00:00' AIRFLOW_CTX_TRY_NUMBER='1' AIRFLOW_CTX_DAG_RUN_ID='scheduled__2024-07-02T22:10:00+00:00'
[2024-07-03T00:27:07.550+0000] {logging_mixin.py:149} INFO - Inserting data into users from /opt/airflow/generator/fake_users.json...
[2024-07-03T00:27:07.552+0000] {logging_mixin.py:149} INFO - Error inserting data into users: time zone "x585" not recognized
LINE 3: Carlaside, HI 99665', '171.898.8424x585')
                              ^
[2024-07-03T00:27:07.553+0000] {python.py:183} INFO - Done. Returned value was: None
[2024-07-03T00:27:07.557+0000] {taskinstance.py:1345} INFO - Marking task as SUCCESS. dag_id=ecomm_data_pipeline, task_id=insert_users, execution_date=20240702T221000, start_date=20240703T002707, end_date=20240703T002707
[2024-07-03T00:27:07.596+0000] {local_task_job_runner.py:225} INFO - Task exited with return code 0
[2024-07-03T00:27:07.604+0000] {taskinstance.py:2651} INFO - 0 downstream tasks scheduled from follow-on schedule check
[2024-07-03T00:48:34.380+0000] {taskinstance.py:1103} INFO - Dependencies all met for dep_context=non-requeueable deps ti=<TaskInstance: ecomm_data_pipeline.insert_users scheduled__2024-07-02T22:10:00+00:00 [queued]>
[2024-07-03T00:48:34.384+0000] {taskinstance.py:1103} INFO - Dependencies all met for dep_context=requeueable deps ti=<TaskInstance: ecomm_data_pipeline.insert_users scheduled__2024-07-02T22:10:00+00:00 [queued]>
[2024-07-03T00:48:34.384+0000] {taskinstance.py:1308} INFO - Starting attempt 1 of 2
[2024-07-03T00:48:34.388+0000] {taskinstance.py:1327} INFO - Executing <Task(PythonOperator): insert_users> on 2024-07-02 22:10:00+00:00
[2024-07-03T00:48:34.390+0000] {standard_task_runner.py:57} INFO - Started process 72 to run task
[2024-07-03T00:48:34.391+0000] {standard_task_runner.py:84} INFO - Running: ['airflow', 'tasks', 'run', 'ecomm_data_pipeline', 'insert_users', 'scheduled__2024-07-02T22:10:00+00:00', '--job-id', '335', '--raw', '--subdir', 'DAGS_FOLDER/ecomm_dag.py', '--cfg-path', '/tmp/tmpqmxi1vn7']
[2024-07-03T00:48:34.391+0000] {standard_task_runner.py:85} INFO - Job 335: Subtask insert_users
[2024-07-03T00:48:34.411+0000] {task_command.py:410} INFO - Running <TaskInstance: ecomm_data_pipeline.insert_users scheduled__2024-07-02T22:10:00+00:00 [running]> on host 9ea872201ce6
[2024-07-03T00:48:34.444+0000] {taskinstance.py:1545} INFO - Exporting env vars: AIRFLOW_CTX_DAG_OWNER='airflow' AIRFLOW_CTX_DAG_ID='ecomm_data_pipeline' AIRFLOW_CTX_TASK_ID='insert_users' AIRFLOW_CTX_EXECUTION_DATE='2024-07-02T22:10:00+00:00' AIRFLOW_CTX_TRY_NUMBER='1' AIRFLOW_CTX_DAG_RUN_ID='scheduled__2024-07-02T22:10:00+00:00'
[2024-07-03T00:48:34.444+0000] {logging_mixin.py:149} INFO - Inserting data into users from /opt/airflow/generator/fake_users.json...
[2024-07-03T00:48:34.446+0000] {logging_mixin.py:149} INFO - Error inserting data into users: not all arguments converted during string formatting
[2024-07-03T00:48:34.446+0000] {python.py:183} INFO - Done. Returned value was: None
[2024-07-03T00:48:34.450+0000] {taskinstance.py:1345} INFO - Marking task as SUCCESS. dag_id=ecomm_data_pipeline, task_id=insert_users, execution_date=20240702T221000, start_date=20240703T004834, end_date=20240703T004834
[2024-07-03T00:48:34.490+0000] {local_task_job_runner.py:225} INFO - Task exited with return code 0
[2024-07-03T00:48:34.498+0000] {taskinstance.py:2651} INFO - 0 downstream tasks scheduled from follow-on schedule check
[2024-07-03T00:56:51.293+0000] {taskinstance.py:1103} INFO - Dependencies all met for dep_context=non-requeueable deps ti=<TaskInstance: ecomm_data_pipeline.insert_users scheduled__2024-07-02T22:10:00+00:00 [queued]>
[2024-07-03T00:56:51.296+0000] {taskinstance.py:1103} INFO - Dependencies all met for dep_context=requeueable deps ti=<TaskInstance: ecomm_data_pipeline.insert_users scheduled__2024-07-02T22:10:00+00:00 [queued]>
[2024-07-03T00:56:51.296+0000] {taskinstance.py:1308} INFO - Starting attempt 1 of 2
[2024-07-03T00:56:51.300+0000] {taskinstance.py:1327} INFO - Executing <Task(PythonOperator): insert_users> on 2024-07-02 22:10:00+00:00
[2024-07-03T00:56:51.301+0000] {standard_task_runner.py:57} INFO - Started process 32 to run task
[2024-07-03T00:56:51.302+0000] {standard_task_runner.py:84} INFO - Running: ['airflow', 'tasks', 'run', 'ecomm_data_pipeline', 'insert_users', 'scheduled__2024-07-02T22:10:00+00:00', '--job-id', '343', '--raw', '--subdir', 'DAGS_FOLDER/ecomm_dag.py', '--cfg-path', '/tmp/tmp8kr8tmnr']
[2024-07-03T00:56:51.303+0000] {standard_task_runner.py:85} INFO - Job 343: Subtask insert_users
[2024-07-03T00:56:51.322+0000] {task_command.py:410} INFO - Running <TaskInstance: ecomm_data_pipeline.insert_users scheduled__2024-07-02T22:10:00+00:00 [running]> on host 6b9834f2e9cc
[2024-07-03T00:56:51.356+0000] {taskinstance.py:1545} INFO - Exporting env vars: AIRFLOW_CTX_DAG_OWNER='airflow' AIRFLOW_CTX_DAG_ID='ecomm_data_pipeline' AIRFLOW_CTX_TASK_ID='insert_users' AIRFLOW_CTX_EXECUTION_DATE='2024-07-02T22:10:00+00:00' AIRFLOW_CTX_TRY_NUMBER='1' AIRFLOW_CTX_DAG_RUN_ID='scheduled__2024-07-02T22:10:00+00:00'
[2024-07-03T00:56:51.357+0000] {logging_mixin.py:149} INFO - Inserting data into users from /opt/airflow/generator/fake_users.json...
[2024-07-03T00:56:51.359+0000] {logging_mixin.py:149} INFO - Error inserting data into users: not all arguments converted during string formatting
[2024-07-03T00:56:51.359+0000] {python.py:183} INFO - Done. Returned value was: None
[2024-07-03T00:56:51.363+0000] {taskinstance.py:1345} INFO - Marking task as SUCCESS. dag_id=ecomm_data_pipeline, task_id=insert_users, execution_date=20240702T221000, start_date=20240703T005651, end_date=20240703T005651
[2024-07-03T00:56:51.406+0000] {local_task_job_runner.py:225} INFO - Task exited with return code 0
[2024-07-03T00:56:51.414+0000] {taskinstance.py:2651} INFO - 0 downstream tasks scheduled from follow-on schedule check
