[2024-07-03T00:25:40.058+0000] {taskinstance.py:1103} INFO - Dependencies all met for dep_context=non-requeueable deps ti=<TaskInstance: ecomm_data_pipeline.generate_data scheduled__2024-07-02T08:40:00+00:00 [queued]>
[2024-07-03T00:25:40.061+0000] {taskinstance.py:1103} INFO - Dependencies all met for dep_context=requeueable deps ti=<TaskInstance: ecomm_data_pipeline.generate_data scheduled__2024-07-02T08:40:00+00:00 [queued]>
[2024-07-03T00:25:40.062+0000] {taskinstance.py:1308} INFO - Starting attempt 1 of 2
[2024-07-03T00:25:40.066+0000] {taskinstance.py:1327} INFO - Executing <Task(PythonOperator): generate_data> on 2024-07-02 08:40:00+00:00
[2024-07-03T00:25:40.067+0000] {standard_task_runner.py:57} INFO - Started process 87 to run task
[2024-07-03T00:25:40.069+0000] {standard_task_runner.py:84} INFO - Running: ['airflow', 'tasks', 'run', 'ecomm_data_pipeline', 'generate_data', 'scheduled__2024-07-02T08:40:00+00:00', '--job-id', '244', '--raw', '--subdir', 'DAGS_FOLDER/ecomm_dag.py', '--cfg-path', '/tmp/tmp1669i4y7']
[2024-07-03T00:25:40.070+0000] {standard_task_runner.py:85} INFO - Job 244: Subtask generate_data
[2024-07-03T00:25:40.094+0000] {task_command.py:410} INFO - Running <TaskInstance: ecomm_data_pipeline.generate_data scheduled__2024-07-02T08:40:00+00:00 [running]> on host e25ac14d8d5f
[2024-07-03T00:25:40.134+0000] {taskinstance.py:1545} INFO - Exporting env vars: AIRFLOW_CTX_DAG_OWNER='airflow' AIRFLOW_CTX_DAG_ID='ecomm_data_pipeline' AIRFLOW_CTX_TASK_ID='generate_data' AIRFLOW_CTX_EXECUTION_DATE='2024-07-02T08:40:00+00:00' AIRFLOW_CTX_TRY_NUMBER='1' AIRFLOW_CTX_DAG_RUN_ID='scheduled__2024-07-02T08:40:00+00:00'
[2024-07-03T00:25:40.135+0000] {logging_mixin.py:149} INFO - Running data generation script...
[2024-07-03T00:25:40.563+0000] {logging_mixin.py:149} INFO - 2024-07-03 00:25:40,323 - INFO - Generating fake user data...
2024-07-03 00:25:40,381 - INFO - Generated 223 users.
2024-07-03 00:25:40,381 - INFO - Generating fake clickstream events...
2024-07-03 00:25:40,382 - INFO - Generated 30 clickstream events.
2024-07-03 00:25:40,382 - INFO - Generating fake transaction data...
2024-07-03 00:25:40,382 - INFO - Generated 39 transaction data records.
2024-07-03 00:25:40,382 - INFO - Generating fake Google Search marketing data...
2024-07-03 00:25:40,397 - INFO - Generated 1000 Google Search marketing data records.
2024-07-03 00:25:40,397 - INFO - Generating fake Email Marketing data...
2024-07-03 00:25:40,511 - INFO - Generated 1000 Email Marketing data records.
2024-07-03 00:25:40,511 - INFO - Generating fake Facebook data...
2024-07-03 00:25:40,527 - INFO - Generated 1000 Facebook data records.
2024-07-03 00:25:40,527 - INFO - Writing generated data to JSON files...
2024-07-03 00:25:40,556 - INFO - Data generation complete. Sleeping for 10 minutes...
[2024-07-03T00:25:40.564+0000] {python.py:183} INFO - Done. Returned value was: None
[2024-07-03T00:25:40.569+0000] {taskinstance.py:1345} INFO - Marking task as SUCCESS. dag_id=ecomm_data_pipeline, task_id=generate_data, execution_date=20240702T084000, start_date=20240703T002540, end_date=20240703T002540
[2024-07-03T00:25:40.590+0000] {local_task_job_runner.py:225} INFO - Task exited with return code 0
[2024-07-03T00:25:40.600+0000] {taskinstance.py:2651} INFO - 6 downstream tasks scheduled from follow-on schedule check
