[2024-06-27T22:36:22.760+0000] {local_task_job_runner.py:120} INFO - ::group::Pre task execution logs
[2024-06-27T22:36:22.770+0000] {taskinstance.py:2076} INFO - Dependencies all met for dep_context=non-requeueable deps ti=<TaskInstance: ecomm_data_pipeline.generate_and_insert_data scheduled__2023-01-01T17:00:00+00:00 [queued]>
[2024-06-27T22:36:22.772+0000] {taskinstance.py:2076} INFO - Dependencies all met for dep_context=requeueable deps ti=<TaskInstance: ecomm_data_pipeline.generate_and_insert_data scheduled__2023-01-01T17:00:00+00:00 [queued]>
[2024-06-27T22:36:22.772+0000] {taskinstance.py:2306} INFO - Starting attempt 1 of 2
[2024-06-27T22:36:22.776+0000] {taskinstance.py:2330} INFO - Executing <Task(PythonOperator): generate_and_insert_data> on 2023-01-01 17:00:00+00:00
[2024-06-27T22:36:22.778+0000] {standard_task_runner.py:63} INFO - Started process 1762 to run task
[2024-06-27T22:36:22.779+0000] {standard_task_runner.py:90} INFO - Running: ['airflow', 'tasks', 'run', 'ecomm_data_pipeline', 'generate_and_insert_data', 'scheduled__2023-01-01T17:00:00+00:00', '--job-id', '121', '--raw', '--subdir', 'DAGS_FOLDER/ecomm_dag.py', '--cfg-path', '/tmp/tmpzkovx6ep']
[2024-06-27T22:36:22.779+0000] {standard_task_runner.py:91} INFO - Job 121: Subtask generate_and_insert_data
[2024-06-27T22:36:22.795+0000] {task_command.py:426} INFO - Running <TaskInstance: ecomm_data_pipeline.generate_and_insert_data scheduled__2023-01-01T17:00:00+00:00 [running]> on host 9174587f6b1d
[2024-06-27T22:36:22.822+0000] {taskinstance.py:2648} INFO - Exporting env vars: AIRFLOW_CTX_DAG_OWNER='airflow' AIRFLOW_CTX_DAG_ID='ecomm_data_pipeline' AIRFLOW_CTX_TASK_ID='generate_and_insert_data' AIRFLOW_CTX_EXECUTION_DATE='2023-01-01T17:00:00+00:00' AIRFLOW_CTX_TRY_NUMBER='1' AIRFLOW_CTX_DAG_RUN_ID='scheduled__2023-01-01T17:00:00+00:00'
[2024-06-27T22:36:22.823+0000] {taskinstance.py:430} INFO - ::endgroup::
[2024-06-27T22:36:22.859+0000] {logging_mixin.py:188} INFO - Error in generate_and_insert_data: Command '['python3', './generator/ecomm_generator.py']' returned non-zero exit status 2.
[2024-06-27T22:36:22.859+0000] {python.py:237} INFO - Done. Returned value was: None
[2024-06-27T22:36:22.859+0000] {taskinstance.py:441} INFO - ::group::Post task execution logs
[2024-06-27T22:36:22.866+0000] {taskinstance.py:1206} INFO - Marking task as SUCCESS. dag_id=ecomm_data_pipeline, task_id=generate_and_insert_data, run_id=scheduled__2023-01-01T17:00:00+00:00, execution_date=20230101T170000, start_date=20240627T223622, end_date=20240627T223622
[2024-06-27T22:36:22.878+0000] {local_task_job_runner.py:240} INFO - Task exited with return code 0
[2024-06-27T22:36:22.886+0000] {taskinstance.py:3503} INFO - 0 downstream tasks scheduled from follow-on schedule check
[2024-06-27T22:36:22.886+0000] {local_task_job_runner.py:222} INFO - ::endgroup::
[2024-06-28T18:18:23.390+0000] {local_task_job_runner.py:120} INFO - ::group::Pre task execution logs
[2024-06-28T18:18:23.400+0000] {taskinstance.py:2076} INFO - Dependencies all met for dep_context=non-requeueable deps ti=<TaskInstance: ecomm_data_pipeline.generate_and_insert_data scheduled__2023-01-01T17:00:00+00:00 [queued]>
[2024-06-28T18:18:23.403+0000] {taskinstance.py:2076} INFO - Dependencies all met for dep_context=requeueable deps ti=<TaskInstance: ecomm_data_pipeline.generate_and_insert_data scheduled__2023-01-01T17:00:00+00:00 [queued]>
[2024-06-28T18:18:23.403+0000] {taskinstance.py:2306} INFO - Starting attempt 1 of 2
[2024-06-28T18:18:23.407+0000] {taskinstance.py:2330} INFO - Executing <Task(PythonOperator): generate_and_insert_data> on 2023-01-01 17:00:00+00:00
[2024-06-28T18:18:23.409+0000] {standard_task_runner.py:63} INFO - Started process 2897 to run task
[2024-06-28T18:18:23.410+0000] {standard_task_runner.py:90} INFO - Running: ['airflow', 'tasks', 'run', 'ecomm_data_pipeline', 'generate_and_insert_data', 'scheduled__2023-01-01T17:00:00+00:00', '--job-id', '206', '--raw', '--subdir', 'DAGS_FOLDER/ecomm_dag.py', '--cfg-path', '/tmp/tmp2trgvkh5']
[2024-06-28T18:18:23.411+0000] {standard_task_runner.py:91} INFO - Job 206: Subtask generate_and_insert_data
[2024-06-28T18:18:23.427+0000] {task_command.py:426} INFO - Running <TaskInstance: ecomm_data_pipeline.generate_and_insert_data scheduled__2023-01-01T17:00:00+00:00 [running]> on host 08cefd381a1f
[2024-06-28T18:18:23.456+0000] {taskinstance.py:2648} INFO - Exporting env vars: AIRFLOW_CTX_DAG_OWNER='airflow' AIRFLOW_CTX_DAG_ID='ecomm_data_pipeline' AIRFLOW_CTX_TASK_ID='generate_and_insert_data' AIRFLOW_CTX_EXECUTION_DATE='2023-01-01T17:00:00+00:00' AIRFLOW_CTX_TRY_NUMBER='1' AIRFLOW_CTX_DAG_RUN_ID='scheduled__2023-01-01T17:00:00+00:00'
[2024-06-28T18:18:23.457+0000] {taskinstance.py:430} INFO - ::endgroup::
[2024-06-28T18:18:23.514+0000] {logging_mixin.py:188} INFO - Error in generate_and_insert_data: Command '['python3', '/opt/airflow/generator/ecomm_generator.py']' returned non-zero exit status 1.
[2024-06-28T18:18:23.514+0000] {logging_mixin.py:188} INFO - stdout: 
[2024-06-28T18:18:23.514+0000] {logging_mixin.py:188} INFO - stderr: Traceback (most recent call last):
  File "/opt/airflow/generator/ecomm_generator.py", line 4, in <module>
    from faker import Faker
ModuleNotFoundError: No module named 'faker'
[2024-06-28T18:18:23.514+0000] {python.py:237} INFO - Done. Returned value was: None
[2024-06-28T18:18:23.514+0000] {taskinstance.py:441} INFO - ::group::Post task execution logs
[2024-06-28T18:18:23.519+0000] {taskinstance.py:1206} INFO - Marking task as SUCCESS. dag_id=ecomm_data_pipeline, task_id=generate_and_insert_data, run_id=scheduled__2023-01-01T17:00:00+00:00, execution_date=20230101T170000, start_date=20240628T181823, end_date=20240628T181823
[2024-06-28T18:18:23.559+0000] {local_task_job_runner.py:240} INFO - Task exited with return code 0
[2024-06-28T18:18:23.566+0000] {taskinstance.py:3503} INFO - 0 downstream tasks scheduled from follow-on schedule check
[2024-06-28T18:18:23.567+0000] {local_task_job_runner.py:222} INFO - ::endgroup::
