[2024-07-06T22:08:50.758+0000] {taskinstance.py:1103} INFO - Dependencies all met for dep_context=non-requeueable deps ti=<TaskInstance: initialize_etl_environment.create_users_table scheduled__2024-07-05T00:00:00+00:00 [queued]>
[2024-07-06T22:08:50.761+0000] {taskinstance.py:1103} INFO - Dependencies all met for dep_context=requeueable deps ti=<TaskInstance: initialize_etl_environment.create_users_table scheduled__2024-07-05T00:00:00+00:00 [queued]>
[2024-07-06T22:08:50.762+0000] {taskinstance.py:1308} INFO - Starting attempt 1 of 2
[2024-07-06T22:08:50.766+0000] {taskinstance.py:1327} INFO - Executing <Task(PostgresOperator): create_users_table> on 2024-07-05 00:00:00+00:00
[2024-07-06T22:08:50.767+0000] {standard_task_runner.py:57} INFO - Started process 4391 to run task
[2024-07-06T22:08:50.769+0000] {standard_task_runner.py:84} INFO - Running: ['airflow', 'tasks', 'run', 'initialize_etl_environment', 'create_users_table', 'scheduled__2024-07-05T00:00:00+00:00', '--job-id', '1197', '--raw', '--subdir', 'DAGS_FOLDER/etl_env_init.py', '--cfg-path', '/tmp/tmpilrldmnq']
[2024-07-06T22:08:50.770+0000] {standard_task_runner.py:85} INFO - Job 1197: Subtask create_users_table
[2024-07-06T22:08:50.791+0000] {task_command.py:410} INFO - Running <TaskInstance: initialize_etl_environment.create_users_table scheduled__2024-07-05T00:00:00+00:00 [running]> on host c058add182a5
[2024-07-06T22:08:50.829+0000] {taskinstance.py:1545} INFO - Exporting env vars: AIRFLOW_CTX_DAG_EMAIL='airflow@example.com' AIRFLOW_CTX_DAG_OWNER='airflow' AIRFLOW_CTX_DAG_ID='initialize_etl_environment' AIRFLOW_CTX_TASK_ID='create_users_table' AIRFLOW_CTX_EXECUTION_DATE='2024-07-05T00:00:00+00:00' AIRFLOW_CTX_TRY_NUMBER='1' AIRFLOW_CTX_DAG_RUN_ID='scheduled__2024-07-05T00:00:00+00:00'
[2024-07-06T22:08:50.829+0000] {sql.py:262} INFO - Executing: 
    CREATE TABLE IF NOT EXISTS raw.users (
        user_id INT PRIMARY KEY,
        username VARCHAR(50),
        email VARCHAR(100),
        address VARCHAR(255),
        phone_number VARCHAR(255),
        created_at TIMESTAMP 
    );
        
    
[2024-07-06T22:08:50.832+0000] {base.py:73} INFO - Using connection ID 'company_dw' for task execution.
[2024-07-06T22:08:50.854+0000] {base.py:73} INFO - Using connection ID 'company_dw' for task execution.
[2024-07-06T22:08:50.856+0000] {sql.py:375} INFO - Running statement: 
    CREATE TABLE IF NOT EXISTS raw.users (
        user_id INT PRIMARY KEY,
        username VARCHAR(50),
        email VARCHAR(100),
        address VARCHAR(255),
        phone_number VARCHAR(255),
        created_at TIMESTAMP 
    );
        
    , parameters: None
[2024-07-06T22:08:50.861+0000] {taskinstance.py:1345} INFO - Marking task as SUCCESS. dag_id=initialize_etl_environment, task_id=create_users_table, execution_date=20240705T000000, start_date=20240706T220850, end_date=20240706T220850
[2024-07-06T22:08:50.870+0000] {local_task_job_runner.py:225} INFO - Task exited with return code 0
[2024-07-06T22:08:50.879+0000] {taskinstance.py:2651} INFO - 0 downstream tasks scheduled from follow-on schedule check
