[2024-07-15T22:14:44.900+0000] {taskinstance.py:1037} DEBUG - previous_execution_date was called
[2024-07-15T22:14:44.906+0000] {__init__.py:51} DEBUG - Loading core task runner: StandardTaskRunner
[2024-07-15T22:14:44.911+0000] {taskinstance.py:1037} DEBUG - previous_execution_date was called
[2024-07-15T22:14:44.912+0000] {base_task_runner.py:68} DEBUG - Planning to run as the  user
[2024-07-15T22:14:44.913+0000] {taskinstance.py:789} DEBUG - Refreshing TaskInstance <TaskInstance: crm_sales_data_ingestion.ingest_products manual__2024-07-15T22:11:47.505978+00:00 [queued]> from DB
[2024-07-15T22:14:44.920+0000] {taskinstance.py:1112} DEBUG - <TaskInstance: crm_sales_data_ingestion.ingest_products manual__2024-07-15T22:11:47.505978+00:00 [queued]> dependency 'Task Instance State' PASSED: True, Task state queued was valid.
[2024-07-15T22:14:44.920+0000] {taskinstance.py:1112} DEBUG - <TaskInstance: crm_sales_data_ingestion.ingest_products manual__2024-07-15T22:11:47.505978+00:00 [queued]> dependency 'Not In Retry Period' PASSED: True, The task instance was not marked for retrying.
[2024-07-15T22:14:44.923+0000] {taskinstance.py:1112} DEBUG - <TaskInstance: crm_sales_data_ingestion.ingest_products manual__2024-07-15T22:11:47.505978+00:00 [queued]> dependency 'Previous Dagrun State' PASSED: True, The task did not have depends_on_past set.
[2024-07-15T22:14:44.923+0000] {taskinstance.py:1112} DEBUG - <TaskInstance: crm_sales_data_ingestion.ingest_products manual__2024-07-15T22:11:47.505978+00:00 [queued]> dependency 'Task Instance Not Running' PASSED: True, Task is not in running state.
[2024-07-15T22:14:44.923+0000] {taskinstance.py:1103} INFO - Dependencies all met for dep_context=non-requeueable deps ti=<TaskInstance: crm_sales_data_ingestion.ingest_products manual__2024-07-15T22:11:47.505978+00:00 [queued]>
[2024-07-15T22:14:44.924+0000] {taskinstance.py:1112} DEBUG - <TaskInstance: crm_sales_data_ingestion.ingest_products manual__2024-07-15T22:11:47.505978+00:00 [queued]> dependency 'Task Concurrency' PASSED: True, Task concurrency is not set.
[2024-07-15T22:14:44.927+0000] {taskinstance.py:1112} DEBUG - <TaskInstance: crm_sales_data_ingestion.ingest_products manual__2024-07-15T22:11:47.505978+00:00 [queued]> dependency 'Pool Slots Available' PASSED: True, There are enough open slots in default_pool to execute the task
[2024-07-15T22:14:44.927+0000] {taskinstance.py:1112} DEBUG - <TaskInstance: crm_sales_data_ingestion.ingest_products manual__2024-07-15T22:11:47.505978+00:00 [queued]> dependency 'Previous Dagrun State' PASSED: True, The task did not have depends_on_past set.
[2024-07-15T22:14:44.927+0000] {taskinstance.py:1112} DEBUG - <TaskInstance: crm_sales_data_ingestion.ingest_products manual__2024-07-15T22:11:47.505978+00:00 [queued]> dependency 'Not In Retry Period' PASSED: True, The task instance was not marked for retrying.
[2024-07-15T22:14:44.927+0000] {taskinstance.py:1103} INFO - Dependencies all met for dep_context=requeueable deps ti=<TaskInstance: crm_sales_data_ingestion.ingest_products manual__2024-07-15T22:11:47.505978+00:00 [queued]>
[2024-07-15T22:14:44.927+0000] {taskinstance.py:1308} INFO - Starting attempt 2 of 3
[2024-07-15T22:14:44.932+0000] {taskinstance.py:1327} INFO - Executing <Task(PythonOperator): ingest_products> on 2024-07-15 22:11:47.505978+00:00
[2024-07-15T22:14:44.934+0000] {standard_task_runner.py:57} INFO - Started process 47 to run task
[2024-07-15T22:14:44.935+0000] {standard_task_runner.py:84} INFO - Running: ['airflow', 'tasks', 'run', 'crm_sales_data_ingestion', 'ingest_products', 'manual__2024-07-15T22:11:47.505978+00:00', '--job-id', '70', '--raw', '--subdir', 'DAGS_FOLDER/ingest_crm_sales_data.py', '--cfg-path', '/tmp/tmpuoiyzpoj']
[2024-07-15T22:14:44.936+0000] {standard_task_runner.py:85} INFO - Job 70: Subtask ingest_products
[2024-07-15T22:14:44.937+0000] {cli_action_loggers.py:65} DEBUG - Calling callbacks: [<function default_action_log at 0xffff7f47a550>]
[2024-07-15T22:14:44.954+0000] {taskinstance.py:1037} DEBUG - previous_execution_date was called
[2024-07-15T22:14:44.956+0000] {task_command.py:410} INFO - Running <TaskInstance: crm_sales_data_ingestion.ingest_products manual__2024-07-15T22:11:47.505978+00:00 [running]> on host b91763c3682d
[2024-07-15T22:14:44.956+0000] {settings.py:353} DEBUG - Disposing DB connection pool (PID 47)
[2024-07-15T22:14:44.956+0000] {settings.py:212} DEBUG - Setting up DB connection pool (PID 47)
[2024-07-15T22:14:44.957+0000] {settings.py:285} DEBUG - settings.prepare_engine_args(): Using NullPool
[2024-07-15T22:14:44.957+0000] {taskinstance.py:789} DEBUG - Refreshing TaskInstance <TaskInstance: crm_sales_data_ingestion.ingest_products manual__2024-07-15T22:11:47.505978+00:00 [running]> from DB
[2024-07-15T22:14:44.973+0000] {taskinstance.py:1037} DEBUG - previous_execution_date was called
[2024-07-15T22:14:44.974+0000] {taskinstance.py:868} DEBUG - Clearing XCom data
[2024-07-15T22:14:44.985+0000] {retries.py:80} DEBUG - Running RenderedTaskInstanceFields._do_delete_old_records with retries. Try 1 of 3
[2024-07-15T22:14:44.990+0000] {taskinstance.py:1545} INFO - Exporting env vars: AIRFLOW_CTX_DAG_OWNER='airflow' AIRFLOW_CTX_DAG_ID='crm_sales_data_ingestion' AIRFLOW_CTX_TASK_ID='ingest_products' AIRFLOW_CTX_EXECUTION_DATE='2024-07-15T22:11:47.505978+00:00' AIRFLOW_CTX_TRY_NUMBER='2' AIRFLOW_CTX_DAG_RUN_ID='manual__2024-07-15T22:11:47.505978+00:00'
[2024-07-15T22:14:44.990+0000] {__init__.py:117} DEBUG - Preparing lineage inlets and outlets
[2024-07-15T22:14:44.991+0000] {__init__.py:155} DEBUG - inlets: [], outlets: []
[2024-07-15T22:14:44.994+0000] {base.py:73} INFO - Using connection ID 'company_dw' for task execution.
[2024-07-15T22:14:45.001+0000] {python.py:183} INFO - Done. Returned value was: None
[2024-07-15T22:14:45.001+0000] {__init__.py:75} DEBUG - Lineage called with inlets: [], outlets: []
[2024-07-15T22:14:45.001+0000] {taskinstance.py:789} DEBUG - Refreshing TaskInstance <TaskInstance: crm_sales_data_ingestion.ingest_products manual__2024-07-15T22:11:47.505978+00:00 [running]> from DB
[2024-07-15T22:14:45.006+0000] {taskinstance.py:1356} DEBUG - Clearing next_method and next_kwargs.
[2024-07-15T22:14:45.006+0000] {taskinstance.py:1345} INFO - Marking task as SUCCESS. dag_id=crm_sales_data_ingestion, task_id=ingest_products, execution_date=20240715T221147, start_date=20240715T221444, end_date=20240715T221445
[2024-07-15T22:14:45.006+0000] {taskinstance.py:2305} DEBUG - Task Duration set to 0.082723
[2024-07-15T22:14:45.083+0000] {cli_action_loggers.py:83} DEBUG - Calling callbacks: []
[2024-07-15T22:14:45.121+0000] {local_task_job_runner.py:225} INFO - Task exited with return code 0
[2024-07-15T22:14:45.130+0000] {dagrun.py:697} DEBUG - number of tis tasks for <DagRun crm_sales_data_ingestion @ 2024-07-15 22:11:47.505978+00:00: manual__2024-07-15T22:11:47.505978+00:00, state:running, queued_at: 2024-07-15 22:11:47.514889+00:00. externally triggered: True>: 0 task(s)
[2024-07-15T22:14:45.130+0000] {taskinstance.py:2651} INFO - 0 downstream tasks scheduled from follow-on schedule check
