[2024-07-06T18:10:26.444+0000] {taskinstance.py:1103} INFO - Dependencies all met for dep_context=non-requeueable deps ti=<TaskInstance: import_main_data.wait_for_init scheduled__2024-07-05T06:00:00+00:00 [queued]>
[2024-07-06T18:10:26.450+0000] {taskinstance.py:1103} INFO - Dependencies all met for dep_context=requeueable deps ti=<TaskInstance: import_main_data.wait_for_init scheduled__2024-07-05T06:00:00+00:00 [queued]>
[2024-07-06T18:10:26.451+0000] {taskinstance.py:1308} INFO - Starting attempt 1 of 2
[2024-07-06T18:10:26.459+0000] {taskinstance.py:1327} INFO - Executing <Task(ExternalTaskSensor): wait_for_init> on 2024-07-05 06:00:00+00:00
[2024-07-06T18:10:26.461+0000] {standard_task_runner.py:57} INFO - Started process 627 to run task
[2024-07-06T18:10:26.463+0000] {standard_task_runner.py:84} INFO - Running: ['airflow', 'tasks', 'run', 'import_main_data', 'wait_for_init', 'scheduled__2024-07-05T06:00:00+00:00', '--job-id', '808', '--raw', '--subdir', 'DAGS_FOLDER/import_raw_data.py', '--cfg-path', '/tmp/tmp016zt3sr']
[2024-07-06T18:10:26.465+0000] {standard_task_runner.py:85} INFO - Job 808: Subtask wait_for_init
[2024-07-06T18:10:26.496+0000] {task_command.py:410} INFO - Running <TaskInstance: import_main_data.wait_for_init scheduled__2024-07-05T06:00:00+00:00 [running]> on host f6bf59d3e65b
[2024-07-06T18:10:26.546+0000] {taskinstance.py:1545} INFO - Exporting env vars: AIRFLOW_CTX_DAG_EMAIL='airflow@example.com' AIRFLOW_CTX_DAG_OWNER='airflow' AIRFLOW_CTX_DAG_ID='import_main_data' AIRFLOW_CTX_TASK_ID='wait_for_init' AIRFLOW_CTX_EXECUTION_DATE='2024-07-05T06:00:00+00:00' AIRFLOW_CTX_TRY_NUMBER='1' AIRFLOW_CTX_DAG_RUN_ID='scheduled__2024-07-05T06:00:00+00:00'
[2024-07-06T18:10:26.555+0000] {external_task.py:247} INFO - Poking for DAG 'initialize_etl_environment' on 2024-07-05T06:00:00+00:00 ... 
[2024-07-06T18:10:26.597+0000] {taskinstance.py:1784} INFO - Rescheduling task, marking task as UP_FOR_RESCHEDULE
[2024-07-06T18:10:26.648+0000] {local_task_job_runner.py:225} INFO - Task exited with return code 0
[2024-07-06T18:10:26.661+0000] {taskinstance.py:2651} INFO - 0 downstream tasks scheduled from follow-on schedule check
[2024-07-06T18:11:27.729+0000] {taskinstance.py:1103} INFO - Dependencies all met for dep_context=non-requeueable deps ti=<TaskInstance: import_main_data.wait_for_init scheduled__2024-07-05T06:00:00+00:00 [queued]>
[2024-07-06T18:11:27.732+0000] {taskinstance.py:1103} INFO - Dependencies all met for dep_context=requeueable deps ti=<TaskInstance: import_main_data.wait_for_init scheduled__2024-07-05T06:00:00+00:00 [queued]>
[2024-07-06T18:11:27.733+0000] {taskinstance.py:1308} INFO - Starting attempt 1 of 2
[2024-07-06T18:11:27.737+0000] {taskinstance.py:1327} INFO - Executing <Task(ExternalTaskSensor): wait_for_init> on 2024-07-05 06:00:00+00:00
[2024-07-06T18:11:27.738+0000] {standard_task_runner.py:57} INFO - Started process 691 to run task
[2024-07-06T18:11:27.740+0000] {standard_task_runner.py:84} INFO - Running: ['airflow', 'tasks', 'run', 'import_main_data', 'wait_for_init', 'scheduled__2024-07-05T06:00:00+00:00', '--job-id', '824', '--raw', '--subdir', 'DAGS_FOLDER/import_raw_data.py', '--cfg-path', '/tmp/tmp132lfct8']
[2024-07-06T18:11:27.740+0000] {standard_task_runner.py:85} INFO - Job 824: Subtask wait_for_init
[2024-07-06T18:11:27.761+0000] {task_command.py:410} INFO - Running <TaskInstance: import_main_data.wait_for_init scheduled__2024-07-05T06:00:00+00:00 [running]> on host f6bf59d3e65b
[2024-07-06T18:11:27.793+0000] {taskinstance.py:1545} INFO - Exporting env vars: AIRFLOW_CTX_DAG_EMAIL='airflow@example.com' AIRFLOW_CTX_DAG_OWNER='airflow' AIRFLOW_CTX_DAG_ID='import_main_data' AIRFLOW_CTX_TASK_ID='wait_for_init' AIRFLOW_CTX_EXECUTION_DATE='2024-07-05T06:00:00+00:00' AIRFLOW_CTX_TRY_NUMBER='1' AIRFLOW_CTX_DAG_RUN_ID='scheduled__2024-07-05T06:00:00+00:00'
[2024-07-06T18:11:27.798+0000] {external_task.py:247} INFO - Poking for DAG 'initialize_etl_environment' on 2024-07-05T06:00:00+00:00 ... 
[2024-07-06T18:11:27.809+0000] {taskinstance.py:1784} INFO - Rescheduling task, marking task as UP_FOR_RESCHEDULE
[2024-07-06T18:11:27.839+0000] {local_task_job_runner.py:225} INFO - Task exited with return code 0
[2024-07-06T18:11:27.852+0000] {taskinstance.py:2651} INFO - 0 downstream tasks scheduled from follow-on schedule check
[2024-07-06T18:12:29.193+0000] {taskinstance.py:1103} INFO - Dependencies all met for dep_context=non-requeueable deps ti=<TaskInstance: import_main_data.wait_for_init scheduled__2024-07-05T06:00:00+00:00 [queued]>
[2024-07-06T18:12:29.196+0000] {taskinstance.py:1103} INFO - Dependencies all met for dep_context=requeueable deps ti=<TaskInstance: import_main_data.wait_for_init scheduled__2024-07-05T06:00:00+00:00 [queued]>
[2024-07-06T18:12:29.196+0000] {taskinstance.py:1308} INFO - Starting attempt 1 of 2
[2024-07-06T18:12:29.200+0000] {taskinstance.py:1327} INFO - Executing <Task(ExternalTaskSensor): wait_for_init> on 2024-07-05 06:00:00+00:00
[2024-07-06T18:12:29.201+0000] {standard_task_runner.py:57} INFO - Started process 755 to run task
[2024-07-06T18:12:29.202+0000] {standard_task_runner.py:84} INFO - Running: ['airflow', 'tasks', 'run', 'import_main_data', 'wait_for_init', 'scheduled__2024-07-05T06:00:00+00:00', '--job-id', '840', '--raw', '--subdir', 'DAGS_FOLDER/import_raw_data.py', '--cfg-path', '/tmp/tmpvswwzo8b']
[2024-07-06T18:12:29.203+0000] {standard_task_runner.py:85} INFO - Job 840: Subtask wait_for_init
[2024-07-06T18:12:29.224+0000] {task_command.py:410} INFO - Running <TaskInstance: import_main_data.wait_for_init scheduled__2024-07-05T06:00:00+00:00 [running]> on host f6bf59d3e65b
[2024-07-06T18:12:29.255+0000] {taskinstance.py:1545} INFO - Exporting env vars: AIRFLOW_CTX_DAG_EMAIL='airflow@example.com' AIRFLOW_CTX_DAG_OWNER='airflow' AIRFLOW_CTX_DAG_ID='import_main_data' AIRFLOW_CTX_TASK_ID='wait_for_init' AIRFLOW_CTX_EXECUTION_DATE='2024-07-05T06:00:00+00:00' AIRFLOW_CTX_TRY_NUMBER='1' AIRFLOW_CTX_DAG_RUN_ID='scheduled__2024-07-05T06:00:00+00:00'
[2024-07-06T18:12:29.259+0000] {external_task.py:247} INFO - Poking for DAG 'initialize_etl_environment' on 2024-07-05T06:00:00+00:00 ... 
[2024-07-06T18:12:29.270+0000] {taskinstance.py:1784} INFO - Rescheduling task, marking task as UP_FOR_RESCHEDULE
[2024-07-06T18:12:29.303+0000] {local_task_job_runner.py:225} INFO - Task exited with return code 0
[2024-07-06T18:12:29.315+0000] {taskinstance.py:2651} INFO - 0 downstream tasks scheduled from follow-on schedule check
[2024-07-06T18:13:32.033+0000] {taskinstance.py:1103} INFO - Dependencies all met for dep_context=non-requeueable deps ti=<TaskInstance: import_main_data.wait_for_init scheduled__2024-07-05T06:00:00+00:00 [queued]>
[2024-07-06T18:13:32.036+0000] {taskinstance.py:1103} INFO - Dependencies all met for dep_context=requeueable deps ti=<TaskInstance: import_main_data.wait_for_init scheduled__2024-07-05T06:00:00+00:00 [queued]>
[2024-07-06T18:13:32.036+0000] {taskinstance.py:1308} INFO - Starting attempt 1 of 2
[2024-07-06T18:13:32.040+0000] {taskinstance.py:1327} INFO - Executing <Task(ExternalTaskSensor): wait_for_init> on 2024-07-05 06:00:00+00:00
[2024-07-06T18:13:32.042+0000] {standard_task_runner.py:57} INFO - Started process 819 to run task
[2024-07-06T18:13:32.043+0000] {standard_task_runner.py:84} INFO - Running: ['airflow', 'tasks', 'run', 'import_main_data', 'wait_for_init', 'scheduled__2024-07-05T06:00:00+00:00', '--job-id', '856', '--raw', '--subdir', 'DAGS_FOLDER/import_raw_data.py', '--cfg-path', '/tmp/tmprru9edzn']
[2024-07-06T18:13:32.044+0000] {standard_task_runner.py:85} INFO - Job 856: Subtask wait_for_init
[2024-07-06T18:13:32.067+0000] {task_command.py:410} INFO - Running <TaskInstance: import_main_data.wait_for_init scheduled__2024-07-05T06:00:00+00:00 [running]> on host f6bf59d3e65b
[2024-07-06T18:13:32.102+0000] {taskinstance.py:1545} INFO - Exporting env vars: AIRFLOW_CTX_DAG_EMAIL='airflow@example.com' AIRFLOW_CTX_DAG_OWNER='airflow' AIRFLOW_CTX_DAG_ID='import_main_data' AIRFLOW_CTX_TASK_ID='wait_for_init' AIRFLOW_CTX_EXECUTION_DATE='2024-07-05T06:00:00+00:00' AIRFLOW_CTX_TRY_NUMBER='1' AIRFLOW_CTX_DAG_RUN_ID='scheduled__2024-07-05T06:00:00+00:00'
[2024-07-06T18:13:32.107+0000] {external_task.py:247} INFO - Poking for DAG 'initialize_etl_environment' on 2024-07-05T06:00:00+00:00 ... 
[2024-07-06T18:13:32.119+0000] {taskinstance.py:1784} INFO - Rescheduling task, marking task as UP_FOR_RESCHEDULE
[2024-07-06T18:13:32.142+0000] {local_task_job_runner.py:225} INFO - Task exited with return code 0
[2024-07-06T18:13:32.156+0000] {taskinstance.py:2651} INFO - 0 downstream tasks scheduled from follow-on schedule check
[2024-07-06T18:14:33.647+0000] {taskinstance.py:1103} INFO - Dependencies all met for dep_context=non-requeueable deps ti=<TaskInstance: import_main_data.wait_for_init scheduled__2024-07-05T06:00:00+00:00 [queued]>
[2024-07-06T18:14:33.650+0000] {taskinstance.py:1103} INFO - Dependencies all met for dep_context=requeueable deps ti=<TaskInstance: import_main_data.wait_for_init scheduled__2024-07-05T06:00:00+00:00 [queued]>
[2024-07-06T18:14:33.650+0000] {taskinstance.py:1308} INFO - Starting attempt 1 of 2
[2024-07-06T18:14:33.654+0000] {taskinstance.py:1327} INFO - Executing <Task(ExternalTaskSensor): wait_for_init> on 2024-07-05 06:00:00+00:00
[2024-07-06T18:14:33.655+0000] {standard_task_runner.py:57} INFO - Started process 884 to run task
[2024-07-06T18:14:33.657+0000] {standard_task_runner.py:84} INFO - Running: ['airflow', 'tasks', 'run', 'import_main_data', 'wait_for_init', 'scheduled__2024-07-05T06:00:00+00:00', '--job-id', '872', '--raw', '--subdir', 'DAGS_FOLDER/import_raw_data.py', '--cfg-path', '/tmp/tmp624vwqxu']
[2024-07-06T18:14:33.658+0000] {standard_task_runner.py:85} INFO - Job 872: Subtask wait_for_init
[2024-07-06T18:14:33.678+0000] {task_command.py:410} INFO - Running <TaskInstance: import_main_data.wait_for_init scheduled__2024-07-05T06:00:00+00:00 [running]> on host f6bf59d3e65b
[2024-07-06T18:14:33.710+0000] {taskinstance.py:1545} INFO - Exporting env vars: AIRFLOW_CTX_DAG_EMAIL='airflow@example.com' AIRFLOW_CTX_DAG_OWNER='airflow' AIRFLOW_CTX_DAG_ID='import_main_data' AIRFLOW_CTX_TASK_ID='wait_for_init' AIRFLOW_CTX_EXECUTION_DATE='2024-07-05T06:00:00+00:00' AIRFLOW_CTX_TRY_NUMBER='1' AIRFLOW_CTX_DAG_RUN_ID='scheduled__2024-07-05T06:00:00+00:00'
[2024-07-06T18:14:33.714+0000] {external_task.py:247} INFO - Poking for DAG 'initialize_etl_environment' on 2024-07-05T06:00:00+00:00 ... 
[2024-07-06T18:14:33.726+0000] {taskinstance.py:1784} INFO - Rescheduling task, marking task as UP_FOR_RESCHEDULE
[2024-07-06T18:14:33.756+0000] {local_task_job_runner.py:225} INFO - Task exited with return code 0
[2024-07-06T18:14:33.768+0000] {taskinstance.py:2651} INFO - 0 downstream tasks scheduled from follow-on schedule check
