[2024-06-27T22:36:15.195+0000] {local_task_job_runner.py:120} INFO - ::group::Pre task execution logs
[2024-06-27T22:36:15.205+0000] {taskinstance.py:2076} INFO - Dependencies all met for dep_context=non-requeueable deps ti=<TaskInstance: ecomm_data_pipeline.generate_and_insert_data scheduled__2023-01-01T16:20:00+00:00 [queued]>
[2024-06-27T22:36:15.207+0000] {taskinstance.py:2076} INFO - Dependencies all met for dep_context=requeueable deps ti=<TaskInstance: ecomm_data_pipeline.generate_and_insert_data scheduled__2023-01-01T16:20:00+00:00 [queued]>
[2024-06-27T22:36:15.207+0000] {taskinstance.py:2306} INFO - Starting attempt 1 of 2
[2024-06-27T22:36:15.212+0000] {taskinstance.py:2330} INFO - Executing <Task(PythonOperator): generate_and_insert_data> on 2023-01-01 16:20:00+00:00
[2024-06-27T22:36:15.213+0000] {standard_task_runner.py:63} INFO - Started process 1696 to run task
[2024-06-27T22:36:15.214+0000] {standard_task_runner.py:90} INFO - Running: ['airflow', 'tasks', 'run', 'ecomm_data_pipeline', 'generate_and_insert_data', 'scheduled__2023-01-01T16:20:00+00:00', '--job-id', '117', '--raw', '--subdir', 'DAGS_FOLDER/ecomm_dag.py', '--cfg-path', '/tmp/tmpjbh20sas']
[2024-06-27T22:36:15.215+0000] {standard_task_runner.py:91} INFO - Job 117: Subtask generate_and_insert_data
[2024-06-27T22:36:15.232+0000] {task_command.py:426} INFO - Running <TaskInstance: ecomm_data_pipeline.generate_and_insert_data scheduled__2023-01-01T16:20:00+00:00 [running]> on host 9174587f6b1d
[2024-06-27T22:36:15.260+0000] {taskinstance.py:2648} INFO - Exporting env vars: AIRFLOW_CTX_DAG_OWNER='airflow' AIRFLOW_CTX_DAG_ID='ecomm_data_pipeline' AIRFLOW_CTX_TASK_ID='generate_and_insert_data' AIRFLOW_CTX_EXECUTION_DATE='2023-01-01T16:20:00+00:00' AIRFLOW_CTX_TRY_NUMBER='1' AIRFLOW_CTX_DAG_RUN_ID='scheduled__2023-01-01T16:20:00+00:00'
[2024-06-27T22:36:15.260+0000] {taskinstance.py:430} INFO - ::endgroup::
[2024-06-27T22:36:15.293+0000] {logging_mixin.py:188} INFO - Error in generate_and_insert_data: Command '['python3', './generator/ecomm_generator.py']' returned non-zero exit status 2.
[2024-06-27T22:36:15.293+0000] {python.py:237} INFO - Done. Returned value was: None
[2024-06-27T22:36:15.293+0000] {taskinstance.py:441} INFO - ::group::Post task execution logs
[2024-06-27T22:36:15.298+0000] {taskinstance.py:1206} INFO - Marking task as SUCCESS. dag_id=ecomm_data_pipeline, task_id=generate_and_insert_data, run_id=scheduled__2023-01-01T16:20:00+00:00, execution_date=20230101T162000, start_date=20240627T223615, end_date=20240627T223615
[2024-06-27T22:36:15.317+0000] {local_task_job_runner.py:240} INFO - Task exited with return code 0
[2024-06-27T22:36:15.323+0000] {taskinstance.py:3503} INFO - 0 downstream tasks scheduled from follow-on schedule check
[2024-06-27T22:36:15.324+0000] {local_task_job_runner.py:222} INFO - ::endgroup::
[2024-06-28T18:18:09.933+0000] {local_task_job_runner.py:120} INFO - ::group::Pre task execution logs
[2024-06-28T18:18:09.945+0000] {taskinstance.py:2076} INFO - Dependencies all met for dep_context=non-requeueable deps ti=<TaskInstance: ecomm_data_pipeline.generate_and_insert_data scheduled__2023-01-01T16:20:00+00:00 [queued]>
[2024-06-28T18:18:09.948+0000] {taskinstance.py:2076} INFO - Dependencies all met for dep_context=requeueable deps ti=<TaskInstance: ecomm_data_pipeline.generate_and_insert_data scheduled__2023-01-01T16:20:00+00:00 [queued]>
[2024-06-28T18:18:09.948+0000] {taskinstance.py:2306} INFO - Starting attempt 1 of 2
[2024-06-28T18:18:09.953+0000] {taskinstance.py:2330} INFO - Executing <Task(PythonOperator): generate_and_insert_data> on 2023-01-01 16:20:00+00:00
[2024-06-28T18:18:09.955+0000] {standard_task_runner.py:63} INFO - Started process 2789 to run task
[2024-06-28T18:18:09.956+0000] {standard_task_runner.py:90} INFO - Running: ['airflow', 'tasks', 'run', 'ecomm_data_pipeline', 'generate_and_insert_data', 'scheduled__2023-01-01T16:20:00+00:00', '--job-id', '198', '--raw', '--subdir', 'DAGS_FOLDER/ecomm_dag.py', '--cfg-path', '/tmp/tmpgzhb_0mc']
[2024-06-28T18:18:09.957+0000] {standard_task_runner.py:91} INFO - Job 198: Subtask generate_and_insert_data
[2024-06-28T18:18:09.976+0000] {task_command.py:426} INFO - Running <TaskInstance: ecomm_data_pipeline.generate_and_insert_data scheduled__2023-01-01T16:20:00+00:00 [running]> on host 08cefd381a1f
[2024-06-28T18:18:10.009+0000] {taskinstance.py:2648} INFO - Exporting env vars: AIRFLOW_CTX_DAG_OWNER='airflow' AIRFLOW_CTX_DAG_ID='ecomm_data_pipeline' AIRFLOW_CTX_TASK_ID='generate_and_insert_data' AIRFLOW_CTX_EXECUTION_DATE='2023-01-01T16:20:00+00:00' AIRFLOW_CTX_TRY_NUMBER='1' AIRFLOW_CTX_DAG_RUN_ID='scheduled__2023-01-01T16:20:00+00:00'
[2024-06-28T18:18:10.009+0000] {taskinstance.py:430} INFO - ::endgroup::
[2024-06-28T18:18:10.069+0000] {logging_mixin.py:188} INFO - Error in generate_and_insert_data: Command '['python3', '/opt/airflow/generator/ecomm_generator.py']' returned non-zero exit status 1.
[2024-06-28T18:18:10.069+0000] {logging_mixin.py:188} INFO - stdout: 
[2024-06-28T18:18:10.069+0000] {logging_mixin.py:188} INFO - stderr: Traceback (most recent call last):
  File "/opt/airflow/generator/ecomm_generator.py", line 4, in <module>
    from faker import Faker
ModuleNotFoundError: No module named 'faker'
[2024-06-28T18:18:10.070+0000] {python.py:237} INFO - Done. Returned value was: None
[2024-06-28T18:18:10.070+0000] {taskinstance.py:441} INFO - ::group::Post task execution logs
[2024-06-28T18:18:10.075+0000] {taskinstance.py:1206} INFO - Marking task as SUCCESS. dag_id=ecomm_data_pipeline, task_id=generate_and_insert_data, run_id=scheduled__2023-01-01T16:20:00+00:00, execution_date=20230101T162000, start_date=20240628T181809, end_date=20240628T181810
[2024-06-28T18:18:10.097+0000] {local_task_job_runner.py:240} INFO - Task exited with return code 0
[2024-06-28T18:18:10.105+0000] {taskinstance.py:3503} INFO - 0 downstream tasks scheduled from follow-on schedule check
[2024-06-28T18:18:10.105+0000] {local_task_job_runner.py:222} INFO - ::endgroup::
