[2024-06-27T22:37:03.251+0000] {local_task_job_runner.py:120} INFO - ::group::Pre task execution logs
[2024-06-27T22:37:03.261+0000] {taskinstance.py:2076} INFO - Dependencies all met for dep_context=non-requeueable deps ti=<TaskInstance: ecomm_data_pipeline.generate_and_insert_data scheduled__2023-01-01T20:30:00+00:00 [queued]>
[2024-06-27T22:37:03.264+0000] {taskinstance.py:2076} INFO - Dependencies all met for dep_context=requeueable deps ti=<TaskInstance: ecomm_data_pipeline.generate_and_insert_data scheduled__2023-01-01T20:30:00+00:00 [queued]>
[2024-06-27T22:37:03.264+0000] {taskinstance.py:2306} INFO - Starting attempt 1 of 2
[2024-06-27T22:37:03.268+0000] {taskinstance.py:2330} INFO - Executing <Task(PythonOperator): generate_and_insert_data> on 2023-01-01 20:30:00+00:00
[2024-06-27T22:37:03.270+0000] {standard_task_runner.py:63} INFO - Started process 2066 to run task
[2024-06-27T22:37:03.271+0000] {standard_task_runner.py:90} INFO - Running: ['airflow', 'tasks', 'run', 'ecomm_data_pipeline', 'generate_and_insert_data', 'scheduled__2023-01-01T20:30:00+00:00', '--job-id', '142', '--raw', '--subdir', 'DAGS_FOLDER/ecomm_dag.py', '--cfg-path', '/tmp/tmp3c6kyjwu']
[2024-06-27T22:37:03.272+0000] {standard_task_runner.py:91} INFO - Job 142: Subtask generate_and_insert_data
[2024-06-27T22:37:03.288+0000] {task_command.py:426} INFO - Running <TaskInstance: ecomm_data_pipeline.generate_and_insert_data scheduled__2023-01-01T20:30:00+00:00 [running]> on host 9174587f6b1d
[2024-06-27T22:37:03.316+0000] {taskinstance.py:2648} INFO - Exporting env vars: AIRFLOW_CTX_DAG_OWNER='airflow' AIRFLOW_CTX_DAG_ID='ecomm_data_pipeline' AIRFLOW_CTX_TASK_ID='generate_and_insert_data' AIRFLOW_CTX_EXECUTION_DATE='2023-01-01T20:30:00+00:00' AIRFLOW_CTX_TRY_NUMBER='1' AIRFLOW_CTX_DAG_RUN_ID='scheduled__2023-01-01T20:30:00+00:00'
[2024-06-27T22:37:03.316+0000] {taskinstance.py:430} INFO - ::endgroup::
[2024-06-27T22:37:03.349+0000] {logging_mixin.py:188} INFO - Error in generate_and_insert_data: Command '['python3', './generator/ecomm_generator.py']' returned non-zero exit status 2.
[2024-06-27T22:37:03.350+0000] {python.py:237} INFO - Done. Returned value was: None
[2024-06-27T22:37:03.350+0000] {taskinstance.py:441} INFO - ::group::Post task execution logs
[2024-06-27T22:37:03.355+0000] {taskinstance.py:1206} INFO - Marking task as SUCCESS. dag_id=ecomm_data_pipeline, task_id=generate_and_insert_data, run_id=scheduled__2023-01-01T20:30:00+00:00, execution_date=20230101T203000, start_date=20240627T223703, end_date=20240627T223703
[2024-06-27T22:37:03.371+0000] {local_task_job_runner.py:240} INFO - Task exited with return code 0
[2024-06-27T22:37:03.377+0000] {taskinstance.py:3503} INFO - 0 downstream tasks scheduled from follow-on schedule check
[2024-06-27T22:37:03.378+0000] {local_task_job_runner.py:222} INFO - ::endgroup::
[2024-06-29T21:40:29.454+0000] {local_task_job_runner.py:120} INFO - ::group::Pre task execution logs
[2024-06-29T21:40:29.463+0000] {taskinstance.py:2076} INFO - Dependencies all met for dep_context=non-requeueable deps ti=<TaskInstance: ecomm_data_pipeline.generate_and_insert_data scheduled__2023-01-01T20:30:00+00:00 [queued]>
[2024-06-29T21:40:29.466+0000] {taskinstance.py:2076} INFO - Dependencies all met for dep_context=requeueable deps ti=<TaskInstance: ecomm_data_pipeline.generate_and_insert_data scheduled__2023-01-01T20:30:00+00:00 [queued]>
[2024-06-29T21:40:29.466+0000] {taskinstance.py:2306} INFO - Starting attempt 1 of 2
[2024-06-29T21:40:29.470+0000] {taskinstance.py:2330} INFO - Executing <Task(PythonOperator): generate_and_insert_data> on 2023-01-01 20:30:00+00:00
[2024-06-29T21:40:29.472+0000] {standard_task_runner.py:63} INFO - Started process 1826 to run task
[2024-06-29T21:40:29.473+0000] {standard_task_runner.py:90} INFO - Running: ['airflow', 'tasks', 'run', 'ecomm_data_pipeline', 'generate_and_insert_data', 'scheduled__2023-01-01T20:30:00+00:00', '--job-id', '125', '--raw', '--subdir', 'DAGS_FOLDER/ecomm_dag.py', '--cfg-path', '/tmp/tmpbis8ssp4']
[2024-06-29T21:40:29.474+0000] {standard_task_runner.py:91} INFO - Job 125: Subtask generate_and_insert_data
[2024-06-29T21:40:29.492+0000] {task_command.py:426} INFO - Running <TaskInstance: ecomm_data_pipeline.generate_and_insert_data scheduled__2023-01-01T20:30:00+00:00 [running]> on host afcb6fbf9265
[2024-06-29T21:40:29.523+0000] {taskinstance.py:2648} INFO - Exporting env vars: AIRFLOW_CTX_DAG_OWNER='airflow' AIRFLOW_CTX_DAG_ID='ecomm_data_pipeline' AIRFLOW_CTX_TASK_ID='generate_and_insert_data' AIRFLOW_CTX_EXECUTION_DATE='2023-01-01T20:30:00+00:00' AIRFLOW_CTX_TRY_NUMBER='1' AIRFLOW_CTX_DAG_RUN_ID='scheduled__2023-01-01T20:30:00+00:00'
[2024-06-29T21:40:29.524+0000] {taskinstance.py:430} INFO - ::endgroup::
[2024-06-29T21:40:29.583+0000] {logging_mixin.py:188} INFO - Error in generate_and_insert_data: Command '['python3', '/opt/airflow/generator/ecomm_generator.py']' returned non-zero exit status 1.
[2024-06-29T21:40:29.583+0000] {logging_mixin.py:188} INFO - stdout: 
[2024-06-29T21:40:29.584+0000] {logging_mixin.py:188} INFO - stderr: Traceback (most recent call last):
  File "/opt/airflow/generator/ecomm_generator.py", line 4, in <module>
    from faker import Faker
ModuleNotFoundError: No module named 'faker'
[2024-06-29T21:40:29.584+0000] {python.py:237} INFO - Done. Returned value was: None
[2024-06-29T21:40:29.584+0000] {taskinstance.py:441} INFO - ::group::Post task execution logs
[2024-06-29T21:40:29.589+0000] {taskinstance.py:1206} INFO - Marking task as SUCCESS. dag_id=ecomm_data_pipeline, task_id=generate_and_insert_data, run_id=scheduled__2023-01-01T20:30:00+00:00, execution_date=20230101T203000, start_date=20240629T214029, end_date=20240629T214029
[2024-06-29T21:40:29.615+0000] {local_task_job_runner.py:240} INFO - Task exited with return code 0
[2024-06-29T21:40:29.622+0000] {taskinstance.py:3503} INFO - 0 downstream tasks scheduled from follow-on schedule check
[2024-06-29T21:40:29.622+0000] {local_task_job_runner.py:222} INFO - ::endgroup::
[2024-06-29T22:04:17.905+0000] {local_task_job_runner.py:120} INFO - ::group::Pre task execution logs
[2024-06-29T22:04:17.915+0000] {taskinstance.py:2076} INFO - Dependencies all met for dep_context=non-requeueable deps ti=<TaskInstance: ecomm_data_pipeline.generate_and_insert_data scheduled__2023-01-01T20:30:00+00:00 [queued]>
[2024-06-29T22:04:17.917+0000] {taskinstance.py:2076} INFO - Dependencies all met for dep_context=requeueable deps ti=<TaskInstance: ecomm_data_pipeline.generate_and_insert_data scheduled__2023-01-01T20:30:00+00:00 [queued]>
[2024-06-29T22:04:17.917+0000] {taskinstance.py:2306} INFO - Starting attempt 1 of 2
[2024-06-29T22:04:17.922+0000] {taskinstance.py:2330} INFO - Executing <Task(PythonOperator): generate_and_insert_data> on 2023-01-01 20:30:00+00:00
[2024-06-29T22:04:17.924+0000] {standard_task_runner.py:63} INFO - Started process 1826 to run task
[2024-06-29T22:04:17.925+0000] {standard_task_runner.py:90} INFO - Running: ['airflow', 'tasks', 'run', 'ecomm_data_pipeline', 'generate_and_insert_data', 'scheduled__2023-01-01T20:30:00+00:00', '--job-id', '125', '--raw', '--subdir', 'DAGS_FOLDER/ecomm_dag.py', '--cfg-path', '/tmp/tmpdcpwzqo3']
[2024-06-29T22:04:17.925+0000] {standard_task_runner.py:91} INFO - Job 125: Subtask generate_and_insert_data
[2024-06-29T22:04:17.942+0000] {task_command.py:426} INFO - Running <TaskInstance: ecomm_data_pipeline.generate_and_insert_data scheduled__2023-01-01T20:30:00+00:00 [running]> on host 799998b0d26e
[2024-06-29T22:04:17.971+0000] {taskinstance.py:2648} INFO - Exporting env vars: AIRFLOW_CTX_DAG_OWNER='airflow' AIRFLOW_CTX_DAG_ID='ecomm_data_pipeline' AIRFLOW_CTX_TASK_ID='generate_and_insert_data' AIRFLOW_CTX_EXECUTION_DATE='2023-01-01T20:30:00+00:00' AIRFLOW_CTX_TRY_NUMBER='1' AIRFLOW_CTX_DAG_RUN_ID='scheduled__2023-01-01T20:30:00+00:00'
[2024-06-29T22:04:17.972+0000] {taskinstance.py:430} INFO - ::endgroup::
[2024-06-29T22:04:18.028+0000] {logging_mixin.py:188} INFO - Error in generate_and_insert_data: Command '['python3', '/opt/airflow/generator/ecomm_generator.py']' returned non-zero exit status 1.
[2024-06-29T22:04:18.028+0000] {logging_mixin.py:188} INFO - stdout: 
[2024-06-29T22:04:18.028+0000] {logging_mixin.py:188} INFO - stderr: Traceback (most recent call last):
  File "/opt/airflow/generator/ecomm_generator.py", line 4, in <module>
    from faker import Faker
ModuleNotFoundError: No module named 'faker'
[2024-06-29T22:04:18.029+0000] {python.py:237} INFO - Done. Returned value was: None
[2024-06-29T22:04:18.029+0000] {taskinstance.py:441} INFO - ::group::Post task execution logs
[2024-06-29T22:04:18.034+0000] {taskinstance.py:1206} INFO - Marking task as SUCCESS. dag_id=ecomm_data_pipeline, task_id=generate_and_insert_data, run_id=scheduled__2023-01-01T20:30:00+00:00, execution_date=20230101T203000, start_date=20240629T220417, end_date=20240629T220418
[2024-06-29T22:04:18.069+0000] {local_task_job_runner.py:240} INFO - Task exited with return code 0
[2024-06-29T22:04:18.076+0000] {taskinstance.py:3503} INFO - 0 downstream tasks scheduled from follow-on schedule check
[2024-06-29T22:04:18.076+0000] {local_task_job_runner.py:222} INFO - ::endgroup::
