[2024-07-03T23:49:38.591+0000] {taskinstance.py:1103} INFO - Dependencies all met for dep_context=non-requeueable deps ti=<TaskInstance: marketing_generator.inser_email_marketing scheduled__2024-07-02T10:00:00+00:00 [queued]>
[2024-07-03T23:49:38.594+0000] {taskinstance.py:1103} INFO - Dependencies all met for dep_context=requeueable deps ti=<TaskInstance: marketing_generator.inser_email_marketing scheduled__2024-07-02T10:00:00+00:00 [queued]>
[2024-07-03T23:49:38.594+0000] {taskinstance.py:1308} INFO - Starting attempt 1 of 2
[2024-07-03T23:49:38.598+0000] {taskinstance.py:1327} INFO - Executing <Task(PythonOperator): inser_email_marketing> on 2024-07-02 10:00:00+00:00
[2024-07-03T23:49:38.600+0000] {standard_task_runner.py:57} INFO - Started process 804 to run task
[2024-07-03T23:49:38.601+0000] {standard_task_runner.py:84} INFO - Running: ['airflow', 'tasks', 'run', 'marketing_generator', 'inser_email_marketing', 'scheduled__2024-07-02T10:00:00+00:00', '--job-id', '568', '--raw', '--subdir', 'DAGS_FOLDER/marketing_generator_dag.py', '--cfg-path', '/tmp/tmpivi3ymy7']
[2024-07-03T23:49:38.602+0000] {standard_task_runner.py:85} INFO - Job 568: Subtask inser_email_marketing
[2024-07-03T23:49:38.622+0000] {task_command.py:410} INFO - Running <TaskInstance: marketing_generator.inser_email_marketing scheduled__2024-07-02T10:00:00+00:00 [running]> on host a4053733dbc4
[2024-07-03T23:49:38.655+0000] {taskinstance.py:1545} INFO - Exporting env vars: AIRFLOW_CTX_DAG_OWNER='airflow' AIRFLOW_CTX_DAG_ID='marketing_generator' AIRFLOW_CTX_TASK_ID='inser_email_marketing' AIRFLOW_CTX_EXECUTION_DATE='2024-07-02T10:00:00+00:00' AIRFLOW_CTX_TRY_NUMBER='1' AIRFLOW_CTX_DAG_RUN_ID='scheduled__2024-07-02T10:00:00+00:00'
[2024-07-03T23:49:38.656+0000] {logging_mixin.py:149} INFO - Inserting data into email_marketing from /opt/airflow/generator/fake_email_marketing_data.json...
[2024-07-03T23:49:38.658+0000] {logging_mixin.py:149} INFO - Error inserting data into email_marketing: column "received" is of type boolean but expression is of type integer
LINE 2: ...es.com', 'Upgradable transitional collaboration', 1, 1, 0, 5...
                                                             ^
HINT:  You will need to rewrite or cast the expression.
[2024-07-03T23:49:38.659+0000] {taskinstance.py:1824} ERROR - Task failed with exception
Traceback (most recent call last):
  File "/home/airflow/.local/lib/python3.9/site-packages/airflow/operators/python.py", line 181, in execute
    return_value = self.execute_callable()
  File "/home/airflow/.local/lib/python3.9/site-packages/airflow/operators/python.py", line 198, in execute_callable
    return self.python_callable(*self.op_args, **self.op_kwargs)
  File "/opt/airflow/dags/marketing_generator_dag.py", line 66, in insert_email_marketing
    insert_data("/opt/airflow/generator/fake_email_marketing_data.json", "email_marketing", insert_email_marketing_query)
  File "/opt/airflow/dags/marketing_generator_dag.py", line 60, in insert_data
    raise e
  File "/opt/airflow/dags/marketing_generator_dag.py", line 52, in insert_data
    cursor.execute(insert_query, tuple(record.values()))
psycopg2.errors.DatatypeMismatch: column "received" is of type boolean but expression is of type integer
LINE 2: ...es.com', 'Upgradable transitional collaboration', 1, 1, 0, 5...
                                                             ^
HINT:  You will need to rewrite or cast the expression.

[2024-07-03T23:49:38.663+0000] {taskinstance.py:1345} INFO - Marking task as UP_FOR_RETRY. dag_id=marketing_generator, task_id=inser_email_marketing, execution_date=20240702T100000, start_date=20240703T234938, end_date=20240703T234938
[2024-07-03T23:49:38.667+0000] {standard_task_runner.py:104} ERROR - Failed to execute job 568 for task inser_email_marketing (column "received" is of type boolean but expression is of type integer
LINE 2: ...es.com', 'Upgradable transitional collaboration', 1, 1, 0, 5...
                                                             ^
HINT:  You will need to rewrite or cast the expression.
; 804)
[2024-07-03T23:49:38.701+0000] {local_task_job_runner.py:225} INFO - Task exited with return code 1
[2024-07-03T23:49:38.709+0000] {taskinstance.py:2651} INFO - 0 downstream tasks scheduled from follow-on schedule check
