[2024-07-02T22:55:04.631+0000] {taskinstance.py:1103} INFO - Dependencies all met for dep_context=non-requeueable deps ti=<TaskInstance: ecomm_data_pipeline.generate_data scheduled__2024-07-02T01:20:00+00:00 [queued]>
[2024-07-02T22:55:04.634+0000] {taskinstance.py:1103} INFO - Dependencies all met for dep_context=requeueable deps ti=<TaskInstance: ecomm_data_pipeline.generate_data scheduled__2024-07-02T01:20:00+00:00 [queued]>
[2024-07-02T22:55:04.634+0000] {taskinstance.py:1308} INFO - Starting attempt 1 of 2
[2024-07-02T22:55:04.638+0000] {taskinstance.py:1327} INFO - Executing <Task(PythonOperator): generate_data> on 2024-07-02 01:20:00+00:00
[2024-07-02T22:55:04.640+0000] {standard_task_runner.py:57} INFO - Started process 47 to run task
[2024-07-02T22:55:04.641+0000] {standard_task_runner.py:84} INFO - Running: ['airflow', 'tasks', 'run', 'ecomm_data_pipeline', 'generate_data', 'scheduled__2024-07-02T01:20:00+00:00', '--job-id', '64', '--raw', '--subdir', 'DAGS_FOLDER/ecomm_dag.py', '--cfg-path', '/tmp/tmpoj92lnp9']
[2024-07-02T22:55:04.642+0000] {standard_task_runner.py:85} INFO - Job 64: Subtask generate_data
[2024-07-02T22:55:04.660+0000] {task_command.py:410} INFO - Running <TaskInstance: ecomm_data_pipeline.generate_data scheduled__2024-07-02T01:20:00+00:00 [running]> on host 5b8fb0180af8
[2024-07-02T22:55:04.693+0000] {taskinstance.py:1545} INFO - Exporting env vars: AIRFLOW_CTX_DAG_OWNER='airflow' AIRFLOW_CTX_DAG_ID='ecomm_data_pipeline' AIRFLOW_CTX_TASK_ID='generate_data' AIRFLOW_CTX_EXECUTION_DATE='2024-07-02T01:20:00+00:00' AIRFLOW_CTX_TRY_NUMBER='1' AIRFLOW_CTX_DAG_RUN_ID='scheduled__2024-07-02T01:20:00+00:00'
[2024-07-02T22:55:04.918+0000] {local_task_job_runner.py:225} INFO - Task exited with return code 1
[2024-07-02T22:55:04.927+0000] {taskinstance.py:2651} INFO - 0 downstream tasks scheduled from follow-on schedule check
[2024-07-03T00:10:37.245+0000] {taskinstance.py:1103} INFO - Dependencies all met for dep_context=non-requeueable deps ti=<TaskInstance: ecomm_data_pipeline.generate_data scheduled__2024-07-02T01:20:00+00:00 [queued]>
[2024-07-03T00:10:37.249+0000] {taskinstance.py:1103} INFO - Dependencies all met for dep_context=requeueable deps ti=<TaskInstance: ecomm_data_pipeline.generate_data scheduled__2024-07-02T01:20:00+00:00 [queued]>
[2024-07-03T00:10:37.249+0000] {taskinstance.py:1308} INFO - Starting attempt 1 of 2
[2024-07-03T00:10:37.253+0000] {taskinstance.py:1327} INFO - Executing <Task(PythonOperator): generate_data> on 2024-07-02 01:20:00+00:00
[2024-07-03T00:10:37.254+0000] {standard_task_runner.py:57} INFO - Started process 121 to run task
[2024-07-03T00:10:37.256+0000] {standard_task_runner.py:84} INFO - Running: ['airflow', 'tasks', 'run', 'ecomm_data_pipeline', 'generate_data', 'scheduled__2024-07-02T01:20:00+00:00', '--job-id', '127', '--raw', '--subdir', 'DAGS_FOLDER/ecomm_dag.py', '--cfg-path', '/tmp/tmp6b0026_5']
[2024-07-03T00:10:37.256+0000] {standard_task_runner.py:85} INFO - Job 127: Subtask generate_data
[2024-07-03T00:10:37.275+0000] {task_command.py:410} INFO - Running <TaskInstance: ecomm_data_pipeline.generate_data scheduled__2024-07-02T01:20:00+00:00 [running]> on host a91436ab9950
[2024-07-03T00:10:37.308+0000] {taskinstance.py:1545} INFO - Exporting env vars: AIRFLOW_CTX_DAG_OWNER='airflow' AIRFLOW_CTX_DAG_ID='ecomm_data_pipeline' AIRFLOW_CTX_TASK_ID='generate_data' AIRFLOW_CTX_EXECUTION_DATE='2024-07-02T01:20:00+00:00' AIRFLOW_CTX_TRY_NUMBER='1' AIRFLOW_CTX_DAG_RUN_ID='scheduled__2024-07-02T01:20:00+00:00'
[2024-07-03T00:10:37.308+0000] {logging_mixin.py:149} INFO - Running data generation script...
[2024-07-03T00:10:37.694+0000] {logging_mixin.py:149} INFO - 2024-07-03 00:10:37,480 - INFO - Generating fake user data...
2024-07-03 00:10:37,506 - INFO - Generated 87 users.
2024-07-03 00:10:37,506 - INFO - Generating fake clickstream events...
2024-07-03 00:10:37,508 - INFO - Generated 100 clickstream events.
2024-07-03 00:10:37,508 - INFO - Generating fake transaction data...
2024-07-03 00:10:37,508 - INFO - Generated 48 transaction data records.
2024-07-03 00:10:37,508 - INFO - Generating fake Google Search marketing data...
2024-07-03 00:10:37,527 - INFO - Generated 1000 Google Search marketing data records.
2024-07-03 00:10:37,527 - INFO - Generating fake Email Marketing data...
2024-07-03 00:10:37,641 - INFO - Generated 1000 Email Marketing data records.
2024-07-03 00:10:37,641 - INFO - Generating fake Facebook data...
2024-07-03 00:10:37,657 - INFO - Generated 1000 Facebook data records.
2024-07-03 00:10:37,657 - INFO - Writing generated data to JSON files...
2024-07-03 00:10:37,687 - INFO - Data generation complete. Sleeping for 10 minutes...
[2024-07-03T00:10:37.694+0000] {python.py:183} INFO - Done. Returned value was: None
[2024-07-03T00:10:37.700+0000] {taskinstance.py:1345} INFO - Marking task as SUCCESS. dag_id=ecomm_data_pipeline, task_id=generate_data, execution_date=20240702T012000, start_date=20240703T001037, end_date=20240703T001037
[2024-07-03T00:10:37.706+0000] {local_task_job_runner.py:225} INFO - Task exited with return code 0
[2024-07-03T00:10:37.716+0000] {taskinstance.py:2651} INFO - 6 downstream tasks scheduled from follow-on schedule check
