[2024-06-27T22:33:15.043+0000] {local_task_job_runner.py:120} INFO - ::group::Pre task execution logs
[2024-06-27T22:33:15.054+0000] {taskinstance.py:2076} INFO - Dependencies all met for dep_context=non-requeueable deps ti=<TaskInstance: example_dag.generate_and_insert_data scheduled__2023-01-01T01:20:00+00:00 [queued]>
[2024-06-27T22:33:15.057+0000] {taskinstance.py:2076} INFO - Dependencies all met for dep_context=requeueable deps ti=<TaskInstance: example_dag.generate_and_insert_data scheduled__2023-01-01T01:20:00+00:00 [queued]>
[2024-06-27T22:33:15.057+0000] {taskinstance.py:2306} INFO - Starting attempt 1 of 2
[2024-06-27T22:33:15.062+0000] {taskinstance.py:2330} INFO - Executing <Task(PythonOperator): generate_and_insert_data> on 2023-01-01 01:20:00+00:00
[2024-06-27T22:33:15.064+0000] {standard_task_runner.py:63} INFO - Started process 281 to run task
[2024-06-27T22:33:15.065+0000] {standard_task_runner.py:90} INFO - Running: ['airflow', 'tasks', 'run', 'example_dag', 'generate_and_insert_data', 'scheduled__2023-01-01T01:20:00+00:00', '--job-id', '19', '--raw', '--subdir', 'DAGS_FOLDER/example_dag.py', '--cfg-path', '/tmp/tmpttpovd56']
[2024-06-27T22:33:15.066+0000] {standard_task_runner.py:91} INFO - Job 19: Subtask generate_and_insert_data
[2024-06-27T22:33:15.086+0000] {task_command.py:426} INFO - Running <TaskInstance: example_dag.generate_and_insert_data scheduled__2023-01-01T01:20:00+00:00 [running]> on host 9174587f6b1d
[2024-06-27T22:33:15.120+0000] {taskinstance.py:2648} INFO - Exporting env vars: AIRFLOW_CTX_DAG_OWNER='airflow' AIRFLOW_CTX_DAG_ID='example_dag' AIRFLOW_CTX_TASK_ID='generate_and_insert_data' AIRFLOW_CTX_EXECUTION_DATE='2023-01-01T01:20:00+00:00' AIRFLOW_CTX_TRY_NUMBER='1' AIRFLOW_CTX_DAG_RUN_ID='scheduled__2023-01-01T01:20:00+00:00'
[2024-06-27T22:33:15.121+0000] {taskinstance.py:430} INFO - ::endgroup::
[2024-06-27T22:33:15.126+0000] {python.py:237} INFO - Done. Returned value was: None
[2024-06-27T22:33:15.126+0000] {taskinstance.py:441} INFO - ::group::Post task execution logs
[2024-06-27T22:33:15.131+0000] {taskinstance.py:1206} INFO - Marking task as SUCCESS. dag_id=example_dag, task_id=generate_and_insert_data, run_id=scheduled__2023-01-01T01:20:00+00:00, execution_date=20230101T012000, start_date=20240627T223315, end_date=20240627T223315
[2024-06-27T22:33:15.168+0000] {local_task_job_runner.py:240} INFO - Task exited with return code 0
[2024-06-27T22:33:15.174+0000] {taskinstance.py:3503} INFO - 0 downstream tasks scheduled from follow-on schedule check
[2024-06-27T22:33:15.175+0000] {local_task_job_runner.py:222} INFO - ::endgroup::
[2024-06-27T22:52:05.087+0000] {local_task_job_runner.py:120} INFO - ::group::Pre task execution logs
[2024-06-27T22:52:05.097+0000] {taskinstance.py:2076} INFO - Dependencies all met for dep_context=non-requeueable deps ti=<TaskInstance: example_dag.generate_and_insert_data scheduled__2023-01-01T01:20:00+00:00 [queued]>
[2024-06-27T22:52:05.100+0000] {taskinstance.py:2076} INFO - Dependencies all met for dep_context=requeueable deps ti=<TaskInstance: example_dag.generate_and_insert_data scheduled__2023-01-01T01:20:00+00:00 [queued]>
[2024-06-27T22:52:05.100+0000] {taskinstance.py:2306} INFO - Starting attempt 1 of 2
[2024-06-27T22:52:05.105+0000] {taskinstance.py:2330} INFO - Executing <Task(PythonOperator): generate_and_insert_data> on 2023-01-01 01:20:00+00:00
[2024-06-27T22:52:05.107+0000] {standard_task_runner.py:63} INFO - Started process 281 to run task
[2024-06-27T22:52:05.108+0000] {standard_task_runner.py:90} INFO - Running: ['airflow', 'tasks', 'run', 'example_dag', 'generate_and_insert_data', 'scheduled__2023-01-01T01:20:00+00:00', '--job-id', '19', '--raw', '--subdir', 'DAGS_FOLDER/example_dag.py', '--cfg-path', '/tmp/tmpqdhh31nb']
[2024-06-27T22:52:05.109+0000] {standard_task_runner.py:91} INFO - Job 19: Subtask generate_and_insert_data
[2024-06-27T22:52:05.129+0000] {task_command.py:426} INFO - Running <TaskInstance: example_dag.generate_and_insert_data scheduled__2023-01-01T01:20:00+00:00 [running]> on host a70edf9d8581
[2024-06-27T22:52:05.161+0000] {taskinstance.py:2648} INFO - Exporting env vars: AIRFLOW_CTX_DAG_OWNER='airflow' AIRFLOW_CTX_DAG_ID='example_dag' AIRFLOW_CTX_TASK_ID='generate_and_insert_data' AIRFLOW_CTX_EXECUTION_DATE='2023-01-01T01:20:00+00:00' AIRFLOW_CTX_TRY_NUMBER='1' AIRFLOW_CTX_DAG_RUN_ID='scheduled__2023-01-01T01:20:00+00:00'
[2024-06-27T22:52:05.162+0000] {taskinstance.py:430} INFO - ::endgroup::
[2024-06-27T22:52:05.167+0000] {python.py:237} INFO - Done. Returned value was: None
[2024-06-27T22:52:05.167+0000] {taskinstance.py:441} INFO - ::group::Post task execution logs
[2024-06-27T22:52:05.173+0000] {taskinstance.py:1206} INFO - Marking task as SUCCESS. dag_id=example_dag, task_id=generate_and_insert_data, run_id=scheduled__2023-01-01T01:20:00+00:00, execution_date=20230101T012000, start_date=20240627T225205, end_date=20240627T225205
[2024-06-27T22:52:05.208+0000] {local_task_job_runner.py:240} INFO - Task exited with return code 0
[2024-06-27T22:52:05.216+0000] {taskinstance.py:3503} INFO - 0 downstream tasks scheduled from follow-on schedule check
[2024-06-27T22:52:05.216+0000] {local_task_job_runner.py:222} INFO - ::endgroup::
[2024-06-27T22:59:48.685+0000] {local_task_job_runner.py:120} INFO - ::group::Pre task execution logs
[2024-06-27T22:59:48.696+0000] {taskinstance.py:2076} INFO - Dependencies all met for dep_context=non-requeueable deps ti=<TaskInstance: example_dag.generate_and_insert_data scheduled__2023-01-01T01:20:00+00:00 [queued]>
[2024-06-27T22:59:48.699+0000] {taskinstance.py:2076} INFO - Dependencies all met for dep_context=requeueable deps ti=<TaskInstance: example_dag.generate_and_insert_data scheduled__2023-01-01T01:20:00+00:00 [queued]>
[2024-06-27T22:59:48.699+0000] {taskinstance.py:2306} INFO - Starting attempt 1 of 2
[2024-06-27T22:59:48.704+0000] {taskinstance.py:2330} INFO - Executing <Task(PythonOperator): generate_and_insert_data> on 2023-01-01 01:20:00+00:00
[2024-06-27T22:59:48.706+0000] {standard_task_runner.py:63} INFO - Started process 281 to run task
[2024-06-27T22:59:48.707+0000] {standard_task_runner.py:90} INFO - Running: ['airflow', 'tasks', 'run', 'example_dag', 'generate_and_insert_data', 'scheduled__2023-01-01T01:20:00+00:00', '--job-id', '19', '--raw', '--subdir', 'DAGS_FOLDER/example_dag.py', '--cfg-path', '/tmp/tmpmc19h9vs']
[2024-06-27T22:59:48.708+0000] {standard_task_runner.py:91} INFO - Job 19: Subtask generate_and_insert_data
[2024-06-27T22:59:48.728+0000] {task_command.py:426} INFO - Running <TaskInstance: example_dag.generate_and_insert_data scheduled__2023-01-01T01:20:00+00:00 [running]> on host 5cc71d4b298c
[2024-06-27T22:59:48.762+0000] {taskinstance.py:2648} INFO - Exporting env vars: AIRFLOW_CTX_DAG_OWNER='airflow' AIRFLOW_CTX_DAG_ID='example_dag' AIRFLOW_CTX_TASK_ID='generate_and_insert_data' AIRFLOW_CTX_EXECUTION_DATE='2023-01-01T01:20:00+00:00' AIRFLOW_CTX_TRY_NUMBER='1' AIRFLOW_CTX_DAG_RUN_ID='scheduled__2023-01-01T01:20:00+00:00'
[2024-06-27T22:59:48.762+0000] {taskinstance.py:430} INFO - ::endgroup::
[2024-06-27T22:59:48.767+0000] {python.py:237} INFO - Done. Returned value was: None
[2024-06-27T22:59:48.768+0000] {taskinstance.py:441} INFO - ::group::Post task execution logs
[2024-06-27T22:59:48.773+0000] {taskinstance.py:1206} INFO - Marking task as SUCCESS. dag_id=example_dag, task_id=generate_and_insert_data, run_id=scheduled__2023-01-01T01:20:00+00:00, execution_date=20230101T012000, start_date=20240627T225948, end_date=20240627T225948
[2024-06-27T22:59:48.807+0000] {local_task_job_runner.py:240} INFO - Task exited with return code 0
[2024-06-27T22:59:48.815+0000] {taskinstance.py:3503} INFO - 0 downstream tasks scheduled from follow-on schedule check
[2024-06-27T22:59:48.815+0000] {local_task_job_runner.py:222} INFO - ::endgroup::
[2024-06-27T23:09:27.951+0000] {local_task_job_runner.py:120} INFO - ::group::Pre task execution logs
[2024-06-27T23:09:27.961+0000] {taskinstance.py:2076} INFO - Dependencies all met for dep_context=non-requeueable deps ti=<TaskInstance: example_dag.generate_and_insert_data scheduled__2023-01-01T01:20:00+00:00 [queued]>
[2024-06-27T23:09:27.964+0000] {taskinstance.py:2076} INFO - Dependencies all met for dep_context=requeueable deps ti=<TaskInstance: example_dag.generate_and_insert_data scheduled__2023-01-01T01:20:00+00:00 [queued]>
[2024-06-27T23:09:27.964+0000] {taskinstance.py:2306} INFO - Starting attempt 1 of 2
[2024-06-27T23:09:27.969+0000] {taskinstance.py:2330} INFO - Executing <Task(PythonOperator): generate_and_insert_data> on 2023-01-01 01:20:00+00:00
[2024-06-27T23:09:27.970+0000] {standard_task_runner.py:63} INFO - Started process 281 to run task
[2024-06-27T23:09:27.972+0000] {standard_task_runner.py:90} INFO - Running: ['airflow', 'tasks', 'run', 'example_dag', 'generate_and_insert_data', 'scheduled__2023-01-01T01:20:00+00:00', '--job-id', '19', '--raw', '--subdir', 'DAGS_FOLDER/example_dag.py', '--cfg-path', '/tmp/tmpgpajkftc']
[2024-06-27T23:09:27.973+0000] {standard_task_runner.py:91} INFO - Job 19: Subtask generate_and_insert_data
[2024-06-27T23:09:27.992+0000] {task_command.py:426} INFO - Running <TaskInstance: example_dag.generate_and_insert_data scheduled__2023-01-01T01:20:00+00:00 [running]> on host 7147f8a4dc9f
[2024-06-27T23:09:28.024+0000] {taskinstance.py:2648} INFO - Exporting env vars: AIRFLOW_CTX_DAG_OWNER='airflow' AIRFLOW_CTX_DAG_ID='example_dag' AIRFLOW_CTX_TASK_ID='generate_and_insert_data' AIRFLOW_CTX_EXECUTION_DATE='2023-01-01T01:20:00+00:00' AIRFLOW_CTX_TRY_NUMBER='1' AIRFLOW_CTX_DAG_RUN_ID='scheduled__2023-01-01T01:20:00+00:00'
[2024-06-27T23:09:28.025+0000] {taskinstance.py:430} INFO - ::endgroup::
[2024-06-27T23:09:28.030+0000] {python.py:237} INFO - Done. Returned value was: None
[2024-06-27T23:09:28.030+0000] {taskinstance.py:441} INFO - ::group::Post task execution logs
[2024-06-27T23:09:28.035+0000] {taskinstance.py:1206} INFO - Marking task as SUCCESS. dag_id=example_dag, task_id=generate_and_insert_data, run_id=scheduled__2023-01-01T01:20:00+00:00, execution_date=20230101T012000, start_date=20240627T230927, end_date=20240627T230928
[2024-06-27T23:09:28.078+0000] {local_task_job_runner.py:240} INFO - Task exited with return code 0
[2024-06-27T23:09:28.085+0000] {taskinstance.py:3503} INFO - 0 downstream tasks scheduled from follow-on schedule check
[2024-06-27T23:09:28.086+0000] {local_task_job_runner.py:222} INFO - ::endgroup::
[2024-06-27T23:13:06.102+0000] {local_task_job_runner.py:120} INFO - ::group::Pre task execution logs
[2024-06-27T23:13:06.113+0000] {taskinstance.py:2076} INFO - Dependencies all met for dep_context=non-requeueable deps ti=<TaskInstance: example_dag.generate_and_insert_data scheduled__2023-01-01T01:20:00+00:00 [queued]>
[2024-06-27T23:13:06.115+0000] {taskinstance.py:2076} INFO - Dependencies all met for dep_context=requeueable deps ti=<TaskInstance: example_dag.generate_and_insert_data scheduled__2023-01-01T01:20:00+00:00 [queued]>
[2024-06-27T23:13:06.116+0000] {taskinstance.py:2306} INFO - Starting attempt 1 of 2
[2024-06-27T23:13:06.120+0000] {taskinstance.py:2330} INFO - Executing <Task(PythonOperator): generate_and_insert_data> on 2023-01-01 01:20:00+00:00
[2024-06-27T23:13:06.122+0000] {standard_task_runner.py:63} INFO - Started process 281 to run task
[2024-06-27T23:13:06.123+0000] {standard_task_runner.py:90} INFO - Running: ['airflow', 'tasks', 'run', 'example_dag', 'generate_and_insert_data', 'scheduled__2023-01-01T01:20:00+00:00', '--job-id', '19', '--raw', '--subdir', 'DAGS_FOLDER/example_dag.py', '--cfg-path', '/tmp/tmpvars2xfx']
[2024-06-27T23:13:06.124+0000] {standard_task_runner.py:91} INFO - Job 19: Subtask generate_and_insert_data
[2024-06-27T23:13:06.141+0000] {task_command.py:426} INFO - Running <TaskInstance: example_dag.generate_and_insert_data scheduled__2023-01-01T01:20:00+00:00 [running]> on host 4bd55eb76a74
[2024-06-27T23:13:06.171+0000] {taskinstance.py:2648} INFO - Exporting env vars: AIRFLOW_CTX_DAG_OWNER='airflow' AIRFLOW_CTX_DAG_ID='example_dag' AIRFLOW_CTX_TASK_ID='generate_and_insert_data' AIRFLOW_CTX_EXECUTION_DATE='2023-01-01T01:20:00+00:00' AIRFLOW_CTX_TRY_NUMBER='1' AIRFLOW_CTX_DAG_RUN_ID='scheduled__2023-01-01T01:20:00+00:00'
[2024-06-27T23:13:06.171+0000] {taskinstance.py:430} INFO - ::endgroup::
[2024-06-27T23:13:06.176+0000] {python.py:237} INFO - Done. Returned value was: None
[2024-06-27T23:13:06.176+0000] {taskinstance.py:441} INFO - ::group::Post task execution logs
[2024-06-27T23:13:06.180+0000] {taskinstance.py:1206} INFO - Marking task as SUCCESS. dag_id=example_dag, task_id=generate_and_insert_data, run_id=scheduled__2023-01-01T01:20:00+00:00, execution_date=20230101T012000, start_date=20240627T231306, end_date=20240627T231306
[2024-06-27T23:13:06.221+0000] {local_task_job_runner.py:240} INFO - Task exited with return code 0
[2024-06-27T23:13:06.228+0000] {taskinstance.py:3503} INFO - 0 downstream tasks scheduled from follow-on schedule check
[2024-06-27T23:13:06.229+0000] {local_task_job_runner.py:222} INFO - ::endgroup::
[2024-06-27T23:19:00.653+0000] {local_task_job_runner.py:120} INFO - ::group::Pre task execution logs
[2024-06-27T23:19:00.665+0000] {taskinstance.py:2076} INFO - Dependencies all met for dep_context=non-requeueable deps ti=<TaskInstance: example_dag.generate_and_insert_data scheduled__2023-01-01T01:20:00+00:00 [queued]>
[2024-06-27T23:19:00.668+0000] {taskinstance.py:2076} INFO - Dependencies all met for dep_context=requeueable deps ti=<TaskInstance: example_dag.generate_and_insert_data scheduled__2023-01-01T01:20:00+00:00 [queued]>
[2024-06-27T23:19:00.668+0000] {taskinstance.py:2306} INFO - Starting attempt 1 of 2
[2024-06-27T23:19:00.674+0000] {taskinstance.py:2330} INFO - Executing <Task(PythonOperator): generate_and_insert_data> on 2023-01-01 01:20:00+00:00
[2024-06-27T23:19:00.675+0000] {standard_task_runner.py:63} INFO - Started process 283 to run task
[2024-06-27T23:19:00.677+0000] {standard_task_runner.py:90} INFO - Running: ['airflow', 'tasks', 'run', 'example_dag', 'generate_and_insert_data', 'scheduled__2023-01-01T01:20:00+00:00', '--job-id', '19', '--raw', '--subdir', 'DAGS_FOLDER/example_dag.py', '--cfg-path', '/tmp/tmpkrmzy2fx']
[2024-06-27T23:19:00.678+0000] {standard_task_runner.py:91} INFO - Job 19: Subtask generate_and_insert_data
[2024-06-27T23:19:00.695+0000] {task_command.py:426} INFO - Running <TaskInstance: example_dag.generate_and_insert_data scheduled__2023-01-01T01:20:00+00:00 [running]> on host 73964f870a02
[2024-06-27T23:19:00.726+0000] {taskinstance.py:2648} INFO - Exporting env vars: AIRFLOW_CTX_DAG_OWNER='airflow' AIRFLOW_CTX_DAG_ID='example_dag' AIRFLOW_CTX_TASK_ID='generate_and_insert_data' AIRFLOW_CTX_EXECUTION_DATE='2023-01-01T01:20:00+00:00' AIRFLOW_CTX_TRY_NUMBER='1' AIRFLOW_CTX_DAG_RUN_ID='scheduled__2023-01-01T01:20:00+00:00'
[2024-06-27T23:19:00.727+0000] {taskinstance.py:430} INFO - ::endgroup::
[2024-06-27T23:19:00.731+0000] {python.py:237} INFO - Done. Returned value was: None
[2024-06-27T23:19:00.732+0000] {taskinstance.py:441} INFO - ::group::Post task execution logs
[2024-06-27T23:19:00.736+0000] {taskinstance.py:1206} INFO - Marking task as SUCCESS. dag_id=example_dag, task_id=generate_and_insert_data, run_id=scheduled__2023-01-01T01:20:00+00:00, execution_date=20230101T012000, start_date=20240627T231900, end_date=20240627T231900
[2024-06-27T23:19:00.779+0000] {local_task_job_runner.py:240} INFO - Task exited with return code 0
[2024-06-27T23:19:00.786+0000] {taskinstance.py:3503} INFO - 0 downstream tasks scheduled from follow-on schedule check
[2024-06-27T23:19:00.787+0000] {local_task_job_runner.py:222} INFO - ::endgroup::
[2024-06-28T18:13:23.454+0000] {local_task_job_runner.py:120} INFO - ::group::Pre task execution logs
[2024-06-28T18:13:23.465+0000] {taskinstance.py:2076} INFO - Dependencies all met for dep_context=non-requeueable deps ti=<TaskInstance: example_dag.generate_and_insert_data scheduled__2023-01-01T01:20:00+00:00 [queued]>
[2024-06-28T18:13:23.467+0000] {taskinstance.py:2076} INFO - Dependencies all met for dep_context=requeueable deps ti=<TaskInstance: example_dag.generate_and_insert_data scheduled__2023-01-01T01:20:00+00:00 [queued]>
[2024-06-28T18:13:23.467+0000] {taskinstance.py:2306} INFO - Starting attempt 1 of 2
[2024-06-28T18:13:23.471+0000] {taskinstance.py:2330} INFO - Executing <Task(PythonOperator): generate_and_insert_data> on 2023-01-01 01:20:00+00:00
[2024-06-28T18:13:23.473+0000] {standard_task_runner.py:63} INFO - Started process 281 to run task
[2024-06-28T18:13:23.474+0000] {standard_task_runner.py:90} INFO - Running: ['airflow', 'tasks', 'run', 'example_dag', 'generate_and_insert_data', 'scheduled__2023-01-01T01:20:00+00:00', '--job-id', '19', '--raw', '--subdir', 'DAGS_FOLDER/example_dag.py', '--cfg-path', '/tmp/tmp3lt_llw3']
[2024-06-28T18:13:23.475+0000] {standard_task_runner.py:91} INFO - Job 19: Subtask generate_and_insert_data
[2024-06-28T18:13:23.491+0000] {task_command.py:426} INFO - Running <TaskInstance: example_dag.generate_and_insert_data scheduled__2023-01-01T01:20:00+00:00 [running]> on host 08cefd381a1f
[2024-06-28T18:13:23.518+0000] {taskinstance.py:2648} INFO - Exporting env vars: AIRFLOW_CTX_DAG_OWNER='airflow' AIRFLOW_CTX_DAG_ID='example_dag' AIRFLOW_CTX_TASK_ID='generate_and_insert_data' AIRFLOW_CTX_EXECUTION_DATE='2023-01-01T01:20:00+00:00' AIRFLOW_CTX_TRY_NUMBER='1' AIRFLOW_CTX_DAG_RUN_ID='scheduled__2023-01-01T01:20:00+00:00'
[2024-06-28T18:13:23.518+0000] {taskinstance.py:430} INFO - ::endgroup::
[2024-06-28T18:13:23.523+0000] {python.py:237} INFO - Done. Returned value was: None
[2024-06-28T18:13:23.523+0000] {taskinstance.py:441} INFO - ::group::Post task execution logs
[2024-06-28T18:13:23.527+0000] {taskinstance.py:1206} INFO - Marking task as SUCCESS. dag_id=example_dag, task_id=generate_and_insert_data, run_id=scheduled__2023-01-01T01:20:00+00:00, execution_date=20230101T012000, start_date=20240628T181323, end_date=20240628T181323
[2024-06-28T18:13:23.534+0000] {local_task_job_runner.py:240} INFO - Task exited with return code 0
[2024-06-28T18:13:23.540+0000] {taskinstance.py:3503} INFO - 0 downstream tasks scheduled from follow-on schedule check
[2024-06-28T18:13:23.540+0000] {local_task_job_runner.py:222} INFO - ::endgroup::
[2024-06-28T18:20:38.031+0000] {local_task_job_runner.py:120} INFO - ::group::Pre task execution logs
[2024-06-28T18:20:38.043+0000] {taskinstance.py:2076} INFO - Dependencies all met for dep_context=non-requeueable deps ti=<TaskInstance: example_dag.generate_and_insert_data scheduled__2023-01-01T01:20:00+00:00 [queued]>
[2024-06-28T18:20:38.046+0000] {taskinstance.py:2076} INFO - Dependencies all met for dep_context=requeueable deps ti=<TaskInstance: example_dag.generate_and_insert_data scheduled__2023-01-01T01:20:00+00:00 [queued]>
[2024-06-28T18:20:38.046+0000] {taskinstance.py:2306} INFO - Starting attempt 1 of 2
[2024-06-28T18:20:38.051+0000] {taskinstance.py:2330} INFO - Executing <Task(PythonOperator): generate_and_insert_data> on 2023-01-01 01:20:00+00:00
[2024-06-28T18:20:38.052+0000] {standard_task_runner.py:63} INFO - Started process 281 to run task
[2024-06-28T18:20:38.054+0000] {standard_task_runner.py:90} INFO - Running: ['airflow', 'tasks', 'run', 'example_dag', 'generate_and_insert_data', 'scheduled__2023-01-01T01:20:00+00:00', '--job-id', '19', '--raw', '--subdir', 'DAGS_FOLDER/example_dag.py', '--cfg-path', '/tmp/tmprr6_hovu']
[2024-06-28T18:20:38.054+0000] {standard_task_runner.py:91} INFO - Job 19: Subtask generate_and_insert_data
[2024-06-28T18:20:38.073+0000] {task_command.py:426} INFO - Running <TaskInstance: example_dag.generate_and_insert_data scheduled__2023-01-01T01:20:00+00:00 [running]> on host 6570e5857071
[2024-06-28T18:20:38.105+0000] {taskinstance.py:2648} INFO - Exporting env vars: AIRFLOW_CTX_DAG_OWNER='airflow' AIRFLOW_CTX_DAG_ID='example_dag' AIRFLOW_CTX_TASK_ID='generate_and_insert_data' AIRFLOW_CTX_EXECUTION_DATE='2023-01-01T01:20:00+00:00' AIRFLOW_CTX_TRY_NUMBER='1' AIRFLOW_CTX_DAG_RUN_ID='scheduled__2023-01-01T01:20:00+00:00'
[2024-06-28T18:20:38.106+0000] {taskinstance.py:430} INFO - ::endgroup::
[2024-06-28T18:20:38.110+0000] {python.py:237} INFO - Done. Returned value was: None
[2024-06-28T18:20:38.111+0000] {taskinstance.py:441} INFO - ::group::Post task execution logs
[2024-06-28T18:20:38.115+0000] {taskinstance.py:1206} INFO - Marking task as SUCCESS. dag_id=example_dag, task_id=generate_and_insert_data, run_id=scheduled__2023-01-01T01:20:00+00:00, execution_date=20230101T012000, start_date=20240628T182038, end_date=20240628T182038
[2024-06-28T18:20:38.160+0000] {local_task_job_runner.py:240} INFO - Task exited with return code 0
[2024-06-28T18:20:38.167+0000] {taskinstance.py:3503} INFO - 0 downstream tasks scheduled from follow-on schedule check
[2024-06-28T18:20:38.168+0000] {local_task_job_runner.py:222} INFO - ::endgroup::
[2024-06-28T18:30:39.898+0000] {local_task_job_runner.py:120} INFO - ::group::Pre task execution logs
[2024-06-28T18:30:39.908+0000] {taskinstance.py:2076} INFO - Dependencies all met for dep_context=non-requeueable deps ti=<TaskInstance: example_dag.generate_and_insert_data scheduled__2023-01-01T01:20:00+00:00 [queued]>
[2024-06-28T18:30:39.911+0000] {taskinstance.py:2076} INFO - Dependencies all met for dep_context=requeueable deps ti=<TaskInstance: example_dag.generate_and_insert_data scheduled__2023-01-01T01:20:00+00:00 [queued]>
[2024-06-28T18:30:39.911+0000] {taskinstance.py:2306} INFO - Starting attempt 1 of 2
[2024-06-28T18:30:39.916+0000] {taskinstance.py:2330} INFO - Executing <Task(PythonOperator): generate_and_insert_data> on 2023-01-01 01:20:00+00:00
[2024-06-28T18:30:39.917+0000] {standard_task_runner.py:63} INFO - Started process 281 to run task
[2024-06-28T18:30:39.918+0000] {standard_task_runner.py:90} INFO - Running: ['airflow', 'tasks', 'run', 'example_dag', 'generate_and_insert_data', 'scheduled__2023-01-01T01:20:00+00:00', '--job-id', '19', '--raw', '--subdir', 'DAGS_FOLDER/example_dag.py', '--cfg-path', '/tmp/tmp6i2nb_rc']
[2024-06-28T18:30:39.919+0000] {standard_task_runner.py:91} INFO - Job 19: Subtask generate_and_insert_data
[2024-06-28T18:30:39.938+0000] {task_command.py:426} INFO - Running <TaskInstance: example_dag.generate_and_insert_data scheduled__2023-01-01T01:20:00+00:00 [running]> on host 50bf780463b8
[2024-06-28T18:30:39.972+0000] {taskinstance.py:2648} INFO - Exporting env vars: AIRFLOW_CTX_DAG_OWNER='airflow' AIRFLOW_CTX_DAG_ID='example_dag' AIRFLOW_CTX_TASK_ID='generate_and_insert_data' AIRFLOW_CTX_EXECUTION_DATE='2023-01-01T01:20:00+00:00' AIRFLOW_CTX_TRY_NUMBER='1' AIRFLOW_CTX_DAG_RUN_ID='scheduled__2023-01-01T01:20:00+00:00'
[2024-06-28T18:30:39.973+0000] {taskinstance.py:430} INFO - ::endgroup::
[2024-06-28T18:30:39.978+0000] {python.py:237} INFO - Done. Returned value was: None
[2024-06-28T18:30:39.978+0000] {taskinstance.py:441} INFO - ::group::Post task execution logs
[2024-06-28T18:30:39.983+0000] {taskinstance.py:1206} INFO - Marking task as SUCCESS. dag_id=example_dag, task_id=generate_and_insert_data, run_id=scheduled__2023-01-01T01:20:00+00:00, execution_date=20230101T012000, start_date=20240628T183039, end_date=20240628T183039
[2024-06-28T18:30:40.022+0000] {local_task_job_runner.py:240} INFO - Task exited with return code 0
[2024-06-28T18:30:40.029+0000] {taskinstance.py:3503} INFO - 0 downstream tasks scheduled from follow-on schedule check
[2024-06-28T18:30:40.030+0000] {local_task_job_runner.py:222} INFO - ::endgroup::
