[2024-06-27T22:33:04.860+0000] {local_task_job_runner.py:120} INFO - ::group::Pre task execution logs
[2024-06-27T22:33:04.870+0000] {taskinstance.py:2076} INFO - Dependencies all met for dep_context=non-requeueable deps ti=<TaskInstance: example_dag.generate_and_insert_data scheduled__2023-01-01T00:50:00+00:00 [queued]>
[2024-06-27T22:33:04.873+0000] {taskinstance.py:2076} INFO - Dependencies all met for dep_context=requeueable deps ti=<TaskInstance: example_dag.generate_and_insert_data scheduled__2023-01-01T00:50:00+00:00 [queued]>
[2024-06-27T22:33:04.873+0000] {taskinstance.py:2306} INFO - Starting attempt 1 of 2
[2024-06-27T22:33:04.877+0000] {taskinstance.py:2330} INFO - Executing <Task(PythonOperator): generate_and_insert_data> on 2023-01-01 00:50:00+00:00
[2024-06-27T22:33:04.878+0000] {standard_task_runner.py:63} INFO - Started process 192 to run task
[2024-06-27T22:33:04.879+0000] {standard_task_runner.py:90} INFO - Running: ['airflow', 'tasks', 'run', 'example_dag', 'generate_and_insert_data', 'scheduled__2023-01-01T00:50:00+00:00', '--job-id', '13', '--raw', '--subdir', 'DAGS_FOLDER/example_dag.py', '--cfg-path', '/tmp/tmp0ffwy930']
[2024-06-27T22:33:04.880+0000] {standard_task_runner.py:91} INFO - Job 13: Subtask generate_and_insert_data
[2024-06-27T22:33:04.896+0000] {task_command.py:426} INFO - Running <TaskInstance: example_dag.generate_and_insert_data scheduled__2023-01-01T00:50:00+00:00 [running]> on host 9174587f6b1d
[2024-06-27T22:33:04.923+0000] {taskinstance.py:2648} INFO - Exporting env vars: AIRFLOW_CTX_DAG_OWNER='airflow' AIRFLOW_CTX_DAG_ID='example_dag' AIRFLOW_CTX_TASK_ID='generate_and_insert_data' AIRFLOW_CTX_EXECUTION_DATE='2023-01-01T00:50:00+00:00' AIRFLOW_CTX_TRY_NUMBER='1' AIRFLOW_CTX_DAG_RUN_ID='scheduled__2023-01-01T00:50:00+00:00'
[2024-06-27T22:33:04.923+0000] {taskinstance.py:430} INFO - ::endgroup::
[2024-06-27T22:33:04.927+0000] {python.py:237} INFO - Done. Returned value was: None
[2024-06-27T22:33:04.927+0000] {taskinstance.py:441} INFO - ::group::Post task execution logs
[2024-06-27T22:33:04.931+0000] {taskinstance.py:1206} INFO - Marking task as SUCCESS. dag_id=example_dag, task_id=generate_and_insert_data, run_id=scheduled__2023-01-01T00:50:00+00:00, execution_date=20230101T005000, start_date=20240627T223304, end_date=20240627T223304
[2024-06-27T22:33:04.938+0000] {local_task_job_runner.py:240} INFO - Task exited with return code 0
[2024-06-27T22:33:04.944+0000] {taskinstance.py:3503} INFO - 0 downstream tasks scheduled from follow-on schedule check
[2024-06-27T22:33:04.944+0000] {local_task_job_runner.py:222} INFO - ::endgroup::
[2024-06-27T22:51:54.995+0000] {local_task_job_runner.py:120} INFO - ::group::Pre task execution logs
[2024-06-27T22:51:55.005+0000] {taskinstance.py:2076} INFO - Dependencies all met for dep_context=non-requeueable deps ti=<TaskInstance: example_dag.generate_and_insert_data scheduled__2023-01-01T00:50:00+00:00 [queued]>
[2024-06-27T22:51:55.007+0000] {taskinstance.py:2076} INFO - Dependencies all met for dep_context=requeueable deps ti=<TaskInstance: example_dag.generate_and_insert_data scheduled__2023-01-01T00:50:00+00:00 [queued]>
[2024-06-27T22:51:55.007+0000] {taskinstance.py:2306} INFO - Starting attempt 1 of 2
[2024-06-27T22:51:55.011+0000] {taskinstance.py:2330} INFO - Executing <Task(PythonOperator): generate_and_insert_data> on 2023-01-01 00:50:00+00:00
[2024-06-27T22:51:55.013+0000] {standard_task_runner.py:63} INFO - Started process 192 to run task
[2024-06-27T22:51:55.014+0000] {standard_task_runner.py:90} INFO - Running: ['airflow', 'tasks', 'run', 'example_dag', 'generate_and_insert_data', 'scheduled__2023-01-01T00:50:00+00:00', '--job-id', '13', '--raw', '--subdir', 'DAGS_FOLDER/example_dag.py', '--cfg-path', '/tmp/tmptuo1vuc5']
[2024-06-27T22:51:55.015+0000] {standard_task_runner.py:91} INFO - Job 13: Subtask generate_and_insert_data
[2024-06-27T22:51:55.030+0000] {task_command.py:426} INFO - Running <TaskInstance: example_dag.generate_and_insert_data scheduled__2023-01-01T00:50:00+00:00 [running]> on host a70edf9d8581
[2024-06-27T22:51:55.057+0000] {taskinstance.py:2648} INFO - Exporting env vars: AIRFLOW_CTX_DAG_OWNER='airflow' AIRFLOW_CTX_DAG_ID='example_dag' AIRFLOW_CTX_TASK_ID='generate_and_insert_data' AIRFLOW_CTX_EXECUTION_DATE='2023-01-01T00:50:00+00:00' AIRFLOW_CTX_TRY_NUMBER='1' AIRFLOW_CTX_DAG_RUN_ID='scheduled__2023-01-01T00:50:00+00:00'
[2024-06-27T22:51:55.058+0000] {taskinstance.py:430} INFO - ::endgroup::
[2024-06-27T22:51:55.062+0000] {python.py:237} INFO - Done. Returned value was: None
[2024-06-27T22:51:55.062+0000] {taskinstance.py:441} INFO - ::group::Post task execution logs
[2024-06-27T22:51:55.066+0000] {taskinstance.py:1206} INFO - Marking task as SUCCESS. dag_id=example_dag, task_id=generate_and_insert_data, run_id=scheduled__2023-01-01T00:50:00+00:00, execution_date=20230101T005000, start_date=20240627T225155, end_date=20240627T225155
[2024-06-27T22:51:55.074+0000] {local_task_job_runner.py:240} INFO - Task exited with return code 0
[2024-06-27T22:51:55.080+0000] {taskinstance.py:3503} INFO - 0 downstream tasks scheduled from follow-on schedule check
[2024-06-27T22:51:55.081+0000] {local_task_job_runner.py:222} INFO - ::endgroup::
[2024-06-27T22:59:38.495+0000] {local_task_job_runner.py:120} INFO - ::group::Pre task execution logs
[2024-06-27T22:59:38.505+0000] {taskinstance.py:2076} INFO - Dependencies all met for dep_context=non-requeueable deps ti=<TaskInstance: example_dag.generate_and_insert_data scheduled__2023-01-01T00:50:00+00:00 [queued]>
[2024-06-27T22:59:38.507+0000] {taskinstance.py:2076} INFO - Dependencies all met for dep_context=requeueable deps ti=<TaskInstance: example_dag.generate_and_insert_data scheduled__2023-01-01T00:50:00+00:00 [queued]>
[2024-06-27T22:59:38.507+0000] {taskinstance.py:2306} INFO - Starting attempt 1 of 2
[2024-06-27T22:59:38.512+0000] {taskinstance.py:2330} INFO - Executing <Task(PythonOperator): generate_and_insert_data> on 2023-01-01 00:50:00+00:00
[2024-06-27T22:59:38.513+0000] {standard_task_runner.py:63} INFO - Started process 192 to run task
[2024-06-27T22:59:38.514+0000] {standard_task_runner.py:90} INFO - Running: ['airflow', 'tasks', 'run', 'example_dag', 'generate_and_insert_data', 'scheduled__2023-01-01T00:50:00+00:00', '--job-id', '13', '--raw', '--subdir', 'DAGS_FOLDER/example_dag.py', '--cfg-path', '/tmp/tmpoy8zmtob']
[2024-06-27T22:59:38.515+0000] {standard_task_runner.py:91} INFO - Job 13: Subtask generate_and_insert_data
[2024-06-27T22:59:38.533+0000] {task_command.py:426} INFO - Running <TaskInstance: example_dag.generate_and_insert_data scheduled__2023-01-01T00:50:00+00:00 [running]> on host 5cc71d4b298c
[2024-06-27T22:59:38.569+0000] {taskinstance.py:2648} INFO - Exporting env vars: AIRFLOW_CTX_DAG_OWNER='airflow' AIRFLOW_CTX_DAG_ID='example_dag' AIRFLOW_CTX_TASK_ID='generate_and_insert_data' AIRFLOW_CTX_EXECUTION_DATE='2023-01-01T00:50:00+00:00' AIRFLOW_CTX_TRY_NUMBER='1' AIRFLOW_CTX_DAG_RUN_ID='scheduled__2023-01-01T00:50:00+00:00'
[2024-06-27T22:59:38.569+0000] {taskinstance.py:430} INFO - ::endgroup::
[2024-06-27T22:59:38.574+0000] {python.py:237} INFO - Done. Returned value was: None
[2024-06-27T22:59:38.574+0000] {taskinstance.py:441} INFO - ::group::Post task execution logs
[2024-06-27T22:59:38.579+0000] {taskinstance.py:1206} INFO - Marking task as SUCCESS. dag_id=example_dag, task_id=generate_and_insert_data, run_id=scheduled__2023-01-01T00:50:00+00:00, execution_date=20230101T005000, start_date=20240627T225938, end_date=20240627T225938
[2024-06-27T22:59:38.613+0000] {local_task_job_runner.py:240} INFO - Task exited with return code 0
[2024-06-27T22:59:38.620+0000] {taskinstance.py:3503} INFO - 0 downstream tasks scheduled from follow-on schedule check
[2024-06-27T22:59:38.620+0000] {local_task_job_runner.py:222} INFO - ::endgroup::
[2024-06-27T23:09:17.799+0000] {local_task_job_runner.py:120} INFO - ::group::Pre task execution logs
[2024-06-27T23:09:17.809+0000] {taskinstance.py:2076} INFO - Dependencies all met for dep_context=non-requeueable deps ti=<TaskInstance: example_dag.generate_and_insert_data scheduled__2023-01-01T00:50:00+00:00 [queued]>
[2024-06-27T23:09:17.811+0000] {taskinstance.py:2076} INFO - Dependencies all met for dep_context=requeueable deps ti=<TaskInstance: example_dag.generate_and_insert_data scheduled__2023-01-01T00:50:00+00:00 [queued]>
[2024-06-27T23:09:17.812+0000] {taskinstance.py:2306} INFO - Starting attempt 1 of 2
[2024-06-27T23:09:17.816+0000] {taskinstance.py:2330} INFO - Executing <Task(PythonOperator): generate_and_insert_data> on 2023-01-01 00:50:00+00:00
[2024-06-27T23:09:17.817+0000] {standard_task_runner.py:63} INFO - Started process 192 to run task
[2024-06-27T23:09:17.818+0000] {standard_task_runner.py:90} INFO - Running: ['airflow', 'tasks', 'run', 'example_dag', 'generate_and_insert_data', 'scheduled__2023-01-01T00:50:00+00:00', '--job-id', '13', '--raw', '--subdir', 'DAGS_FOLDER/example_dag.py', '--cfg-path', '/tmp/tmprfbnl8hc']
[2024-06-27T23:09:17.819+0000] {standard_task_runner.py:91} INFO - Job 13: Subtask generate_and_insert_data
[2024-06-27T23:09:17.835+0000] {task_command.py:426} INFO - Running <TaskInstance: example_dag.generate_and_insert_data scheduled__2023-01-01T00:50:00+00:00 [running]> on host 7147f8a4dc9f
[2024-06-27T23:09:17.863+0000] {taskinstance.py:2648} INFO - Exporting env vars: AIRFLOW_CTX_DAG_OWNER='airflow' AIRFLOW_CTX_DAG_ID='example_dag' AIRFLOW_CTX_TASK_ID='generate_and_insert_data' AIRFLOW_CTX_EXECUTION_DATE='2023-01-01T00:50:00+00:00' AIRFLOW_CTX_TRY_NUMBER='1' AIRFLOW_CTX_DAG_RUN_ID='scheduled__2023-01-01T00:50:00+00:00'
[2024-06-27T23:09:17.863+0000] {taskinstance.py:430} INFO - ::endgroup::
[2024-06-27T23:09:17.867+0000] {python.py:237} INFO - Done. Returned value was: None
[2024-06-27T23:09:17.868+0000] {taskinstance.py:441} INFO - ::group::Post task execution logs
[2024-06-27T23:09:17.872+0000] {taskinstance.py:1206} INFO - Marking task as SUCCESS. dag_id=example_dag, task_id=generate_and_insert_data, run_id=scheduled__2023-01-01T00:50:00+00:00, execution_date=20230101T005000, start_date=20240627T230917, end_date=20240627T230917
[2024-06-27T23:09:17.885+0000] {local_task_job_runner.py:240} INFO - Task exited with return code 0
[2024-06-27T23:09:17.892+0000] {taskinstance.py:3503} INFO - 0 downstream tasks scheduled from follow-on schedule check
[2024-06-27T23:09:17.892+0000] {local_task_job_runner.py:222} INFO - ::endgroup::
[2024-06-27T23:12:55.841+0000] {local_task_job_runner.py:120} INFO - ::group::Pre task execution logs
[2024-06-27T23:12:55.851+0000] {taskinstance.py:2076} INFO - Dependencies all met for dep_context=non-requeueable deps ti=<TaskInstance: example_dag.generate_and_insert_data scheduled__2023-01-01T00:50:00+00:00 [queued]>
[2024-06-27T23:12:55.853+0000] {taskinstance.py:2076} INFO - Dependencies all met for dep_context=requeueable deps ti=<TaskInstance: example_dag.generate_and_insert_data scheduled__2023-01-01T00:50:00+00:00 [queued]>
[2024-06-27T23:12:55.853+0000] {taskinstance.py:2306} INFO - Starting attempt 1 of 2
[2024-06-27T23:12:55.858+0000] {taskinstance.py:2330} INFO - Executing <Task(PythonOperator): generate_and_insert_data> on 2023-01-01 00:50:00+00:00
[2024-06-27T23:12:55.859+0000] {standard_task_runner.py:63} INFO - Started process 192 to run task
[2024-06-27T23:12:55.860+0000] {standard_task_runner.py:90} INFO - Running: ['airflow', 'tasks', 'run', 'example_dag', 'generate_and_insert_data', 'scheduled__2023-01-01T00:50:00+00:00', '--job-id', '13', '--raw', '--subdir', 'DAGS_FOLDER/example_dag.py', '--cfg-path', '/tmp/tmprkjeqze8']
[2024-06-27T23:12:55.861+0000] {standard_task_runner.py:91} INFO - Job 13: Subtask generate_and_insert_data
[2024-06-27T23:12:55.877+0000] {task_command.py:426} INFO - Running <TaskInstance: example_dag.generate_and_insert_data scheduled__2023-01-01T00:50:00+00:00 [running]> on host 4bd55eb76a74
[2024-06-27T23:12:55.904+0000] {taskinstance.py:2648} INFO - Exporting env vars: AIRFLOW_CTX_DAG_OWNER='airflow' AIRFLOW_CTX_DAG_ID='example_dag' AIRFLOW_CTX_TASK_ID='generate_and_insert_data' AIRFLOW_CTX_EXECUTION_DATE='2023-01-01T00:50:00+00:00' AIRFLOW_CTX_TRY_NUMBER='1' AIRFLOW_CTX_DAG_RUN_ID='scheduled__2023-01-01T00:50:00+00:00'
[2024-06-27T23:12:55.905+0000] {taskinstance.py:430} INFO - ::endgroup::
[2024-06-27T23:12:55.909+0000] {python.py:237} INFO - Done. Returned value was: None
[2024-06-27T23:12:55.909+0000] {taskinstance.py:441} INFO - ::group::Post task execution logs
[2024-06-27T23:12:55.913+0000] {taskinstance.py:1206} INFO - Marking task as SUCCESS. dag_id=example_dag, task_id=generate_and_insert_data, run_id=scheduled__2023-01-01T00:50:00+00:00, execution_date=20230101T005000, start_date=20240627T231255, end_date=20240627T231255
[2024-06-27T23:12:55.959+0000] {local_task_job_runner.py:240} INFO - Task exited with return code 0
[2024-06-27T23:12:55.966+0000] {taskinstance.py:3503} INFO - 0 downstream tasks scheduled from follow-on schedule check
[2024-06-27T23:12:55.966+0000] {local_task_job_runner.py:222} INFO - ::endgroup::
[2024-06-27T23:18:50.442+0000] {local_task_job_runner.py:120} INFO - ::group::Pre task execution logs
[2024-06-27T23:18:50.453+0000] {taskinstance.py:2076} INFO - Dependencies all met for dep_context=non-requeueable deps ti=<TaskInstance: example_dag.generate_and_insert_data scheduled__2023-01-01T00:50:00+00:00 [queued]>
[2024-06-27T23:18:50.456+0000] {taskinstance.py:2076} INFO - Dependencies all met for dep_context=requeueable deps ti=<TaskInstance: example_dag.generate_and_insert_data scheduled__2023-01-01T00:50:00+00:00 [queued]>
[2024-06-27T23:18:50.456+0000] {taskinstance.py:2306} INFO - Starting attempt 1 of 2
[2024-06-27T23:18:50.460+0000] {taskinstance.py:2330} INFO - Executing <Task(PythonOperator): generate_and_insert_data> on 2023-01-01 00:50:00+00:00
[2024-06-27T23:18:50.462+0000] {standard_task_runner.py:63} INFO - Started process 192 to run task
[2024-06-27T23:18:50.463+0000] {standard_task_runner.py:90} INFO - Running: ['airflow', 'tasks', 'run', 'example_dag', 'generate_and_insert_data', 'scheduled__2023-01-01T00:50:00+00:00', '--job-id', '13', '--raw', '--subdir', 'DAGS_FOLDER/example_dag.py', '--cfg-path', '/tmp/tmpgxcbgjdn']
[2024-06-27T23:18:50.464+0000] {standard_task_runner.py:91} INFO - Job 13: Subtask generate_and_insert_data
[2024-06-27T23:18:50.481+0000] {task_command.py:426} INFO - Running <TaskInstance: example_dag.generate_and_insert_data scheduled__2023-01-01T00:50:00+00:00 [running]> on host 73964f870a02
[2024-06-27T23:18:50.511+0000] {taskinstance.py:2648} INFO - Exporting env vars: AIRFLOW_CTX_DAG_OWNER='airflow' AIRFLOW_CTX_DAG_ID='example_dag' AIRFLOW_CTX_TASK_ID='generate_and_insert_data' AIRFLOW_CTX_EXECUTION_DATE='2023-01-01T00:50:00+00:00' AIRFLOW_CTX_TRY_NUMBER='1' AIRFLOW_CTX_DAG_RUN_ID='scheduled__2023-01-01T00:50:00+00:00'
[2024-06-27T23:18:50.512+0000] {taskinstance.py:430} INFO - ::endgroup::
[2024-06-27T23:18:50.516+0000] {python.py:237} INFO - Done. Returned value was: None
[2024-06-27T23:18:50.516+0000] {taskinstance.py:441} INFO - ::group::Post task execution logs
[2024-06-27T23:18:50.521+0000] {taskinstance.py:1206} INFO - Marking task as SUCCESS. dag_id=example_dag, task_id=generate_and_insert_data, run_id=scheduled__2023-01-01T00:50:00+00:00, execution_date=20230101T005000, start_date=20240627T231850, end_date=20240627T231850
[2024-06-27T23:18:50.565+0000] {local_task_job_runner.py:240} INFO - Task exited with return code 0
[2024-06-27T23:18:50.572+0000] {taskinstance.py:3503} INFO - 0 downstream tasks scheduled from follow-on schedule check
[2024-06-27T23:18:50.572+0000] {local_task_job_runner.py:222} INFO - ::endgroup::
[2024-06-28T18:13:13.294+0000] {local_task_job_runner.py:120} INFO - ::group::Pre task execution logs
[2024-06-28T18:13:13.303+0000] {taskinstance.py:2076} INFO - Dependencies all met for dep_context=non-requeueable deps ti=<TaskInstance: example_dag.generate_and_insert_data scheduled__2023-01-01T00:50:00+00:00 [queued]>
[2024-06-28T18:13:13.306+0000] {taskinstance.py:2076} INFO - Dependencies all met for dep_context=requeueable deps ti=<TaskInstance: example_dag.generate_and_insert_data scheduled__2023-01-01T00:50:00+00:00 [queued]>
[2024-06-28T18:13:13.306+0000] {taskinstance.py:2306} INFO - Starting attempt 1 of 2
[2024-06-28T18:13:13.310+0000] {taskinstance.py:2330} INFO - Executing <Task(PythonOperator): generate_and_insert_data> on 2023-01-01 00:50:00+00:00
[2024-06-28T18:13:13.312+0000] {standard_task_runner.py:63} INFO - Started process 192 to run task
[2024-06-28T18:13:13.313+0000] {standard_task_runner.py:90} INFO - Running: ['airflow', 'tasks', 'run', 'example_dag', 'generate_and_insert_data', 'scheduled__2023-01-01T00:50:00+00:00', '--job-id', '13', '--raw', '--subdir', 'DAGS_FOLDER/example_dag.py', '--cfg-path', '/tmp/tmpnfecnb6h']
[2024-06-28T18:13:13.314+0000] {standard_task_runner.py:91} INFO - Job 13: Subtask generate_and_insert_data
[2024-06-28T18:13:13.331+0000] {task_command.py:426} INFO - Running <TaskInstance: example_dag.generate_and_insert_data scheduled__2023-01-01T00:50:00+00:00 [running]> on host 08cefd381a1f
[2024-06-28T18:13:13.359+0000] {taskinstance.py:2648} INFO - Exporting env vars: AIRFLOW_CTX_DAG_OWNER='airflow' AIRFLOW_CTX_DAG_ID='example_dag' AIRFLOW_CTX_TASK_ID='generate_and_insert_data' AIRFLOW_CTX_EXECUTION_DATE='2023-01-01T00:50:00+00:00' AIRFLOW_CTX_TRY_NUMBER='1' AIRFLOW_CTX_DAG_RUN_ID='scheduled__2023-01-01T00:50:00+00:00'
[2024-06-28T18:13:13.359+0000] {taskinstance.py:430} INFO - ::endgroup::
[2024-06-28T18:13:13.363+0000] {python.py:237} INFO - Done. Returned value was: None
[2024-06-28T18:13:13.364+0000] {taskinstance.py:441} INFO - ::group::Post task execution logs
[2024-06-28T18:13:13.368+0000] {taskinstance.py:1206} INFO - Marking task as SUCCESS. dag_id=example_dag, task_id=generate_and_insert_data, run_id=scheduled__2023-01-01T00:50:00+00:00, execution_date=20230101T005000, start_date=20240628T181313, end_date=20240628T181313
[2024-06-28T18:13:13.373+0000] {local_task_job_runner.py:240} INFO - Task exited with return code 0
[2024-06-28T18:13:13.379+0000] {taskinstance.py:3503} INFO - 0 downstream tasks scheduled from follow-on schedule check
[2024-06-28T18:13:13.380+0000] {local_task_job_runner.py:222} INFO - ::endgroup::
[2024-06-28T18:20:27.785+0000] {local_task_job_runner.py:120} INFO - ::group::Pre task execution logs
[2024-06-28T18:20:27.795+0000] {taskinstance.py:2076} INFO - Dependencies all met for dep_context=non-requeueable deps ti=<TaskInstance: example_dag.generate_and_insert_data scheduled__2023-01-01T00:50:00+00:00 [queued]>
[2024-06-28T18:20:27.797+0000] {taskinstance.py:2076} INFO - Dependencies all met for dep_context=requeueable deps ti=<TaskInstance: example_dag.generate_and_insert_data scheduled__2023-01-01T00:50:00+00:00 [queued]>
[2024-06-28T18:20:27.797+0000] {taskinstance.py:2306} INFO - Starting attempt 1 of 2
[2024-06-28T18:20:27.801+0000] {taskinstance.py:2330} INFO - Executing <Task(PythonOperator): generate_and_insert_data> on 2023-01-01 00:50:00+00:00
[2024-06-28T18:20:27.803+0000] {standard_task_runner.py:63} INFO - Started process 192 to run task
[2024-06-28T18:20:27.804+0000] {standard_task_runner.py:90} INFO - Running: ['airflow', 'tasks', 'run', 'example_dag', 'generate_and_insert_data', 'scheduled__2023-01-01T00:50:00+00:00', '--job-id', '13', '--raw', '--subdir', 'DAGS_FOLDER/example_dag.py', '--cfg-path', '/tmp/tmpd59mjj5g']
[2024-06-28T18:20:27.804+0000] {standard_task_runner.py:91} INFO - Job 13: Subtask generate_and_insert_data
[2024-06-28T18:20:27.820+0000] {task_command.py:426} INFO - Running <TaskInstance: example_dag.generate_and_insert_data scheduled__2023-01-01T00:50:00+00:00 [running]> on host 6570e5857071
[2024-06-28T18:20:27.848+0000] {taskinstance.py:2648} INFO - Exporting env vars: AIRFLOW_CTX_DAG_OWNER='airflow' AIRFLOW_CTX_DAG_ID='example_dag' AIRFLOW_CTX_TASK_ID='generate_and_insert_data' AIRFLOW_CTX_EXECUTION_DATE='2023-01-01T00:50:00+00:00' AIRFLOW_CTX_TRY_NUMBER='1' AIRFLOW_CTX_DAG_RUN_ID='scheduled__2023-01-01T00:50:00+00:00'
[2024-06-28T18:20:27.849+0000] {taskinstance.py:430} INFO - ::endgroup::
[2024-06-28T18:20:27.853+0000] {python.py:237} INFO - Done. Returned value was: None
[2024-06-28T18:20:27.853+0000] {taskinstance.py:441} INFO - ::group::Post task execution logs
[2024-06-28T18:20:27.857+0000] {taskinstance.py:1206} INFO - Marking task as SUCCESS. dag_id=example_dag, task_id=generate_and_insert_data, run_id=scheduled__2023-01-01T00:50:00+00:00, execution_date=20230101T005000, start_date=20240628T182027, end_date=20240628T182027
[2024-06-28T18:20:27.865+0000] {local_task_job_runner.py:240} INFO - Task exited with return code 0
[2024-06-28T18:20:27.871+0000] {taskinstance.py:3503} INFO - 0 downstream tasks scheduled from follow-on schedule check
[2024-06-28T18:20:27.872+0000] {local_task_job_runner.py:222} INFO - ::endgroup::
[2024-06-28T18:30:29.697+0000] {local_task_job_runner.py:120} INFO - ::group::Pre task execution logs
[2024-06-28T18:30:29.707+0000] {taskinstance.py:2076} INFO - Dependencies all met for dep_context=non-requeueable deps ti=<TaskInstance: example_dag.generate_and_insert_data scheduled__2023-01-01T00:50:00+00:00 [queued]>
[2024-06-28T18:30:29.709+0000] {taskinstance.py:2076} INFO - Dependencies all met for dep_context=requeueable deps ti=<TaskInstance: example_dag.generate_and_insert_data scheduled__2023-01-01T00:50:00+00:00 [queued]>
[2024-06-28T18:30:29.709+0000] {taskinstance.py:2306} INFO - Starting attempt 1 of 2
[2024-06-28T18:30:29.713+0000] {taskinstance.py:2330} INFO - Executing <Task(PythonOperator): generate_and_insert_data> on 2023-01-01 00:50:00+00:00
[2024-06-28T18:30:29.715+0000] {standard_task_runner.py:63} INFO - Started process 192 to run task
[2024-06-28T18:30:29.716+0000] {standard_task_runner.py:90} INFO - Running: ['airflow', 'tasks', 'run', 'example_dag', 'generate_and_insert_data', 'scheduled__2023-01-01T00:50:00+00:00', '--job-id', '13', '--raw', '--subdir', 'DAGS_FOLDER/example_dag.py', '--cfg-path', '/tmp/tmph8tlw7ys']
[2024-06-28T18:30:29.717+0000] {standard_task_runner.py:91} INFO - Job 13: Subtask generate_and_insert_data
[2024-06-28T18:30:29.732+0000] {task_command.py:426} INFO - Running <TaskInstance: example_dag.generate_and_insert_data scheduled__2023-01-01T00:50:00+00:00 [running]> on host 50bf780463b8
[2024-06-28T18:30:29.759+0000] {taskinstance.py:2648} INFO - Exporting env vars: AIRFLOW_CTX_DAG_OWNER='airflow' AIRFLOW_CTX_DAG_ID='example_dag' AIRFLOW_CTX_TASK_ID='generate_and_insert_data' AIRFLOW_CTX_EXECUTION_DATE='2023-01-01T00:50:00+00:00' AIRFLOW_CTX_TRY_NUMBER='1' AIRFLOW_CTX_DAG_RUN_ID='scheduled__2023-01-01T00:50:00+00:00'
[2024-06-28T18:30:29.760+0000] {taskinstance.py:430} INFO - ::endgroup::
[2024-06-28T18:30:29.764+0000] {python.py:237} INFO - Done. Returned value was: None
[2024-06-28T18:30:29.764+0000] {taskinstance.py:441} INFO - ::group::Post task execution logs
[2024-06-28T18:30:29.768+0000] {taskinstance.py:1206} INFO - Marking task as SUCCESS. dag_id=example_dag, task_id=generate_and_insert_data, run_id=scheduled__2023-01-01T00:50:00+00:00, execution_date=20230101T005000, start_date=20240628T183029, end_date=20240628T183029
[2024-06-28T18:30:29.774+0000] {local_task_job_runner.py:240} INFO - Task exited with return code 0
[2024-06-28T18:30:29.780+0000] {taskinstance.py:3503} INFO - 0 downstream tasks scheduled from follow-on schedule check
[2024-06-28T18:30:29.780+0000] {local_task_job_runner.py:222} INFO - ::endgroup::
[2024-06-28T22:13:39.581+0000] {local_task_job_runner.py:120} INFO - ::group::Pre task execution logs
[2024-06-28T22:13:39.591+0000] {taskinstance.py:2076} INFO - Dependencies all met for dep_context=non-requeueable deps ti=<TaskInstance: example_dag.generate_and_insert_data scheduled__2023-01-01T00:50:00+00:00 [queued]>
[2024-06-28T22:13:39.593+0000] {taskinstance.py:2076} INFO - Dependencies all met for dep_context=requeueable deps ti=<TaskInstance: example_dag.generate_and_insert_data scheduled__2023-01-01T00:50:00+00:00 [queued]>
[2024-06-28T22:13:39.594+0000] {taskinstance.py:2306} INFO - Starting attempt 1 of 2
[2024-06-28T22:13:39.598+0000] {taskinstance.py:2330} INFO - Executing <Task(PythonOperator): generate_and_insert_data> on 2023-01-01 00:50:00+00:00
[2024-06-28T22:13:39.600+0000] {standard_task_runner.py:63} INFO - Started process 192 to run task
[2024-06-28T22:13:39.601+0000] {standard_task_runner.py:90} INFO - Running: ['airflow', 'tasks', 'run', 'example_dag', 'generate_and_insert_data', 'scheduled__2023-01-01T00:50:00+00:00', '--job-id', '13', '--raw', '--subdir', 'DAGS_FOLDER/example_dag.py', '--cfg-path', '/tmp/tmpbw1rmzur']
[2024-06-28T22:13:39.602+0000] {standard_task_runner.py:91} INFO - Job 13: Subtask generate_and_insert_data
[2024-06-28T22:13:39.618+0000] {task_command.py:426} INFO - Running <TaskInstance: example_dag.generate_and_insert_data scheduled__2023-01-01T00:50:00+00:00 [running]> on host 619125b6796e
[2024-06-28T22:13:39.648+0000] {taskinstance.py:2648} INFO - Exporting env vars: AIRFLOW_CTX_DAG_OWNER='airflow' AIRFLOW_CTX_DAG_ID='example_dag' AIRFLOW_CTX_TASK_ID='generate_and_insert_data' AIRFLOW_CTX_EXECUTION_DATE='2023-01-01T00:50:00+00:00' AIRFLOW_CTX_TRY_NUMBER='1' AIRFLOW_CTX_DAG_RUN_ID='scheduled__2023-01-01T00:50:00+00:00'
[2024-06-28T22:13:39.648+0000] {taskinstance.py:430} INFO - ::endgroup::
[2024-06-28T22:13:39.653+0000] {python.py:237} INFO - Done. Returned value was: None
[2024-06-28T22:13:39.653+0000] {taskinstance.py:441} INFO - ::group::Post task execution logs
[2024-06-28T22:13:39.657+0000] {taskinstance.py:1206} INFO - Marking task as SUCCESS. dag_id=example_dag, task_id=generate_and_insert_data, run_id=scheduled__2023-01-01T00:50:00+00:00, execution_date=20230101T005000, start_date=20240628T221339, end_date=20240628T221339
[2024-06-28T22:13:39.703+0000] {local_task_job_runner.py:240} INFO - Task exited with return code 0
[2024-06-28T22:13:39.710+0000] {taskinstance.py:3503} INFO - 0 downstream tasks scheduled from follow-on schedule check
[2024-06-28T22:13:39.711+0000] {local_task_job_runner.py:222} INFO - ::endgroup::
