[2024-07-02T22:55:01.688+0000] {taskinstance.py:1103} INFO - Dependencies all met for dep_context=non-requeueable deps ti=<TaskInstance: ecomm_data_pipeline.generate_data scheduled__2024-07-02T01:00:00+00:00 [queued]>
[2024-07-02T22:55:01.691+0000] {taskinstance.py:1103} INFO - Dependencies all met for dep_context=requeueable deps ti=<TaskInstance: ecomm_data_pipeline.generate_data scheduled__2024-07-02T01:00:00+00:00 [queued]>
[2024-07-02T22:55:01.692+0000] {taskinstance.py:1308} INFO - Starting attempt 1 of 2
[2024-07-02T22:55:01.696+0000] {taskinstance.py:1327} INFO - Executing <Task(PythonOperator): generate_data> on 2024-07-02 01:00:00+00:00
[2024-07-02T22:55:01.697+0000] {standard_task_runner.py:57} INFO - Started process 43 to run task
[2024-07-02T22:55:01.698+0000] {standard_task_runner.py:84} INFO - Running: ['airflow', 'tasks', 'run', 'ecomm_data_pipeline', 'generate_data', 'scheduled__2024-07-02T01:00:00+00:00', '--job-id', '62', '--raw', '--subdir', 'DAGS_FOLDER/ecomm_dag.py', '--cfg-path', '/tmp/tmpe_fkbrd8']
[2024-07-02T22:55:01.699+0000] {standard_task_runner.py:85} INFO - Job 62: Subtask generate_data
[2024-07-02T22:55:01.717+0000] {task_command.py:410} INFO - Running <TaskInstance: ecomm_data_pipeline.generate_data scheduled__2024-07-02T01:00:00+00:00 [running]> on host 5b8fb0180af8
[2024-07-02T22:55:01.750+0000] {taskinstance.py:1545} INFO - Exporting env vars: AIRFLOW_CTX_DAG_OWNER='airflow' AIRFLOW_CTX_DAG_ID='ecomm_data_pipeline' AIRFLOW_CTX_TASK_ID='generate_data' AIRFLOW_CTX_EXECUTION_DATE='2024-07-02T01:00:00+00:00' AIRFLOW_CTX_TRY_NUMBER='1' AIRFLOW_CTX_DAG_RUN_ID='scheduled__2024-07-02T01:00:00+00:00'
[2024-07-02T22:55:01.976+0000] {local_task_job_runner.py:225} INFO - Task exited with return code 1
[2024-07-02T22:55:01.984+0000] {taskinstance.py:2651} INFO - 0 downstream tasks scheduled from follow-on schedule check
[2024-07-03T00:10:19.345+0000] {taskinstance.py:1103} INFO - Dependencies all met for dep_context=non-requeueable deps ti=<TaskInstance: ecomm_data_pipeline.generate_data scheduled__2024-07-02T01:00:00+00:00 [queued]>
[2024-07-03T00:10:19.348+0000] {taskinstance.py:1103} INFO - Dependencies all met for dep_context=requeueable deps ti=<TaskInstance: ecomm_data_pipeline.generate_data scheduled__2024-07-02T01:00:00+00:00 [queued]>
[2024-07-03T00:10:19.348+0000] {taskinstance.py:1308} INFO - Starting attempt 1 of 2
[2024-07-03T00:10:19.352+0000] {taskinstance.py:1327} INFO - Executing <Task(PythonOperator): generate_data> on 2024-07-02 01:00:00+00:00
[2024-07-03T00:10:19.353+0000] {standard_task_runner.py:57} INFO - Started process 91 to run task
[2024-07-03T00:10:19.355+0000] {standard_task_runner.py:84} INFO - Running: ['airflow', 'tasks', 'run', 'ecomm_data_pipeline', 'generate_data', 'scheduled__2024-07-02T01:00:00+00:00', '--job-id', '113', '--raw', '--subdir', 'DAGS_FOLDER/ecomm_dag.py', '--cfg-path', '/tmp/tmpntydd8wg']
[2024-07-03T00:10:19.356+0000] {standard_task_runner.py:85} INFO - Job 113: Subtask generate_data
[2024-07-03T00:10:19.375+0000] {task_command.py:410} INFO - Running <TaskInstance: ecomm_data_pipeline.generate_data scheduled__2024-07-02T01:00:00+00:00 [running]> on host a91436ab9950
[2024-07-03T00:10:19.409+0000] {taskinstance.py:1545} INFO - Exporting env vars: AIRFLOW_CTX_DAG_OWNER='airflow' AIRFLOW_CTX_DAG_ID='ecomm_data_pipeline' AIRFLOW_CTX_TASK_ID='generate_data' AIRFLOW_CTX_EXECUTION_DATE='2024-07-02T01:00:00+00:00' AIRFLOW_CTX_TRY_NUMBER='1' AIRFLOW_CTX_DAG_RUN_ID='scheduled__2024-07-02T01:00:00+00:00'
[2024-07-03T00:10:19.410+0000] {logging_mixin.py:149} INFO - Running data generation script...
[2024-07-03T00:10:19.909+0000] {logging_mixin.py:149} INFO - 2024-07-03 00:10:19,585 - INFO - Generating fake user data...
2024-07-03 00:10:19,708 - INFO - Generated 500 users.
2024-07-03 00:10:19,708 - INFO - Generating fake clickstream events...
2024-07-03 00:10:19,709 - INFO - Generated 75 clickstream events.
2024-07-03 00:10:19,709 - INFO - Generating fake transaction data...
2024-07-03 00:10:19,709 - INFO - Generated 23 transaction data records.
2024-07-03 00:10:19,709 - INFO - Generating fake Google Search marketing data...
2024-07-03 00:10:19,723 - INFO - Generated 1000 Google Search marketing data records.
2024-07-03 00:10:19,723 - INFO - Generating fake Email Marketing data...
2024-07-03 00:10:19,853 - INFO - Generated 1000 Email Marketing data records.
2024-07-03 00:10:19,854 - INFO - Generating fake Facebook data...
2024-07-03 00:10:19,870 - INFO - Generated 1000 Facebook data records.
2024-07-03 00:10:19,870 - INFO - Writing generated data to JSON files...
2024-07-03 00:10:19,902 - INFO - Data generation complete. Sleeping for 10 minutes...
[2024-07-03T00:10:19.909+0000] {python.py:183} INFO - Done. Returned value was: None
[2024-07-03T00:10:19.916+0000] {taskinstance.py:1345} INFO - Marking task as SUCCESS. dag_id=ecomm_data_pipeline, task_id=generate_data, execution_date=20240702T010000, start_date=20240703T001019, end_date=20240703T001019
[2024-07-03T00:10:19.945+0000] {local_task_job_runner.py:225} INFO - Task exited with return code 0
[2024-07-03T00:10:19.956+0000] {taskinstance.py:2651} INFO - 6 downstream tasks scheduled from follow-on schedule check
