[2024-07-06T22:08:53.474+0000] {taskinstance.py:1103} INFO - Dependencies all met for dep_context=non-requeueable deps ti=<TaskInstance: initialize_etl_environment.create_products_table scheduled__2024-07-05T00:00:00+00:00 [queued]>
[2024-07-06T22:08:53.478+0000] {taskinstance.py:1103} INFO - Dependencies all met for dep_context=requeueable deps ti=<TaskInstance: initialize_etl_environment.create_products_table scheduled__2024-07-05T00:00:00+00:00 [queued]>
[2024-07-06T22:08:53.478+0000] {taskinstance.py:1308} INFO - Starting attempt 1 of 2
[2024-07-06T22:08:53.484+0000] {taskinstance.py:1327} INFO - Executing <Task(PostgresOperator): create_products_table> on 2024-07-05 00:00:00+00:00
[2024-07-06T22:08:53.486+0000] {standard_task_runner.py:57} INFO - Started process 4403 to run task
[2024-07-06T22:08:53.487+0000] {standard_task_runner.py:84} INFO - Running: ['airflow', 'tasks', 'run', 'initialize_etl_environment', 'create_products_table', 'scheduled__2024-07-05T00:00:00+00:00', '--job-id', '1199', '--raw', '--subdir', 'DAGS_FOLDER/etl_env_init.py', '--cfg-path', '/tmp/tmpur8apxxy']
[2024-07-06T22:08:53.488+0000] {standard_task_runner.py:85} INFO - Job 1199: Subtask create_products_table
[2024-07-06T22:08:53.511+0000] {task_command.py:410} INFO - Running <TaskInstance: initialize_etl_environment.create_products_table scheduled__2024-07-05T00:00:00+00:00 [running]> on host c058add182a5
[2024-07-06T22:08:53.549+0000] {taskinstance.py:1545} INFO - Exporting env vars: AIRFLOW_CTX_DAG_EMAIL='airflow@example.com' AIRFLOW_CTX_DAG_OWNER='airflow' AIRFLOW_CTX_DAG_ID='initialize_etl_environment' AIRFLOW_CTX_TASK_ID='create_products_table' AIRFLOW_CTX_EXECUTION_DATE='2024-07-05T00:00:00+00:00' AIRFLOW_CTX_TRY_NUMBER='1' AIRFLOW_CTX_DAG_RUN_ID='scheduled__2024-07-05T00:00:00+00:00'
[2024-07-06T22:08:53.549+0000] {sql.py:262} INFO - Executing: 
    CREATE TABLE IF NOT EXISTS raw.products (
        product_id INT PRIMARY KEY,
        name VARCHAR(255),
        category VARCHAR(255),
        description VARCHAR(255),
        price DECIMAL,
        created_at TIMESTAMP 
    );
        
    
[2024-07-06T22:08:53.552+0000] {base.py:73} INFO - Using connection ID 'company_dw' for task execution.
[2024-07-06T22:08:53.574+0000] {base.py:73} INFO - Using connection ID 'company_dw' for task execution.
[2024-07-06T22:08:53.576+0000] {sql.py:375} INFO - Running statement: 
    CREATE TABLE IF NOT EXISTS raw.products (
        product_id INT PRIMARY KEY,
        name VARCHAR(255),
        category VARCHAR(255),
        description VARCHAR(255),
        price DECIMAL,
        created_at TIMESTAMP 
    );
        
    , parameters: None
[2024-07-06T22:08:53.581+0000] {taskinstance.py:1345} INFO - Marking task as SUCCESS. dag_id=initialize_etl_environment, task_id=create_products_table, execution_date=20240705T000000, start_date=20240706T220853, end_date=20240706T220853
[2024-07-06T22:08:53.632+0000] {local_task_job_runner.py:225} INFO - Task exited with return code 0
[2024-07-06T22:08:53.640+0000] {taskinstance.py:2651} INFO - 0 downstream tasks scheduled from follow-on schedule check
