[2024-07-15T23:31:45.751+0000] {taskinstance.py:1037} DEBUG - previous_execution_date was called
[2024-07-15T23:31:45.762+0000] {__init__.py:51} DEBUG - Loading core task runner: StandardTaskRunner
[2024-07-15T23:31:45.767+0000] {taskinstance.py:1037} DEBUG - previous_execution_date was called
[2024-07-15T23:31:45.770+0000] {base_task_runner.py:68} DEBUG - Planning to run as the  user
[2024-07-15T23:31:45.771+0000] {taskinstance.py:789} DEBUG - Refreshing TaskInstance <TaskInstance: run_dbt_init_tasks.generate_dbt_docs manual__2024-07-15T23:31:28.683097+00:00 [queued]> from DB
[2024-07-15T23:31:45.778+0000] {taskinstance.py:1112} DEBUG - <TaskInstance: run_dbt_init_tasks.generate_dbt_docs manual__2024-07-15T23:31:28.683097+00:00 [queued]> dependency 'Not In Retry Period' PASSED: True, The task instance was not marked for retrying.
[2024-07-15T23:31:45.781+0000] {taskinstance.py:1112} DEBUG - <TaskInstance: run_dbt_init_tasks.generate_dbt_docs manual__2024-07-15T23:31:28.683097+00:00 [queued]> dependency 'Task Instance State' PASSED: True, Task state queued was valid.
[2024-07-15T23:31:45.781+0000] {taskinstance.py:1112} DEBUG - <TaskInstance: run_dbt_init_tasks.generate_dbt_docs manual__2024-07-15T23:31:28.683097+00:00 [queued]> dependency 'Previous Dagrun State' PASSED: True, The task did not have depends_on_past set.
[2024-07-15T23:31:45.781+0000] {taskinstance.py:1112} DEBUG - <TaskInstance: run_dbt_init_tasks.generate_dbt_docs manual__2024-07-15T23:31:28.683097+00:00 [queued]> dependency 'Task Instance Not Running' PASSED: True, Task is not in running state.
[2024-07-15T23:31:45.782+0000] {taskinstance.py:1103} INFO - Dependencies all met for dep_context=non-requeueable deps ti=<TaskInstance: run_dbt_init_tasks.generate_dbt_docs manual__2024-07-15T23:31:28.683097+00:00 [queued]>
[2024-07-15T23:31:45.782+0000] {taskinstance.py:1112} DEBUG - <TaskInstance: run_dbt_init_tasks.generate_dbt_docs manual__2024-07-15T23:31:28.683097+00:00 [queued]> dependency 'Not In Retry Period' PASSED: True, The task instance was not marked for retrying.
[2024-07-15T23:31:45.785+0000] {taskinstance.py:1112} DEBUG - <TaskInstance: run_dbt_init_tasks.generate_dbt_docs manual__2024-07-15T23:31:28.683097+00:00 [queued]> dependency 'Pool Slots Available' PASSED: True, There are enough open slots in default_pool to execute the task
[2024-07-15T23:31:45.785+0000] {taskinstance.py:1112} DEBUG - <TaskInstance: run_dbt_init_tasks.generate_dbt_docs manual__2024-07-15T23:31:28.683097+00:00 [queued]> dependency 'Previous Dagrun State' PASSED: True, The task did not have depends_on_past set.
[2024-07-15T23:31:45.785+0000] {taskinstance.py:1112} DEBUG - <TaskInstance: run_dbt_init_tasks.generate_dbt_docs manual__2024-07-15T23:31:28.683097+00:00 [queued]> dependency 'Task Concurrency' PASSED: True, Task concurrency is not set.
[2024-07-15T23:31:45.786+0000] {taskinstance.py:1103} INFO - Dependencies all met for dep_context=requeueable deps ti=<TaskInstance: run_dbt_init_tasks.generate_dbt_docs manual__2024-07-15T23:31:28.683097+00:00 [queued]>
[2024-07-15T23:31:45.786+0000] {taskinstance.py:1308} INFO - Starting attempt 1 of 1
[2024-07-15T23:31:45.790+0000] {taskinstance.py:1327} INFO - Executing <Task(BashOperator): generate_dbt_docs> on 2024-07-15 23:31:28.683097+00:00
[2024-07-15T23:31:45.792+0000] {standard_task_runner.py:57} INFO - Started process 236 to run task
[2024-07-15T23:31:45.793+0000] {standard_task_runner.py:84} INFO - Running: ['airflow', 'tasks', 'run', 'run_dbt_init_tasks', 'generate_dbt_docs', 'manual__2024-07-15T23:31:28.683097+00:00', '--job-id', '86', '--raw', '--subdir', 'DAGS_FOLDER/run_dbt_init_tasks.py', '--cfg-path', '/tmp/tmp067tnuh1']
[2024-07-15T23:31:45.794+0000] {standard_task_runner.py:85} INFO - Job 86: Subtask generate_dbt_docs
[2024-07-15T23:31:45.794+0000] {cli_action_loggers.py:65} DEBUG - Calling callbacks: [<function default_action_log at 0xffff7ee0a550>]
[2024-07-15T23:31:45.812+0000] {taskinstance.py:1037} DEBUG - previous_execution_date was called
[2024-07-15T23:31:45.815+0000] {task_command.py:410} INFO - Running <TaskInstance: run_dbt_init_tasks.generate_dbt_docs manual__2024-07-15T23:31:28.683097+00:00 [running]> on host f934d9af8cb8
[2024-07-15T23:31:45.816+0000] {settings.py:353} DEBUG - Disposing DB connection pool (PID 236)
[2024-07-15T23:31:45.816+0000] {settings.py:212} DEBUG - Setting up DB connection pool (PID 236)
[2024-07-15T23:31:45.816+0000] {settings.py:285} DEBUG - settings.prepare_engine_args(): Using NullPool
[2024-07-15T23:31:45.817+0000] {taskinstance.py:789} DEBUG - Refreshing TaskInstance <TaskInstance: run_dbt_init_tasks.generate_dbt_docs manual__2024-07-15T23:31:28.683097+00:00 [running]> from DB
[2024-07-15T23:31:45.834+0000] {taskinstance.py:1037} DEBUG - previous_execution_date was called
[2024-07-15T23:31:45.837+0000] {taskinstance.py:868} DEBUG - Clearing XCom data
[2024-07-15T23:31:45.850+0000] {retries.py:80} DEBUG - Running RenderedTaskInstanceFields._do_delete_old_records with retries. Try 1 of 3
[2024-07-15T23:31:45.855+0000] {taskinstance.py:1545} INFO - Exporting env vars: AIRFLOW_CTX_DAG_OWNER='airflow' AIRFLOW_CTX_DAG_ID='run_dbt_init_tasks' AIRFLOW_CTX_TASK_ID='generate_dbt_docs' AIRFLOW_CTX_EXECUTION_DATE='2024-07-15T23:31:28.683097+00:00' AIRFLOW_CTX_TRY_NUMBER='1' AIRFLOW_CTX_DAG_RUN_ID='manual__2024-07-15T23:31:28.683097+00:00'
[2024-07-15T23:31:45.856+0000] {__init__.py:117} DEBUG - Preparing lineage inlets and outlets
[2024-07-15T23:31:45.856+0000] {__init__.py:155} DEBUG - inlets: [], outlets: []
[2024-07-15T23:31:45.856+0000] {bash.py:186} DEBUG - Exporting env vars: AIRFLOW_CTX_DAG_OWNER='airflow' AIRFLOW_CTX_DAG_ID='run_dbt_init_tasks' AIRFLOW_CTX_TASK_ID='generate_dbt_docs' AIRFLOW_CTX_EXECUTION_DATE='2024-07-15T23:31:28.683097+00:00' AIRFLOW_CTX_TRY_NUMBER='1' AIRFLOW_CTX_DAG_RUN_ID='manual__2024-07-15T23:31:28.683097+00:00'
[2024-07-15T23:31:45.856+0000] {subprocess.py:63} INFO - Tmp dir root location: 
 /tmp
[2024-07-15T23:31:45.857+0000] {subprocess.py:75} INFO - Running command: ['/bin/bash', '-c', 'dbt docs generate --profiles-dir /opt/airflow/dbt --project-dir /opt/airflow/dbt']
[2024-07-15T23:31:45.859+0000] {subprocess.py:86} INFO - Output:
[2024-07-15T23:31:46.855+0000] {subprocess.py:93} INFO - [0m23:31:46  Running with dbt=1.8.3
[2024-07-15T23:31:46.956+0000] {subprocess.py:93} INFO - [0m23:31:46  Registered adapter: ***=1.8.2
[2024-07-15T23:31:47.047+0000] {subprocess.py:93} INFO - [0m23:31:47  Unable to do partial parsing because config vars, config profile, or config target have changed
[2024-07-15T23:31:47.049+0000] {subprocess.py:93} INFO - [0m23:31:47  Unable to do partial parsing because profile has changed
[2024-07-15T23:31:47.855+0000] {subprocess.py:93} INFO - [0m23:31:47  Found 6 models, 4 sources, 652 macros
[2024-07-15T23:31:47.857+0000] {subprocess.py:93} INFO - [0m23:31:47
[2024-07-15T23:31:47.891+0000] {subprocess.py:93} INFO - [0m23:31:47  Concurrency: 4 threads (target='dev')
[2024-07-15T23:31:47.891+0000] {subprocess.py:93} INFO - [0m23:31:47
[2024-07-15T23:31:47.985+0000] {subprocess.py:93} INFO - [0m23:31:47  Building catalog
[2024-07-15T23:31:48.040+0000] {subprocess.py:93} INFO - [0m23:31:48  Catalog written to /opt/airflow/dbt/target/catalog.json
[2024-07-15T23:31:48.519+0000] {subprocess.py:97} INFO - Command exited with return code 0
[2024-07-15T23:31:48.530+0000] {__init__.py:75} DEBUG - Lineage called with inlets: [], outlets: []
[2024-07-15T23:31:48.530+0000] {taskinstance.py:789} DEBUG - Refreshing TaskInstance <TaskInstance: run_dbt_init_tasks.generate_dbt_docs manual__2024-07-15T23:31:28.683097+00:00 [running]> from DB
[2024-07-15T23:31:48.535+0000] {taskinstance.py:1356} DEBUG - Clearing next_method and next_kwargs.
[2024-07-15T23:31:48.535+0000] {taskinstance.py:1345} INFO - Marking task as SUCCESS. dag_id=run_dbt_init_tasks, task_id=generate_dbt_docs, execution_date=20240715T233128, start_date=20240715T233145, end_date=20240715T233148
[2024-07-15T23:31:48.536+0000] {taskinstance.py:2305} DEBUG - Task Duration set to 2.753658
[2024-07-15T23:31:48.541+0000] {cli_action_loggers.py:83} DEBUG - Calling callbacks: []
[2024-07-15T23:31:48.565+0000] {local_task_job_runner.py:225} INFO - Task exited with return code 0
[2024-07-15T23:31:48.574+0000] {dagrun.py:697} DEBUG - number of tis tasks for <DagRun run_dbt_init_tasks @ 2024-07-15 23:31:28.683097+00:00: manual__2024-07-15T23:31:28.683097+00:00, state:running, queued_at: 2024-07-15 23:31:28.690136+00:00. externally triggered: True>: 0 task(s)
[2024-07-15T23:31:48.574+0000] {taskinstance.py:2651} INFO - 0 downstream tasks scheduled from follow-on schedule check
