[2024-06-27T22:33:38.091+0000] {local_task_job_runner.py:120} INFO - ::group::Pre task execution logs
[2024-06-27T22:33:38.101+0000] {taskinstance.py:2076} INFO - Dependencies all met for dep_context=non-requeueable deps ti=<TaskInstance: example_dag.generate_and_insert_data scheduled__2023-01-01T02:30:00+00:00 [queued]>
[2024-06-27T22:33:38.103+0000] {taskinstance.py:2076} INFO - Dependencies all met for dep_context=requeueable deps ti=<TaskInstance: example_dag.generate_and_insert_data scheduled__2023-01-01T02:30:00+00:00 [queued]>
[2024-06-27T22:33:38.103+0000] {taskinstance.py:2306} INFO - Starting attempt 1 of 2
[2024-06-27T22:33:38.108+0000] {taskinstance.py:2330} INFO - Executing <Task(PythonOperator): generate_and_insert_data> on 2023-01-01 02:30:00+00:00
[2024-06-27T22:33:38.109+0000] {standard_task_runner.py:63} INFO - Started process 472 to run task
[2024-06-27T22:33:38.110+0000] {standard_task_runner.py:90} INFO - Running: ['airflow', 'tasks', 'run', 'example_dag', 'generate_and_insert_data', 'scheduled__2023-01-01T02:30:00+00:00', '--job-id', '33', '--raw', '--subdir', 'DAGS_FOLDER/example_dag.py', '--cfg-path', '/tmp/tmpbuf3j_cy']
[2024-06-27T22:33:38.111+0000] {standard_task_runner.py:91} INFO - Job 33: Subtask generate_and_insert_data
[2024-06-27T22:33:38.127+0000] {task_command.py:426} INFO - Running <TaskInstance: example_dag.generate_and_insert_data scheduled__2023-01-01T02:30:00+00:00 [running]> on host 9174587f6b1d
[2024-06-27T22:33:38.154+0000] {taskinstance.py:2648} INFO - Exporting env vars: AIRFLOW_CTX_DAG_OWNER='airflow' AIRFLOW_CTX_DAG_ID='example_dag' AIRFLOW_CTX_TASK_ID='generate_and_insert_data' AIRFLOW_CTX_EXECUTION_DATE='2023-01-01T02:30:00+00:00' AIRFLOW_CTX_TRY_NUMBER='1' AIRFLOW_CTX_DAG_RUN_ID='scheduled__2023-01-01T02:30:00+00:00'
[2024-06-27T22:33:38.154+0000] {taskinstance.py:430} INFO - ::endgroup::
[2024-06-27T22:33:38.159+0000] {python.py:237} INFO - Done. Returned value was: None
[2024-06-27T22:33:38.159+0000] {taskinstance.py:441} INFO - ::group::Post task execution logs
[2024-06-27T22:33:38.163+0000] {taskinstance.py:1206} INFO - Marking task as SUCCESS. dag_id=example_dag, task_id=generate_and_insert_data, run_id=scheduled__2023-01-01T02:30:00+00:00, execution_date=20230101T023000, start_date=20240627T223338, end_date=20240627T223338
[2024-06-27T22:33:38.168+0000] {local_task_job_runner.py:240} INFO - Task exited with return code 0
[2024-06-27T22:33:38.174+0000] {taskinstance.py:3503} INFO - 0 downstream tasks scheduled from follow-on schedule check
[2024-06-27T22:33:38.175+0000] {local_task_job_runner.py:222} INFO - ::endgroup::
[2024-06-27T22:52:26.833+0000] {local_task_job_runner.py:120} INFO - ::group::Pre task execution logs
[2024-06-27T22:52:26.843+0000] {taskinstance.py:2076} INFO - Dependencies all met for dep_context=non-requeueable deps ti=<TaskInstance: example_dag.generate_and_insert_data scheduled__2023-01-01T02:30:00+00:00 [queued]>
[2024-06-27T22:52:26.845+0000] {taskinstance.py:2076} INFO - Dependencies all met for dep_context=requeueable deps ti=<TaskInstance: example_dag.generate_and_insert_data scheduled__2023-01-01T02:30:00+00:00 [queued]>
[2024-06-27T22:52:26.845+0000] {taskinstance.py:2306} INFO - Starting attempt 1 of 2
[2024-06-27T22:52:26.850+0000] {taskinstance.py:2330} INFO - Executing <Task(PythonOperator): generate_and_insert_data> on 2023-01-01 02:30:00+00:00
[2024-06-27T22:52:26.851+0000] {standard_task_runner.py:63} INFO - Started process 472 to run task
[2024-06-27T22:52:26.852+0000] {standard_task_runner.py:90} INFO - Running: ['airflow', 'tasks', 'run', 'example_dag', 'generate_and_insert_data', 'scheduled__2023-01-01T02:30:00+00:00', '--job-id', '33', '--raw', '--subdir', 'DAGS_FOLDER/example_dag.py', '--cfg-path', '/tmp/tmpq_ai64z1']
[2024-06-27T22:52:26.853+0000] {standard_task_runner.py:91} INFO - Job 33: Subtask generate_and_insert_data
[2024-06-27T22:52:26.869+0000] {task_command.py:426} INFO - Running <TaskInstance: example_dag.generate_and_insert_data scheduled__2023-01-01T02:30:00+00:00 [running]> on host a70edf9d8581
[2024-06-27T22:52:26.896+0000] {taskinstance.py:2648} INFO - Exporting env vars: AIRFLOW_CTX_DAG_OWNER='airflow' AIRFLOW_CTX_DAG_ID='example_dag' AIRFLOW_CTX_TASK_ID='generate_and_insert_data' AIRFLOW_CTX_EXECUTION_DATE='2023-01-01T02:30:00+00:00' AIRFLOW_CTX_TRY_NUMBER='1' AIRFLOW_CTX_DAG_RUN_ID='scheduled__2023-01-01T02:30:00+00:00'
[2024-06-27T22:52:26.896+0000] {taskinstance.py:430} INFO - ::endgroup::
[2024-06-27T22:52:26.901+0000] {python.py:237} INFO - Done. Returned value was: None
[2024-06-27T22:52:26.901+0000] {taskinstance.py:441} INFO - ::group::Post task execution logs
[2024-06-27T22:52:26.905+0000] {taskinstance.py:1206} INFO - Marking task as SUCCESS. dag_id=example_dag, task_id=generate_and_insert_data, run_id=scheduled__2023-01-01T02:30:00+00:00, execution_date=20230101T023000, start_date=20240627T225226, end_date=20240627T225226
[2024-06-27T22:52:26.911+0000] {local_task_job_runner.py:240} INFO - Task exited with return code 0
[2024-06-27T22:52:26.917+0000] {taskinstance.py:3503} INFO - 0 downstream tasks scheduled from follow-on schedule check
[2024-06-27T22:52:26.917+0000] {local_task_job_runner.py:222} INFO - ::endgroup::
[2024-06-27T23:00:12.135+0000] {local_task_job_runner.py:120} INFO - ::group::Pre task execution logs
[2024-06-27T23:00:12.146+0000] {taskinstance.py:2076} INFO - Dependencies all met for dep_context=non-requeueable deps ti=<TaskInstance: example_dag.generate_and_insert_data scheduled__2023-01-01T02:30:00+00:00 [queued]>
[2024-06-27T23:00:12.148+0000] {taskinstance.py:2076} INFO - Dependencies all met for dep_context=requeueable deps ti=<TaskInstance: example_dag.generate_and_insert_data scheduled__2023-01-01T02:30:00+00:00 [queued]>
[2024-06-27T23:00:12.148+0000] {taskinstance.py:2306} INFO - Starting attempt 1 of 2
[2024-06-27T23:00:12.153+0000] {taskinstance.py:2330} INFO - Executing <Task(PythonOperator): generate_and_insert_data> on 2023-01-01 02:30:00+00:00
[2024-06-27T23:00:12.154+0000] {standard_task_runner.py:63} INFO - Started process 472 to run task
[2024-06-27T23:00:12.155+0000] {standard_task_runner.py:90} INFO - Running: ['airflow', 'tasks', 'run', 'example_dag', 'generate_and_insert_data', 'scheduled__2023-01-01T02:30:00+00:00', '--job-id', '33', '--raw', '--subdir', 'DAGS_FOLDER/example_dag.py', '--cfg-path', '/tmp/tmpzor0wcw2']
[2024-06-27T23:00:12.156+0000] {standard_task_runner.py:91} INFO - Job 33: Subtask generate_and_insert_data
[2024-06-27T23:00:12.174+0000] {task_command.py:426} INFO - Running <TaskInstance: example_dag.generate_and_insert_data scheduled__2023-01-01T02:30:00+00:00 [running]> on host 5cc71d4b298c
[2024-06-27T23:00:12.205+0000] {taskinstance.py:2648} INFO - Exporting env vars: AIRFLOW_CTX_DAG_OWNER='airflow' AIRFLOW_CTX_DAG_ID='example_dag' AIRFLOW_CTX_TASK_ID='generate_and_insert_data' AIRFLOW_CTX_EXECUTION_DATE='2023-01-01T02:30:00+00:00' AIRFLOW_CTX_TRY_NUMBER='1' AIRFLOW_CTX_DAG_RUN_ID='scheduled__2023-01-01T02:30:00+00:00'
[2024-06-27T23:00:12.205+0000] {taskinstance.py:430} INFO - ::endgroup::
[2024-06-27T23:00:12.210+0000] {python.py:237} INFO - Done. Returned value was: None
[2024-06-27T23:00:12.210+0000] {taskinstance.py:441} INFO - ::group::Post task execution logs
[2024-06-27T23:00:12.215+0000] {taskinstance.py:1206} INFO - Marking task as SUCCESS. dag_id=example_dag, task_id=generate_and_insert_data, run_id=scheduled__2023-01-01T02:30:00+00:00, execution_date=20230101T023000, start_date=20240627T230012, end_date=20240627T230012
[2024-06-27T23:00:12.262+0000] {local_task_job_runner.py:240} INFO - Task exited with return code 0
[2024-06-27T23:00:12.270+0000] {taskinstance.py:3503} INFO - 0 downstream tasks scheduled from follow-on schedule check
[2024-06-27T23:00:12.270+0000] {local_task_job_runner.py:222} INFO - ::endgroup::
[2024-06-27T23:09:50.894+0000] {local_task_job_runner.py:120} INFO - ::group::Pre task execution logs
[2024-06-27T23:09:50.904+0000] {taskinstance.py:2076} INFO - Dependencies all met for dep_context=non-requeueable deps ti=<TaskInstance: example_dag.generate_and_insert_data scheduled__2023-01-01T02:30:00+00:00 [queued]>
[2024-06-27T23:09:50.907+0000] {taskinstance.py:2076} INFO - Dependencies all met for dep_context=requeueable deps ti=<TaskInstance: example_dag.generate_and_insert_data scheduled__2023-01-01T02:30:00+00:00 [queued]>
[2024-06-27T23:09:50.907+0000] {taskinstance.py:2306} INFO - Starting attempt 1 of 2
[2024-06-27T23:09:50.911+0000] {taskinstance.py:2330} INFO - Executing <Task(PythonOperator): generate_and_insert_data> on 2023-01-01 02:30:00+00:00
[2024-06-27T23:09:50.913+0000] {standard_task_runner.py:63} INFO - Started process 472 to run task
[2024-06-27T23:09:50.914+0000] {standard_task_runner.py:90} INFO - Running: ['airflow', 'tasks', 'run', 'example_dag', 'generate_and_insert_data', 'scheduled__2023-01-01T02:30:00+00:00', '--job-id', '33', '--raw', '--subdir', 'DAGS_FOLDER/example_dag.py', '--cfg-path', '/tmp/tmpd5x51xk_']
[2024-06-27T23:09:50.915+0000] {standard_task_runner.py:91} INFO - Job 33: Subtask generate_and_insert_data
[2024-06-27T23:09:50.932+0000] {task_command.py:426} INFO - Running <TaskInstance: example_dag.generate_and_insert_data scheduled__2023-01-01T02:30:00+00:00 [running]> on host 7147f8a4dc9f
[2024-06-27T23:09:50.961+0000] {taskinstance.py:2648} INFO - Exporting env vars: AIRFLOW_CTX_DAG_OWNER='airflow' AIRFLOW_CTX_DAG_ID='example_dag' AIRFLOW_CTX_TASK_ID='generate_and_insert_data' AIRFLOW_CTX_EXECUTION_DATE='2023-01-01T02:30:00+00:00' AIRFLOW_CTX_TRY_NUMBER='1' AIRFLOW_CTX_DAG_RUN_ID='scheduled__2023-01-01T02:30:00+00:00'
[2024-06-27T23:09:50.961+0000] {taskinstance.py:430} INFO - ::endgroup::
[2024-06-27T23:09:50.965+0000] {python.py:237} INFO - Done. Returned value was: None
[2024-06-27T23:09:50.966+0000] {taskinstance.py:441} INFO - ::group::Post task execution logs
[2024-06-27T23:09:50.970+0000] {taskinstance.py:1206} INFO - Marking task as SUCCESS. dag_id=example_dag, task_id=generate_and_insert_data, run_id=scheduled__2023-01-01T02:30:00+00:00, execution_date=20230101T023000, start_date=20240627T230950, end_date=20240627T230950
[2024-06-27T23:09:51.018+0000] {local_task_job_runner.py:240} INFO - Task exited with return code 0
[2024-06-27T23:09:51.026+0000] {taskinstance.py:3503} INFO - 0 downstream tasks scheduled from follow-on schedule check
[2024-06-27T23:09:51.026+0000] {local_task_job_runner.py:222} INFO - ::endgroup::
[2024-06-27T23:13:29.410+0000] {local_task_job_runner.py:120} INFO - ::group::Pre task execution logs
[2024-06-27T23:13:29.421+0000] {taskinstance.py:2076} INFO - Dependencies all met for dep_context=non-requeueable deps ti=<TaskInstance: example_dag.generate_and_insert_data scheduled__2023-01-01T02:30:00+00:00 [queued]>
[2024-06-27T23:13:29.423+0000] {taskinstance.py:2076} INFO - Dependencies all met for dep_context=requeueable deps ti=<TaskInstance: example_dag.generate_and_insert_data scheduled__2023-01-01T02:30:00+00:00 [queued]>
[2024-06-27T23:13:29.424+0000] {taskinstance.py:2306} INFO - Starting attempt 1 of 2
[2024-06-27T23:13:29.428+0000] {taskinstance.py:2330} INFO - Executing <Task(PythonOperator): generate_and_insert_data> on 2023-01-01 02:30:00+00:00
[2024-06-27T23:13:29.429+0000] {standard_task_runner.py:63} INFO - Started process 472 to run task
[2024-06-27T23:13:29.430+0000] {standard_task_runner.py:90} INFO - Running: ['airflow', 'tasks', 'run', 'example_dag', 'generate_and_insert_data', 'scheduled__2023-01-01T02:30:00+00:00', '--job-id', '33', '--raw', '--subdir', 'DAGS_FOLDER/example_dag.py', '--cfg-path', '/tmp/tmptaxbuqnc']
[2024-06-27T23:13:29.431+0000] {standard_task_runner.py:91} INFO - Job 33: Subtask generate_and_insert_data
[2024-06-27T23:13:29.447+0000] {task_command.py:426} INFO - Running <TaskInstance: example_dag.generate_and_insert_data scheduled__2023-01-01T02:30:00+00:00 [running]> on host 4bd55eb76a74
[2024-06-27T23:13:29.476+0000] {taskinstance.py:2648} INFO - Exporting env vars: AIRFLOW_CTX_DAG_OWNER='airflow' AIRFLOW_CTX_DAG_ID='example_dag' AIRFLOW_CTX_TASK_ID='generate_and_insert_data' AIRFLOW_CTX_EXECUTION_DATE='2023-01-01T02:30:00+00:00' AIRFLOW_CTX_TRY_NUMBER='1' AIRFLOW_CTX_DAG_RUN_ID='scheduled__2023-01-01T02:30:00+00:00'
[2024-06-27T23:13:29.477+0000] {taskinstance.py:430} INFO - ::endgroup::
[2024-06-27T23:13:29.481+0000] {python.py:237} INFO - Done. Returned value was: None
[2024-06-27T23:13:29.481+0000] {taskinstance.py:441} INFO - ::group::Post task execution logs
[2024-06-27T23:13:29.485+0000] {taskinstance.py:1206} INFO - Marking task as SUCCESS. dag_id=example_dag, task_id=generate_and_insert_data, run_id=scheduled__2023-01-01T02:30:00+00:00, execution_date=20230101T023000, start_date=20240627T231329, end_date=20240627T231329
[2024-06-27T23:13:29.535+0000] {local_task_job_runner.py:240} INFO - Task exited with return code 0
[2024-06-27T23:13:29.542+0000] {taskinstance.py:3503} INFO - 0 downstream tasks scheduled from follow-on schedule check
[2024-06-27T23:13:29.543+0000] {local_task_job_runner.py:222} INFO - ::endgroup::
[2024-06-28T18:13:45.245+0000] {local_task_job_runner.py:120} INFO - ::group::Pre task execution logs
[2024-06-28T18:13:45.256+0000] {taskinstance.py:2076} INFO - Dependencies all met for dep_context=non-requeueable deps ti=<TaskInstance: example_dag.generate_and_insert_data scheduled__2023-01-01T02:30:00+00:00 [queued]>
[2024-06-28T18:13:45.259+0000] {taskinstance.py:2076} INFO - Dependencies all met for dep_context=requeueable deps ti=<TaskInstance: example_dag.generate_and_insert_data scheduled__2023-01-01T02:30:00+00:00 [queued]>
[2024-06-28T18:13:45.260+0000] {taskinstance.py:2306} INFO - Starting attempt 1 of 2
[2024-06-28T18:13:45.264+0000] {taskinstance.py:2330} INFO - Executing <Task(PythonOperator): generate_and_insert_data> on 2023-01-01 02:30:00+00:00
[2024-06-28T18:13:45.266+0000] {standard_task_runner.py:63} INFO - Started process 472 to run task
[2024-06-28T18:13:45.267+0000] {standard_task_runner.py:90} INFO - Running: ['airflow', 'tasks', 'run', 'example_dag', 'generate_and_insert_data', 'scheduled__2023-01-01T02:30:00+00:00', '--job-id', '33', '--raw', '--subdir', 'DAGS_FOLDER/example_dag.py', '--cfg-path', '/tmp/tmp6a_w9af2']
[2024-06-28T18:13:45.268+0000] {standard_task_runner.py:91} INFO - Job 33: Subtask generate_and_insert_data
[2024-06-28T18:13:45.285+0000] {task_command.py:426} INFO - Running <TaskInstance: example_dag.generate_and_insert_data scheduled__2023-01-01T02:30:00+00:00 [running]> on host 08cefd381a1f
[2024-06-28T18:13:45.313+0000] {taskinstance.py:2648} INFO - Exporting env vars: AIRFLOW_CTX_DAG_OWNER='airflow' AIRFLOW_CTX_DAG_ID='example_dag' AIRFLOW_CTX_TASK_ID='generate_and_insert_data' AIRFLOW_CTX_EXECUTION_DATE='2023-01-01T02:30:00+00:00' AIRFLOW_CTX_TRY_NUMBER='1' AIRFLOW_CTX_DAG_RUN_ID='scheduled__2023-01-01T02:30:00+00:00'
[2024-06-28T18:13:45.313+0000] {taskinstance.py:430} INFO - ::endgroup::
[2024-06-28T18:13:45.318+0000] {python.py:237} INFO - Done. Returned value was: None
[2024-06-28T18:13:45.318+0000] {taskinstance.py:441} INFO - ::group::Post task execution logs
[2024-06-28T18:13:45.322+0000] {taskinstance.py:1206} INFO - Marking task as SUCCESS. dag_id=example_dag, task_id=generate_and_insert_data, run_id=scheduled__2023-01-01T02:30:00+00:00, execution_date=20230101T023000, start_date=20240628T181345, end_date=20240628T181345
[2024-06-28T18:13:45.370+0000] {local_task_job_runner.py:240} INFO - Task exited with return code 0
[2024-06-28T18:13:45.377+0000] {taskinstance.py:3503} INFO - 0 downstream tasks scheduled from follow-on schedule check
[2024-06-28T18:13:45.378+0000] {local_task_job_runner.py:222} INFO - ::endgroup::
[2024-06-28T18:21:01.002+0000] {local_task_job_runner.py:120} INFO - ::group::Pre task execution logs
[2024-06-28T18:21:01.012+0000] {taskinstance.py:2076} INFO - Dependencies all met for dep_context=non-requeueable deps ti=<TaskInstance: example_dag.generate_and_insert_data scheduled__2023-01-01T02:30:00+00:00 [queued]>
[2024-06-28T18:21:01.015+0000] {taskinstance.py:2076} INFO - Dependencies all met for dep_context=requeueable deps ti=<TaskInstance: example_dag.generate_and_insert_data scheduled__2023-01-01T02:30:00+00:00 [queued]>
[2024-06-28T18:21:01.015+0000] {taskinstance.py:2306} INFO - Starting attempt 1 of 2
[2024-06-28T18:21:01.019+0000] {taskinstance.py:2330} INFO - Executing <Task(PythonOperator): generate_and_insert_data> on 2023-01-01 02:30:00+00:00
[2024-06-28T18:21:01.021+0000] {standard_task_runner.py:63} INFO - Started process 472 to run task
[2024-06-28T18:21:01.022+0000] {standard_task_runner.py:90} INFO - Running: ['airflow', 'tasks', 'run', 'example_dag', 'generate_and_insert_data', 'scheduled__2023-01-01T02:30:00+00:00', '--job-id', '33', '--raw', '--subdir', 'DAGS_FOLDER/example_dag.py', '--cfg-path', '/tmp/tmpbs87m326']
[2024-06-28T18:21:01.022+0000] {standard_task_runner.py:91} INFO - Job 33: Subtask generate_and_insert_data
[2024-06-28T18:21:01.039+0000] {task_command.py:426} INFO - Running <TaskInstance: example_dag.generate_and_insert_data scheduled__2023-01-01T02:30:00+00:00 [running]> on host 6570e5857071
[2024-06-28T18:21:01.067+0000] {taskinstance.py:2648} INFO - Exporting env vars: AIRFLOW_CTX_DAG_OWNER='airflow' AIRFLOW_CTX_DAG_ID='example_dag' AIRFLOW_CTX_TASK_ID='generate_and_insert_data' AIRFLOW_CTX_EXECUTION_DATE='2023-01-01T02:30:00+00:00' AIRFLOW_CTX_TRY_NUMBER='1' AIRFLOW_CTX_DAG_RUN_ID='scheduled__2023-01-01T02:30:00+00:00'
[2024-06-28T18:21:01.067+0000] {taskinstance.py:430} INFO - ::endgroup::
[2024-06-28T18:21:01.071+0000] {python.py:237} INFO - Done. Returned value was: None
[2024-06-28T18:21:01.072+0000] {taskinstance.py:441} INFO - ::group::Post task execution logs
[2024-06-28T18:21:01.075+0000] {taskinstance.py:1206} INFO - Marking task as SUCCESS. dag_id=example_dag, task_id=generate_and_insert_data, run_id=scheduled__2023-01-01T02:30:00+00:00, execution_date=20230101T023000, start_date=20240628T182101, end_date=20240628T182101
[2024-06-28T18:21:01.082+0000] {local_task_job_runner.py:240} INFO - Task exited with return code 0
[2024-06-28T18:21:01.088+0000] {taskinstance.py:3503} INFO - 0 downstream tasks scheduled from follow-on schedule check
[2024-06-28T18:21:01.088+0000] {local_task_job_runner.py:222} INFO - ::endgroup::
[2024-06-28T18:31:03.657+0000] {local_task_job_runner.py:120} INFO - ::group::Pre task execution logs
[2024-06-28T18:31:03.668+0000] {taskinstance.py:2076} INFO - Dependencies all met for dep_context=non-requeueable deps ti=<TaskInstance: example_dag.generate_and_insert_data scheduled__2023-01-01T02:30:00+00:00 [queued]>
[2024-06-28T18:31:03.670+0000] {taskinstance.py:2076} INFO - Dependencies all met for dep_context=requeueable deps ti=<TaskInstance: example_dag.generate_and_insert_data scheduled__2023-01-01T02:30:00+00:00 [queued]>
[2024-06-28T18:31:03.670+0000] {taskinstance.py:2306} INFO - Starting attempt 1 of 2
[2024-06-28T18:31:03.675+0000] {taskinstance.py:2330} INFO - Executing <Task(PythonOperator): generate_and_insert_data> on 2023-01-01 02:30:00+00:00
[2024-06-28T18:31:03.676+0000] {standard_task_runner.py:63} INFO - Started process 472 to run task
[2024-06-28T18:31:03.678+0000] {standard_task_runner.py:90} INFO - Running: ['airflow', 'tasks', 'run', 'example_dag', 'generate_and_insert_data', 'scheduled__2023-01-01T02:30:00+00:00', '--job-id', '33', '--raw', '--subdir', 'DAGS_FOLDER/example_dag.py', '--cfg-path', '/tmp/tmpijmq5dh3']
[2024-06-28T18:31:03.678+0000] {standard_task_runner.py:91} INFO - Job 33: Subtask generate_and_insert_data
[2024-06-28T18:31:03.699+0000] {task_command.py:426} INFO - Running <TaskInstance: example_dag.generate_and_insert_data scheduled__2023-01-01T02:30:00+00:00 [running]> on host 50bf780463b8
[2024-06-28T18:31:03.731+0000] {taskinstance.py:2648} INFO - Exporting env vars: AIRFLOW_CTX_DAG_OWNER='airflow' AIRFLOW_CTX_DAG_ID='example_dag' AIRFLOW_CTX_TASK_ID='generate_and_insert_data' AIRFLOW_CTX_EXECUTION_DATE='2023-01-01T02:30:00+00:00' AIRFLOW_CTX_TRY_NUMBER='1' AIRFLOW_CTX_DAG_RUN_ID='scheduled__2023-01-01T02:30:00+00:00'
[2024-06-28T18:31:03.731+0000] {taskinstance.py:430} INFO - ::endgroup::
[2024-06-28T18:31:03.736+0000] {python.py:237} INFO - Done. Returned value was: None
[2024-06-28T18:31:03.736+0000] {taskinstance.py:441} INFO - ::group::Post task execution logs
[2024-06-28T18:31:03.740+0000] {taskinstance.py:1206} INFO - Marking task as SUCCESS. dag_id=example_dag, task_id=generate_and_insert_data, run_id=scheduled__2023-01-01T02:30:00+00:00, execution_date=20230101T023000, start_date=20240628T183103, end_date=20240628T183103
[2024-06-28T18:31:03.780+0000] {local_task_job_runner.py:240} INFO - Task exited with return code 0
[2024-06-28T18:31:03.787+0000] {taskinstance.py:3503} INFO - 0 downstream tasks scheduled from follow-on schedule check
[2024-06-28T18:31:03.788+0000] {local_task_job_runner.py:222} INFO - ::endgroup::
[2024-06-28T22:14:13.134+0000] {local_task_job_runner.py:120} INFO - ::group::Pre task execution logs
[2024-06-28T22:14:13.144+0000] {taskinstance.py:2076} INFO - Dependencies all met for dep_context=non-requeueable deps ti=<TaskInstance: example_dag.generate_and_insert_data scheduled__2023-01-01T02:30:00+00:00 [queued]>
[2024-06-28T22:14:13.147+0000] {taskinstance.py:2076} INFO - Dependencies all met for dep_context=requeueable deps ti=<TaskInstance: example_dag.generate_and_insert_data scheduled__2023-01-01T02:30:00+00:00 [queued]>
[2024-06-28T22:14:13.147+0000] {taskinstance.py:2306} INFO - Starting attempt 1 of 2
[2024-06-28T22:14:13.151+0000] {taskinstance.py:2330} INFO - Executing <Task(PythonOperator): generate_and_insert_data> on 2023-01-01 02:30:00+00:00
[2024-06-28T22:14:13.153+0000] {standard_task_runner.py:63} INFO - Started process 472 to run task
[2024-06-28T22:14:13.154+0000] {standard_task_runner.py:90} INFO - Running: ['airflow', 'tasks', 'run', 'example_dag', 'generate_and_insert_data', 'scheduled__2023-01-01T02:30:00+00:00', '--job-id', '33', '--raw', '--subdir', 'DAGS_FOLDER/example_dag.py', '--cfg-path', '/tmp/tmpvb4cg7tu']
[2024-06-28T22:14:13.155+0000] {standard_task_runner.py:91} INFO - Job 33: Subtask generate_and_insert_data
[2024-06-28T22:14:13.172+0000] {task_command.py:426} INFO - Running <TaskInstance: example_dag.generate_and_insert_data scheduled__2023-01-01T02:30:00+00:00 [running]> on host 619125b6796e
[2024-06-28T22:14:13.201+0000] {taskinstance.py:2648} INFO - Exporting env vars: AIRFLOW_CTX_DAG_OWNER='airflow' AIRFLOW_CTX_DAG_ID='example_dag' AIRFLOW_CTX_TASK_ID='generate_and_insert_data' AIRFLOW_CTX_EXECUTION_DATE='2023-01-01T02:30:00+00:00' AIRFLOW_CTX_TRY_NUMBER='1' AIRFLOW_CTX_DAG_RUN_ID='scheduled__2023-01-01T02:30:00+00:00'
[2024-06-28T22:14:13.202+0000] {taskinstance.py:430} INFO - ::endgroup::
[2024-06-28T22:14:13.206+0000] {python.py:237} INFO - Done. Returned value was: None
[2024-06-28T22:14:13.206+0000] {taskinstance.py:441} INFO - ::group::Post task execution logs
[2024-06-28T22:14:13.211+0000] {taskinstance.py:1206} INFO - Marking task as SUCCESS. dag_id=example_dag, task_id=generate_and_insert_data, run_id=scheduled__2023-01-01T02:30:00+00:00, execution_date=20230101T023000, start_date=20240628T221413, end_date=20240628T221413
[2024-06-28T22:14:13.253+0000] {local_task_job_runner.py:240} INFO - Task exited with return code 0
[2024-06-28T22:14:13.260+0000] {taskinstance.py:3503} INFO - 0 downstream tasks scheduled from follow-on schedule check
[2024-06-28T22:14:13.261+0000] {local_task_job_runner.py:222} INFO - ::endgroup::
