[2024-07-03T00:27:09.944+0000] {taskinstance.py:1103} INFO - Dependencies all met for dep_context=non-requeueable deps ti=<TaskInstance: ecomm_data_pipeline.insert_transactions scheduled__2024-07-02T22:10:00+00:00 [queued]>
[2024-07-03T00:27:09.948+0000] {taskinstance.py:1103} INFO - Dependencies all met for dep_context=requeueable deps ti=<TaskInstance: ecomm_data_pipeline.insert_transactions scheduled__2024-07-02T22:10:00+00:00 [queued]>
[2024-07-03T00:27:09.948+0000] {taskinstance.py:1308} INFO - Starting attempt 1 of 2
[2024-07-03T00:27:09.952+0000] {taskinstance.py:1327} INFO - Executing <Task(PythonOperator): insert_transactions> on 2024-07-02 22:10:00+00:00
[2024-07-03T00:27:09.954+0000] {standard_task_runner.py:57} INFO - Started process 251 to run task
[2024-07-03T00:27:09.955+0000] {standard_task_runner.py:84} INFO - Running: ['airflow', 'tasks', 'run', 'ecomm_data_pipeline', 'insert_transactions', 'scheduled__2024-07-02T22:10:00+00:00', '--job-id', '310', '--raw', '--subdir', 'DAGS_FOLDER/ecomm_dag.py', '--cfg-path', '/tmp/tmpgiaos7pf']
[2024-07-03T00:27:09.956+0000] {standard_task_runner.py:85} INFO - Job 310: Subtask insert_transactions
[2024-07-03T00:27:09.975+0000] {task_command.py:410} INFO - Running <TaskInstance: ecomm_data_pipeline.insert_transactions scheduled__2024-07-02T22:10:00+00:00 [running]> on host e25ac14d8d5f
[2024-07-03T00:27:10.012+0000] {taskinstance.py:1545} INFO - Exporting env vars: AIRFLOW_CTX_DAG_OWNER='airflow' AIRFLOW_CTX_DAG_ID='ecomm_data_pipeline' AIRFLOW_CTX_TASK_ID='insert_transactions' AIRFLOW_CTX_EXECUTION_DATE='2024-07-02T22:10:00+00:00' AIRFLOW_CTX_TRY_NUMBER='1' AIRFLOW_CTX_DAG_RUN_ID='scheduled__2024-07-02T22:10:00+00:00'
[2024-07-03T00:27:10.013+0000] {logging_mixin.py:149} INFO - Inserting data into transactions from /opt/airflow/generator/fake_transaction_data.json...
[2024-07-03T00:27:10.014+0000] {logging_mixin.py:149} INFO - Error inserting data into transactions: not all arguments converted during string formatting
[2024-07-03T00:27:10.014+0000] {python.py:183} INFO - Done. Returned value was: None
[2024-07-03T00:27:10.018+0000] {taskinstance.py:1345} INFO - Marking task as SUCCESS. dag_id=ecomm_data_pipeline, task_id=insert_transactions, execution_date=20240702T221000, start_date=20240703T002709, end_date=20240703T002710
[2024-07-03T00:27:10.060+0000] {local_task_job_runner.py:225} INFO - Task exited with return code 0
[2024-07-03T00:27:10.068+0000] {taskinstance.py:2651} INFO - 0 downstream tasks scheduled from follow-on schedule check
[2024-07-03T00:48:28.186+0000] {taskinstance.py:1103} INFO - Dependencies all met for dep_context=non-requeueable deps ti=<TaskInstance: ecomm_data_pipeline.insert_transactions scheduled__2024-07-02T22:10:00+00:00 [queued]>
[2024-07-03T00:48:28.189+0000] {taskinstance.py:1103} INFO - Dependencies all met for dep_context=requeueable deps ti=<TaskInstance: ecomm_data_pipeline.insert_transactions scheduled__2024-07-02T22:10:00+00:00 [queued]>
[2024-07-03T00:48:28.189+0000] {taskinstance.py:1308} INFO - Starting attempt 1 of 2
[2024-07-03T00:48:28.193+0000] {taskinstance.py:1327} INFO - Executing <Task(PythonOperator): insert_transactions> on 2024-07-02 22:10:00+00:00
[2024-07-03T00:48:28.194+0000] {standard_task_runner.py:57} INFO - Started process 62 to run task
[2024-07-03T00:48:28.196+0000] {standard_task_runner.py:84} INFO - Running: ['airflow', 'tasks', 'run', 'ecomm_data_pipeline', 'insert_transactions', 'scheduled__2024-07-02T22:10:00+00:00', '--job-id', '330', '--raw', '--subdir', 'DAGS_FOLDER/ecomm_dag.py', '--cfg-path', '/tmp/tmpjsgwh0r4']
[2024-07-03T00:48:28.196+0000] {standard_task_runner.py:85} INFO - Job 330: Subtask insert_transactions
[2024-07-03T00:48:28.215+0000] {task_command.py:410} INFO - Running <TaskInstance: ecomm_data_pipeline.insert_transactions scheduled__2024-07-02T22:10:00+00:00 [running]> on host 9ea872201ce6
[2024-07-03T00:48:28.250+0000] {taskinstance.py:1545} INFO - Exporting env vars: AIRFLOW_CTX_DAG_OWNER='airflow' AIRFLOW_CTX_DAG_ID='ecomm_data_pipeline' AIRFLOW_CTX_TASK_ID='insert_transactions' AIRFLOW_CTX_EXECUTION_DATE='2024-07-02T22:10:00+00:00' AIRFLOW_CTX_TRY_NUMBER='1' AIRFLOW_CTX_DAG_RUN_ID='scheduled__2024-07-02T22:10:00+00:00'
[2024-07-03T00:48:28.250+0000] {logging_mixin.py:149} INFO - Inserting data into transactions from /opt/airflow/generator/fake_transaction_data.json...
[2024-07-03T00:48:28.252+0000] {logging_mixin.py:149} INFO - Error inserting data into transactions: not all arguments converted during string formatting
[2024-07-03T00:48:28.252+0000] {python.py:183} INFO - Done. Returned value was: None
[2024-07-03T00:48:28.256+0000] {taskinstance.py:1345} INFO - Marking task as SUCCESS. dag_id=ecomm_data_pipeline, task_id=insert_transactions, execution_date=20240702T221000, start_date=20240703T004828, end_date=20240703T004828
[2024-07-03T00:48:28.302+0000] {local_task_job_runner.py:225} INFO - Task exited with return code 0
[2024-07-03T00:48:28.311+0000] {taskinstance.py:2651} INFO - 0 downstream tasks scheduled from follow-on schedule check
