[2024-06-27T22:37:11.446+0000] {local_task_job_runner.py:120} INFO - ::group::Pre task execution logs
[2024-06-27T22:37:11.458+0000] {taskinstance.py:2076} INFO - Dependencies all met for dep_context=non-requeueable deps ti=<TaskInstance: ecomm_data_pipeline.generate_and_insert_data scheduled__2023-01-01T21:20:00+00:00 [queued]>
[2024-06-27T22:37:11.460+0000] {taskinstance.py:2076} INFO - Dependencies all met for dep_context=requeueable deps ti=<TaskInstance: ecomm_data_pipeline.generate_and_insert_data scheduled__2023-01-01T21:20:00+00:00 [queued]>
[2024-06-27T22:37:11.461+0000] {taskinstance.py:2306} INFO - Starting attempt 1 of 2
[2024-06-27T22:37:11.465+0000] {taskinstance.py:2330} INFO - Executing <Task(PythonOperator): generate_and_insert_data> on 2023-01-01 21:20:00+00:00
[2024-06-27T22:37:11.467+0000] {standard_task_runner.py:63} INFO - Started process 2136 to run task
[2024-06-27T22:37:11.468+0000] {standard_task_runner.py:90} INFO - Running: ['airflow', 'tasks', 'run', 'ecomm_data_pipeline', 'generate_and_insert_data', 'scheduled__2023-01-01T21:20:00+00:00', '--job-id', '147', '--raw', '--subdir', 'DAGS_FOLDER/ecomm_dag.py', '--cfg-path', '/tmp/tmp65mee1xm']
[2024-06-27T22:37:11.468+0000] {standard_task_runner.py:91} INFO - Job 147: Subtask generate_and_insert_data
[2024-06-27T22:37:11.486+0000] {task_command.py:426} INFO - Running <TaskInstance: ecomm_data_pipeline.generate_and_insert_data scheduled__2023-01-01T21:20:00+00:00 [running]> on host 9174587f6b1d
[2024-06-27T22:37:11.516+0000] {taskinstance.py:2648} INFO - Exporting env vars: AIRFLOW_CTX_DAG_OWNER='airflow' AIRFLOW_CTX_DAG_ID='ecomm_data_pipeline' AIRFLOW_CTX_TASK_ID='generate_and_insert_data' AIRFLOW_CTX_EXECUTION_DATE='2023-01-01T21:20:00+00:00' AIRFLOW_CTX_TRY_NUMBER='1' AIRFLOW_CTX_DAG_RUN_ID='scheduled__2023-01-01T21:20:00+00:00'
[2024-06-27T22:37:11.516+0000] {taskinstance.py:430} INFO - ::endgroup::
[2024-06-27T22:37:11.551+0000] {logging_mixin.py:188} INFO - Error in generate_and_insert_data: Command '['python3', './generator/ecomm_generator.py']' returned non-zero exit status 2.
[2024-06-27T22:37:11.551+0000] {python.py:237} INFO - Done. Returned value was: None
[2024-06-27T22:37:11.551+0000] {taskinstance.py:441} INFO - ::group::Post task execution logs
[2024-06-27T22:37:11.556+0000] {taskinstance.py:1206} INFO - Marking task as SUCCESS. dag_id=ecomm_data_pipeline, task_id=generate_and_insert_data, run_id=scheduled__2023-01-01T21:20:00+00:00, execution_date=20230101T212000, start_date=20240627T223711, end_date=20240627T223711
[2024-06-27T22:37:11.568+0000] {local_task_job_runner.py:240} INFO - Task exited with return code 0
[2024-06-27T22:37:11.575+0000] {taskinstance.py:3503} INFO - 0 downstream tasks scheduled from follow-on schedule check
[2024-06-27T22:37:11.576+0000] {local_task_job_runner.py:222} INFO - ::endgroup::
[2024-06-29T21:40:37.918+0000] {local_task_job_runner.py:120} INFO - ::group::Pre task execution logs
[2024-06-29T21:40:37.930+0000] {taskinstance.py:2076} INFO - Dependencies all met for dep_context=non-requeueable deps ti=<TaskInstance: ecomm_data_pipeline.generate_and_insert_data scheduled__2023-01-01T21:20:00+00:00 [queued]>
[2024-06-29T21:40:37.933+0000] {taskinstance.py:2076} INFO - Dependencies all met for dep_context=requeueable deps ti=<TaskInstance: ecomm_data_pipeline.generate_and_insert_data scheduled__2023-01-01T21:20:00+00:00 [queued]>
[2024-06-29T21:40:37.933+0000] {taskinstance.py:2306} INFO - Starting attempt 1 of 2
[2024-06-29T21:40:37.938+0000] {taskinstance.py:2330} INFO - Executing <Task(PythonOperator): generate_and_insert_data> on 2023-01-01 21:20:00+00:00
[2024-06-29T21:40:37.940+0000] {standard_task_runner.py:63} INFO - Started process 1905 to run task
[2024-06-29T21:40:37.941+0000] {standard_task_runner.py:90} INFO - Running: ['airflow', 'tasks', 'run', 'ecomm_data_pipeline', 'generate_and_insert_data', 'scheduled__2023-01-01T21:20:00+00:00', '--job-id', '130', '--raw', '--subdir', 'DAGS_FOLDER/ecomm_dag.py', '--cfg-path', '/tmp/tmpyb14owiz']
[2024-06-29T21:40:37.942+0000] {standard_task_runner.py:91} INFO - Job 130: Subtask generate_and_insert_data
[2024-06-29T21:40:37.961+0000] {task_command.py:426} INFO - Running <TaskInstance: ecomm_data_pipeline.generate_and_insert_data scheduled__2023-01-01T21:20:00+00:00 [running]> on host afcb6fbf9265
[2024-06-29T21:40:37.995+0000] {taskinstance.py:2648} INFO - Exporting env vars: AIRFLOW_CTX_DAG_OWNER='airflow' AIRFLOW_CTX_DAG_ID='ecomm_data_pipeline' AIRFLOW_CTX_TASK_ID='generate_and_insert_data' AIRFLOW_CTX_EXECUTION_DATE='2023-01-01T21:20:00+00:00' AIRFLOW_CTX_TRY_NUMBER='1' AIRFLOW_CTX_DAG_RUN_ID='scheduled__2023-01-01T21:20:00+00:00'
[2024-06-29T21:40:37.995+0000] {taskinstance.py:430} INFO - ::endgroup::
[2024-06-29T21:40:38.058+0000] {logging_mixin.py:188} INFO - Error in generate_and_insert_data: Command '['python3', '/opt/airflow/generator/ecomm_generator.py']' returned non-zero exit status 1.
[2024-06-29T21:40:38.058+0000] {logging_mixin.py:188} INFO - stdout: 
[2024-06-29T21:40:38.058+0000] {logging_mixin.py:188} INFO - stderr: Traceback (most recent call last):
  File "/opt/airflow/generator/ecomm_generator.py", line 4, in <module>
    from faker import Faker
ModuleNotFoundError: No module named 'faker'
[2024-06-29T21:40:38.058+0000] {python.py:237} INFO - Done. Returned value was: None
[2024-06-29T21:40:38.059+0000] {taskinstance.py:441} INFO - ::group::Post task execution logs
[2024-06-29T21:40:38.065+0000] {taskinstance.py:1206} INFO - Marking task as SUCCESS. dag_id=ecomm_data_pipeline, task_id=generate_and_insert_data, run_id=scheduled__2023-01-01T21:20:00+00:00, execution_date=20230101T212000, start_date=20240629T214037, end_date=20240629T214038
[2024-06-29T21:40:38.080+0000] {local_task_job_runner.py:240} INFO - Task exited with return code 0
[2024-06-29T21:40:38.088+0000] {taskinstance.py:3503} INFO - 0 downstream tasks scheduled from follow-on schedule check
[2024-06-29T21:40:38.088+0000] {local_task_job_runner.py:222} INFO - ::endgroup::
[2024-06-29T22:04:26.905+0000] {local_task_job_runner.py:120} INFO - ::group::Pre task execution logs
[2024-06-29T22:04:26.916+0000] {taskinstance.py:2076} INFO - Dependencies all met for dep_context=non-requeueable deps ti=<TaskInstance: ecomm_data_pipeline.generate_and_insert_data scheduled__2023-01-01T21:20:00+00:00 [queued]>
[2024-06-29T22:04:26.919+0000] {taskinstance.py:2076} INFO - Dependencies all met for dep_context=requeueable deps ti=<TaskInstance: ecomm_data_pipeline.generate_and_insert_data scheduled__2023-01-01T21:20:00+00:00 [queued]>
[2024-06-29T22:04:26.920+0000] {taskinstance.py:2306} INFO - Starting attempt 1 of 2
[2024-06-29T22:04:26.924+0000] {taskinstance.py:2330} INFO - Executing <Task(PythonOperator): generate_and_insert_data> on 2023-01-01 21:20:00+00:00
[2024-06-29T22:04:26.926+0000] {standard_task_runner.py:63} INFO - Started process 1905 to run task
[2024-06-29T22:04:26.928+0000] {standard_task_runner.py:90} INFO - Running: ['airflow', 'tasks', 'run', 'ecomm_data_pipeline', 'generate_and_insert_data', 'scheduled__2023-01-01T21:20:00+00:00', '--job-id', '130', '--raw', '--subdir', 'DAGS_FOLDER/ecomm_dag.py', '--cfg-path', '/tmp/tmp6pgpqgwv']
[2024-06-29T22:04:26.929+0000] {standard_task_runner.py:91} INFO - Job 130: Subtask generate_and_insert_data
[2024-06-29T22:04:26.947+0000] {task_command.py:426} INFO - Running <TaskInstance: ecomm_data_pipeline.generate_and_insert_data scheduled__2023-01-01T21:20:00+00:00 [running]> on host 799998b0d26e
[2024-06-29T22:04:26.982+0000] {taskinstance.py:2648} INFO - Exporting env vars: AIRFLOW_CTX_DAG_OWNER='airflow' AIRFLOW_CTX_DAG_ID='ecomm_data_pipeline' AIRFLOW_CTX_TASK_ID='generate_and_insert_data' AIRFLOW_CTX_EXECUTION_DATE='2023-01-01T21:20:00+00:00' AIRFLOW_CTX_TRY_NUMBER='1' AIRFLOW_CTX_DAG_RUN_ID='scheduled__2023-01-01T21:20:00+00:00'
[2024-06-29T22:04:26.982+0000] {taskinstance.py:430} INFO - ::endgroup::
[2024-06-29T22:04:27.042+0000] {logging_mixin.py:188} INFO - Error in generate_and_insert_data: Command '['python3', '/opt/airflow/generator/ecomm_generator.py']' returned non-zero exit status 1.
[2024-06-29T22:04:27.042+0000] {logging_mixin.py:188} INFO - stdout: 
[2024-06-29T22:04:27.042+0000] {logging_mixin.py:188} INFO - stderr: Traceback (most recent call last):
  File "/opt/airflow/generator/ecomm_generator.py", line 4, in <module>
    from faker import Faker
ModuleNotFoundError: No module named 'faker'
[2024-06-29T22:04:27.043+0000] {python.py:237} INFO - Done. Returned value was: None
[2024-06-29T22:04:27.043+0000] {taskinstance.py:441} INFO - ::group::Post task execution logs
[2024-06-29T22:04:27.048+0000] {taskinstance.py:1206} INFO - Marking task as SUCCESS. dag_id=ecomm_data_pipeline, task_id=generate_and_insert_data, run_id=scheduled__2023-01-01T21:20:00+00:00, execution_date=20230101T212000, start_date=20240629T220426, end_date=20240629T220427
[2024-06-29T22:04:27.066+0000] {local_task_job_runner.py:240} INFO - Task exited with return code 0
[2024-06-29T22:04:27.073+0000] {taskinstance.py:3503} INFO - 0 downstream tasks scheduled from follow-on schedule check
[2024-06-29T22:04:27.074+0000] {local_task_job_runner.py:222} INFO - ::endgroup::
