[2024-06-27T22:37:13.335+0000] {local_task_job_runner.py:120} INFO - ::group::Pre task execution logs
[2024-06-27T22:37:13.345+0000] {taskinstance.py:2076} INFO - Dependencies all met for dep_context=non-requeueable deps ti=<TaskInstance: ecomm_data_pipeline.generate_and_insert_data scheduled__2023-01-01T21:30:00+00:00 [queued]>
[2024-06-27T22:37:13.348+0000] {taskinstance.py:2076} INFO - Dependencies all met for dep_context=requeueable deps ti=<TaskInstance: ecomm_data_pipeline.generate_and_insert_data scheduled__2023-01-01T21:30:00+00:00 [queued]>
[2024-06-27T22:37:13.348+0000] {taskinstance.py:2306} INFO - Starting attempt 1 of 2
[2024-06-27T22:37:13.352+0000] {taskinstance.py:2330} INFO - Executing <Task(PythonOperator): generate_and_insert_data> on 2023-01-01 21:30:00+00:00
[2024-06-27T22:37:13.354+0000] {standard_task_runner.py:63} INFO - Started process 2150 to run task
[2024-06-27T22:37:13.355+0000] {standard_task_runner.py:90} INFO - Running: ['airflow', 'tasks', 'run', 'ecomm_data_pipeline', 'generate_and_insert_data', 'scheduled__2023-01-01T21:30:00+00:00', '--job-id', '148', '--raw', '--subdir', 'DAGS_FOLDER/ecomm_dag.py', '--cfg-path', '/tmp/tmpf9p8elnm']
[2024-06-27T22:37:13.356+0000] {standard_task_runner.py:91} INFO - Job 148: Subtask generate_and_insert_data
[2024-06-27T22:37:13.372+0000] {task_command.py:426} INFO - Running <TaskInstance: ecomm_data_pipeline.generate_and_insert_data scheduled__2023-01-01T21:30:00+00:00 [running]> on host 9174587f6b1d
[2024-06-27T22:37:13.401+0000] {taskinstance.py:2648} INFO - Exporting env vars: AIRFLOW_CTX_DAG_OWNER='airflow' AIRFLOW_CTX_DAG_ID='ecomm_data_pipeline' AIRFLOW_CTX_TASK_ID='generate_and_insert_data' AIRFLOW_CTX_EXECUTION_DATE='2023-01-01T21:30:00+00:00' AIRFLOW_CTX_TRY_NUMBER='1' AIRFLOW_CTX_DAG_RUN_ID='scheduled__2023-01-01T21:30:00+00:00'
[2024-06-27T22:37:13.402+0000] {taskinstance.py:430} INFO - ::endgroup::
[2024-06-27T22:37:13.435+0000] {logging_mixin.py:188} INFO - Error in generate_and_insert_data: Command '['python3', './generator/ecomm_generator.py']' returned non-zero exit status 2.
[2024-06-27T22:37:13.435+0000] {python.py:237} INFO - Done. Returned value was: None
[2024-06-27T22:37:13.436+0000] {taskinstance.py:441} INFO - ::group::Post task execution logs
[2024-06-27T22:37:13.440+0000] {taskinstance.py:1206} INFO - Marking task as SUCCESS. dag_id=ecomm_data_pipeline, task_id=generate_and_insert_data, run_id=scheduled__2023-01-01T21:30:00+00:00, execution_date=20230101T213000, start_date=20240627T223713, end_date=20240627T223713
[2024-06-27T22:37:13.453+0000] {local_task_job_runner.py:240} INFO - Task exited with return code 0
[2024-06-27T22:37:13.460+0000] {taskinstance.py:3503} INFO - 0 downstream tasks scheduled from follow-on schedule check
[2024-06-27T22:37:13.461+0000] {local_task_job_runner.py:222} INFO - ::endgroup::
[2024-06-29T21:40:39.780+0000] {local_task_job_runner.py:120} INFO - ::group::Pre task execution logs
[2024-06-29T21:40:39.790+0000] {taskinstance.py:2076} INFO - Dependencies all met for dep_context=non-requeueable deps ti=<TaskInstance: ecomm_data_pipeline.generate_and_insert_data scheduled__2023-01-01T21:30:00+00:00 [queued]>
[2024-06-29T21:40:39.792+0000] {taskinstance.py:2076} INFO - Dependencies all met for dep_context=requeueable deps ti=<TaskInstance: ecomm_data_pipeline.generate_and_insert_data scheduled__2023-01-01T21:30:00+00:00 [queued]>
[2024-06-29T21:40:39.792+0000] {taskinstance.py:2306} INFO - Starting attempt 1 of 2
[2024-06-29T21:40:39.796+0000] {taskinstance.py:2330} INFO - Executing <Task(PythonOperator): generate_and_insert_data> on 2023-01-01 21:30:00+00:00
[2024-06-29T21:40:39.798+0000] {standard_task_runner.py:63} INFO - Started process 1919 to run task
[2024-06-29T21:40:39.799+0000] {standard_task_runner.py:90} INFO - Running: ['airflow', 'tasks', 'run', 'ecomm_data_pipeline', 'generate_and_insert_data', 'scheduled__2023-01-01T21:30:00+00:00', '--job-id', '131', '--raw', '--subdir', 'DAGS_FOLDER/ecomm_dag.py', '--cfg-path', '/tmp/tmpb20iyrnz']
[2024-06-29T21:40:39.800+0000] {standard_task_runner.py:91} INFO - Job 131: Subtask generate_and_insert_data
[2024-06-29T21:40:39.817+0000] {task_command.py:426} INFO - Running <TaskInstance: ecomm_data_pipeline.generate_and_insert_data scheduled__2023-01-01T21:30:00+00:00 [running]> on host afcb6fbf9265
[2024-06-29T21:40:39.845+0000] {taskinstance.py:2648} INFO - Exporting env vars: AIRFLOW_CTX_DAG_OWNER='airflow' AIRFLOW_CTX_DAG_ID='ecomm_data_pipeline' AIRFLOW_CTX_TASK_ID='generate_and_insert_data' AIRFLOW_CTX_EXECUTION_DATE='2023-01-01T21:30:00+00:00' AIRFLOW_CTX_TRY_NUMBER='1' AIRFLOW_CTX_DAG_RUN_ID='scheduled__2023-01-01T21:30:00+00:00'
[2024-06-29T21:40:39.845+0000] {taskinstance.py:430} INFO - ::endgroup::
[2024-06-29T21:40:39.902+0000] {logging_mixin.py:188} INFO - Error in generate_and_insert_data: Command '['python3', '/opt/airflow/generator/ecomm_generator.py']' returned non-zero exit status 1.
[2024-06-29T21:40:39.902+0000] {logging_mixin.py:188} INFO - stdout: 
[2024-06-29T21:40:39.902+0000] {logging_mixin.py:188} INFO - stderr: Traceback (most recent call last):
  File "/opt/airflow/generator/ecomm_generator.py", line 4, in <module>
    from faker import Faker
ModuleNotFoundError: No module named 'faker'
[2024-06-29T21:40:39.902+0000] {python.py:237} INFO - Done. Returned value was: None
[2024-06-29T21:40:39.903+0000] {taskinstance.py:441} INFO - ::group::Post task execution logs
[2024-06-29T21:40:39.907+0000] {taskinstance.py:1206} INFO - Marking task as SUCCESS. dag_id=ecomm_data_pipeline, task_id=generate_and_insert_data, run_id=scheduled__2023-01-01T21:30:00+00:00, execution_date=20230101T213000, start_date=20240629T214039, end_date=20240629T214039
[2024-06-29T21:40:39.948+0000] {local_task_job_runner.py:240} INFO - Task exited with return code 0
[2024-06-29T21:40:39.956+0000] {taskinstance.py:3503} INFO - 0 downstream tasks scheduled from follow-on schedule check
[2024-06-29T21:40:39.956+0000] {local_task_job_runner.py:222} INFO - ::endgroup::
[2024-06-29T22:04:29.427+0000] {local_task_job_runner.py:120} INFO - ::group::Pre task execution logs
[2024-06-29T22:04:29.437+0000] {taskinstance.py:2076} INFO - Dependencies all met for dep_context=non-requeueable deps ti=<TaskInstance: ecomm_data_pipeline.generate_and_insert_data scheduled__2023-01-01T21:30:00+00:00 [queued]>
[2024-06-29T22:04:29.440+0000] {taskinstance.py:2076} INFO - Dependencies all met for dep_context=requeueable deps ti=<TaskInstance: ecomm_data_pipeline.generate_and_insert_data scheduled__2023-01-01T21:30:00+00:00 [queued]>
[2024-06-29T22:04:29.440+0000] {taskinstance.py:2306} INFO - Starting attempt 1 of 2
[2024-06-29T22:04:29.444+0000] {taskinstance.py:2330} INFO - Executing <Task(PythonOperator): generate_and_insert_data> on 2023-01-01 21:30:00+00:00
[2024-06-29T22:04:29.446+0000] {standard_task_runner.py:63} INFO - Started process 1919 to run task
[2024-06-29T22:04:29.447+0000] {standard_task_runner.py:90} INFO - Running: ['airflow', 'tasks', 'run', 'ecomm_data_pipeline', 'generate_and_insert_data', 'scheduled__2023-01-01T21:30:00+00:00', '--job-id', '131', '--raw', '--subdir', 'DAGS_FOLDER/ecomm_dag.py', '--cfg-path', '/tmp/tmpuzzcu_rn']
[2024-06-29T22:04:29.448+0000] {standard_task_runner.py:91} INFO - Job 131: Subtask generate_and_insert_data
[2024-06-29T22:04:29.465+0000] {task_command.py:426} INFO - Running <TaskInstance: ecomm_data_pipeline.generate_and_insert_data scheduled__2023-01-01T21:30:00+00:00 [running]> on host 799998b0d26e
[2024-06-29T22:04:29.494+0000] {taskinstance.py:2648} INFO - Exporting env vars: AIRFLOW_CTX_DAG_OWNER='airflow' AIRFLOW_CTX_DAG_ID='ecomm_data_pipeline' AIRFLOW_CTX_TASK_ID='generate_and_insert_data' AIRFLOW_CTX_EXECUTION_DATE='2023-01-01T21:30:00+00:00' AIRFLOW_CTX_TRY_NUMBER='1' AIRFLOW_CTX_DAG_RUN_ID='scheduled__2023-01-01T21:30:00+00:00'
[2024-06-29T22:04:29.495+0000] {taskinstance.py:430} INFO - ::endgroup::
[2024-06-29T22:04:29.552+0000] {logging_mixin.py:188} INFO - Error in generate_and_insert_data: Command '['python3', '/opt/airflow/generator/ecomm_generator.py']' returned non-zero exit status 1.
[2024-06-29T22:04:29.552+0000] {logging_mixin.py:188} INFO - stdout: 
[2024-06-29T22:04:29.552+0000] {logging_mixin.py:188} INFO - stderr: Traceback (most recent call last):
  File "/opt/airflow/generator/ecomm_generator.py", line 4, in <module>
    from faker import Faker
ModuleNotFoundError: No module named 'faker'
[2024-06-29T22:04:29.553+0000] {python.py:237} INFO - Done. Returned value was: None
[2024-06-29T22:04:29.553+0000] {taskinstance.py:441} INFO - ::group::Post task execution logs
[2024-06-29T22:04:29.557+0000] {taskinstance.py:1206} INFO - Marking task as SUCCESS. dag_id=ecomm_data_pipeline, task_id=generate_and_insert_data, run_id=scheduled__2023-01-01T21:30:00+00:00, execution_date=20230101T213000, start_date=20240629T220429, end_date=20240629T220429
[2024-06-29T22:04:29.595+0000] {local_task_job_runner.py:240} INFO - Task exited with return code 0
[2024-06-29T22:04:29.602+0000] {taskinstance.py:3503} INFO - 0 downstream tasks scheduled from follow-on schedule check
[2024-06-29T22:04:29.602+0000] {local_task_job_runner.py:222} INFO - ::endgroup::
