[2024-07-06T22:08:15.748+0000] {taskinstance.py:1103} INFO - Dependencies all met for dep_context=non-requeueable deps ti=<TaskInstance: initialize_etl_environment.create_last_transfer_table scheduled__2024-07-05T00:00:00+00:00 [queued]>
[2024-07-06T22:08:15.751+0000] {taskinstance.py:1103} INFO - Dependencies all met for dep_context=requeueable deps ti=<TaskInstance: initialize_etl_environment.create_last_transfer_table scheduled__2024-07-05T00:00:00+00:00 [queued]>
[2024-07-06T22:08:15.752+0000] {taskinstance.py:1308} INFO - Starting attempt 1 of 2
[2024-07-06T22:08:15.756+0000] {taskinstance.py:1327} INFO - Executing <Task(PostgresOperator): create_last_transfer_table> on 2024-07-05 00:00:00+00:00
[2024-07-06T22:08:15.758+0000] {standard_task_runner.py:57} INFO - Started process 4323 to run task
[2024-07-06T22:08:15.759+0000] {standard_task_runner.py:84} INFO - Running: ['airflow', 'tasks', 'run', 'initialize_etl_environment', 'create_last_transfer_table', 'scheduled__2024-07-05T00:00:00+00:00', '--job-id', '1174', '--raw', '--subdir', 'DAGS_FOLDER/etl_env_init.py', '--cfg-path', '/tmp/tmpe0y03wqd']
[2024-07-06T22:08:15.760+0000] {standard_task_runner.py:85} INFO - Job 1174: Subtask create_last_transfer_table
[2024-07-06T22:08:15.783+0000] {task_command.py:410} INFO - Running <TaskInstance: initialize_etl_environment.create_last_transfer_table scheduled__2024-07-05T00:00:00+00:00 [running]> on host c058add182a5
[2024-07-06T22:08:15.821+0000] {taskinstance.py:1545} INFO - Exporting env vars: AIRFLOW_CTX_DAG_EMAIL='airflow@example.com' AIRFLOW_CTX_DAG_OWNER='airflow' AIRFLOW_CTX_DAG_ID='initialize_etl_environment' AIRFLOW_CTX_TASK_ID='create_last_transfer_table' AIRFLOW_CTX_EXECUTION_DATE='2024-07-05T00:00:00+00:00' AIRFLOW_CTX_TRY_NUMBER='1' AIRFLOW_CTX_DAG_RUN_ID='scheduled__2024-07-05T00:00:00+00:00'
[2024-07-06T22:08:15.822+0000] {sql.py:262} INFO - Executing: 
    CREATE TABLE IF NOT EXISTS ops.last_transfer (
        id SERIAL PRIMARY KEY,
        table_name VARCHAR(50),
        last_transfer TIMESTAMP
    );
    
[2024-07-06T22:08:15.825+0000] {base.py:73} INFO - Using connection ID 'company_dw' for task execution.
[2024-07-06T22:08:15.847+0000] {base.py:73} INFO - Using connection ID 'company_dw' for task execution.
[2024-07-06T22:08:15.849+0000] {sql.py:375} INFO - Running statement: 
    CREATE TABLE IF NOT EXISTS ops.last_transfer (
        id SERIAL PRIMARY KEY,
        table_name VARCHAR(50),
        last_transfer TIMESTAMP
    );
    , parameters: None
[2024-07-06T22:08:15.854+0000] {taskinstance.py:1345} INFO - Marking task as SUCCESS. dag_id=initialize_etl_environment, task_id=create_last_transfer_table, execution_date=20240705T000000, start_date=20240706T220815, end_date=20240706T220815
[2024-07-06T22:08:15.864+0000] {local_task_job_runner.py:225} INFO - Task exited with return code 0
[2024-07-06T22:08:15.876+0000] {taskinstance.py:2651} INFO - 7 downstream tasks scheduled from follow-on schedule check
