[2024-06-27T22:35:18.749+0000] {local_task_job_runner.py:120} INFO - ::group::Pre task execution logs
[2024-06-27T22:35:18.759+0000] {taskinstance.py:2076} INFO - Dependencies all met for dep_context=non-requeueable deps ti=<TaskInstance: ecomm_data_pipeline.generate_and_insert_data scheduled__2023-01-01T11:20:00+00:00 [queued]>
[2024-06-27T22:35:18.761+0000] {taskinstance.py:2076} INFO - Dependencies all met for dep_context=requeueable deps ti=<TaskInstance: ecomm_data_pipeline.generate_and_insert_data scheduled__2023-01-01T11:20:00+00:00 [queued]>
[2024-06-27T22:35:18.761+0000] {taskinstance.py:2306} INFO - Starting attempt 1 of 2
[2024-06-27T22:35:18.766+0000] {taskinstance.py:2330} INFO - Executing <Task(PythonOperator): generate_and_insert_data> on 2023-01-01 11:20:00+00:00
[2024-06-27T22:35:18.767+0000] {standard_task_runner.py:63} INFO - Started process 1266 to run task
[2024-06-27T22:35:18.768+0000] {standard_task_runner.py:90} INFO - Running: ['airflow', 'tasks', 'run', 'ecomm_data_pipeline', 'generate_and_insert_data', 'scheduled__2023-01-01T11:20:00+00:00', '--job-id', '87', '--raw', '--subdir', 'DAGS_FOLDER/ecomm_dag.py', '--cfg-path', '/tmp/tmpfz816065']
[2024-06-27T22:35:18.769+0000] {standard_task_runner.py:91} INFO - Job 87: Subtask generate_and_insert_data
[2024-06-27T22:35:18.785+0000] {task_command.py:426} INFO - Running <TaskInstance: ecomm_data_pipeline.generate_and_insert_data scheduled__2023-01-01T11:20:00+00:00 [running]> on host 9174587f6b1d
[2024-06-27T22:35:18.813+0000] {taskinstance.py:2648} INFO - Exporting env vars: AIRFLOW_CTX_DAG_OWNER='airflow' AIRFLOW_CTX_DAG_ID='ecomm_data_pipeline' AIRFLOW_CTX_TASK_ID='generate_and_insert_data' AIRFLOW_CTX_EXECUTION_DATE='2023-01-01T11:20:00+00:00' AIRFLOW_CTX_TRY_NUMBER='1' AIRFLOW_CTX_DAG_RUN_ID='scheduled__2023-01-01T11:20:00+00:00'
[2024-06-27T22:35:18.813+0000] {taskinstance.py:430} INFO - ::endgroup::
[2024-06-27T22:35:18.846+0000] {logging_mixin.py:188} INFO - Error in generate_and_insert_data: Command '['python3', './generator/ecomm_generator.py']' returned non-zero exit status 2.
[2024-06-27T22:35:18.847+0000] {python.py:237} INFO - Done. Returned value was: None
[2024-06-27T22:35:18.847+0000] {taskinstance.py:441} INFO - ::group::Post task execution logs
[2024-06-27T22:35:18.852+0000] {taskinstance.py:1206} INFO - Marking task as SUCCESS. dag_id=ecomm_data_pipeline, task_id=generate_and_insert_data, run_id=scheduled__2023-01-01T11:20:00+00:00, execution_date=20230101T112000, start_date=20240627T223518, end_date=20240627T223518
[2024-06-27T22:35:18.871+0000] {local_task_job_runner.py:240} INFO - Task exited with return code 0
[2024-06-27T22:35:18.877+0000] {taskinstance.py:3503} INFO - 0 downstream tasks scheduled from follow-on schedule check
[2024-06-27T22:35:18.877+0000] {local_task_job_runner.py:222} INFO - ::endgroup::
[2024-06-28T18:16:34.550+0000] {local_task_job_runner.py:120} INFO - ::group::Pre task execution logs
[2024-06-28T18:16:34.561+0000] {taskinstance.py:2076} INFO - Dependencies all met for dep_context=non-requeueable deps ti=<TaskInstance: ecomm_data_pipeline.generate_and_insert_data scheduled__2023-01-01T11:20:00+00:00 [queued]>
[2024-06-28T18:16:34.563+0000] {taskinstance.py:2076} INFO - Dependencies all met for dep_context=requeueable deps ti=<TaskInstance: ecomm_data_pipeline.generate_and_insert_data scheduled__2023-01-01T11:20:00+00:00 [queued]>
[2024-06-28T18:16:34.563+0000] {taskinstance.py:2306} INFO - Starting attempt 1 of 2
[2024-06-28T18:16:34.568+0000] {taskinstance.py:2330} INFO - Executing <Task(PythonOperator): generate_and_insert_data> on 2023-01-01 11:20:00+00:00
[2024-06-28T18:16:34.569+0000] {standard_task_runner.py:63} INFO - Started process 1962 to run task
[2024-06-28T18:16:34.570+0000] {standard_task_runner.py:90} INFO - Running: ['airflow', 'tasks', 'run', 'ecomm_data_pipeline', 'generate_and_insert_data', 'scheduled__2023-01-01T11:20:00+00:00', '--job-id', '139', '--raw', '--subdir', 'DAGS_FOLDER/ecomm_dag.py', '--cfg-path', '/tmp/tmpvml493kw']
[2024-06-28T18:16:34.571+0000] {standard_task_runner.py:91} INFO - Job 139: Subtask generate_and_insert_data
[2024-06-28T18:16:34.588+0000] {task_command.py:426} INFO - Running <TaskInstance: ecomm_data_pipeline.generate_and_insert_data scheduled__2023-01-01T11:20:00+00:00 [running]> on host 08cefd381a1f
[2024-06-28T18:16:34.617+0000] {taskinstance.py:2648} INFO - Exporting env vars: AIRFLOW_CTX_DAG_OWNER='airflow' AIRFLOW_CTX_DAG_ID='ecomm_data_pipeline' AIRFLOW_CTX_TASK_ID='generate_and_insert_data' AIRFLOW_CTX_EXECUTION_DATE='2023-01-01T11:20:00+00:00' AIRFLOW_CTX_TRY_NUMBER='1' AIRFLOW_CTX_DAG_RUN_ID='scheduled__2023-01-01T11:20:00+00:00'
[2024-06-28T18:16:34.617+0000] {taskinstance.py:430} INFO - ::endgroup::
[2024-06-28T18:16:34.674+0000] {logging_mixin.py:188} INFO - Error in generate_and_insert_data: Command '['python3', '/opt/airflow/generator/ecomm_generator.py']' returned non-zero exit status 1.
[2024-06-28T18:16:34.674+0000] {logging_mixin.py:188} INFO - stdout: 
[2024-06-28T18:16:34.674+0000] {logging_mixin.py:188} INFO - stderr: Traceback (most recent call last):
  File "/opt/airflow/generator/ecomm_generator.py", line 4, in <module>
    from faker import Faker
ModuleNotFoundError: No module named 'faker'
[2024-06-28T18:16:34.675+0000] {python.py:237} INFO - Done. Returned value was: None
[2024-06-28T18:16:34.675+0000] {taskinstance.py:441} INFO - ::group::Post task execution logs
[2024-06-28T18:16:34.680+0000] {taskinstance.py:1206} INFO - Marking task as SUCCESS. dag_id=ecomm_data_pipeline, task_id=generate_and_insert_data, run_id=scheduled__2023-01-01T11:20:00+00:00, execution_date=20230101T112000, start_date=20240628T181634, end_date=20240628T181634
[2024-06-28T18:16:34.710+0000] {local_task_job_runner.py:240} INFO - Task exited with return code 0
[2024-06-28T18:16:34.717+0000] {taskinstance.py:3503} INFO - 0 downstream tasks scheduled from follow-on schedule check
[2024-06-28T18:16:34.718+0000] {local_task_job_runner.py:222} INFO - ::endgroup::
[2024-06-29T21:38:44.223+0000] {local_task_job_runner.py:120} INFO - ::group::Pre task execution logs
[2024-06-29T21:38:44.233+0000] {taskinstance.py:2076} INFO - Dependencies all met for dep_context=non-requeueable deps ti=<TaskInstance: ecomm_data_pipeline.generate_and_insert_data scheduled__2023-01-01T11:20:00+00:00 [queued]>
[2024-06-29T21:38:44.235+0000] {taskinstance.py:2076} INFO - Dependencies all met for dep_context=requeueable deps ti=<TaskInstance: ecomm_data_pipeline.generate_and_insert_data scheduled__2023-01-01T11:20:00+00:00 [queued]>
[2024-06-29T21:38:44.235+0000] {taskinstance.py:2306} INFO - Starting attempt 1 of 2
[2024-06-29T21:38:44.240+0000] {taskinstance.py:2330} INFO - Executing <Task(PythonOperator): generate_and_insert_data> on 2023-01-01 11:20:00+00:00
[2024-06-29T21:38:44.241+0000] {standard_task_runner.py:63} INFO - Started process 1029 to run task
[2024-06-29T21:38:44.242+0000] {standard_task_runner.py:90} INFO - Running: ['airflow', 'tasks', 'run', 'ecomm_data_pipeline', 'generate_and_insert_data', 'scheduled__2023-01-01T11:20:00+00:00', '--job-id', '70', '--raw', '--subdir', 'DAGS_FOLDER/ecomm_dag.py', '--cfg-path', '/tmp/tmpp723cq3w']
[2024-06-29T21:38:44.243+0000] {standard_task_runner.py:91} INFO - Job 70: Subtask generate_and_insert_data
[2024-06-29T21:38:44.259+0000] {task_command.py:426} INFO - Running <TaskInstance: ecomm_data_pipeline.generate_and_insert_data scheduled__2023-01-01T11:20:00+00:00 [running]> on host afcb6fbf9265
[2024-06-29T21:38:44.287+0000] {taskinstance.py:2648} INFO - Exporting env vars: AIRFLOW_CTX_DAG_OWNER='airflow' AIRFLOW_CTX_DAG_ID='ecomm_data_pipeline' AIRFLOW_CTX_TASK_ID='generate_and_insert_data' AIRFLOW_CTX_EXECUTION_DATE='2023-01-01T11:20:00+00:00' AIRFLOW_CTX_TRY_NUMBER='1' AIRFLOW_CTX_DAG_RUN_ID='scheduled__2023-01-01T11:20:00+00:00'
[2024-06-29T21:38:44.288+0000] {taskinstance.py:430} INFO - ::endgroup::
[2024-06-29T21:38:44.342+0000] {logging_mixin.py:188} INFO - Error in generate_and_insert_data: Command '['python3', '/opt/airflow/generator/ecomm_generator.py']' returned non-zero exit status 1.
[2024-06-29T21:38:44.342+0000] {logging_mixin.py:188} INFO - stdout: 
[2024-06-29T21:38:44.343+0000] {logging_mixin.py:188} INFO - stderr: Traceback (most recent call last):
  File "/opt/airflow/generator/ecomm_generator.py", line 4, in <module>
    from faker import Faker
ModuleNotFoundError: No module named 'faker'
[2024-06-29T21:38:44.343+0000] {python.py:237} INFO - Done. Returned value was: None
[2024-06-29T21:38:44.343+0000] {taskinstance.py:441} INFO - ::group::Post task execution logs
[2024-06-29T21:38:44.348+0000] {taskinstance.py:1206} INFO - Marking task as SUCCESS. dag_id=ecomm_data_pipeline, task_id=generate_and_insert_data, run_id=scheduled__2023-01-01T11:20:00+00:00, execution_date=20230101T112000, start_date=20240629T213844, end_date=20240629T213844
[2024-06-29T21:38:44.388+0000] {local_task_job_runner.py:240} INFO - Task exited with return code 0
[2024-06-29T21:38:44.394+0000] {taskinstance.py:3503} INFO - 0 downstream tasks scheduled from follow-on schedule check
[2024-06-29T21:38:44.395+0000] {local_task_job_runner.py:222} INFO - ::endgroup::
[2024-06-29T22:02:33.168+0000] {local_task_job_runner.py:120} INFO - ::group::Pre task execution logs
[2024-06-29T22:02:33.178+0000] {taskinstance.py:2076} INFO - Dependencies all met for dep_context=non-requeueable deps ti=<TaskInstance: ecomm_data_pipeline.generate_and_insert_data scheduled__2023-01-01T11:20:00+00:00 [queued]>
[2024-06-29T22:02:33.180+0000] {taskinstance.py:2076} INFO - Dependencies all met for dep_context=requeueable deps ti=<TaskInstance: ecomm_data_pipeline.generate_and_insert_data scheduled__2023-01-01T11:20:00+00:00 [queued]>
[2024-06-29T22:02:33.181+0000] {taskinstance.py:2306} INFO - Starting attempt 1 of 2
[2024-06-29T22:02:33.185+0000] {taskinstance.py:2330} INFO - Executing <Task(PythonOperator): generate_and_insert_data> on 2023-01-01 11:20:00+00:00
[2024-06-29T22:02:33.187+0000] {standard_task_runner.py:63} INFO - Started process 1029 to run task
[2024-06-29T22:02:33.188+0000] {standard_task_runner.py:90} INFO - Running: ['airflow', 'tasks', 'run', 'ecomm_data_pipeline', 'generate_and_insert_data', 'scheduled__2023-01-01T11:20:00+00:00', '--job-id', '70', '--raw', '--subdir', 'DAGS_FOLDER/ecomm_dag.py', '--cfg-path', '/tmp/tmp0k8my5ij']
[2024-06-29T22:02:33.189+0000] {standard_task_runner.py:91} INFO - Job 70: Subtask generate_and_insert_data
[2024-06-29T22:02:33.205+0000] {task_command.py:426} INFO - Running <TaskInstance: ecomm_data_pipeline.generate_and_insert_data scheduled__2023-01-01T11:20:00+00:00 [running]> on host 799998b0d26e
[2024-06-29T22:02:33.234+0000] {taskinstance.py:2648} INFO - Exporting env vars: AIRFLOW_CTX_DAG_OWNER='airflow' AIRFLOW_CTX_DAG_ID='ecomm_data_pipeline' AIRFLOW_CTX_TASK_ID='generate_and_insert_data' AIRFLOW_CTX_EXECUTION_DATE='2023-01-01T11:20:00+00:00' AIRFLOW_CTX_TRY_NUMBER='1' AIRFLOW_CTX_DAG_RUN_ID='scheduled__2023-01-01T11:20:00+00:00'
[2024-06-29T22:02:33.234+0000] {taskinstance.py:430} INFO - ::endgroup::
[2024-06-29T22:02:33.291+0000] {logging_mixin.py:188} INFO - Error in generate_and_insert_data: Command '['python3', '/opt/airflow/generator/ecomm_generator.py']' returned non-zero exit status 1.
[2024-06-29T22:02:33.292+0000] {logging_mixin.py:188} INFO - stdout: 
[2024-06-29T22:02:33.292+0000] {logging_mixin.py:188} INFO - stderr: Traceback (most recent call last):
  File "/opt/airflow/generator/ecomm_generator.py", line 4, in <module>
    from faker import Faker
ModuleNotFoundError: No module named 'faker'
[2024-06-29T22:02:33.292+0000] {python.py:237} INFO - Done. Returned value was: None
[2024-06-29T22:02:33.292+0000] {taskinstance.py:441} INFO - ::group::Post task execution logs
[2024-06-29T22:02:33.297+0000] {taskinstance.py:1206} INFO - Marking task as SUCCESS. dag_id=ecomm_data_pipeline, task_id=generate_and_insert_data, run_id=scheduled__2023-01-01T11:20:00+00:00, execution_date=20230101T112000, start_date=20240629T220233, end_date=20240629T220233
[2024-06-29T22:02:33.331+0000] {local_task_job_runner.py:240} INFO - Task exited with return code 0
[2024-06-29T22:02:33.338+0000] {taskinstance.py:3503} INFO - 0 downstream tasks scheduled from follow-on schedule check
[2024-06-29T22:02:33.339+0000] {local_task_job_runner.py:222} INFO - ::endgroup::
