[2024-07-06T21:58:57.354+0000] {taskinstance.py:1103} INFO - Dependencies all met for dep_context=non-requeueable deps ti=<TaskInstance: import_main_data.export_and_load_clickstream_events_data scheduled__2024-07-06T05:00:00+00:00 [queued]>
[2024-07-06T21:58:57.358+0000] {taskinstance.py:1103} INFO - Dependencies all met for dep_context=requeueable deps ti=<TaskInstance: import_main_data.export_and_load_clickstream_events_data scheduled__2024-07-06T05:00:00+00:00 [queued]>
[2024-07-06T21:58:57.358+0000] {taskinstance.py:1308} INFO - Starting attempt 1 of 2
[2024-07-06T21:58:57.362+0000] {taskinstance.py:1327} INFO - Executing <Task(BashOperator): export_and_load_clickstream_events_data> on 2024-07-06 05:00:00+00:00
[2024-07-06T21:58:57.364+0000] {standard_task_runner.py:57} INFO - Started process 3734 to run task
[2024-07-06T21:58:57.365+0000] {standard_task_runner.py:84} INFO - Running: ['airflow', 'tasks', 'run', 'import_main_data', 'export_and_load_clickstream_events_data', 'scheduled__2024-07-06T05:00:00+00:00', '--job-id', '1089', '--raw', '--subdir', 'DAGS_FOLDER/import_raw_data.py', '--cfg-path', '/tmp/tmp8th0bfm8']
[2024-07-06T21:58:57.366+0000] {standard_task_runner.py:85} INFO - Job 1089: Subtask export_and_load_clickstream_events_data
[2024-07-06T21:58:57.386+0000] {task_command.py:410} INFO - Running <TaskInstance: import_main_data.export_and_load_clickstream_events_data scheduled__2024-07-06T05:00:00+00:00 [running]> on host c058add182a5
[2024-07-06T21:58:57.427+0000] {taskinstance.py:1545} INFO - Exporting env vars: AIRFLOW_CTX_DAG_EMAIL='airflow@example.com' AIRFLOW_CTX_DAG_OWNER='airflow' AIRFLOW_CTX_DAG_ID='import_main_data' AIRFLOW_CTX_TASK_ID='export_and_load_clickstream_events_data' AIRFLOW_CTX_EXECUTION_DATE='2024-07-06T05:00:00+00:00' AIRFLOW_CTX_TRY_NUMBER='1' AIRFLOW_CTX_DAG_RUN_ID='scheduled__2024-07-06T05:00:00+00:00'
[2024-07-06T21:58:57.428+0000] {subprocess.py:63} INFO - Tmp dir root location: 
 /tmp
[2024-07-06T21:58:57.428+0000] {subprocess.py:75} INFO - Running command: ['/bin/bash', '-c', "bash /opt/airflow/scripts/import_core_data.sh clickstream_events event_id 'event_id, user_id, timestamp, page_visited, action, product_id, created_at' ***ql://***:***@company_db:5432/company_db ***ql://***:***@company_dw:5432/company_dw"]
[2024-07-06T21:58:57.431+0000] {subprocess.py:86} INFO - Output:
[2024-07-06T21:58:57.461+0000] {subprocess.py:93} INFO - CREATE TABLE
[2024-07-06T21:58:57.475+0000] {subprocess.py:93} INFO - COPY 225
[2024-07-06T21:58:57.496+0000] {subprocess.py:93} INFO - INSERT 0 225
[2024-07-06T21:58:57.496+0000] {subprocess.py:93} INFO - DROP TABLE
[2024-07-06T21:58:57.496+0000] {subprocess.py:97} INFO - Command exited with return code 0
[2024-07-06T21:58:57.508+0000] {taskinstance.py:1345} INFO - Marking task as SUCCESS. dag_id=import_main_data, task_id=export_and_load_clickstream_events_data, execution_date=20240706T050000, start_date=20240706T215857, end_date=20240706T215857
[2024-07-06T21:58:57.551+0000] {local_task_job_runner.py:225} INFO - Task exited with return code 0
[2024-07-06T21:58:57.562+0000] {taskinstance.py:2651} INFO - 1 downstream tasks scheduled from follow-on schedule check
