[2024-07-06T22:12:42.015+0000] {taskinstance.py:1103} INFO - Dependencies all met for dep_context=non-requeueable deps ti=<TaskInstance: import_main_data.export_and_load_clickstream_events_data scheduled__2024-07-06T05:00:00+00:00 [queued]>
[2024-07-06T22:12:42.019+0000] {taskinstance.py:1103} INFO - Dependencies all met for dep_context=requeueable deps ti=<TaskInstance: import_main_data.export_and_load_clickstream_events_data scheduled__2024-07-06T05:00:00+00:00 [queued]>
[2024-07-06T22:12:42.019+0000] {taskinstance.py:1308} INFO - Starting attempt 2 of 3
[2024-07-06T22:12:42.023+0000] {taskinstance.py:1327} INFO - Executing <Task(BashOperator): export_and_load_clickstream_events_data> on 2024-07-06 05:00:00+00:00
[2024-07-06T22:12:42.025+0000] {standard_task_runner.py:57} INFO - Started process 453 to run task
[2024-07-06T22:12:42.026+0000] {standard_task_runner.py:84} INFO - Running: ['airflow', 'tasks', 'run', 'import_main_data', 'export_and_load_clickstream_events_data', 'scheduled__2024-07-06T05:00:00+00:00', '--job-id', '1357', '--raw', '--subdir', 'DAGS_FOLDER/import_raw_data.py', '--cfg-path', '/tmp/tmpou0fztfu']
[2024-07-06T22:12:42.027+0000] {standard_task_runner.py:85} INFO - Job 1357: Subtask export_and_load_clickstream_events_data
[2024-07-06T22:12:42.047+0000] {task_command.py:410} INFO - Running <TaskInstance: import_main_data.export_and_load_clickstream_events_data scheduled__2024-07-06T05:00:00+00:00 [running]> on host c058add182a5
[2024-07-06T22:12:42.089+0000] {taskinstance.py:1545} INFO - Exporting env vars: AIRFLOW_CTX_DAG_EMAIL='airflow@example.com' AIRFLOW_CTX_DAG_OWNER='airflow' AIRFLOW_CTX_DAG_ID='import_main_data' AIRFLOW_CTX_TASK_ID='export_and_load_clickstream_events_data' AIRFLOW_CTX_EXECUTION_DATE='2024-07-06T05:00:00+00:00' AIRFLOW_CTX_TRY_NUMBER='2' AIRFLOW_CTX_DAG_RUN_ID='scheduled__2024-07-06T05:00:00+00:00'
[2024-07-06T22:12:42.089+0000] {subprocess.py:63} INFO - Tmp dir root location: 
 /tmp
[2024-07-06T22:12:42.090+0000] {subprocess.py:75} INFO - Running command: ['/bin/bash', '-c', "bash /opt/airflow/scripts/import_core_data.sh clickstream_events event_id 'event_id, user_id, timestamp, page_visited, action, product_id, created_at' ***ql://***:***@company_db:5432/company_db ***ql://***:***@company_dw:5432/company_dw"]
[2024-07-06T22:12:42.092+0000] {subprocess.py:86} INFO - Output:
[2024-07-06T22:12:42.125+0000] {subprocess.py:93} INFO - CREATE TABLE
[2024-07-06T22:12:42.142+0000] {subprocess.py:93} INFO - COPY 1688
[2024-07-06T22:12:42.163+0000] {subprocess.py:93} INFO - ERROR:  insert or update on table "clickstream_events" violates foreign key constraint "clickstream_events_user_id_fkey"
[2024-07-06T22:12:42.163+0000] {subprocess.py:93} INFO - DETAIL:  Key (user_id)=(8111) is not present in table "users".
[2024-07-06T22:12:42.163+0000] {subprocess.py:97} INFO - Command exited with return code 1
[2024-07-06T22:12:42.169+0000] {taskinstance.py:1824} ERROR - Task failed with exception
Traceback (most recent call last):
  File "/home/airflow/.local/lib/python3.9/site-packages/airflow/operators/bash.py", line 210, in execute
    raise AirflowException(
airflow.exceptions.AirflowException: Bash command failed. The command returned a non-zero exit code 1.
[2024-07-06T22:12:42.171+0000] {taskinstance.py:1345} INFO - Marking task as UP_FOR_RETRY. dag_id=import_main_data, task_id=export_and_load_clickstream_events_data, execution_date=20240706T050000, start_date=20240706T221242, end_date=20240706T221242
[2024-07-06T22:12:42.176+0000] {standard_task_runner.py:104} ERROR - Failed to execute job 1357 for task export_and_load_clickstream_events_data (Bash command failed. The command returned a non-zero exit code 1.; 453)
[2024-07-06T22:12:42.207+0000] {local_task_job_runner.py:225} INFO - Task exited with return code 1
[2024-07-06T22:12:42.218+0000] {taskinstance.py:2651} INFO - 0 downstream tasks scheduled from follow-on schedule check
