[2024-06-27T22:33:59.459+0000] {local_task_job_runner.py:120} INFO - ::group::Pre task execution logs
[2024-06-27T22:33:59.469+0000] {taskinstance.py:2076} INFO - Dependencies all met for dep_context=non-requeueable deps ti=<TaskInstance: ecomm_data_pipeline.generate_and_insert_data scheduled__2023-01-01T04:20:00+00:00 [queued]>
[2024-06-27T22:33:59.471+0000] {taskinstance.py:2076} INFO - Dependencies all met for dep_context=requeueable deps ti=<TaskInstance: ecomm_data_pipeline.generate_and_insert_data scheduled__2023-01-01T04:20:00+00:00 [queued]>
[2024-06-27T22:33:59.472+0000] {taskinstance.py:2306} INFO - Starting attempt 1 of 2
[2024-06-27T22:33:59.476+0000] {taskinstance.py:2330} INFO - Executing <Task(PythonOperator): generate_and_insert_data> on 2023-01-01 04:20:00+00:00
[2024-06-27T22:33:59.477+0000] {standard_task_runner.py:63} INFO - Started process 648 to run task
[2024-06-27T22:33:59.478+0000] {standard_task_runner.py:90} INFO - Running: ['airflow', 'tasks', 'run', 'ecomm_data_pipeline', 'generate_and_insert_data', 'scheduled__2023-01-01T04:20:00+00:00', '--job-id', '45', '--raw', '--subdir', 'DAGS_FOLDER/ecomm_dag.py', '--cfg-path', '/tmp/tmpwd2qyfns']
[2024-06-27T22:33:59.479+0000] {standard_task_runner.py:91} INFO - Job 45: Subtask generate_and_insert_data
[2024-06-27T22:33:59.495+0000] {task_command.py:426} INFO - Running <TaskInstance: ecomm_data_pipeline.generate_and_insert_data scheduled__2023-01-01T04:20:00+00:00 [running]> on host 9174587f6b1d
[2024-06-27T22:33:59.522+0000] {taskinstance.py:2648} INFO - Exporting env vars: AIRFLOW_CTX_DAG_OWNER='airflow' AIRFLOW_CTX_DAG_ID='ecomm_data_pipeline' AIRFLOW_CTX_TASK_ID='generate_and_insert_data' AIRFLOW_CTX_EXECUTION_DATE='2023-01-01T04:20:00+00:00' AIRFLOW_CTX_TRY_NUMBER='1' AIRFLOW_CTX_DAG_RUN_ID='scheduled__2023-01-01T04:20:00+00:00'
[2024-06-27T22:33:59.522+0000] {taskinstance.py:430} INFO - ::endgroup::
[2024-06-27T22:33:59.554+0000] {logging_mixin.py:188} INFO - Error in generate_and_insert_data: Command '['python3', './generator/ecomm_generator.py']' returned non-zero exit status 2.
[2024-06-27T22:33:59.555+0000] {python.py:237} INFO - Done. Returned value was: None
[2024-06-27T22:33:59.555+0000] {taskinstance.py:441} INFO - ::group::Post task execution logs
[2024-06-27T22:33:59.559+0000] {taskinstance.py:1206} INFO - Marking task as SUCCESS. dag_id=ecomm_data_pipeline, task_id=generate_and_insert_data, run_id=scheduled__2023-01-01T04:20:00+00:00, execution_date=20230101T042000, start_date=20240627T223359, end_date=20240627T223359
[2024-06-27T22:33:59.583+0000] {local_task_job_runner.py:240} INFO - Task exited with return code 0
[2024-06-27T22:33:59.589+0000] {taskinstance.py:3503} INFO - 0 downstream tasks scheduled from follow-on schedule check
[2024-06-27T22:33:59.590+0000] {local_task_job_runner.py:222} INFO - ::endgroup::
[2024-06-27T22:53:00.437+0000] {local_task_job_runner.py:120} INFO - ::group::Pre task execution logs
[2024-06-27T22:53:00.447+0000] {taskinstance.py:2076} INFO - Dependencies all met for dep_context=non-requeueable deps ti=<TaskInstance: ecomm_data_pipeline.generate_and_insert_data scheduled__2023-01-01T04:20:00+00:00 [queued]>
[2024-06-27T22:53:00.449+0000] {taskinstance.py:2076} INFO - Dependencies all met for dep_context=requeueable deps ti=<TaskInstance: ecomm_data_pipeline.generate_and_insert_data scheduled__2023-01-01T04:20:00+00:00 [queued]>
[2024-06-27T22:53:00.450+0000] {taskinstance.py:2306} INFO - Starting attempt 1 of 2
[2024-06-27T22:53:00.454+0000] {taskinstance.py:2330} INFO - Executing <Task(PythonOperator): generate_and_insert_data> on 2023-01-01 04:20:00+00:00
[2024-06-27T22:53:00.456+0000] {standard_task_runner.py:63} INFO - Started process 778 to run task
[2024-06-27T22:53:00.457+0000] {standard_task_runner.py:90} INFO - Running: ['airflow', 'tasks', 'run', 'ecomm_data_pipeline', 'generate_and_insert_data', 'scheduled__2023-01-01T04:20:00+00:00', '--job-id', '55', '--raw', '--subdir', 'DAGS_FOLDER/ecomm_dag.py', '--cfg-path', '/tmp/tmpmkenha3i']
[2024-06-27T22:53:00.458+0000] {standard_task_runner.py:91} INFO - Job 55: Subtask generate_and_insert_data
[2024-06-27T22:53:00.474+0000] {task_command.py:426} INFO - Running <TaskInstance: ecomm_data_pipeline.generate_and_insert_data scheduled__2023-01-01T04:20:00+00:00 [running]> on host a70edf9d8581
[2024-06-27T22:53:00.501+0000] {taskinstance.py:2648} INFO - Exporting env vars: AIRFLOW_CTX_DAG_OWNER='airflow' AIRFLOW_CTX_DAG_ID='ecomm_data_pipeline' AIRFLOW_CTX_TASK_ID='generate_and_insert_data' AIRFLOW_CTX_EXECUTION_DATE='2023-01-01T04:20:00+00:00' AIRFLOW_CTX_TRY_NUMBER='1' AIRFLOW_CTX_DAG_RUN_ID='scheduled__2023-01-01T04:20:00+00:00'
[2024-06-27T22:53:00.502+0000] {taskinstance.py:430} INFO - ::endgroup::
[2024-06-27T22:53:00.534+0000] {logging_mixin.py:188} INFO - Error in generate_and_insert_data: Command '['python3', './generator/ecomm_generator.py']' returned non-zero exit status 2.
[2024-06-27T22:53:00.535+0000] {logging_mixin.py:188} INFO - stdout: 
[2024-06-27T22:53:00.535+0000] {logging_mixin.py:188} INFO - stderr: python3: can't open file '/opt/airflow/./generator/ecomm_generator.py': [Errno 2] No such file or directory
[2024-06-27T22:53:00.535+0000] {python.py:237} INFO - Done. Returned value was: None
[2024-06-27T22:53:00.535+0000] {taskinstance.py:441} INFO - ::group::Post task execution logs
[2024-06-27T22:53:00.539+0000] {taskinstance.py:1206} INFO - Marking task as SUCCESS. dag_id=ecomm_data_pipeline, task_id=generate_and_insert_data, run_id=scheduled__2023-01-01T04:20:00+00:00, execution_date=20230101T042000, start_date=20240627T225300, end_date=20240627T225300
[2024-06-27T22:53:00.556+0000] {local_task_job_runner.py:240} INFO - Task exited with return code 0
[2024-06-27T22:53:00.563+0000] {taskinstance.py:3503} INFO - 0 downstream tasks scheduled from follow-on schedule check
[2024-06-27T22:53:00.563+0000] {local_task_job_runner.py:222} INFO - ::endgroup::
[2024-06-28T18:14:17.755+0000] {local_task_job_runner.py:120} INFO - ::group::Pre task execution logs
[2024-06-28T18:14:17.766+0000] {taskinstance.py:2076} INFO - Dependencies all met for dep_context=non-requeueable deps ti=<TaskInstance: ecomm_data_pipeline.generate_and_insert_data scheduled__2023-01-01T04:20:00+00:00 [queued]>
[2024-06-28T18:14:17.772+0000] {taskinstance.py:2076} INFO - Dependencies all met for dep_context=requeueable deps ti=<TaskInstance: ecomm_data_pipeline.generate_and_insert_data scheduled__2023-01-01T04:20:00+00:00 [queued]>
[2024-06-28T18:14:17.773+0000] {taskinstance.py:2306} INFO - Starting attempt 1 of 2
[2024-06-28T18:14:17.777+0000] {taskinstance.py:2330} INFO - Executing <Task(PythonOperator): generate_and_insert_data> on 2023-01-01 04:20:00+00:00
[2024-06-28T18:14:17.779+0000] {standard_task_runner.py:63} INFO - Started process 765 to run task
[2024-06-28T18:14:17.780+0000] {standard_task_runner.py:90} INFO - Running: ['airflow', 'tasks', 'run', 'ecomm_data_pipeline', 'generate_and_insert_data', 'scheduled__2023-01-01T04:20:00+00:00', '--job-id', '54', '--raw', '--subdir', 'DAGS_FOLDER/ecomm_dag.py', '--cfg-path', '/tmp/tmpniikb5jf']
[2024-06-28T18:14:17.781+0000] {standard_task_runner.py:91} INFO - Job 54: Subtask generate_and_insert_data
[2024-06-28T18:14:17.798+0000] {task_command.py:426} INFO - Running <TaskInstance: ecomm_data_pipeline.generate_and_insert_data scheduled__2023-01-01T04:20:00+00:00 [running]> on host 08cefd381a1f
[2024-06-28T18:14:17.828+0000] {taskinstance.py:2648} INFO - Exporting env vars: AIRFLOW_CTX_DAG_OWNER='airflow' AIRFLOW_CTX_DAG_ID='ecomm_data_pipeline' AIRFLOW_CTX_TASK_ID='generate_and_insert_data' AIRFLOW_CTX_EXECUTION_DATE='2023-01-01T04:20:00+00:00' AIRFLOW_CTX_TRY_NUMBER='1' AIRFLOW_CTX_DAG_RUN_ID='scheduled__2023-01-01T04:20:00+00:00'
[2024-06-28T18:14:17.828+0000] {taskinstance.py:430} INFO - ::endgroup::
[2024-06-28T18:14:17.887+0000] {logging_mixin.py:188} INFO - Error in generate_and_insert_data: Command '['python3', '/opt/airflow/generator/ecomm_generator.py']' returned non-zero exit status 1.
[2024-06-28T18:14:17.887+0000] {logging_mixin.py:188} INFO - stdout: 
[2024-06-28T18:14:17.887+0000] {logging_mixin.py:188} INFO - stderr: Traceback (most recent call last):
  File "/opt/airflow/generator/ecomm_generator.py", line 4, in <module>
    from faker import Faker
ModuleNotFoundError: No module named 'faker'
[2024-06-28T18:14:17.887+0000] {python.py:237} INFO - Done. Returned value was: None
[2024-06-28T18:14:17.888+0000] {taskinstance.py:441} INFO - ::group::Post task execution logs
[2024-06-28T18:14:17.893+0000] {taskinstance.py:1206} INFO - Marking task as SUCCESS. dag_id=ecomm_data_pipeline, task_id=generate_and_insert_data, run_id=scheduled__2023-01-01T04:20:00+00:00, execution_date=20230101T042000, start_date=20240628T181417, end_date=20240628T181417
[2024-06-28T18:14:17.919+0000] {local_task_job_runner.py:240} INFO - Task exited with return code 0
[2024-06-28T18:14:17.926+0000] {taskinstance.py:3503} INFO - 0 downstream tasks scheduled from follow-on schedule check
[2024-06-28T18:14:17.927+0000] {local_task_job_runner.py:222} INFO - ::endgroup::
[2024-06-28T18:21:28.766+0000] {local_task_job_runner.py:120} INFO - ::group::Pre task execution logs
[2024-06-28T18:21:28.776+0000] {taskinstance.py:2076} INFO - Dependencies all met for dep_context=non-requeueable deps ti=<TaskInstance: ecomm_data_pipeline.generate_and_insert_data scheduled__2023-01-01T04:20:00+00:00 [queued]>
[2024-06-28T18:21:28.779+0000] {taskinstance.py:2076} INFO - Dependencies all met for dep_context=requeueable deps ti=<TaskInstance: ecomm_data_pipeline.generate_and_insert_data scheduled__2023-01-01T04:20:00+00:00 [queued]>
[2024-06-28T18:21:28.779+0000] {taskinstance.py:2306} INFO - Starting attempt 1 of 2
[2024-06-28T18:21:28.783+0000] {taskinstance.py:2330} INFO - Executing <Task(PythonOperator): generate_and_insert_data> on 2023-01-01 04:20:00+00:00
[2024-06-28T18:21:28.785+0000] {standard_task_runner.py:63} INFO - Started process 700 to run task
[2024-06-28T18:21:28.786+0000] {standard_task_runner.py:90} INFO - Running: ['airflow', 'tasks', 'run', 'ecomm_data_pipeline', 'generate_and_insert_data', 'scheduled__2023-01-01T04:20:00+00:00', '--job-id', '49', '--raw', '--subdir', 'DAGS_FOLDER/ecomm_dag.py', '--cfg-path', '/tmp/tmpr6cp6vdf']
[2024-06-28T18:21:28.787+0000] {standard_task_runner.py:91} INFO - Job 49: Subtask generate_and_insert_data
[2024-06-28T18:21:28.803+0000] {task_command.py:426} INFO - Running <TaskInstance: ecomm_data_pipeline.generate_and_insert_data scheduled__2023-01-01T04:20:00+00:00 [running]> on host 6570e5857071
[2024-06-28T18:21:28.830+0000] {taskinstance.py:2648} INFO - Exporting env vars: AIRFLOW_CTX_DAG_OWNER='airflow' AIRFLOW_CTX_DAG_ID='ecomm_data_pipeline' AIRFLOW_CTX_TASK_ID='generate_and_insert_data' AIRFLOW_CTX_EXECUTION_DATE='2023-01-01T04:20:00+00:00' AIRFLOW_CTX_TRY_NUMBER='1' AIRFLOW_CTX_DAG_RUN_ID='scheduled__2023-01-01T04:20:00+00:00'
[2024-06-28T18:21:28.830+0000] {taskinstance.py:430} INFO - ::endgroup::
[2024-06-28T18:21:28.887+0000] {logging_mixin.py:188} INFO - Error in generate_and_insert_data: Command '['python3', '/opt/airflow/generator/ecomm_generator.py']' returned non-zero exit status 1.
[2024-06-28T18:21:28.887+0000] {logging_mixin.py:188} INFO - stdout: 
[2024-06-28T18:21:28.888+0000] {logging_mixin.py:188} INFO - stderr: Traceback (most recent call last):
  File "/opt/airflow/generator/ecomm_generator.py", line 4, in <module>
    from faker import Faker
ModuleNotFoundError: No module named 'faker'
[2024-06-28T18:21:28.888+0000] {python.py:237} INFO - Done. Returned value was: None
[2024-06-28T18:21:28.888+0000] {taskinstance.py:441} INFO - ::group::Post task execution logs
[2024-06-28T18:21:28.893+0000] {taskinstance.py:1206} INFO - Marking task as SUCCESS. dag_id=ecomm_data_pipeline, task_id=generate_and_insert_data, run_id=scheduled__2023-01-01T04:20:00+00:00, execution_date=20230101T042000, start_date=20240628T182128, end_date=20240628T182128
[2024-06-28T18:21:28.936+0000] {local_task_job_runner.py:240} INFO - Task exited with return code 0
[2024-06-28T18:21:28.943+0000] {taskinstance.py:3503} INFO - 0 downstream tasks scheduled from follow-on schedule check
[2024-06-28T18:21:28.943+0000] {local_task_job_runner.py:222} INFO - ::endgroup::
[2024-06-28T18:31:25.108+0000] {local_task_job_runner.py:120} INFO - ::group::Pre task execution logs
[2024-06-28T18:31:25.118+0000] {taskinstance.py:2076} INFO - Dependencies all met for dep_context=non-requeueable deps ti=<TaskInstance: ecomm_data_pipeline.generate_and_insert_data scheduled__2023-01-01T04:20:00+00:00 [queued]>
[2024-06-28T18:31:25.120+0000] {taskinstance.py:2076} INFO - Dependencies all met for dep_context=requeueable deps ti=<TaskInstance: ecomm_data_pipeline.generate_and_insert_data scheduled__2023-01-01T04:20:00+00:00 [queued]>
[2024-06-28T18:31:25.121+0000] {taskinstance.py:2306} INFO - Starting attempt 1 of 2
[2024-06-28T18:31:25.125+0000] {taskinstance.py:2330} INFO - Executing <Task(PythonOperator): generate_and_insert_data> on 2023-01-01 04:20:00+00:00
[2024-06-28T18:31:25.127+0000] {standard_task_runner.py:63} INFO - Started process 648 to run task
[2024-06-28T18:31:25.128+0000] {standard_task_runner.py:90} INFO - Running: ['airflow', 'tasks', 'run', 'ecomm_data_pipeline', 'generate_and_insert_data', 'scheduled__2023-01-01T04:20:00+00:00', '--job-id', '45', '--raw', '--subdir', 'DAGS_FOLDER/ecomm_dag.py', '--cfg-path', '/tmp/tmphn68oxdy']
[2024-06-28T18:31:25.128+0000] {standard_task_runner.py:91} INFO - Job 45: Subtask generate_and_insert_data
[2024-06-28T18:31:25.145+0000] {task_command.py:426} INFO - Running <TaskInstance: ecomm_data_pipeline.generate_and_insert_data scheduled__2023-01-01T04:20:00+00:00 [running]> on host 50bf780463b8
[2024-06-28T18:31:25.173+0000] {taskinstance.py:2648} INFO - Exporting env vars: AIRFLOW_CTX_DAG_OWNER='airflow' AIRFLOW_CTX_DAG_ID='ecomm_data_pipeline' AIRFLOW_CTX_TASK_ID='generate_and_insert_data' AIRFLOW_CTX_EXECUTION_DATE='2023-01-01T04:20:00+00:00' AIRFLOW_CTX_TRY_NUMBER='1' AIRFLOW_CTX_DAG_RUN_ID='scheduled__2023-01-01T04:20:00+00:00'
[2024-06-28T18:31:25.173+0000] {taskinstance.py:430} INFO - ::endgroup::
[2024-06-28T18:31:25.230+0000] {logging_mixin.py:188} INFO - Error in generate_and_insert_data: Command '['python3', '/opt/airflow/generator/ecomm_generator.py']' returned non-zero exit status 1.
[2024-06-28T18:31:25.230+0000] {logging_mixin.py:188} INFO - stdout: 
[2024-06-28T18:31:25.230+0000] {logging_mixin.py:188} INFO - stderr: Traceback (most recent call last):
  File "/opt/airflow/generator/ecomm_generator.py", line 4, in <module>
    from faker import Faker
ModuleNotFoundError: No module named 'faker'
[2024-06-28T18:31:25.231+0000] {python.py:237} INFO - Done. Returned value was: None
[2024-06-28T18:31:25.231+0000] {taskinstance.py:441} INFO - ::group::Post task execution logs
[2024-06-28T18:31:25.236+0000] {taskinstance.py:1206} INFO - Marking task as SUCCESS. dag_id=ecomm_data_pipeline, task_id=generate_and_insert_data, run_id=scheduled__2023-01-01T04:20:00+00:00, execution_date=20230101T042000, start_date=20240628T183125, end_date=20240628T183125
[2024-06-28T18:31:25.275+0000] {local_task_job_runner.py:240} INFO - Task exited with return code 0
[2024-06-28T18:31:25.282+0000] {taskinstance.py:3503} INFO - 0 downstream tasks scheduled from follow-on schedule check
[2024-06-28T18:31:25.283+0000] {local_task_job_runner.py:222} INFO - ::endgroup::
[2024-06-29T21:37:24.712+0000] {local_task_job_runner.py:120} INFO - ::group::Pre task execution logs
[2024-06-29T21:37:24.721+0000] {taskinstance.py:2076} INFO - Dependencies all met for dep_context=non-requeueable deps ti=<TaskInstance: ecomm_data_pipeline.generate_and_insert_data scheduled__2023-01-01T04:20:00+00:00 [queued]>
[2024-06-29T21:37:24.723+0000] {taskinstance.py:2076} INFO - Dependencies all met for dep_context=requeueable deps ti=<TaskInstance: ecomm_data_pipeline.generate_and_insert_data scheduled__2023-01-01T04:20:00+00:00 [queued]>
[2024-06-29T21:37:24.724+0000] {taskinstance.py:2306} INFO - Starting attempt 1 of 2
[2024-06-29T21:37:24.728+0000] {taskinstance.py:2330} INFO - Executing <Task(PythonOperator): generate_and_insert_data> on 2023-01-01 04:20:00+00:00
[2024-06-29T21:37:24.729+0000] {standard_task_runner.py:63} INFO - Started process 414 to run task
[2024-06-29T21:37:24.730+0000] {standard_task_runner.py:90} INFO - Running: ['airflow', 'tasks', 'run', 'ecomm_data_pipeline', 'generate_and_insert_data', 'scheduled__2023-01-01T04:20:00+00:00', '--job-id', '28', '--raw', '--subdir', 'DAGS_FOLDER/ecomm_dag.py', '--cfg-path', '/tmp/tmpe2y3zp0d']
[2024-06-29T21:37:24.731+0000] {standard_task_runner.py:91} INFO - Job 28: Subtask generate_and_insert_data
[2024-06-29T21:37:24.748+0000] {task_command.py:426} INFO - Running <TaskInstance: ecomm_data_pipeline.generate_and_insert_data scheduled__2023-01-01T04:20:00+00:00 [running]> on host afcb6fbf9265
[2024-06-29T21:37:24.778+0000] {taskinstance.py:2648} INFO - Exporting env vars: AIRFLOW_CTX_DAG_OWNER='airflow' AIRFLOW_CTX_DAG_ID='ecomm_data_pipeline' AIRFLOW_CTX_TASK_ID='generate_and_insert_data' AIRFLOW_CTX_EXECUTION_DATE='2023-01-01T04:20:00+00:00' AIRFLOW_CTX_TRY_NUMBER='1' AIRFLOW_CTX_DAG_RUN_ID='scheduled__2023-01-01T04:20:00+00:00'
[2024-06-29T21:37:24.778+0000] {taskinstance.py:430} INFO - ::endgroup::
[2024-06-29T21:37:24.832+0000] {logging_mixin.py:188} INFO - Error in generate_and_insert_data: Command '['python3', '/opt/airflow/generator/ecomm_generator.py']' returned non-zero exit status 1.
[2024-06-29T21:37:24.833+0000] {logging_mixin.py:188} INFO - stdout: 
[2024-06-29T21:37:24.833+0000] {logging_mixin.py:188} INFO - stderr: Traceback (most recent call last):
  File "/opt/airflow/generator/ecomm_generator.py", line 4, in <module>
    from faker import Faker
ModuleNotFoundError: No module named 'faker'
[2024-06-29T21:37:24.833+0000] {python.py:237} INFO - Done. Returned value was: None
[2024-06-29T21:37:24.833+0000] {taskinstance.py:441} INFO - ::group::Post task execution logs
[2024-06-29T21:37:24.838+0000] {taskinstance.py:1206} INFO - Marking task as SUCCESS. dag_id=ecomm_data_pipeline, task_id=generate_and_insert_data, run_id=scheduled__2023-01-01T04:20:00+00:00, execution_date=20230101T042000, start_date=20240629T213724, end_date=20240629T213724
[2024-06-29T21:37:24.876+0000] {local_task_job_runner.py:240} INFO - Task exited with return code 0
[2024-06-29T21:37:24.882+0000] {taskinstance.py:3503} INFO - 0 downstream tasks scheduled from follow-on schedule check
[2024-06-29T21:37:24.883+0000] {local_task_job_runner.py:222} INFO - ::endgroup::
[2024-06-29T21:49:41.573+0000] {local_task_job_runner.py:120} INFO - ::group::Pre task execution logs
[2024-06-29T21:49:41.583+0000] {taskinstance.py:2076} INFO - Dependencies all met for dep_context=non-requeueable deps ti=<TaskInstance: ecomm_data_pipeline.generate_and_insert_data scheduled__2023-01-01T04:20:00+00:00 [queued]>
[2024-06-29T21:49:41.586+0000] {taskinstance.py:2076} INFO - Dependencies all met for dep_context=requeueable deps ti=<TaskInstance: ecomm_data_pipeline.generate_and_insert_data scheduled__2023-01-01T04:20:00+00:00 [queued]>
[2024-06-29T21:49:41.586+0000] {taskinstance.py:2306} INFO - Starting attempt 1 of 2
[2024-06-29T21:49:41.590+0000] {taskinstance.py:2330} INFO - Executing <Task(PythonOperator): generate_and_insert_data> on 2023-01-01 04:20:00+00:00
[2024-06-29T21:49:41.591+0000] {standard_task_runner.py:63} INFO - Started process 415 to run task
[2024-06-29T21:49:41.592+0000] {standard_task_runner.py:90} INFO - Running: ['airflow', 'tasks', 'run', 'ecomm_data_pipeline', 'generate_and_insert_data', 'scheduled__2023-01-01T04:20:00+00:00', '--job-id', '28', '--raw', '--subdir', 'DAGS_FOLDER/ecomm_dag.py', '--cfg-path', '/tmp/tmpn9hhsaf5']
[2024-06-29T21:49:41.593+0000] {standard_task_runner.py:91} INFO - Job 28: Subtask generate_and_insert_data
[2024-06-29T21:49:41.609+0000] {task_command.py:426} INFO - Running <TaskInstance: ecomm_data_pipeline.generate_and_insert_data scheduled__2023-01-01T04:20:00+00:00 [running]> on host 0b7af056b90c
[2024-06-29T21:49:41.638+0000] {taskinstance.py:2648} INFO - Exporting env vars: AIRFLOW_CTX_DAG_OWNER='airflow' AIRFLOW_CTX_DAG_ID='ecomm_data_pipeline' AIRFLOW_CTX_TASK_ID='generate_and_insert_data' AIRFLOW_CTX_EXECUTION_DATE='2023-01-01T04:20:00+00:00' AIRFLOW_CTX_TRY_NUMBER='1' AIRFLOW_CTX_DAG_RUN_ID='scheduled__2023-01-01T04:20:00+00:00'
[2024-06-29T21:49:41.638+0000] {taskinstance.py:430} INFO - ::endgroup::
[2024-06-29T21:49:41.695+0000] {logging_mixin.py:188} INFO - Error in generate_and_insert_data: Command '['python3', '/opt/airflow/generator/ecomm_generator.py']' returned non-zero exit status 1.
[2024-06-29T21:49:41.695+0000] {logging_mixin.py:188} INFO - stdout: 
[2024-06-29T21:49:41.695+0000] {logging_mixin.py:188} INFO - stderr: Traceback (most recent call last):
  File "/opt/airflow/generator/ecomm_generator.py", line 4, in <module>
    from faker import Faker
ModuleNotFoundError: No module named 'faker'
[2024-06-29T21:49:41.695+0000] {python.py:237} INFO - Done. Returned value was: None
[2024-06-29T21:49:41.695+0000] {taskinstance.py:441} INFO - ::group::Post task execution logs
[2024-06-29T21:49:41.700+0000] {taskinstance.py:1206} INFO - Marking task as SUCCESS. dag_id=ecomm_data_pipeline, task_id=generate_and_insert_data, run_id=scheduled__2023-01-01T04:20:00+00:00, execution_date=20230101T042000, start_date=20240629T214941, end_date=20240629T214941
[2024-06-29T21:49:41.735+0000] {local_task_job_runner.py:240} INFO - Task exited with return code 0
[2024-06-29T21:49:41.742+0000] {taskinstance.py:3503} INFO - 0 downstream tasks scheduled from follow-on schedule check
[2024-06-29T21:49:41.742+0000] {local_task_job_runner.py:222} INFO - ::endgroup::
[2024-06-29T22:01:14.771+0000] {local_task_job_runner.py:120} INFO - ::group::Pre task execution logs
[2024-06-29T22:01:14.781+0000] {taskinstance.py:2076} INFO - Dependencies all met for dep_context=non-requeueable deps ti=<TaskInstance: ecomm_data_pipeline.generate_and_insert_data scheduled__2023-01-01T04:20:00+00:00 [queued]>
[2024-06-29T22:01:14.784+0000] {taskinstance.py:2076} INFO - Dependencies all met for dep_context=requeueable deps ti=<TaskInstance: ecomm_data_pipeline.generate_and_insert_data scheduled__2023-01-01T04:20:00+00:00 [queued]>
[2024-06-29T22:01:14.784+0000] {taskinstance.py:2306} INFO - Starting attempt 1 of 2
[2024-06-29T22:01:14.788+0000] {taskinstance.py:2330} INFO - Executing <Task(PythonOperator): generate_and_insert_data> on 2023-01-01 04:20:00+00:00
[2024-06-29T22:01:14.790+0000] {standard_task_runner.py:63} INFO - Started process 415 to run task
[2024-06-29T22:01:14.791+0000] {standard_task_runner.py:90} INFO - Running: ['airflow', 'tasks', 'run', 'ecomm_data_pipeline', 'generate_and_insert_data', 'scheduled__2023-01-01T04:20:00+00:00', '--job-id', '28', '--raw', '--subdir', 'DAGS_FOLDER/ecomm_dag.py', '--cfg-path', '/tmp/tmpy8xd52vm']
[2024-06-29T22:01:14.792+0000] {standard_task_runner.py:91} INFO - Job 28: Subtask generate_and_insert_data
[2024-06-29T22:01:14.809+0000] {task_command.py:426} INFO - Running <TaskInstance: ecomm_data_pipeline.generate_and_insert_data scheduled__2023-01-01T04:20:00+00:00 [running]> on host 799998b0d26e
[2024-06-29T22:01:14.836+0000] {taskinstance.py:2648} INFO - Exporting env vars: AIRFLOW_CTX_DAG_OWNER='airflow' AIRFLOW_CTX_DAG_ID='ecomm_data_pipeline' AIRFLOW_CTX_TASK_ID='generate_and_insert_data' AIRFLOW_CTX_EXECUTION_DATE='2023-01-01T04:20:00+00:00' AIRFLOW_CTX_TRY_NUMBER='1' AIRFLOW_CTX_DAG_RUN_ID='scheduled__2023-01-01T04:20:00+00:00'
[2024-06-29T22:01:14.837+0000] {taskinstance.py:430} INFO - ::endgroup::
[2024-06-29T22:01:14.892+0000] {logging_mixin.py:188} INFO - Error in generate_and_insert_data: Command '['python3', '/opt/airflow/generator/ecomm_generator.py']' returned non-zero exit status 1.
[2024-06-29T22:01:14.892+0000] {logging_mixin.py:188} INFO - stdout: 
[2024-06-29T22:01:14.892+0000] {logging_mixin.py:188} INFO - stderr: Traceback (most recent call last):
  File "/opt/airflow/generator/ecomm_generator.py", line 4, in <module>
    from faker import Faker
ModuleNotFoundError: No module named 'faker'
[2024-06-29T22:01:14.892+0000] {python.py:237} INFO - Done. Returned value was: None
[2024-06-29T22:01:14.893+0000] {taskinstance.py:441} INFO - ::group::Post task execution logs
[2024-06-29T22:01:14.897+0000] {taskinstance.py:1206} INFO - Marking task as SUCCESS. dag_id=ecomm_data_pipeline, task_id=generate_and_insert_data, run_id=scheduled__2023-01-01T04:20:00+00:00, execution_date=20230101T042000, start_date=20240629T220114, end_date=20240629T220114
[2024-06-29T22:01:14.930+0000] {local_task_job_runner.py:240} INFO - Task exited with return code 0
[2024-06-29T22:01:14.937+0000] {taskinstance.py:3503} INFO - 0 downstream tasks scheduled from follow-on schedule check
[2024-06-29T22:01:14.938+0000] {local_task_job_runner.py:222} INFO - ::endgroup::
