[2024-06-27T22:33:13.619+0000] {local_task_job_runner.py:120} INFO - ::group::Pre task execution logs
[2024-06-27T22:33:13.630+0000] {taskinstance.py:2076} INFO - Dependencies all met for dep_context=non-requeueable deps ti=<TaskInstance: ecomm_data_pipeline.generate_and_insert_data scheduled__2023-01-01T01:20:00+00:00 [queued]>
[2024-06-27T22:33:13.632+0000] {taskinstance.py:2076} INFO - Dependencies all met for dep_context=requeueable deps ti=<TaskInstance: ecomm_data_pipeline.generate_and_insert_data scheduled__2023-01-01T01:20:00+00:00 [queued]>
[2024-06-27T22:33:13.632+0000] {taskinstance.py:2306} INFO - Starting attempt 1 of 2
[2024-06-27T22:33:13.637+0000] {taskinstance.py:2330} INFO - Executing <Task(PythonOperator): generate_and_insert_data> on 2023-01-01 01:20:00+00:00
[2024-06-27T22:33:13.638+0000] {standard_task_runner.py:63} INFO - Started process 267 to run task
[2024-06-27T22:33:13.640+0000] {standard_task_runner.py:90} INFO - Running: ['airflow', 'tasks', 'run', 'ecomm_data_pipeline', 'generate_and_insert_data', 'scheduled__2023-01-01T01:20:00+00:00', '--job-id', '18', '--raw', '--subdir', 'DAGS_FOLDER/ecomm_dag.py', '--cfg-path', '/tmp/tmpvu2zqe_n']
[2024-06-27T22:33:13.640+0000] {standard_task_runner.py:91} INFO - Job 18: Subtask generate_and_insert_data
[2024-06-27T22:33:13.659+0000] {task_command.py:426} INFO - Running <TaskInstance: ecomm_data_pipeline.generate_and_insert_data scheduled__2023-01-01T01:20:00+00:00 [running]> on host 9174587f6b1d
[2024-06-27T22:33:13.691+0000] {taskinstance.py:2648} INFO - Exporting env vars: AIRFLOW_CTX_DAG_OWNER='airflow' AIRFLOW_CTX_DAG_ID='ecomm_data_pipeline' AIRFLOW_CTX_TASK_ID='generate_and_insert_data' AIRFLOW_CTX_EXECUTION_DATE='2023-01-01T01:20:00+00:00' AIRFLOW_CTX_TRY_NUMBER='1' AIRFLOW_CTX_DAG_RUN_ID='scheduled__2023-01-01T01:20:00+00:00'
[2024-06-27T22:33:13.692+0000] {taskinstance.py:430} INFO - ::endgroup::
[2024-06-27T22:33:13.727+0000] {logging_mixin.py:188} INFO - Error in generate_and_insert_data: Command '['python3', './generator/ecomm_generator.py']' returned non-zero exit status 2.
[2024-06-27T22:33:13.727+0000] {python.py:237} INFO - Done. Returned value was: None
[2024-06-27T22:33:13.727+0000] {taskinstance.py:441} INFO - ::group::Post task execution logs
[2024-06-27T22:33:13.732+0000] {taskinstance.py:1206} INFO - Marking task as SUCCESS. dag_id=ecomm_data_pipeline, task_id=generate_and_insert_data, run_id=scheduled__2023-01-01T01:20:00+00:00, execution_date=20230101T012000, start_date=20240627T223313, end_date=20240627T223313
[2024-06-27T22:33:13.782+0000] {local_task_job_runner.py:240} INFO - Task exited with return code 0
[2024-06-27T22:33:13.789+0000] {taskinstance.py:3503} INFO - 0 downstream tasks scheduled from follow-on schedule check
[2024-06-27T22:33:13.790+0000] {local_task_job_runner.py:222} INFO - ::endgroup::
[2024-06-27T22:52:03.606+0000] {local_task_job_runner.py:120} INFO - ::group::Pre task execution logs
[2024-06-27T22:52:03.617+0000] {taskinstance.py:2076} INFO - Dependencies all met for dep_context=non-requeueable deps ti=<TaskInstance: ecomm_data_pipeline.generate_and_insert_data scheduled__2023-01-01T01:20:00+00:00 [queued]>
[2024-06-27T22:52:03.620+0000] {taskinstance.py:2076} INFO - Dependencies all met for dep_context=requeueable deps ti=<TaskInstance: ecomm_data_pipeline.generate_and_insert_data scheduled__2023-01-01T01:20:00+00:00 [queued]>
[2024-06-27T22:52:03.620+0000] {taskinstance.py:2306} INFO - Starting attempt 1 of 2
[2024-06-27T22:52:03.625+0000] {taskinstance.py:2330} INFO - Executing <Task(PythonOperator): generate_and_insert_data> on 2023-01-01 01:20:00+00:00
[2024-06-27T22:52:03.627+0000] {standard_task_runner.py:63} INFO - Started process 267 to run task
[2024-06-27T22:52:03.628+0000] {standard_task_runner.py:90} INFO - Running: ['airflow', 'tasks', 'run', 'ecomm_data_pipeline', 'generate_and_insert_data', 'scheduled__2023-01-01T01:20:00+00:00', '--job-id', '18', '--raw', '--subdir', 'DAGS_FOLDER/ecomm_dag.py', '--cfg-path', '/tmp/tmp_8kk44_g']
[2024-06-27T22:52:03.629+0000] {standard_task_runner.py:91} INFO - Job 18: Subtask generate_and_insert_data
[2024-06-27T22:52:03.646+0000] {task_command.py:426} INFO - Running <TaskInstance: ecomm_data_pipeline.generate_and_insert_data scheduled__2023-01-01T01:20:00+00:00 [running]> on host a70edf9d8581
[2024-06-27T22:52:03.678+0000] {taskinstance.py:2648} INFO - Exporting env vars: AIRFLOW_CTX_DAG_OWNER='airflow' AIRFLOW_CTX_DAG_ID='ecomm_data_pipeline' AIRFLOW_CTX_TASK_ID='generate_and_insert_data' AIRFLOW_CTX_EXECUTION_DATE='2023-01-01T01:20:00+00:00' AIRFLOW_CTX_TRY_NUMBER='1' AIRFLOW_CTX_DAG_RUN_ID='scheduled__2023-01-01T01:20:00+00:00'
[2024-06-27T22:52:03.678+0000] {taskinstance.py:430} INFO - ::endgroup::
[2024-06-27T22:52:03.713+0000] {logging_mixin.py:188} INFO - Error in generate_and_insert_data: Command '['python3', './generator/ecomm_generator.py']' returned non-zero exit status 2.
[2024-06-27T22:52:03.713+0000] {logging_mixin.py:188} INFO - stdout: 
[2024-06-27T22:52:03.714+0000] {logging_mixin.py:188} INFO - stderr: python3: can't open file '/opt/airflow/./generator/ecomm_generator.py': [Errno 2] No such file or directory
[2024-06-27T22:52:03.714+0000] {python.py:237} INFO - Done. Returned value was: None
[2024-06-27T22:52:03.714+0000] {taskinstance.py:441} INFO - ::group::Post task execution logs
[2024-06-27T22:52:03.719+0000] {taskinstance.py:1206} INFO - Marking task as SUCCESS. dag_id=ecomm_data_pipeline, task_id=generate_and_insert_data, run_id=scheduled__2023-01-01T01:20:00+00:00, execution_date=20230101T012000, start_date=20240627T225203, end_date=20240627T225203
[2024-06-27T22:52:03.726+0000] {local_task_job_runner.py:240} INFO - Task exited with return code 0
[2024-06-27T22:52:03.734+0000] {taskinstance.py:3503} INFO - 0 downstream tasks scheduled from follow-on schedule check
[2024-06-27T22:52:03.734+0000] {local_task_job_runner.py:222} INFO - ::endgroup::
[2024-06-27T22:59:47.218+0000] {local_task_job_runner.py:120} INFO - ::group::Pre task execution logs
[2024-06-27T22:59:47.229+0000] {taskinstance.py:2076} INFO - Dependencies all met for dep_context=non-requeueable deps ti=<TaskInstance: ecomm_data_pipeline.generate_and_insert_data scheduled__2023-01-01T01:20:00+00:00 [queued]>
[2024-06-27T22:59:47.231+0000] {taskinstance.py:2076} INFO - Dependencies all met for dep_context=requeueable deps ti=<TaskInstance: ecomm_data_pipeline.generate_and_insert_data scheduled__2023-01-01T01:20:00+00:00 [queued]>
[2024-06-27T22:59:47.231+0000] {taskinstance.py:2306} INFO - Starting attempt 1 of 2
[2024-06-27T22:59:47.236+0000] {taskinstance.py:2330} INFO - Executing <Task(PythonOperator): generate_and_insert_data> on 2023-01-01 01:20:00+00:00
[2024-06-27T22:59:47.238+0000] {standard_task_runner.py:63} INFO - Started process 267 to run task
[2024-06-27T22:59:47.239+0000] {standard_task_runner.py:90} INFO - Running: ['airflow', 'tasks', 'run', 'ecomm_data_pipeline', 'generate_and_insert_data', 'scheduled__2023-01-01T01:20:00+00:00', '--job-id', '18', '--raw', '--subdir', 'DAGS_FOLDER/ecomm_dag.py', '--cfg-path', '/tmp/tmpiwevs41j']
[2024-06-27T22:59:47.240+0000] {standard_task_runner.py:91} INFO - Job 18: Subtask generate_and_insert_data
[2024-06-27T22:59:47.257+0000] {task_command.py:426} INFO - Running <TaskInstance: ecomm_data_pipeline.generate_and_insert_data scheduled__2023-01-01T01:20:00+00:00 [running]> on host 5cc71d4b298c
[2024-06-27T22:59:47.288+0000] {taskinstance.py:2648} INFO - Exporting env vars: AIRFLOW_CTX_DAG_OWNER='airflow' AIRFLOW_CTX_DAG_ID='ecomm_data_pipeline' AIRFLOW_CTX_TASK_ID='generate_and_insert_data' AIRFLOW_CTX_EXECUTION_DATE='2023-01-01T01:20:00+00:00' AIRFLOW_CTX_TRY_NUMBER='1' AIRFLOW_CTX_DAG_RUN_ID='scheduled__2023-01-01T01:20:00+00:00'
[2024-06-27T22:59:47.288+0000] {taskinstance.py:430} INFO - ::endgroup::
[2024-06-27T22:59:47.347+0000] {logging_mixin.py:188} INFO - Error in generate_and_insert_data: Command '['python3', '/opt/airflow/generator/ecomm_generator.py']' returned non-zero exit status 1.
[2024-06-27T22:59:47.348+0000] {logging_mixin.py:188} INFO - stdout: 
[2024-06-27T22:59:47.348+0000] {logging_mixin.py:188} INFO - stderr: Traceback (most recent call last):
  File "/opt/airflow/generator/ecomm_generator.py", line 4, in <module>
    from faker import Faker
ModuleNotFoundError: No module named 'faker'
[2024-06-27T22:59:47.348+0000] {python.py:237} INFO - Done. Returned value was: None
[2024-06-27T22:59:47.348+0000] {taskinstance.py:441} INFO - ::group::Post task execution logs
[2024-06-27T22:59:47.353+0000] {taskinstance.py:1206} INFO - Marking task as SUCCESS. dag_id=ecomm_data_pipeline, task_id=generate_and_insert_data, run_id=scheduled__2023-01-01T01:20:00+00:00, execution_date=20230101T012000, start_date=20240627T225947, end_date=20240627T225947
[2024-06-27T22:59:47.378+0000] {local_task_job_runner.py:240} INFO - Task exited with return code 0
[2024-06-27T22:59:47.385+0000] {taskinstance.py:3503} INFO - 0 downstream tasks scheduled from follow-on schedule check
[2024-06-27T22:59:47.385+0000] {local_task_job_runner.py:222} INFO - ::endgroup::
[2024-06-27T23:09:26.521+0000] {local_task_job_runner.py:120} INFO - ::group::Pre task execution logs
[2024-06-27T23:09:26.531+0000] {taskinstance.py:2076} INFO - Dependencies all met for dep_context=non-requeueable deps ti=<TaskInstance: ecomm_data_pipeline.generate_and_insert_data scheduled__2023-01-01T01:20:00+00:00 [queued]>
[2024-06-27T23:09:26.534+0000] {taskinstance.py:2076} INFO - Dependencies all met for dep_context=requeueable deps ti=<TaskInstance: ecomm_data_pipeline.generate_and_insert_data scheduled__2023-01-01T01:20:00+00:00 [queued]>
[2024-06-27T23:09:26.534+0000] {taskinstance.py:2306} INFO - Starting attempt 1 of 2
[2024-06-27T23:09:26.539+0000] {taskinstance.py:2330} INFO - Executing <Task(PythonOperator): generate_and_insert_data> on 2023-01-01 01:20:00+00:00
[2024-06-27T23:09:26.541+0000] {standard_task_runner.py:63} INFO - Started process 267 to run task
[2024-06-27T23:09:26.542+0000] {standard_task_runner.py:90} INFO - Running: ['airflow', 'tasks', 'run', 'ecomm_data_pipeline', 'generate_and_insert_data', 'scheduled__2023-01-01T01:20:00+00:00', '--job-id', '18', '--raw', '--subdir', 'DAGS_FOLDER/ecomm_dag.py', '--cfg-path', '/tmp/tmp40hbiwja']
[2024-06-27T23:09:26.543+0000] {standard_task_runner.py:91} INFO - Job 18: Subtask generate_and_insert_data
[2024-06-27T23:09:26.560+0000] {task_command.py:426} INFO - Running <TaskInstance: ecomm_data_pipeline.generate_and_insert_data scheduled__2023-01-01T01:20:00+00:00 [running]> on host 7147f8a4dc9f
[2024-06-27T23:09:26.590+0000] {taskinstance.py:2648} INFO - Exporting env vars: AIRFLOW_CTX_DAG_OWNER='airflow' AIRFLOW_CTX_DAG_ID='ecomm_data_pipeline' AIRFLOW_CTX_TASK_ID='generate_and_insert_data' AIRFLOW_CTX_EXECUTION_DATE='2023-01-01T01:20:00+00:00' AIRFLOW_CTX_TRY_NUMBER='1' AIRFLOW_CTX_DAG_RUN_ID='scheduled__2023-01-01T01:20:00+00:00'
[2024-06-27T23:09:26.590+0000] {taskinstance.py:430} INFO - ::endgroup::
[2024-06-27T23:09:26.654+0000] {logging_mixin.py:188} INFO - Error in generate_and_insert_data: Command '['python3', '/opt/airflow/generator/ecomm_generator.py']' returned non-zero exit status 1.
[2024-06-27T23:09:26.655+0000] {logging_mixin.py:188} INFO - stdout: 
[2024-06-27T23:09:26.655+0000] {logging_mixin.py:188} INFO - stderr: Traceback (most recent call last):
  File "/opt/airflow/generator/ecomm_generator.py", line 4, in <module>
    from faker import Faker
ModuleNotFoundError: No module named 'faker'
[2024-06-27T23:09:26.655+0000] {python.py:237} INFO - Done. Returned value was: None
[2024-06-27T23:09:26.655+0000] {taskinstance.py:441} INFO - ::group::Post task execution logs
[2024-06-27T23:09:26.661+0000] {taskinstance.py:1206} INFO - Marking task as SUCCESS. dag_id=ecomm_data_pipeline, task_id=generate_and_insert_data, run_id=scheduled__2023-01-01T01:20:00+00:00, execution_date=20230101T012000, start_date=20240627T230926, end_date=20240627T230926
[2024-06-27T23:09:26.687+0000] {local_task_job_runner.py:240} INFO - Task exited with return code 0
[2024-06-27T23:09:26.694+0000] {taskinstance.py:3503} INFO - 0 downstream tasks scheduled from follow-on schedule check
[2024-06-27T23:09:26.694+0000] {local_task_job_runner.py:222} INFO - ::endgroup::
[2024-06-27T23:13:04.645+0000] {local_task_job_runner.py:120} INFO - ::group::Pre task execution logs
[2024-06-27T23:13:04.656+0000] {taskinstance.py:2076} INFO - Dependencies all met for dep_context=non-requeueable deps ti=<TaskInstance: ecomm_data_pipeline.generate_and_insert_data scheduled__2023-01-01T01:20:00+00:00 [queued]>
[2024-06-27T23:13:04.659+0000] {taskinstance.py:2076} INFO - Dependencies all met for dep_context=requeueable deps ti=<TaskInstance: ecomm_data_pipeline.generate_and_insert_data scheduled__2023-01-01T01:20:00+00:00 [queued]>
[2024-06-27T23:13:04.659+0000] {taskinstance.py:2306} INFO - Starting attempt 1 of 2
[2024-06-27T23:13:04.665+0000] {taskinstance.py:2330} INFO - Executing <Task(PythonOperator): generate_and_insert_data> on 2023-01-01 01:20:00+00:00
[2024-06-27T23:13:04.667+0000] {standard_task_runner.py:63} INFO - Started process 267 to run task
[2024-06-27T23:13:04.668+0000] {standard_task_runner.py:90} INFO - Running: ['airflow', 'tasks', 'run', 'ecomm_data_pipeline', 'generate_and_insert_data', 'scheduled__2023-01-01T01:20:00+00:00', '--job-id', '18', '--raw', '--subdir', 'DAGS_FOLDER/ecomm_dag.py', '--cfg-path', '/tmp/tmpjbnnuzzb']
[2024-06-27T23:13:04.669+0000] {standard_task_runner.py:91} INFO - Job 18: Subtask generate_and_insert_data
[2024-06-27T23:13:04.689+0000] {task_command.py:426} INFO - Running <TaskInstance: ecomm_data_pipeline.generate_and_insert_data scheduled__2023-01-01T01:20:00+00:00 [running]> on host 4bd55eb76a74
[2024-06-27T23:13:04.726+0000] {taskinstance.py:2648} INFO - Exporting env vars: AIRFLOW_CTX_DAG_OWNER='airflow' AIRFLOW_CTX_DAG_ID='ecomm_data_pipeline' AIRFLOW_CTX_TASK_ID='generate_and_insert_data' AIRFLOW_CTX_EXECUTION_DATE='2023-01-01T01:20:00+00:00' AIRFLOW_CTX_TRY_NUMBER='1' AIRFLOW_CTX_DAG_RUN_ID='scheduled__2023-01-01T01:20:00+00:00'
[2024-06-27T23:13:04.727+0000] {taskinstance.py:430} INFO - ::endgroup::
[2024-06-27T23:13:04.789+0000] {logging_mixin.py:188} INFO - Error in generate_and_insert_data: Command '['python3', '/opt/airflow/generator/ecomm_generator.py']' returned non-zero exit status 1.
[2024-06-27T23:13:04.789+0000] {logging_mixin.py:188} INFO - stdout: 
[2024-06-27T23:13:04.789+0000] {logging_mixin.py:188} INFO - stderr: Traceback (most recent call last):
  File "/opt/airflow/generator/ecomm_generator.py", line 4, in <module>
    from faker import Faker
ModuleNotFoundError: No module named 'faker'
[2024-06-27T23:13:04.790+0000] {python.py:237} INFO - Done. Returned value was: None
[2024-06-27T23:13:04.790+0000] {taskinstance.py:441} INFO - ::group::Post task execution logs
[2024-06-27T23:13:04.795+0000] {taskinstance.py:1206} INFO - Marking task as SUCCESS. dag_id=ecomm_data_pipeline, task_id=generate_and_insert_data, run_id=scheduled__2023-01-01T01:20:00+00:00, execution_date=20230101T012000, start_date=20240627T231304, end_date=20240627T231304
[2024-06-27T23:13:04.810+0000] {local_task_job_runner.py:240} INFO - Task exited with return code 0
[2024-06-27T23:13:04.817+0000] {taskinstance.py:3503} INFO - 0 downstream tasks scheduled from follow-on schedule check
[2024-06-27T23:13:04.818+0000] {local_task_job_runner.py:222} INFO - ::endgroup::
[2024-06-27T23:18:59.106+0000] {local_task_job_runner.py:120} INFO - ::group::Pre task execution logs
[2024-06-27T23:18:59.117+0000] {taskinstance.py:2076} INFO - Dependencies all met for dep_context=non-requeueable deps ti=<TaskInstance: ecomm_data_pipeline.generate_and_insert_data scheduled__2023-01-01T01:20:00+00:00 [queued]>
[2024-06-27T23:18:59.120+0000] {taskinstance.py:2076} INFO - Dependencies all met for dep_context=requeueable deps ti=<TaskInstance: ecomm_data_pipeline.generate_and_insert_data scheduled__2023-01-01T01:20:00+00:00 [queued]>
[2024-06-27T23:18:59.120+0000] {taskinstance.py:2306} INFO - Starting attempt 1 of 2
[2024-06-27T23:18:59.125+0000] {taskinstance.py:2330} INFO - Executing <Task(PythonOperator): generate_and_insert_data> on 2023-01-01 01:20:00+00:00
[2024-06-27T23:18:59.126+0000] {standard_task_runner.py:63} INFO - Started process 267 to run task
[2024-06-27T23:18:59.127+0000] {standard_task_runner.py:90} INFO - Running: ['airflow', 'tasks', 'run', 'ecomm_data_pipeline', 'generate_and_insert_data', 'scheduled__2023-01-01T01:20:00+00:00', '--job-id', '18', '--raw', '--subdir', 'DAGS_FOLDER/ecomm_dag.py', '--cfg-path', '/tmp/tmp6k0obeym']
[2024-06-27T23:18:59.128+0000] {standard_task_runner.py:91} INFO - Job 18: Subtask generate_and_insert_data
[2024-06-27T23:18:59.146+0000] {task_command.py:426} INFO - Running <TaskInstance: ecomm_data_pipeline.generate_and_insert_data scheduled__2023-01-01T01:20:00+00:00 [running]> on host 73964f870a02
[2024-06-27T23:18:59.182+0000] {taskinstance.py:2648} INFO - Exporting env vars: AIRFLOW_CTX_DAG_OWNER='airflow' AIRFLOW_CTX_DAG_ID='ecomm_data_pipeline' AIRFLOW_CTX_TASK_ID='generate_and_insert_data' AIRFLOW_CTX_EXECUTION_DATE='2023-01-01T01:20:00+00:00' AIRFLOW_CTX_TRY_NUMBER='1' AIRFLOW_CTX_DAG_RUN_ID='scheduled__2023-01-01T01:20:00+00:00'
[2024-06-27T23:18:59.182+0000] {taskinstance.py:430} INFO - ::endgroup::
[2024-06-27T23:18:59.246+0000] {logging_mixin.py:188} INFO - Error in generate_and_insert_data: Command '['python3', '/opt/airflow/generator/ecomm_generator.py']' returned non-zero exit status 1.
[2024-06-27T23:18:59.246+0000] {logging_mixin.py:188} INFO - stdout: 
[2024-06-27T23:18:59.246+0000] {logging_mixin.py:188} INFO - stderr: Traceback (most recent call last):
  File "/opt/airflow/generator/ecomm_generator.py", line 4, in <module>
    from faker import Faker
ModuleNotFoundError: No module named 'faker'
[2024-06-27T23:18:59.246+0000] {python.py:237} INFO - Done. Returned value was: None
[2024-06-27T23:18:59.246+0000] {taskinstance.py:441} INFO - ::group::Post task execution logs
[2024-06-27T23:18:59.252+0000] {taskinstance.py:1206} INFO - Marking task as SUCCESS. dag_id=ecomm_data_pipeline, task_id=generate_and_insert_data, run_id=scheduled__2023-01-01T01:20:00+00:00, execution_date=20230101T012000, start_date=20240627T231859, end_date=20240627T231859
[2024-06-27T23:18:59.268+0000] {local_task_job_runner.py:240} INFO - Task exited with return code 0
[2024-06-27T23:18:59.275+0000] {taskinstance.py:3503} INFO - 0 downstream tasks scheduled from follow-on schedule check
[2024-06-27T23:18:59.275+0000] {local_task_job_runner.py:222} INFO - ::endgroup::
[2024-06-28T18:13:22.026+0000] {local_task_job_runner.py:120} INFO - ::group::Pre task execution logs
[2024-06-28T18:13:22.037+0000] {taskinstance.py:2076} INFO - Dependencies all met for dep_context=non-requeueable deps ti=<TaskInstance: ecomm_data_pipeline.generate_and_insert_data scheduled__2023-01-01T01:20:00+00:00 [queued]>
[2024-06-28T18:13:22.039+0000] {taskinstance.py:2076} INFO - Dependencies all met for dep_context=requeueable deps ti=<TaskInstance: ecomm_data_pipeline.generate_and_insert_data scheduled__2023-01-01T01:20:00+00:00 [queued]>
[2024-06-28T18:13:22.040+0000] {taskinstance.py:2306} INFO - Starting attempt 1 of 2
[2024-06-28T18:13:22.044+0000] {taskinstance.py:2330} INFO - Executing <Task(PythonOperator): generate_and_insert_data> on 2023-01-01 01:20:00+00:00
[2024-06-28T18:13:22.047+0000] {standard_task_runner.py:63} INFO - Started process 267 to run task
[2024-06-28T18:13:22.048+0000] {standard_task_runner.py:90} INFO - Running: ['airflow', 'tasks', 'run', 'ecomm_data_pipeline', 'generate_and_insert_data', 'scheduled__2023-01-01T01:20:00+00:00', '--job-id', '18', '--raw', '--subdir', 'DAGS_FOLDER/ecomm_dag.py', '--cfg-path', '/tmp/tmppxcyg0_5']
[2024-06-28T18:13:22.048+0000] {standard_task_runner.py:91} INFO - Job 18: Subtask generate_and_insert_data
[2024-06-28T18:13:22.066+0000] {task_command.py:426} INFO - Running <TaskInstance: ecomm_data_pipeline.generate_and_insert_data scheduled__2023-01-01T01:20:00+00:00 [running]> on host 08cefd381a1f
[2024-06-28T18:13:22.096+0000] {taskinstance.py:2648} INFO - Exporting env vars: AIRFLOW_CTX_DAG_OWNER='airflow' AIRFLOW_CTX_DAG_ID='ecomm_data_pipeline' AIRFLOW_CTX_TASK_ID='generate_and_insert_data' AIRFLOW_CTX_EXECUTION_DATE='2023-01-01T01:20:00+00:00' AIRFLOW_CTX_TRY_NUMBER='1' AIRFLOW_CTX_DAG_RUN_ID='scheduled__2023-01-01T01:20:00+00:00'
[2024-06-28T18:13:22.096+0000] {taskinstance.py:430} INFO - ::endgroup::
[2024-06-28T18:13:22.155+0000] {logging_mixin.py:188} INFO - Error in generate_and_insert_data: Command '['python3', '/opt/airflow/generator/ecomm_generator.py']' returned non-zero exit status 1.
[2024-06-28T18:13:22.156+0000] {logging_mixin.py:188} INFO - stdout: 
[2024-06-28T18:13:22.156+0000] {logging_mixin.py:188} INFO - stderr: Traceback (most recent call last):
  File "/opt/airflow/generator/ecomm_generator.py", line 4, in <module>
    from faker import Faker
ModuleNotFoundError: No module named 'faker'
[2024-06-28T18:13:22.156+0000] {python.py:237} INFO - Done. Returned value was: None
[2024-06-28T18:13:22.156+0000] {taskinstance.py:441} INFO - ::group::Post task execution logs
[2024-06-28T18:13:22.161+0000] {taskinstance.py:1206} INFO - Marking task as SUCCESS. dag_id=ecomm_data_pipeline, task_id=generate_and_insert_data, run_id=scheduled__2023-01-01T01:20:00+00:00, execution_date=20230101T012000, start_date=20240628T181322, end_date=20240628T181322
[2024-06-28T18:13:22.198+0000] {local_task_job_runner.py:240} INFO - Task exited with return code 0
[2024-06-28T18:13:22.205+0000] {taskinstance.py:3503} INFO - 0 downstream tasks scheduled from follow-on schedule check
[2024-06-28T18:13:22.206+0000] {local_task_job_runner.py:222} INFO - ::endgroup::
[2024-06-28T18:20:36.595+0000] {local_task_job_runner.py:120} INFO - ::group::Pre task execution logs
[2024-06-28T18:20:36.606+0000] {taskinstance.py:2076} INFO - Dependencies all met for dep_context=non-requeueable deps ti=<TaskInstance: ecomm_data_pipeline.generate_and_insert_data scheduled__2023-01-01T01:20:00+00:00 [queued]>
[2024-06-28T18:20:36.609+0000] {taskinstance.py:2076} INFO - Dependencies all met for dep_context=requeueable deps ti=<TaskInstance: ecomm_data_pipeline.generate_and_insert_data scheduled__2023-01-01T01:20:00+00:00 [queued]>
[2024-06-28T18:20:36.609+0000] {taskinstance.py:2306} INFO - Starting attempt 1 of 2
[2024-06-28T18:20:36.614+0000] {taskinstance.py:2330} INFO - Executing <Task(PythonOperator): generate_and_insert_data> on 2023-01-01 01:20:00+00:00
[2024-06-28T18:20:36.616+0000] {standard_task_runner.py:63} INFO - Started process 267 to run task
[2024-06-28T18:20:36.617+0000] {standard_task_runner.py:90} INFO - Running: ['airflow', 'tasks', 'run', 'ecomm_data_pipeline', 'generate_and_insert_data', 'scheduled__2023-01-01T01:20:00+00:00', '--job-id', '18', '--raw', '--subdir', 'DAGS_FOLDER/ecomm_dag.py', '--cfg-path', '/tmp/tmpxs8u3w1m']
[2024-06-28T18:20:36.618+0000] {standard_task_runner.py:91} INFO - Job 18: Subtask generate_and_insert_data
[2024-06-28T18:20:36.635+0000] {task_command.py:426} INFO - Running <TaskInstance: ecomm_data_pipeline.generate_and_insert_data scheduled__2023-01-01T01:20:00+00:00 [running]> on host 6570e5857071
[2024-06-28T18:20:36.668+0000] {taskinstance.py:2648} INFO - Exporting env vars: AIRFLOW_CTX_DAG_OWNER='airflow' AIRFLOW_CTX_DAG_ID='ecomm_data_pipeline' AIRFLOW_CTX_TASK_ID='generate_and_insert_data' AIRFLOW_CTX_EXECUTION_DATE='2023-01-01T01:20:00+00:00' AIRFLOW_CTX_TRY_NUMBER='1' AIRFLOW_CTX_DAG_RUN_ID='scheduled__2023-01-01T01:20:00+00:00'
[2024-06-28T18:20:36.669+0000] {taskinstance.py:430} INFO - ::endgroup::
[2024-06-28T18:20:36.730+0000] {logging_mixin.py:188} INFO - Error in generate_and_insert_data: Command '['python3', '/opt/airflow/generator/ecomm_generator.py']' returned non-zero exit status 1.
[2024-06-28T18:20:36.730+0000] {logging_mixin.py:188} INFO - stdout: 
[2024-06-28T18:20:36.731+0000] {logging_mixin.py:188} INFO - stderr: Traceback (most recent call last):
  File "/opt/airflow/generator/ecomm_generator.py", line 4, in <module>
    from faker import Faker
ModuleNotFoundError: No module named 'faker'
[2024-06-28T18:20:36.731+0000] {python.py:237} INFO - Done. Returned value was: None
[2024-06-28T18:20:36.731+0000] {taskinstance.py:441} INFO - ::group::Post task execution logs
[2024-06-28T18:20:36.737+0000] {taskinstance.py:1206} INFO - Marking task as SUCCESS. dag_id=ecomm_data_pipeline, task_id=generate_and_insert_data, run_id=scheduled__2023-01-01T01:20:00+00:00, execution_date=20230101T012000, start_date=20240628T182036, end_date=20240628T182036
[2024-06-28T18:20:36.759+0000] {local_task_job_runner.py:240} INFO - Task exited with return code 0
[2024-06-28T18:20:36.766+0000] {taskinstance.py:3503} INFO - 0 downstream tasks scheduled from follow-on schedule check
[2024-06-28T18:20:36.766+0000] {local_task_job_runner.py:222} INFO - ::endgroup::
[2024-06-28T18:30:38.474+0000] {local_task_job_runner.py:120} INFO - ::group::Pre task execution logs
[2024-06-28T18:30:38.485+0000] {taskinstance.py:2076} INFO - Dependencies all met for dep_context=non-requeueable deps ti=<TaskInstance: ecomm_data_pipeline.generate_and_insert_data scheduled__2023-01-01T01:20:00+00:00 [queued]>
[2024-06-28T18:30:38.488+0000] {taskinstance.py:2076} INFO - Dependencies all met for dep_context=requeueable deps ti=<TaskInstance: ecomm_data_pipeline.generate_and_insert_data scheduled__2023-01-01T01:20:00+00:00 [queued]>
[2024-06-28T18:30:38.488+0000] {taskinstance.py:2306} INFO - Starting attempt 1 of 2
[2024-06-28T18:30:38.493+0000] {taskinstance.py:2330} INFO - Executing <Task(PythonOperator): generate_and_insert_data> on 2023-01-01 01:20:00+00:00
[2024-06-28T18:30:38.495+0000] {standard_task_runner.py:63} INFO - Started process 267 to run task
[2024-06-28T18:30:38.496+0000] {standard_task_runner.py:90} INFO - Running: ['airflow', 'tasks', 'run', 'ecomm_data_pipeline', 'generate_and_insert_data', 'scheduled__2023-01-01T01:20:00+00:00', '--job-id', '18', '--raw', '--subdir', 'DAGS_FOLDER/ecomm_dag.py', '--cfg-path', '/tmp/tmp17n9w88y']
[2024-06-28T18:30:38.497+0000] {standard_task_runner.py:91} INFO - Job 18: Subtask generate_and_insert_data
[2024-06-28T18:30:38.519+0000] {task_command.py:426} INFO - Running <TaskInstance: ecomm_data_pipeline.generate_and_insert_data scheduled__2023-01-01T01:20:00+00:00 [running]> on host 50bf780463b8
[2024-06-28T18:30:38.549+0000] {taskinstance.py:2648} INFO - Exporting env vars: AIRFLOW_CTX_DAG_OWNER='airflow' AIRFLOW_CTX_DAG_ID='ecomm_data_pipeline' AIRFLOW_CTX_TASK_ID='generate_and_insert_data' AIRFLOW_CTX_EXECUTION_DATE='2023-01-01T01:20:00+00:00' AIRFLOW_CTX_TRY_NUMBER='1' AIRFLOW_CTX_DAG_RUN_ID='scheduled__2023-01-01T01:20:00+00:00'
[2024-06-28T18:30:38.550+0000] {taskinstance.py:430} INFO - ::endgroup::
[2024-06-28T18:30:38.611+0000] {logging_mixin.py:188} INFO - Error in generate_and_insert_data: Command '['python3', '/opt/airflow/generator/ecomm_generator.py']' returned non-zero exit status 1.
[2024-06-28T18:30:38.611+0000] {logging_mixin.py:188} INFO - stdout: 
[2024-06-28T18:30:38.611+0000] {logging_mixin.py:188} INFO - stderr: Traceback (most recent call last):
  File "/opt/airflow/generator/ecomm_generator.py", line 4, in <module>
    from faker import Faker
ModuleNotFoundError: No module named 'faker'
[2024-06-28T18:30:38.611+0000] {python.py:237} INFO - Done. Returned value was: None
[2024-06-28T18:30:38.612+0000] {taskinstance.py:441} INFO - ::group::Post task execution logs
[2024-06-28T18:30:38.617+0000] {taskinstance.py:1206} INFO - Marking task as SUCCESS. dag_id=ecomm_data_pipeline, task_id=generate_and_insert_data, run_id=scheduled__2023-01-01T01:20:00+00:00, execution_date=20230101T012000, start_date=20240628T183038, end_date=20240628T183038
[2024-06-28T18:30:38.638+0000] {local_task_job_runner.py:240} INFO - Task exited with return code 0
[2024-06-28T18:30:38.645+0000] {taskinstance.py:3503} INFO - 0 downstream tasks scheduled from follow-on schedule check
[2024-06-28T18:30:38.646+0000] {local_task_job_runner.py:222} INFO - ::endgroup::
