[2024-06-27T22:36:30.268+0000] {local_task_job_runner.py:120} INFO - ::group::Pre task execution logs
[2024-06-27T22:36:30.278+0000] {taskinstance.py:2076} INFO - Dependencies all met for dep_context=non-requeueable deps ti=<TaskInstance: ecomm_data_pipeline.generate_and_insert_data scheduled__2023-01-01T17:40:00+00:00 [queued]>
[2024-06-27T22:36:30.281+0000] {taskinstance.py:2076} INFO - Dependencies all met for dep_context=requeueable deps ti=<TaskInstance: ecomm_data_pipeline.generate_and_insert_data scheduled__2023-01-01T17:40:00+00:00 [queued]>
[2024-06-27T22:36:30.281+0000] {taskinstance.py:2306} INFO - Starting attempt 1 of 2
[2024-06-27T22:36:30.285+0000] {taskinstance.py:2330} INFO - Executing <Task(PythonOperator): generate_and_insert_data> on 2023-01-01 17:40:00+00:00
[2024-06-27T22:36:30.287+0000] {standard_task_runner.py:63} INFO - Started process 1818 to run task
[2024-06-27T22:36:30.288+0000] {standard_task_runner.py:90} INFO - Running: ['airflow', 'tasks', 'run', 'ecomm_data_pipeline', 'generate_and_insert_data', 'scheduled__2023-01-01T17:40:00+00:00', '--job-id', '125', '--raw', '--subdir', 'DAGS_FOLDER/ecomm_dag.py', '--cfg-path', '/tmp/tmpcje4jhn7']
[2024-06-27T22:36:30.289+0000] {standard_task_runner.py:91} INFO - Job 125: Subtask generate_and_insert_data
[2024-06-27T22:36:30.306+0000] {task_command.py:426} INFO - Running <TaskInstance: ecomm_data_pipeline.generate_and_insert_data scheduled__2023-01-01T17:40:00+00:00 [running]> on host 9174587f6b1d
[2024-06-27T22:36:30.334+0000] {taskinstance.py:2648} INFO - Exporting env vars: AIRFLOW_CTX_DAG_OWNER='airflow' AIRFLOW_CTX_DAG_ID='ecomm_data_pipeline' AIRFLOW_CTX_TASK_ID='generate_and_insert_data' AIRFLOW_CTX_EXECUTION_DATE='2023-01-01T17:40:00+00:00' AIRFLOW_CTX_TRY_NUMBER='1' AIRFLOW_CTX_DAG_RUN_ID='scheduled__2023-01-01T17:40:00+00:00'
[2024-06-27T22:36:30.334+0000] {taskinstance.py:430} INFO - ::endgroup::
[2024-06-27T22:36:30.367+0000] {logging_mixin.py:188} INFO - Error in generate_and_insert_data: Command '['python3', './generator/ecomm_generator.py']' returned non-zero exit status 2.
[2024-06-27T22:36:30.367+0000] {python.py:237} INFO - Done. Returned value was: None
[2024-06-27T22:36:30.368+0000] {taskinstance.py:441} INFO - ::group::Post task execution logs
[2024-06-27T22:36:30.372+0000] {taskinstance.py:1206} INFO - Marking task as SUCCESS. dag_id=ecomm_data_pipeline, task_id=generate_and_insert_data, run_id=scheduled__2023-01-01T17:40:00+00:00, execution_date=20230101T174000, start_date=20240627T223630, end_date=20240627T223630
[2024-06-27T22:36:30.385+0000] {local_task_job_runner.py:240} INFO - Task exited with return code 0
[2024-06-27T22:36:30.391+0000] {taskinstance.py:3503} INFO - 0 downstream tasks scheduled from follow-on schedule check
[2024-06-27T22:36:30.392+0000] {local_task_job_runner.py:222} INFO - ::endgroup::
[2024-06-28T18:18:35.754+0000] {local_task_job_runner.py:120} INFO - ::group::Pre task execution logs
[2024-06-28T18:18:35.765+0000] {taskinstance.py:2076} INFO - Dependencies all met for dep_context=non-requeueable deps ti=<TaskInstance: ecomm_data_pipeline.generate_and_insert_data scheduled__2023-01-01T17:40:00+00:00 [queued]>
[2024-06-28T18:18:35.767+0000] {taskinstance.py:2076} INFO - Dependencies all met for dep_context=requeueable deps ti=<TaskInstance: ecomm_data_pipeline.generate_and_insert_data scheduled__2023-01-01T17:40:00+00:00 [queued]>
[2024-06-28T18:18:35.767+0000] {taskinstance.py:2306} INFO - Starting attempt 1 of 2
[2024-06-28T18:18:35.772+0000] {taskinstance.py:2330} INFO - Executing <Task(PythonOperator): generate_and_insert_data> on 2023-01-01 17:40:00+00:00
[2024-06-28T18:18:35.774+0000] {standard_task_runner.py:63} INFO - Started process 3015 to run task
[2024-06-28T18:18:35.775+0000] {standard_task_runner.py:90} INFO - Running: ['airflow', 'tasks', 'run', 'ecomm_data_pipeline', 'generate_and_insert_data', 'scheduled__2023-01-01T17:40:00+00:00', '--job-id', '214', '--raw', '--subdir', 'DAGS_FOLDER/ecomm_dag.py', '--cfg-path', '/tmp/tmp7ya6vx_3']
[2024-06-28T18:18:35.776+0000] {standard_task_runner.py:91} INFO - Job 214: Subtask generate_and_insert_data
[2024-06-28T18:18:35.793+0000] {task_command.py:426} INFO - Running <TaskInstance: ecomm_data_pipeline.generate_and_insert_data scheduled__2023-01-01T17:40:00+00:00 [running]> on host 08cefd381a1f
[2024-06-28T18:18:35.825+0000] {taskinstance.py:2648} INFO - Exporting env vars: AIRFLOW_CTX_DAG_OWNER='airflow' AIRFLOW_CTX_DAG_ID='ecomm_data_pipeline' AIRFLOW_CTX_TASK_ID='generate_and_insert_data' AIRFLOW_CTX_EXECUTION_DATE='2023-01-01T17:40:00+00:00' AIRFLOW_CTX_TRY_NUMBER='1' AIRFLOW_CTX_DAG_RUN_ID='scheduled__2023-01-01T17:40:00+00:00'
[2024-06-28T18:18:35.825+0000] {taskinstance.py:430} INFO - ::endgroup::
[2024-06-28T18:18:35.885+0000] {logging_mixin.py:188} INFO - Error in generate_and_insert_data: Command '['python3', '/opt/airflow/generator/ecomm_generator.py']' returned non-zero exit status 1.
[2024-06-28T18:18:35.885+0000] {logging_mixin.py:188} INFO - stdout: 
[2024-06-28T18:18:35.885+0000] {logging_mixin.py:188} INFO - stderr: Traceback (most recent call last):
  File "/opt/airflow/generator/ecomm_generator.py", line 4, in <module>
    from faker import Faker
ModuleNotFoundError: No module named 'faker'
[2024-06-28T18:18:35.885+0000] {python.py:237} INFO - Done. Returned value was: None
[2024-06-28T18:18:35.885+0000] {taskinstance.py:441} INFO - ::group::Post task execution logs
[2024-06-28T18:18:35.891+0000] {taskinstance.py:1206} INFO - Marking task as SUCCESS. dag_id=ecomm_data_pipeline, task_id=generate_and_insert_data, run_id=scheduled__2023-01-01T17:40:00+00:00, execution_date=20230101T174000, start_date=20240628T181835, end_date=20240628T181835
[2024-06-28T18:18:35.916+0000] {local_task_job_runner.py:240} INFO - Task exited with return code 0
[2024-06-28T18:18:35.924+0000] {taskinstance.py:3503} INFO - 0 downstream tasks scheduled from follow-on schedule check
[2024-06-28T18:18:35.924+0000] {local_task_job_runner.py:222} INFO - ::endgroup::
