[2024-06-27T22:34:59.849+0000] {local_task_job_runner.py:120} INFO - ::group::Pre task execution logs
[2024-06-27T22:34:59.858+0000] {taskinstance.py:2076} INFO - Dependencies all met for dep_context=non-requeueable deps ti=<TaskInstance: ecomm_data_pipeline.generate_and_insert_data scheduled__2023-01-01T09:40:00+00:00 [queued]>
[2024-06-27T22:34:59.861+0000] {taskinstance.py:2076} INFO - Dependencies all met for dep_context=requeueable deps ti=<TaskInstance: ecomm_data_pipeline.generate_and_insert_data scheduled__2023-01-01T09:40:00+00:00 [queued]>
[2024-06-27T22:34:59.861+0000] {taskinstance.py:2306} INFO - Starting attempt 1 of 2
[2024-06-27T22:34:59.865+0000] {taskinstance.py:2330} INFO - Executing <Task(PythonOperator): generate_and_insert_data> on 2023-01-01 09:40:00+00:00
[2024-06-27T22:34:59.867+0000] {standard_task_runner.py:63} INFO - Started process 1116 to run task
[2024-06-27T22:34:59.868+0000] {standard_task_runner.py:90} INFO - Running: ['airflow', 'tasks', 'run', 'ecomm_data_pipeline', 'generate_and_insert_data', 'scheduled__2023-01-01T09:40:00+00:00', '--job-id', '77', '--raw', '--subdir', 'DAGS_FOLDER/ecomm_dag.py', '--cfg-path', '/tmp/tmpvfyv_65d']
[2024-06-27T22:34:59.868+0000] {standard_task_runner.py:91} INFO - Job 77: Subtask generate_and_insert_data
[2024-06-27T22:34:59.885+0000] {task_command.py:426} INFO - Running <TaskInstance: ecomm_data_pipeline.generate_and_insert_data scheduled__2023-01-01T09:40:00+00:00 [running]> on host 9174587f6b1d
[2024-06-27T22:34:59.913+0000] {taskinstance.py:2648} INFO - Exporting env vars: AIRFLOW_CTX_DAG_OWNER='airflow' AIRFLOW_CTX_DAG_ID='ecomm_data_pipeline' AIRFLOW_CTX_TASK_ID='generate_and_insert_data' AIRFLOW_CTX_EXECUTION_DATE='2023-01-01T09:40:00+00:00' AIRFLOW_CTX_TRY_NUMBER='1' AIRFLOW_CTX_DAG_RUN_ID='scheduled__2023-01-01T09:40:00+00:00'
[2024-06-27T22:34:59.913+0000] {taskinstance.py:430} INFO - ::endgroup::
[2024-06-27T22:34:59.946+0000] {logging_mixin.py:188} INFO - Error in generate_and_insert_data: Command '['python3', './generator/ecomm_generator.py']' returned non-zero exit status 2.
[2024-06-27T22:34:59.946+0000] {python.py:237} INFO - Done. Returned value was: None
[2024-06-27T22:34:59.946+0000] {taskinstance.py:441} INFO - ::group::Post task execution logs
[2024-06-27T22:34:59.951+0000] {taskinstance.py:1206} INFO - Marking task as SUCCESS. dag_id=ecomm_data_pipeline, task_id=generate_and_insert_data, run_id=scheduled__2023-01-01T09:40:00+00:00, execution_date=20230101T094000, start_date=20240627T223459, end_date=20240627T223459
[2024-06-27T22:34:59.969+0000] {local_task_job_runner.py:240} INFO - Task exited with return code 0
[2024-06-27T22:34:59.975+0000] {taskinstance.py:3503} INFO - 0 downstream tasks scheduled from follow-on schedule check
[2024-06-27T22:34:59.976+0000] {local_task_job_runner.py:222} INFO - ::endgroup::
[2024-06-28T18:16:00.513+0000] {local_task_job_runner.py:120} INFO - ::group::Pre task execution logs
[2024-06-28T18:16:00.523+0000] {taskinstance.py:2076} INFO - Dependencies all met for dep_context=non-requeueable deps ti=<TaskInstance: ecomm_data_pipeline.generate_and_insert_data scheduled__2023-01-01T09:40:00+00:00 [queued]>
[2024-06-28T18:16:00.526+0000] {taskinstance.py:2076} INFO - Dependencies all met for dep_context=requeueable deps ti=<TaskInstance: ecomm_data_pipeline.generate_and_insert_data scheduled__2023-01-01T09:40:00+00:00 [queued]>
[2024-06-28T18:16:00.526+0000] {taskinstance.py:2306} INFO - Starting attempt 1 of 2
[2024-06-28T18:16:00.530+0000] {taskinstance.py:2330} INFO - Executing <Task(PythonOperator): generate_and_insert_data> on 2023-01-01 09:40:00+00:00
[2024-06-28T18:16:00.532+0000] {standard_task_runner.py:63} INFO - Started process 1669 to run task
[2024-06-28T18:16:00.533+0000] {standard_task_runner.py:90} INFO - Running: ['airflow', 'tasks', 'run', 'ecomm_data_pipeline', 'generate_and_insert_data', 'scheduled__2023-01-01T09:40:00+00:00', '--job-id', '118', '--raw', '--subdir', 'DAGS_FOLDER/ecomm_dag.py', '--cfg-path', '/tmp/tmpgik31edh']
[2024-06-28T18:16:00.534+0000] {standard_task_runner.py:91} INFO - Job 118: Subtask generate_and_insert_data
[2024-06-28T18:16:00.551+0000] {task_command.py:426} INFO - Running <TaskInstance: ecomm_data_pipeline.generate_and_insert_data scheduled__2023-01-01T09:40:00+00:00 [running]> on host 08cefd381a1f
[2024-06-28T18:16:00.579+0000] {taskinstance.py:2648} INFO - Exporting env vars: AIRFLOW_CTX_DAG_OWNER='airflow' AIRFLOW_CTX_DAG_ID='ecomm_data_pipeline' AIRFLOW_CTX_TASK_ID='generate_and_insert_data' AIRFLOW_CTX_EXECUTION_DATE='2023-01-01T09:40:00+00:00' AIRFLOW_CTX_TRY_NUMBER='1' AIRFLOW_CTX_DAG_RUN_ID='scheduled__2023-01-01T09:40:00+00:00'
[2024-06-28T18:16:00.579+0000] {taskinstance.py:430} INFO - ::endgroup::
[2024-06-28T18:16:00.635+0000] {logging_mixin.py:188} INFO - Error in generate_and_insert_data: Command '['python3', '/opt/airflow/generator/ecomm_generator.py']' returned non-zero exit status 1.
[2024-06-28T18:16:00.635+0000] {logging_mixin.py:188} INFO - stdout: 
[2024-06-28T18:16:00.635+0000] {logging_mixin.py:188} INFO - stderr: Traceback (most recent call last):
  File "/opt/airflow/generator/ecomm_generator.py", line 4, in <module>
    from faker import Faker
ModuleNotFoundError: No module named 'faker'
[2024-06-28T18:16:00.636+0000] {python.py:237} INFO - Done. Returned value was: None
[2024-06-28T18:16:00.636+0000] {taskinstance.py:441} INFO - ::group::Post task execution logs
[2024-06-28T18:16:00.641+0000] {taskinstance.py:1206} INFO - Marking task as SUCCESS. dag_id=ecomm_data_pipeline, task_id=generate_and_insert_data, run_id=scheduled__2023-01-01T09:40:00+00:00, execution_date=20230101T094000, start_date=20240628T181600, end_date=20240628T181600
[2024-06-28T18:16:00.681+0000] {local_task_job_runner.py:240} INFO - Task exited with return code 0
[2024-06-28T18:16:00.688+0000] {taskinstance.py:3503} INFO - 0 downstream tasks scheduled from follow-on schedule check
[2024-06-28T18:16:00.689+0000] {local_task_job_runner.py:222} INFO - ::endgroup::
[2024-06-29T21:38:25.850+0000] {local_task_job_runner.py:120} INFO - ::group::Pre task execution logs
[2024-06-29T21:38:25.859+0000] {taskinstance.py:2076} INFO - Dependencies all met for dep_context=non-requeueable deps ti=<TaskInstance: ecomm_data_pipeline.generate_and_insert_data scheduled__2023-01-01T09:40:00+00:00 [queued]>
[2024-06-29T21:38:25.861+0000] {taskinstance.py:2076} INFO - Dependencies all met for dep_context=requeueable deps ti=<TaskInstance: ecomm_data_pipeline.generate_and_insert_data scheduled__2023-01-01T09:40:00+00:00 [queued]>
[2024-06-29T21:38:25.862+0000] {taskinstance.py:2306} INFO - Starting attempt 1 of 2
[2024-06-29T21:38:25.866+0000] {taskinstance.py:2330} INFO - Executing <Task(PythonOperator): generate_and_insert_data> on 2023-01-01 09:40:00+00:00
[2024-06-29T21:38:25.867+0000] {standard_task_runner.py:63} INFO - Started process 880 to run task
[2024-06-29T21:38:25.869+0000] {standard_task_runner.py:90} INFO - Running: ['airflow', 'tasks', 'run', 'ecomm_data_pipeline', 'generate_and_insert_data', 'scheduled__2023-01-01T09:40:00+00:00', '--job-id', '60', '--raw', '--subdir', 'DAGS_FOLDER/ecomm_dag.py', '--cfg-path', '/tmp/tmpkscl7xai']
[2024-06-29T21:38:25.869+0000] {standard_task_runner.py:91} INFO - Job 60: Subtask generate_and_insert_data
[2024-06-29T21:38:25.886+0000] {task_command.py:426} INFO - Running <TaskInstance: ecomm_data_pipeline.generate_and_insert_data scheduled__2023-01-01T09:40:00+00:00 [running]> on host afcb6fbf9265
[2024-06-29T21:38:25.913+0000] {taskinstance.py:2648} INFO - Exporting env vars: AIRFLOW_CTX_DAG_OWNER='airflow' AIRFLOW_CTX_DAG_ID='ecomm_data_pipeline' AIRFLOW_CTX_TASK_ID='generate_and_insert_data' AIRFLOW_CTX_EXECUTION_DATE='2023-01-01T09:40:00+00:00' AIRFLOW_CTX_TRY_NUMBER='1' AIRFLOW_CTX_DAG_RUN_ID='scheduled__2023-01-01T09:40:00+00:00'
[2024-06-29T21:38:25.914+0000] {taskinstance.py:430} INFO - ::endgroup::
[2024-06-29T21:38:25.970+0000] {logging_mixin.py:188} INFO - Error in generate_and_insert_data: Command '['python3', '/opt/airflow/generator/ecomm_generator.py']' returned non-zero exit status 1.
[2024-06-29T21:38:25.970+0000] {logging_mixin.py:188} INFO - stdout: 
[2024-06-29T21:38:25.970+0000] {logging_mixin.py:188} INFO - stderr: Traceback (most recent call last):
  File "/opt/airflow/generator/ecomm_generator.py", line 4, in <module>
    from faker import Faker
ModuleNotFoundError: No module named 'faker'
[2024-06-29T21:38:25.970+0000] {python.py:237} INFO - Done. Returned value was: None
[2024-06-29T21:38:25.970+0000] {taskinstance.py:441} INFO - ::group::Post task execution logs
[2024-06-29T21:38:25.975+0000] {taskinstance.py:1206} INFO - Marking task as SUCCESS. dag_id=ecomm_data_pipeline, task_id=generate_and_insert_data, run_id=scheduled__2023-01-01T09:40:00+00:00, execution_date=20230101T094000, start_date=20240629T213825, end_date=20240629T213825
[2024-06-29T21:38:26.010+0000] {local_task_job_runner.py:240} INFO - Task exited with return code 0
[2024-06-29T21:38:26.016+0000] {taskinstance.py:3503} INFO - 0 downstream tasks scheduled from follow-on schedule check
[2024-06-29T21:38:26.017+0000] {local_task_job_runner.py:222} INFO - ::endgroup::
[2024-06-29T22:02:14.073+0000] {local_task_job_runner.py:120} INFO - ::group::Pre task execution logs
[2024-06-29T22:02:14.083+0000] {taskinstance.py:2076} INFO - Dependencies all met for dep_context=non-requeueable deps ti=<TaskInstance: ecomm_data_pipeline.generate_and_insert_data scheduled__2023-01-01T09:40:00+00:00 [queued]>
[2024-06-29T22:02:14.085+0000] {taskinstance.py:2076} INFO - Dependencies all met for dep_context=requeueable deps ti=<TaskInstance: ecomm_data_pipeline.generate_and_insert_data scheduled__2023-01-01T09:40:00+00:00 [queued]>
[2024-06-29T22:02:14.085+0000] {taskinstance.py:2306} INFO - Starting attempt 1 of 2
[2024-06-29T22:02:14.090+0000] {taskinstance.py:2330} INFO - Executing <Task(PythonOperator): generate_and_insert_data> on 2023-01-01 09:40:00+00:00
[2024-06-29T22:02:14.091+0000] {standard_task_runner.py:63} INFO - Started process 880 to run task
[2024-06-29T22:02:14.092+0000] {standard_task_runner.py:90} INFO - Running: ['airflow', 'tasks', 'run', 'ecomm_data_pipeline', 'generate_and_insert_data', 'scheduled__2023-01-01T09:40:00+00:00', '--job-id', '60', '--raw', '--subdir', 'DAGS_FOLDER/ecomm_dag.py', '--cfg-path', '/tmp/tmph9_gsjvb']
[2024-06-29T22:02:14.093+0000] {standard_task_runner.py:91} INFO - Job 60: Subtask generate_and_insert_data
[2024-06-29T22:02:14.110+0000] {task_command.py:426} INFO - Running <TaskInstance: ecomm_data_pipeline.generate_and_insert_data scheduled__2023-01-01T09:40:00+00:00 [running]> on host 799998b0d26e
[2024-06-29T22:02:14.138+0000] {taskinstance.py:2648} INFO - Exporting env vars: AIRFLOW_CTX_DAG_OWNER='airflow' AIRFLOW_CTX_DAG_ID='ecomm_data_pipeline' AIRFLOW_CTX_TASK_ID='generate_and_insert_data' AIRFLOW_CTX_EXECUTION_DATE='2023-01-01T09:40:00+00:00' AIRFLOW_CTX_TRY_NUMBER='1' AIRFLOW_CTX_DAG_RUN_ID='scheduled__2023-01-01T09:40:00+00:00'
[2024-06-29T22:02:14.139+0000] {taskinstance.py:430} INFO - ::endgroup::
[2024-06-29T22:02:14.200+0000] {logging_mixin.py:188} INFO - Error in generate_and_insert_data: Command '['python3', '/opt/airflow/generator/ecomm_generator.py']' returned non-zero exit status 1.
[2024-06-29T22:02:14.200+0000] {logging_mixin.py:188} INFO - stdout: 
[2024-06-29T22:02:14.200+0000] {logging_mixin.py:188} INFO - stderr: Traceback (most recent call last):
  File "/opt/airflow/generator/ecomm_generator.py", line 4, in <module>
    from faker import Faker
ModuleNotFoundError: No module named 'faker'
[2024-06-29T22:02:14.200+0000] {python.py:237} INFO - Done. Returned value was: None
[2024-06-29T22:02:14.201+0000] {taskinstance.py:441} INFO - ::group::Post task execution logs
[2024-06-29T22:02:14.206+0000] {taskinstance.py:1206} INFO - Marking task as SUCCESS. dag_id=ecomm_data_pipeline, task_id=generate_and_insert_data, run_id=scheduled__2023-01-01T09:40:00+00:00, execution_date=20230101T094000, start_date=20240629T220214, end_date=20240629T220214
[2024-06-29T22:02:14.232+0000] {local_task_job_runner.py:240} INFO - Task exited with return code 0
[2024-06-29T22:02:14.239+0000] {taskinstance.py:3503} INFO - 0 downstream tasks scheduled from follow-on schedule check
[2024-06-29T22:02:14.240+0000] {local_task_job_runner.py:222} INFO - ::endgroup::
