[2024-06-27T22:34:25.937+0000] {local_task_job_runner.py:120} INFO - ::group::Pre task execution logs
[2024-06-27T22:34:25.947+0000] {taskinstance.py:2076} INFO - Dependencies all met for dep_context=non-requeueable deps ti=<TaskInstance: ecomm_data_pipeline.generate_and_insert_data scheduled__2023-01-01T06:40:00+00:00 [queued]>
[2024-06-27T22:34:25.949+0000] {taskinstance.py:2076} INFO - Dependencies all met for dep_context=requeueable deps ti=<TaskInstance: ecomm_data_pipeline.generate_and_insert_data scheduled__2023-01-01T06:40:00+00:00 [queued]>
[2024-06-27T22:34:25.949+0000] {taskinstance.py:2306} INFO - Starting attempt 1 of 2
[2024-06-27T22:34:25.953+0000] {taskinstance.py:2330} INFO - Executing <Task(PythonOperator): generate_and_insert_data> on 2023-01-01 06:40:00+00:00
[2024-06-27T22:34:25.955+0000] {standard_task_runner.py:63} INFO - Started process 854 to run task
[2024-06-27T22:34:25.956+0000] {standard_task_runner.py:90} INFO - Running: ['airflow', 'tasks', 'run', 'ecomm_data_pipeline', 'generate_and_insert_data', 'scheduled__2023-01-01T06:40:00+00:00', '--job-id', '59', '--raw', '--subdir', 'DAGS_FOLDER/ecomm_dag.py', '--cfg-path', '/tmp/tmpeivw4iec']
[2024-06-27T22:34:25.957+0000] {standard_task_runner.py:91} INFO - Job 59: Subtask generate_and_insert_data
[2024-06-27T22:34:25.973+0000] {task_command.py:426} INFO - Running <TaskInstance: ecomm_data_pipeline.generate_and_insert_data scheduled__2023-01-01T06:40:00+00:00 [running]> on host 9174587f6b1d
[2024-06-27T22:34:26.000+0000] {taskinstance.py:2648} INFO - Exporting env vars: AIRFLOW_CTX_DAG_OWNER='airflow' AIRFLOW_CTX_DAG_ID='ecomm_data_pipeline' AIRFLOW_CTX_TASK_ID='generate_and_insert_data' AIRFLOW_CTX_EXECUTION_DATE='2023-01-01T06:40:00+00:00' AIRFLOW_CTX_TRY_NUMBER='1' AIRFLOW_CTX_DAG_RUN_ID='scheduled__2023-01-01T06:40:00+00:00'
[2024-06-27T22:34:26.000+0000] {taskinstance.py:430} INFO - ::endgroup::
[2024-06-27T22:34:26.033+0000] {logging_mixin.py:188} INFO - Error in generate_and_insert_data: Command '['python3', './generator/ecomm_generator.py']' returned non-zero exit status 2.
[2024-06-27T22:34:26.033+0000] {python.py:237} INFO - Done. Returned value was: None
[2024-06-27T22:34:26.033+0000] {taskinstance.py:441} INFO - ::group::Post task execution logs
[2024-06-27T22:34:26.037+0000] {taskinstance.py:1206} INFO - Marking task as SUCCESS. dag_id=ecomm_data_pipeline, task_id=generate_and_insert_data, run_id=scheduled__2023-01-01T06:40:00+00:00, execution_date=20230101T064000, start_date=20240627T223425, end_date=20240627T223426
[2024-06-27T22:34:26.064+0000] {local_task_job_runner.py:240} INFO - Task exited with return code 0
[2024-06-27T22:34:26.071+0000] {taskinstance.py:3503} INFO - 0 downstream tasks scheduled from follow-on schedule check
[2024-06-27T22:34:26.071+0000] {local_task_job_runner.py:222} INFO - ::endgroup::
[2024-06-27T22:53:31.107+0000] {local_task_job_runner.py:120} INFO - ::group::Pre task execution logs
[2024-06-27T22:53:31.116+0000] {taskinstance.py:2076} INFO - Dependencies all met for dep_context=non-requeueable deps ti=<TaskInstance: ecomm_data_pipeline.generate_and_insert_data scheduled__2023-01-01T06:40:00+00:00 [queued]>
[2024-06-27T22:53:31.119+0000] {taskinstance.py:2076} INFO - Dependencies all met for dep_context=requeueable deps ti=<TaskInstance: ecomm_data_pipeline.generate_and_insert_data scheduled__2023-01-01T06:40:00+00:00 [queued]>
[2024-06-27T22:53:31.119+0000] {taskinstance.py:2306} INFO - Starting attempt 1 of 2
[2024-06-27T22:53:31.123+0000] {taskinstance.py:2330} INFO - Executing <Task(PythonOperator): generate_and_insert_data> on 2023-01-01 06:40:00+00:00
[2024-06-27T22:53:31.125+0000] {standard_task_runner.py:63} INFO - Started process 1023 to run task
[2024-06-27T22:53:31.126+0000] {standard_task_runner.py:90} INFO - Running: ['airflow', 'tasks', 'run', 'ecomm_data_pipeline', 'generate_and_insert_data', 'scheduled__2023-01-01T06:40:00+00:00', '--job-id', '72', '--raw', '--subdir', 'DAGS_FOLDER/ecomm_dag.py', '--cfg-path', '/tmp/tmpv7g9ow_r']
[2024-06-27T22:53:31.126+0000] {standard_task_runner.py:91} INFO - Job 72: Subtask generate_and_insert_data
[2024-06-27T22:53:31.143+0000] {task_command.py:426} INFO - Running <TaskInstance: ecomm_data_pipeline.generate_and_insert_data scheduled__2023-01-01T06:40:00+00:00 [running]> on host a70edf9d8581
[2024-06-27T22:53:31.171+0000] {taskinstance.py:2648} INFO - Exporting env vars: AIRFLOW_CTX_DAG_OWNER='airflow' AIRFLOW_CTX_DAG_ID='ecomm_data_pipeline' AIRFLOW_CTX_TASK_ID='generate_and_insert_data' AIRFLOW_CTX_EXECUTION_DATE='2023-01-01T06:40:00+00:00' AIRFLOW_CTX_TRY_NUMBER='1' AIRFLOW_CTX_DAG_RUN_ID='scheduled__2023-01-01T06:40:00+00:00'
[2024-06-27T22:53:31.171+0000] {taskinstance.py:430} INFO - ::endgroup::
[2024-06-27T22:53:31.204+0000] {logging_mixin.py:188} INFO - Error in generate_and_insert_data: Command '['python3', './generator/ecomm_generator.py']' returned non-zero exit status 2.
[2024-06-27T22:53:31.204+0000] {logging_mixin.py:188} INFO - stdout: 
[2024-06-27T22:53:31.204+0000] {logging_mixin.py:188} INFO - stderr: python3: can't open file '/opt/airflow/./generator/ecomm_generator.py': [Errno 2] No such file or directory
[2024-06-27T22:53:31.205+0000] {python.py:237} INFO - Done. Returned value was: None
[2024-06-27T22:53:31.205+0000] {taskinstance.py:441} INFO - ::group::Post task execution logs
[2024-06-27T22:53:31.209+0000] {taskinstance.py:1206} INFO - Marking task as SUCCESS. dag_id=ecomm_data_pipeline, task_id=generate_and_insert_data, run_id=scheduled__2023-01-01T06:40:00+00:00, execution_date=20230101T064000, start_date=20240627T225331, end_date=20240627T225331
[2024-06-27T22:53:31.229+0000] {local_task_job_runner.py:240} INFO - Task exited with return code 0
[2024-06-27T22:53:31.235+0000] {taskinstance.py:3503} INFO - 0 downstream tasks scheduled from follow-on schedule check
[2024-06-27T22:53:31.236+0000] {local_task_job_runner.py:222} INFO - ::endgroup::
[2024-06-28T18:15:03.875+0000] {local_task_job_runner.py:120} INFO - ::group::Pre task execution logs
[2024-06-28T18:15:03.885+0000] {taskinstance.py:2076} INFO - Dependencies all met for dep_context=non-requeueable deps ti=<TaskInstance: ecomm_data_pipeline.generate_and_insert_data scheduled__2023-01-01T06:40:00+00:00 [queued]>
[2024-06-28T18:15:03.887+0000] {taskinstance.py:2076} INFO - Dependencies all met for dep_context=requeueable deps ti=<TaskInstance: ecomm_data_pipeline.generate_and_insert_data scheduled__2023-01-01T06:40:00+00:00 [queued]>
[2024-06-28T18:15:03.888+0000] {taskinstance.py:2306} INFO - Starting attempt 1 of 2
[2024-06-28T18:15:03.892+0000] {taskinstance.py:2330} INFO - Executing <Task(PythonOperator): generate_and_insert_data> on 2023-01-01 06:40:00+00:00
[2024-06-28T18:15:03.894+0000] {standard_task_runner.py:63} INFO - Started process 1176 to run task
[2024-06-28T18:15:03.895+0000] {standard_task_runner.py:90} INFO - Running: ['airflow', 'tasks', 'run', 'ecomm_data_pipeline', 'generate_and_insert_data', 'scheduled__2023-01-01T06:40:00+00:00', '--job-id', '83', '--raw', '--subdir', 'DAGS_FOLDER/ecomm_dag.py', '--cfg-path', '/tmp/tmplsog7mj0']
[2024-06-28T18:15:03.896+0000] {standard_task_runner.py:91} INFO - Job 83: Subtask generate_and_insert_data
[2024-06-28T18:15:03.915+0000] {task_command.py:426} INFO - Running <TaskInstance: ecomm_data_pipeline.generate_and_insert_data scheduled__2023-01-01T06:40:00+00:00 [running]> on host 08cefd381a1f
[2024-06-28T18:15:03.948+0000] {taskinstance.py:2648} INFO - Exporting env vars: AIRFLOW_CTX_DAG_OWNER='airflow' AIRFLOW_CTX_DAG_ID='ecomm_data_pipeline' AIRFLOW_CTX_TASK_ID='generate_and_insert_data' AIRFLOW_CTX_EXECUTION_DATE='2023-01-01T06:40:00+00:00' AIRFLOW_CTX_TRY_NUMBER='1' AIRFLOW_CTX_DAG_RUN_ID='scheduled__2023-01-01T06:40:00+00:00'
[2024-06-28T18:15:03.949+0000] {taskinstance.py:430} INFO - ::endgroup::
[2024-06-28T18:15:04.005+0000] {logging_mixin.py:188} INFO - Error in generate_and_insert_data: Command '['python3', '/opt/airflow/generator/ecomm_generator.py']' returned non-zero exit status 1.
[2024-06-28T18:15:04.006+0000] {logging_mixin.py:188} INFO - stdout: 
[2024-06-28T18:15:04.006+0000] {logging_mixin.py:188} INFO - stderr: Traceback (most recent call last):
  File "/opt/airflow/generator/ecomm_generator.py", line 4, in <module>
    from faker import Faker
ModuleNotFoundError: No module named 'faker'
[2024-06-28T18:15:04.006+0000] {python.py:237} INFO - Done. Returned value was: None
[2024-06-28T18:15:04.006+0000] {taskinstance.py:441} INFO - ::group::Post task execution logs
[2024-06-28T18:15:04.011+0000] {taskinstance.py:1206} INFO - Marking task as SUCCESS. dag_id=ecomm_data_pipeline, task_id=generate_and_insert_data, run_id=scheduled__2023-01-01T06:40:00+00:00, execution_date=20230101T064000, start_date=20240628T181503, end_date=20240628T181504
[2024-06-28T18:15:04.046+0000] {local_task_job_runner.py:240} INFO - Task exited with return code 0
[2024-06-28T18:15:04.053+0000] {taskinstance.py:3503} INFO - 0 downstream tasks scheduled from follow-on schedule check
[2024-06-28T18:15:04.053+0000] {local_task_job_runner.py:222} INFO - ::endgroup::
[2024-06-28T18:21:54.707+0000] {local_task_job_runner.py:120} INFO - ::group::Pre task execution logs
[2024-06-28T18:21:54.717+0000] {taskinstance.py:2076} INFO - Dependencies all met for dep_context=non-requeueable deps ti=<TaskInstance: ecomm_data_pipeline.generate_and_insert_data scheduled__2023-01-01T06:40:00+00:00 [queued]>
[2024-06-28T18:21:54.720+0000] {taskinstance.py:2076} INFO - Dependencies all met for dep_context=requeueable deps ti=<TaskInstance: ecomm_data_pipeline.generate_and_insert_data scheduled__2023-01-01T06:40:00+00:00 [queued]>
[2024-06-28T18:21:54.720+0000] {taskinstance.py:2306} INFO - Starting attempt 1 of 2
[2024-06-28T18:21:54.724+0000] {taskinstance.py:2330} INFO - Executing <Task(PythonOperator): generate_and_insert_data> on 2023-01-01 06:40:00+00:00
[2024-06-28T18:21:54.726+0000] {standard_task_runner.py:63} INFO - Started process 906 to run task
[2024-06-28T18:21:54.727+0000] {standard_task_runner.py:90} INFO - Running: ['airflow', 'tasks', 'run', 'ecomm_data_pipeline', 'generate_and_insert_data', 'scheduled__2023-01-01T06:40:00+00:00', '--job-id', '63', '--raw', '--subdir', 'DAGS_FOLDER/ecomm_dag.py', '--cfg-path', '/tmp/tmphedo24r1']
[2024-06-28T18:21:54.727+0000] {standard_task_runner.py:91} INFO - Job 63: Subtask generate_and_insert_data
[2024-06-28T18:21:54.744+0000] {task_command.py:426} INFO - Running <TaskInstance: ecomm_data_pipeline.generate_and_insert_data scheduled__2023-01-01T06:40:00+00:00 [running]> on host 6570e5857071
[2024-06-28T18:21:54.772+0000] {taskinstance.py:2648} INFO - Exporting env vars: AIRFLOW_CTX_DAG_OWNER='airflow' AIRFLOW_CTX_DAG_ID='ecomm_data_pipeline' AIRFLOW_CTX_TASK_ID='generate_and_insert_data' AIRFLOW_CTX_EXECUTION_DATE='2023-01-01T06:40:00+00:00' AIRFLOW_CTX_TRY_NUMBER='1' AIRFLOW_CTX_DAG_RUN_ID='scheduled__2023-01-01T06:40:00+00:00'
[2024-06-28T18:21:54.772+0000] {taskinstance.py:430} INFO - ::endgroup::
[2024-06-28T18:21:54.829+0000] {logging_mixin.py:188} INFO - Error in generate_and_insert_data: Command '['python3', '/opt/airflow/generator/ecomm_generator.py']' returned non-zero exit status 1.
[2024-06-28T18:21:54.829+0000] {logging_mixin.py:188} INFO - stdout: 
[2024-06-28T18:21:54.829+0000] {logging_mixin.py:188} INFO - stderr: Traceback (most recent call last):
  File "/opt/airflow/generator/ecomm_generator.py", line 4, in <module>
    from faker import Faker
ModuleNotFoundError: No module named 'faker'
[2024-06-28T18:21:54.829+0000] {python.py:237} INFO - Done. Returned value was: None
[2024-06-28T18:21:54.829+0000] {taskinstance.py:441} INFO - ::group::Post task execution logs
[2024-06-28T18:21:54.834+0000] {taskinstance.py:1206} INFO - Marking task as SUCCESS. dag_id=ecomm_data_pipeline, task_id=generate_and_insert_data, run_id=scheduled__2023-01-01T06:40:00+00:00, execution_date=20230101T064000, start_date=20240628T182154, end_date=20240628T182154
[2024-06-28T18:21:54.867+0000] {local_task_job_runner.py:240} INFO - Task exited with return code 0
[2024-06-28T18:21:54.874+0000] {taskinstance.py:3503} INFO - 0 downstream tasks scheduled from follow-on schedule check
[2024-06-28T18:21:54.875+0000] {local_task_job_runner.py:222} INFO - ::endgroup::
[2024-06-28T18:31:51.847+0000] {local_task_job_runner.py:120} INFO - ::group::Pre task execution logs
[2024-06-28T18:31:51.858+0000] {taskinstance.py:2076} INFO - Dependencies all met for dep_context=non-requeueable deps ti=<TaskInstance: ecomm_data_pipeline.generate_and_insert_data scheduled__2023-01-01T06:40:00+00:00 [queued]>
[2024-06-28T18:31:51.860+0000] {taskinstance.py:2076} INFO - Dependencies all met for dep_context=requeueable deps ti=<TaskInstance: ecomm_data_pipeline.generate_and_insert_data scheduled__2023-01-01T06:40:00+00:00 [queued]>
[2024-06-28T18:31:51.861+0000] {taskinstance.py:2306} INFO - Starting attempt 1 of 2
[2024-06-28T18:31:51.865+0000] {taskinstance.py:2330} INFO - Executing <Task(PythonOperator): generate_and_insert_data> on 2023-01-01 06:40:00+00:00
[2024-06-28T18:31:51.867+0000] {standard_task_runner.py:63} INFO - Started process 854 to run task
[2024-06-28T18:31:51.868+0000] {standard_task_runner.py:90} INFO - Running: ['airflow', 'tasks', 'run', 'ecomm_data_pipeline', 'generate_and_insert_data', 'scheduled__2023-01-01T06:40:00+00:00', '--job-id', '59', '--raw', '--subdir', 'DAGS_FOLDER/ecomm_dag.py', '--cfg-path', '/tmp/tmpie2dhqx5']
[2024-06-28T18:31:51.868+0000] {standard_task_runner.py:91} INFO - Job 59: Subtask generate_and_insert_data
[2024-06-28T18:31:51.885+0000] {task_command.py:426} INFO - Running <TaskInstance: ecomm_data_pipeline.generate_and_insert_data scheduled__2023-01-01T06:40:00+00:00 [running]> on host 50bf780463b8
[2024-06-28T18:31:51.914+0000] {taskinstance.py:2648} INFO - Exporting env vars: AIRFLOW_CTX_DAG_OWNER='airflow' AIRFLOW_CTX_DAG_ID='ecomm_data_pipeline' AIRFLOW_CTX_TASK_ID='generate_and_insert_data' AIRFLOW_CTX_EXECUTION_DATE='2023-01-01T06:40:00+00:00' AIRFLOW_CTX_TRY_NUMBER='1' AIRFLOW_CTX_DAG_RUN_ID='scheduled__2023-01-01T06:40:00+00:00'
[2024-06-28T18:31:51.914+0000] {taskinstance.py:430} INFO - ::endgroup::
[2024-06-28T18:31:51.971+0000] {logging_mixin.py:188} INFO - Error in generate_and_insert_data: Command '['python3', '/opt/airflow/generator/ecomm_generator.py']' returned non-zero exit status 1.
[2024-06-28T18:31:51.972+0000] {logging_mixin.py:188} INFO - stdout: 
[2024-06-28T18:31:51.972+0000] {logging_mixin.py:188} INFO - stderr: Traceback (most recent call last):
  File "/opt/airflow/generator/ecomm_generator.py", line 4, in <module>
    from faker import Faker
ModuleNotFoundError: No module named 'faker'
[2024-06-28T18:31:51.972+0000] {python.py:237} INFO - Done. Returned value was: None
[2024-06-28T18:31:51.972+0000] {taskinstance.py:441} INFO - ::group::Post task execution logs
[2024-06-28T18:31:51.977+0000] {taskinstance.py:1206} INFO - Marking task as SUCCESS. dag_id=ecomm_data_pipeline, task_id=generate_and_insert_data, run_id=scheduled__2023-01-01T06:40:00+00:00, execution_date=20230101T064000, start_date=20240628T183151, end_date=20240628T183151
[2024-06-28T18:31:52.020+0000] {local_task_job_runner.py:240} INFO - Task exited with return code 0
[2024-06-28T18:31:52.027+0000] {taskinstance.py:3503} INFO - 0 downstream tasks scheduled from follow-on schedule check
[2024-06-28T18:31:52.027+0000] {local_task_job_runner.py:222} INFO - ::endgroup::
