[2024-07-03T00:19:57.274+0000] {taskinstance.py:1103} INFO - Dependencies all met for dep_context=non-requeueable deps ti=<TaskInstance: ecomm_data_pipeline.insert_users scheduled__2024-07-02T03:50:00+00:00 [queued]>
[2024-07-03T00:19:57.277+0000] {taskinstance.py:1103} INFO - Dependencies all met for dep_context=requeueable deps ti=<TaskInstance: ecomm_data_pipeline.insert_users scheduled__2024-07-02T03:50:00+00:00 [queued]>
[2024-07-03T00:19:57.277+0000] {taskinstance.py:1308} INFO - Starting attempt 1 of 2
[2024-07-03T00:19:57.281+0000] {taskinstance.py:1327} INFO - Executing <Task(PythonOperator): insert_users> on 2024-07-02 03:50:00+00:00
[2024-07-03T00:19:57.282+0000] {standard_task_runner.py:57} INFO - Started process 502 to run task
[2024-07-03T00:19:57.284+0000] {standard_task_runner.py:84} INFO - Running: ['airflow', 'tasks', 'run', 'ecomm_data_pipeline', 'insert_users', 'scheduled__2024-07-02T03:50:00+00:00', '--job-id', '218', '--raw', '--subdir', 'DAGS_FOLDER/ecomm_dag.py', '--cfg-path', '/tmp/tmp24wdmmln']
[2024-07-03T00:19:57.285+0000] {standard_task_runner.py:85} INFO - Job 218: Subtask insert_users
[2024-07-03T00:19:57.303+0000] {task_command.py:410} INFO - Running <TaskInstance: ecomm_data_pipeline.insert_users scheduled__2024-07-02T03:50:00+00:00 [running]> on host a91436ab9950
[2024-07-03T00:19:57.338+0000] {taskinstance.py:1545} INFO - Exporting env vars: AIRFLOW_CTX_DAG_OWNER='airflow' AIRFLOW_CTX_DAG_ID='ecomm_data_pipeline' AIRFLOW_CTX_TASK_ID='insert_users' AIRFLOW_CTX_EXECUTION_DATE='2024-07-02T03:50:00+00:00' AIRFLOW_CTX_TRY_NUMBER='1' AIRFLOW_CTX_DAG_RUN_ID='scheduled__2024-07-02T03:50:00+00:00'
[2024-07-03T00:19:57.338+0000] {logging_mixin.py:149} INFO - Inserting data into users from /opt/airflow/generator/fake_users.json...
[2024-07-03T00:19:57.339+0000] {logging_mixin.py:149} INFO - Error inserting data into users: could not connect to server: Connection refused
	Is the server running on host "localhost" (::1) and accepting
	TCP/IP connections on port 5432?
could not connect to server: Connection refused
	Is the server running on host "localhost" (127.0.0.1) and accepting
	TCP/IP connections on port 5432?
[2024-07-03T00:19:57.339+0000] {python.py:183} INFO - Done. Returned value was: None
[2024-07-03T00:19:57.342+0000] {taskinstance.py:1345} INFO - Marking task as SUCCESS. dag_id=ecomm_data_pipeline, task_id=insert_users, execution_date=20240702T035000, start_date=20240703T001957, end_date=20240703T001957
[2024-07-03T00:19:57.387+0000] {local_task_job_runner.py:225} INFO - Task exited with return code 0
[2024-07-03T00:19:57.395+0000] {taskinstance.py:2651} INFO - 0 downstream tasks scheduled from follow-on schedule check
