[2024-06-27T22:53:07.148+0000] {local_task_job_runner.py:120} INFO - ::group::Pre task execution logs
[2024-06-27T22:53:07.158+0000] {taskinstance.py:2076} INFO - Dependencies all met for dep_context=non-requeueable deps ti=<TaskInstance: example_dag.generate_and_insert_data scheduled__2023-01-01T04:40:00+00:00 [queued]>
[2024-06-27T22:53:07.160+0000] {taskinstance.py:2076} INFO - Dependencies all met for dep_context=requeueable deps ti=<TaskInstance: example_dag.generate_and_insert_data scheduled__2023-01-01T04:40:00+00:00 [queued]>
[2024-06-27T22:53:07.160+0000] {taskinstance.py:2306} INFO - Starting attempt 1 of 2
[2024-06-27T22:53:07.165+0000] {taskinstance.py:2330} INFO - Executing <Task(PythonOperator): generate_and_insert_data> on 2023-01-01 04:40:00+00:00
[2024-06-27T22:53:07.166+0000] {standard_task_runner.py:63} INFO - Started process 841 to run task
[2024-06-27T22:53:07.167+0000] {standard_task_runner.py:90} INFO - Running: ['airflow', 'tasks', 'run', 'example_dag', 'generate_and_insert_data', 'scheduled__2023-01-01T04:40:00+00:00', '--job-id', '59', '--raw', '--subdir', 'DAGS_FOLDER/example_dag.py', '--cfg-path', '/tmp/tmpz3artjux']
[2024-06-27T22:53:07.168+0000] {standard_task_runner.py:91} INFO - Job 59: Subtask generate_and_insert_data
[2024-06-27T22:53:07.183+0000] {task_command.py:426} INFO - Running <TaskInstance: example_dag.generate_and_insert_data scheduled__2023-01-01T04:40:00+00:00 [running]> on host a70edf9d8581
[2024-06-27T22:53:07.211+0000] {taskinstance.py:2648} INFO - Exporting env vars: AIRFLOW_CTX_DAG_OWNER='airflow' AIRFLOW_CTX_DAG_ID='example_dag' AIRFLOW_CTX_TASK_ID='generate_and_insert_data' AIRFLOW_CTX_EXECUTION_DATE='2023-01-01T04:40:00+00:00' AIRFLOW_CTX_TRY_NUMBER='1' AIRFLOW_CTX_DAG_RUN_ID='scheduled__2023-01-01T04:40:00+00:00'
[2024-06-27T22:53:07.212+0000] {taskinstance.py:430} INFO - ::endgroup::
[2024-06-27T22:53:07.216+0000] {python.py:237} INFO - Done. Returned value was: None
[2024-06-27T22:53:07.216+0000] {taskinstance.py:441} INFO - ::group::Post task execution logs
[2024-06-27T22:53:07.220+0000] {taskinstance.py:1206} INFO - Marking task as SUCCESS. dag_id=example_dag, task_id=generate_and_insert_data, run_id=scheduled__2023-01-01T04:40:00+00:00, execution_date=20230101T044000, start_date=20240627T225307, end_date=20240627T225307
[2024-06-27T22:53:07.225+0000] {local_task_job_runner.py:240} INFO - Task exited with return code 0
[2024-06-27T22:53:07.231+0000] {taskinstance.py:3503} INFO - 0 downstream tasks scheduled from follow-on schedule check
[2024-06-27T22:53:07.232+0000] {local_task_job_runner.py:222} INFO - ::endgroup::
[2024-06-28T18:14:24.270+0000] {local_task_job_runner.py:120} INFO - ::group::Pre task execution logs
[2024-06-28T18:14:24.280+0000] {taskinstance.py:2076} INFO - Dependencies all met for dep_context=non-requeueable deps ti=<TaskInstance: example_dag.generate_and_insert_data scheduled__2023-01-01T04:40:00+00:00 [queued]>
[2024-06-28T18:14:24.282+0000] {taskinstance.py:2076} INFO - Dependencies all met for dep_context=requeueable deps ti=<TaskInstance: example_dag.generate_and_insert_data scheduled__2023-01-01T04:40:00+00:00 [queued]>
[2024-06-28T18:14:24.282+0000] {taskinstance.py:2306} INFO - Starting attempt 1 of 2
[2024-06-28T18:14:24.286+0000] {taskinstance.py:2330} INFO - Executing <Task(PythonOperator): generate_and_insert_data> on 2023-01-01 04:40:00+00:00
[2024-06-28T18:14:24.288+0000] {standard_task_runner.py:63} INFO - Started process 827 to run task
[2024-06-28T18:14:24.289+0000] {standard_task_runner.py:90} INFO - Running: ['airflow', 'tasks', 'run', 'example_dag', 'generate_and_insert_data', 'scheduled__2023-01-01T04:40:00+00:00', '--job-id', '58', '--raw', '--subdir', 'DAGS_FOLDER/example_dag.py', '--cfg-path', '/tmp/tmp20d2qyww']
[2024-06-28T18:14:24.290+0000] {standard_task_runner.py:91} INFO - Job 58: Subtask generate_and_insert_data
[2024-06-28T18:14:24.306+0000] {task_command.py:426} INFO - Running <TaskInstance: example_dag.generate_and_insert_data scheduled__2023-01-01T04:40:00+00:00 [running]> on host 08cefd381a1f
[2024-06-28T18:14:24.334+0000] {taskinstance.py:2648} INFO - Exporting env vars: AIRFLOW_CTX_DAG_OWNER='airflow' AIRFLOW_CTX_DAG_ID='example_dag' AIRFLOW_CTX_TASK_ID='generate_and_insert_data' AIRFLOW_CTX_EXECUTION_DATE='2023-01-01T04:40:00+00:00' AIRFLOW_CTX_TRY_NUMBER='1' AIRFLOW_CTX_DAG_RUN_ID='scheduled__2023-01-01T04:40:00+00:00'
[2024-06-28T18:14:24.335+0000] {taskinstance.py:430} INFO - ::endgroup::
[2024-06-28T18:14:24.339+0000] {python.py:237} INFO - Done. Returned value was: None
[2024-06-28T18:14:24.339+0000] {taskinstance.py:441} INFO - ::group::Post task execution logs
[2024-06-28T18:14:24.344+0000] {taskinstance.py:1206} INFO - Marking task as SUCCESS. dag_id=example_dag, task_id=generate_and_insert_data, run_id=scheduled__2023-01-01T04:40:00+00:00, execution_date=20230101T044000, start_date=20240628T181424, end_date=20240628T181424
[2024-06-28T18:14:24.349+0000] {local_task_job_runner.py:240} INFO - Task exited with return code 0
[2024-06-28T18:14:24.355+0000] {taskinstance.py:3503} INFO - 0 downstream tasks scheduled from follow-on schedule check
[2024-06-28T18:14:24.356+0000] {local_task_job_runner.py:222} INFO - ::endgroup::
