[2024-07-06T18:14:55.351+0000] {taskinstance.py:1103} INFO - Dependencies all met for dep_context=non-requeueable deps ti=<TaskInstance: import_main_data.wait_for_init scheduled__2024-07-05T15:00:00+00:00 [queued]>
[2024-07-06T18:14:55.357+0000] {taskinstance.py:1103} INFO - Dependencies all met for dep_context=requeueable deps ti=<TaskInstance: import_main_data.wait_for_init scheduled__2024-07-05T15:00:00+00:00 [queued]>
[2024-07-06T18:14:55.357+0000] {taskinstance.py:1308} INFO - Starting attempt 2 of 3
[2024-07-06T18:14:55.365+0000] {taskinstance.py:1327} INFO - Executing <Task(ExternalTaskSensor): wait_for_init> on 2024-07-05 15:00:00+00:00
[2024-07-06T18:14:55.368+0000] {standard_task_runner.py:57} INFO - Started process 906 to run task
[2024-07-06T18:14:55.370+0000] {standard_task_runner.py:84} INFO - Running: ['airflow', 'tasks', 'run', 'import_main_data', 'wait_for_init', 'scheduled__2024-07-05T15:00:00+00:00', '--job-id', '877', '--raw', '--subdir', 'DAGS_FOLDER/import_raw_data.py', '--cfg-path', '/tmp/tmp00c5xwha']
[2024-07-06T18:14:55.371+0000] {standard_task_runner.py:85} INFO - Job 877: Subtask wait_for_init
[2024-07-06T18:14:55.401+0000] {task_command.py:410} INFO - Running <TaskInstance: import_main_data.wait_for_init scheduled__2024-07-05T15:00:00+00:00 [running]> on host f6bf59d3e65b
[2024-07-06T18:14:55.443+0000] {taskinstance.py:1545} INFO - Exporting env vars: AIRFLOW_CTX_DAG_EMAIL='airflow@example.com' AIRFLOW_CTX_DAG_OWNER='airflow' AIRFLOW_CTX_DAG_ID='import_main_data' AIRFLOW_CTX_TASK_ID='wait_for_init' AIRFLOW_CTX_EXECUTION_DATE='2024-07-05T15:00:00+00:00' AIRFLOW_CTX_TRY_NUMBER='2' AIRFLOW_CTX_DAG_RUN_ID='scheduled__2024-07-05T15:00:00+00:00'
[2024-07-06T18:14:55.447+0000] {external_task.py:247} INFO - Poking for DAG 'initialize_etl_environment' on 2024-07-05T15:00:00+00:00 ... 
[2024-07-06T18:14:55.460+0000] {taskinstance.py:1784} INFO - Rescheduling task, marking task as UP_FOR_RESCHEDULE
[2024-07-06T18:14:55.468+0000] {local_task_job_runner.py:225} INFO - Task exited with return code 0
[2024-07-06T18:14:55.480+0000] {taskinstance.py:2651} INFO - 0 downstream tasks scheduled from follow-on schedule check
[2024-07-06T18:43:27.821+0000] {taskinstance.py:1103} INFO - Dependencies all met for dep_context=non-requeueable deps ti=<TaskInstance: import_main_data.wait_for_init scheduled__2024-07-05T15:00:00+00:00 [queued]>
[2024-07-06T18:43:27.824+0000] {taskinstance.py:1103} INFO - Dependencies all met for dep_context=requeueable deps ti=<TaskInstance: import_main_data.wait_for_init scheduled__2024-07-05T15:00:00+00:00 [queued]>
[2024-07-06T18:43:27.825+0000] {taskinstance.py:1308} INFO - Starting attempt 2 of 3
[2024-07-06T18:43:27.828+0000] {taskinstance.py:1327} INFO - Executing <Task(ExternalTaskSensor): wait_for_init> on 2024-07-05 15:00:00+00:00
[2024-07-06T18:43:27.830+0000] {standard_task_runner.py:57} INFO - Started process 1358 to run task
[2024-07-06T18:43:27.831+0000] {standard_task_runner.py:84} INFO - Running: ['airflow', 'tasks', 'run', 'import_main_data', 'wait_for_init', 'scheduled__2024-07-05T15:00:00+00:00', '--job-id', '898', '--raw', '--subdir', 'DAGS_FOLDER/import_raw_data.py', '--cfg-path', '/tmp/tmp6jk0ksbb']
[2024-07-06T18:43:27.832+0000] {standard_task_runner.py:85} INFO - Job 898: Subtask wait_for_init
[2024-07-06T18:43:27.852+0000] {task_command.py:410} INFO - Running <TaskInstance: import_main_data.wait_for_init scheduled__2024-07-05T15:00:00+00:00 [running]> on host f6bf59d3e65b
[2024-07-06T18:43:27.886+0000] {taskinstance.py:1545} INFO - Exporting env vars: AIRFLOW_CTX_DAG_EMAIL='airflow@example.com' AIRFLOW_CTX_DAG_OWNER='airflow' AIRFLOW_CTX_DAG_ID='import_main_data' AIRFLOW_CTX_TASK_ID='wait_for_init' AIRFLOW_CTX_EXECUTION_DATE='2024-07-05T15:00:00+00:00' AIRFLOW_CTX_TRY_NUMBER='2' AIRFLOW_CTX_DAG_RUN_ID='scheduled__2024-07-05T15:00:00+00:00'
[2024-07-06T18:43:27.891+0000] {external_task.py:247} INFO - Poking for DAG 'initialize_etl_environment' on 2024-07-05T15:00:00+00:00 ... 
[2024-07-06T18:43:27.902+0000] {taskinstance.py:1784} INFO - Rescheduling task, marking task as UP_FOR_RESCHEDULE
[2024-07-06T18:43:27.930+0000] {local_task_job_runner.py:225} INFO - Task exited with return code 0
[2024-07-06T18:43:27.952+0000] {taskinstance.py:2651} INFO - 0 downstream tasks scheduled from follow-on schedule check
[2024-07-06T18:44:29.943+0000] {taskinstance.py:1103} INFO - Dependencies all met for dep_context=non-requeueable deps ti=<TaskInstance: import_main_data.wait_for_init scheduled__2024-07-05T15:00:00+00:00 [queued]>
[2024-07-06T18:44:29.946+0000] {taskinstance.py:1103} INFO - Dependencies all met for dep_context=requeueable deps ti=<TaskInstance: import_main_data.wait_for_init scheduled__2024-07-05T15:00:00+00:00 [queued]>
[2024-07-06T18:44:29.947+0000] {taskinstance.py:1308} INFO - Starting attempt 2 of 3
[2024-07-06T18:44:29.951+0000] {taskinstance.py:1327} INFO - Executing <Task(ExternalTaskSensor): wait_for_init> on 2024-07-05 15:00:00+00:00
[2024-07-06T18:44:29.952+0000] {standard_task_runner.py:57} INFO - Started process 1418 to run task
[2024-07-06T18:44:29.953+0000] {standard_task_runner.py:84} INFO - Running: ['airflow', 'tasks', 'run', 'import_main_data', 'wait_for_init', 'scheduled__2024-07-05T15:00:00+00:00', '--job-id', '912', '--raw', '--subdir', 'DAGS_FOLDER/import_raw_data.py', '--cfg-path', '/tmp/tmpsf6sp_2x']
[2024-07-06T18:44:29.954+0000] {standard_task_runner.py:85} INFO - Job 912: Subtask wait_for_init
[2024-07-06T18:44:29.974+0000] {task_command.py:410} INFO - Running <TaskInstance: import_main_data.wait_for_init scheduled__2024-07-05T15:00:00+00:00 [running]> on host f6bf59d3e65b
[2024-07-06T18:44:30.008+0000] {taskinstance.py:1545} INFO - Exporting env vars: AIRFLOW_CTX_DAG_EMAIL='airflow@example.com' AIRFLOW_CTX_DAG_OWNER='airflow' AIRFLOW_CTX_DAG_ID='import_main_data' AIRFLOW_CTX_TASK_ID='wait_for_init' AIRFLOW_CTX_EXECUTION_DATE='2024-07-05T15:00:00+00:00' AIRFLOW_CTX_TRY_NUMBER='2' AIRFLOW_CTX_DAG_RUN_ID='scheduled__2024-07-05T15:00:00+00:00'
[2024-07-06T18:44:30.013+0000] {external_task.py:247} INFO - Poking for DAG 'initialize_etl_environment' on 2024-07-05T15:00:00+00:00 ... 
[2024-07-06T18:44:30.024+0000] {taskinstance.py:1784} INFO - Rescheduling task, marking task as UP_FOR_RESCHEDULE
[2024-07-06T18:44:30.055+0000] {local_task_job_runner.py:225} INFO - Task exited with return code 0
[2024-07-06T18:44:30.067+0000] {taskinstance.py:2651} INFO - 0 downstream tasks scheduled from follow-on schedule check
