[2024-06-27T22:32:55.958+0000] {local_task_job_runner.py:120} INFO - ::group::Pre task execution logs
[2024-06-27T22:32:55.968+0000] {taskinstance.py:2076} INFO - Dependencies all met for dep_context=non-requeueable deps ti=<TaskInstance: example_dag.generate_and_insert_data scheduled__2023-01-01T00:20:00+00:00 [queued]>
[2024-06-27T22:32:55.970+0000] {taskinstance.py:2076} INFO - Dependencies all met for dep_context=requeueable deps ti=<TaskInstance: example_dag.generate_and_insert_data scheduled__2023-01-01T00:20:00+00:00 [queued]>
[2024-06-27T22:32:55.970+0000] {taskinstance.py:2306} INFO - Starting attempt 1 of 2
[2024-06-27T22:32:55.975+0000] {taskinstance.py:2330} INFO - Executing <Task(PythonOperator): generate_and_insert_data> on 2023-01-01 00:20:00+00:00
[2024-06-27T22:32:55.976+0000] {standard_task_runner.py:63} INFO - Started process 111 to run task
[2024-06-27T22:32:55.977+0000] {standard_task_runner.py:90} INFO - Running: ['airflow', 'tasks', 'run', 'example_dag', 'generate_and_insert_data', 'scheduled__2023-01-01T00:20:00+00:00', '--job-id', '7', '--raw', '--subdir', 'DAGS_FOLDER/example_dag.py', '--cfg-path', '/tmp/tmpk9n2_l4e']
[2024-06-27T22:32:55.978+0000] {standard_task_runner.py:91} INFO - Job 7: Subtask generate_and_insert_data
[2024-06-27T22:32:55.994+0000] {task_command.py:426} INFO - Running <TaskInstance: example_dag.generate_and_insert_data scheduled__2023-01-01T00:20:00+00:00 [running]> on host 9174587f6b1d
[2024-06-27T22:32:56.021+0000] {taskinstance.py:2648} INFO - Exporting env vars: AIRFLOW_CTX_DAG_OWNER='airflow' AIRFLOW_CTX_DAG_ID='example_dag' AIRFLOW_CTX_TASK_ID='generate_and_insert_data' AIRFLOW_CTX_EXECUTION_DATE='2023-01-01T00:20:00+00:00' AIRFLOW_CTX_TRY_NUMBER='1' AIRFLOW_CTX_DAG_RUN_ID='scheduled__2023-01-01T00:20:00+00:00'
[2024-06-27T22:32:56.021+0000] {taskinstance.py:430} INFO - ::endgroup::
[2024-06-27T22:32:56.025+0000] {python.py:237} INFO - Done. Returned value was: None
[2024-06-27T22:32:56.025+0000] {taskinstance.py:441} INFO - ::group::Post task execution logs
[2024-06-27T22:32:56.029+0000] {taskinstance.py:1206} INFO - Marking task as SUCCESS. dag_id=example_dag, task_id=generate_and_insert_data, run_id=scheduled__2023-01-01T00:20:00+00:00, execution_date=20230101T002000, start_date=20240627T223255, end_date=20240627T223256
[2024-06-27T22:32:56.037+0000] {local_task_job_runner.py:240} INFO - Task exited with return code 0
[2024-06-27T22:32:56.043+0000] {taskinstance.py:3503} INFO - 0 downstream tasks scheduled from follow-on schedule check
[2024-06-27T22:32:56.044+0000] {local_task_job_runner.py:222} INFO - ::endgroup::
[2024-06-27T22:51:46.271+0000] {local_task_job_runner.py:120} INFO - ::group::Pre task execution logs
[2024-06-27T22:51:46.281+0000] {taskinstance.py:2076} INFO - Dependencies all met for dep_context=non-requeueable deps ti=<TaskInstance: example_dag.generate_and_insert_data scheduled__2023-01-01T00:20:00+00:00 [queued]>
[2024-06-27T22:51:46.283+0000] {taskinstance.py:2076} INFO - Dependencies all met for dep_context=requeueable deps ti=<TaskInstance: example_dag.generate_and_insert_data scheduled__2023-01-01T00:20:00+00:00 [queued]>
[2024-06-27T22:51:46.283+0000] {taskinstance.py:2306} INFO - Starting attempt 1 of 2
[2024-06-27T22:51:46.288+0000] {taskinstance.py:2330} INFO - Executing <Task(PythonOperator): generate_and_insert_data> on 2023-01-01 00:20:00+00:00
[2024-06-27T22:51:46.289+0000] {standard_task_runner.py:63} INFO - Started process 111 to run task
[2024-06-27T22:51:46.290+0000] {standard_task_runner.py:90} INFO - Running: ['airflow', 'tasks', 'run', 'example_dag', 'generate_and_insert_data', 'scheduled__2023-01-01T00:20:00+00:00', '--job-id', '7', '--raw', '--subdir', 'DAGS_FOLDER/example_dag.py', '--cfg-path', '/tmp/tmpos13apoi']
[2024-06-27T22:51:46.291+0000] {standard_task_runner.py:91} INFO - Job 7: Subtask generate_and_insert_data
[2024-06-27T22:51:46.307+0000] {task_command.py:426} INFO - Running <TaskInstance: example_dag.generate_and_insert_data scheduled__2023-01-01T00:20:00+00:00 [running]> on host a70edf9d8581
[2024-06-27T22:51:46.334+0000] {taskinstance.py:2648} INFO - Exporting env vars: AIRFLOW_CTX_DAG_OWNER='airflow' AIRFLOW_CTX_DAG_ID='example_dag' AIRFLOW_CTX_TASK_ID='generate_and_insert_data' AIRFLOW_CTX_EXECUTION_DATE='2023-01-01T00:20:00+00:00' AIRFLOW_CTX_TRY_NUMBER='1' AIRFLOW_CTX_DAG_RUN_ID='scheduled__2023-01-01T00:20:00+00:00'
[2024-06-27T22:51:46.335+0000] {taskinstance.py:430} INFO - ::endgroup::
[2024-06-27T22:51:46.339+0000] {python.py:237} INFO - Done. Returned value was: None
[2024-06-27T22:51:46.339+0000] {taskinstance.py:441} INFO - ::group::Post task execution logs
[2024-06-27T22:51:46.343+0000] {taskinstance.py:1206} INFO - Marking task as SUCCESS. dag_id=example_dag, task_id=generate_and_insert_data, run_id=scheduled__2023-01-01T00:20:00+00:00, execution_date=20230101T002000, start_date=20240627T225146, end_date=20240627T225146
[2024-06-27T22:51:46.350+0000] {local_task_job_runner.py:240} INFO - Task exited with return code 0
[2024-06-27T22:51:46.356+0000] {taskinstance.py:3503} INFO - 0 downstream tasks scheduled from follow-on schedule check
[2024-06-27T22:51:46.357+0000] {local_task_job_runner.py:222} INFO - ::endgroup::
[2024-06-27T22:59:29.367+0000] {local_task_job_runner.py:120} INFO - ::group::Pre task execution logs
[2024-06-27T22:59:29.377+0000] {taskinstance.py:2076} INFO - Dependencies all met for dep_context=non-requeueable deps ti=<TaskInstance: example_dag.generate_and_insert_data scheduled__2023-01-01T00:20:00+00:00 [queued]>
[2024-06-27T22:59:29.380+0000] {taskinstance.py:2076} INFO - Dependencies all met for dep_context=requeueable deps ti=<TaskInstance: example_dag.generate_and_insert_data scheduled__2023-01-01T00:20:00+00:00 [queued]>
[2024-06-27T22:59:29.380+0000] {taskinstance.py:2306} INFO - Starting attempt 1 of 2
[2024-06-27T22:59:29.384+0000] {taskinstance.py:2330} INFO - Executing <Task(PythonOperator): generate_and_insert_data> on 2023-01-01 00:20:00+00:00
[2024-06-27T22:59:29.386+0000] {standard_task_runner.py:63} INFO - Started process 111 to run task
[2024-06-27T22:59:29.387+0000] {standard_task_runner.py:90} INFO - Running: ['airflow', 'tasks', 'run', 'example_dag', 'generate_and_insert_data', 'scheduled__2023-01-01T00:20:00+00:00', '--job-id', '7', '--raw', '--subdir', 'DAGS_FOLDER/example_dag.py', '--cfg-path', '/tmp/tmpd88895kr']
[2024-06-27T22:59:29.387+0000] {standard_task_runner.py:91} INFO - Job 7: Subtask generate_and_insert_data
[2024-06-27T22:59:29.406+0000] {task_command.py:426} INFO - Running <TaskInstance: example_dag.generate_and_insert_data scheduled__2023-01-01T00:20:00+00:00 [running]> on host 5cc71d4b298c
[2024-06-27T22:59:29.437+0000] {taskinstance.py:2648} INFO - Exporting env vars: AIRFLOW_CTX_DAG_OWNER='airflow' AIRFLOW_CTX_DAG_ID='example_dag' AIRFLOW_CTX_TASK_ID='generate_and_insert_data' AIRFLOW_CTX_EXECUTION_DATE='2023-01-01T00:20:00+00:00' AIRFLOW_CTX_TRY_NUMBER='1' AIRFLOW_CTX_DAG_RUN_ID='scheduled__2023-01-01T00:20:00+00:00'
[2024-06-27T22:59:29.437+0000] {taskinstance.py:430} INFO - ::endgroup::
[2024-06-27T22:59:29.442+0000] {python.py:237} INFO - Done. Returned value was: None
[2024-06-27T22:59:29.442+0000] {taskinstance.py:441} INFO - ::group::Post task execution logs
[2024-06-27T22:59:29.446+0000] {taskinstance.py:1206} INFO - Marking task as SUCCESS. dag_id=example_dag, task_id=generate_and_insert_data, run_id=scheduled__2023-01-01T00:20:00+00:00, execution_date=20230101T002000, start_date=20240627T225929, end_date=20240627T225929
[2024-06-27T22:59:29.487+0000] {local_task_job_runner.py:240} INFO - Task exited with return code 0
[2024-06-27T22:59:29.494+0000] {taskinstance.py:3503} INFO - 0 downstream tasks scheduled from follow-on schedule check
[2024-06-27T22:59:29.494+0000] {local_task_job_runner.py:222} INFO - ::endgroup::
[2024-06-27T23:09:08.900+0000] {local_task_job_runner.py:120} INFO - ::group::Pre task execution logs
[2024-06-27T23:09:08.910+0000] {taskinstance.py:2076} INFO - Dependencies all met for dep_context=non-requeueable deps ti=<TaskInstance: example_dag.generate_and_insert_data scheduled__2023-01-01T00:20:00+00:00 [queued]>
[2024-06-27T23:09:08.912+0000] {taskinstance.py:2076} INFO - Dependencies all met for dep_context=requeueable deps ti=<TaskInstance: example_dag.generate_and_insert_data scheduled__2023-01-01T00:20:00+00:00 [queued]>
[2024-06-27T23:09:08.912+0000] {taskinstance.py:2306} INFO - Starting attempt 1 of 2
[2024-06-27T23:09:08.916+0000] {taskinstance.py:2330} INFO - Executing <Task(PythonOperator): generate_and_insert_data> on 2023-01-01 00:20:00+00:00
[2024-06-27T23:09:08.918+0000] {standard_task_runner.py:63} INFO - Started process 111 to run task
[2024-06-27T23:09:08.919+0000] {standard_task_runner.py:90} INFO - Running: ['airflow', 'tasks', 'run', 'example_dag', 'generate_and_insert_data', 'scheduled__2023-01-01T00:20:00+00:00', '--job-id', '7', '--raw', '--subdir', 'DAGS_FOLDER/example_dag.py', '--cfg-path', '/tmp/tmp9z5z3piz']
[2024-06-27T23:09:08.920+0000] {standard_task_runner.py:91} INFO - Job 7: Subtask generate_and_insert_data
[2024-06-27T23:09:08.936+0000] {task_command.py:426} INFO - Running <TaskInstance: example_dag.generate_and_insert_data scheduled__2023-01-01T00:20:00+00:00 [running]> on host 7147f8a4dc9f
[2024-06-27T23:09:08.965+0000] {taskinstance.py:2648} INFO - Exporting env vars: AIRFLOW_CTX_DAG_OWNER='airflow' AIRFLOW_CTX_DAG_ID='example_dag' AIRFLOW_CTX_TASK_ID='generate_and_insert_data' AIRFLOW_CTX_EXECUTION_DATE='2023-01-01T00:20:00+00:00' AIRFLOW_CTX_TRY_NUMBER='1' AIRFLOW_CTX_DAG_RUN_ID='scheduled__2023-01-01T00:20:00+00:00'
[2024-06-27T23:09:08.965+0000] {taskinstance.py:430} INFO - ::endgroup::
[2024-06-27T23:09:08.970+0000] {python.py:237} INFO - Done. Returned value was: None
[2024-06-27T23:09:08.970+0000] {taskinstance.py:441} INFO - ::group::Post task execution logs
[2024-06-27T23:09:08.974+0000] {taskinstance.py:1206} INFO - Marking task as SUCCESS. dag_id=example_dag, task_id=generate_and_insert_data, run_id=scheduled__2023-01-01T00:20:00+00:00, execution_date=20230101T002000, start_date=20240627T230908, end_date=20240627T230908
[2024-06-27T23:09:08.982+0000] {local_task_job_runner.py:240} INFO - Task exited with return code 0
[2024-06-27T23:09:08.989+0000] {taskinstance.py:3503} INFO - 0 downstream tasks scheduled from follow-on schedule check
[2024-06-27T23:09:08.990+0000] {local_task_job_runner.py:222} INFO - ::endgroup::
[2024-06-27T23:12:46.719+0000] {local_task_job_runner.py:120} INFO - ::group::Pre task execution logs
[2024-06-27T23:12:46.729+0000] {taskinstance.py:2076} INFO - Dependencies all met for dep_context=non-requeueable deps ti=<TaskInstance: example_dag.generate_and_insert_data scheduled__2023-01-01T00:20:00+00:00 [queued]>
[2024-06-27T23:12:46.731+0000] {taskinstance.py:2076} INFO - Dependencies all met for dep_context=requeueable deps ti=<TaskInstance: example_dag.generate_and_insert_data scheduled__2023-01-01T00:20:00+00:00 [queued]>
[2024-06-27T23:12:46.731+0000] {taskinstance.py:2306} INFO - Starting attempt 1 of 2
[2024-06-27T23:12:46.736+0000] {taskinstance.py:2330} INFO - Executing <Task(PythonOperator): generate_and_insert_data> on 2023-01-01 00:20:00+00:00
[2024-06-27T23:12:46.738+0000] {standard_task_runner.py:63} INFO - Started process 111 to run task
[2024-06-27T23:12:46.739+0000] {standard_task_runner.py:90} INFO - Running: ['airflow', 'tasks', 'run', 'example_dag', 'generate_and_insert_data', 'scheduled__2023-01-01T00:20:00+00:00', '--job-id', '7', '--raw', '--subdir', 'DAGS_FOLDER/example_dag.py', '--cfg-path', '/tmp/tmp59w92jf8']
[2024-06-27T23:12:46.739+0000] {standard_task_runner.py:91} INFO - Job 7: Subtask generate_and_insert_data
[2024-06-27T23:12:46.756+0000] {task_command.py:426} INFO - Running <TaskInstance: example_dag.generate_and_insert_data scheduled__2023-01-01T00:20:00+00:00 [running]> on host 4bd55eb76a74
[2024-06-27T23:12:46.811+0000] {taskinstance.py:2648} INFO - Exporting env vars: AIRFLOW_CTX_DAG_OWNER='airflow' AIRFLOW_CTX_DAG_ID='example_dag' AIRFLOW_CTX_TASK_ID='generate_and_insert_data' AIRFLOW_CTX_EXECUTION_DATE='2023-01-01T00:20:00+00:00' AIRFLOW_CTX_TRY_NUMBER='1' AIRFLOW_CTX_DAG_RUN_ID='scheduled__2023-01-01T00:20:00+00:00'
[2024-06-27T23:12:46.811+0000] {taskinstance.py:430} INFO - ::endgroup::
[2024-06-27T23:12:46.815+0000] {python.py:237} INFO - Done. Returned value was: None
[2024-06-27T23:12:46.816+0000] {taskinstance.py:441} INFO - ::group::Post task execution logs
[2024-06-27T23:12:46.819+0000] {taskinstance.py:1206} INFO - Marking task as SUCCESS. dag_id=example_dag, task_id=generate_and_insert_data, run_id=scheduled__2023-01-01T00:20:00+00:00, execution_date=20230101T002000, start_date=20240627T231246, end_date=20240627T231246
[2024-06-27T23:12:46.839+0000] {local_task_job_runner.py:240} INFO - Task exited with return code 0
[2024-06-27T23:12:46.845+0000] {taskinstance.py:3503} INFO - 0 downstream tasks scheduled from follow-on schedule check
[2024-06-27T23:12:46.846+0000] {local_task_job_runner.py:222} INFO - ::endgroup::
[2024-06-27T23:18:40.739+0000] {local_task_job_runner.py:120} INFO - ::group::Pre task execution logs
[2024-06-27T23:18:40.750+0000] {taskinstance.py:2076} INFO - Dependencies all met for dep_context=non-requeueable deps ti=<TaskInstance: example_dag.generate_and_insert_data scheduled__2023-01-01T00:20:00+00:00 [queued]>
[2024-06-27T23:18:40.752+0000] {taskinstance.py:2076} INFO - Dependencies all met for dep_context=requeueable deps ti=<TaskInstance: example_dag.generate_and_insert_data scheduled__2023-01-01T00:20:00+00:00 [queued]>
[2024-06-27T23:18:40.752+0000] {taskinstance.py:2306} INFO - Starting attempt 1 of 2
[2024-06-27T23:18:40.757+0000] {taskinstance.py:2330} INFO - Executing <Task(PythonOperator): generate_and_insert_data> on 2023-01-01 00:20:00+00:00
[2024-06-27T23:18:40.758+0000] {standard_task_runner.py:63} INFO - Started process 111 to run task
[2024-06-27T23:18:40.759+0000] {standard_task_runner.py:90} INFO - Running: ['airflow', 'tasks', 'run', 'example_dag', 'generate_and_insert_data', 'scheduled__2023-01-01T00:20:00+00:00', '--job-id', '7', '--raw', '--subdir', 'DAGS_FOLDER/example_dag.py', '--cfg-path', '/tmp/tmpd9sl8597']
[2024-06-27T23:18:40.760+0000] {standard_task_runner.py:91} INFO - Job 7: Subtask generate_and_insert_data
[2024-06-27T23:18:40.777+0000] {task_command.py:426} INFO - Running <TaskInstance: example_dag.generate_and_insert_data scheduled__2023-01-01T00:20:00+00:00 [running]> on host 73964f870a02
[2024-06-27T23:18:40.807+0000] {taskinstance.py:2648} INFO - Exporting env vars: AIRFLOW_CTX_DAG_OWNER='airflow' AIRFLOW_CTX_DAG_ID='example_dag' AIRFLOW_CTX_TASK_ID='generate_and_insert_data' AIRFLOW_CTX_EXECUTION_DATE='2023-01-01T00:20:00+00:00' AIRFLOW_CTX_TRY_NUMBER='1' AIRFLOW_CTX_DAG_RUN_ID='scheduled__2023-01-01T00:20:00+00:00'
[2024-06-27T23:18:40.808+0000] {taskinstance.py:430} INFO - ::endgroup::
[2024-06-27T23:18:40.813+0000] {python.py:237} INFO - Done. Returned value was: None
[2024-06-27T23:18:40.813+0000] {taskinstance.py:441} INFO - ::group::Post task execution logs
[2024-06-27T23:18:40.817+0000] {taskinstance.py:1206} INFO - Marking task as SUCCESS. dag_id=example_dag, task_id=generate_and_insert_data, run_id=scheduled__2023-01-01T00:20:00+00:00, execution_date=20230101T002000, start_date=20240627T231840, end_date=20240627T231840
[2024-06-27T23:18:40.863+0000] {local_task_job_runner.py:240} INFO - Task exited with return code 0
[2024-06-27T23:18:40.870+0000] {taskinstance.py:3503} INFO - 0 downstream tasks scheduled from follow-on schedule check
[2024-06-27T23:18:40.871+0000] {local_task_job_runner.py:222} INFO - ::endgroup::
[2024-06-28T18:13:04.443+0000] {local_task_job_runner.py:120} INFO - ::group::Pre task execution logs
[2024-06-28T18:13:04.453+0000] {taskinstance.py:2076} INFO - Dependencies all met for dep_context=non-requeueable deps ti=<TaskInstance: example_dag.generate_and_insert_data scheduled__2023-01-01T00:20:00+00:00 [queued]>
[2024-06-28T18:13:04.455+0000] {taskinstance.py:2076} INFO - Dependencies all met for dep_context=requeueable deps ti=<TaskInstance: example_dag.generate_and_insert_data scheduled__2023-01-01T00:20:00+00:00 [queued]>
[2024-06-28T18:13:04.456+0000] {taskinstance.py:2306} INFO - Starting attempt 1 of 2
[2024-06-28T18:13:04.460+0000] {taskinstance.py:2330} INFO - Executing <Task(PythonOperator): generate_and_insert_data> on 2023-01-01 00:20:00+00:00
[2024-06-28T18:13:04.461+0000] {standard_task_runner.py:63} INFO - Started process 111 to run task
[2024-06-28T18:13:04.462+0000] {standard_task_runner.py:90} INFO - Running: ['airflow', 'tasks', 'run', 'example_dag', 'generate_and_insert_data', 'scheduled__2023-01-01T00:20:00+00:00', '--job-id', '7', '--raw', '--subdir', 'DAGS_FOLDER/example_dag.py', '--cfg-path', '/tmp/tmpb75to5cb']
[2024-06-28T18:13:04.463+0000] {standard_task_runner.py:91} INFO - Job 7: Subtask generate_and_insert_data
[2024-06-28T18:13:04.479+0000] {task_command.py:426} INFO - Running <TaskInstance: example_dag.generate_and_insert_data scheduled__2023-01-01T00:20:00+00:00 [running]> on host 08cefd381a1f
[2024-06-28T18:13:04.506+0000] {taskinstance.py:2648} INFO - Exporting env vars: AIRFLOW_CTX_DAG_OWNER='airflow' AIRFLOW_CTX_DAG_ID='example_dag' AIRFLOW_CTX_TASK_ID='generate_and_insert_data' AIRFLOW_CTX_EXECUTION_DATE='2023-01-01T00:20:00+00:00' AIRFLOW_CTX_TRY_NUMBER='1' AIRFLOW_CTX_DAG_RUN_ID='scheduled__2023-01-01T00:20:00+00:00'
[2024-06-28T18:13:04.507+0000] {taskinstance.py:430} INFO - ::endgroup::
[2024-06-28T18:13:04.511+0000] {python.py:237} INFO - Done. Returned value was: None
[2024-06-28T18:13:04.511+0000] {taskinstance.py:441} INFO - ::group::Post task execution logs
[2024-06-28T18:13:04.515+0000] {taskinstance.py:1206} INFO - Marking task as SUCCESS. dag_id=example_dag, task_id=generate_and_insert_data, run_id=scheduled__2023-01-01T00:20:00+00:00, execution_date=20230101T002000, start_date=20240628T181304, end_date=20240628T181304
[2024-06-28T18:13:04.524+0000] {local_task_job_runner.py:240} INFO - Task exited with return code 0
[2024-06-28T18:13:04.530+0000] {taskinstance.py:3503} INFO - 0 downstream tasks scheduled from follow-on schedule check
[2024-06-28T18:13:04.531+0000] {local_task_job_runner.py:222} INFO - ::endgroup::
[2024-06-28T18:20:18.717+0000] {local_task_job_runner.py:120} INFO - ::group::Pre task execution logs
[2024-06-28T18:20:18.727+0000] {taskinstance.py:2076} INFO - Dependencies all met for dep_context=non-requeueable deps ti=<TaskInstance: example_dag.generate_and_insert_data scheduled__2023-01-01T00:20:00+00:00 [queued]>
[2024-06-28T18:20:18.729+0000] {taskinstance.py:2076} INFO - Dependencies all met for dep_context=requeueable deps ti=<TaskInstance: example_dag.generate_and_insert_data scheduled__2023-01-01T00:20:00+00:00 [queued]>
[2024-06-28T18:20:18.730+0000] {taskinstance.py:2306} INFO - Starting attempt 1 of 2
[2024-06-28T18:20:18.734+0000] {taskinstance.py:2330} INFO - Executing <Task(PythonOperator): generate_and_insert_data> on 2023-01-01 00:20:00+00:00
[2024-06-28T18:20:18.735+0000] {standard_task_runner.py:63} INFO - Started process 111 to run task
[2024-06-28T18:20:18.736+0000] {standard_task_runner.py:90} INFO - Running: ['airflow', 'tasks', 'run', 'example_dag', 'generate_and_insert_data', 'scheduled__2023-01-01T00:20:00+00:00', '--job-id', '7', '--raw', '--subdir', 'DAGS_FOLDER/example_dag.py', '--cfg-path', '/tmp/tmpm86v3r4g']
[2024-06-28T18:20:18.737+0000] {standard_task_runner.py:91} INFO - Job 7: Subtask generate_and_insert_data
[2024-06-28T18:20:18.754+0000] {task_command.py:426} INFO - Running <TaskInstance: example_dag.generate_and_insert_data scheduled__2023-01-01T00:20:00+00:00 [running]> on host 6570e5857071
[2024-06-28T18:20:18.782+0000] {taskinstance.py:2648} INFO - Exporting env vars: AIRFLOW_CTX_DAG_OWNER='airflow' AIRFLOW_CTX_DAG_ID='example_dag' AIRFLOW_CTX_TASK_ID='generate_and_insert_data' AIRFLOW_CTX_EXECUTION_DATE='2023-01-01T00:20:00+00:00' AIRFLOW_CTX_TRY_NUMBER='1' AIRFLOW_CTX_DAG_RUN_ID='scheduled__2023-01-01T00:20:00+00:00'
[2024-06-28T18:20:18.783+0000] {taskinstance.py:430} INFO - ::endgroup::
[2024-06-28T18:20:18.787+0000] {python.py:237} INFO - Done. Returned value was: None
[2024-06-28T18:20:18.787+0000] {taskinstance.py:441} INFO - ::group::Post task execution logs
[2024-06-28T18:20:18.791+0000] {taskinstance.py:1206} INFO - Marking task as SUCCESS. dag_id=example_dag, task_id=generate_and_insert_data, run_id=scheduled__2023-01-01T00:20:00+00:00, execution_date=20230101T002000, start_date=20240628T182018, end_date=20240628T182018
[2024-06-28T18:20:18.833+0000] {local_task_job_runner.py:240} INFO - Task exited with return code 0
[2024-06-28T18:20:18.840+0000] {taskinstance.py:3503} INFO - 0 downstream tasks scheduled from follow-on schedule check
[2024-06-28T18:20:18.840+0000] {local_task_job_runner.py:222} INFO - ::endgroup::
[2024-06-28T18:30:20.710+0000] {local_task_job_runner.py:120} INFO - ::group::Pre task execution logs
[2024-06-28T18:30:20.720+0000] {taskinstance.py:2076} INFO - Dependencies all met for dep_context=non-requeueable deps ti=<TaskInstance: example_dag.generate_and_insert_data scheduled__2023-01-01T00:20:00+00:00 [queued]>
[2024-06-28T18:30:20.722+0000] {taskinstance.py:2076} INFO - Dependencies all met for dep_context=requeueable deps ti=<TaskInstance: example_dag.generate_and_insert_data scheduled__2023-01-01T00:20:00+00:00 [queued]>
[2024-06-28T18:30:20.722+0000] {taskinstance.py:2306} INFO - Starting attempt 1 of 2
[2024-06-28T18:30:20.726+0000] {taskinstance.py:2330} INFO - Executing <Task(PythonOperator): generate_and_insert_data> on 2023-01-01 00:20:00+00:00
[2024-06-28T18:30:20.728+0000] {standard_task_runner.py:63} INFO - Started process 111 to run task
[2024-06-28T18:30:20.729+0000] {standard_task_runner.py:90} INFO - Running: ['airflow', 'tasks', 'run', 'example_dag', 'generate_and_insert_data', 'scheduled__2023-01-01T00:20:00+00:00', '--job-id', '7', '--raw', '--subdir', 'DAGS_FOLDER/example_dag.py', '--cfg-path', '/tmp/tmpmenw8awi']
[2024-06-28T18:30:20.730+0000] {standard_task_runner.py:91} INFO - Job 7: Subtask generate_and_insert_data
[2024-06-28T18:30:20.746+0000] {task_command.py:426} INFO - Running <TaskInstance: example_dag.generate_and_insert_data scheduled__2023-01-01T00:20:00+00:00 [running]> on host 50bf780463b8
[2024-06-28T18:30:20.773+0000] {taskinstance.py:2648} INFO - Exporting env vars: AIRFLOW_CTX_DAG_OWNER='airflow' AIRFLOW_CTX_DAG_ID='example_dag' AIRFLOW_CTX_TASK_ID='generate_and_insert_data' AIRFLOW_CTX_EXECUTION_DATE='2023-01-01T00:20:00+00:00' AIRFLOW_CTX_TRY_NUMBER='1' AIRFLOW_CTX_DAG_RUN_ID='scheduled__2023-01-01T00:20:00+00:00'
[2024-06-28T18:30:20.774+0000] {taskinstance.py:430} INFO - ::endgroup::
[2024-06-28T18:30:20.778+0000] {python.py:237} INFO - Done. Returned value was: None
[2024-06-28T18:30:20.778+0000] {taskinstance.py:441} INFO - ::group::Post task execution logs
[2024-06-28T18:30:20.782+0000] {taskinstance.py:1206} INFO - Marking task as SUCCESS. dag_id=example_dag, task_id=generate_and_insert_data, run_id=scheduled__2023-01-01T00:20:00+00:00, execution_date=20230101T002000, start_date=20240628T183020, end_date=20240628T183020
[2024-06-28T18:30:20.787+0000] {local_task_job_runner.py:240} INFO - Task exited with return code 0
[2024-06-28T18:30:20.793+0000] {taskinstance.py:3503} INFO - 0 downstream tasks scheduled from follow-on schedule check
[2024-06-28T18:30:20.794+0000] {local_task_job_runner.py:222} INFO - ::endgroup::
