[2024-07-03T23:37:42.869+0000] {taskinstance.py:1103} INFO - Dependencies all met for dep_context=non-requeueable deps ti=<TaskInstance: product_generator.insert_products manual__2024-07-03T23:33:45.967949+00:00 [queued]>
[2024-07-03T23:37:42.872+0000] {taskinstance.py:1103} INFO - Dependencies all met for dep_context=requeueable deps ti=<TaskInstance: product_generator.insert_products manual__2024-07-03T23:33:45.967949+00:00 [queued]>
[2024-07-03T23:37:42.872+0000] {taskinstance.py:1308} INFO - Starting attempt 4 of 4
[2024-07-03T23:37:42.876+0000] {taskinstance.py:1327} INFO - Executing <Task(PythonOperator): insert_products> on 2024-07-03 23:33:45.967949+00:00
[2024-07-03T23:37:42.878+0000] {standard_task_runner.py:57} INFO - Started process 146 to run task
[2024-07-03T23:37:42.879+0000] {standard_task_runner.py:84} INFO - Running: ['airflow', 'tasks', 'run', 'product_generator', 'insert_products', 'manual__2024-07-03T23:33:45.967949+00:00', '--job-id', '419', '--raw', '--subdir', 'DAGS_FOLDER/product_generator_dag.py', '--cfg-path', '/tmp/tmpgjnjj_uc']
[2024-07-03T23:37:42.880+0000] {standard_task_runner.py:85} INFO - Job 419: Subtask insert_products
[2024-07-03T23:37:42.899+0000] {task_command.py:410} INFO - Running <TaskInstance: product_generator.insert_products manual__2024-07-03T23:33:45.967949+00:00 [running]> on host a4053733dbc4
[2024-07-03T23:37:42.932+0000] {taskinstance.py:1545} INFO - Exporting env vars: AIRFLOW_CTX_DAG_OWNER='airflow' AIRFLOW_CTX_DAG_ID='product_generator' AIRFLOW_CTX_TASK_ID='insert_products' AIRFLOW_CTX_EXECUTION_DATE='2024-07-03T23:33:45.967949+00:00' AIRFLOW_CTX_TRY_NUMBER='4' AIRFLOW_CTX_DAG_RUN_ID='manual__2024-07-03T23:33:45.967949+00:00'
[2024-07-03T23:37:42.933+0000] {logging_mixin.py:149} INFO - Inserting data into products from /opt/airflow/generator/fake_products.json...
[2024-07-03T23:37:42.935+0000] {logging_mixin.py:149} INFO - Error inserting data into products: invalid input syntax for type integer: "Electronics"
LINE 2: ...tegory, description, price) VALUES ('Smartphone', 'Electroni...
                                                             ^
[2024-07-03T23:37:42.935+0000] {taskinstance.py:1824} ERROR - Task failed with exception
Traceback (most recent call last):
  File "/home/airflow/.local/lib/python3.9/site-packages/airflow/operators/python.py", line 181, in execute
    return_value = self.execute_callable()
  File "/home/airflow/.local/lib/python3.9/site-packages/airflow/operators/python.py", line 198, in execute_callable
    return self.python_callable(*self.op_args, **self.op_kwargs)
  File "/opt/airflow/dags/product_generator_dag.py", line 65, in insert_products
    insert_data("/opt/airflow/generator/fake_products.json", "products", insert_product_query)
  File "/opt/airflow/dags/product_generator_dag.py", line 62, in insert_data
    raise e  # Raise the exception to fail the task
  File "/opt/airflow/dags/product_generator_dag.py", line 54, in insert_data
    cursor.execute(insert_query, tuple(record.values()))
psycopg2.errors.InvalidTextRepresentation: invalid input syntax for type integer: "Electronics"
LINE 2: ...tegory, description, price) VALUES ('Smartphone', 'Electroni...
                                                             ^

[2024-07-03T23:37:42.940+0000] {taskinstance.py:1345} INFO - Marking task as FAILED. dag_id=product_generator, task_id=insert_products, execution_date=20240703T233345, start_date=20240703T233742, end_date=20240703T233742
[2024-07-03T23:37:42.945+0000] {standard_task_runner.py:104} ERROR - Failed to execute job 419 for task insert_products (invalid input syntax for type integer: "Electronics"
LINE 2: ...tegory, description, price) VALUES ('Smartphone', 'Electroni...
                                                             ^
; 146)
[2024-07-03T23:37:42.983+0000] {local_task_job_runner.py:225} INFO - Task exited with return code 1
[2024-07-03T23:37:42.992+0000] {taskinstance.py:2651} INFO - 0 downstream tasks scheduled from follow-on schedule check
