[2024-07-03T23:33:48.505+0000] {taskinstance.py:1103} INFO - Dependencies all met for dep_context=non-requeueable deps ti=<TaskInstance: product_generator.insert_products manual__2024-07-03T23:33:45.967949+00:00 [queued]>
[2024-07-03T23:33:48.508+0000] {taskinstance.py:1103} INFO - Dependencies all met for dep_context=requeueable deps ti=<TaskInstance: product_generator.insert_products manual__2024-07-03T23:33:45.967949+00:00 [queued]>
[2024-07-03T23:33:48.509+0000] {taskinstance.py:1308} INFO - Starting attempt 1 of 2
[2024-07-03T23:33:48.513+0000] {taskinstance.py:1327} INFO - Executing <Task(PythonOperator): insert_products> on 2024-07-03 23:33:45.967949+00:00
[2024-07-03T23:33:48.514+0000] {standard_task_runner.py:57} INFO - Started process 33 to run task
[2024-07-03T23:33:48.515+0000] {standard_task_runner.py:84} INFO - Running: ['airflow', 'tasks', 'run', 'product_generator', 'insert_products', 'manual__2024-07-03T23:33:45.967949+00:00', '--job-id', '415', '--raw', '--subdir', 'DAGS_FOLDER/product_generator_dag.py', '--cfg-path', '/tmp/tmp0mtz3msd']
[2024-07-03T23:33:48.516+0000] {standard_task_runner.py:85} INFO - Job 415: Subtask insert_products
[2024-07-03T23:33:48.536+0000] {task_command.py:410} INFO - Running <TaskInstance: product_generator.insert_products manual__2024-07-03T23:33:45.967949+00:00 [running]> on host a4053733dbc4
[2024-07-03T23:33:48.567+0000] {taskinstance.py:1545} INFO - Exporting env vars: AIRFLOW_CTX_DAG_OWNER='airflow' AIRFLOW_CTX_DAG_ID='product_generator' AIRFLOW_CTX_TASK_ID='insert_products' AIRFLOW_CTX_EXECUTION_DATE='2024-07-03T23:33:45.967949+00:00' AIRFLOW_CTX_TRY_NUMBER='1' AIRFLOW_CTX_DAG_RUN_ID='manual__2024-07-03T23:33:45.967949+00:00'
[2024-07-03T23:33:48.568+0000] {logging_mixin.py:149} INFO - Inserting data into products from /opt/airflow/generator/fake_products.json...
[2024-07-03T23:33:48.570+0000] {logging_mixin.py:149} INFO - Error inserting data into products: invalid input syntax for type integer: "Electronics"
LINE 2: ...tegory, description, price) VALUES ('Smartphone', 'Electroni...
                                                             ^
[2024-07-03T23:33:48.570+0000] {taskinstance.py:1824} ERROR - Task failed with exception
Traceback (most recent call last):
  File "/home/airflow/.local/lib/python3.9/site-packages/airflow/operators/python.py", line 181, in execute
    return_value = self.execute_callable()
  File "/home/airflow/.local/lib/python3.9/site-packages/airflow/operators/python.py", line 198, in execute_callable
    return self.python_callable(*self.op_args, **self.op_kwargs)
  File "/opt/airflow/dags/product_generator_dag.py", line 65, in insert_products
    insert_data("/opt/airflow/generator/fake_products.json", "products", insert_product_query)
  File "/opt/airflow/dags/product_generator_dag.py", line 62, in insert_data
    raise e  # Raise the exception to fail the task
  File "/opt/airflow/dags/product_generator_dag.py", line 54, in insert_data
    cursor.execute(insert_query, tuple(record.values()))
psycopg2.errors.InvalidTextRepresentation: invalid input syntax for type integer: "Electronics"
LINE 2: ...tegory, description, price) VALUES ('Smartphone', 'Electroni...
                                                             ^

[2024-07-03T23:33:48.574+0000] {taskinstance.py:1345} INFO - Marking task as UP_FOR_RETRY. dag_id=product_generator, task_id=insert_products, execution_date=20240703T233345, start_date=20240703T233348, end_date=20240703T233348
[2024-07-03T23:33:48.579+0000] {standard_task_runner.py:104} ERROR - Failed to execute job 415 for task insert_products (invalid input syntax for type integer: "Electronics"
LINE 2: ...tegory, description, price) VALUES ('Smartphone', 'Electroni...
                                                             ^
; 33)
[2024-07-03T23:33:48.616+0000] {local_task_job_runner.py:225} INFO - Task exited with return code 1
[2024-07-03T23:33:48.624+0000] {taskinstance.py:2651} INFO - 0 downstream tasks scheduled from follow-on schedule check
