[2024-07-06T18:15:00.862+0000] {taskinstance.py:1103} INFO - Dependencies all met for dep_context=non-requeueable deps ti=<TaskInstance: import_main_data.wait_for_init scheduled__2024-07-05T21:00:00+00:00 [queued]>
[2024-07-06T18:15:00.865+0000] {taskinstance.py:1103} INFO - Dependencies all met for dep_context=requeueable deps ti=<TaskInstance: import_main_data.wait_for_init scheduled__2024-07-05T21:00:00+00:00 [queued]>
[2024-07-06T18:15:00.865+0000] {taskinstance.py:1308} INFO - Starting attempt 1 of 2
[2024-07-06T18:15:00.869+0000] {taskinstance.py:1327} INFO - Executing <Task(ExternalTaskSensor): wait_for_init> on 2024-07-05 21:00:00+00:00
[2024-07-06T18:15:00.871+0000] {standard_task_runner.py:57} INFO - Started process 917 to run task
[2024-07-06T18:15:00.872+0000] {standard_task_runner.py:84} INFO - Running: ['airflow', 'tasks', 'run', 'import_main_data', 'wait_for_init', 'scheduled__2024-07-05T21:00:00+00:00', '--job-id', '881', '--raw', '--subdir', 'DAGS_FOLDER/import_raw_data.py', '--cfg-path', '/tmp/tmphu1cjee6']
[2024-07-06T18:15:00.873+0000] {standard_task_runner.py:85} INFO - Job 881: Subtask wait_for_init
[2024-07-06T18:15:00.893+0000] {task_command.py:410} INFO - Running <TaskInstance: import_main_data.wait_for_init scheduled__2024-07-05T21:00:00+00:00 [running]> on host f6bf59d3e65b
[2024-07-06T18:15:00.928+0000] {taskinstance.py:1545} INFO - Exporting env vars: AIRFLOW_CTX_DAG_EMAIL='airflow@example.com' AIRFLOW_CTX_DAG_OWNER='airflow' AIRFLOW_CTX_DAG_ID='import_main_data' AIRFLOW_CTX_TASK_ID='wait_for_init' AIRFLOW_CTX_EXECUTION_DATE='2024-07-05T21:00:00+00:00' AIRFLOW_CTX_TRY_NUMBER='1' AIRFLOW_CTX_DAG_RUN_ID='scheduled__2024-07-05T21:00:00+00:00'
[2024-07-06T18:15:00.933+0000] {external_task.py:247} INFO - Poking for DAG 'initialize_etl_environment' on 2024-07-05T21:00:00+00:00 ... 
[2024-07-06T18:15:00.944+0000] {taskinstance.py:1784} INFO - Rescheduling task, marking task as UP_FOR_RESCHEDULE
[2024-07-06T18:15:00.972+0000] {local_task_job_runner.py:225} INFO - Task exited with return code 0
[2024-07-06T18:15:00.984+0000] {taskinstance.py:2651} INFO - 0 downstream tasks scheduled from follow-on schedule check
[2024-07-06T18:43:35.831+0000] {taskinstance.py:1103} INFO - Dependencies all met for dep_context=non-requeueable deps ti=<TaskInstance: import_main_data.wait_for_init scheduled__2024-07-05T21:00:00+00:00 [queued]>
[2024-07-06T18:43:35.834+0000] {taskinstance.py:1103} INFO - Dependencies all met for dep_context=requeueable deps ti=<TaskInstance: import_main_data.wait_for_init scheduled__2024-07-05T21:00:00+00:00 [queued]>
[2024-07-06T18:43:35.834+0000] {taskinstance.py:1308} INFO - Starting attempt 1 of 2
[2024-07-06T18:43:35.838+0000] {taskinstance.py:1327} INFO - Executing <Task(ExternalTaskSensor): wait_for_init> on 2024-07-05 21:00:00+00:00
[2024-07-06T18:43:35.839+0000] {standard_task_runner.py:57} INFO - Started process 1370 to run task
[2024-07-06T18:43:35.841+0000] {standard_task_runner.py:84} INFO - Running: ['airflow', 'tasks', 'run', 'import_main_data', 'wait_for_init', 'scheduled__2024-07-05T21:00:00+00:00', '--job-id', '904', '--raw', '--subdir', 'DAGS_FOLDER/import_raw_data.py', '--cfg-path', '/tmp/tmpg7wpotb3']
[2024-07-06T18:43:35.841+0000] {standard_task_runner.py:85} INFO - Job 904: Subtask wait_for_init
[2024-07-06T18:43:35.862+0000] {task_command.py:410} INFO - Running <TaskInstance: import_main_data.wait_for_init scheduled__2024-07-05T21:00:00+00:00 [running]> on host f6bf59d3e65b
[2024-07-06T18:43:35.897+0000] {taskinstance.py:1545} INFO - Exporting env vars: AIRFLOW_CTX_DAG_EMAIL='airflow@example.com' AIRFLOW_CTX_DAG_OWNER='airflow' AIRFLOW_CTX_DAG_ID='import_main_data' AIRFLOW_CTX_TASK_ID='wait_for_init' AIRFLOW_CTX_EXECUTION_DATE='2024-07-05T21:00:00+00:00' AIRFLOW_CTX_TRY_NUMBER='1' AIRFLOW_CTX_DAG_RUN_ID='scheduled__2024-07-05T21:00:00+00:00'
[2024-07-06T18:43:35.901+0000] {external_task.py:247} INFO - Poking for DAG 'initialize_etl_environment' on 2024-07-05T21:00:00+00:00 ... 
[2024-07-06T18:43:35.913+0000] {taskinstance.py:1784} INFO - Rescheduling task, marking task as UP_FOR_RESCHEDULE
[2024-07-06T18:43:35.941+0000] {local_task_job_runner.py:225} INFO - Task exited with return code 0
[2024-07-06T18:43:35.954+0000] {taskinstance.py:2651} INFO - 0 downstream tasks scheduled from follow-on schedule check
[2024-07-06T18:44:37.963+0000] {taskinstance.py:1103} INFO - Dependencies all met for dep_context=non-requeueable deps ti=<TaskInstance: import_main_data.wait_for_init scheduled__2024-07-05T21:00:00+00:00 [queued]>
[2024-07-06T18:44:37.966+0000] {taskinstance.py:1103} INFO - Dependencies all met for dep_context=requeueable deps ti=<TaskInstance: import_main_data.wait_for_init scheduled__2024-07-05T21:00:00+00:00 [queued]>
[2024-07-06T18:44:37.966+0000] {taskinstance.py:1308} INFO - Starting attempt 1 of 2
[2024-07-06T18:44:37.970+0000] {taskinstance.py:1327} INFO - Executing <Task(ExternalTaskSensor): wait_for_init> on 2024-07-05 21:00:00+00:00
[2024-07-06T18:44:37.971+0000] {standard_task_runner.py:57} INFO - Started process 1430 to run task
[2024-07-06T18:44:37.972+0000] {standard_task_runner.py:84} INFO - Running: ['airflow', 'tasks', 'run', 'import_main_data', 'wait_for_init', 'scheduled__2024-07-05T21:00:00+00:00', '--job-id', '918', '--raw', '--subdir', 'DAGS_FOLDER/import_raw_data.py', '--cfg-path', '/tmp/tmp_kk5vs5j']
[2024-07-06T18:44:37.973+0000] {standard_task_runner.py:85} INFO - Job 918: Subtask wait_for_init
[2024-07-06T18:44:37.993+0000] {task_command.py:410} INFO - Running <TaskInstance: import_main_data.wait_for_init scheduled__2024-07-05T21:00:00+00:00 [running]> on host f6bf59d3e65b
[2024-07-06T18:44:38.027+0000] {taskinstance.py:1545} INFO - Exporting env vars: AIRFLOW_CTX_DAG_EMAIL='airflow@example.com' AIRFLOW_CTX_DAG_OWNER='airflow' AIRFLOW_CTX_DAG_ID='import_main_data' AIRFLOW_CTX_TASK_ID='wait_for_init' AIRFLOW_CTX_EXECUTION_DATE='2024-07-05T21:00:00+00:00' AIRFLOW_CTX_TRY_NUMBER='1' AIRFLOW_CTX_DAG_RUN_ID='scheduled__2024-07-05T21:00:00+00:00'
[2024-07-06T18:44:38.032+0000] {external_task.py:247} INFO - Poking for DAG 'initialize_etl_environment' on 2024-07-05T21:00:00+00:00 ... 
[2024-07-06T18:44:38.043+0000] {taskinstance.py:1784} INFO - Rescheduling task, marking task as UP_FOR_RESCHEDULE
[2024-07-06T18:44:38.078+0000] {local_task_job_runner.py:225} INFO - Task exited with return code 0
[2024-07-06T18:44:38.090+0000] {taskinstance.py:2651} INFO - 0 downstream tasks scheduled from follow-on schedule check
