[2024-06-27T22:36:53.423+0000] {local_task_job_runner.py:120} INFO - ::group::Pre task execution logs
[2024-06-27T22:36:53.433+0000] {taskinstance.py:2076} INFO - Dependencies all met for dep_context=non-requeueable deps ti=<TaskInstance: ecomm_data_pipeline.generate_and_insert_data scheduled__2023-01-01T19:40:00+00:00 [queued]>
[2024-06-27T22:36:53.435+0000] {taskinstance.py:2076} INFO - Dependencies all met for dep_context=requeueable deps ti=<TaskInstance: ecomm_data_pipeline.generate_and_insert_data scheduled__2023-01-01T19:40:00+00:00 [queued]>
[2024-06-27T22:36:53.436+0000] {taskinstance.py:2306} INFO - Starting attempt 1 of 2
[2024-06-27T22:36:53.440+0000] {taskinstance.py:2330} INFO - Executing <Task(PythonOperator): generate_and_insert_data> on 2023-01-01 19:40:00+00:00
[2024-06-27T22:36:53.442+0000] {standard_task_runner.py:63} INFO - Started process 1996 to run task
[2024-06-27T22:36:53.443+0000] {standard_task_runner.py:90} INFO - Running: ['airflow', 'tasks', 'run', 'ecomm_data_pipeline', 'generate_and_insert_data', 'scheduled__2023-01-01T19:40:00+00:00', '--job-id', '137', '--raw', '--subdir', 'DAGS_FOLDER/ecomm_dag.py', '--cfg-path', '/tmp/tmpqkuy9b_x']
[2024-06-27T22:36:53.444+0000] {standard_task_runner.py:91} INFO - Job 137: Subtask generate_and_insert_data
[2024-06-27T22:36:53.460+0000] {task_command.py:426} INFO - Running <TaskInstance: ecomm_data_pipeline.generate_and_insert_data scheduled__2023-01-01T19:40:00+00:00 [running]> on host 9174587f6b1d
[2024-06-27T22:36:53.488+0000] {taskinstance.py:2648} INFO - Exporting env vars: AIRFLOW_CTX_DAG_OWNER='airflow' AIRFLOW_CTX_DAG_ID='ecomm_data_pipeline' AIRFLOW_CTX_TASK_ID='generate_and_insert_data' AIRFLOW_CTX_EXECUTION_DATE='2023-01-01T19:40:00+00:00' AIRFLOW_CTX_TRY_NUMBER='1' AIRFLOW_CTX_DAG_RUN_ID='scheduled__2023-01-01T19:40:00+00:00'
[2024-06-27T22:36:53.488+0000] {taskinstance.py:430} INFO - ::endgroup::
[2024-06-27T22:36:53.521+0000] {logging_mixin.py:188} INFO - Error in generate_and_insert_data: Command '['python3', './generator/ecomm_generator.py']' returned non-zero exit status 2.
[2024-06-27T22:36:53.521+0000] {python.py:237} INFO - Done. Returned value was: None
[2024-06-27T22:36:53.522+0000] {taskinstance.py:441} INFO - ::group::Post task execution logs
[2024-06-27T22:36:53.526+0000] {taskinstance.py:1206} INFO - Marking task as SUCCESS. dag_id=ecomm_data_pipeline, task_id=generate_and_insert_data, run_id=scheduled__2023-01-01T19:40:00+00:00, execution_date=20230101T194000, start_date=20240627T223653, end_date=20240627T223653
[2024-06-27T22:36:53.549+0000] {local_task_job_runner.py:240} INFO - Task exited with return code 0
[2024-06-27T22:36:53.556+0000] {taskinstance.py:3503} INFO - 0 downstream tasks scheduled from follow-on schedule check
[2024-06-27T22:36:53.556+0000] {local_task_job_runner.py:222} INFO - ::endgroup::
[2024-06-29T21:40:19.463+0000] {local_task_job_runner.py:120} INFO - ::group::Pre task execution logs
[2024-06-29T21:40:19.473+0000] {taskinstance.py:2076} INFO - Dependencies all met for dep_context=non-requeueable deps ti=<TaskInstance: ecomm_data_pipeline.generate_and_insert_data scheduled__2023-01-01T19:40:00+00:00 [queued]>
[2024-06-29T21:40:19.476+0000] {taskinstance.py:2076} INFO - Dependencies all met for dep_context=requeueable deps ti=<TaskInstance: ecomm_data_pipeline.generate_and_insert_data scheduled__2023-01-01T19:40:00+00:00 [queued]>
[2024-06-29T21:40:19.476+0000] {taskinstance.py:2306} INFO - Starting attempt 1 of 2
[2024-06-29T21:40:19.480+0000] {taskinstance.py:2330} INFO - Executing <Task(PythonOperator): generate_and_insert_data> on 2023-01-01 19:40:00+00:00
[2024-06-29T21:40:19.482+0000] {standard_task_runner.py:63} INFO - Started process 1756 to run task
[2024-06-29T21:40:19.483+0000] {standard_task_runner.py:90} INFO - Running: ['airflow', 'tasks', 'run', 'ecomm_data_pipeline', 'generate_and_insert_data', 'scheduled__2023-01-01T19:40:00+00:00', '--job-id', '120', '--raw', '--subdir', 'DAGS_FOLDER/ecomm_dag.py', '--cfg-path', '/tmp/tmpo5uz1nw1']
[2024-06-29T21:40:19.484+0000] {standard_task_runner.py:91} INFO - Job 120: Subtask generate_and_insert_data
[2024-06-29T21:40:19.504+0000] {task_command.py:426} INFO - Running <TaskInstance: ecomm_data_pipeline.generate_and_insert_data scheduled__2023-01-01T19:40:00+00:00 [running]> on host afcb6fbf9265
[2024-06-29T21:40:19.534+0000] {taskinstance.py:2648} INFO - Exporting env vars: AIRFLOW_CTX_DAG_OWNER='airflow' AIRFLOW_CTX_DAG_ID='ecomm_data_pipeline' AIRFLOW_CTX_TASK_ID='generate_and_insert_data' AIRFLOW_CTX_EXECUTION_DATE='2023-01-01T19:40:00+00:00' AIRFLOW_CTX_TRY_NUMBER='1' AIRFLOW_CTX_DAG_RUN_ID='scheduled__2023-01-01T19:40:00+00:00'
[2024-06-29T21:40:19.534+0000] {taskinstance.py:430} INFO - ::endgroup::
[2024-06-29T21:40:19.591+0000] {logging_mixin.py:188} INFO - Error in generate_and_insert_data: Command '['python3', '/opt/airflow/generator/ecomm_generator.py']' returned non-zero exit status 1.
[2024-06-29T21:40:19.591+0000] {logging_mixin.py:188} INFO - stdout: 
[2024-06-29T21:40:19.591+0000] {logging_mixin.py:188} INFO - stderr: Traceback (most recent call last):
  File "/opt/airflow/generator/ecomm_generator.py", line 4, in <module>
    from faker import Faker
ModuleNotFoundError: No module named 'faker'
[2024-06-29T21:40:19.591+0000] {python.py:237} INFO - Done. Returned value was: None
[2024-06-29T21:40:19.592+0000] {taskinstance.py:441} INFO - ::group::Post task execution logs
[2024-06-29T21:40:19.597+0000] {taskinstance.py:1206} INFO - Marking task as SUCCESS. dag_id=ecomm_data_pipeline, task_id=generate_and_insert_data, run_id=scheduled__2023-01-01T19:40:00+00:00, execution_date=20230101T194000, start_date=20240629T214019, end_date=20240629T214019
[2024-06-29T21:40:19.630+0000] {local_task_job_runner.py:240} INFO - Task exited with return code 0
[2024-06-29T21:40:19.637+0000] {taskinstance.py:3503} INFO - 0 downstream tasks scheduled from follow-on schedule check
[2024-06-29T21:40:19.637+0000] {local_task_job_runner.py:222} INFO - ::endgroup::
[2024-06-29T22:04:07.846+0000] {local_task_job_runner.py:120} INFO - ::group::Pre task execution logs
[2024-06-29T22:04:07.857+0000] {taskinstance.py:2076} INFO - Dependencies all met for dep_context=non-requeueable deps ti=<TaskInstance: ecomm_data_pipeline.generate_and_insert_data scheduled__2023-01-01T19:40:00+00:00 [queued]>
[2024-06-29T22:04:07.860+0000] {taskinstance.py:2076} INFO - Dependencies all met for dep_context=requeueable deps ti=<TaskInstance: ecomm_data_pipeline.generate_and_insert_data scheduled__2023-01-01T19:40:00+00:00 [queued]>
[2024-06-29T22:04:07.860+0000] {taskinstance.py:2306} INFO - Starting attempt 1 of 2
[2024-06-29T22:04:07.865+0000] {taskinstance.py:2330} INFO - Executing <Task(PythonOperator): generate_and_insert_data> on 2023-01-01 19:40:00+00:00
[2024-06-29T22:04:07.867+0000] {standard_task_runner.py:63} INFO - Started process 1756 to run task
[2024-06-29T22:04:07.868+0000] {standard_task_runner.py:90} INFO - Running: ['airflow', 'tasks', 'run', 'ecomm_data_pipeline', 'generate_and_insert_data', 'scheduled__2023-01-01T19:40:00+00:00', '--job-id', '120', '--raw', '--subdir', 'DAGS_FOLDER/ecomm_dag.py', '--cfg-path', '/tmp/tmps_qewrqf']
[2024-06-29T22:04:07.869+0000] {standard_task_runner.py:91} INFO - Job 120: Subtask generate_and_insert_data
[2024-06-29T22:04:07.886+0000] {task_command.py:426} INFO - Running <TaskInstance: ecomm_data_pipeline.generate_and_insert_data scheduled__2023-01-01T19:40:00+00:00 [running]> on host 799998b0d26e
[2024-06-29T22:04:07.919+0000] {taskinstance.py:2648} INFO - Exporting env vars: AIRFLOW_CTX_DAG_OWNER='airflow' AIRFLOW_CTX_DAG_ID='ecomm_data_pipeline' AIRFLOW_CTX_TASK_ID='generate_and_insert_data' AIRFLOW_CTX_EXECUTION_DATE='2023-01-01T19:40:00+00:00' AIRFLOW_CTX_TRY_NUMBER='1' AIRFLOW_CTX_DAG_RUN_ID='scheduled__2023-01-01T19:40:00+00:00'
[2024-06-29T22:04:07.919+0000] {taskinstance.py:430} INFO - ::endgroup::
[2024-06-29T22:04:07.978+0000] {logging_mixin.py:188} INFO - Error in generate_and_insert_data: Command '['python3', '/opt/airflow/generator/ecomm_generator.py']' returned non-zero exit status 1.
[2024-06-29T22:04:07.979+0000] {logging_mixin.py:188} INFO - stdout: 
[2024-06-29T22:04:07.979+0000] {logging_mixin.py:188} INFO - stderr: Traceback (most recent call last):
  File "/opt/airflow/generator/ecomm_generator.py", line 4, in <module>
    from faker import Faker
ModuleNotFoundError: No module named 'faker'
[2024-06-29T22:04:07.979+0000] {python.py:237} INFO - Done. Returned value was: None
[2024-06-29T22:04:07.979+0000] {taskinstance.py:441} INFO - ::group::Post task execution logs
[2024-06-29T22:04:07.985+0000] {taskinstance.py:1206} INFO - Marking task as SUCCESS. dag_id=ecomm_data_pipeline, task_id=generate_and_insert_data, run_id=scheduled__2023-01-01T19:40:00+00:00, execution_date=20230101T194000, start_date=20240629T220407, end_date=20240629T220407
[2024-06-29T22:04:08.011+0000] {local_task_job_runner.py:240} INFO - Task exited with return code 0
[2024-06-29T22:04:08.018+0000] {taskinstance.py:3503} INFO - 0 downstream tasks scheduled from follow-on schedule check
[2024-06-29T22:04:08.019+0000] {local_task_job_runner.py:222} INFO - ::endgroup::
