[2024-07-06T18:10:30.905+0000] {taskinstance.py:1103} INFO - Dependencies all met for dep_context=non-requeueable deps ti=<TaskInstance: import_main_data.wait_for_init scheduled__2024-07-05T09:00:00+00:00 [queued]>
[2024-07-06T18:10:30.908+0000] {taskinstance.py:1103} INFO - Dependencies all met for dep_context=requeueable deps ti=<TaskInstance: import_main_data.wait_for_init scheduled__2024-07-05T09:00:00+00:00 [queued]>
[2024-07-06T18:10:30.908+0000] {taskinstance.py:1308} INFO - Starting attempt 1 of 2
[2024-07-06T18:10:30.912+0000] {taskinstance.py:1327} INFO - Executing <Task(ExternalTaskSensor): wait_for_init> on 2024-07-05 09:00:00+00:00
[2024-07-06T18:10:30.914+0000] {standard_task_runner.py:57} INFO - Started process 633 to run task
[2024-07-06T18:10:30.915+0000] {standard_task_runner.py:84} INFO - Running: ['airflow', 'tasks', 'run', 'import_main_data', 'wait_for_init', 'scheduled__2024-07-05T09:00:00+00:00', '--job-id', '811', '--raw', '--subdir', 'DAGS_FOLDER/import_raw_data.py', '--cfg-path', '/tmp/tmpwb4urmno']
[2024-07-06T18:10:30.916+0000] {standard_task_runner.py:85} INFO - Job 811: Subtask wait_for_init
[2024-07-06T18:10:30.936+0000] {task_command.py:410} INFO - Running <TaskInstance: import_main_data.wait_for_init scheduled__2024-07-05T09:00:00+00:00 [running]> on host f6bf59d3e65b
[2024-07-06T18:10:30.969+0000] {taskinstance.py:1545} INFO - Exporting env vars: AIRFLOW_CTX_DAG_EMAIL='airflow@example.com' AIRFLOW_CTX_DAG_OWNER='airflow' AIRFLOW_CTX_DAG_ID='import_main_data' AIRFLOW_CTX_TASK_ID='wait_for_init' AIRFLOW_CTX_EXECUTION_DATE='2024-07-05T09:00:00+00:00' AIRFLOW_CTX_TRY_NUMBER='1' AIRFLOW_CTX_DAG_RUN_ID='scheduled__2024-07-05T09:00:00+00:00'
[2024-07-06T18:10:30.973+0000] {external_task.py:247} INFO - Poking for DAG 'initialize_etl_environment' on 2024-07-05T09:00:00+00:00 ... 
[2024-07-06T18:10:30.984+0000] {taskinstance.py:1784} INFO - Rescheduling task, marking task as UP_FOR_RESCHEDULE
[2024-07-06T18:10:31.021+0000] {local_task_job_runner.py:225} INFO - Task exited with return code 0
[2024-07-06T18:10:31.034+0000] {taskinstance.py:2651} INFO - 0 downstream tasks scheduled from follow-on schedule check
[2024-07-06T18:11:32.913+0000] {taskinstance.py:1103} INFO - Dependencies all met for dep_context=non-requeueable deps ti=<TaskInstance: import_main_data.wait_for_init scheduled__2024-07-05T09:00:00+00:00 [queued]>
[2024-07-06T18:11:32.916+0000] {taskinstance.py:1103} INFO - Dependencies all met for dep_context=requeueable deps ti=<TaskInstance: import_main_data.wait_for_init scheduled__2024-07-05T09:00:00+00:00 [queued]>
[2024-07-06T18:11:32.916+0000] {taskinstance.py:1308} INFO - Starting attempt 1 of 2
[2024-07-06T18:11:32.921+0000] {taskinstance.py:1327} INFO - Executing <Task(ExternalTaskSensor): wait_for_init> on 2024-07-05 09:00:00+00:00
[2024-07-06T18:11:32.922+0000] {standard_task_runner.py:57} INFO - Started process 697 to run task
[2024-07-06T18:11:32.924+0000] {standard_task_runner.py:84} INFO - Running: ['airflow', 'tasks', 'run', 'import_main_data', 'wait_for_init', 'scheduled__2024-07-05T09:00:00+00:00', '--job-id', '827', '--raw', '--subdir', 'DAGS_FOLDER/import_raw_data.py', '--cfg-path', '/tmp/tmp9x_8wk_x']
[2024-07-06T18:11:32.924+0000] {standard_task_runner.py:85} INFO - Job 827: Subtask wait_for_init
[2024-07-06T18:11:32.945+0000] {task_command.py:410} INFO - Running <TaskInstance: import_main_data.wait_for_init scheduled__2024-07-05T09:00:00+00:00 [running]> on host f6bf59d3e65b
[2024-07-06T18:11:32.979+0000] {taskinstance.py:1545} INFO - Exporting env vars: AIRFLOW_CTX_DAG_EMAIL='airflow@example.com' AIRFLOW_CTX_DAG_OWNER='airflow' AIRFLOW_CTX_DAG_ID='import_main_data' AIRFLOW_CTX_TASK_ID='wait_for_init' AIRFLOW_CTX_EXECUTION_DATE='2024-07-05T09:00:00+00:00' AIRFLOW_CTX_TRY_NUMBER='1' AIRFLOW_CTX_DAG_RUN_ID='scheduled__2024-07-05T09:00:00+00:00'
[2024-07-06T18:11:32.984+0000] {external_task.py:247} INFO - Poking for DAG 'initialize_etl_environment' on 2024-07-05T09:00:00+00:00 ... 
[2024-07-06T18:11:32.997+0000] {taskinstance.py:1784} INFO - Rescheduling task, marking task as UP_FOR_RESCHEDULE
[2024-07-06T18:11:33.028+0000] {local_task_job_runner.py:225} INFO - Task exited with return code 0
[2024-07-06T18:11:33.040+0000] {taskinstance.py:2651} INFO - 0 downstream tasks scheduled from follow-on schedule check
[2024-07-06T18:12:34.156+0000] {taskinstance.py:1103} INFO - Dependencies all met for dep_context=non-requeueable deps ti=<TaskInstance: import_main_data.wait_for_init scheduled__2024-07-05T09:00:00+00:00 [queued]>
[2024-07-06T18:12:34.159+0000] {taskinstance.py:1103} INFO - Dependencies all met for dep_context=requeueable deps ti=<TaskInstance: import_main_data.wait_for_init scheduled__2024-07-05T09:00:00+00:00 [queued]>
[2024-07-06T18:12:34.159+0000] {taskinstance.py:1308} INFO - Starting attempt 1 of 2
[2024-07-06T18:12:34.163+0000] {taskinstance.py:1327} INFO - Executing <Task(ExternalTaskSensor): wait_for_init> on 2024-07-05 09:00:00+00:00
[2024-07-06T18:12:34.165+0000] {standard_task_runner.py:57} INFO - Started process 761 to run task
[2024-07-06T18:12:34.166+0000] {standard_task_runner.py:84} INFO - Running: ['airflow', 'tasks', 'run', 'import_main_data', 'wait_for_init', 'scheduled__2024-07-05T09:00:00+00:00', '--job-id', '843', '--raw', '--subdir', 'DAGS_FOLDER/import_raw_data.py', '--cfg-path', '/tmp/tmpbedsuago']
[2024-07-06T18:12:34.167+0000] {standard_task_runner.py:85} INFO - Job 843: Subtask wait_for_init
[2024-07-06T18:12:34.187+0000] {task_command.py:410} INFO - Running <TaskInstance: import_main_data.wait_for_init scheduled__2024-07-05T09:00:00+00:00 [running]> on host f6bf59d3e65b
[2024-07-06T18:12:34.220+0000] {taskinstance.py:1545} INFO - Exporting env vars: AIRFLOW_CTX_DAG_EMAIL='airflow@example.com' AIRFLOW_CTX_DAG_OWNER='airflow' AIRFLOW_CTX_DAG_ID='import_main_data' AIRFLOW_CTX_TASK_ID='wait_for_init' AIRFLOW_CTX_EXECUTION_DATE='2024-07-05T09:00:00+00:00' AIRFLOW_CTX_TRY_NUMBER='1' AIRFLOW_CTX_DAG_RUN_ID='scheduled__2024-07-05T09:00:00+00:00'
[2024-07-06T18:12:34.225+0000] {external_task.py:247} INFO - Poking for DAG 'initialize_etl_environment' on 2024-07-05T09:00:00+00:00 ... 
[2024-07-06T18:12:34.236+0000] {taskinstance.py:1784} INFO - Rescheduling task, marking task as UP_FOR_RESCHEDULE
[2024-07-06T18:12:34.265+0000] {local_task_job_runner.py:225} INFO - Task exited with return code 0
[2024-07-06T18:12:34.277+0000] {taskinstance.py:2651} INFO - 0 downstream tasks scheduled from follow-on schedule check
[2024-07-06T18:13:36.181+0000] {taskinstance.py:1103} INFO - Dependencies all met for dep_context=non-requeueable deps ti=<TaskInstance: import_main_data.wait_for_init scheduled__2024-07-05T09:00:00+00:00 [queued]>
[2024-07-06T18:13:36.184+0000] {taskinstance.py:1103} INFO - Dependencies all met for dep_context=requeueable deps ti=<TaskInstance: import_main_data.wait_for_init scheduled__2024-07-05T09:00:00+00:00 [queued]>
[2024-07-06T18:13:36.184+0000] {taskinstance.py:1308} INFO - Starting attempt 1 of 2
[2024-07-06T18:13:36.188+0000] {taskinstance.py:1327} INFO - Executing <Task(ExternalTaskSensor): wait_for_init> on 2024-07-05 09:00:00+00:00
[2024-07-06T18:13:36.190+0000] {standard_task_runner.py:57} INFO - Started process 825 to run task
[2024-07-06T18:13:36.191+0000] {standard_task_runner.py:84} INFO - Running: ['airflow', 'tasks', 'run', 'import_main_data', 'wait_for_init', 'scheduled__2024-07-05T09:00:00+00:00', '--job-id', '859', '--raw', '--subdir', 'DAGS_FOLDER/import_raw_data.py', '--cfg-path', '/tmp/tmpwiupq34r']
[2024-07-06T18:13:36.192+0000] {standard_task_runner.py:85} INFO - Job 859: Subtask wait_for_init
[2024-07-06T18:13:36.212+0000] {task_command.py:410} INFO - Running <TaskInstance: import_main_data.wait_for_init scheduled__2024-07-05T09:00:00+00:00 [running]> on host f6bf59d3e65b
[2024-07-06T18:13:36.246+0000] {taskinstance.py:1545} INFO - Exporting env vars: AIRFLOW_CTX_DAG_EMAIL='airflow@example.com' AIRFLOW_CTX_DAG_OWNER='airflow' AIRFLOW_CTX_DAG_ID='import_main_data' AIRFLOW_CTX_TASK_ID='wait_for_init' AIRFLOW_CTX_EXECUTION_DATE='2024-07-05T09:00:00+00:00' AIRFLOW_CTX_TRY_NUMBER='1' AIRFLOW_CTX_DAG_RUN_ID='scheduled__2024-07-05T09:00:00+00:00'
[2024-07-06T18:13:36.251+0000] {external_task.py:247} INFO - Poking for DAG 'initialize_etl_environment' on 2024-07-05T09:00:00+00:00 ... 
[2024-07-06T18:13:36.262+0000] {taskinstance.py:1784} INFO - Rescheduling task, marking task as UP_FOR_RESCHEDULE
[2024-07-06T18:13:36.294+0000] {local_task_job_runner.py:225} INFO - Task exited with return code 0
[2024-07-06T18:13:36.306+0000] {taskinstance.py:2651} INFO - 0 downstream tasks scheduled from follow-on schedule check
