[2024-06-27T22:37:04.595+0000] {local_task_job_runner.py:120} INFO - ::group::Pre task execution logs
[2024-06-27T22:37:04.606+0000] {taskinstance.py:2076} INFO - Dependencies all met for dep_context=non-requeueable deps ti=<TaskInstance: ecomm_data_pipeline.generate_and_insert_data scheduled__2023-01-01T20:40:00+00:00 [queued]>
[2024-06-27T22:37:04.608+0000] {taskinstance.py:2076} INFO - Dependencies all met for dep_context=requeueable deps ti=<TaskInstance: ecomm_data_pipeline.generate_and_insert_data scheduled__2023-01-01T20:40:00+00:00 [queued]>
[2024-06-27T22:37:04.609+0000] {taskinstance.py:2306} INFO - Starting attempt 1 of 2
[2024-06-27T22:37:04.613+0000] {taskinstance.py:2330} INFO - Executing <Task(PythonOperator): generate_and_insert_data> on 2023-01-01 20:40:00+00:00
[2024-06-27T22:37:04.614+0000] {standard_task_runner.py:63} INFO - Started process 2080 to run task
[2024-06-27T22:37:04.615+0000] {standard_task_runner.py:90} INFO - Running: ['airflow', 'tasks', 'run', 'ecomm_data_pipeline', 'generate_and_insert_data', 'scheduled__2023-01-01T20:40:00+00:00', '--job-id', '143', '--raw', '--subdir', 'DAGS_FOLDER/ecomm_dag.py', '--cfg-path', '/tmp/tmpuc210xd5']
[2024-06-27T22:37:04.616+0000] {standard_task_runner.py:91} INFO - Job 143: Subtask generate_and_insert_data
[2024-06-27T22:37:04.633+0000] {task_command.py:426} INFO - Running <TaskInstance: ecomm_data_pipeline.generate_and_insert_data scheduled__2023-01-01T20:40:00+00:00 [running]> on host 9174587f6b1d
[2024-06-27T22:37:04.664+0000] {taskinstance.py:2648} INFO - Exporting env vars: AIRFLOW_CTX_DAG_OWNER='airflow' AIRFLOW_CTX_DAG_ID='ecomm_data_pipeline' AIRFLOW_CTX_TASK_ID='generate_and_insert_data' AIRFLOW_CTX_EXECUTION_DATE='2023-01-01T20:40:00+00:00' AIRFLOW_CTX_TRY_NUMBER='1' AIRFLOW_CTX_DAG_RUN_ID='scheduled__2023-01-01T20:40:00+00:00'
[2024-06-27T22:37:04.664+0000] {taskinstance.py:430} INFO - ::endgroup::
[2024-06-27T22:37:04.697+0000] {logging_mixin.py:188} INFO - Error in generate_and_insert_data: Command '['python3', './generator/ecomm_generator.py']' returned non-zero exit status 2.
[2024-06-27T22:37:04.697+0000] {python.py:237} INFO - Done. Returned value was: None
[2024-06-27T22:37:04.697+0000] {taskinstance.py:441} INFO - ::group::Post task execution logs
[2024-06-27T22:37:04.702+0000] {taskinstance.py:1206} INFO - Marking task as SUCCESS. dag_id=ecomm_data_pipeline, task_id=generate_and_insert_data, run_id=scheduled__2023-01-01T20:40:00+00:00, execution_date=20230101T204000, start_date=20240627T223704, end_date=20240627T223704
[2024-06-27T22:37:04.715+0000] {local_task_job_runner.py:240} INFO - Task exited with return code 0
[2024-06-27T22:37:04.721+0000] {taskinstance.py:3503} INFO - 0 downstream tasks scheduled from follow-on schedule check
[2024-06-27T22:37:04.722+0000] {local_task_job_runner.py:222} INFO - ::endgroup::
[2024-06-29T21:40:30.888+0000] {local_task_job_runner.py:120} INFO - ::group::Pre task execution logs
[2024-06-29T21:40:30.898+0000] {taskinstance.py:2076} INFO - Dependencies all met for dep_context=non-requeueable deps ti=<TaskInstance: ecomm_data_pipeline.generate_and_insert_data scheduled__2023-01-01T20:40:00+00:00 [queued]>
[2024-06-29T21:40:30.900+0000] {taskinstance.py:2076} INFO - Dependencies all met for dep_context=requeueable deps ti=<TaskInstance: ecomm_data_pipeline.generate_and_insert_data scheduled__2023-01-01T20:40:00+00:00 [queued]>
[2024-06-29T21:40:30.900+0000] {taskinstance.py:2306} INFO - Starting attempt 1 of 2
[2024-06-29T21:40:30.904+0000] {taskinstance.py:2330} INFO - Executing <Task(PythonOperator): generate_and_insert_data> on 2023-01-01 20:40:00+00:00
[2024-06-29T21:40:30.906+0000] {standard_task_runner.py:63} INFO - Started process 1840 to run task
[2024-06-29T21:40:30.907+0000] {standard_task_runner.py:90} INFO - Running: ['airflow', 'tasks', 'run', 'ecomm_data_pipeline', 'generate_and_insert_data', 'scheduled__2023-01-01T20:40:00+00:00', '--job-id', '126', '--raw', '--subdir', 'DAGS_FOLDER/ecomm_dag.py', '--cfg-path', '/tmp/tmp2_jvrosf']
[2024-06-29T21:40:30.908+0000] {standard_task_runner.py:91} INFO - Job 126: Subtask generate_and_insert_data
[2024-06-29T21:40:30.925+0000] {task_command.py:426} INFO - Running <TaskInstance: ecomm_data_pipeline.generate_and_insert_data scheduled__2023-01-01T20:40:00+00:00 [running]> on host afcb6fbf9265
[2024-06-29T21:40:30.954+0000] {taskinstance.py:2648} INFO - Exporting env vars: AIRFLOW_CTX_DAG_OWNER='airflow' AIRFLOW_CTX_DAG_ID='ecomm_data_pipeline' AIRFLOW_CTX_TASK_ID='generate_and_insert_data' AIRFLOW_CTX_EXECUTION_DATE='2023-01-01T20:40:00+00:00' AIRFLOW_CTX_TRY_NUMBER='1' AIRFLOW_CTX_DAG_RUN_ID='scheduled__2023-01-01T20:40:00+00:00'
[2024-06-29T21:40:30.954+0000] {taskinstance.py:430} INFO - ::endgroup::
[2024-06-29T21:40:31.010+0000] {logging_mixin.py:188} INFO - Error in generate_and_insert_data: Command '['python3', '/opt/airflow/generator/ecomm_generator.py']' returned non-zero exit status 1.
[2024-06-29T21:40:31.010+0000] {logging_mixin.py:188} INFO - stdout: 
[2024-06-29T21:40:31.010+0000] {logging_mixin.py:188} INFO - stderr: Traceback (most recent call last):
  File "/opt/airflow/generator/ecomm_generator.py", line 4, in <module>
    from faker import Faker
ModuleNotFoundError: No module named 'faker'
[2024-06-29T21:40:31.011+0000] {python.py:237} INFO - Done. Returned value was: None
[2024-06-29T21:40:31.011+0000] {taskinstance.py:441} INFO - ::group::Post task execution logs
[2024-06-29T21:40:31.016+0000] {taskinstance.py:1206} INFO - Marking task as SUCCESS. dag_id=ecomm_data_pipeline, task_id=generate_and_insert_data, run_id=scheduled__2023-01-01T20:40:00+00:00, execution_date=20230101T204000, start_date=20240629T214030, end_date=20240629T214031
[2024-06-29T21:40:31.053+0000] {local_task_job_runner.py:240} INFO - Task exited with return code 0
[2024-06-29T21:40:31.060+0000] {taskinstance.py:3503} INFO - 0 downstream tasks scheduled from follow-on schedule check
[2024-06-29T21:40:31.060+0000] {local_task_job_runner.py:222} INFO - ::endgroup::
[2024-06-29T22:04:19.327+0000] {local_task_job_runner.py:120} INFO - ::group::Pre task execution logs
[2024-06-29T22:04:19.337+0000] {taskinstance.py:2076} INFO - Dependencies all met for dep_context=non-requeueable deps ti=<TaskInstance: ecomm_data_pipeline.generate_and_insert_data scheduled__2023-01-01T20:40:00+00:00 [queued]>
[2024-06-29T22:04:19.340+0000] {taskinstance.py:2076} INFO - Dependencies all met for dep_context=requeueable deps ti=<TaskInstance: ecomm_data_pipeline.generate_and_insert_data scheduled__2023-01-01T20:40:00+00:00 [queued]>
[2024-06-29T22:04:19.340+0000] {taskinstance.py:2306} INFO - Starting attempt 1 of 2
[2024-06-29T22:04:19.345+0000] {taskinstance.py:2330} INFO - Executing <Task(PythonOperator): generate_and_insert_data> on 2023-01-01 20:40:00+00:00
[2024-06-29T22:04:19.347+0000] {standard_task_runner.py:63} INFO - Started process 1840 to run task
[2024-06-29T22:04:19.348+0000] {standard_task_runner.py:90} INFO - Running: ['airflow', 'tasks', 'run', 'ecomm_data_pipeline', 'generate_and_insert_data', 'scheduled__2023-01-01T20:40:00+00:00', '--job-id', '126', '--raw', '--subdir', 'DAGS_FOLDER/ecomm_dag.py', '--cfg-path', '/tmp/tmpbzo8surr']
[2024-06-29T22:04:19.349+0000] {standard_task_runner.py:91} INFO - Job 126: Subtask generate_and_insert_data
[2024-06-29T22:04:19.367+0000] {task_command.py:426} INFO - Running <TaskInstance: ecomm_data_pipeline.generate_and_insert_data scheduled__2023-01-01T20:40:00+00:00 [running]> on host 799998b0d26e
[2024-06-29T22:04:19.397+0000] {taskinstance.py:2648} INFO - Exporting env vars: AIRFLOW_CTX_DAG_OWNER='airflow' AIRFLOW_CTX_DAG_ID='ecomm_data_pipeline' AIRFLOW_CTX_TASK_ID='generate_and_insert_data' AIRFLOW_CTX_EXECUTION_DATE='2023-01-01T20:40:00+00:00' AIRFLOW_CTX_TRY_NUMBER='1' AIRFLOW_CTX_DAG_RUN_ID='scheduled__2023-01-01T20:40:00+00:00'
[2024-06-29T22:04:19.398+0000] {taskinstance.py:430} INFO - ::endgroup::
[2024-06-29T22:04:19.457+0000] {logging_mixin.py:188} INFO - Error in generate_and_insert_data: Command '['python3', '/opt/airflow/generator/ecomm_generator.py']' returned non-zero exit status 1.
[2024-06-29T22:04:19.458+0000] {logging_mixin.py:188} INFO - stdout: 
[2024-06-29T22:04:19.458+0000] {logging_mixin.py:188} INFO - stderr: Traceback (most recent call last):
  File "/opt/airflow/generator/ecomm_generator.py", line 4, in <module>
    from faker import Faker
ModuleNotFoundError: No module named 'faker'
[2024-06-29T22:04:19.458+0000] {python.py:237} INFO - Done. Returned value was: None
[2024-06-29T22:04:19.458+0000] {taskinstance.py:441} INFO - ::group::Post task execution logs
[2024-06-29T22:04:19.463+0000] {taskinstance.py:1206} INFO - Marking task as SUCCESS. dag_id=ecomm_data_pipeline, task_id=generate_and_insert_data, run_id=scheduled__2023-01-01T20:40:00+00:00, execution_date=20230101T204000, start_date=20240629T220419, end_date=20240629T220419
[2024-06-29T22:04:19.488+0000] {local_task_job_runner.py:240} INFO - Task exited with return code 0
[2024-06-29T22:04:19.496+0000] {taskinstance.py:3503} INFO - 0 downstream tasks scheduled from follow-on schedule check
[2024-06-29T22:04:19.497+0000] {local_task_job_runner.py:222} INFO - ::endgroup::
