[2024-06-27T22:34:18.393+0000] {local_task_job_runner.py:120} INFO - ::group::Pre task execution logs
[2024-06-27T22:34:18.403+0000] {taskinstance.py:2076} INFO - Dependencies all met for dep_context=non-requeueable deps ti=<TaskInstance: ecomm_data_pipeline.generate_and_insert_data scheduled__2023-01-01T06:00:00+00:00 [queued]>
[2024-06-27T22:34:18.405+0000] {taskinstance.py:2076} INFO - Dependencies all met for dep_context=requeueable deps ti=<TaskInstance: ecomm_data_pipeline.generate_and_insert_data scheduled__2023-01-01T06:00:00+00:00 [queued]>
[2024-06-27T22:34:18.406+0000] {taskinstance.py:2306} INFO - Starting attempt 1 of 2
[2024-06-27T22:34:18.410+0000] {taskinstance.py:2330} INFO - Executing <Task(PythonOperator): generate_and_insert_data> on 2023-01-01 06:00:00+00:00
[2024-06-27T22:34:18.411+0000] {standard_task_runner.py:63} INFO - Started process 798 to run task
[2024-06-27T22:34:18.412+0000] {standard_task_runner.py:90} INFO - Running: ['airflow', 'tasks', 'run', 'ecomm_data_pipeline', 'generate_and_insert_data', 'scheduled__2023-01-01T06:00:00+00:00', '--job-id', '55', '--raw', '--subdir', 'DAGS_FOLDER/ecomm_dag.py', '--cfg-path', '/tmp/tmpcfk2t0bc']
[2024-06-27T22:34:18.413+0000] {standard_task_runner.py:91} INFO - Job 55: Subtask generate_and_insert_data
[2024-06-27T22:34:18.429+0000] {task_command.py:426} INFO - Running <TaskInstance: ecomm_data_pipeline.generate_and_insert_data scheduled__2023-01-01T06:00:00+00:00 [running]> on host 9174587f6b1d
[2024-06-27T22:34:18.457+0000] {taskinstance.py:2648} INFO - Exporting env vars: AIRFLOW_CTX_DAG_OWNER='airflow' AIRFLOW_CTX_DAG_ID='ecomm_data_pipeline' AIRFLOW_CTX_TASK_ID='generate_and_insert_data' AIRFLOW_CTX_EXECUTION_DATE='2023-01-01T06:00:00+00:00' AIRFLOW_CTX_TRY_NUMBER='1' AIRFLOW_CTX_DAG_RUN_ID='scheduled__2023-01-01T06:00:00+00:00'
[2024-06-27T22:34:18.457+0000] {taskinstance.py:430} INFO - ::endgroup::
[2024-06-27T22:34:18.490+0000] {logging_mixin.py:188} INFO - Error in generate_and_insert_data: Command '['python3', './generator/ecomm_generator.py']' returned non-zero exit status 2.
[2024-06-27T22:34:18.491+0000] {python.py:237} INFO - Done. Returned value was: None
[2024-06-27T22:34:18.491+0000] {taskinstance.py:441} INFO - ::group::Post task execution logs
[2024-06-27T22:34:18.495+0000] {taskinstance.py:1206} INFO - Marking task as SUCCESS. dag_id=ecomm_data_pipeline, task_id=generate_and_insert_data, run_id=scheduled__2023-01-01T06:00:00+00:00, execution_date=20230101T060000, start_date=20240627T223418, end_date=20240627T223418
[2024-06-27T22:34:18.510+0000] {local_task_job_runner.py:240} INFO - Task exited with return code 0
[2024-06-27T22:34:18.516+0000] {taskinstance.py:3503} INFO - 0 downstream tasks scheduled from follow-on schedule check
[2024-06-27T22:34:18.517+0000] {local_task_job_runner.py:222} INFO - ::endgroup::
[2024-06-27T22:53:23.546+0000] {local_task_job_runner.py:120} INFO - ::group::Pre task execution logs
[2024-06-27T22:53:23.557+0000] {taskinstance.py:2076} INFO - Dependencies all met for dep_context=non-requeueable deps ti=<TaskInstance: ecomm_data_pipeline.generate_and_insert_data scheduled__2023-01-01T06:00:00+00:00 [queued]>
[2024-06-27T22:53:23.561+0000] {taskinstance.py:2076} INFO - Dependencies all met for dep_context=requeueable deps ti=<TaskInstance: ecomm_data_pipeline.generate_and_insert_data scheduled__2023-01-01T06:00:00+00:00 [queued]>
[2024-06-27T22:53:23.561+0000] {taskinstance.py:2306} INFO - Starting attempt 1 of 2
[2024-06-27T22:53:23.567+0000] {taskinstance.py:2330} INFO - Executing <Task(PythonOperator): generate_and_insert_data> on 2023-01-01 06:00:00+00:00
[2024-06-27T22:53:23.568+0000] {standard_task_runner.py:63} INFO - Started process 967 to run task
[2024-06-27T22:53:23.569+0000] {standard_task_runner.py:90} INFO - Running: ['airflow', 'tasks', 'run', 'ecomm_data_pipeline', 'generate_and_insert_data', 'scheduled__2023-01-01T06:00:00+00:00', '--job-id', '68', '--raw', '--subdir', 'DAGS_FOLDER/ecomm_dag.py', '--cfg-path', '/tmp/tmplxxgxehd']
[2024-06-27T22:53:23.570+0000] {standard_task_runner.py:91} INFO - Job 68: Subtask generate_and_insert_data
[2024-06-27T22:53:23.588+0000] {task_command.py:426} INFO - Running <TaskInstance: ecomm_data_pipeline.generate_and_insert_data scheduled__2023-01-01T06:00:00+00:00 [running]> on host a70edf9d8581
[2024-06-27T22:53:23.619+0000] {taskinstance.py:2648} INFO - Exporting env vars: AIRFLOW_CTX_DAG_OWNER='airflow' AIRFLOW_CTX_DAG_ID='ecomm_data_pipeline' AIRFLOW_CTX_TASK_ID='generate_and_insert_data' AIRFLOW_CTX_EXECUTION_DATE='2023-01-01T06:00:00+00:00' AIRFLOW_CTX_TRY_NUMBER='1' AIRFLOW_CTX_DAG_RUN_ID='scheduled__2023-01-01T06:00:00+00:00'
[2024-06-27T22:53:23.619+0000] {taskinstance.py:430} INFO - ::endgroup::
[2024-06-27T22:53:23.652+0000] {logging_mixin.py:188} INFO - Error in generate_and_insert_data: Command '['python3', './generator/ecomm_generator.py']' returned non-zero exit status 2.
[2024-06-27T22:53:23.653+0000] {logging_mixin.py:188} INFO - stdout: 
[2024-06-27T22:53:23.653+0000] {logging_mixin.py:188} INFO - stderr: python3: can't open file '/opt/airflow/./generator/ecomm_generator.py': [Errno 2] No such file or directory
[2024-06-27T22:53:23.653+0000] {python.py:237} INFO - Done. Returned value was: None
[2024-06-27T22:53:23.653+0000] {taskinstance.py:441} INFO - ::group::Post task execution logs
[2024-06-27T22:53:23.658+0000] {taskinstance.py:1206} INFO - Marking task as SUCCESS. dag_id=ecomm_data_pipeline, task_id=generate_and_insert_data, run_id=scheduled__2023-01-01T06:00:00+00:00, execution_date=20230101T060000, start_date=20240627T225323, end_date=20240627T225323
[2024-06-27T22:53:23.672+0000] {local_task_job_runner.py:240} INFO - Task exited with return code 0
[2024-06-27T22:53:23.679+0000] {taskinstance.py:3503} INFO - 0 downstream tasks scheduled from follow-on schedule check
[2024-06-27T22:53:23.680+0000] {local_task_job_runner.py:222} INFO - ::endgroup::
[2024-06-28T18:14:51.222+0000] {local_task_job_runner.py:120} INFO - ::group::Pre task execution logs
[2024-06-28T18:14:51.232+0000] {taskinstance.py:2076} INFO - Dependencies all met for dep_context=non-requeueable deps ti=<TaskInstance: ecomm_data_pipeline.generate_and_insert_data scheduled__2023-01-01T06:00:00+00:00 [queued]>
[2024-06-28T18:14:51.234+0000] {taskinstance.py:2076} INFO - Dependencies all met for dep_context=requeueable deps ti=<TaskInstance: ecomm_data_pipeline.generate_and_insert_data scheduled__2023-01-01T06:00:00+00:00 [queued]>
[2024-06-28T18:14:51.235+0000] {taskinstance.py:2306} INFO - Starting attempt 1 of 2
[2024-06-28T18:14:51.239+0000] {taskinstance.py:2330} INFO - Executing <Task(PythonOperator): generate_and_insert_data> on 2023-01-01 06:00:00+00:00
[2024-06-28T18:14:51.241+0000] {standard_task_runner.py:63} INFO - Started process 1058 to run task
[2024-06-28T18:14:51.242+0000] {standard_task_runner.py:90} INFO - Running: ['airflow', 'tasks', 'run', 'ecomm_data_pipeline', 'generate_and_insert_data', 'scheduled__2023-01-01T06:00:00+00:00', '--job-id', '75', '--raw', '--subdir', 'DAGS_FOLDER/ecomm_dag.py', '--cfg-path', '/tmp/tmp0z_s6r3s']
[2024-06-28T18:14:51.243+0000] {standard_task_runner.py:91} INFO - Job 75: Subtask generate_and_insert_data
[2024-06-28T18:14:51.259+0000] {task_command.py:426} INFO - Running <TaskInstance: ecomm_data_pipeline.generate_and_insert_data scheduled__2023-01-01T06:00:00+00:00 [running]> on host 08cefd381a1f
[2024-06-28T18:14:51.288+0000] {taskinstance.py:2648} INFO - Exporting env vars: AIRFLOW_CTX_DAG_OWNER='airflow' AIRFLOW_CTX_DAG_ID='ecomm_data_pipeline' AIRFLOW_CTX_TASK_ID='generate_and_insert_data' AIRFLOW_CTX_EXECUTION_DATE='2023-01-01T06:00:00+00:00' AIRFLOW_CTX_TRY_NUMBER='1' AIRFLOW_CTX_DAG_RUN_ID='scheduled__2023-01-01T06:00:00+00:00'
[2024-06-28T18:14:51.288+0000] {taskinstance.py:430} INFO - ::endgroup::
[2024-06-28T18:14:51.344+0000] {logging_mixin.py:188} INFO - Error in generate_and_insert_data: Command '['python3', '/opt/airflow/generator/ecomm_generator.py']' returned non-zero exit status 1.
[2024-06-28T18:14:51.344+0000] {logging_mixin.py:188} INFO - stdout: 
[2024-06-28T18:14:51.344+0000] {logging_mixin.py:188} INFO - stderr: Traceback (most recent call last):
  File "/opt/airflow/generator/ecomm_generator.py", line 4, in <module>
    from faker import Faker
ModuleNotFoundError: No module named 'faker'
[2024-06-28T18:14:51.344+0000] {python.py:237} INFO - Done. Returned value was: None
[2024-06-28T18:14:51.345+0000] {taskinstance.py:441} INFO - ::group::Post task execution logs
[2024-06-28T18:14:51.349+0000] {taskinstance.py:1206} INFO - Marking task as SUCCESS. dag_id=ecomm_data_pipeline, task_id=generate_and_insert_data, run_id=scheduled__2023-01-01T06:00:00+00:00, execution_date=20230101T060000, start_date=20240628T181451, end_date=20240628T181451
[2024-06-28T18:14:51.390+0000] {local_task_job_runner.py:240} INFO - Task exited with return code 0
[2024-06-28T18:14:51.398+0000] {taskinstance.py:3503} INFO - 0 downstream tasks scheduled from follow-on schedule check
[2024-06-28T18:14:51.398+0000] {local_task_job_runner.py:222} INFO - ::endgroup::
[2024-06-28T18:21:47.011+0000] {local_task_job_runner.py:120} INFO - ::group::Pre task execution logs
[2024-06-28T18:21:47.021+0000] {taskinstance.py:2076} INFO - Dependencies all met for dep_context=non-requeueable deps ti=<TaskInstance: ecomm_data_pipeline.generate_and_insert_data scheduled__2023-01-01T06:00:00+00:00 [queued]>
[2024-06-28T18:21:47.024+0000] {taskinstance.py:2076} INFO - Dependencies all met for dep_context=requeueable deps ti=<TaskInstance: ecomm_data_pipeline.generate_and_insert_data scheduled__2023-01-01T06:00:00+00:00 [queued]>
[2024-06-28T18:21:47.024+0000] {taskinstance.py:2306} INFO - Starting attempt 1 of 2
[2024-06-28T18:21:47.028+0000] {taskinstance.py:2330} INFO - Executing <Task(PythonOperator): generate_and_insert_data> on 2023-01-01 06:00:00+00:00
[2024-06-28T18:21:47.030+0000] {standard_task_runner.py:63} INFO - Started process 850 to run task
[2024-06-28T18:21:47.031+0000] {standard_task_runner.py:90} INFO - Running: ['airflow', 'tasks', 'run', 'ecomm_data_pipeline', 'generate_and_insert_data', 'scheduled__2023-01-01T06:00:00+00:00', '--job-id', '59', '--raw', '--subdir', 'DAGS_FOLDER/ecomm_dag.py', '--cfg-path', '/tmp/tmp4q11lls_']
[2024-06-28T18:21:47.032+0000] {standard_task_runner.py:91} INFO - Job 59: Subtask generate_and_insert_data
[2024-06-28T18:21:47.049+0000] {task_command.py:426} INFO - Running <TaskInstance: ecomm_data_pipeline.generate_and_insert_data scheduled__2023-01-01T06:00:00+00:00 [running]> on host 6570e5857071
[2024-06-28T18:21:47.077+0000] {taskinstance.py:2648} INFO - Exporting env vars: AIRFLOW_CTX_DAG_OWNER='airflow' AIRFLOW_CTX_DAG_ID='ecomm_data_pipeline' AIRFLOW_CTX_TASK_ID='generate_and_insert_data' AIRFLOW_CTX_EXECUTION_DATE='2023-01-01T06:00:00+00:00' AIRFLOW_CTX_TRY_NUMBER='1' AIRFLOW_CTX_DAG_RUN_ID='scheduled__2023-01-01T06:00:00+00:00'
[2024-06-28T18:21:47.077+0000] {taskinstance.py:430} INFO - ::endgroup::
[2024-06-28T18:21:47.134+0000] {logging_mixin.py:188} INFO - Error in generate_and_insert_data: Command '['python3', '/opt/airflow/generator/ecomm_generator.py']' returned non-zero exit status 1.
[2024-06-28T18:21:47.134+0000] {logging_mixin.py:188} INFO - stdout: 
[2024-06-28T18:21:47.134+0000] {logging_mixin.py:188} INFO - stderr: Traceback (most recent call last):
  File "/opt/airflow/generator/ecomm_generator.py", line 4, in <module>
    from faker import Faker
ModuleNotFoundError: No module named 'faker'
[2024-06-28T18:21:47.134+0000] {python.py:237} INFO - Done. Returned value was: None
[2024-06-28T18:21:47.134+0000] {taskinstance.py:441} INFO - ::group::Post task execution logs
[2024-06-28T18:21:47.139+0000] {taskinstance.py:1206} INFO - Marking task as SUCCESS. dag_id=ecomm_data_pipeline, task_id=generate_and_insert_data, run_id=scheduled__2023-01-01T06:00:00+00:00, execution_date=20230101T060000, start_date=20240628T182147, end_date=20240628T182147
[2024-06-28T18:21:47.178+0000] {local_task_job_runner.py:240} INFO - Task exited with return code 0
[2024-06-28T18:21:47.185+0000] {taskinstance.py:3503} INFO - 0 downstream tasks scheduled from follow-on schedule check
[2024-06-28T18:21:47.185+0000] {local_task_job_runner.py:222} INFO - ::endgroup::
[2024-06-28T18:31:44.127+0000] {local_task_job_runner.py:120} INFO - ::group::Pre task execution logs
[2024-06-28T18:31:44.137+0000] {taskinstance.py:2076} INFO - Dependencies all met for dep_context=non-requeueable deps ti=<TaskInstance: ecomm_data_pipeline.generate_and_insert_data scheduled__2023-01-01T06:00:00+00:00 [queued]>
[2024-06-28T18:31:44.139+0000] {taskinstance.py:2076} INFO - Dependencies all met for dep_context=requeueable deps ti=<TaskInstance: ecomm_data_pipeline.generate_and_insert_data scheduled__2023-01-01T06:00:00+00:00 [queued]>
[2024-06-28T18:31:44.140+0000] {taskinstance.py:2306} INFO - Starting attempt 1 of 2
[2024-06-28T18:31:44.144+0000] {taskinstance.py:2330} INFO - Executing <Task(PythonOperator): generate_and_insert_data> on 2023-01-01 06:00:00+00:00
[2024-06-28T18:31:44.146+0000] {standard_task_runner.py:63} INFO - Started process 798 to run task
[2024-06-28T18:31:44.147+0000] {standard_task_runner.py:90} INFO - Running: ['airflow', 'tasks', 'run', 'ecomm_data_pipeline', 'generate_and_insert_data', 'scheduled__2023-01-01T06:00:00+00:00', '--job-id', '55', '--raw', '--subdir', 'DAGS_FOLDER/ecomm_dag.py', '--cfg-path', '/tmp/tmpeor0lkkb']
[2024-06-28T18:31:44.147+0000] {standard_task_runner.py:91} INFO - Job 55: Subtask generate_and_insert_data
[2024-06-28T18:31:44.164+0000] {task_command.py:426} INFO - Running <TaskInstance: ecomm_data_pipeline.generate_and_insert_data scheduled__2023-01-01T06:00:00+00:00 [running]> on host 50bf780463b8
[2024-06-28T18:31:44.192+0000] {taskinstance.py:2648} INFO - Exporting env vars: AIRFLOW_CTX_DAG_OWNER='airflow' AIRFLOW_CTX_DAG_ID='ecomm_data_pipeline' AIRFLOW_CTX_TASK_ID='generate_and_insert_data' AIRFLOW_CTX_EXECUTION_DATE='2023-01-01T06:00:00+00:00' AIRFLOW_CTX_TRY_NUMBER='1' AIRFLOW_CTX_DAG_RUN_ID='scheduled__2023-01-01T06:00:00+00:00'
[2024-06-28T18:31:44.192+0000] {taskinstance.py:430} INFO - ::endgroup::
[2024-06-28T18:31:44.249+0000] {logging_mixin.py:188} INFO - Error in generate_and_insert_data: Command '['python3', '/opt/airflow/generator/ecomm_generator.py']' returned non-zero exit status 1.
[2024-06-28T18:31:44.249+0000] {logging_mixin.py:188} INFO - stdout: 
[2024-06-28T18:31:44.249+0000] {logging_mixin.py:188} INFO - stderr: Traceback (most recent call last):
  File "/opt/airflow/generator/ecomm_generator.py", line 4, in <module>
    from faker import Faker
ModuleNotFoundError: No module named 'faker'
[2024-06-28T18:31:44.250+0000] {python.py:237} INFO - Done. Returned value was: None
[2024-06-28T18:31:44.250+0000] {taskinstance.py:441} INFO - ::group::Post task execution logs
[2024-06-28T18:31:44.255+0000] {taskinstance.py:1206} INFO - Marking task as SUCCESS. dag_id=ecomm_data_pipeline, task_id=generate_and_insert_data, run_id=scheduled__2023-01-01T06:00:00+00:00, execution_date=20230101T060000, start_date=20240628T183144, end_date=20240628T183144
[2024-06-28T18:31:44.294+0000] {local_task_job_runner.py:240} INFO - Task exited with return code 0
[2024-06-28T18:31:44.301+0000] {taskinstance.py:3503} INFO - 0 downstream tasks scheduled from follow-on schedule check
[2024-06-28T18:31:44.302+0000] {local_task_job_runner.py:222} INFO - ::endgroup::
