[2024-07-02T22:54:57.460+0000] {taskinstance.py:1103} INFO - Dependencies all met for dep_context=non-requeueable deps ti=<TaskInstance: ecomm_data_pipeline.generate_data scheduled__2024-07-02T00:30:00+00:00 [queued]>
[2024-07-02T22:54:57.463+0000] {taskinstance.py:1103} INFO - Dependencies all met for dep_context=requeueable deps ti=<TaskInstance: ecomm_data_pipeline.generate_data scheduled__2024-07-02T00:30:00+00:00 [queued]>
[2024-07-02T22:54:57.463+0000] {taskinstance.py:1308} INFO - Starting attempt 1 of 2
[2024-07-02T22:54:57.467+0000] {taskinstance.py:1327} INFO - Executing <Task(PythonOperator): generate_data> on 2024-07-02 00:30:00+00:00
[2024-07-02T22:54:57.468+0000] {standard_task_runner.py:57} INFO - Started process 37 to run task
[2024-07-02T22:54:57.469+0000] {standard_task_runner.py:84} INFO - Running: ['airflow', 'tasks', 'run', 'ecomm_data_pipeline', 'generate_data', 'scheduled__2024-07-02T00:30:00+00:00', '--job-id', '59', '--raw', '--subdir', 'DAGS_FOLDER/ecomm_dag.py', '--cfg-path', '/tmp/tmpjbzwowfn']
[2024-07-02T22:54:57.470+0000] {standard_task_runner.py:85} INFO - Job 59: Subtask generate_data
[2024-07-02T22:54:57.489+0000] {task_command.py:410} INFO - Running <TaskInstance: ecomm_data_pipeline.generate_data scheduled__2024-07-02T00:30:00+00:00 [running]> on host 5b8fb0180af8
[2024-07-02T22:54:57.522+0000] {taskinstance.py:1545} INFO - Exporting env vars: AIRFLOW_CTX_DAG_OWNER='airflow' AIRFLOW_CTX_DAG_ID='ecomm_data_pipeline' AIRFLOW_CTX_TASK_ID='generate_data' AIRFLOW_CTX_EXECUTION_DATE='2024-07-02T00:30:00+00:00' AIRFLOW_CTX_TRY_NUMBER='1' AIRFLOW_CTX_DAG_RUN_ID='scheduled__2024-07-02T00:30:00+00:00'
[2024-07-02T22:54:57.785+0000] {local_task_job_runner.py:225} INFO - Task exited with return code 1
[2024-07-02T22:54:57.794+0000] {taskinstance.py:2651} INFO - 0 downstream tasks scheduled from follow-on schedule check
[2024-07-02T23:01:51.471+0000] {taskinstance.py:1103} INFO - Dependencies all met for dep_context=non-requeueable deps ti=<TaskInstance: ecomm_data_pipeline.generate_data scheduled__2024-07-02T00:30:00+00:00 [queued]>
[2024-07-02T23:01:51.474+0000] {taskinstance.py:1103} INFO - Dependencies all met for dep_context=requeueable deps ti=<TaskInstance: ecomm_data_pipeline.generate_data scheduled__2024-07-02T00:30:00+00:00 [queued]>
[2024-07-02T23:01:51.474+0000] {taskinstance.py:1308} INFO - Starting attempt 1 of 2
[2024-07-02T23:01:51.479+0000] {taskinstance.py:1327} INFO - Executing <Task(PythonOperator): generate_data> on 2024-07-02 00:30:00+00:00
[2024-07-02T23:01:51.480+0000] {standard_task_runner.py:57} INFO - Started process 14 to run task
[2024-07-02T23:01:51.481+0000] {standard_task_runner.py:84} INFO - Running: ['airflow', 'tasks', 'run', 'ecomm_data_pipeline', 'generate_data', 'scheduled__2024-07-02T00:30:00+00:00', '--job-id', '79', '--raw', '--subdir', 'DAGS_FOLDER/ecomm_dag.py', '--cfg-path', '/tmp/tmp30lnka3l']
[2024-07-02T23:01:51.482+0000] {standard_task_runner.py:85} INFO - Job 79: Subtask generate_data
[2024-07-02T23:01:51.501+0000] {task_command.py:410} INFO - Running <TaskInstance: ecomm_data_pipeline.generate_data scheduled__2024-07-02T00:30:00+00:00 [running]> on host 5b8fb0180af8
[2024-07-02T23:01:51.537+0000] {taskinstance.py:1545} INFO - Exporting env vars: AIRFLOW_CTX_DAG_OWNER='airflow' AIRFLOW_CTX_DAG_ID='ecomm_data_pipeline' AIRFLOW_CTX_TASK_ID='generate_data' AIRFLOW_CTX_EXECUTION_DATE='2024-07-02T00:30:00+00:00' AIRFLOW_CTX_TRY_NUMBER='1' AIRFLOW_CTX_DAG_RUN_ID='scheduled__2024-07-02T00:30:00+00:00'
[2024-07-02T23:01:51.538+0000] {logging_mixin.py:149} INFO - Running data generation script...
[2024-07-02T23:02:36.280+0000] {taskinstance.py:1093} INFO - Dependencies not met for <TaskInstance: ecomm_data_pipeline.generate_data scheduled__2024-07-02T00:30:00+00:00 [running]>, dependency 'Task Instance Not Running' FAILED: Task is in the running state
[2024-07-02T23:02:36.282+0000] {taskinstance.py:1093} INFO - Dependencies not met for <TaskInstance: ecomm_data_pipeline.generate_data scheduled__2024-07-02T00:30:00+00:00 [running]>, dependency 'Task Instance State' FAILED: Task is in the 'running' state.
[2024-07-02T23:02:36.283+0000] {local_task_job_runner.py:154} INFO - Task is not able to be run
[2024-07-02T23:21:37.546+0000] {taskinstance.py:1103} INFO - Dependencies all met for dep_context=non-requeueable deps ti=<TaskInstance: ecomm_data_pipeline.generate_data scheduled__2024-07-02T00:30:00+00:00 [queued]>
[2024-07-02T23:21:37.549+0000] {taskinstance.py:1103} INFO - Dependencies all met for dep_context=requeueable deps ti=<TaskInstance: ecomm_data_pipeline.generate_data scheduled__2024-07-02T00:30:00+00:00 [queued]>
[2024-07-02T23:21:37.549+0000] {taskinstance.py:1308} INFO - Starting attempt 1 of 2
[2024-07-02T23:21:37.553+0000] {taskinstance.py:1327} INFO - Executing <Task(PythonOperator): generate_data> on 2024-07-02 00:30:00+00:00
[2024-07-02T23:21:37.554+0000] {standard_task_runner.py:57} INFO - Started process 24 to run task
[2024-07-02T23:21:37.556+0000] {standard_task_runner.py:84} INFO - Running: ['airflow', 'tasks', 'run', 'ecomm_data_pipeline', 'generate_data', 'scheduled__2024-07-02T00:30:00+00:00', '--job-id', '89', '--raw', '--subdir', 'DAGS_FOLDER/ecomm_dag.py', '--cfg-path', '/tmp/tmpwvhv0cek']
[2024-07-02T23:21:37.557+0000] {standard_task_runner.py:85} INFO - Job 89: Subtask generate_data
[2024-07-02T23:21:37.581+0000] {task_command.py:410} INFO - Running <TaskInstance: ecomm_data_pipeline.generate_data scheduled__2024-07-02T00:30:00+00:00 [running]> on host 8275981e3fe5
[2024-07-02T23:21:37.623+0000] {taskinstance.py:1545} INFO - Exporting env vars: AIRFLOW_CTX_DAG_OWNER='airflow' AIRFLOW_CTX_DAG_ID='ecomm_data_pipeline' AIRFLOW_CTX_TASK_ID='generate_data' AIRFLOW_CTX_EXECUTION_DATE='2024-07-02T00:30:00+00:00' AIRFLOW_CTX_TRY_NUMBER='1' AIRFLOW_CTX_DAG_RUN_ID='scheduled__2024-07-02T00:30:00+00:00'
[2024-07-02T23:21:37.624+0000] {logging_mixin.py:149} INFO - Running data generation script...
[2024-07-02T23:22:58.293+0000] {local_task_job_runner.py:291} WARNING - State of this instance has been externally set to success. Terminating instance.
[2024-07-02T23:22:58.295+0000] {process_utils.py:131} INFO - Sending Signals.SIGTERM to group 24. PIDs of all processes in the group: [25, 24]
[2024-07-02T23:22:58.295+0000] {process_utils.py:86} INFO - Sending the signal Signals.SIGTERM to group 24
[2024-07-02T23:22:58.296+0000] {taskinstance.py:1517} ERROR - Received SIGTERM. Terminating subprocesses.
[2024-07-02T23:22:58.297+0000] {logging_mixin.py:149} INFO - General error in generate_data: Task received SIGTERM signal
[2024-07-02T23:22:58.297+0000] {python.py:183} INFO - Done. Returned value was: None
[2024-07-02T23:22:58.298+0000] {process_utils.py:79} INFO - Process psutil.Process(pid=25, status='terminated', started='23:21:37') (25) terminated with exit code None
[2024-07-02T23:22:58.306+0000] {taskinstance.py:1345} INFO - Marking task as SUCCESS. dag_id=ecomm_data_pipeline, task_id=generate_data, execution_date=20240702T003000, start_date=20240702T232137, end_date=20240702T232258
[2024-07-02T23:22:58.317+0000] {process_utils.py:79} INFO - Process psutil.Process(pid=24, status='terminated', exitcode=0, started='23:21:37') (24) terminated with exit code 0
[2024-07-03T00:09:51.762+0000] {taskinstance.py:1103} INFO - Dependencies all met for dep_context=non-requeueable deps ti=<TaskInstance: ecomm_data_pipeline.generate_data scheduled__2024-07-02T00:30:00+00:00 [queued]>
[2024-07-03T00:09:51.765+0000] {taskinstance.py:1103} INFO - Dependencies all met for dep_context=requeueable deps ti=<TaskInstance: ecomm_data_pipeline.generate_data scheduled__2024-07-02T00:30:00+00:00 [queued]>
[2024-07-03T00:09:51.765+0000] {taskinstance.py:1308} INFO - Starting attempt 1 of 2
[2024-07-03T00:09:51.770+0000] {taskinstance.py:1327} INFO - Executing <Task(PythonOperator): generate_data> on 2024-07-02 00:30:00+00:00
[2024-07-03T00:09:51.771+0000] {standard_task_runner.py:57} INFO - Started process 36 to run task
[2024-07-03T00:09:51.773+0000] {standard_task_runner.py:84} INFO - Running: ['airflow', 'tasks', 'run', 'ecomm_data_pipeline', 'generate_data', 'scheduled__2024-07-02T00:30:00+00:00', '--job-id', '92', '--raw', '--subdir', 'DAGS_FOLDER/ecomm_dag.py', '--cfg-path', '/tmp/tmpenc5uh0s']
[2024-07-03T00:09:51.774+0000] {standard_task_runner.py:85} INFO - Job 92: Subtask generate_data
[2024-07-03T00:09:51.798+0000] {task_command.py:410} INFO - Running <TaskInstance: ecomm_data_pipeline.generate_data scheduled__2024-07-02T00:30:00+00:00 [running]> on host a91436ab9950
[2024-07-03T00:09:51.835+0000] {taskinstance.py:1545} INFO - Exporting env vars: AIRFLOW_CTX_DAG_OWNER='airflow' AIRFLOW_CTX_DAG_ID='ecomm_data_pipeline' AIRFLOW_CTX_TASK_ID='generate_data' AIRFLOW_CTX_EXECUTION_DATE='2024-07-02T00:30:00+00:00' AIRFLOW_CTX_TRY_NUMBER='1' AIRFLOW_CTX_DAG_RUN_ID='scheduled__2024-07-02T00:30:00+00:00'
[2024-07-03T00:09:51.836+0000] {logging_mixin.py:149} INFO - Running data generation script...
[2024-07-03T00:09:52.283+0000] {logging_mixin.py:149} INFO - 2024-07-03 00:09:52,023 - INFO - Generating fake user data...
2024-07-03 00:09:52,082 - INFO - Generated 170 users.
2024-07-03 00:09:52,082 - INFO - Generating fake clickstream events...
2024-07-03 00:09:52,083 - INFO - Generated 21 clickstream events.
2024-07-03 00:09:52,083 - INFO - Generating fake transaction data...
2024-07-03 00:09:52,084 - INFO - Generated 59 transaction data records.
2024-07-03 00:09:52,084 - INFO - Generating fake Google Search marketing data...
2024-07-03 00:09:52,102 - INFO - Generated 1000 Google Search marketing data records.
2024-07-03 00:09:52,103 - INFO - Generating fake Email Marketing data...
2024-07-03 00:09:52,224 - INFO - Generated 1000 Email Marketing data records.
2024-07-03 00:09:52,224 - INFO - Generating fake Facebook data...
2024-07-03 00:09:52,241 - INFO - Generated 1000 Facebook data records.
2024-07-03 00:09:52,241 - INFO - Writing generated data to JSON files...
2024-07-03 00:09:52,273 - INFO - Data generation complete. Sleeping for 10 minutes...
[2024-07-03T00:09:52.284+0000] {python.py:183} INFO - Done. Returned value was: None
[2024-07-03T00:09:52.293+0000] {taskinstance.py:1345} INFO - Marking task as SUCCESS. dag_id=ecomm_data_pipeline, task_id=generate_data, execution_date=20240702T003000, start_date=20240703T000951, end_date=20240703T000952
[2024-07-03T00:09:52.304+0000] {local_task_job_runner.py:225} INFO - Task exited with return code 0
[2024-07-03T00:09:52.317+0000] {taskinstance.py:2651} INFO - 6 downstream tasks scheduled from follow-on schedule check
