[2024-07-06T22:09:15.253+0000] {taskinstance.py:1103} INFO - Dependencies all met for dep_context=non-requeueable deps ti=<TaskInstance: initialize_etl_environment.create_transactions_table scheduled__2024-07-05T00:00:00+00:00 [queued]>
[2024-07-06T22:09:15.258+0000] {taskinstance.py:1103} INFO - Dependencies all met for dep_context=requeueable deps ti=<TaskInstance: initialize_etl_environment.create_transactions_table scheduled__2024-07-05T00:00:00+00:00 [queued]>
[2024-07-06T22:09:15.258+0000] {taskinstance.py:1308} INFO - Starting attempt 1 of 2
[2024-07-06T22:09:15.263+0000] {taskinstance.py:1327} INFO - Executing <Task(PostgresOperator): create_transactions_table> on 2024-07-05 00:00:00+00:00
[2024-07-06T22:09:15.265+0000] {standard_task_runner.py:57} INFO - Started process 29 to run task
[2024-07-06T22:09:15.266+0000] {standard_task_runner.py:84} INFO - Running: ['airflow', 'tasks', 'run', 'initialize_etl_environment', 'create_transactions_table', 'scheduled__2024-07-05T00:00:00+00:00', '--job-id', '1214', '--raw', '--subdir', 'DAGS_FOLDER/etl_env_init.py', '--cfg-path', '/tmp/tmpg0nijz_r']
[2024-07-06T22:09:15.267+0000] {standard_task_runner.py:85} INFO - Job 1214: Subtask create_transactions_table
[2024-07-06T22:09:15.291+0000] {task_command.py:410} INFO - Running <TaskInstance: initialize_etl_environment.create_transactions_table scheduled__2024-07-05T00:00:00+00:00 [running]> on host c058add182a5
[2024-07-06T22:09:15.334+0000] {taskinstance.py:1545} INFO - Exporting env vars: AIRFLOW_CTX_DAG_EMAIL='airflow@example.com' AIRFLOW_CTX_DAG_OWNER='airflow' AIRFLOW_CTX_DAG_ID='initialize_etl_environment' AIRFLOW_CTX_TASK_ID='create_transactions_table' AIRFLOW_CTX_EXECUTION_DATE='2024-07-05T00:00:00+00:00' AIRFLOW_CTX_TRY_NUMBER='1' AIRFLOW_CTX_DAG_RUN_ID='scheduled__2024-07-05T00:00:00+00:00'
[2024-07-06T22:09:15.334+0000] {sql.py:262} INFO - Executing: 
    CREATE TABLE IF NOT EXISTS raw.transactions (
        transaction_id INT PRIMARY KEY,
        timestamp TIMESTAMP NOT NULL,
        product_id INT,
        user_id INT REFERENCES raw.users(user_id),
        payment_method VARCHAR(50),
        transaction_type INT,
        created_at TIMESTAMP
    );
        
    
[2024-07-06T22:09:15.338+0000] {base.py:73} INFO - Using connection ID 'company_dw' for task execution.
[2024-07-06T22:09:15.361+0000] {base.py:73} INFO - Using connection ID 'company_dw' for task execution.
[2024-07-06T22:09:15.363+0000] {sql.py:375} INFO - Running statement: 
    CREATE TABLE IF NOT EXISTS raw.transactions (
        transaction_id INT PRIMARY KEY,
        timestamp TIMESTAMP NOT NULL,
        product_id INT,
        user_id INT REFERENCES raw.users(user_id),
        payment_method VARCHAR(50),
        transaction_type INT,
        created_at TIMESTAMP
    );
        
    , parameters: None
[2024-07-06T22:09:15.368+0000] {taskinstance.py:1345} INFO - Marking task as SUCCESS. dag_id=initialize_etl_environment, task_id=create_transactions_table, execution_date=20240705T000000, start_date=20240706T220915, end_date=20240706T220915
[2024-07-06T22:09:15.407+0000] {local_task_job_runner.py:225} INFO - Task exited with return code 0
[2024-07-06T22:09:15.417+0000] {taskinstance.py:2651} INFO - 0 downstream tasks scheduled from follow-on schedule check
