[2024-07-02T22:55:16.097+0000] {taskinstance.py:1103} INFO - Dependencies all met for dep_context=non-requeueable deps ti=<TaskInstance: ecomm_data_pipeline.generate_data scheduled__2024-07-02T02:40:00+00:00 [queued]>
[2024-07-02T22:55:16.101+0000] {taskinstance.py:1103} INFO - Dependencies all met for dep_context=requeueable deps ti=<TaskInstance: ecomm_data_pipeline.generate_data scheduled__2024-07-02T02:40:00+00:00 [queued]>
[2024-07-02T22:55:16.101+0000] {taskinstance.py:1308} INFO - Starting attempt 1 of 2
[2024-07-02T22:55:16.105+0000] {taskinstance.py:1327} INFO - Executing <Task(PythonOperator): generate_data> on 2024-07-02 02:40:00+00:00
[2024-07-02T22:55:16.106+0000] {standard_task_runner.py:57} INFO - Started process 72 to run task
[2024-07-02T22:55:16.108+0000] {standard_task_runner.py:84} INFO - Running: ['airflow', 'tasks', 'run', 'ecomm_data_pipeline', 'generate_data', 'scheduled__2024-07-02T02:40:00+00:00', '--job-id', '72', '--raw', '--subdir', 'DAGS_FOLDER/ecomm_dag.py', '--cfg-path', '/tmp/tmpgav4v5u0']
[2024-07-02T22:55:16.108+0000] {standard_task_runner.py:85} INFO - Job 72: Subtask generate_data
[2024-07-02T22:55:16.129+0000] {task_command.py:410} INFO - Running <TaskInstance: ecomm_data_pipeline.generate_data scheduled__2024-07-02T02:40:00+00:00 [running]> on host 5b8fb0180af8
[2024-07-02T22:55:16.164+0000] {taskinstance.py:1545} INFO - Exporting env vars: AIRFLOW_CTX_DAG_OWNER='airflow' AIRFLOW_CTX_DAG_ID='ecomm_data_pipeline' AIRFLOW_CTX_TASK_ID='generate_data' AIRFLOW_CTX_EXECUTION_DATE='2024-07-02T02:40:00+00:00' AIRFLOW_CTX_TRY_NUMBER='1' AIRFLOW_CTX_DAG_RUN_ID='scheduled__2024-07-02T02:40:00+00:00'
[2024-07-02T22:55:16.436+0000] {local_task_job_runner.py:225} INFO - Task exited with return code 1
[2024-07-02T22:55:16.446+0000] {taskinstance.py:2651} INFO - 0 downstream tasks scheduled from follow-on schedule check
[2024-07-03T00:14:53.110+0000] {taskinstance.py:1103} INFO - Dependencies all met for dep_context=non-requeueable deps ti=<TaskInstance: ecomm_data_pipeline.generate_data scheduled__2024-07-02T02:40:00+00:00 [queued]>
[2024-07-03T00:14:53.113+0000] {taskinstance.py:1103} INFO - Dependencies all met for dep_context=requeueable deps ti=<TaskInstance: ecomm_data_pipeline.generate_data scheduled__2024-07-02T02:40:00+00:00 [queued]>
[2024-07-03T00:14:53.113+0000] {taskinstance.py:1308} INFO - Starting attempt 1 of 2
[2024-07-03T00:14:53.117+0000] {taskinstance.py:1327} INFO - Executing <Task(PythonOperator): generate_data> on 2024-07-02 02:40:00+00:00
[2024-07-03T00:14:53.119+0000] {standard_task_runner.py:57} INFO - Started process 295 to run task
[2024-07-03T00:14:53.120+0000] {standard_task_runner.py:84} INFO - Running: ['airflow', 'tasks', 'run', 'ecomm_data_pipeline', 'generate_data', 'scheduled__2024-07-02T02:40:00+00:00', '--job-id', '165', '--raw', '--subdir', 'DAGS_FOLDER/ecomm_dag.py', '--cfg-path', '/tmp/tmp7oe4lqpd']
[2024-07-03T00:14:53.121+0000] {standard_task_runner.py:85} INFO - Job 165: Subtask generate_data
[2024-07-03T00:14:53.141+0000] {task_command.py:410} INFO - Running <TaskInstance: ecomm_data_pipeline.generate_data scheduled__2024-07-02T02:40:00+00:00 [running]> on host a91436ab9950
[2024-07-03T00:14:53.178+0000] {taskinstance.py:1545} INFO - Exporting env vars: AIRFLOW_CTX_DAG_OWNER='airflow' AIRFLOW_CTX_DAG_ID='ecomm_data_pipeline' AIRFLOW_CTX_TASK_ID='generate_data' AIRFLOW_CTX_EXECUTION_DATE='2024-07-02T02:40:00+00:00' AIRFLOW_CTX_TRY_NUMBER='1' AIRFLOW_CTX_DAG_RUN_ID='scheduled__2024-07-02T02:40:00+00:00'
[2024-07-03T00:14:53.178+0000] {logging_mixin.py:149} INFO - Running data generation script...
[2024-07-03T00:14:53.539+0000] {logging_mixin.py:149} INFO - 2024-07-03 00:14:53,353 - INFO - Generating fake user data...
2024-07-03 00:14:53,353 - INFO - Generated 2 users.
2024-07-03 00:14:53,353 - INFO - Generating fake clickstream events...
2024-07-03 00:14:53,354 - INFO - Generated 78 clickstream events.
2024-07-03 00:14:53,354 - INFO - Generating fake transaction data...
2024-07-03 00:14:53,355 - INFO - Generated 92 transaction data records.
2024-07-03 00:14:53,355 - INFO - Generating fake Google Search marketing data...
2024-07-03 00:14:53,370 - INFO - Generated 1000 Google Search marketing data records.
2024-07-03 00:14:53,370 - INFO - Generating fake Email Marketing data...
2024-07-03 00:14:53,486 - INFO - Generated 1000 Email Marketing data records.
2024-07-03 00:14:53,486 - INFO - Generating fake Facebook data...
2024-07-03 00:14:53,502 - INFO - Generated 1000 Facebook data records.
2024-07-03 00:14:53,502 - INFO - Writing generated data to JSON files...
2024-07-03 00:14:53,533 - INFO - Data generation complete. Sleeping for 10 minutes...
[2024-07-03T00:14:53.540+0000] {python.py:183} INFO - Done. Returned value was: None
[2024-07-03T00:14:53.546+0000] {taskinstance.py:1345} INFO - Marking task as SUCCESS. dag_id=ecomm_data_pipeline, task_id=generate_data, execution_date=20240702T024000, start_date=20240703T001453, end_date=20240703T001453
[2024-07-03T00:14:53.563+0000] {local_task_job_runner.py:225} INFO - Task exited with return code 0
[2024-07-03T00:14:53.573+0000] {taskinstance.py:2651} INFO - 6 downstream tasks scheduled from follow-on schedule check
