[2024-07-15T22:42:39.547+0000] {taskinstance.py:1037} DEBUG - previous_execution_date was called
[2024-07-15T22:42:39.559+0000] {__init__.py:51} DEBUG - Loading core task runner: StandardTaskRunner
[2024-07-15T22:42:39.569+0000] {taskinstance.py:1037} DEBUG - previous_execution_date was called
[2024-07-15T22:42:39.572+0000] {base_task_runner.py:68} DEBUG - Planning to run as the  user
[2024-07-15T22:42:39.574+0000] {taskinstance.py:789} DEBUG - Refreshing TaskInstance <TaskInstance: run_dbt_init_tasks.model.ecomm_demo.dim_date scheduled__2024-07-14T00:00:00+00:00 [queued]> from DB
[2024-07-15T22:42:39.587+0000] {taskinstance.py:1112} DEBUG - <TaskInstance: run_dbt_init_tasks.model.ecomm_demo.dim_date scheduled__2024-07-14T00:00:00+00:00 [queued]> dependency 'Task Instance State' PASSED: True, Task state queued was valid.
[2024-07-15T22:42:39.587+0000] {taskinstance.py:1112} DEBUG - <TaskInstance: run_dbt_init_tasks.model.ecomm_demo.dim_date scheduled__2024-07-14T00:00:00+00:00 [queued]> dependency 'Not In Retry Period' PASSED: True, The task instance was not marked for retrying.
[2024-07-15T22:42:39.594+0000] {taskinstance.py:1112} DEBUG - <TaskInstance: run_dbt_init_tasks.model.ecomm_demo.dim_date scheduled__2024-07-14T00:00:00+00:00 [queued]> dependency 'Previous Dagrun State' PASSED: True, The task did not have depends_on_past set.
[2024-07-15T22:42:39.594+0000] {taskinstance.py:1112} DEBUG - <TaskInstance: run_dbt_init_tasks.model.ecomm_demo.dim_date scheduled__2024-07-14T00:00:00+00:00 [queued]> dependency 'Task Instance Not Running' PASSED: True, Task is not in running state.
[2024-07-15T22:42:39.595+0000] {taskinstance.py:1103} INFO - Dependencies all met for dep_context=non-requeueable deps ti=<TaskInstance: run_dbt_init_tasks.model.ecomm_demo.dim_date scheduled__2024-07-14T00:00:00+00:00 [queued]>
[2024-07-15T22:42:39.597+0000] {taskinstance.py:1112} DEBUG - <TaskInstance: run_dbt_init_tasks.model.ecomm_demo.dim_date scheduled__2024-07-14T00:00:00+00:00 [queued]> dependency 'Task Concurrency' PASSED: True, Task concurrency is not set.
[2024-07-15T22:42:39.601+0000] {taskinstance.py:1112} DEBUG - <TaskInstance: run_dbt_init_tasks.model.ecomm_demo.dim_date scheduled__2024-07-14T00:00:00+00:00 [queued]> dependency 'Pool Slots Available' PASSED: True, There are enough open slots in default_pool to execute the task
[2024-07-15T22:42:39.602+0000] {taskinstance.py:1112} DEBUG - <TaskInstance: run_dbt_init_tasks.model.ecomm_demo.dim_date scheduled__2024-07-14T00:00:00+00:00 [queued]> dependency 'Previous Dagrun State' PASSED: True, The task did not have depends_on_past set.
[2024-07-15T22:42:39.602+0000] {taskinstance.py:1112} DEBUG - <TaskInstance: run_dbt_init_tasks.model.ecomm_demo.dim_date scheduled__2024-07-14T00:00:00+00:00 [queued]> dependency 'Not In Retry Period' PASSED: True, The task instance was not marked for retrying.
[2024-07-15T22:42:39.602+0000] {taskinstance.py:1103} INFO - Dependencies all met for dep_context=requeueable deps ti=<TaskInstance: run_dbt_init_tasks.model.ecomm_demo.dim_date scheduled__2024-07-14T00:00:00+00:00 [queued]>
[2024-07-15T22:42:39.602+0000] {taskinstance.py:1308} INFO - Starting attempt 1 of 1
[2024-07-15T22:42:39.609+0000] {taskinstance.py:1327} INFO - Executing <Task(BashOperator): model.ecomm_demo.dim_date> on 2024-07-14 00:00:00+00:00
[2024-07-15T22:42:39.611+0000] {standard_task_runner.py:57} INFO - Started process 472 to run task
[2024-07-15T22:42:39.613+0000] {standard_task_runner.py:84} INFO - Running: ['airflow', 'tasks', 'run', 'run_dbt_init_tasks', 'model.ecomm_demo.dim_date', 'scheduled__2024-07-14T00:00:00+00:00', '--job-id', '73', '--raw', '--subdir', 'DAGS_FOLDER/run_dbt_init_tasks.py', '--cfg-path', '/tmp/tmpgaxoed6x']
[2024-07-15T22:42:39.613+0000] {standard_task_runner.py:85} INFO - Job 73: Subtask model.ecomm_demo.dim_date
[2024-07-15T22:42:39.614+0000] {cli_action_loggers.py:65} DEBUG - Calling callbacks: [<function default_action_log at 0xffff7f47a550>]
[2024-07-15T22:42:39.643+0000] {taskinstance.py:1037} DEBUG - previous_execution_date was called
[2024-07-15T22:42:39.645+0000] {task_command.py:410} INFO - Running <TaskInstance: run_dbt_init_tasks.model.ecomm_demo.dim_date scheduled__2024-07-14T00:00:00+00:00 [running]> on host b91763c3682d
[2024-07-15T22:42:39.646+0000] {settings.py:353} DEBUG - Disposing DB connection pool (PID 472)
[2024-07-15T22:42:39.646+0000] {settings.py:212} DEBUG - Setting up DB connection pool (PID 472)
[2024-07-15T22:42:39.646+0000] {settings.py:285} DEBUG - settings.prepare_engine_args(): Using NullPool
[2024-07-15T22:42:39.647+0000] {taskinstance.py:789} DEBUG - Refreshing TaskInstance <TaskInstance: run_dbt_init_tasks.model.ecomm_demo.dim_date scheduled__2024-07-14T00:00:00+00:00 [running]> from DB
[2024-07-15T22:42:39.669+0000] {taskinstance.py:1037} DEBUG - previous_execution_date was called
[2024-07-15T22:42:39.670+0000] {taskinstance.py:868} DEBUG - Clearing XCom data
[2024-07-15T22:42:39.682+0000] {retries.py:80} DEBUG - Running RenderedTaskInstanceFields._do_delete_old_records with retries. Try 1 of 3
[2024-07-15T22:42:39.689+0000] {taskinstance.py:1545} INFO - Exporting env vars: AIRFLOW_CTX_DAG_OWNER='airflow' AIRFLOW_CTX_DAG_ID='run_dbt_init_tasks' AIRFLOW_CTX_TASK_ID='model.ecomm_demo.dim_date' AIRFLOW_CTX_EXECUTION_DATE='2024-07-14T00:00:00+00:00' AIRFLOW_CTX_TRY_NUMBER='1' AIRFLOW_CTX_DAG_RUN_ID='scheduled__2024-07-14T00:00:00+00:00'
[2024-07-15T22:42:39.689+0000] {__init__.py:117} DEBUG - Preparing lineage inlets and outlets
[2024-07-15T22:42:39.689+0000] {__init__.py:155} DEBUG - inlets: [], outlets: []
[2024-07-15T22:42:39.690+0000] {bash.py:186} DEBUG - Exporting env vars: AIRFLOW_CTX_DAG_OWNER='airflow' AIRFLOW_CTX_DAG_ID='run_dbt_init_tasks' AIRFLOW_CTX_TASK_ID='model.ecomm_demo.dim_date' AIRFLOW_CTX_EXECUTION_DATE='2024-07-14T00:00:00+00:00' AIRFLOW_CTX_TRY_NUMBER='1' AIRFLOW_CTX_DAG_RUN_ID='scheduled__2024-07-14T00:00:00+00:00'
[2024-07-15T22:42:39.690+0000] {subprocess.py:63} INFO - Tmp dir root location: 
 /tmp
[2024-07-15T22:42:39.690+0000] {subprocess.py:75} INFO - Running command: ['/bin/bash', '-c', '\n            export DBT_SCHEMA=dim &&\n            cd /opt/airflow/dbt &&\n            /home/airflow/.local/bin/dbt --no-write-json run --target dev --models dim_date\n            ']
[2024-07-15T22:42:39.693+0000] {subprocess.py:86} INFO - Output:
[2024-07-15T22:42:40.862+0000] {subprocess.py:93} INFO - [0m22:42:40  Running with dbt=1.8.3
[2024-07-15T22:42:40.977+0000] {subprocess.py:93} INFO - [0m22:42:40  Registered adapter: ***=1.8.2
[2024-07-15T22:42:41.061+0000] {subprocess.py:93} INFO - [0m22:42:41  Unable to do partial parsing because config vars, config profile, or config target have changed
[2024-07-15T22:42:41.062+0000] {subprocess.py:93} INFO - [0m22:42:41  Unable to do partial parsing because profile has changed
[2024-07-15T22:42:41.913+0000] {subprocess.py:93} INFO - [0m22:42:41  Found 1 model, 3 sources, 652 macros
[2024-07-15T22:42:41.915+0000] {subprocess.py:93} INFO - [0m22:42:41
[2024-07-15T22:42:41.976+0000] {subprocess.py:93} INFO - [0m22:42:41  Concurrency: 4 threads (target='dev')
[2024-07-15T22:42:41.976+0000] {subprocess.py:93} INFO - [0m22:42:41
[2024-07-15T22:42:41.982+0000] {subprocess.py:93} INFO - [0m22:42:41  1 of 1 START sql table model dim.dim_date ...................................... [RUN]
[2024-07-15T22:42:42.199+0000] {subprocess.py:93} INFO - [0m22:42:42  1 of 1 OK created sql table model dim.dim_date ................................. [[32mSELECT 29220[0m in 0.21s]
[2024-07-15T22:42:42.211+0000] {subprocess.py:93} INFO - [0m22:42:42
[2024-07-15T22:42:42.211+0000] {subprocess.py:93} INFO - [0m22:42:42  Finished running 1 table model in 0 hours 0 minutes and 0.30 seconds (0.30s).
[2024-07-15T22:42:42.212+0000] {subprocess.py:93} INFO - [0m22:42:42
[2024-07-15T22:42:42.212+0000] {subprocess.py:93} INFO - [0m22:42:42  [32mCompleted successfully[0m
[2024-07-15T22:42:42.213+0000] {subprocess.py:93} INFO - [0m22:42:42
[2024-07-15T22:42:42.213+0000] {subprocess.py:93} INFO - [0m22:42:42  Done. PASS=1 WARN=0 ERROR=0 SKIP=0 TOTAL=1
[2024-07-15T22:42:42.738+0000] {subprocess.py:97} INFO - Command exited with return code 0
[2024-07-15T22:42:42.750+0000] {__init__.py:75} DEBUG - Lineage called with inlets: [], outlets: []
[2024-07-15T22:42:42.751+0000] {taskinstance.py:789} DEBUG - Refreshing TaskInstance <TaskInstance: run_dbt_init_tasks.model.ecomm_demo.dim_date scheduled__2024-07-14T00:00:00+00:00 [running]> from DB
[2024-07-15T22:42:42.756+0000] {taskinstance.py:1356} DEBUG - Clearing next_method and next_kwargs.
[2024-07-15T22:42:42.756+0000] {taskinstance.py:1345} INFO - Marking task as SUCCESS. dag_id=run_dbt_init_tasks, task_id=model.ecomm_demo.dim_date, execution_date=20240714T000000, start_date=20240715T224239, end_date=20240715T224242
[2024-07-15T22:42:42.756+0000] {taskinstance.py:2305} DEBUG - Task Duration set to 3.160614
[2024-07-15T22:42:42.761+0000] {cli_action_loggers.py:83} DEBUG - Calling callbacks: []
[2024-07-15T22:42:42.791+0000] {local_task_job_runner.py:225} INFO - Task exited with return code 0
[2024-07-15T22:42:42.801+0000] {dagrun.py:697} DEBUG - number of tis tasks for <DagRun run_dbt_init_tasks @ 2024-07-14 00:00:00+00:00: scheduled__2024-07-14T00:00:00+00:00, state:running, queued_at: 2024-07-15 22:42:32.293100+00:00. externally triggered: False>: 4 task(s)
[2024-07-15T22:42:42.802+0000] {dagrun.py:718} DEBUG - number of scheduleable tasks for <DagRun run_dbt_init_tasks @ 2024-07-14 00:00:00+00:00: scheduled__2024-07-14T00:00:00+00:00, state:running, queued_at: 2024-07-15 22:42:32.293100+00:00. externally triggered: False>: 2 task(s)
[2024-07-15T22:42:42.802+0000] {taskinstance.py:1112} DEBUG - <TaskInstance: run_dbt_init_tasks.test.ecomm_demo.dim_date scheduled__2024-07-14T00:00:00+00:00 [None]> dependency 'Previous Dagrun State' PASSED: True, The task did not have depends_on_past set.
[2024-07-15T22:42:42.802+0000] {taskinstance.py:1112} DEBUG - <TaskInstance: run_dbt_init_tasks.test.ecomm_demo.dim_date scheduled__2024-07-14T00:00:00+00:00 [None]> dependency 'Not In Retry Period' PASSED: True, The task instance was not marked for retrying.
[2024-07-15T22:42:42.802+0000] {taskinstance.py:1103} DEBUG - Dependencies all met for dep_context=None ti=<TaskInstance: run_dbt_init_tasks.test.ecomm_demo.dim_date scheduled__2024-07-14T00:00:00+00:00 [None]>
[2024-07-15T22:42:42.802+0000] {taskinstance.py:1112} DEBUG - <TaskInstance: run_dbt_init_tasks.generate_dbt_docs scheduled__2024-07-14T00:00:00+00:00 [None]> dependency 'Previous Dagrun State' PASSED: True, The task did not have depends_on_past set.
[2024-07-15T22:42:42.803+0000] {taskinstance.py:1112} DEBUG - <TaskInstance: run_dbt_init_tasks.generate_dbt_docs scheduled__2024-07-14T00:00:00+00:00 [None]> dependency 'Not In Retry Period' PASSED: True, The task instance was not marked for retrying.
[2024-07-15T22:42:42.803+0000] {taskinstance.py:1112} DEBUG - <TaskInstance: run_dbt_init_tasks.generate_dbt_docs scheduled__2024-07-14T00:00:00+00:00 [None]> dependency 'Trigger Rule' PASSED: False, Task's trigger rule 'all_success' requires all upstream tasks to have succeeded, but found 1 non-success(es). upstream_states=_UpstreamTIStates(success=1, skipped=0, failed=0, upstream_failed=0, removed=0, done=1), upstream_task_ids={'model.ecomm_demo.dim_date', 'test.ecomm_demo.dim_date'}
[2024-07-15T22:42:42.803+0000] {taskinstance.py:1093} DEBUG - Dependencies not met for <TaskInstance: run_dbt_init_tasks.generate_dbt_docs scheduled__2024-07-14T00:00:00+00:00 [None]>, dependency 'Trigger Rule' FAILED: Task's trigger rule 'all_success' requires all upstream tasks to have succeeded, but found 1 non-success(es). upstream_states=_UpstreamTIStates(success=1, skipped=0, failed=0, upstream_failed=0, removed=0, done=1), upstream_task_ids={'model.ecomm_demo.dim_date', 'test.ecomm_demo.dim_date'}
[2024-07-15T22:42:42.806+0000] {taskinstance.py:2651} INFO - 1 downstream tasks scheduled from follow-on schedule check
