[2024-07-03T23:04:35.127+0000] {taskinstance.py:1103} INFO - Dependencies all met for dep_context=non-requeueable deps ti=<TaskInstance: events_generator.generate_data scheduled__2024-07-02T03:00:00+00:00 [queued]>
[2024-07-03T23:04:35.130+0000] {taskinstance.py:1103} INFO - Dependencies all met for dep_context=requeueable deps ti=<TaskInstance: events_generator.generate_data scheduled__2024-07-02T03:00:00+00:00 [queued]>
[2024-07-03T23:04:35.130+0000] {taskinstance.py:1308} INFO - Starting attempt 1 of 2
[2024-07-03T23:04:35.136+0000] {taskinstance.py:1327} INFO - Executing <Task(PythonOperator): generate_data> on 2024-07-02 03:00:00+00:00
[2024-07-03T23:04:35.137+0000] {standard_task_runner.py:57} INFO - Started process 160 to run task
[2024-07-03T23:04:35.139+0000] {standard_task_runner.py:84} INFO - Running: ['airflow', 'tasks', 'run', 'events_generator', 'generate_data', 'scheduled__2024-07-02T03:00:00+00:00', '--job-id', '401', '--raw', '--subdir', 'DAGS_FOLDER/event_generator_dag.py', '--cfg-path', '/tmp/tmppxbnykdl']
[2024-07-03T23:04:35.140+0000] {standard_task_runner.py:85} INFO - Job 401: Subtask generate_data
[2024-07-03T23:04:35.163+0000] {task_command.py:410} INFO - Running <TaskInstance: events_generator.generate_data scheduled__2024-07-02T03:00:00+00:00 [running]> on host a4053733dbc4
[2024-07-03T23:04:35.205+0000] {taskinstance.py:1545} INFO - Exporting env vars: AIRFLOW_CTX_DAG_OWNER='airflow' AIRFLOW_CTX_DAG_ID='events_generator' AIRFLOW_CTX_TASK_ID='generate_data' AIRFLOW_CTX_EXECUTION_DATE='2024-07-02T03:00:00+00:00' AIRFLOW_CTX_TRY_NUMBER='1' AIRFLOW_CTX_DAG_RUN_ID='scheduled__2024-07-02T03:00:00+00:00'
[2024-07-03T23:04:35.205+0000] {logging_mixin.py:149} INFO - Running data generation script...
[2024-07-03T23:04:35.408+0000] {logging_mixin.py:149} INFO - Error in generate_data: Command '['python3', '/opt/airflow/generator/events_generator.py']' returned non-zero exit status 1.
[2024-07-03T23:04:35.409+0000] {logging_mixin.py:149} INFO - stdout: Error fetching user_ids: column "user_id" does not exist
LINE 1: SELECT user_id FROM products
               ^
[2024-07-03T23:04:35.409+0000] {logging_mixin.py:149} INFO - stderr: Traceback (most recent call last):
  File "/opt/airflow/generator/events_generator.py", line 125, in <module>
    main()
  File "/opt/airflow/generator/events_generator.py", line 113, in main
    clickstream_events = [generate_clickstream_event(user_session) for _ in range(random.randint(1, 250))]
  File "/opt/airflow/generator/events_generator.py", line 113, in <listcomp>
    clickstream_events = [generate_clickstream_event(user_session) for _ in range(random.randint(1, 250))]
  File "/opt/airflow/generator/events_generator.py", line 68, in generate_clickstream_event
    product_id = random.choice(product_ids) if action in ["add_to_cart", "purchase"] else None
  File "/usr/local/lib/python3.9/random.py", line 346, in choice
    return seq[self._randbelow(len(seq))]
IndexError: list index out of range
[2024-07-03T23:04:35.409+0000] {python.py:183} INFO - Done. Returned value was: None
[2024-07-03T23:04:35.415+0000] {taskinstance.py:1345} INFO - Marking task as SUCCESS. dag_id=events_generator, task_id=generate_data, execution_date=20240702T030000, start_date=20240703T230435, end_date=20240703T230435
[2024-07-03T23:04:35.459+0000] {local_task_job_runner.py:225} INFO - Task exited with return code 0
[2024-07-03T23:04:35.469+0000] {taskinstance.py:2651} INFO - 2 downstream tasks scheduled from follow-on schedule check
