[2024-07-15T22:14:42.978+0000] {taskinstance.py:1037} DEBUG - previous_execution_date was called
[2024-07-15T22:14:42.984+0000] {__init__.py:51} DEBUG - Loading core task runner: StandardTaskRunner
[2024-07-15T22:14:42.989+0000] {taskinstance.py:1037} DEBUG - previous_execution_date was called
[2024-07-15T22:14:42.990+0000] {base_task_runner.py:68} DEBUG - Planning to run as the  user
[2024-07-15T22:14:42.992+0000] {taskinstance.py:789} DEBUG - Refreshing TaskInstance <TaskInstance: crm_sales_data_ingestion.ingest_sales_teams manual__2024-07-15T22:11:47.505978+00:00 [queued]> from DB
[2024-07-15T22:14:42.999+0000] {taskinstance.py:1112} DEBUG - <TaskInstance: crm_sales_data_ingestion.ingest_sales_teams manual__2024-07-15T22:11:47.505978+00:00 [queued]> dependency 'Task Instance State' PASSED: True, Task state queued was valid.
[2024-07-15T22:14:42.999+0000] {taskinstance.py:1112} DEBUG - <TaskInstance: crm_sales_data_ingestion.ingest_sales_teams manual__2024-07-15T22:11:47.505978+00:00 [queued]> dependency 'Not In Retry Period' PASSED: True, The task instance was not marked for retrying.
[2024-07-15T22:14:43.002+0000] {taskinstance.py:1112} DEBUG - <TaskInstance: crm_sales_data_ingestion.ingest_sales_teams manual__2024-07-15T22:11:47.505978+00:00 [queued]> dependency 'Previous Dagrun State' PASSED: True, The task did not have depends_on_past set.
[2024-07-15T22:14:43.002+0000] {taskinstance.py:1112} DEBUG - <TaskInstance: crm_sales_data_ingestion.ingest_sales_teams manual__2024-07-15T22:11:47.505978+00:00 [queued]> dependency 'Task Instance Not Running' PASSED: True, Task is not in running state.
[2024-07-15T22:14:43.002+0000] {taskinstance.py:1103} INFO - Dependencies all met for dep_context=non-requeueable deps ti=<TaskInstance: crm_sales_data_ingestion.ingest_sales_teams manual__2024-07-15T22:11:47.505978+00:00 [queued]>
[2024-07-15T22:14:43.003+0000] {taskinstance.py:1112} DEBUG - <TaskInstance: crm_sales_data_ingestion.ingest_sales_teams manual__2024-07-15T22:11:47.505978+00:00 [queued]> dependency 'Task Concurrency' PASSED: True, Task concurrency is not set.
[2024-07-15T22:14:43.005+0000] {taskinstance.py:1112} DEBUG - <TaskInstance: crm_sales_data_ingestion.ingest_sales_teams manual__2024-07-15T22:11:47.505978+00:00 [queued]> dependency 'Pool Slots Available' PASSED: True, There are enough open slots in default_pool to execute the task
[2024-07-15T22:14:43.005+0000] {taskinstance.py:1112} DEBUG - <TaskInstance: crm_sales_data_ingestion.ingest_sales_teams manual__2024-07-15T22:11:47.505978+00:00 [queued]> dependency 'Previous Dagrun State' PASSED: True, The task did not have depends_on_past set.
[2024-07-15T22:14:43.006+0000] {taskinstance.py:1112} DEBUG - <TaskInstance: crm_sales_data_ingestion.ingest_sales_teams manual__2024-07-15T22:11:47.505978+00:00 [queued]> dependency 'Not In Retry Period' PASSED: True, The task instance was not marked for retrying.
[2024-07-15T22:14:43.006+0000] {taskinstance.py:1103} INFO - Dependencies all met for dep_context=requeueable deps ti=<TaskInstance: crm_sales_data_ingestion.ingest_sales_teams manual__2024-07-15T22:11:47.505978+00:00 [queued]>
[2024-07-15T22:14:43.006+0000] {taskinstance.py:1308} INFO - Starting attempt 2 of 3
[2024-07-15T22:14:43.010+0000] {taskinstance.py:1327} INFO - Executing <Task(PythonOperator): ingest_sales_teams> on 2024-07-15 22:11:47.505978+00:00
[2024-07-15T22:14:43.012+0000] {standard_task_runner.py:57} INFO - Started process 41 to run task
[2024-07-15T22:14:43.014+0000] {standard_task_runner.py:84} INFO - Running: ['airflow', 'tasks', 'run', 'crm_sales_data_ingestion', 'ingest_sales_teams', 'manual__2024-07-15T22:11:47.505978+00:00', '--job-id', '68', '--raw', '--subdir', 'DAGS_FOLDER/ingest_crm_sales_data.py', '--cfg-path', '/tmp/tmpl1eq987d']
[2024-07-15T22:14:43.015+0000] {standard_task_runner.py:85} INFO - Job 68: Subtask ingest_sales_teams
[2024-07-15T22:14:43.015+0000] {cli_action_loggers.py:65} DEBUG - Calling callbacks: [<function default_action_log at 0xffff7f47a550>]
[2024-07-15T22:14:43.034+0000] {taskinstance.py:1037} DEBUG - previous_execution_date was called
[2024-07-15T22:14:43.036+0000] {task_command.py:410} INFO - Running <TaskInstance: crm_sales_data_ingestion.ingest_sales_teams manual__2024-07-15T22:11:47.505978+00:00 [running]> on host b91763c3682d
[2024-07-15T22:14:43.036+0000] {settings.py:353} DEBUG - Disposing DB connection pool (PID 41)
[2024-07-15T22:14:43.036+0000] {settings.py:212} DEBUG - Setting up DB connection pool (PID 41)
[2024-07-15T22:14:43.036+0000] {settings.py:285} DEBUG - settings.prepare_engine_args(): Using NullPool
[2024-07-15T22:14:43.037+0000] {taskinstance.py:789} DEBUG - Refreshing TaskInstance <TaskInstance: crm_sales_data_ingestion.ingest_sales_teams manual__2024-07-15T22:11:47.505978+00:00 [running]> from DB
[2024-07-15T22:14:43.051+0000] {taskinstance.py:1037} DEBUG - previous_execution_date was called
[2024-07-15T22:14:43.051+0000] {taskinstance.py:868} DEBUG - Clearing XCom data
[2024-07-15T22:14:43.063+0000] {retries.py:80} DEBUG - Running RenderedTaskInstanceFields._do_delete_old_records with retries. Try 1 of 3
[2024-07-15T22:14:43.068+0000] {taskinstance.py:1545} INFO - Exporting env vars: AIRFLOW_CTX_DAG_OWNER='airflow' AIRFLOW_CTX_DAG_ID='crm_sales_data_ingestion' AIRFLOW_CTX_TASK_ID='ingest_sales_teams' AIRFLOW_CTX_EXECUTION_DATE='2024-07-15T22:11:47.505978+00:00' AIRFLOW_CTX_TRY_NUMBER='2' AIRFLOW_CTX_DAG_RUN_ID='manual__2024-07-15T22:11:47.505978+00:00'
[2024-07-15T22:14:43.068+0000] {__init__.py:117} DEBUG - Preparing lineage inlets and outlets
[2024-07-15T22:14:43.068+0000] {__init__.py:155} DEBUG - inlets: [], outlets: []
[2024-07-15T22:14:43.071+0000] {base.py:73} INFO - Using connection ID 'company_dw' for task execution.
[2024-07-15T22:14:43.081+0000] {python.py:183} INFO - Done. Returned value was: None
[2024-07-15T22:14:43.082+0000] {__init__.py:75} DEBUG - Lineage called with inlets: [], outlets: []
[2024-07-15T22:14:43.082+0000] {taskinstance.py:789} DEBUG - Refreshing TaskInstance <TaskInstance: crm_sales_data_ingestion.ingest_sales_teams manual__2024-07-15T22:11:47.505978+00:00 [running]> from DB
[2024-07-15T22:14:43.086+0000] {taskinstance.py:1356} DEBUG - Clearing next_method and next_kwargs.
[2024-07-15T22:14:43.087+0000] {taskinstance.py:1345} INFO - Marking task as SUCCESS. dag_id=crm_sales_data_ingestion, task_id=ingest_sales_teams, execution_date=20240715T221147, start_date=20240715T221443, end_date=20240715T221443
[2024-07-15T22:14:43.087+0000] {taskinstance.py:2305} DEBUG - Task Duration set to 0.084535
[2024-07-15T22:14:43.165+0000] {cli_action_loggers.py:83} DEBUG - Calling callbacks: []
[2024-07-15T22:14:43.210+0000] {local_task_job_runner.py:225} INFO - Task exited with return code 0
[2024-07-15T22:14:43.219+0000] {dagrun.py:697} DEBUG - number of tis tasks for <DagRun crm_sales_data_ingestion @ 2024-07-15 22:11:47.505978+00:00: manual__2024-07-15T22:11:47.505978+00:00, state:running, queued_at: 2024-07-15 22:11:47.514889+00:00. externally triggered: True>: 0 task(s)
[2024-07-15T22:14:43.219+0000] {taskinstance.py:2651} INFO - 0 downstream tasks scheduled from follow-on schedule check
