[2024-07-06T17:52:56.344+0000] {taskinstance.py:1103} INFO - Dependencies all met for dep_context=non-requeueable deps ti=<TaskInstance: initialize_etl_environment.create_transactions_table scheduled__2024-07-02T00:00:00+00:00 [queued]>
[2024-07-06T17:52:56.347+0000] {taskinstance.py:1103} INFO - Dependencies all met for dep_context=requeueable deps ti=<TaskInstance: initialize_etl_environment.create_transactions_table scheduled__2024-07-02T00:00:00+00:00 [queued]>
[2024-07-06T17:52:56.347+0000] {taskinstance.py:1308} INFO - Starting attempt 1 of 2
[2024-07-06T17:52:56.351+0000] {taskinstance.py:1327} INFO - Executing <Task(PostgresOperator): create_transactions_table> on 2024-07-02 00:00:00+00:00
[2024-07-06T17:52:56.352+0000] {standard_task_runner.py:57} INFO - Started process 40 to run task
[2024-07-06T17:52:56.354+0000] {standard_task_runner.py:84} INFO - Running: ['airflow', 'tasks', 'run', 'initialize_etl_environment', 'create_transactions_table', 'scheduled__2024-07-02T00:00:00+00:00', '--job-id', '785', '--raw', '--subdir', 'DAGS_FOLDER/etl_env_init.py', '--cfg-path', '/tmp/tmpwsex8r51']
[2024-07-06T17:52:56.355+0000] {standard_task_runner.py:85} INFO - Job 785: Subtask create_transactions_table
[2024-07-06T17:52:56.374+0000] {task_command.py:410} INFO - Running <TaskInstance: initialize_etl_environment.create_transactions_table scheduled__2024-07-02T00:00:00+00:00 [running]> on host f6bf59d3e65b
[2024-07-06T17:52:56.407+0000] {taskinstance.py:1545} INFO - Exporting env vars: AIRFLOW_CTX_DAG_EMAIL='airflow@example.com' AIRFLOW_CTX_DAG_OWNER='airflow' AIRFLOW_CTX_DAG_ID='initialize_etl_environment' AIRFLOW_CTX_TASK_ID='create_transactions_table' AIRFLOW_CTX_EXECUTION_DATE='2024-07-02T00:00:00+00:00' AIRFLOW_CTX_TRY_NUMBER='1' AIRFLOW_CTX_DAG_RUN_ID='scheduled__2024-07-02T00:00:00+00:00'
[2024-07-06T17:52:56.408+0000] {sql.py:262} INFO - Executing: 
    CREATE TABLE IF NOT EXISTS raw.transactions (
        transaction_id INT PRIMARY KEY,
        timestamp TIMESTAMP NOT NULL,
        product_id INT,
        user_id INT REFERENCES users(user_id),
        payment_method VARCHAR(50),
        transaction_type INT,
        created_at TIMESTAMP
    );
        
    
[2024-07-06T17:52:56.411+0000] {base.py:73} INFO - Using connection ID 'company_dw' for task execution.
[2024-07-06T17:52:56.431+0000] {base.py:73} INFO - Using connection ID 'company_dw' for task execution.
[2024-07-06T17:52:56.433+0000] {sql.py:375} INFO - Running statement: 
    CREATE TABLE IF NOT EXISTS raw.transactions (
        transaction_id INT PRIMARY KEY,
        timestamp TIMESTAMP NOT NULL,
        product_id INT,
        user_id INT REFERENCES users(user_id),
        payment_method VARCHAR(50),
        transaction_type INT,
        created_at TIMESTAMP
    );
        
    , parameters: None
[2024-07-06T17:52:56.436+0000] {taskinstance.py:1824} ERROR - Task failed with exception
Traceback (most recent call last):
  File "/home/airflow/.local/lib/python3.9/site-packages/airflow/providers/common/sql/operators/sql.py", line 268, in execute
    output = hook.run(
  File "/home/airflow/.local/lib/python3.9/site-packages/airflow/providers/common/sql/hooks/sql.py", line 349, in run
    self._run_command(cur, sql_statement, parameters)
  File "/home/airflow/.local/lib/python3.9/site-packages/airflow/providers/common/sql/hooks/sql.py", line 380, in _run_command
    cur.execute(sql_statement)
psycopg2.errors.UndefinedTable: relation "users" does not exist

[2024-07-06T17:52:56.440+0000] {taskinstance.py:1345} INFO - Marking task as UP_FOR_RETRY. dag_id=initialize_etl_environment, task_id=create_transactions_table, execution_date=20240702T000000, start_date=20240706T175256, end_date=20240706T175256
[2024-07-06T17:52:56.445+0000] {standard_task_runner.py:104} ERROR - Failed to execute job 785 for task create_transactions_table (relation "users" does not exist
; 40)
[2024-07-06T17:52:56.453+0000] {local_task_job_runner.py:225} INFO - Task exited with return code 1
[2024-07-06T17:52:56.462+0000] {taskinstance.py:2651} INFO - 0 downstream tasks scheduled from follow-on schedule check
