[2024-07-06T17:55:59.225+0000] {taskinstance.py:1103} INFO - Dependencies all met for dep_context=non-requeueable deps ti=<TaskInstance: initialize_etl_environment.create_transactions_table scheduled__2024-07-02T00:00:00+00:00 [queued]>
[2024-07-06T17:55:59.228+0000] {taskinstance.py:1103} INFO - Dependencies all met for dep_context=requeueable deps ti=<TaskInstance: initialize_etl_environment.create_transactions_table scheduled__2024-07-02T00:00:00+00:00 [queued]>
[2024-07-06T17:55:59.228+0000] {taskinstance.py:1308} INFO - Starting attempt 2 of 3
[2024-07-06T17:55:59.232+0000] {taskinstance.py:1327} INFO - Executing <Task(PostgresOperator): create_transactions_table> on 2024-07-02 00:00:00+00:00
[2024-07-06T17:55:59.233+0000] {standard_task_runner.py:57} INFO - Started process 153 to run task
[2024-07-06T17:55:59.234+0000] {standard_task_runner.py:84} INFO - Running: ['airflow', 'tasks', 'run', 'initialize_etl_environment', 'create_transactions_table', 'scheduled__2024-07-02T00:00:00+00:00', '--job-id', '795', '--raw', '--subdir', 'DAGS_FOLDER/etl_env_init.py', '--cfg-path', '/tmp/tmp_01ub1i8']
[2024-07-06T17:55:59.235+0000] {standard_task_runner.py:85} INFO - Job 795: Subtask create_transactions_table
[2024-07-06T17:55:59.255+0000] {task_command.py:410} INFO - Running <TaskInstance: initialize_etl_environment.create_transactions_table scheduled__2024-07-02T00:00:00+00:00 [running]> on host f6bf59d3e65b
[2024-07-06T17:55:59.286+0000] {taskinstance.py:1545} INFO - Exporting env vars: AIRFLOW_CTX_DAG_EMAIL='airflow@example.com' AIRFLOW_CTX_DAG_OWNER='airflow' AIRFLOW_CTX_DAG_ID='initialize_etl_environment' AIRFLOW_CTX_TASK_ID='create_transactions_table' AIRFLOW_CTX_EXECUTION_DATE='2024-07-02T00:00:00+00:00' AIRFLOW_CTX_TRY_NUMBER='2' AIRFLOW_CTX_DAG_RUN_ID='scheduled__2024-07-02T00:00:00+00:00'
[2024-07-06T17:55:59.286+0000] {sql.py:262} INFO - Executing: 
    CREATE TABLE IF NOT EXISTS raw.transactions (
        transaction_id INT PRIMARY KEY,
        timestamp TIMESTAMP NOT NULL,
        product_id INT,
        user_id INT REFERENCES raw.users(user_id),
        payment_method VARCHAR(50),
        transaction_type INT,
        created_at TIMESTAMP
    );
        
    
[2024-07-06T17:55:59.289+0000] {base.py:73} INFO - Using connection ID 'company_dw' for task execution.
[2024-07-06T17:55:59.309+0000] {base.py:73} INFO - Using connection ID 'company_dw' for task execution.
[2024-07-06T17:55:59.311+0000] {sql.py:375} INFO - Running statement: 
    CREATE TABLE IF NOT EXISTS raw.transactions (
        transaction_id INT PRIMARY KEY,
        timestamp TIMESTAMP NOT NULL,
        product_id INT,
        user_id INT REFERENCES raw.users(user_id),
        payment_method VARCHAR(50),
        transaction_type INT,
        created_at TIMESTAMP
    );
        
    , parameters: None
[2024-07-06T17:55:59.321+0000] {taskinstance.py:1345} INFO - Marking task as SUCCESS. dag_id=initialize_etl_environment, task_id=create_transactions_table, execution_date=20240702T000000, start_date=20240706T175559, end_date=20240706T175559
[2024-07-06T17:55:59.336+0000] {local_task_job_runner.py:225} INFO - Task exited with return code 0
[2024-07-06T17:55:59.344+0000] {taskinstance.py:2651} INFO - 0 downstream tasks scheduled from follow-on schedule check
