[2024-06-27T22:33:08.505+0000] {local_task_job_runner.py:120} INFO - ::group::Pre task execution logs
[2024-06-27T22:33:08.516+0000] {taskinstance.py:2076} INFO - Dependencies all met for dep_context=non-requeueable deps ti=<TaskInstance: example_dag.generate_and_insert_data scheduled__2023-01-01T01:00:00+00:00 [queued]>
[2024-06-27T22:33:08.518+0000] {taskinstance.py:2076} INFO - Dependencies all met for dep_context=requeueable deps ti=<TaskInstance: example_dag.generate_and_insert_data scheduled__2023-01-01T01:00:00+00:00 [queued]>
[2024-06-27T22:33:08.519+0000] {taskinstance.py:2306} INFO - Starting attempt 1 of 2
[2024-06-27T22:33:08.523+0000] {taskinstance.py:2330} INFO - Executing <Task(PythonOperator): generate_and_insert_data> on 2023-01-01 01:00:00+00:00
[2024-06-27T22:33:08.525+0000] {standard_task_runner.py:63} INFO - Started process 219 to run task
[2024-06-27T22:33:08.526+0000] {standard_task_runner.py:90} INFO - Running: ['airflow', 'tasks', 'run', 'example_dag', 'generate_and_insert_data', 'scheduled__2023-01-01T01:00:00+00:00', '--job-id', '15', '--raw', '--subdir', 'DAGS_FOLDER/example_dag.py', '--cfg-path', '/tmp/tmpr_s2t0z5']
[2024-06-27T22:33:08.527+0000] {standard_task_runner.py:91} INFO - Job 15: Subtask generate_and_insert_data
[2024-06-27T22:33:08.546+0000] {task_command.py:426} INFO - Running <TaskInstance: example_dag.generate_and_insert_data scheduled__2023-01-01T01:00:00+00:00 [running]> on host 9174587f6b1d
[2024-06-27T22:33:08.579+0000] {taskinstance.py:2648} INFO - Exporting env vars: AIRFLOW_CTX_DAG_OWNER='airflow' AIRFLOW_CTX_DAG_ID='example_dag' AIRFLOW_CTX_TASK_ID='generate_and_insert_data' AIRFLOW_CTX_EXECUTION_DATE='2023-01-01T01:00:00+00:00' AIRFLOW_CTX_TRY_NUMBER='1' AIRFLOW_CTX_DAG_RUN_ID='scheduled__2023-01-01T01:00:00+00:00'
[2024-06-27T22:33:08.580+0000] {taskinstance.py:430} INFO - ::endgroup::
[2024-06-27T22:33:08.584+0000] {python.py:237} INFO - Done. Returned value was: None
[2024-06-27T22:33:08.585+0000] {taskinstance.py:441} INFO - ::group::Post task execution logs
[2024-06-27T22:33:08.589+0000] {taskinstance.py:1206} INFO - Marking task as SUCCESS. dag_id=example_dag, task_id=generate_and_insert_data, run_id=scheduled__2023-01-01T01:00:00+00:00, execution_date=20230101T010000, start_date=20240627T223308, end_date=20240627T223308
[2024-06-27T22:33:08.630+0000] {local_task_job_runner.py:240} INFO - Task exited with return code 0
[2024-06-27T22:33:08.637+0000] {taskinstance.py:3503} INFO - 0 downstream tasks scheduled from follow-on schedule check
[2024-06-27T22:33:08.638+0000] {local_task_job_runner.py:222} INFO - ::endgroup::
[2024-06-27T22:51:58.613+0000] {local_task_job_runner.py:120} INFO - ::group::Pre task execution logs
[2024-06-27T22:51:58.624+0000] {taskinstance.py:2076} INFO - Dependencies all met for dep_context=non-requeueable deps ti=<TaskInstance: example_dag.generate_and_insert_data scheduled__2023-01-01T01:00:00+00:00 [queued]>
[2024-06-27T22:51:58.627+0000] {taskinstance.py:2076} INFO - Dependencies all met for dep_context=requeueable deps ti=<TaskInstance: example_dag.generate_and_insert_data scheduled__2023-01-01T01:00:00+00:00 [queued]>
[2024-06-27T22:51:58.627+0000] {taskinstance.py:2306} INFO - Starting attempt 1 of 2
[2024-06-27T22:51:58.631+0000] {taskinstance.py:2330} INFO - Executing <Task(PythonOperator): generate_and_insert_data> on 2023-01-01 01:00:00+00:00
[2024-06-27T22:51:58.633+0000] {standard_task_runner.py:63} INFO - Started process 219 to run task
[2024-06-27T22:51:58.634+0000] {standard_task_runner.py:90} INFO - Running: ['airflow', 'tasks', 'run', 'example_dag', 'generate_and_insert_data', 'scheduled__2023-01-01T01:00:00+00:00', '--job-id', '15', '--raw', '--subdir', 'DAGS_FOLDER/example_dag.py', '--cfg-path', '/tmp/tmpu3vtlqk3']
[2024-06-27T22:51:58.634+0000] {standard_task_runner.py:91} INFO - Job 15: Subtask generate_and_insert_data
[2024-06-27T22:51:58.651+0000] {task_command.py:426} INFO - Running <TaskInstance: example_dag.generate_and_insert_data scheduled__2023-01-01T01:00:00+00:00 [running]> on host a70edf9d8581
[2024-06-27T22:51:58.678+0000] {taskinstance.py:2648} INFO - Exporting env vars: AIRFLOW_CTX_DAG_OWNER='airflow' AIRFLOW_CTX_DAG_ID='example_dag' AIRFLOW_CTX_TASK_ID='generate_and_insert_data' AIRFLOW_CTX_EXECUTION_DATE='2023-01-01T01:00:00+00:00' AIRFLOW_CTX_TRY_NUMBER='1' AIRFLOW_CTX_DAG_RUN_ID='scheduled__2023-01-01T01:00:00+00:00'
[2024-06-27T22:51:58.678+0000] {taskinstance.py:430} INFO - ::endgroup::
[2024-06-27T22:51:58.682+0000] {python.py:237} INFO - Done. Returned value was: None
[2024-06-27T22:51:58.683+0000] {taskinstance.py:441} INFO - ::group::Post task execution logs
[2024-06-27T22:51:58.687+0000] {taskinstance.py:1206} INFO - Marking task as SUCCESS. dag_id=example_dag, task_id=generate_and_insert_data, run_id=scheduled__2023-01-01T01:00:00+00:00, execution_date=20230101T010000, start_date=20240627T225158, end_date=20240627T225158
[2024-06-27T22:51:58.691+0000] {local_task_job_runner.py:240} INFO - Task exited with return code 0
[2024-06-27T22:51:58.697+0000] {taskinstance.py:3503} INFO - 0 downstream tasks scheduled from follow-on schedule check
[2024-06-27T22:51:58.697+0000] {local_task_job_runner.py:222} INFO - ::endgroup::
[2024-06-27T22:59:42.139+0000] {local_task_job_runner.py:120} INFO - ::group::Pre task execution logs
[2024-06-27T22:59:42.149+0000] {taskinstance.py:2076} INFO - Dependencies all met for dep_context=non-requeueable deps ti=<TaskInstance: example_dag.generate_and_insert_data scheduled__2023-01-01T01:00:00+00:00 [queued]>
[2024-06-27T22:59:42.151+0000] {taskinstance.py:2076} INFO - Dependencies all met for dep_context=requeueable deps ti=<TaskInstance: example_dag.generate_and_insert_data scheduled__2023-01-01T01:00:00+00:00 [queued]>
[2024-06-27T22:59:42.151+0000] {taskinstance.py:2306} INFO - Starting attempt 1 of 2
[2024-06-27T22:59:42.155+0000] {taskinstance.py:2330} INFO - Executing <Task(PythonOperator): generate_and_insert_data> on 2023-01-01 01:00:00+00:00
[2024-06-27T22:59:42.157+0000] {standard_task_runner.py:63} INFO - Started process 219 to run task
[2024-06-27T22:59:42.158+0000] {standard_task_runner.py:90} INFO - Running: ['airflow', 'tasks', 'run', 'example_dag', 'generate_and_insert_data', 'scheduled__2023-01-01T01:00:00+00:00', '--job-id', '15', '--raw', '--subdir', 'DAGS_FOLDER/example_dag.py', '--cfg-path', '/tmp/tmppait6qbn']
[2024-06-27T22:59:42.159+0000] {standard_task_runner.py:91} INFO - Job 15: Subtask generate_and_insert_data
[2024-06-27T22:59:42.175+0000] {task_command.py:426} INFO - Running <TaskInstance: example_dag.generate_and_insert_data scheduled__2023-01-01T01:00:00+00:00 [running]> on host 5cc71d4b298c
[2024-06-27T22:59:42.203+0000] {taskinstance.py:2648} INFO - Exporting env vars: AIRFLOW_CTX_DAG_OWNER='airflow' AIRFLOW_CTX_DAG_ID='example_dag' AIRFLOW_CTX_TASK_ID='generate_and_insert_data' AIRFLOW_CTX_EXECUTION_DATE='2023-01-01T01:00:00+00:00' AIRFLOW_CTX_TRY_NUMBER='1' AIRFLOW_CTX_DAG_RUN_ID='scheduled__2023-01-01T01:00:00+00:00'
[2024-06-27T22:59:42.203+0000] {taskinstance.py:430} INFO - ::endgroup::
[2024-06-27T22:59:42.207+0000] {python.py:237} INFO - Done. Returned value was: None
[2024-06-27T22:59:42.207+0000] {taskinstance.py:441} INFO - ::group::Post task execution logs
[2024-06-27T22:59:42.211+0000] {taskinstance.py:1206} INFO - Marking task as SUCCESS. dag_id=example_dag, task_id=generate_and_insert_data, run_id=scheduled__2023-01-01T01:00:00+00:00, execution_date=20230101T010000, start_date=20240627T225942, end_date=20240627T225942
[2024-06-27T22:59:42.217+0000] {local_task_job_runner.py:240} INFO - Task exited with return code 0
[2024-06-27T22:59:42.223+0000] {taskinstance.py:3503} INFO - 0 downstream tasks scheduled from follow-on schedule check
[2024-06-27T22:59:42.223+0000] {local_task_job_runner.py:222} INFO - ::endgroup::
[2024-06-27T23:09:21.461+0000] {local_task_job_runner.py:120} INFO - ::group::Pre task execution logs
[2024-06-27T23:09:21.471+0000] {taskinstance.py:2076} INFO - Dependencies all met for dep_context=non-requeueable deps ti=<TaskInstance: example_dag.generate_and_insert_data scheduled__2023-01-01T01:00:00+00:00 [queued]>
[2024-06-27T23:09:21.473+0000] {taskinstance.py:2076} INFO - Dependencies all met for dep_context=requeueable deps ti=<TaskInstance: example_dag.generate_and_insert_data scheduled__2023-01-01T01:00:00+00:00 [queued]>
[2024-06-27T23:09:21.473+0000] {taskinstance.py:2306} INFO - Starting attempt 1 of 2
[2024-06-27T23:09:21.477+0000] {taskinstance.py:2330} INFO - Executing <Task(PythonOperator): generate_and_insert_data> on 2023-01-01 01:00:00+00:00
[2024-06-27T23:09:21.479+0000] {standard_task_runner.py:63} INFO - Started process 219 to run task
[2024-06-27T23:09:21.480+0000] {standard_task_runner.py:90} INFO - Running: ['airflow', 'tasks', 'run', 'example_dag', 'generate_and_insert_data', 'scheduled__2023-01-01T01:00:00+00:00', '--job-id', '15', '--raw', '--subdir', 'DAGS_FOLDER/example_dag.py', '--cfg-path', '/tmp/tmp3_3z3xgu']
[2024-06-27T23:09:21.481+0000] {standard_task_runner.py:91} INFO - Job 15: Subtask generate_and_insert_data
[2024-06-27T23:09:21.497+0000] {task_command.py:426} INFO - Running <TaskInstance: example_dag.generate_and_insert_data scheduled__2023-01-01T01:00:00+00:00 [running]> on host 7147f8a4dc9f
[2024-06-27T23:09:21.524+0000] {taskinstance.py:2648} INFO - Exporting env vars: AIRFLOW_CTX_DAG_OWNER='airflow' AIRFLOW_CTX_DAG_ID='example_dag' AIRFLOW_CTX_TASK_ID='generate_and_insert_data' AIRFLOW_CTX_EXECUTION_DATE='2023-01-01T01:00:00+00:00' AIRFLOW_CTX_TRY_NUMBER='1' AIRFLOW_CTX_DAG_RUN_ID='scheduled__2023-01-01T01:00:00+00:00'
[2024-06-27T23:09:21.525+0000] {taskinstance.py:430} INFO - ::endgroup::
[2024-06-27T23:09:21.529+0000] {python.py:237} INFO - Done. Returned value was: None
[2024-06-27T23:09:21.529+0000] {taskinstance.py:441} INFO - ::group::Post task execution logs
[2024-06-27T23:09:21.533+0000] {taskinstance.py:1206} INFO - Marking task as SUCCESS. dag_id=example_dag, task_id=generate_and_insert_data, run_id=scheduled__2023-01-01T01:00:00+00:00, execution_date=20230101T010000, start_date=20240627T230921, end_date=20240627T230921
[2024-06-27T23:09:21.545+0000] {local_task_job_runner.py:240} INFO - Task exited with return code 0
[2024-06-27T23:09:21.551+0000] {taskinstance.py:3503} INFO - 0 downstream tasks scheduled from follow-on schedule check
[2024-06-27T23:09:21.552+0000] {local_task_job_runner.py:222} INFO - ::endgroup::
[2024-06-27T23:12:59.472+0000] {local_task_job_runner.py:120} INFO - ::group::Pre task execution logs
[2024-06-27T23:12:59.482+0000] {taskinstance.py:2076} INFO - Dependencies all met for dep_context=non-requeueable deps ti=<TaskInstance: example_dag.generate_and_insert_data scheduled__2023-01-01T01:00:00+00:00 [queued]>
[2024-06-27T23:12:59.484+0000] {taskinstance.py:2076} INFO - Dependencies all met for dep_context=requeueable deps ti=<TaskInstance: example_dag.generate_and_insert_data scheduled__2023-01-01T01:00:00+00:00 [queued]>
[2024-06-27T23:12:59.484+0000] {taskinstance.py:2306} INFO - Starting attempt 1 of 2
[2024-06-27T23:12:59.489+0000] {taskinstance.py:2330} INFO - Executing <Task(PythonOperator): generate_and_insert_data> on 2023-01-01 01:00:00+00:00
[2024-06-27T23:12:59.490+0000] {standard_task_runner.py:63} INFO - Started process 219 to run task
[2024-06-27T23:12:59.491+0000] {standard_task_runner.py:90} INFO - Running: ['airflow', 'tasks', 'run', 'example_dag', 'generate_and_insert_data', 'scheduled__2023-01-01T01:00:00+00:00', '--job-id', '15', '--raw', '--subdir', 'DAGS_FOLDER/example_dag.py', '--cfg-path', '/tmp/tmptaxqnwt7']
[2024-06-27T23:12:59.492+0000] {standard_task_runner.py:91} INFO - Job 15: Subtask generate_and_insert_data
[2024-06-27T23:12:59.507+0000] {task_command.py:426} INFO - Running <TaskInstance: example_dag.generate_and_insert_data scheduled__2023-01-01T01:00:00+00:00 [running]> on host 4bd55eb76a74
[2024-06-27T23:12:59.535+0000] {taskinstance.py:2648} INFO - Exporting env vars: AIRFLOW_CTX_DAG_OWNER='airflow' AIRFLOW_CTX_DAG_ID='example_dag' AIRFLOW_CTX_TASK_ID='generate_and_insert_data' AIRFLOW_CTX_EXECUTION_DATE='2023-01-01T01:00:00+00:00' AIRFLOW_CTX_TRY_NUMBER='1' AIRFLOW_CTX_DAG_RUN_ID='scheduled__2023-01-01T01:00:00+00:00'
[2024-06-27T23:12:59.535+0000] {taskinstance.py:430} INFO - ::endgroup::
[2024-06-27T23:12:59.540+0000] {python.py:237} INFO - Done. Returned value was: None
[2024-06-27T23:12:59.540+0000] {taskinstance.py:441} INFO - ::group::Post task execution logs
[2024-06-27T23:12:59.544+0000] {taskinstance.py:1206} INFO - Marking task as SUCCESS. dag_id=example_dag, task_id=generate_and_insert_data, run_id=scheduled__2023-01-01T01:00:00+00:00, execution_date=20230101T010000, start_date=20240627T231259, end_date=20240627T231259
[2024-06-27T23:12:59.553+0000] {local_task_job_runner.py:240} INFO - Task exited with return code 0
[2024-06-27T23:12:59.559+0000] {taskinstance.py:3503} INFO - 0 downstream tasks scheduled from follow-on schedule check
[2024-06-27T23:12:59.560+0000] {local_task_job_runner.py:222} INFO - ::endgroup::
[2024-06-27T23:18:53.567+0000] {local_task_job_runner.py:120} INFO - ::group::Pre task execution logs
[2024-06-27T23:18:53.579+0000] {taskinstance.py:2076} INFO - Dependencies all met for dep_context=non-requeueable deps ti=<TaskInstance: example_dag.generate_and_insert_data scheduled__2023-01-01T01:00:00+00:00 [queued]>
[2024-06-27T23:18:53.582+0000] {taskinstance.py:2076} INFO - Dependencies all met for dep_context=requeueable deps ti=<TaskInstance: example_dag.generate_and_insert_data scheduled__2023-01-01T01:00:00+00:00 [queued]>
[2024-06-27T23:18:53.582+0000] {taskinstance.py:2306} INFO - Starting attempt 1 of 2
[2024-06-27T23:18:53.587+0000] {taskinstance.py:2330} INFO - Executing <Task(PythonOperator): generate_and_insert_data> on 2023-01-01 01:00:00+00:00
[2024-06-27T23:18:53.589+0000] {standard_task_runner.py:63} INFO - Started process 219 to run task
[2024-06-27T23:18:53.590+0000] {standard_task_runner.py:90} INFO - Running: ['airflow', 'tasks', 'run', 'example_dag', 'generate_and_insert_data', 'scheduled__2023-01-01T01:00:00+00:00', '--job-id', '15', '--raw', '--subdir', 'DAGS_FOLDER/example_dag.py', '--cfg-path', '/tmp/tmpvapg5t51']
[2024-06-27T23:18:53.591+0000] {standard_task_runner.py:91} INFO - Job 15: Subtask generate_and_insert_data
[2024-06-27T23:18:53.607+0000] {task_command.py:426} INFO - Running <TaskInstance: example_dag.generate_and_insert_data scheduled__2023-01-01T01:00:00+00:00 [running]> on host 73964f870a02
[2024-06-27T23:18:53.637+0000] {taskinstance.py:2648} INFO - Exporting env vars: AIRFLOW_CTX_DAG_OWNER='airflow' AIRFLOW_CTX_DAG_ID='example_dag' AIRFLOW_CTX_TASK_ID='generate_and_insert_data' AIRFLOW_CTX_EXECUTION_DATE='2023-01-01T01:00:00+00:00' AIRFLOW_CTX_TRY_NUMBER='1' AIRFLOW_CTX_DAG_RUN_ID='scheduled__2023-01-01T01:00:00+00:00'
[2024-06-27T23:18:53.637+0000] {taskinstance.py:430} INFO - ::endgroup::
[2024-06-27T23:18:53.642+0000] {python.py:237} INFO - Done. Returned value was: None
[2024-06-27T23:18:53.642+0000] {taskinstance.py:441} INFO - ::group::Post task execution logs
[2024-06-27T23:18:53.646+0000] {taskinstance.py:1206} INFO - Marking task as SUCCESS. dag_id=example_dag, task_id=generate_and_insert_data, run_id=scheduled__2023-01-01T01:00:00+00:00, execution_date=20230101T010000, start_date=20240627T231853, end_date=20240627T231853
[2024-06-27T23:18:53.692+0000] {local_task_job_runner.py:240} INFO - Task exited with return code 0
[2024-06-27T23:18:53.699+0000] {taskinstance.py:3503} INFO - 0 downstream tasks scheduled from follow-on schedule check
[2024-06-27T23:18:53.700+0000] {local_task_job_runner.py:222} INFO - ::endgroup::
[2024-06-28T18:13:16.966+0000] {local_task_job_runner.py:120} INFO - ::group::Pre task execution logs
[2024-06-28T18:13:16.976+0000] {taskinstance.py:2076} INFO - Dependencies all met for dep_context=non-requeueable deps ti=<TaskInstance: example_dag.generate_and_insert_data scheduled__2023-01-01T01:00:00+00:00 [queued]>
[2024-06-28T18:13:16.978+0000] {taskinstance.py:2076} INFO - Dependencies all met for dep_context=requeueable deps ti=<TaskInstance: example_dag.generate_and_insert_data scheduled__2023-01-01T01:00:00+00:00 [queued]>
[2024-06-28T18:13:16.978+0000] {taskinstance.py:2306} INFO - Starting attempt 1 of 2
[2024-06-28T18:13:16.983+0000] {taskinstance.py:2330} INFO - Executing <Task(PythonOperator): generate_and_insert_data> on 2023-01-01 01:00:00+00:00
[2024-06-28T18:13:16.984+0000] {standard_task_runner.py:63} INFO - Started process 219 to run task
[2024-06-28T18:13:16.985+0000] {standard_task_runner.py:90} INFO - Running: ['airflow', 'tasks', 'run', 'example_dag', 'generate_and_insert_data', 'scheduled__2023-01-01T01:00:00+00:00', '--job-id', '15', '--raw', '--subdir', 'DAGS_FOLDER/example_dag.py', '--cfg-path', '/tmp/tmpdq3sj1wm']
[2024-06-28T18:13:16.986+0000] {standard_task_runner.py:91} INFO - Job 15: Subtask generate_and_insert_data
[2024-06-28T18:13:17.003+0000] {task_command.py:426} INFO - Running <TaskInstance: example_dag.generate_and_insert_data scheduled__2023-01-01T01:00:00+00:00 [running]> on host 08cefd381a1f
[2024-06-28T18:13:17.031+0000] {taskinstance.py:2648} INFO - Exporting env vars: AIRFLOW_CTX_DAG_OWNER='airflow' AIRFLOW_CTX_DAG_ID='example_dag' AIRFLOW_CTX_TASK_ID='generate_and_insert_data' AIRFLOW_CTX_EXECUTION_DATE='2023-01-01T01:00:00+00:00' AIRFLOW_CTX_TRY_NUMBER='1' AIRFLOW_CTX_DAG_RUN_ID='scheduled__2023-01-01T01:00:00+00:00'
[2024-06-28T18:13:17.031+0000] {taskinstance.py:430} INFO - ::endgroup::
[2024-06-28T18:13:17.035+0000] {python.py:237} INFO - Done. Returned value was: None
[2024-06-28T18:13:17.035+0000] {taskinstance.py:441} INFO - ::group::Post task execution logs
[2024-06-28T18:13:17.039+0000] {taskinstance.py:1206} INFO - Marking task as SUCCESS. dag_id=example_dag, task_id=generate_and_insert_data, run_id=scheduled__2023-01-01T01:00:00+00:00, execution_date=20230101T010000, start_date=20240628T181316, end_date=20240628T181317
[2024-06-28T18:13:17.087+0000] {local_task_job_runner.py:240} INFO - Task exited with return code 0
[2024-06-28T18:13:17.094+0000] {taskinstance.py:3503} INFO - 0 downstream tasks scheduled from follow-on schedule check
[2024-06-28T18:13:17.095+0000] {local_task_job_runner.py:222} INFO - ::endgroup::
[2024-06-28T18:20:31.455+0000] {local_task_job_runner.py:120} INFO - ::group::Pre task execution logs
[2024-06-28T18:20:31.464+0000] {taskinstance.py:2076} INFO - Dependencies all met for dep_context=non-requeueable deps ti=<TaskInstance: example_dag.generate_and_insert_data scheduled__2023-01-01T01:00:00+00:00 [queued]>
[2024-06-28T18:20:31.467+0000] {taskinstance.py:2076} INFO - Dependencies all met for dep_context=requeueable deps ti=<TaskInstance: example_dag.generate_and_insert_data scheduled__2023-01-01T01:00:00+00:00 [queued]>
[2024-06-28T18:20:31.467+0000] {taskinstance.py:2306} INFO - Starting attempt 1 of 2
[2024-06-28T18:20:31.471+0000] {taskinstance.py:2330} INFO - Executing <Task(PythonOperator): generate_and_insert_data> on 2023-01-01 01:00:00+00:00
[2024-06-28T18:20:31.473+0000] {standard_task_runner.py:63} INFO - Started process 219 to run task
[2024-06-28T18:20:31.474+0000] {standard_task_runner.py:90} INFO - Running: ['airflow', 'tasks', 'run', 'example_dag', 'generate_and_insert_data', 'scheduled__2023-01-01T01:00:00+00:00', '--job-id', '15', '--raw', '--subdir', 'DAGS_FOLDER/example_dag.py', '--cfg-path', '/tmp/tmpyn5sxqul']
[2024-06-28T18:20:31.475+0000] {standard_task_runner.py:91} INFO - Job 15: Subtask generate_and_insert_data
[2024-06-28T18:20:31.491+0000] {task_command.py:426} INFO - Running <TaskInstance: example_dag.generate_and_insert_data scheduled__2023-01-01T01:00:00+00:00 [running]> on host 6570e5857071
[2024-06-28T18:20:31.519+0000] {taskinstance.py:2648} INFO - Exporting env vars: AIRFLOW_CTX_DAG_OWNER='airflow' AIRFLOW_CTX_DAG_ID='example_dag' AIRFLOW_CTX_TASK_ID='generate_and_insert_data' AIRFLOW_CTX_EXECUTION_DATE='2023-01-01T01:00:00+00:00' AIRFLOW_CTX_TRY_NUMBER='1' AIRFLOW_CTX_DAG_RUN_ID='scheduled__2023-01-01T01:00:00+00:00'
[2024-06-28T18:20:31.519+0000] {taskinstance.py:430} INFO - ::endgroup::
[2024-06-28T18:20:31.523+0000] {python.py:237} INFO - Done. Returned value was: None
[2024-06-28T18:20:31.523+0000] {taskinstance.py:441} INFO - ::group::Post task execution logs
[2024-06-28T18:20:31.528+0000] {taskinstance.py:1206} INFO - Marking task as SUCCESS. dag_id=example_dag, task_id=generate_and_insert_data, run_id=scheduled__2023-01-01T01:00:00+00:00, execution_date=20230101T010000, start_date=20240628T182031, end_date=20240628T182031
[2024-06-28T18:20:31.535+0000] {local_task_job_runner.py:240} INFO - Task exited with return code 0
[2024-06-28T18:20:31.541+0000] {taskinstance.py:3503} INFO - 0 downstream tasks scheduled from follow-on schedule check
[2024-06-28T18:20:31.542+0000] {local_task_job_runner.py:222} INFO - ::endgroup::
[2024-06-28T18:30:33.373+0000] {local_task_job_runner.py:120} INFO - ::group::Pre task execution logs
[2024-06-28T18:30:33.383+0000] {taskinstance.py:2076} INFO - Dependencies all met for dep_context=non-requeueable deps ti=<TaskInstance: example_dag.generate_and_insert_data scheduled__2023-01-01T01:00:00+00:00 [queued]>
[2024-06-28T18:30:33.386+0000] {taskinstance.py:2076} INFO - Dependencies all met for dep_context=requeueable deps ti=<TaskInstance: example_dag.generate_and_insert_data scheduled__2023-01-01T01:00:00+00:00 [queued]>
[2024-06-28T18:30:33.386+0000] {taskinstance.py:2306} INFO - Starting attempt 1 of 2
[2024-06-28T18:30:33.390+0000] {taskinstance.py:2330} INFO - Executing <Task(PythonOperator): generate_and_insert_data> on 2023-01-01 01:00:00+00:00
[2024-06-28T18:30:33.391+0000] {standard_task_runner.py:63} INFO - Started process 219 to run task
[2024-06-28T18:30:33.392+0000] {standard_task_runner.py:90} INFO - Running: ['airflow', 'tasks', 'run', 'example_dag', 'generate_and_insert_data', 'scheduled__2023-01-01T01:00:00+00:00', '--job-id', '15', '--raw', '--subdir', 'DAGS_FOLDER/example_dag.py', '--cfg-path', '/tmp/tmpv1zrxgfr']
[2024-06-28T18:30:33.393+0000] {standard_task_runner.py:91} INFO - Job 15: Subtask generate_and_insert_data
[2024-06-28T18:30:33.408+0000] {task_command.py:426} INFO - Running <TaskInstance: example_dag.generate_and_insert_data scheduled__2023-01-01T01:00:00+00:00 [running]> on host 50bf780463b8
[2024-06-28T18:30:33.436+0000] {taskinstance.py:2648} INFO - Exporting env vars: AIRFLOW_CTX_DAG_OWNER='airflow' AIRFLOW_CTX_DAG_ID='example_dag' AIRFLOW_CTX_TASK_ID='generate_and_insert_data' AIRFLOW_CTX_EXECUTION_DATE='2023-01-01T01:00:00+00:00' AIRFLOW_CTX_TRY_NUMBER='1' AIRFLOW_CTX_DAG_RUN_ID='scheduled__2023-01-01T01:00:00+00:00'
[2024-06-28T18:30:33.437+0000] {taskinstance.py:430} INFO - ::endgroup::
[2024-06-28T18:30:33.441+0000] {python.py:237} INFO - Done. Returned value was: None
[2024-06-28T18:30:33.441+0000] {taskinstance.py:441} INFO - ::group::Post task execution logs
[2024-06-28T18:30:33.445+0000] {taskinstance.py:1206} INFO - Marking task as SUCCESS. dag_id=example_dag, task_id=generate_and_insert_data, run_id=scheduled__2023-01-01T01:00:00+00:00, execution_date=20230101T010000, start_date=20240628T183033, end_date=20240628T183033
[2024-06-28T18:30:33.452+0000] {local_task_job_runner.py:240} INFO - Task exited with return code 0
[2024-06-28T18:30:33.458+0000] {taskinstance.py:3503} INFO - 0 downstream tasks scheduled from follow-on schedule check
[2024-06-28T18:30:33.458+0000] {local_task_job_runner.py:222} INFO - ::endgroup::
