[2024-06-27T22:35:13.505+0000] {local_task_job_runner.py:120} INFO - ::group::Pre task execution logs
[2024-06-27T22:35:13.515+0000] {taskinstance.py:2076} INFO - Dependencies all met for dep_context=non-requeueable deps ti=<TaskInstance: ecomm_data_pipeline.generate_and_insert_data scheduled__2023-01-01T10:50:00+00:00 [queued]>
[2024-06-27T22:35:13.517+0000] {taskinstance.py:2076} INFO - Dependencies all met for dep_context=requeueable deps ti=<TaskInstance: ecomm_data_pipeline.generate_and_insert_data scheduled__2023-01-01T10:50:00+00:00 [queued]>
[2024-06-27T22:35:13.517+0000] {taskinstance.py:2306} INFO - Starting attempt 1 of 2
[2024-06-27T22:35:13.521+0000] {taskinstance.py:2330} INFO - Executing <Task(PythonOperator): generate_and_insert_data> on 2023-01-01 10:50:00+00:00
[2024-06-27T22:35:13.523+0000] {standard_task_runner.py:63} INFO - Started process 1214 to run task
[2024-06-27T22:35:13.524+0000] {standard_task_runner.py:90} INFO - Running: ['airflow', 'tasks', 'run', 'ecomm_data_pipeline', 'generate_and_insert_data', 'scheduled__2023-01-01T10:50:00+00:00', '--job-id', '84', '--raw', '--subdir', 'DAGS_FOLDER/ecomm_dag.py', '--cfg-path', '/tmp/tmp6gm_gq0q']
[2024-06-27T22:35:13.524+0000] {standard_task_runner.py:91} INFO - Job 84: Subtask generate_and_insert_data
[2024-06-27T22:35:13.540+0000] {task_command.py:426} INFO - Running <TaskInstance: ecomm_data_pipeline.generate_and_insert_data scheduled__2023-01-01T10:50:00+00:00 [running]> on host 9174587f6b1d
[2024-06-27T22:35:13.568+0000] {taskinstance.py:2648} INFO - Exporting env vars: AIRFLOW_CTX_DAG_OWNER='airflow' AIRFLOW_CTX_DAG_ID='ecomm_data_pipeline' AIRFLOW_CTX_TASK_ID='generate_and_insert_data' AIRFLOW_CTX_EXECUTION_DATE='2023-01-01T10:50:00+00:00' AIRFLOW_CTX_TRY_NUMBER='1' AIRFLOW_CTX_DAG_RUN_ID='scheduled__2023-01-01T10:50:00+00:00'
[2024-06-27T22:35:13.568+0000] {taskinstance.py:430} INFO - ::endgroup::
[2024-06-27T22:35:13.600+0000] {logging_mixin.py:188} INFO - Error in generate_and_insert_data: Command '['python3', './generator/ecomm_generator.py']' returned non-zero exit status 2.
[2024-06-27T22:35:13.600+0000] {python.py:237} INFO - Done. Returned value was: None
[2024-06-27T22:35:13.600+0000] {taskinstance.py:441} INFO - ::group::Post task execution logs
[2024-06-27T22:35:13.605+0000] {taskinstance.py:1206} INFO - Marking task as SUCCESS. dag_id=ecomm_data_pipeline, task_id=generate_and_insert_data, run_id=scheduled__2023-01-01T10:50:00+00:00, execution_date=20230101T105000, start_date=20240627T223513, end_date=20240627T223513
[2024-06-27T22:35:13.622+0000] {local_task_job_runner.py:240} INFO - Task exited with return code 0
[2024-06-27T22:35:13.629+0000] {taskinstance.py:3503} INFO - 0 downstream tasks scheduled from follow-on schedule check
[2024-06-27T22:35:13.629+0000] {local_task_job_runner.py:222} INFO - ::endgroup::
[2024-06-28T18:16:23.535+0000] {local_task_job_runner.py:120} INFO - ::group::Pre task execution logs
[2024-06-28T18:16:23.546+0000] {taskinstance.py:2076} INFO - Dependencies all met for dep_context=non-requeueable deps ti=<TaskInstance: ecomm_data_pipeline.generate_and_insert_data scheduled__2023-01-01T10:50:00+00:00 [queued]>
[2024-06-28T18:16:23.549+0000] {taskinstance.py:2076} INFO - Dependencies all met for dep_context=requeueable deps ti=<TaskInstance: ecomm_data_pipeline.generate_and_insert_data scheduled__2023-01-01T10:50:00+00:00 [queued]>
[2024-06-28T18:16:23.549+0000] {taskinstance.py:2306} INFO - Starting attempt 1 of 2
[2024-06-28T18:16:23.554+0000] {taskinstance.py:2330} INFO - Executing <Task(PythonOperator): generate_and_insert_data> on 2023-01-01 10:50:00+00:00
[2024-06-28T18:16:23.555+0000] {standard_task_runner.py:63} INFO - Started process 1858 to run task
[2024-06-28T18:16:23.557+0000] {standard_task_runner.py:90} INFO - Running: ['airflow', 'tasks', 'run', 'ecomm_data_pipeline', 'generate_and_insert_data', 'scheduled__2023-01-01T10:50:00+00:00', '--job-id', '132', '--raw', '--subdir', 'DAGS_FOLDER/ecomm_dag.py', '--cfg-path', '/tmp/tmp647n5em7']
[2024-06-28T18:16:23.557+0000] {standard_task_runner.py:91} INFO - Job 132: Subtask generate_and_insert_data
[2024-06-28T18:16:23.574+0000] {task_command.py:426} INFO - Running <TaskInstance: ecomm_data_pipeline.generate_and_insert_data scheduled__2023-01-01T10:50:00+00:00 [running]> on host 08cefd381a1f
[2024-06-28T18:16:23.604+0000] {taskinstance.py:2648} INFO - Exporting env vars: AIRFLOW_CTX_DAG_OWNER='airflow' AIRFLOW_CTX_DAG_ID='ecomm_data_pipeline' AIRFLOW_CTX_TASK_ID='generate_and_insert_data' AIRFLOW_CTX_EXECUTION_DATE='2023-01-01T10:50:00+00:00' AIRFLOW_CTX_TRY_NUMBER='1' AIRFLOW_CTX_DAG_RUN_ID='scheduled__2023-01-01T10:50:00+00:00'
[2024-06-28T18:16:23.604+0000] {taskinstance.py:430} INFO - ::endgroup::
[2024-06-28T18:16:23.663+0000] {logging_mixin.py:188} INFO - Error in generate_and_insert_data: Command '['python3', '/opt/airflow/generator/ecomm_generator.py']' returned non-zero exit status 1.
[2024-06-28T18:16:23.663+0000] {logging_mixin.py:188} INFO - stdout: 
[2024-06-28T18:16:23.663+0000] {logging_mixin.py:188} INFO - stderr: Traceback (most recent call last):
  File "/opt/airflow/generator/ecomm_generator.py", line 4, in <module>
    from faker import Faker
ModuleNotFoundError: No module named 'faker'
[2024-06-28T18:16:23.664+0000] {python.py:237} INFO - Done. Returned value was: None
[2024-06-28T18:16:23.664+0000] {taskinstance.py:441} INFO - ::group::Post task execution logs
[2024-06-28T18:16:23.669+0000] {taskinstance.py:1206} INFO - Marking task as SUCCESS. dag_id=ecomm_data_pipeline, task_id=generate_and_insert_data, run_id=scheduled__2023-01-01T10:50:00+00:00, execution_date=20230101T105000, start_date=20240628T181623, end_date=20240628T181623
[2024-06-28T18:16:23.703+0000] {local_task_job_runner.py:240} INFO - Task exited with return code 0
[2024-06-28T18:16:23.710+0000] {taskinstance.py:3503} INFO - 0 downstream tasks scheduled from follow-on schedule check
[2024-06-28T18:16:23.711+0000] {local_task_job_runner.py:222} INFO - ::endgroup::
[2024-06-29T21:38:38.961+0000] {local_task_job_runner.py:120} INFO - ::group::Pre task execution logs
[2024-06-29T21:38:38.972+0000] {taskinstance.py:2076} INFO - Dependencies all met for dep_context=non-requeueable deps ti=<TaskInstance: ecomm_data_pipeline.generate_and_insert_data scheduled__2023-01-01T10:50:00+00:00 [queued]>
[2024-06-29T21:38:38.974+0000] {taskinstance.py:2076} INFO - Dependencies all met for dep_context=requeueable deps ti=<TaskInstance: ecomm_data_pipeline.generate_and_insert_data scheduled__2023-01-01T10:50:00+00:00 [queued]>
[2024-06-29T21:38:38.974+0000] {taskinstance.py:2306} INFO - Starting attempt 1 of 2
[2024-06-29T21:38:38.979+0000] {taskinstance.py:2330} INFO - Executing <Task(PythonOperator): generate_and_insert_data> on 2023-01-01 10:50:00+00:00
[2024-06-29T21:38:38.980+0000] {standard_task_runner.py:63} INFO - Started process 987 to run task
[2024-06-29T21:38:38.982+0000] {standard_task_runner.py:90} INFO - Running: ['airflow', 'tasks', 'run', 'ecomm_data_pipeline', 'generate_and_insert_data', 'scheduled__2023-01-01T10:50:00+00:00', '--job-id', '67', '--raw', '--subdir', 'DAGS_FOLDER/ecomm_dag.py', '--cfg-path', '/tmp/tmpydwnvdqe']
[2024-06-29T21:38:38.982+0000] {standard_task_runner.py:91} INFO - Job 67: Subtask generate_and_insert_data
[2024-06-29T21:38:38.999+0000] {task_command.py:426} INFO - Running <TaskInstance: ecomm_data_pipeline.generate_and_insert_data scheduled__2023-01-01T10:50:00+00:00 [running]> on host afcb6fbf9265
[2024-06-29T21:38:39.028+0000] {taskinstance.py:2648} INFO - Exporting env vars: AIRFLOW_CTX_DAG_OWNER='airflow' AIRFLOW_CTX_DAG_ID='ecomm_data_pipeline' AIRFLOW_CTX_TASK_ID='generate_and_insert_data' AIRFLOW_CTX_EXECUTION_DATE='2023-01-01T10:50:00+00:00' AIRFLOW_CTX_TRY_NUMBER='1' AIRFLOW_CTX_DAG_RUN_ID='scheduled__2023-01-01T10:50:00+00:00'
[2024-06-29T21:38:39.028+0000] {taskinstance.py:430} INFO - ::endgroup::
[2024-06-29T21:38:39.083+0000] {logging_mixin.py:188} INFO - Error in generate_and_insert_data: Command '['python3', '/opt/airflow/generator/ecomm_generator.py']' returned non-zero exit status 1.
[2024-06-29T21:38:39.084+0000] {logging_mixin.py:188} INFO - stdout: 
[2024-06-29T21:38:39.084+0000] {logging_mixin.py:188} INFO - stderr: Traceback (most recent call last):
  File "/opt/airflow/generator/ecomm_generator.py", line 4, in <module>
    from faker import Faker
ModuleNotFoundError: No module named 'faker'
[2024-06-29T21:38:39.084+0000] {python.py:237} INFO - Done. Returned value was: None
[2024-06-29T21:38:39.084+0000] {taskinstance.py:441} INFO - ::group::Post task execution logs
[2024-06-29T21:38:39.089+0000] {taskinstance.py:1206} INFO - Marking task as SUCCESS. dag_id=ecomm_data_pipeline, task_id=generate_and_insert_data, run_id=scheduled__2023-01-01T10:50:00+00:00, execution_date=20230101T105000, start_date=20240629T213838, end_date=20240629T213839
[2024-06-29T21:38:39.125+0000] {local_task_job_runner.py:240} INFO - Task exited with return code 0
[2024-06-29T21:38:39.132+0000] {taskinstance.py:3503} INFO - 0 downstream tasks scheduled from follow-on schedule check
[2024-06-29T21:38:39.132+0000] {local_task_job_runner.py:222} INFO - ::endgroup::
[2024-06-29T22:02:26.952+0000] {local_task_job_runner.py:120} INFO - ::group::Pre task execution logs
[2024-06-29T22:02:26.962+0000] {taskinstance.py:2076} INFO - Dependencies all met for dep_context=non-requeueable deps ti=<TaskInstance: ecomm_data_pipeline.generate_and_insert_data scheduled__2023-01-01T10:50:00+00:00 [queued]>
[2024-06-29T22:02:26.965+0000] {taskinstance.py:2076} INFO - Dependencies all met for dep_context=requeueable deps ti=<TaskInstance: ecomm_data_pipeline.generate_and_insert_data scheduled__2023-01-01T10:50:00+00:00 [queued]>
[2024-06-29T22:02:26.965+0000] {taskinstance.py:2306} INFO - Starting attempt 1 of 2
[2024-06-29T22:02:26.969+0000] {taskinstance.py:2330} INFO - Executing <Task(PythonOperator): generate_and_insert_data> on 2023-01-01 10:50:00+00:00
[2024-06-29T22:02:26.972+0000] {standard_task_runner.py:63} INFO - Started process 987 to run task
[2024-06-29T22:02:26.973+0000] {standard_task_runner.py:90} INFO - Running: ['airflow', 'tasks', 'run', 'ecomm_data_pipeline', 'generate_and_insert_data', 'scheduled__2023-01-01T10:50:00+00:00', '--job-id', '67', '--raw', '--subdir', 'DAGS_FOLDER/ecomm_dag.py', '--cfg-path', '/tmp/tmptc_wms_h']
[2024-06-29T22:02:26.973+0000] {standard_task_runner.py:91} INFO - Job 67: Subtask generate_and_insert_data
[2024-06-29T22:02:26.991+0000] {task_command.py:426} INFO - Running <TaskInstance: ecomm_data_pipeline.generate_and_insert_data scheduled__2023-01-01T10:50:00+00:00 [running]> on host 799998b0d26e
[2024-06-29T22:02:27.021+0000] {taskinstance.py:2648} INFO - Exporting env vars: AIRFLOW_CTX_DAG_OWNER='airflow' AIRFLOW_CTX_DAG_ID='ecomm_data_pipeline' AIRFLOW_CTX_TASK_ID='generate_and_insert_data' AIRFLOW_CTX_EXECUTION_DATE='2023-01-01T10:50:00+00:00' AIRFLOW_CTX_TRY_NUMBER='1' AIRFLOW_CTX_DAG_RUN_ID='scheduled__2023-01-01T10:50:00+00:00'
[2024-06-29T22:02:27.021+0000] {taskinstance.py:430} INFO - ::endgroup::
[2024-06-29T22:02:27.079+0000] {logging_mixin.py:188} INFO - Error in generate_and_insert_data: Command '['python3', '/opt/airflow/generator/ecomm_generator.py']' returned non-zero exit status 1.
[2024-06-29T22:02:27.079+0000] {logging_mixin.py:188} INFO - stdout: 
[2024-06-29T22:02:27.079+0000] {logging_mixin.py:188} INFO - stderr: Traceback (most recent call last):
  File "/opt/airflow/generator/ecomm_generator.py", line 4, in <module>
    from faker import Faker
ModuleNotFoundError: No module named 'faker'
[2024-06-29T22:02:27.079+0000] {python.py:237} INFO - Done. Returned value was: None
[2024-06-29T22:02:27.080+0000] {taskinstance.py:441} INFO - ::group::Post task execution logs
[2024-06-29T22:02:27.084+0000] {taskinstance.py:1206} INFO - Marking task as SUCCESS. dag_id=ecomm_data_pipeline, task_id=generate_and_insert_data, run_id=scheduled__2023-01-01T10:50:00+00:00, execution_date=20230101T105000, start_date=20240629T220226, end_date=20240629T220227
[2024-06-29T22:02:27.113+0000] {local_task_job_runner.py:240} INFO - Task exited with return code 0
[2024-06-29T22:02:27.120+0000] {taskinstance.py:3503} INFO - 0 downstream tasks scheduled from follow-on schedule check
[2024-06-29T22:02:27.120+0000] {local_task_job_runner.py:222} INFO - ::endgroup::
