[2024-06-27T22:33:50.607+0000] {local_task_job_runner.py:120} INFO - ::group::Pre task execution logs
[2024-06-27T22:33:50.617+0000] {taskinstance.py:2076} INFO - Dependencies all met for dep_context=non-requeueable deps ti=<TaskInstance: ecomm_data_pipeline.generate_and_insert_data scheduled__2023-01-01T03:30:00+00:00 [queued]>
[2024-06-27T22:33:50.620+0000] {taskinstance.py:2076} INFO - Dependencies all met for dep_context=requeueable deps ti=<TaskInstance: ecomm_data_pipeline.generate_and_insert_data scheduled__2023-01-01T03:30:00+00:00 [queued]>
[2024-06-27T22:33:50.620+0000] {taskinstance.py:2306} INFO - Starting attempt 1 of 2
[2024-06-27T22:33:50.624+0000] {taskinstance.py:2330} INFO - Executing <Task(PythonOperator): generate_and_insert_data> on 2023-01-01 03:30:00+00:00
[2024-06-27T22:33:50.626+0000] {standard_task_runner.py:63} INFO - Started process 578 to run task
[2024-06-27T22:33:50.627+0000] {standard_task_runner.py:90} INFO - Running: ['airflow', 'tasks', 'run', 'ecomm_data_pipeline', 'generate_and_insert_data', 'scheduled__2023-01-01T03:30:00+00:00', '--job-id', '40', '--raw', '--subdir', 'DAGS_FOLDER/ecomm_dag.py', '--cfg-path', '/tmp/tmp8hrm97ku']
[2024-06-27T22:33:50.628+0000] {standard_task_runner.py:91} INFO - Job 40: Subtask generate_and_insert_data
[2024-06-27T22:33:50.644+0000] {task_command.py:426} INFO - Running <TaskInstance: ecomm_data_pipeline.generate_and_insert_data scheduled__2023-01-01T03:30:00+00:00 [running]> on host 9174587f6b1d
[2024-06-27T22:33:50.672+0000] {taskinstance.py:2648} INFO - Exporting env vars: AIRFLOW_CTX_DAG_OWNER='airflow' AIRFLOW_CTX_DAG_ID='ecomm_data_pipeline' AIRFLOW_CTX_TASK_ID='generate_and_insert_data' AIRFLOW_CTX_EXECUTION_DATE='2023-01-01T03:30:00+00:00' AIRFLOW_CTX_TRY_NUMBER='1' AIRFLOW_CTX_DAG_RUN_ID='scheduled__2023-01-01T03:30:00+00:00'
[2024-06-27T22:33:50.672+0000] {taskinstance.py:430} INFO - ::endgroup::
[2024-06-27T22:33:50.705+0000] {logging_mixin.py:188} INFO - Error in generate_and_insert_data: Command '['python3', './generator/ecomm_generator.py']' returned non-zero exit status 2.
[2024-06-27T22:33:50.705+0000] {python.py:237} INFO - Done. Returned value was: None
[2024-06-27T22:33:50.705+0000] {taskinstance.py:441} INFO - ::group::Post task execution logs
[2024-06-27T22:33:50.710+0000] {taskinstance.py:1206} INFO - Marking task as SUCCESS. dag_id=ecomm_data_pipeline, task_id=generate_and_insert_data, run_id=scheduled__2023-01-01T03:30:00+00:00, execution_date=20230101T033000, start_date=20240627T223350, end_date=20240627T223350
[2024-06-27T22:33:50.734+0000] {local_task_job_runner.py:240} INFO - Task exited with return code 0
[2024-06-27T22:33:50.741+0000] {taskinstance.py:3503} INFO - 0 downstream tasks scheduled from follow-on schedule check
[2024-06-27T22:33:50.742+0000] {local_task_job_runner.py:222} INFO - ::endgroup::
[2024-06-27T22:52:44.032+0000] {local_task_job_runner.py:120} INFO - ::group::Pre task execution logs
[2024-06-27T22:52:44.042+0000] {taskinstance.py:2076} INFO - Dependencies all met for dep_context=non-requeueable deps ti=<TaskInstance: ecomm_data_pipeline.generate_and_insert_data scheduled__2023-01-01T03:30:00+00:00 [queued]>
[2024-06-27T22:52:44.045+0000] {taskinstance.py:2076} INFO - Dependencies all met for dep_context=requeueable deps ti=<TaskInstance: ecomm_data_pipeline.generate_and_insert_data scheduled__2023-01-01T03:30:00+00:00 [queued]>
[2024-06-27T22:52:44.045+0000] {taskinstance.py:2306} INFO - Starting attempt 1 of 2
[2024-06-27T22:52:44.049+0000] {taskinstance.py:2330} INFO - Executing <Task(PythonOperator): generate_and_insert_data> on 2023-01-01 03:30:00+00:00
[2024-06-27T22:52:44.051+0000] {standard_task_runner.py:63} INFO - Started process 630 to run task
[2024-06-27T22:52:44.052+0000] {standard_task_runner.py:90} INFO - Running: ['airflow', 'tasks', 'run', 'ecomm_data_pipeline', 'generate_and_insert_data', 'scheduled__2023-01-01T03:30:00+00:00', '--job-id', '44', '--raw', '--subdir', 'DAGS_FOLDER/ecomm_dag.py', '--cfg-path', '/tmp/tmp55j3r6hd']
[2024-06-27T22:52:44.052+0000] {standard_task_runner.py:91} INFO - Job 44: Subtask generate_and_insert_data
[2024-06-27T22:52:44.069+0000] {task_command.py:426} INFO - Running <TaskInstance: ecomm_data_pipeline.generate_and_insert_data scheduled__2023-01-01T03:30:00+00:00 [running]> on host a70edf9d8581
[2024-06-27T22:52:44.097+0000] {taskinstance.py:2648} INFO - Exporting env vars: AIRFLOW_CTX_DAG_OWNER='airflow' AIRFLOW_CTX_DAG_ID='ecomm_data_pipeline' AIRFLOW_CTX_TASK_ID='generate_and_insert_data' AIRFLOW_CTX_EXECUTION_DATE='2023-01-01T03:30:00+00:00' AIRFLOW_CTX_TRY_NUMBER='1' AIRFLOW_CTX_DAG_RUN_ID='scheduled__2023-01-01T03:30:00+00:00'
[2024-06-27T22:52:44.097+0000] {taskinstance.py:430} INFO - ::endgroup::
[2024-06-27T22:52:44.129+0000] {logging_mixin.py:188} INFO - Error in generate_and_insert_data: Command '['python3', './generator/ecomm_generator.py']' returned non-zero exit status 2.
[2024-06-27T22:52:44.129+0000] {logging_mixin.py:188} INFO - stdout: 
[2024-06-27T22:52:44.130+0000] {logging_mixin.py:188} INFO - stderr: python3: can't open file '/opt/airflow/./generator/ecomm_generator.py': [Errno 2] No such file or directory
[2024-06-27T22:52:44.130+0000] {python.py:237} INFO - Done. Returned value was: None
[2024-06-27T22:52:44.130+0000] {taskinstance.py:441} INFO - ::group::Post task execution logs
[2024-06-27T22:52:44.134+0000] {taskinstance.py:1206} INFO - Marking task as SUCCESS. dag_id=ecomm_data_pipeline, task_id=generate_and_insert_data, run_id=scheduled__2023-01-01T03:30:00+00:00, execution_date=20230101T033000, start_date=20240627T225244, end_date=20240627T225244
[2024-06-27T22:52:44.150+0000] {local_task_job_runner.py:240} INFO - Task exited with return code 0
[2024-06-27T22:52:44.157+0000] {taskinstance.py:3503} INFO - 0 downstream tasks scheduled from follow-on schedule check
[2024-06-27T22:52:44.157+0000] {local_task_job_runner.py:222} INFO - ::endgroup::
[2024-06-27T23:00:23.999+0000] {local_task_job_runner.py:120} INFO - ::group::Pre task execution logs
[2024-06-27T23:00:24.009+0000] {taskinstance.py:2076} INFO - Dependencies all met for dep_context=non-requeueable deps ti=<TaskInstance: ecomm_data_pipeline.generate_and_insert_data scheduled__2023-01-01T03:30:00+00:00 [queued]>
[2024-06-27T23:00:24.011+0000] {taskinstance.py:2076} INFO - Dependencies all met for dep_context=requeueable deps ti=<TaskInstance: ecomm_data_pipeline.generate_and_insert_data scheduled__2023-01-01T03:30:00+00:00 [queued]>
[2024-06-27T23:00:24.011+0000] {taskinstance.py:2306} INFO - Starting attempt 1 of 2
[2024-06-27T23:00:24.016+0000] {taskinstance.py:2330} INFO - Executing <Task(PythonOperator): generate_and_insert_data> on 2023-01-01 03:30:00+00:00
[2024-06-27T23:00:24.018+0000] {standard_task_runner.py:63} INFO - Started process 565 to run task
[2024-06-27T23:00:24.019+0000] {standard_task_runner.py:90} INFO - Running: ['airflow', 'tasks', 'run', 'ecomm_data_pipeline', 'generate_and_insert_data', 'scheduled__2023-01-01T03:30:00+00:00', '--job-id', '39', '--raw', '--subdir', 'DAGS_FOLDER/ecomm_dag.py', '--cfg-path', '/tmp/tmptd4ztwuk']
[2024-06-27T23:00:24.019+0000] {standard_task_runner.py:91} INFO - Job 39: Subtask generate_and_insert_data
[2024-06-27T23:00:24.035+0000] {task_command.py:426} INFO - Running <TaskInstance: ecomm_data_pipeline.generate_and_insert_data scheduled__2023-01-01T03:30:00+00:00 [running]> on host 5cc71d4b298c
[2024-06-27T23:00:24.063+0000] {taskinstance.py:2648} INFO - Exporting env vars: AIRFLOW_CTX_DAG_OWNER='airflow' AIRFLOW_CTX_DAG_ID='ecomm_data_pipeline' AIRFLOW_CTX_TASK_ID='generate_and_insert_data' AIRFLOW_CTX_EXECUTION_DATE='2023-01-01T03:30:00+00:00' AIRFLOW_CTX_TRY_NUMBER='1' AIRFLOW_CTX_DAG_RUN_ID='scheduled__2023-01-01T03:30:00+00:00'
[2024-06-27T23:00:24.064+0000] {taskinstance.py:430} INFO - ::endgroup::
[2024-06-27T23:00:24.121+0000] {logging_mixin.py:188} INFO - Error in generate_and_insert_data: Command '['python3', '/opt/airflow/generator/ecomm_generator.py']' returned non-zero exit status 1.
[2024-06-27T23:00:24.121+0000] {logging_mixin.py:188} INFO - stdout: 
[2024-06-27T23:00:24.121+0000] {logging_mixin.py:188} INFO - stderr: Traceback (most recent call last):
  File "/opt/airflow/generator/ecomm_generator.py", line 4, in <module>
    from faker import Faker
ModuleNotFoundError: No module named 'faker'
[2024-06-27T23:00:24.121+0000] {python.py:237} INFO - Done. Returned value was: None
[2024-06-27T23:00:24.122+0000] {taskinstance.py:441} INFO - ::group::Post task execution logs
[2024-06-27T23:00:24.126+0000] {taskinstance.py:1206} INFO - Marking task as SUCCESS. dag_id=ecomm_data_pipeline, task_id=generate_and_insert_data, run_id=scheduled__2023-01-01T03:30:00+00:00, execution_date=20230101T033000, start_date=20240627T230024, end_date=20240627T230024
[2024-06-27T23:00:24.159+0000] {local_task_job_runner.py:240} INFO - Task exited with return code 0
[2024-06-27T23:00:24.166+0000] {taskinstance.py:3503} INFO - 0 downstream tasks scheduled from follow-on schedule check
[2024-06-27T23:00:24.166+0000] {local_task_job_runner.py:222} INFO - ::endgroup::
[2024-06-27T23:10:09.606+0000] {local_task_job_runner.py:120} INFO - ::group::Pre task execution logs
[2024-06-27T23:10:09.616+0000] {taskinstance.py:2076} INFO - Dependencies all met for dep_context=non-requeueable deps ti=<TaskInstance: ecomm_data_pipeline.generate_and_insert_data scheduled__2023-01-01T03:30:00+00:00 [queued]>
[2024-06-27T23:10:09.619+0000] {taskinstance.py:2076} INFO - Dependencies all met for dep_context=requeueable deps ti=<TaskInstance: ecomm_data_pipeline.generate_and_insert_data scheduled__2023-01-01T03:30:00+00:00 [queued]>
[2024-06-27T23:10:09.619+0000] {taskinstance.py:2306} INFO - Starting attempt 1 of 2
[2024-06-27T23:10:09.624+0000] {taskinstance.py:2330} INFO - Executing <Task(PythonOperator): generate_and_insert_data> on 2023-01-01 03:30:00+00:00
[2024-06-27T23:10:09.625+0000] {standard_task_runner.py:63} INFO - Started process 643 to run task
[2024-06-27T23:10:09.626+0000] {standard_task_runner.py:90} INFO - Running: ['airflow', 'tasks', 'run', 'ecomm_data_pipeline', 'generate_and_insert_data', 'scheduled__2023-01-01T03:30:00+00:00', '--job-id', '45', '--raw', '--subdir', 'DAGS_FOLDER/ecomm_dag.py', '--cfg-path', '/tmp/tmppijjy1k_']
[2024-06-27T23:10:09.627+0000] {standard_task_runner.py:91} INFO - Job 45: Subtask generate_and_insert_data
[2024-06-27T23:10:09.643+0000] {task_command.py:426} INFO - Running <TaskInstance: ecomm_data_pipeline.generate_and_insert_data scheduled__2023-01-01T03:30:00+00:00 [running]> on host 7147f8a4dc9f
[2024-06-27T23:10:09.672+0000] {taskinstance.py:2648} INFO - Exporting env vars: AIRFLOW_CTX_DAG_OWNER='airflow' AIRFLOW_CTX_DAG_ID='ecomm_data_pipeline' AIRFLOW_CTX_TASK_ID='generate_and_insert_data' AIRFLOW_CTX_EXECUTION_DATE='2023-01-01T03:30:00+00:00' AIRFLOW_CTX_TRY_NUMBER='1' AIRFLOW_CTX_DAG_RUN_ID='scheduled__2023-01-01T03:30:00+00:00'
[2024-06-27T23:10:09.672+0000] {taskinstance.py:430} INFO - ::endgroup::
[2024-06-27T23:10:09.729+0000] {logging_mixin.py:188} INFO - Error in generate_and_insert_data: Command '['python3', '/opt/airflow/generator/ecomm_generator.py']' returned non-zero exit status 1.
[2024-06-27T23:10:09.730+0000] {logging_mixin.py:188} INFO - stdout: 
[2024-06-27T23:10:09.730+0000] {logging_mixin.py:188} INFO - stderr: Traceback (most recent call last):
  File "/opt/airflow/generator/ecomm_generator.py", line 4, in <module>
    from faker import Faker
ModuleNotFoundError: No module named 'faker'
[2024-06-27T23:10:09.730+0000] {python.py:237} INFO - Done. Returned value was: None
[2024-06-27T23:10:09.730+0000] {taskinstance.py:441} INFO - ::group::Post task execution logs
[2024-06-27T23:10:09.735+0000] {taskinstance.py:1206} INFO - Marking task as SUCCESS. dag_id=ecomm_data_pipeline, task_id=generate_and_insert_data, run_id=scheduled__2023-01-01T03:30:00+00:00, execution_date=20230101T033000, start_date=20240627T231009, end_date=20240627T231009
[2024-06-27T23:10:09.767+0000] {local_task_job_runner.py:240} INFO - Task exited with return code 0
[2024-06-27T23:10:09.775+0000] {taskinstance.py:3503} INFO - 0 downstream tasks scheduled from follow-on schedule check
[2024-06-27T23:10:09.775+0000] {local_task_job_runner.py:222} INFO - ::endgroup::
[2024-06-28T18:14:02.344+0000] {local_task_job_runner.py:120} INFO - ::group::Pre task execution logs
[2024-06-28T18:14:02.354+0000] {taskinstance.py:2076} INFO - Dependencies all met for dep_context=non-requeueable deps ti=<TaskInstance: ecomm_data_pipeline.generate_and_insert_data scheduled__2023-01-01T03:30:00+00:00 [queued]>
[2024-06-28T18:14:02.356+0000] {taskinstance.py:2076} INFO - Dependencies all met for dep_context=requeueable deps ti=<TaskInstance: ecomm_data_pipeline.generate_and_insert_data scheduled__2023-01-01T03:30:00+00:00 [queued]>
[2024-06-28T18:14:02.356+0000] {taskinstance.py:2306} INFO - Starting attempt 1 of 2
[2024-06-28T18:14:02.361+0000] {taskinstance.py:2330} INFO - Executing <Task(PythonOperator): generate_and_insert_data> on 2023-01-01 03:30:00+00:00
[2024-06-28T18:14:02.362+0000] {standard_task_runner.py:63} INFO - Started process 630 to run task
[2024-06-28T18:14:02.363+0000] {standard_task_runner.py:90} INFO - Running: ['airflow', 'tasks', 'run', 'ecomm_data_pipeline', 'generate_and_insert_data', 'scheduled__2023-01-01T03:30:00+00:00', '--job-id', '44', '--raw', '--subdir', 'DAGS_FOLDER/ecomm_dag.py', '--cfg-path', '/tmp/tmpwb2kv6lp']
[2024-06-28T18:14:02.364+0000] {standard_task_runner.py:91} INFO - Job 44: Subtask generate_and_insert_data
[2024-06-28T18:14:02.381+0000] {task_command.py:426} INFO - Running <TaskInstance: ecomm_data_pipeline.generate_and_insert_data scheduled__2023-01-01T03:30:00+00:00 [running]> on host 08cefd381a1f
[2024-06-28T18:14:02.409+0000] {taskinstance.py:2648} INFO - Exporting env vars: AIRFLOW_CTX_DAG_OWNER='airflow' AIRFLOW_CTX_DAG_ID='ecomm_data_pipeline' AIRFLOW_CTX_TASK_ID='generate_and_insert_data' AIRFLOW_CTX_EXECUTION_DATE='2023-01-01T03:30:00+00:00' AIRFLOW_CTX_TRY_NUMBER='1' AIRFLOW_CTX_DAG_RUN_ID='scheduled__2023-01-01T03:30:00+00:00'
[2024-06-28T18:14:02.409+0000] {taskinstance.py:430} INFO - ::endgroup::
[2024-06-28T18:14:02.463+0000] {logging_mixin.py:188} INFO - Error in generate_and_insert_data: Command '['python3', '/opt/airflow/generator/ecomm_generator.py']' returned non-zero exit status 1.
[2024-06-28T18:14:02.464+0000] {logging_mixin.py:188} INFO - stdout: 
[2024-06-28T18:14:02.464+0000] {logging_mixin.py:188} INFO - stderr: Traceback (most recent call last):
  File "/opt/airflow/generator/ecomm_generator.py", line 4, in <module>
    from faker import Faker
ModuleNotFoundError: No module named 'faker'
[2024-06-28T18:14:02.464+0000] {python.py:237} INFO - Done. Returned value was: None
[2024-06-28T18:14:02.464+0000] {taskinstance.py:441} INFO - ::group::Post task execution logs
[2024-06-28T18:14:02.469+0000] {taskinstance.py:1206} INFO - Marking task as SUCCESS. dag_id=ecomm_data_pipeline, task_id=generate_and_insert_data, run_id=scheduled__2023-01-01T03:30:00+00:00, execution_date=20230101T033000, start_date=20240628T181402, end_date=20240628T181402
[2024-06-28T18:14:02.506+0000] {local_task_job_runner.py:240} INFO - Task exited with return code 0
[2024-06-28T18:14:02.513+0000] {taskinstance.py:3503} INFO - 0 downstream tasks scheduled from follow-on schedule check
[2024-06-28T18:14:02.514+0000] {local_task_job_runner.py:222} INFO - ::endgroup::
[2024-06-28T18:21:18.509+0000] {local_task_job_runner.py:120} INFO - ::group::Pre task execution logs
[2024-06-28T18:21:18.520+0000] {taskinstance.py:2076} INFO - Dependencies all met for dep_context=non-requeueable deps ti=<TaskInstance: ecomm_data_pipeline.generate_and_insert_data scheduled__2023-01-01T03:30:00+00:00 [queued]>
[2024-06-28T18:21:18.522+0000] {taskinstance.py:2076} INFO - Dependencies all met for dep_context=requeueable deps ti=<TaskInstance: ecomm_data_pipeline.generate_and_insert_data scheduled__2023-01-01T03:30:00+00:00 [queued]>
[2024-06-28T18:21:18.523+0000] {taskinstance.py:2306} INFO - Starting attempt 1 of 2
[2024-06-28T18:21:18.527+0000] {taskinstance.py:2330} INFO - Executing <Task(PythonOperator): generate_and_insert_data> on 2023-01-01 03:30:00+00:00
[2024-06-28T18:21:18.529+0000] {standard_task_runner.py:63} INFO - Started process 630 to run task
[2024-06-28T18:21:18.530+0000] {standard_task_runner.py:90} INFO - Running: ['airflow', 'tasks', 'run', 'ecomm_data_pipeline', 'generate_and_insert_data', 'scheduled__2023-01-01T03:30:00+00:00', '--job-id', '44', '--raw', '--subdir', 'DAGS_FOLDER/ecomm_dag.py', '--cfg-path', '/tmp/tmpji3ltxbu']
[2024-06-28T18:21:18.530+0000] {standard_task_runner.py:91} INFO - Job 44: Subtask generate_and_insert_data
[2024-06-28T18:21:18.548+0000] {task_command.py:426} INFO - Running <TaskInstance: ecomm_data_pipeline.generate_and_insert_data scheduled__2023-01-01T03:30:00+00:00 [running]> on host 6570e5857071
[2024-06-28T18:21:18.578+0000] {taskinstance.py:2648} INFO - Exporting env vars: AIRFLOW_CTX_DAG_OWNER='airflow' AIRFLOW_CTX_DAG_ID='ecomm_data_pipeline' AIRFLOW_CTX_TASK_ID='generate_and_insert_data' AIRFLOW_CTX_EXECUTION_DATE='2023-01-01T03:30:00+00:00' AIRFLOW_CTX_TRY_NUMBER='1' AIRFLOW_CTX_DAG_RUN_ID='scheduled__2023-01-01T03:30:00+00:00'
[2024-06-28T18:21:18.578+0000] {taskinstance.py:430} INFO - ::endgroup::
[2024-06-28T18:21:18.637+0000] {logging_mixin.py:188} INFO - Error in generate_and_insert_data: Command '['python3', '/opt/airflow/generator/ecomm_generator.py']' returned non-zero exit status 1.
[2024-06-28T18:21:18.637+0000] {logging_mixin.py:188} INFO - stdout: 
[2024-06-28T18:21:18.638+0000] {logging_mixin.py:188} INFO - stderr: Traceback (most recent call last):
  File "/opt/airflow/generator/ecomm_generator.py", line 4, in <module>
    from faker import Faker
ModuleNotFoundError: No module named 'faker'
[2024-06-28T18:21:18.638+0000] {python.py:237} INFO - Done. Returned value was: None
[2024-06-28T18:21:18.638+0000] {taskinstance.py:441} INFO - ::group::Post task execution logs
[2024-06-28T18:21:18.643+0000] {taskinstance.py:1206} INFO - Marking task as SUCCESS. dag_id=ecomm_data_pipeline, task_id=generate_and_insert_data, run_id=scheduled__2023-01-01T03:30:00+00:00, execution_date=20230101T033000, start_date=20240628T182118, end_date=20240628T182118
[2024-06-28T18:21:18.674+0000] {local_task_job_runner.py:240} INFO - Task exited with return code 0
[2024-06-28T18:21:18.681+0000] {taskinstance.py:3503} INFO - 0 downstream tasks scheduled from follow-on schedule check
[2024-06-28T18:21:18.681+0000] {local_task_job_runner.py:222} INFO - ::endgroup::
[2024-06-28T18:31:15.895+0000] {local_task_job_runner.py:120} INFO - ::group::Pre task execution logs
[2024-06-28T18:31:15.905+0000] {taskinstance.py:2076} INFO - Dependencies all met for dep_context=non-requeueable deps ti=<TaskInstance: ecomm_data_pipeline.generate_and_insert_data scheduled__2023-01-01T03:30:00+00:00 [queued]>
[2024-06-28T18:31:15.908+0000] {taskinstance.py:2076} INFO - Dependencies all met for dep_context=requeueable deps ti=<TaskInstance: ecomm_data_pipeline.generate_and_insert_data scheduled__2023-01-01T03:30:00+00:00 [queued]>
[2024-06-28T18:31:15.908+0000] {taskinstance.py:2306} INFO - Starting attempt 1 of 2
[2024-06-28T18:31:15.912+0000] {taskinstance.py:2330} INFO - Executing <Task(PythonOperator): generate_and_insert_data> on 2023-01-01 03:30:00+00:00
[2024-06-28T18:31:15.914+0000] {standard_task_runner.py:63} INFO - Started process 578 to run task
[2024-06-28T18:31:15.915+0000] {standard_task_runner.py:90} INFO - Running: ['airflow', 'tasks', 'run', 'ecomm_data_pipeline', 'generate_and_insert_data', 'scheduled__2023-01-01T03:30:00+00:00', '--job-id', '40', '--raw', '--subdir', 'DAGS_FOLDER/ecomm_dag.py', '--cfg-path', '/tmp/tmpzt41ne3i']
[2024-06-28T18:31:15.916+0000] {standard_task_runner.py:91} INFO - Job 40: Subtask generate_and_insert_data
[2024-06-28T18:31:15.933+0000] {task_command.py:426} INFO - Running <TaskInstance: ecomm_data_pipeline.generate_and_insert_data scheduled__2023-01-01T03:30:00+00:00 [running]> on host 50bf780463b8
[2024-06-28T18:31:15.962+0000] {taskinstance.py:2648} INFO - Exporting env vars: AIRFLOW_CTX_DAG_OWNER='airflow' AIRFLOW_CTX_DAG_ID='ecomm_data_pipeline' AIRFLOW_CTX_TASK_ID='generate_and_insert_data' AIRFLOW_CTX_EXECUTION_DATE='2023-01-01T03:30:00+00:00' AIRFLOW_CTX_TRY_NUMBER='1' AIRFLOW_CTX_DAG_RUN_ID='scheduled__2023-01-01T03:30:00+00:00'
[2024-06-28T18:31:15.962+0000] {taskinstance.py:430} INFO - ::endgroup::
[2024-06-28T18:31:16.019+0000] {logging_mixin.py:188} INFO - Error in generate_and_insert_data: Command '['python3', '/opt/airflow/generator/ecomm_generator.py']' returned non-zero exit status 1.
[2024-06-28T18:31:16.020+0000] {logging_mixin.py:188} INFO - stdout: 
[2024-06-28T18:31:16.020+0000] {logging_mixin.py:188} INFO - stderr: Traceback (most recent call last):
  File "/opt/airflow/generator/ecomm_generator.py", line 4, in <module>
    from faker import Faker
ModuleNotFoundError: No module named 'faker'
[2024-06-28T18:31:16.020+0000] {python.py:237} INFO - Done. Returned value was: None
[2024-06-28T18:31:16.020+0000] {taskinstance.py:441} INFO - ::group::Post task execution logs
[2024-06-28T18:31:16.025+0000] {taskinstance.py:1206} INFO - Marking task as SUCCESS. dag_id=ecomm_data_pipeline, task_id=generate_and_insert_data, run_id=scheduled__2023-01-01T03:30:00+00:00, execution_date=20230101T033000, start_date=20240628T183115, end_date=20240628T183116
[2024-06-28T18:31:16.064+0000] {local_task_job_runner.py:240} INFO - Task exited with return code 0
[2024-06-28T18:31:16.072+0000] {taskinstance.py:3503} INFO - 0 downstream tasks scheduled from follow-on schedule check
[2024-06-28T18:31:16.072+0000] {local_task_job_runner.py:222} INFO - ::endgroup::
[2024-06-28T22:14:27.040+0000] {local_task_job_runner.py:120} INFO - ::group::Pre task execution logs
[2024-06-28T22:14:27.050+0000] {taskinstance.py:2076} INFO - Dependencies all met for dep_context=non-requeueable deps ti=<TaskInstance: ecomm_data_pipeline.generate_and_insert_data scheduled__2023-01-01T03:30:00+00:00 [queued]>
[2024-06-28T22:14:27.053+0000] {taskinstance.py:2076} INFO - Dependencies all met for dep_context=requeueable deps ti=<TaskInstance: ecomm_data_pipeline.generate_and_insert_data scheduled__2023-01-01T03:30:00+00:00 [queued]>
[2024-06-28T22:14:27.053+0000] {taskinstance.py:2306} INFO - Starting attempt 1 of 2
[2024-06-28T22:14:27.057+0000] {taskinstance.py:2330} INFO - Executing <Task(PythonOperator): generate_and_insert_data> on 2023-01-01 03:30:00+00:00
[2024-06-28T22:14:27.059+0000] {standard_task_runner.py:63} INFO - Started process 604 to run task
[2024-06-28T22:14:27.060+0000] {standard_task_runner.py:90} INFO - Running: ['airflow', 'tasks', 'run', 'ecomm_data_pipeline', 'generate_and_insert_data', 'scheduled__2023-01-01T03:30:00+00:00', '--job-id', '42', '--raw', '--subdir', 'DAGS_FOLDER/ecomm_dag.py', '--cfg-path', '/tmp/tmph07r8nas']
[2024-06-28T22:14:27.060+0000] {standard_task_runner.py:91} INFO - Job 42: Subtask generate_and_insert_data
[2024-06-28T22:14:27.077+0000] {task_command.py:426} INFO - Running <TaskInstance: ecomm_data_pipeline.generate_and_insert_data scheduled__2023-01-01T03:30:00+00:00 [running]> on host 619125b6796e
[2024-06-28T22:14:27.105+0000] {taskinstance.py:2648} INFO - Exporting env vars: AIRFLOW_CTX_DAG_OWNER='airflow' AIRFLOW_CTX_DAG_ID='ecomm_data_pipeline' AIRFLOW_CTX_TASK_ID='generate_and_insert_data' AIRFLOW_CTX_EXECUTION_DATE='2023-01-01T03:30:00+00:00' AIRFLOW_CTX_TRY_NUMBER='1' AIRFLOW_CTX_DAG_RUN_ID='scheduled__2023-01-01T03:30:00+00:00'
[2024-06-28T22:14:27.106+0000] {taskinstance.py:430} INFO - ::endgroup::
[2024-06-28T22:14:27.161+0000] {logging_mixin.py:188} INFO - Error in generate_and_insert_data: Command '['python3', '/opt/airflow/generator/ecomm_generator.py']' returned non-zero exit status 1.
[2024-06-28T22:14:27.161+0000] {logging_mixin.py:188} INFO - stdout: 
[2024-06-28T22:14:27.161+0000] {logging_mixin.py:188} INFO - stderr: Traceback (most recent call last):
  File "/opt/airflow/generator/ecomm_generator.py", line 4, in <module>
    from faker import Faker
ModuleNotFoundError: No module named 'faker'
[2024-06-28T22:14:27.161+0000] {python.py:237} INFO - Done. Returned value was: None
[2024-06-28T22:14:27.162+0000] {taskinstance.py:441} INFO - ::group::Post task execution logs
[2024-06-28T22:14:27.167+0000] {taskinstance.py:1206} INFO - Marking task as SUCCESS. dag_id=ecomm_data_pipeline, task_id=generate_and_insert_data, run_id=scheduled__2023-01-01T03:30:00+00:00, execution_date=20230101T033000, start_date=20240628T221427, end_date=20240628T221427
[2024-06-28T22:14:27.205+0000] {local_task_job_runner.py:240} INFO - Task exited with return code 0
[2024-06-28T22:14:27.213+0000] {taskinstance.py:3503} INFO - 0 downstream tasks scheduled from follow-on schedule check
[2024-06-28T22:14:27.213+0000] {local_task_job_runner.py:222} INFO - ::endgroup::
[2024-06-29T21:37:15.643+0000] {local_task_job_runner.py:120} INFO - ::group::Pre task execution logs
[2024-06-29T21:37:15.653+0000] {taskinstance.py:2076} INFO - Dependencies all met for dep_context=non-requeueable deps ti=<TaskInstance: ecomm_data_pipeline.generate_and_insert_data scheduled__2023-01-01T03:30:00+00:00 [queued]>
[2024-06-29T21:37:15.655+0000] {taskinstance.py:2076} INFO - Dependencies all met for dep_context=requeueable deps ti=<TaskInstance: ecomm_data_pipeline.generate_and_insert_data scheduled__2023-01-01T03:30:00+00:00 [queued]>
[2024-06-29T21:37:15.655+0000] {taskinstance.py:2306} INFO - Starting attempt 1 of 2
[2024-06-29T21:37:15.659+0000] {taskinstance.py:2330} INFO - Executing <Task(PythonOperator): generate_and_insert_data> on 2023-01-01 03:30:00+00:00
[2024-06-29T21:37:15.661+0000] {standard_task_runner.py:63} INFO - Started process 344 to run task
[2024-06-29T21:37:15.662+0000] {standard_task_runner.py:90} INFO - Running: ['airflow', 'tasks', 'run', 'ecomm_data_pipeline', 'generate_and_insert_data', 'scheduled__2023-01-01T03:30:00+00:00', '--job-id', '23', '--raw', '--subdir', 'DAGS_FOLDER/ecomm_dag.py', '--cfg-path', '/tmp/tmpcfga71pt']
[2024-06-29T21:37:15.663+0000] {standard_task_runner.py:91} INFO - Job 23: Subtask generate_and_insert_data
[2024-06-29T21:37:15.680+0000] {task_command.py:426} INFO - Running <TaskInstance: ecomm_data_pipeline.generate_and_insert_data scheduled__2023-01-01T03:30:00+00:00 [running]> on host afcb6fbf9265
[2024-06-29T21:37:15.709+0000] {taskinstance.py:2648} INFO - Exporting env vars: AIRFLOW_CTX_DAG_OWNER='airflow' AIRFLOW_CTX_DAG_ID='ecomm_data_pipeline' AIRFLOW_CTX_TASK_ID='generate_and_insert_data' AIRFLOW_CTX_EXECUTION_DATE='2023-01-01T03:30:00+00:00' AIRFLOW_CTX_TRY_NUMBER='1' AIRFLOW_CTX_DAG_RUN_ID='scheduled__2023-01-01T03:30:00+00:00'
[2024-06-29T21:37:15.710+0000] {taskinstance.py:430} INFO - ::endgroup::
[2024-06-29T21:37:15.765+0000] {logging_mixin.py:188} INFO - Error in generate_and_insert_data: Command '['python3', '/opt/airflow/generator/ecomm_generator.py']' returned non-zero exit status 1.
[2024-06-29T21:37:15.766+0000] {logging_mixin.py:188} INFO - stdout: 
[2024-06-29T21:37:15.766+0000] {logging_mixin.py:188} INFO - stderr: Traceback (most recent call last):
  File "/opt/airflow/generator/ecomm_generator.py", line 4, in <module>
    from faker import Faker
ModuleNotFoundError: No module named 'faker'
[2024-06-29T21:37:15.766+0000] {python.py:237} INFO - Done. Returned value was: None
[2024-06-29T21:37:15.766+0000] {taskinstance.py:441} INFO - ::group::Post task execution logs
[2024-06-29T21:37:15.771+0000] {taskinstance.py:1206} INFO - Marking task as SUCCESS. dag_id=ecomm_data_pipeline, task_id=generate_and_insert_data, run_id=scheduled__2023-01-01T03:30:00+00:00, execution_date=20230101T033000, start_date=20240629T213715, end_date=20240629T213715
[2024-06-29T21:37:15.813+0000] {local_task_job_runner.py:240} INFO - Task exited with return code 0
[2024-06-29T21:37:15.820+0000] {taskinstance.py:3503} INFO - 0 downstream tasks scheduled from follow-on schedule check
[2024-06-29T21:37:15.821+0000] {local_task_job_runner.py:222} INFO - ::endgroup::
[2024-06-29T21:49:32.472+0000] {local_task_job_runner.py:120} INFO - ::group::Pre task execution logs
[2024-06-29T21:49:32.483+0000] {taskinstance.py:2076} INFO - Dependencies all met for dep_context=non-requeueable deps ti=<TaskInstance: ecomm_data_pipeline.generate_and_insert_data scheduled__2023-01-01T03:30:00+00:00 [queued]>
[2024-06-29T21:49:32.486+0000] {taskinstance.py:2076} INFO - Dependencies all met for dep_context=requeueable deps ti=<TaskInstance: ecomm_data_pipeline.generate_and_insert_data scheduled__2023-01-01T03:30:00+00:00 [queued]>
[2024-06-29T21:49:32.486+0000] {taskinstance.py:2306} INFO - Starting attempt 1 of 2
[2024-06-29T21:49:32.490+0000] {taskinstance.py:2330} INFO - Executing <Task(PythonOperator): generate_and_insert_data> on 2023-01-01 03:30:00+00:00
[2024-06-29T21:49:32.492+0000] {standard_task_runner.py:63} INFO - Started process 345 to run task
[2024-06-29T21:49:32.493+0000] {standard_task_runner.py:90} INFO - Running: ['airflow', 'tasks', 'run', 'ecomm_data_pipeline', 'generate_and_insert_data', 'scheduled__2023-01-01T03:30:00+00:00', '--job-id', '23', '--raw', '--subdir', 'DAGS_FOLDER/ecomm_dag.py', '--cfg-path', '/tmp/tmp2g10lor9']
[2024-06-29T21:49:32.494+0000] {standard_task_runner.py:91} INFO - Job 23: Subtask generate_and_insert_data
[2024-06-29T21:49:32.510+0000] {task_command.py:426} INFO - Running <TaskInstance: ecomm_data_pipeline.generate_and_insert_data scheduled__2023-01-01T03:30:00+00:00 [running]> on host 0b7af056b90c
[2024-06-29T21:49:32.538+0000] {taskinstance.py:2648} INFO - Exporting env vars: AIRFLOW_CTX_DAG_OWNER='airflow' AIRFLOW_CTX_DAG_ID='ecomm_data_pipeline' AIRFLOW_CTX_TASK_ID='generate_and_insert_data' AIRFLOW_CTX_EXECUTION_DATE='2023-01-01T03:30:00+00:00' AIRFLOW_CTX_TRY_NUMBER='1' AIRFLOW_CTX_DAG_RUN_ID='scheduled__2023-01-01T03:30:00+00:00'
[2024-06-29T21:49:32.539+0000] {taskinstance.py:430} INFO - ::endgroup::
[2024-06-29T21:49:32.594+0000] {logging_mixin.py:188} INFO - Error in generate_and_insert_data: Command '['python3', '/opt/airflow/generator/ecomm_generator.py']' returned non-zero exit status 1.
[2024-06-29T21:49:32.595+0000] {logging_mixin.py:188} INFO - stdout: 
[2024-06-29T21:49:32.595+0000] {logging_mixin.py:188} INFO - stderr: Traceback (most recent call last):
  File "/opt/airflow/generator/ecomm_generator.py", line 4, in <module>
    from faker import Faker
ModuleNotFoundError: No module named 'faker'
[2024-06-29T21:49:32.595+0000] {python.py:237} INFO - Done. Returned value was: None
[2024-06-29T21:49:32.595+0000] {taskinstance.py:441} INFO - ::group::Post task execution logs
[2024-06-29T21:49:32.600+0000] {taskinstance.py:1206} INFO - Marking task as SUCCESS. dag_id=ecomm_data_pipeline, task_id=generate_and_insert_data, run_id=scheduled__2023-01-01T03:30:00+00:00, execution_date=20230101T033000, start_date=20240629T214932, end_date=20240629T214932
[2024-06-29T21:49:32.640+0000] {local_task_job_runner.py:240} INFO - Task exited with return code 0
[2024-06-29T21:49:32.647+0000] {taskinstance.py:3503} INFO - 0 downstream tasks scheduled from follow-on schedule check
[2024-06-29T21:49:32.648+0000] {local_task_job_runner.py:222} INFO - ::endgroup::
[2024-06-29T22:01:05.382+0000] {local_task_job_runner.py:120} INFO - ::group::Pre task execution logs
[2024-06-29T22:01:05.393+0000] {taskinstance.py:2076} INFO - Dependencies all met for dep_context=non-requeueable deps ti=<TaskInstance: ecomm_data_pipeline.generate_and_insert_data scheduled__2023-01-01T03:30:00+00:00 [queued]>
[2024-06-29T22:01:05.396+0000] {taskinstance.py:2076} INFO - Dependencies all met for dep_context=requeueable deps ti=<TaskInstance: ecomm_data_pipeline.generate_and_insert_data scheduled__2023-01-01T03:30:00+00:00 [queued]>
[2024-06-29T22:01:05.396+0000] {taskinstance.py:2306} INFO - Starting attempt 1 of 2
[2024-06-29T22:01:05.400+0000] {taskinstance.py:2330} INFO - Executing <Task(PythonOperator): generate_and_insert_data> on 2023-01-01 03:30:00+00:00
[2024-06-29T22:01:05.402+0000] {standard_task_runner.py:63} INFO - Started process 345 to run task
[2024-06-29T22:01:05.403+0000] {standard_task_runner.py:90} INFO - Running: ['airflow', 'tasks', 'run', 'ecomm_data_pipeline', 'generate_and_insert_data', 'scheduled__2023-01-01T03:30:00+00:00', '--job-id', '23', '--raw', '--subdir', 'DAGS_FOLDER/ecomm_dag.py', '--cfg-path', '/tmp/tmppi4bd7um']
[2024-06-29T22:01:05.404+0000] {standard_task_runner.py:91} INFO - Job 23: Subtask generate_and_insert_data
[2024-06-29T22:01:05.422+0000] {task_command.py:426} INFO - Running <TaskInstance: ecomm_data_pipeline.generate_and_insert_data scheduled__2023-01-01T03:30:00+00:00 [running]> on host 799998b0d26e
[2024-06-29T22:01:05.453+0000] {taskinstance.py:2648} INFO - Exporting env vars: AIRFLOW_CTX_DAG_OWNER='airflow' AIRFLOW_CTX_DAG_ID='ecomm_data_pipeline' AIRFLOW_CTX_TASK_ID='generate_and_insert_data' AIRFLOW_CTX_EXECUTION_DATE='2023-01-01T03:30:00+00:00' AIRFLOW_CTX_TRY_NUMBER='1' AIRFLOW_CTX_DAG_RUN_ID='scheduled__2023-01-01T03:30:00+00:00'
[2024-06-29T22:01:05.454+0000] {taskinstance.py:430} INFO - ::endgroup::
[2024-06-29T22:01:05.510+0000] {logging_mixin.py:188} INFO - Error in generate_and_insert_data: Command '['python3', '/opt/airflow/generator/ecomm_generator.py']' returned non-zero exit status 1.
[2024-06-29T22:01:05.511+0000] {logging_mixin.py:188} INFO - stdout: 
[2024-06-29T22:01:05.511+0000] {logging_mixin.py:188} INFO - stderr: Traceback (most recent call last):
  File "/opt/airflow/generator/ecomm_generator.py", line 4, in <module>
    from faker import Faker
ModuleNotFoundError: No module named 'faker'
[2024-06-29T22:01:05.511+0000] {python.py:237} INFO - Done. Returned value was: None
[2024-06-29T22:01:05.511+0000] {taskinstance.py:441} INFO - ::group::Post task execution logs
[2024-06-29T22:01:05.516+0000] {taskinstance.py:1206} INFO - Marking task as SUCCESS. dag_id=ecomm_data_pipeline, task_id=generate_and_insert_data, run_id=scheduled__2023-01-01T03:30:00+00:00, execution_date=20230101T033000, start_date=20240629T220105, end_date=20240629T220105
[2024-06-29T22:01:05.554+0000] {local_task_job_runner.py:240} INFO - Task exited with return code 0
[2024-06-29T22:01:05.561+0000] {taskinstance.py:3503} INFO - 0 downstream tasks scheduled from follow-on schedule check
[2024-06-29T22:01:05.562+0000] {local_task_job_runner.py:222} INFO - ::endgroup::
