[2024-06-27T22:34:35.854+0000] {local_task_job_runner.py:120} INFO - ::group::Pre task execution logs
[2024-06-27T22:34:35.864+0000] {taskinstance.py:2076} INFO - Dependencies all met for dep_context=non-requeueable deps ti=<TaskInstance: ecomm_data_pipeline.generate_and_insert_data scheduled__2023-01-01T07:30:00+00:00 [queued]>
[2024-06-27T22:34:35.866+0000] {taskinstance.py:2076} INFO - Dependencies all met for dep_context=requeueable deps ti=<TaskInstance: ecomm_data_pipeline.generate_and_insert_data scheduled__2023-01-01T07:30:00+00:00 [queued]>
[2024-06-27T22:34:35.866+0000] {taskinstance.py:2306} INFO - Starting attempt 1 of 2
[2024-06-27T22:34:35.871+0000] {taskinstance.py:2330} INFO - Executing <Task(PythonOperator): generate_and_insert_data> on 2023-01-01 07:30:00+00:00
[2024-06-27T22:34:35.872+0000] {standard_task_runner.py:63} INFO - Started process 924 to run task
[2024-06-27T22:34:35.873+0000] {standard_task_runner.py:90} INFO - Running: ['airflow', 'tasks', 'run', 'ecomm_data_pipeline', 'generate_and_insert_data', 'scheduled__2023-01-01T07:30:00+00:00', '--job-id', '64', '--raw', '--subdir', 'DAGS_FOLDER/ecomm_dag.py', '--cfg-path', '/tmp/tmp88fng0hx']
[2024-06-27T22:34:35.874+0000] {standard_task_runner.py:91} INFO - Job 64: Subtask generate_and_insert_data
[2024-06-27T22:34:35.890+0000] {task_command.py:426} INFO - Running <TaskInstance: ecomm_data_pipeline.generate_and_insert_data scheduled__2023-01-01T07:30:00+00:00 [running]> on host 9174587f6b1d
[2024-06-27T22:34:35.917+0000] {taskinstance.py:2648} INFO - Exporting env vars: AIRFLOW_CTX_DAG_OWNER='airflow' AIRFLOW_CTX_DAG_ID='ecomm_data_pipeline' AIRFLOW_CTX_TASK_ID='generate_and_insert_data' AIRFLOW_CTX_EXECUTION_DATE='2023-01-01T07:30:00+00:00' AIRFLOW_CTX_TRY_NUMBER='1' AIRFLOW_CTX_DAG_RUN_ID='scheduled__2023-01-01T07:30:00+00:00'
[2024-06-27T22:34:35.918+0000] {taskinstance.py:430} INFO - ::endgroup::
[2024-06-27T22:34:35.950+0000] {logging_mixin.py:188} INFO - Error in generate_and_insert_data: Command '['python3', './generator/ecomm_generator.py']' returned non-zero exit status 2.
[2024-06-27T22:34:35.950+0000] {python.py:237} INFO - Done. Returned value was: None
[2024-06-27T22:34:35.950+0000] {taskinstance.py:441} INFO - ::group::Post task execution logs
[2024-06-27T22:34:35.955+0000] {taskinstance.py:1206} INFO - Marking task as SUCCESS. dag_id=ecomm_data_pipeline, task_id=generate_and_insert_data, run_id=scheduled__2023-01-01T07:30:00+00:00, execution_date=20230101T073000, start_date=20240627T223435, end_date=20240627T223435
[2024-06-27T22:34:35.974+0000] {local_task_job_runner.py:240} INFO - Task exited with return code 0
[2024-06-27T22:34:35.980+0000] {taskinstance.py:3503} INFO - 0 downstream tasks scheduled from follow-on schedule check
[2024-06-27T22:34:35.980+0000] {local_task_job_runner.py:222} INFO - ::endgroup::
[2024-06-28T18:15:18.265+0000] {local_task_job_runner.py:120} INFO - ::group::Pre task execution logs
[2024-06-28T18:15:18.275+0000] {taskinstance.py:2076} INFO - Dependencies all met for dep_context=non-requeueable deps ti=<TaskInstance: ecomm_data_pipeline.generate_and_insert_data scheduled__2023-01-01T07:30:00+00:00 [queued]>
[2024-06-28T18:15:18.277+0000] {taskinstance.py:2076} INFO - Dependencies all met for dep_context=requeueable deps ti=<TaskInstance: ecomm_data_pipeline.generate_and_insert_data scheduled__2023-01-01T07:30:00+00:00 [queued]>
[2024-06-28T18:15:18.277+0000] {taskinstance.py:2306} INFO - Starting attempt 1 of 2
[2024-06-28T18:15:18.282+0000] {taskinstance.py:2330} INFO - Executing <Task(PythonOperator): generate_and_insert_data> on 2023-01-01 07:30:00+00:00
[2024-06-28T18:15:18.283+0000] {standard_task_runner.py:63} INFO - Started process 1298 to run task
[2024-06-28T18:15:18.285+0000] {standard_task_runner.py:90} INFO - Running: ['airflow', 'tasks', 'run', 'ecomm_data_pipeline', 'generate_and_insert_data', 'scheduled__2023-01-01T07:30:00+00:00', '--job-id', '92', '--raw', '--subdir', 'DAGS_FOLDER/ecomm_dag.py', '--cfg-path', '/tmp/tmpuscu7wd4']
[2024-06-28T18:15:18.285+0000] {standard_task_runner.py:91} INFO - Job 92: Subtask generate_and_insert_data
[2024-06-28T18:15:18.302+0000] {task_command.py:426} INFO - Running <TaskInstance: ecomm_data_pipeline.generate_and_insert_data scheduled__2023-01-01T07:30:00+00:00 [running]> on host 08cefd381a1f
[2024-06-28T18:15:18.331+0000] {taskinstance.py:2648} INFO - Exporting env vars: AIRFLOW_CTX_DAG_OWNER='airflow' AIRFLOW_CTX_DAG_ID='ecomm_data_pipeline' AIRFLOW_CTX_TASK_ID='generate_and_insert_data' AIRFLOW_CTX_EXECUTION_DATE='2023-01-01T07:30:00+00:00' AIRFLOW_CTX_TRY_NUMBER='1' AIRFLOW_CTX_DAG_RUN_ID='scheduled__2023-01-01T07:30:00+00:00'
[2024-06-28T18:15:18.331+0000] {taskinstance.py:430} INFO - ::endgroup::
[2024-06-28T18:15:18.387+0000] {logging_mixin.py:188} INFO - Error in generate_and_insert_data: Command '['python3', '/opt/airflow/generator/ecomm_generator.py']' returned non-zero exit status 1.
[2024-06-28T18:15:18.387+0000] {logging_mixin.py:188} INFO - stdout: 
[2024-06-28T18:15:18.387+0000] {logging_mixin.py:188} INFO - stderr: Traceback (most recent call last):
  File "/opt/airflow/generator/ecomm_generator.py", line 4, in <module>
    from faker import Faker
ModuleNotFoundError: No module named 'faker'
[2024-06-28T18:15:18.388+0000] {python.py:237} INFO - Done. Returned value was: None
[2024-06-28T18:15:18.388+0000] {taskinstance.py:441} INFO - ::group::Post task execution logs
[2024-06-28T18:15:18.392+0000] {taskinstance.py:1206} INFO - Marking task as SUCCESS. dag_id=ecomm_data_pipeline, task_id=generate_and_insert_data, run_id=scheduled__2023-01-01T07:30:00+00:00, execution_date=20230101T073000, start_date=20240628T181518, end_date=20240628T181518
[2024-06-28T18:15:18.433+0000] {local_task_job_runner.py:240} INFO - Task exited with return code 0
[2024-06-28T18:15:18.441+0000] {taskinstance.py:3503} INFO - 0 downstream tasks scheduled from follow-on schedule check
[2024-06-28T18:15:18.441+0000] {local_task_job_runner.py:222} INFO - ::endgroup::
[2024-06-28T18:22:03.708+0000] {local_task_job_runner.py:120} INFO - ::group::Pre task execution logs
[2024-06-28T18:22:03.719+0000] {taskinstance.py:2076} INFO - Dependencies all met for dep_context=non-requeueable deps ti=<TaskInstance: ecomm_data_pipeline.generate_and_insert_data scheduled__2023-01-01T07:30:00+00:00 [queued]>
[2024-06-28T18:22:03.721+0000] {taskinstance.py:2076} INFO - Dependencies all met for dep_context=requeueable deps ti=<TaskInstance: ecomm_data_pipeline.generate_and_insert_data scheduled__2023-01-01T07:30:00+00:00 [queued]>
[2024-06-28T18:22:03.721+0000] {taskinstance.py:2306} INFO - Starting attempt 1 of 2
[2024-06-28T18:22:03.725+0000] {taskinstance.py:2330} INFO - Executing <Task(PythonOperator): generate_and_insert_data> on 2023-01-01 07:30:00+00:00
[2024-06-28T18:22:03.727+0000] {standard_task_runner.py:63} INFO - Started process 976 to run task
[2024-06-28T18:22:03.728+0000] {standard_task_runner.py:90} INFO - Running: ['airflow', 'tasks', 'run', 'ecomm_data_pipeline', 'generate_and_insert_data', 'scheduled__2023-01-01T07:30:00+00:00', '--job-id', '68', '--raw', '--subdir', 'DAGS_FOLDER/ecomm_dag.py', '--cfg-path', '/tmp/tmp7rmjzwhd']
[2024-06-28T18:22:03.729+0000] {standard_task_runner.py:91} INFO - Job 68: Subtask generate_and_insert_data
[2024-06-28T18:22:03.747+0000] {task_command.py:426} INFO - Running <TaskInstance: ecomm_data_pipeline.generate_and_insert_data scheduled__2023-01-01T07:30:00+00:00 [running]> on host 6570e5857071
[2024-06-28T18:22:03.776+0000] {taskinstance.py:2648} INFO - Exporting env vars: AIRFLOW_CTX_DAG_OWNER='airflow' AIRFLOW_CTX_DAG_ID='ecomm_data_pipeline' AIRFLOW_CTX_TASK_ID='generate_and_insert_data' AIRFLOW_CTX_EXECUTION_DATE='2023-01-01T07:30:00+00:00' AIRFLOW_CTX_TRY_NUMBER='1' AIRFLOW_CTX_DAG_RUN_ID='scheduled__2023-01-01T07:30:00+00:00'
[2024-06-28T18:22:03.776+0000] {taskinstance.py:430} INFO - ::endgroup::
[2024-06-28T18:22:03.834+0000] {logging_mixin.py:188} INFO - Error in generate_and_insert_data: Command '['python3', '/opt/airflow/generator/ecomm_generator.py']' returned non-zero exit status 1.
[2024-06-28T18:22:03.834+0000] {logging_mixin.py:188} INFO - stdout: 
[2024-06-28T18:22:03.834+0000] {logging_mixin.py:188} INFO - stderr: Traceback (most recent call last):
  File "/opt/airflow/generator/ecomm_generator.py", line 4, in <module>
    from faker import Faker
ModuleNotFoundError: No module named 'faker'
[2024-06-28T18:22:03.834+0000] {python.py:237} INFO - Done. Returned value was: None
[2024-06-28T18:22:03.835+0000] {taskinstance.py:441} INFO - ::group::Post task execution logs
[2024-06-28T18:22:03.840+0000] {taskinstance.py:1206} INFO - Marking task as SUCCESS. dag_id=ecomm_data_pipeline, task_id=generate_and_insert_data, run_id=scheduled__2023-01-01T07:30:00+00:00, execution_date=20230101T073000, start_date=20240628T182203, end_date=20240628T182203
[2024-06-28T18:22:03.878+0000] {local_task_job_runner.py:240} INFO - Task exited with return code 0
[2024-06-28T18:22:03.885+0000] {taskinstance.py:3503} INFO - 0 downstream tasks scheduled from follow-on schedule check
[2024-06-28T18:22:03.886+0000] {local_task_job_runner.py:222} INFO - ::endgroup::
[2024-06-28T18:32:02.004+0000] {local_task_job_runner.py:120} INFO - ::group::Pre task execution logs
[2024-06-28T18:32:02.016+0000] {taskinstance.py:2076} INFO - Dependencies all met for dep_context=non-requeueable deps ti=<TaskInstance: ecomm_data_pipeline.generate_and_insert_data scheduled__2023-01-01T07:30:00+00:00 [queued]>
[2024-06-28T18:32:02.018+0000] {taskinstance.py:2076} INFO - Dependencies all met for dep_context=requeueable deps ti=<TaskInstance: ecomm_data_pipeline.generate_and_insert_data scheduled__2023-01-01T07:30:00+00:00 [queued]>
[2024-06-28T18:32:02.018+0000] {taskinstance.py:2306} INFO - Starting attempt 1 of 2
[2024-06-28T18:32:02.024+0000] {taskinstance.py:2330} INFO - Executing <Task(PythonOperator): generate_and_insert_data> on 2023-01-01 07:30:00+00:00
[2024-06-28T18:32:02.026+0000] {standard_task_runner.py:63} INFO - Started process 924 to run task
[2024-06-28T18:32:02.027+0000] {standard_task_runner.py:90} INFO - Running: ['airflow', 'tasks', 'run', 'ecomm_data_pipeline', 'generate_and_insert_data', 'scheduled__2023-01-01T07:30:00+00:00', '--job-id', '64', '--raw', '--subdir', 'DAGS_FOLDER/ecomm_dag.py', '--cfg-path', '/tmp/tmpcy4sjyl3']
[2024-06-28T18:32:02.028+0000] {standard_task_runner.py:91} INFO - Job 64: Subtask generate_and_insert_data
[2024-06-28T18:32:02.048+0000] {task_command.py:426} INFO - Running <TaskInstance: ecomm_data_pipeline.generate_and_insert_data scheduled__2023-01-01T07:30:00+00:00 [running]> on host 50bf780463b8
[2024-06-28T18:32:02.081+0000] {taskinstance.py:2648} INFO - Exporting env vars: AIRFLOW_CTX_DAG_OWNER='airflow' AIRFLOW_CTX_DAG_ID='ecomm_data_pipeline' AIRFLOW_CTX_TASK_ID='generate_and_insert_data' AIRFLOW_CTX_EXECUTION_DATE='2023-01-01T07:30:00+00:00' AIRFLOW_CTX_TRY_NUMBER='1' AIRFLOW_CTX_DAG_RUN_ID='scheduled__2023-01-01T07:30:00+00:00'
[2024-06-28T18:32:02.082+0000] {taskinstance.py:430} INFO - ::endgroup::
[2024-06-28T18:32:02.141+0000] {logging_mixin.py:188} INFO - Error in generate_and_insert_data: Command '['python3', '/opt/airflow/generator/ecomm_generator.py']' returned non-zero exit status 1.
[2024-06-28T18:32:02.141+0000] {logging_mixin.py:188} INFO - stdout: 
[2024-06-28T18:32:02.141+0000] {logging_mixin.py:188} INFO - stderr: Traceback (most recent call last):
  File "/opt/airflow/generator/ecomm_generator.py", line 4, in <module>
    from faker import Faker
ModuleNotFoundError: No module named 'faker'
[2024-06-28T18:32:02.141+0000] {python.py:237} INFO - Done. Returned value was: None
[2024-06-28T18:32:02.142+0000] {taskinstance.py:441} INFO - ::group::Post task execution logs
[2024-06-28T18:32:02.147+0000] {taskinstance.py:1206} INFO - Marking task as SUCCESS. dag_id=ecomm_data_pipeline, task_id=generate_and_insert_data, run_id=scheduled__2023-01-01T07:30:00+00:00, execution_date=20230101T073000, start_date=20240628T183202, end_date=20240628T183202
[2024-06-28T18:32:02.169+0000] {local_task_job_runner.py:240} INFO - Task exited with return code 0
[2024-06-28T18:32:02.177+0000] {taskinstance.py:3503} INFO - 0 downstream tasks scheduled from follow-on schedule check
[2024-06-28T18:32:02.177+0000] {local_task_job_runner.py:222} INFO - ::endgroup::
