[2024-07-15T23:59:35.757+0000] {taskinstance.py:1037} DEBUG - previous_execution_date was called
[2024-07-15T23:59:35.762+0000] {__init__.py:51} DEBUG - Loading core task runner: StandardTaskRunner
[2024-07-15T23:59:35.766+0000] {taskinstance.py:1037} DEBUG - previous_execution_date was called
[2024-07-15T23:59:35.767+0000] {base_task_runner.py:68} DEBUG - Planning to run as the  user
[2024-07-15T23:59:35.769+0000] {taskinstance.py:789} DEBUG - Refreshing TaskInstance <TaskInstance: run_dbt_model_crm_sales.model.matt_demo.crm_performance manual__2024-07-15T23:54:38.113182+00:00 [queued]> from DB
[2024-07-15T23:59:35.778+0000] {taskinstance.py:1112} DEBUG - <TaskInstance: run_dbt_model_crm_sales.model.matt_demo.crm_performance manual__2024-07-15T23:54:38.113182+00:00 [queued]> dependency 'Not In Retry Period' PASSED: True, The task instance was not marked for retrying.
[2024-07-15T23:59:35.784+0000] {taskinstance.py:1112} DEBUG - <TaskInstance: run_dbt_model_crm_sales.model.matt_demo.crm_performance manual__2024-07-15T23:54:38.113182+00:00 [queued]> dependency 'Task Instance State' PASSED: True, Task state queued was valid.
[2024-07-15T23:59:35.785+0000] {taskinstance.py:1112} DEBUG - <TaskInstance: run_dbt_model_crm_sales.model.matt_demo.crm_performance manual__2024-07-15T23:54:38.113182+00:00 [queued]> dependency 'Previous Dagrun State' PASSED: True, This task instance was the first task instance for its task.
[2024-07-15T23:59:35.786+0000] {taskinstance.py:1112} DEBUG - <TaskInstance: run_dbt_model_crm_sales.model.matt_demo.crm_performance manual__2024-07-15T23:54:38.113182+00:00 [queued]> dependency 'Task Instance Not Running' PASSED: True, Task is not in running state.
[2024-07-15T23:59:35.786+0000] {taskinstance.py:1103} INFO - Dependencies all met for dep_context=non-requeueable deps ti=<TaskInstance: run_dbt_model_crm_sales.model.matt_demo.crm_performance manual__2024-07-15T23:54:38.113182+00:00 [queued]>
[2024-07-15T23:59:35.786+0000] {taskinstance.py:1112} DEBUG - <TaskInstance: run_dbt_model_crm_sales.model.matt_demo.crm_performance manual__2024-07-15T23:54:38.113182+00:00 [queued]> dependency 'Not In Retry Period' PASSED: True, The task instance was not marked for retrying.
[2024-07-15T23:59:35.789+0000] {taskinstance.py:1112} DEBUG - <TaskInstance: run_dbt_model_crm_sales.model.matt_demo.crm_performance manual__2024-07-15T23:54:38.113182+00:00 [queued]> dependency 'Pool Slots Available' PASSED: True, There are enough open slots in default_pool to execute the task
[2024-07-15T23:59:35.791+0000] {taskinstance.py:1112} DEBUG - <TaskInstance: run_dbt_model_crm_sales.model.matt_demo.crm_performance manual__2024-07-15T23:54:38.113182+00:00 [queued]> dependency 'Previous Dagrun State' PASSED: True, This task instance was the first task instance for its task.
[2024-07-15T23:59:35.791+0000] {taskinstance.py:1112} DEBUG - <TaskInstance: run_dbt_model_crm_sales.model.matt_demo.crm_performance manual__2024-07-15T23:54:38.113182+00:00 [queued]> dependency 'Task Concurrency' PASSED: True, Task concurrency is not set.
[2024-07-15T23:59:35.791+0000] {taskinstance.py:1103} INFO - Dependencies all met for dep_context=requeueable deps ti=<TaskInstance: run_dbt_model_crm_sales.model.matt_demo.crm_performance manual__2024-07-15T23:54:38.113182+00:00 [queued]>
[2024-07-15T23:59:35.791+0000] {taskinstance.py:1308} INFO - Starting attempt 3 of 4
[2024-07-15T23:59:35.796+0000] {taskinstance.py:1327} INFO - Executing <Task(BashOperator): model.matt_demo.crm_performance> on 2024-07-15 23:54:38.113182+00:00
[2024-07-15T23:59:35.798+0000] {standard_task_runner.py:57} INFO - Started process 1642 to run task
[2024-07-15T23:59:35.799+0000] {standard_task_runner.py:84} INFO - Running: ['airflow', 'tasks', 'run', 'run_dbt_model_crm_sales', 'model.matt_demo.crm_performance', 'manual__2024-07-15T23:54:38.113182+00:00', '--job-id', '132', '--raw', '--subdir', 'DAGS_FOLDER/run_dbt_models_crm_sales.py', '--cfg-path', '/tmp/tmpniuidaew']
[2024-07-15T23:59:35.800+0000] {standard_task_runner.py:85} INFO - Job 132: Subtask model.matt_demo.crm_performance
[2024-07-15T23:59:35.800+0000] {cli_action_loggers.py:65} DEBUG - Calling callbacks: [<function default_action_log at 0xffff7ee0a550>]
[2024-07-15T23:59:35.819+0000] {taskinstance.py:1037} DEBUG - previous_execution_date was called
[2024-07-15T23:59:35.821+0000] {task_command.py:410} INFO - Running <TaskInstance: run_dbt_model_crm_sales.model.matt_demo.crm_performance manual__2024-07-15T23:54:38.113182+00:00 [running]> on host f934d9af8cb8
[2024-07-15T23:59:35.821+0000] {settings.py:353} DEBUG - Disposing DB connection pool (PID 1642)
[2024-07-15T23:59:35.821+0000] {settings.py:212} DEBUG - Setting up DB connection pool (PID 1642)
[2024-07-15T23:59:35.821+0000] {settings.py:285} DEBUG - settings.prepare_engine_args(): Using NullPool
[2024-07-15T23:59:35.822+0000] {taskinstance.py:789} DEBUG - Refreshing TaskInstance <TaskInstance: run_dbt_model_crm_sales.model.matt_demo.crm_performance manual__2024-07-15T23:54:38.113182+00:00 [running]> from DB
[2024-07-15T23:59:35.837+0000] {taskinstance.py:1037} DEBUG - previous_execution_date was called
[2024-07-15T23:59:35.838+0000] {taskinstance.py:868} DEBUG - Clearing XCom data
[2024-07-15T23:59:35.849+0000] {retries.py:80} DEBUG - Running RenderedTaskInstanceFields._do_delete_old_records with retries. Try 1 of 3
[2024-07-15T23:59:35.854+0000] {taskinstance.py:1545} INFO - Exporting env vars: AIRFLOW_CTX_DAG_EMAIL='airflow@example.com' AIRFLOW_CTX_DAG_OWNER='airflow' AIRFLOW_CTX_DAG_ID='run_dbt_model_crm_sales' AIRFLOW_CTX_TASK_ID='model.matt_demo.crm_performance' AIRFLOW_CTX_EXECUTION_DATE='2024-07-15T23:54:38.113182+00:00' AIRFLOW_CTX_TRY_NUMBER='3' AIRFLOW_CTX_DAG_RUN_ID='manual__2024-07-15T23:54:38.113182+00:00'
[2024-07-15T23:59:35.855+0000] {__init__.py:117} DEBUG - Preparing lineage inlets and outlets
[2024-07-15T23:59:35.855+0000] {__init__.py:155} DEBUG - inlets: [], outlets: []
[2024-07-15T23:59:35.855+0000] {bash.py:186} DEBUG - Exporting env vars: AIRFLOW_CTX_DAG_EMAIL='airflow@example.com' AIRFLOW_CTX_DAG_OWNER='airflow' AIRFLOW_CTX_DAG_ID='run_dbt_model_crm_sales' AIRFLOW_CTX_TASK_ID='model.matt_demo.crm_performance' AIRFLOW_CTX_EXECUTION_DATE='2024-07-15T23:54:38.113182+00:00' AIRFLOW_CTX_TRY_NUMBER='3' AIRFLOW_CTX_DAG_RUN_ID='manual__2024-07-15T23:54:38.113182+00:00'
[2024-07-15T23:59:35.856+0000] {subprocess.py:63} INFO - Tmp dir root location: 
 /tmp
[2024-07-15T23:59:35.856+0000] {subprocess.py:75} INFO - Running command: ['/bin/bash', '-c', '\n            export DBT_SCHEMA=analysis_crm_sales &&\n            cd /opt/airflow/dbt &&\n            /home/airflow/.local/bin/dbt --no-write-json run --target dev --models crm_performance\n            ']
[2024-07-15T23:59:35.859+0000] {subprocess.py:86} INFO - Output:
[2024-07-15T23:59:36.770+0000] {subprocess.py:93} INFO - [0m23:59:36  Running with dbt=1.8.3
[2024-07-15T23:59:36.878+0000] {subprocess.py:93} INFO - [0m23:59:36  Registered adapter: ***=1.8.2
[2024-07-15T23:59:37.030+0000] {subprocess.py:93} INFO - [0m23:59:37  Found 6 models, 4 sources, 652 macros
[2024-07-15T23:59:37.032+0000] {subprocess.py:93} INFO - [0m23:59:37
[2024-07-15T23:59:37.081+0000] {subprocess.py:93} INFO - [0m23:59:37  Concurrency: 4 threads (target='dev')
[2024-07-15T23:59:37.082+0000] {subprocess.py:93} INFO - [0m23:59:37
[2024-07-15T23:59:37.086+0000] {subprocess.py:93} INFO - [0m23:59:37  1 of 1 START sql table model analysis_crm_sales.crm_performance ................ [RUN]
[2024-07-15T23:59:37.156+0000] {subprocess.py:93} INFO - [0m23:59:37  1 of 1 OK created sql table model analysis_crm_sales.crm_performance ........... [[32mSELECT 1050[0m in 0.07s]
[2024-07-15T23:59:37.162+0000] {subprocess.py:93} INFO - [0m23:59:37
[2024-07-15T23:59:37.162+0000] {subprocess.py:93} INFO - [0m23:59:37  Finished running 1 table model in 0 hours 0 minutes and 0.13 seconds (0.13s).
[2024-07-15T23:59:37.163+0000] {subprocess.py:93} INFO - [0m23:59:37
[2024-07-15T23:59:37.163+0000] {subprocess.py:93} INFO - [0m23:59:37  [32mCompleted successfully[0m
[2024-07-15T23:59:37.164+0000] {subprocess.py:93} INFO - [0m23:59:37
[2024-07-15T23:59:37.164+0000] {subprocess.py:93} INFO - [0m23:59:37  Done. PASS=1 WARN=0 ERROR=0 SKIP=0 TOTAL=1
[2024-07-15T23:59:37.645+0000] {subprocess.py:97} INFO - Command exited with return code 0
[2024-07-15T23:59:37.658+0000] {__init__.py:75} DEBUG - Lineage called with inlets: [], outlets: []
[2024-07-15T23:59:37.658+0000] {taskinstance.py:789} DEBUG - Refreshing TaskInstance <TaskInstance: run_dbt_model_crm_sales.model.matt_demo.crm_performance manual__2024-07-15T23:54:38.113182+00:00 [running]> from DB
[2024-07-15T23:59:37.663+0000] {taskinstance.py:1356} DEBUG - Clearing next_method and next_kwargs.
[2024-07-15T23:59:37.663+0000] {taskinstance.py:1345} INFO - Marking task as SUCCESS. dag_id=run_dbt_model_crm_sales, task_id=model.matt_demo.crm_performance, execution_date=20240715T235438, start_date=20240715T235935, end_date=20240715T235937
[2024-07-15T23:59:37.663+0000] {taskinstance.py:2305} DEBUG - Task Duration set to 1.877048
[2024-07-15T23:59:37.668+0000] {cli_action_loggers.py:83} DEBUG - Calling callbacks: []
[2024-07-15T23:59:37.674+0000] {local_task_job_runner.py:225} INFO - Task exited with return code 0
[2024-07-15T23:59:37.693+0000] {dagrun.py:697} DEBUG - number of tis tasks for <DagRun run_dbt_model_crm_sales @ 2024-07-15 23:54:38.113182+00:00: manual__2024-07-15T23:54:38.113182+00:00, state:running, queued_at: 2024-07-15 23:54:38.125855+00:00. externally triggered: True>: 12 task(s)
[2024-07-15T23:59:37.693+0000] {dagrun.py:718} DEBUG - number of scheduleable tasks for <DagRun run_dbt_model_crm_sales @ 2024-07-15 23:54:38.113182+00:00: manual__2024-07-15T23:54:38.113182+00:00, state:running, queued_at: 2024-07-15 23:54:38.125855+00:00. externally triggered: True>: 2 task(s)
[2024-07-15T23:59:37.694+0000] {taskinstance.py:1112} DEBUG - <TaskInstance: run_dbt_model_crm_sales.generate_dbt_docs manual__2024-07-15T23:54:38.113182+00:00 [None]> dependency 'Not In Retry Period' PASSED: True, The task instance was not marked for retrying.
[2024-07-15T23:59:37.694+0000] {taskinstance.py:1112} DEBUG - <TaskInstance: run_dbt_model_crm_sales.generate_dbt_docs manual__2024-07-15T23:54:38.113182+00:00 [None]> dependency 'Trigger Rule' PASSED: False, Task's trigger rule 'all_success' requires all upstream tasks to have succeeded, but found 1 non-success(es). upstream_states=_UpstreamTIStates(success=9, skipped=0, failed=0, upstream_failed=0, removed=0, done=9), upstream_task_ids={'test.matt_demo.crm_performance', 'test.matt_demo.crm_stg_sales_teams', 'model.matt_demo.crm_stg_accounts', 'test.matt_demo.crm_stg_sales_pipelines', 'model.matt_demo.crm_stg_sales_pipelines', 'model.matt_demo.crm_performance', 'model.matt_demo.crm_stg_products', 'test.matt_demo.crm_stg_products', 'model.matt_demo.crm_stg_sales_teams', 'test.matt_demo.crm_stg_accounts'}
[2024-07-15T23:59:37.694+0000] {taskinstance.py:1093} DEBUG - Dependencies not met for <TaskInstance: run_dbt_model_crm_sales.generate_dbt_docs manual__2024-07-15T23:54:38.113182+00:00 [None]>, dependency 'Trigger Rule' FAILED: Task's trigger rule 'all_success' requires all upstream tasks to have succeeded, but found 1 non-success(es). upstream_states=_UpstreamTIStates(success=9, skipped=0, failed=0, upstream_failed=0, removed=0, done=9), upstream_task_ids={'test.matt_demo.crm_performance', 'test.matt_demo.crm_stg_sales_teams', 'model.matt_demo.crm_stg_accounts', 'test.matt_demo.crm_stg_sales_pipelines', 'model.matt_demo.crm_stg_sales_pipelines', 'model.matt_demo.crm_performance', 'model.matt_demo.crm_stg_products', 'test.matt_demo.crm_stg_products', 'model.matt_demo.crm_stg_sales_teams', 'test.matt_demo.crm_stg_accounts'}
[2024-07-15T23:59:37.695+0000] {taskinstance.py:1112} DEBUG - <TaskInstance: run_dbt_model_crm_sales.generate_dbt_docs manual__2024-07-15T23:54:38.113182+00:00 [None]> dependency 'Previous Dagrun State' PASSED: True, This task instance was the first task instance for its task.
[2024-07-15T23:59:37.696+0000] {taskinstance.py:1112} DEBUG - <TaskInstance: run_dbt_model_crm_sales.test.matt_demo.crm_performance manual__2024-07-15T23:54:38.113182+00:00 [None]> dependency 'Not In Retry Period' PASSED: True, The task instance was not marked for retrying.
[2024-07-15T23:59:37.697+0000] {taskinstance.py:1112} DEBUG - <TaskInstance: run_dbt_model_crm_sales.test.matt_demo.crm_performance manual__2024-07-15T23:54:38.113182+00:00 [None]> dependency 'Previous Dagrun State' PASSED: True, This task instance was the first task instance for its task.
[2024-07-15T23:59:37.697+0000] {taskinstance.py:1103} DEBUG - Dependencies all met for dep_context=None ti=<TaskInstance: run_dbt_model_crm_sales.test.matt_demo.crm_performance manual__2024-07-15T23:54:38.113182+00:00 [None]>
[2024-07-15T23:59:37.700+0000] {taskinstance.py:2651} INFO - 1 downstream tasks scheduled from follow-on schedule check
