[2024-07-06T21:16:40.499+0000] {taskinstance.py:1103} INFO - Dependencies all met for dep_context=non-requeueable deps ti=<TaskInstance: import_main_data.export_and_load_user_data scheduled__2024-07-06T04:00:00+00:00 [queued]>
[2024-07-06T21:16:40.506+0000] {taskinstance.py:1103} INFO - Dependencies all met for dep_context=requeueable deps ti=<TaskInstance: import_main_data.export_and_load_user_data scheduled__2024-07-06T04:00:00+00:00 [queued]>
[2024-07-06T21:16:40.507+0000] {taskinstance.py:1308} INFO - Starting attempt 29 of 30
[2024-07-06T21:16:40.515+0000] {taskinstance.py:1327} INFO - Executing <Task(BashOperator): export_and_load_user_data> on 2024-07-06 04:00:00+00:00
[2024-07-06T21:16:40.517+0000] {standard_task_runner.py:57} INFO - Started process 1909 to run task
[2024-07-06T21:16:40.519+0000] {standard_task_runner.py:84} INFO - Running: ['airflow', 'tasks', 'run', 'import_main_data', 'export_and_load_user_data', 'scheduled__2024-07-06T04:00:00+00:00', '--job-id', '1016', '--raw', '--subdir', 'DAGS_FOLDER/import_raw_data.py', '--cfg-path', '/tmp/tmp4gkfh_c2']
[2024-07-06T21:16:40.520+0000] {standard_task_runner.py:85} INFO - Job 1016: Subtask export_and_load_user_data
[2024-07-06T21:16:40.554+0000] {task_command.py:410} INFO - Running <TaskInstance: import_main_data.export_and_load_user_data scheduled__2024-07-06T04:00:00+00:00 [running]> on host c058add182a5
[2024-07-06T21:16:40.614+0000] {taskinstance.py:1545} INFO - Exporting env vars: AIRFLOW_CTX_DAG_EMAIL='airflow@example.com' AIRFLOW_CTX_DAG_OWNER='airflow' AIRFLOW_CTX_DAG_ID='import_main_data' AIRFLOW_CTX_TASK_ID='export_and_load_user_data' AIRFLOW_CTX_EXECUTION_DATE='2024-07-06T04:00:00+00:00' AIRFLOW_CTX_TRY_NUMBER='29' AIRFLOW_CTX_DAG_RUN_ID='scheduled__2024-07-06T04:00:00+00:00'
[2024-07-06T21:16:40.614+0000] {subprocess.py:63} INFO - Tmp dir root location: 
 /tmp
[2024-07-06T21:16:40.615+0000] {subprocess.py:75} INFO - Running command: ['/bin/bash', '-c', "bash /opt/airflow/scripts/import_core_data.sh users user_id 'user_id, username, email, address, phone_number, created_at' ***ql://***:***@company_db:5432/company_db ***ql://***:***@company_dw:5432/company_dw"]
[2024-07-06T21:16:40.617+0000] {subprocess.py:86} INFO - Output:
[2024-07-06T21:16:40.668+0000] {subprocess.py:93} INFO - CREATE TABLE
[2024-07-06T21:16:40.693+0000] {subprocess.py:93} INFO - COPY 7557
[2024-07-06T21:16:40.708+0000] {subprocess.py:93} INFO - INSERT 0 0
[2024-07-06T21:16:40.709+0000] {subprocess.py:93} INFO - DROP TABLE
[2024-07-06T21:16:40.709+0000] {subprocess.py:97} INFO - Command exited with return code 0
[2024-07-06T21:16:40.721+0000] {taskinstance.py:1345} INFO - Marking task as SUCCESS. dag_id=import_main_data, task_id=export_and_load_user_data, execution_date=20240706T040000, start_date=20240706T211640, end_date=20240706T211640
[2024-07-06T21:16:40.742+0000] {local_task_job_runner.py:225} INFO - Task exited with return code 0
[2024-07-06T21:16:40.755+0000] {taskinstance.py:2651} INFO - 1 downstream tasks scheduled from follow-on schedule check
