[2024-07-06T20:22:57.668+0000] {taskinstance.py:1103} INFO - Dependencies all met for dep_context=non-requeueable deps ti=<TaskInstance: import_main_data.export_and_load_user_data scheduled__2024-07-06T04:00:00+00:00 [queued]>
[2024-07-06T20:22:57.671+0000] {taskinstance.py:1103} INFO - Dependencies all met for dep_context=requeueable deps ti=<TaskInstance: import_main_data.export_and_load_user_data scheduled__2024-07-06T04:00:00+00:00 [queued]>
[2024-07-06T20:22:57.671+0000] {taskinstance.py:1308} INFO - Starting attempt 21 of 22
[2024-07-06T20:22:57.675+0000] {taskinstance.py:1327} INFO - Executing <Task(BashOperator): export_and_load_user_data> on 2024-07-06 04:00:00+00:00
[2024-07-06T20:22:57.676+0000] {standard_task_runner.py:57} INFO - Started process 225 to run task
[2024-07-06T20:22:57.678+0000] {standard_task_runner.py:84} INFO - Running: ['airflow', 'tasks', 'run', 'import_main_data', 'export_and_load_user_data', 'scheduled__2024-07-06T04:00:00+00:00', '--job-id', '989', '--raw', '--subdir', 'DAGS_FOLDER/import_raw_data.py', '--cfg-path', '/tmp/tmpeuhywrux']
[2024-07-06T20:22:57.679+0000] {standard_task_runner.py:85} INFO - Job 989: Subtask export_and_load_user_data
[2024-07-06T20:22:57.699+0000] {task_command.py:410} INFO - Running <TaskInstance: import_main_data.export_and_load_user_data scheduled__2024-07-06T04:00:00+00:00 [running]> on host c058add182a5
[2024-07-06T20:22:57.739+0000] {taskinstance.py:1545} INFO - Exporting env vars: AIRFLOW_CTX_DAG_EMAIL='airflow@example.com' AIRFLOW_CTX_DAG_OWNER='airflow' AIRFLOW_CTX_DAG_ID='import_main_data' AIRFLOW_CTX_TASK_ID='export_and_load_user_data' AIRFLOW_CTX_EXECUTION_DATE='2024-07-06T04:00:00+00:00' AIRFLOW_CTX_TRY_NUMBER='21' AIRFLOW_CTX_DAG_RUN_ID='scheduled__2024-07-06T04:00:00+00:00'
[2024-07-06T20:22:57.740+0000] {subprocess.py:63} INFO - Tmp dir root location: 
 /tmp
[2024-07-06T20:22:57.741+0000] {subprocess.py:75} INFO - Running command: ['/bin/bash', '-c', "bash /opt/airflow/scripts/import_core_data.sh users user_id 'user_id, username, email, address, phone_number, created_at' ***ql://***:***@company_db:5432/company_db ***ql://***:***@company_dw:5432/company_dw"]
[2024-07-06T20:22:57.743+0000] {subprocess.py:86} INFO - Output:
[2024-07-06T20:22:57.776+0000] {subprocess.py:93} INFO - COPY 7557
[2024-07-06T20:22:57.791+0000] {subprocess.py:93} INFO - CREATE TABLE
[2024-07-06T20:22:57.803+0000] {subprocess.py:93} INFO - ERROR:  relation "temp_users" does not exist
[2024-07-06T20:22:57.815+0000] {subprocess.py:93} INFO - ERROR:  relation "temp_users" does not exist
[2024-07-06T20:22:57.815+0000] {subprocess.py:93} INFO - LINE 4:     FROM temp_users
[2024-07-06T20:22:57.816+0000] {subprocess.py:93} INFO -                  ^
[2024-07-06T20:22:57.816+0000] {subprocess.py:97} INFO - Command exited with return code 1
[2024-07-06T20:22:57.821+0000] {taskinstance.py:1824} ERROR - Task failed with exception
Traceback (most recent call last):
  File "/home/airflow/.local/lib/python3.9/site-packages/airflow/operators/bash.py", line 210, in execute
    raise AirflowException(
airflow.exceptions.AirflowException: Bash command failed. The command returned a non-zero exit code 1.
[2024-07-06T20:22:57.823+0000] {taskinstance.py:1345} INFO - Marking task as UP_FOR_RETRY. dag_id=import_main_data, task_id=export_and_load_user_data, execution_date=20240706T040000, start_date=20240706T202257, end_date=20240706T202257
[2024-07-06T20:22:57.828+0000] {standard_task_runner.py:104} ERROR - Failed to execute job 989 for task export_and_load_user_data (Bash command failed. The command returned a non-zero exit code 1.; 225)
[2024-07-06T20:22:57.862+0000] {local_task_job_runner.py:225} INFO - Task exited with return code 1
[2024-07-06T20:22:57.873+0000] {taskinstance.py:2651} INFO - 0 downstream tasks scheduled from follow-on schedule check
