[2024-07-06T21:11:23.211+0000] {taskinstance.py:1103} INFO - Dependencies all met for dep_context=non-requeueable deps ti=<TaskInstance: import_main_data.export_and_load_user_data scheduled__2024-07-06T04:00:00+00:00 [queued]>
[2024-07-06T21:11:23.215+0000] {taskinstance.py:1103} INFO - Dependencies all met for dep_context=requeueable deps ti=<TaskInstance: import_main_data.export_and_load_user_data scheduled__2024-07-06T04:00:00+00:00 [queued]>
[2024-07-06T21:11:23.215+0000] {taskinstance.py:1308} INFO - Starting attempt 26 of 27
[2024-07-06T21:11:23.220+0000] {taskinstance.py:1327} INFO - Executing <Task(BashOperator): export_and_load_user_data> on 2024-07-06 04:00:00+00:00
[2024-07-06T21:11:23.221+0000] {standard_task_runner.py:57} INFO - Started process 1699 to run task
[2024-07-06T21:11:23.223+0000] {standard_task_runner.py:84} INFO - Running: ['airflow', 'tasks', 'run', 'import_main_data', 'export_and_load_user_data', 'scheduled__2024-07-06T04:00:00+00:00', '--job-id', '1006', '--raw', '--subdir', 'DAGS_FOLDER/import_raw_data.py', '--cfg-path', '/tmp/tmpudbeyepd']
[2024-07-06T21:11:23.224+0000] {standard_task_runner.py:85} INFO - Job 1006: Subtask export_and_load_user_data
[2024-07-06T21:11:23.246+0000] {task_command.py:410} INFO - Running <TaskInstance: import_main_data.export_and_load_user_data scheduled__2024-07-06T04:00:00+00:00 [running]> on host c058add182a5
[2024-07-06T21:11:23.291+0000] {taskinstance.py:1545} INFO - Exporting env vars: AIRFLOW_CTX_DAG_EMAIL='airflow@example.com' AIRFLOW_CTX_DAG_OWNER='airflow' AIRFLOW_CTX_DAG_ID='import_main_data' AIRFLOW_CTX_TASK_ID='export_and_load_user_data' AIRFLOW_CTX_EXECUTION_DATE='2024-07-06T04:00:00+00:00' AIRFLOW_CTX_TRY_NUMBER='26' AIRFLOW_CTX_DAG_RUN_ID='scheduled__2024-07-06T04:00:00+00:00'
[2024-07-06T21:11:23.291+0000] {subprocess.py:63} INFO - Tmp dir root location: 
 /tmp
[2024-07-06T21:11:23.292+0000] {subprocess.py:75} INFO - Running command: ['/bin/bash', '-c', "bash /opt/airflow/scripts/import_core_data.sh users user_id 'user_id, username, email, address, phone_number, created_at' ***ql://***:***@company_db:5432/company_db ***ql://***:***@company_dw:5432/company_dw"]
[2024-07-06T21:11:23.294+0000] {subprocess.py:86} INFO - Output:
[2024-07-06T21:11:23.327+0000] {subprocess.py:93} INFO - CREATE TABLE
[2024-07-06T21:11:23.341+0000] {subprocess.py:93} INFO - ERROR:  relation "temp_users" does not exist
[2024-07-06T21:11:23.354+0000] {subprocess.py:93} INFO - ERROR:  relation "raw.users" does not exist
[2024-07-06T21:11:23.355+0000] {subprocess.py:93} INFO - LINE 1: INSERT INTO raw.users(user_id, username, email, address, pho...
[2024-07-06T21:11:23.355+0000] {subprocess.py:93} INFO -                     ^
[2024-07-06T21:11:23.355+0000] {subprocess.py:97} INFO - Command exited with return code 1
[2024-07-06T21:11:23.361+0000] {taskinstance.py:1824} ERROR - Task failed with exception
Traceback (most recent call last):
  File "/home/airflow/.local/lib/python3.9/site-packages/airflow/operators/bash.py", line 210, in execute
    raise AirflowException(
airflow.exceptions.AirflowException: Bash command failed. The command returned a non-zero exit code 1.
[2024-07-06T21:11:23.362+0000] {taskinstance.py:1345} INFO - Marking task as UP_FOR_RETRY. dag_id=import_main_data, task_id=export_and_load_user_data, execution_date=20240706T040000, start_date=20240706T211123, end_date=20240706T211123
[2024-07-06T21:11:23.367+0000] {standard_task_runner.py:104} ERROR - Failed to execute job 1006 for task export_and_load_user_data (Bash command failed. The command returned a non-zero exit code 1.; 1699)
[2024-07-06T21:11:23.407+0000] {local_task_job_runner.py:225} INFO - Task exited with return code 1
[2024-07-06T21:11:23.418+0000] {taskinstance.py:2651} INFO - 0 downstream tasks scheduled from follow-on schedule check
