[2024-07-06T20:04:16.769+0000] {taskinstance.py:1103} INFO - Dependencies all met for dep_context=non-requeueable deps ti=<TaskInstance: import_main_data.export_and_load_user_data scheduled__2024-07-06T04:00:00+00:00 [queued]>
[2024-07-06T20:04:16.773+0000] {taskinstance.py:1103} INFO - Dependencies all met for dep_context=requeueable deps ti=<TaskInstance: import_main_data.export_and_load_user_data scheduled__2024-07-06T04:00:00+00:00 [queued]>
[2024-07-06T20:04:16.773+0000] {taskinstance.py:1308} INFO - Starting attempt 14 of 15
[2024-07-06T20:04:16.777+0000] {taskinstance.py:1327} INFO - Executing <Task(BashOperator): export_and_load_user_data> on 2024-07-06 04:00:00+00:00
[2024-07-06T20:04:16.779+0000] {standard_task_runner.py:57} INFO - Started process 2993 to run task
[2024-07-06T20:04:16.780+0000] {standard_task_runner.py:84} INFO - Running: ['airflow', 'tasks', 'run', 'import_main_data', 'export_and_load_user_data', 'scheduled__2024-07-06T04:00:00+00:00', '--job-id', '968', '--raw', '--subdir', 'DAGS_FOLDER/import_raw_data.py', '--cfg-path', '/tmp/tmp37pl5nse']
[2024-07-06T20:04:16.781+0000] {standard_task_runner.py:85} INFO - Job 968: Subtask export_and_load_user_data
[2024-07-06T20:04:16.803+0000] {task_command.py:410} INFO - Running <TaskInstance: import_main_data.export_and_load_user_data scheduled__2024-07-06T04:00:00+00:00 [running]> on host f6bf59d3e65b
[2024-07-06T20:04:16.848+0000] {taskinstance.py:1545} INFO - Exporting env vars: AIRFLOW_CTX_DAG_EMAIL='airflow@example.com' AIRFLOW_CTX_DAG_OWNER='airflow' AIRFLOW_CTX_DAG_ID='import_main_data' AIRFLOW_CTX_TASK_ID='export_and_load_user_data' AIRFLOW_CTX_EXECUTION_DATE='2024-07-06T04:00:00+00:00' AIRFLOW_CTX_TRY_NUMBER='14' AIRFLOW_CTX_DAG_RUN_ID='scheduled__2024-07-06T04:00:00+00:00'
[2024-07-06T20:04:16.848+0000] {subprocess.py:63} INFO - Tmp dir root location: 
 /tmp
[2024-07-06T20:04:16.849+0000] {subprocess.py:75} INFO - Running command: ['/bin/bash', '-c', '\n        LAST_TRANSFER=$(psql ***ql://***:***@company_dw:5432/company_dw -t -c "SELECT COALESCE((SELECT last_transfer FROM ops.last_transfer WHERE table_name = \'users\' ORDER BY last_transfer DESC LIMIT 1), \'1970-01-01 00:00:00\')")\n        psql ***ql://***:***@company_db:5432/company_db -c "\\copy (SELECT * FROM users WHERE created_at > \'$LAST_TRANSFER\') TO stdout" |         psql ***ql://***:***@company_dw:5432/company_dw -c "BEGIN; CREATE TEMP TABLE temp_users (LIKE raw.users INCLUDING DEFAULTS); \\\\copy temp_users FROM stdin; INSERT INTO raw.users(user_id, username, email, address, phone_number, created_at) SELECT user_id, username, email, address, phone_number, created_at FROM temp_users WHERE temp_users.user_id NOT IN (SELECT user_id FROM raw.users); DROP TABLE temp_users; COMMIT;"\n    ']
[2024-07-06T20:04:16.851+0000] {subprocess.py:86} INFO - Output:
[2024-07-06T20:04:16.877+0000] {subprocess.py:93} INFO - ERROR:  syntax error at or near "\"
[2024-07-06T20:04:16.878+0000] {subprocess.py:93} INFO - LINE 1: ...E temp_users (LIKE raw.users INCLUDING DEFAULTS); \copy temp...
[2024-07-06T20:04:16.878+0000] {subprocess.py:93} INFO -                                                              ^
[2024-07-06T20:04:16.878+0000] {subprocess.py:97} INFO - Command exited with return code 1
[2024-07-06T20:04:16.884+0000] {taskinstance.py:1824} ERROR - Task failed with exception
Traceback (most recent call last):
  File "/home/airflow/.local/lib/python3.9/site-packages/airflow/operators/bash.py", line 210, in execute
    raise AirflowException(
airflow.exceptions.AirflowException: Bash command failed. The command returned a non-zero exit code 1.
[2024-07-06T20:04:16.885+0000] {taskinstance.py:1345} INFO - Marking task as UP_FOR_RETRY. dag_id=import_main_data, task_id=export_and_load_user_data, execution_date=20240706T040000, start_date=20240706T200416, end_date=20240706T200416
[2024-07-06T20:04:16.890+0000] {standard_task_runner.py:104} ERROR - Failed to execute job 968 for task export_and_load_user_data (Bash command failed. The command returned a non-zero exit code 1.; 2993)
[2024-07-06T20:04:16.922+0000] {local_task_job_runner.py:225} INFO - Task exited with return code 1
[2024-07-06T20:04:16.932+0000] {taskinstance.py:2651} INFO - 0 downstream tasks scheduled from follow-on schedule check
