[2024-07-06T21:35:39.230+0000] {taskinstance.py:1103} INFO - Dependencies all met for dep_context=non-requeueable deps ti=<TaskInstance: import_main_data.export_and_load_user_data scheduled__2024-07-06T04:00:00+00:00 [queued]>
[2024-07-06T21:35:39.233+0000] {taskinstance.py:1103} INFO - Dependencies all met for dep_context=requeueable deps ti=<TaskInstance: import_main_data.export_and_load_user_data scheduled__2024-07-06T04:00:00+00:00 [queued]>
[2024-07-06T21:35:39.234+0000] {taskinstance.py:1308} INFO - Starting attempt 30 of 31
[2024-07-06T21:35:39.238+0000] {taskinstance.py:1327} INFO - Executing <Task(BashOperator): export_and_load_user_data> on 2024-07-06 04:00:00+00:00
[2024-07-06T21:35:39.239+0000] {standard_task_runner.py:57} INFO - Started process 2761 to run task
[2024-07-06T21:35:39.240+0000] {standard_task_runner.py:84} INFO - Running: ['airflow', 'tasks', 'run', 'import_main_data', 'export_and_load_user_data', 'scheduled__2024-07-06T04:00:00+00:00', '--job-id', '1029', '--raw', '--subdir', 'DAGS_FOLDER/import_raw_data.py', '--cfg-path', '/tmp/tmp9c4fo8lu']
[2024-07-06T21:35:39.241+0000] {standard_task_runner.py:85} INFO - Job 1029: Subtask export_and_load_user_data
[2024-07-06T21:35:39.260+0000] {task_command.py:410} INFO - Running <TaskInstance: import_main_data.export_and_load_user_data scheduled__2024-07-06T04:00:00+00:00 [running]> on host c058add182a5
[2024-07-06T21:35:39.320+0000] {taskinstance.py:1545} INFO - Exporting env vars: AIRFLOW_CTX_DAG_EMAIL='airflow@example.com' AIRFLOW_CTX_DAG_OWNER='airflow' AIRFLOW_CTX_DAG_ID='import_main_data' AIRFLOW_CTX_TASK_ID='export_and_load_user_data' AIRFLOW_CTX_EXECUTION_DATE='2024-07-06T04:00:00+00:00' AIRFLOW_CTX_TRY_NUMBER='30' AIRFLOW_CTX_DAG_RUN_ID='scheduled__2024-07-06T04:00:00+00:00'
[2024-07-06T21:35:39.322+0000] {subprocess.py:63} INFO - Tmp dir root location: 
 /tmp
[2024-07-06T21:35:39.323+0000] {subprocess.py:75} INFO - Running command: ['/bin/bash', '-c', "bash /opt/airflow/scripts/import_core_data.sh users user_id 'user_id, username, email, address, phone_number, created_at' ***ql://***:***@company_db:5432/company_db ***ql://***:***@company_dw:5432/company_dw"]
[2024-07-06T21:35:39.326+0000] {subprocess.py:86} INFO - Output:
[2024-07-06T21:35:39.387+0000] {subprocess.py:93} INFO - CREATE TABLE
[2024-07-06T21:35:39.415+0000] {subprocess.py:93} INFO - COPY 0
[2024-07-06T21:35:39.435+0000] {subprocess.py:93} INFO - INSERT 0 0
[2024-07-06T21:35:39.437+0000] {subprocess.py:93} INFO - DROP TABLE
[2024-07-06T21:35:39.437+0000] {subprocess.py:97} INFO - Command exited with return code 0
[2024-07-06T21:35:39.461+0000] {taskinstance.py:1345} INFO - Marking task as SUCCESS. dag_id=import_main_data, task_id=export_and_load_user_data, execution_date=20240706T040000, start_date=20240706T213539, end_date=20240706T213539
[2024-07-06T21:35:39.504+0000] {local_task_job_runner.py:225} INFO - Task exited with return code 0
[2024-07-06T21:35:39.521+0000] {taskinstance.py:2651} INFO - 1 downstream tasks scheduled from follow-on schedule check
