[2024-06-27T22:34:54.775+0000] {local_task_job_runner.py:120} INFO - ::group::Pre task execution logs
[2024-06-27T22:34:54.785+0000] {taskinstance.py:2076} INFO - Dependencies all met for dep_context=non-requeueable deps ti=<TaskInstance: ecomm_data_pipeline.generate_and_insert_data scheduled__2023-01-01T09:10:00+00:00 [queued]>
[2024-06-27T22:34:54.787+0000] {taskinstance.py:2076} INFO - Dependencies all met for dep_context=requeueable deps ti=<TaskInstance: ecomm_data_pipeline.generate_and_insert_data scheduled__2023-01-01T09:10:00+00:00 [queued]>
[2024-06-27T22:34:54.788+0000] {taskinstance.py:2306} INFO - Starting attempt 1 of 2
[2024-06-27T22:34:54.792+0000] {taskinstance.py:2330} INFO - Executing <Task(PythonOperator): generate_and_insert_data> on 2023-01-01 09:10:00+00:00
[2024-06-27T22:34:54.793+0000] {standard_task_runner.py:63} INFO - Started process 1074 to run task
[2024-06-27T22:34:54.794+0000] {standard_task_runner.py:90} INFO - Running: ['airflow', 'tasks', 'run', 'ecomm_data_pipeline', 'generate_and_insert_data', 'scheduled__2023-01-01T09:10:00+00:00', '--job-id', '74', '--raw', '--subdir', 'DAGS_FOLDER/ecomm_dag.py', '--cfg-path', '/tmp/tmpkphnjlsm']
[2024-06-27T22:34:54.795+0000] {standard_task_runner.py:91} INFO - Job 74: Subtask generate_and_insert_data
[2024-06-27T22:34:54.811+0000] {task_command.py:426} INFO - Running <TaskInstance: ecomm_data_pipeline.generate_and_insert_data scheduled__2023-01-01T09:10:00+00:00 [running]> on host 9174587f6b1d
[2024-06-27T22:34:54.838+0000] {taskinstance.py:2648} INFO - Exporting env vars: AIRFLOW_CTX_DAG_OWNER='airflow' AIRFLOW_CTX_DAG_ID='ecomm_data_pipeline' AIRFLOW_CTX_TASK_ID='generate_and_insert_data' AIRFLOW_CTX_EXECUTION_DATE='2023-01-01T09:10:00+00:00' AIRFLOW_CTX_TRY_NUMBER='1' AIRFLOW_CTX_DAG_RUN_ID='scheduled__2023-01-01T09:10:00+00:00'
[2024-06-27T22:34:54.839+0000] {taskinstance.py:430} INFO - ::endgroup::
[2024-06-27T22:34:54.872+0000] {logging_mixin.py:188} INFO - Error in generate_and_insert_data: Command '['python3', './generator/ecomm_generator.py']' returned non-zero exit status 2.
[2024-06-27T22:34:54.873+0000] {python.py:237} INFO - Done. Returned value was: None
[2024-06-27T22:34:54.873+0000] {taskinstance.py:441} INFO - ::group::Post task execution logs
[2024-06-27T22:34:54.878+0000] {taskinstance.py:1206} INFO - Marking task as SUCCESS. dag_id=ecomm_data_pipeline, task_id=generate_and_insert_data, run_id=scheduled__2023-01-01T09:10:00+00:00, execution_date=20230101T091000, start_date=20240627T223454, end_date=20240627T223454
[2024-06-27T22:34:54.897+0000] {local_task_job_runner.py:240} INFO - Task exited with return code 0
[2024-06-27T22:34:54.904+0000] {taskinstance.py:3503} INFO - 0 downstream tasks scheduled from follow-on schedule check
[2024-06-27T22:34:54.904+0000] {local_task_job_runner.py:222} INFO - ::endgroup::
[2024-06-28T18:15:52.520+0000] {local_task_job_runner.py:120} INFO - ::group::Pre task execution logs
[2024-06-28T18:15:52.530+0000] {taskinstance.py:2076} INFO - Dependencies all met for dep_context=non-requeueable deps ti=<TaskInstance: ecomm_data_pipeline.generate_and_insert_data scheduled__2023-01-01T09:10:00+00:00 [queued]>
[2024-06-28T18:15:52.533+0000] {taskinstance.py:2076} INFO - Dependencies all met for dep_context=requeueable deps ti=<TaskInstance: ecomm_data_pipeline.generate_and_insert_data scheduled__2023-01-01T09:10:00+00:00 [queued]>
[2024-06-28T18:15:52.533+0000] {taskinstance.py:2306} INFO - Starting attempt 1 of 2
[2024-06-28T18:15:52.537+0000] {taskinstance.py:2330} INFO - Executing <Task(PythonOperator): generate_and_insert_data> on 2023-01-01 09:10:00+00:00
[2024-06-28T18:15:52.539+0000] {standard_task_runner.py:63} INFO - Started process 1591 to run task
[2024-06-28T18:15:52.540+0000] {standard_task_runner.py:90} INFO - Running: ['airflow', 'tasks', 'run', 'ecomm_data_pipeline', 'generate_and_insert_data', 'scheduled__2023-01-01T09:10:00+00:00', '--job-id', '113', '--raw', '--subdir', 'DAGS_FOLDER/ecomm_dag.py', '--cfg-path', '/tmp/tmp_cjzphf0']
[2024-06-28T18:15:52.541+0000] {standard_task_runner.py:91} INFO - Job 113: Subtask generate_and_insert_data
[2024-06-28T18:15:52.558+0000] {task_command.py:426} INFO - Running <TaskInstance: ecomm_data_pipeline.generate_and_insert_data scheduled__2023-01-01T09:10:00+00:00 [running]> on host 08cefd381a1f
[2024-06-28T18:15:52.586+0000] {taskinstance.py:2648} INFO - Exporting env vars: AIRFLOW_CTX_DAG_OWNER='airflow' AIRFLOW_CTX_DAG_ID='ecomm_data_pipeline' AIRFLOW_CTX_TASK_ID='generate_and_insert_data' AIRFLOW_CTX_EXECUTION_DATE='2023-01-01T09:10:00+00:00' AIRFLOW_CTX_TRY_NUMBER='1' AIRFLOW_CTX_DAG_RUN_ID='scheduled__2023-01-01T09:10:00+00:00'
[2024-06-28T18:15:52.586+0000] {taskinstance.py:430} INFO - ::endgroup::
[2024-06-28T18:15:52.642+0000] {logging_mixin.py:188} INFO - Error in generate_and_insert_data: Command '['python3', '/opt/airflow/generator/ecomm_generator.py']' returned non-zero exit status 1.
[2024-06-28T18:15:52.642+0000] {logging_mixin.py:188} INFO - stdout: 
[2024-06-28T18:15:52.643+0000] {logging_mixin.py:188} INFO - stderr: Traceback (most recent call last):
  File "/opt/airflow/generator/ecomm_generator.py", line 4, in <module>
    from faker import Faker
ModuleNotFoundError: No module named 'faker'
[2024-06-28T18:15:52.643+0000] {python.py:237} INFO - Done. Returned value was: None
[2024-06-28T18:15:52.643+0000] {taskinstance.py:441} INFO - ::group::Post task execution logs
[2024-06-28T18:15:52.648+0000] {taskinstance.py:1206} INFO - Marking task as SUCCESS. dag_id=ecomm_data_pipeline, task_id=generate_and_insert_data, run_id=scheduled__2023-01-01T09:10:00+00:00, execution_date=20230101T091000, start_date=20240628T181552, end_date=20240628T181552
[2024-06-28T18:15:52.690+0000] {local_task_job_runner.py:240} INFO - Task exited with return code 0
[2024-06-28T18:15:52.697+0000] {taskinstance.py:3503} INFO - 0 downstream tasks scheduled from follow-on schedule check
[2024-06-28T18:15:52.698+0000] {local_task_job_runner.py:222} INFO - ::endgroup::
[2024-06-28T18:22:23.028+0000] {local_task_job_runner.py:120} INFO - ::group::Pre task execution logs
[2024-06-28T18:22:23.040+0000] {taskinstance.py:2076} INFO - Dependencies all met for dep_context=non-requeueable deps ti=<TaskInstance: ecomm_data_pipeline.generate_and_insert_data scheduled__2023-01-01T09:10:00+00:00 [queued]>
[2024-06-28T18:22:23.042+0000] {taskinstance.py:2076} INFO - Dependencies all met for dep_context=requeueable deps ti=<TaskInstance: ecomm_data_pipeline.generate_and_insert_data scheduled__2023-01-01T09:10:00+00:00 [queued]>
[2024-06-28T18:22:23.042+0000] {taskinstance.py:2306} INFO - Starting attempt 1 of 2
[2024-06-28T18:22:23.047+0000] {taskinstance.py:2330} INFO - Executing <Task(PythonOperator): generate_and_insert_data> on 2023-01-01 09:10:00+00:00
[2024-06-28T18:22:23.049+0000] {standard_task_runner.py:63} INFO - Started process 1126 to run task
[2024-06-28T18:22:23.050+0000] {standard_task_runner.py:90} INFO - Running: ['airflow', 'tasks', 'run', 'ecomm_data_pipeline', 'generate_and_insert_data', 'scheduled__2023-01-01T09:10:00+00:00', '--job-id', '78', '--raw', '--subdir', 'DAGS_FOLDER/ecomm_dag.py', '--cfg-path', '/tmp/tmpexint1x0']
[2024-06-28T18:22:23.051+0000] {standard_task_runner.py:91} INFO - Job 78: Subtask generate_and_insert_data
[2024-06-28T18:22:23.071+0000] {task_command.py:426} INFO - Running <TaskInstance: ecomm_data_pipeline.generate_and_insert_data scheduled__2023-01-01T09:10:00+00:00 [running]> on host 6570e5857071
[2024-06-28T18:22:23.106+0000] {taskinstance.py:2648} INFO - Exporting env vars: AIRFLOW_CTX_DAG_OWNER='airflow' AIRFLOW_CTX_DAG_ID='ecomm_data_pipeline' AIRFLOW_CTX_TASK_ID='generate_and_insert_data' AIRFLOW_CTX_EXECUTION_DATE='2023-01-01T09:10:00+00:00' AIRFLOW_CTX_TRY_NUMBER='1' AIRFLOW_CTX_DAG_RUN_ID='scheduled__2023-01-01T09:10:00+00:00'
[2024-06-28T18:22:23.106+0000] {taskinstance.py:430} INFO - ::endgroup::
[2024-06-28T18:22:23.170+0000] {logging_mixin.py:188} INFO - Error in generate_and_insert_data: Command '['python3', '/opt/airflow/generator/ecomm_generator.py']' returned non-zero exit status 1.
[2024-06-28T18:22:23.170+0000] {logging_mixin.py:188} INFO - stdout: 
[2024-06-28T18:22:23.170+0000] {logging_mixin.py:188} INFO - stderr: Traceback (most recent call last):
  File "/opt/airflow/generator/ecomm_generator.py", line 4, in <module>
    from faker import Faker
ModuleNotFoundError: No module named 'faker'
[2024-06-28T18:22:23.171+0000] {python.py:237} INFO - Done. Returned value was: None
[2024-06-28T18:22:23.171+0000] {taskinstance.py:441} INFO - ::group::Post task execution logs
[2024-06-28T18:22:23.176+0000] {taskinstance.py:1206} INFO - Marking task as SUCCESS. dag_id=ecomm_data_pipeline, task_id=generate_and_insert_data, run_id=scheduled__2023-01-01T09:10:00+00:00, execution_date=20230101T091000, start_date=20240628T182223, end_date=20240628T182223
[2024-06-28T18:22:23.199+0000] {local_task_job_runner.py:240} INFO - Task exited with return code 0
[2024-06-28T18:22:23.206+0000] {taskinstance.py:3503} INFO - 0 downstream tasks scheduled from follow-on schedule check
[2024-06-28T18:22:23.206+0000] {local_task_job_runner.py:222} INFO - ::endgroup::
