[2024-07-15T23:56:53.269+0000] {taskinstance.py:1037} DEBUG - previous_execution_date was called
[2024-07-15T23:56:53.274+0000] {__init__.py:51} DEBUG - Loading core task runner: StandardTaskRunner
[2024-07-15T23:56:53.278+0000] {taskinstance.py:1037} DEBUG - previous_execution_date was called
[2024-07-15T23:56:53.279+0000] {base_task_runner.py:68} DEBUG - Planning to run as the  user
[2024-07-15T23:56:53.280+0000] {taskinstance.py:789} DEBUG - Refreshing TaskInstance <TaskInstance: run_dbt_model_crm_sales.model.matt_demo.crm_stg_sales_teams manual__2024-07-15T23:54:38.113182+00:00 [queued]> from DB
[2024-07-15T23:56:53.288+0000] {taskinstance.py:1112} DEBUG - <TaskInstance: run_dbt_model_crm_sales.model.matt_demo.crm_stg_sales_teams manual__2024-07-15T23:54:38.113182+00:00 [queued]> dependency 'Not In Retry Period' PASSED: True, The task instance was not marked for retrying.
[2024-07-15T23:56:53.293+0000] {taskinstance.py:1112} DEBUG - <TaskInstance: run_dbt_model_crm_sales.model.matt_demo.crm_stg_sales_teams manual__2024-07-15T23:54:38.113182+00:00 [queued]> dependency 'Task Instance State' PASSED: True, Task state queued was valid.
[2024-07-15T23:56:53.294+0000] {taskinstance.py:1112} DEBUG - <TaskInstance: run_dbt_model_crm_sales.model.matt_demo.crm_stg_sales_teams manual__2024-07-15T23:54:38.113182+00:00 [queued]> dependency 'Previous Dagrun State' PASSED: True, This task instance was the first task instance for its task.
[2024-07-15T23:56:53.294+0000] {taskinstance.py:1112} DEBUG - <TaskInstance: run_dbt_model_crm_sales.model.matt_demo.crm_stg_sales_teams manual__2024-07-15T23:54:38.113182+00:00 [queued]> dependency 'Task Instance Not Running' PASSED: True, Task is not in running state.
[2024-07-15T23:56:53.294+0000] {taskinstance.py:1103} INFO - Dependencies all met for dep_context=non-requeueable deps ti=<TaskInstance: run_dbt_model_crm_sales.model.matt_demo.crm_stg_sales_teams manual__2024-07-15T23:54:38.113182+00:00 [queued]>
[2024-07-15T23:56:53.294+0000] {taskinstance.py:1112} DEBUG - <TaskInstance: run_dbt_model_crm_sales.model.matt_demo.crm_stg_sales_teams manual__2024-07-15T23:54:38.113182+00:00 [queued]> dependency 'Not In Retry Period' PASSED: True, The task instance was not marked for retrying.
[2024-07-15T23:56:53.297+0000] {taskinstance.py:1112} DEBUG - <TaskInstance: run_dbt_model_crm_sales.model.matt_demo.crm_stg_sales_teams manual__2024-07-15T23:54:38.113182+00:00 [queued]> dependency 'Pool Slots Available' PASSED: True, There are enough open slots in default_pool to execute the task
[2024-07-15T23:56:53.298+0000] {taskinstance.py:1112} DEBUG - <TaskInstance: run_dbt_model_crm_sales.model.matt_demo.crm_stg_sales_teams manual__2024-07-15T23:54:38.113182+00:00 [queued]> dependency 'Previous Dagrun State' PASSED: True, This task instance was the first task instance for its task.
[2024-07-15T23:56:53.298+0000] {taskinstance.py:1112} DEBUG - <TaskInstance: run_dbt_model_crm_sales.model.matt_demo.crm_stg_sales_teams manual__2024-07-15T23:54:38.113182+00:00 [queued]> dependency 'Task Concurrency' PASSED: True, Task concurrency is not set.
[2024-07-15T23:56:53.298+0000] {taskinstance.py:1103} INFO - Dependencies all met for dep_context=requeueable deps ti=<TaskInstance: run_dbt_model_crm_sales.model.matt_demo.crm_stg_sales_teams manual__2024-07-15T23:54:38.113182+00:00 [queued]>
[2024-07-15T23:56:53.299+0000] {taskinstance.py:1308} INFO - Starting attempt 2 of 3
[2024-07-15T23:56:53.303+0000] {taskinstance.py:1327} INFO - Executing <Task(BashOperator): model.matt_demo.crm_stg_sales_teams> on 2024-07-15 23:54:38.113182+00:00
[2024-07-15T23:56:53.304+0000] {standard_task_runner.py:57} INFO - Started process 1269 to run task
[2024-07-15T23:56:53.306+0000] {standard_task_runner.py:84} INFO - Running: ['airflow', 'tasks', 'run', 'run_dbt_model_crm_sales', 'model.matt_demo.crm_stg_sales_teams', 'manual__2024-07-15T23:54:38.113182+00:00', '--job-id', '116', '--raw', '--subdir', 'DAGS_FOLDER/run_dbt_models_crm_sales.py', '--cfg-path', '/tmp/tmptaqezra8']
[2024-07-15T23:56:53.306+0000] {standard_task_runner.py:85} INFO - Job 116: Subtask model.matt_demo.crm_stg_sales_teams
[2024-07-15T23:56:53.306+0000] {cli_action_loggers.py:65} DEBUG - Calling callbacks: [<function default_action_log at 0xffff7ee0a550>]
[2024-07-15T23:56:53.325+0000] {taskinstance.py:1037} DEBUG - previous_execution_date was called
[2024-07-15T23:56:53.327+0000] {task_command.py:410} INFO - Running <TaskInstance: run_dbt_model_crm_sales.model.matt_demo.crm_stg_sales_teams manual__2024-07-15T23:54:38.113182+00:00 [running]> on host f934d9af8cb8
[2024-07-15T23:56:53.327+0000] {settings.py:353} DEBUG - Disposing DB connection pool (PID 1269)
[2024-07-15T23:56:53.327+0000] {settings.py:212} DEBUG - Setting up DB connection pool (PID 1269)
[2024-07-15T23:56:53.328+0000] {settings.py:285} DEBUG - settings.prepare_engine_args(): Using NullPool
[2024-07-15T23:56:53.328+0000] {taskinstance.py:789} DEBUG - Refreshing TaskInstance <TaskInstance: run_dbt_model_crm_sales.model.matt_demo.crm_stg_sales_teams manual__2024-07-15T23:54:38.113182+00:00 [running]> from DB
[2024-07-15T23:56:53.344+0000] {taskinstance.py:1037} DEBUG - previous_execution_date was called
[2024-07-15T23:56:53.345+0000] {taskinstance.py:868} DEBUG - Clearing XCom data
[2024-07-15T23:56:53.356+0000] {retries.py:80} DEBUG - Running RenderedTaskInstanceFields._do_delete_old_records with retries. Try 1 of 3
[2024-07-15T23:56:53.362+0000] {taskinstance.py:1545} INFO - Exporting env vars: AIRFLOW_CTX_DAG_EMAIL='airflow@example.com' AIRFLOW_CTX_DAG_OWNER='airflow' AIRFLOW_CTX_DAG_ID='run_dbt_model_crm_sales' AIRFLOW_CTX_TASK_ID='model.matt_demo.crm_stg_sales_teams' AIRFLOW_CTX_EXECUTION_DATE='2024-07-15T23:54:38.113182+00:00' AIRFLOW_CTX_TRY_NUMBER='2' AIRFLOW_CTX_DAG_RUN_ID='manual__2024-07-15T23:54:38.113182+00:00'
[2024-07-15T23:56:53.363+0000] {__init__.py:117} DEBUG - Preparing lineage inlets and outlets
[2024-07-15T23:56:53.364+0000] {__init__.py:155} DEBUG - inlets: [], outlets: []
[2024-07-15T23:56:53.364+0000] {bash.py:186} DEBUG - Exporting env vars: AIRFLOW_CTX_DAG_EMAIL='airflow@example.com' AIRFLOW_CTX_DAG_OWNER='airflow' AIRFLOW_CTX_DAG_ID='run_dbt_model_crm_sales' AIRFLOW_CTX_TASK_ID='model.matt_demo.crm_stg_sales_teams' AIRFLOW_CTX_EXECUTION_DATE='2024-07-15T23:54:38.113182+00:00' AIRFLOW_CTX_TRY_NUMBER='2' AIRFLOW_CTX_DAG_RUN_ID='manual__2024-07-15T23:54:38.113182+00:00'
[2024-07-15T23:56:53.365+0000] {subprocess.py:63} INFO - Tmp dir root location: 
 /tmp
[2024-07-15T23:56:53.365+0000] {subprocess.py:75} INFO - Running command: ['/bin/bash', '-c', '\n            export DBT_SCHEMA=analysis_crm_sales &&\n            cd /opt/airflow/dbt &&\n            /home/airflow/.local/bin/dbt --no-write-json run --target dev --models crm_stg_sales_teams\n            ']
[2024-07-15T23:56:53.370+0000] {subprocess.py:86} INFO - Output:
[2024-07-15T23:56:54.363+0000] {subprocess.py:93} INFO - [0m23:56:54  Running with dbt=1.8.3
[2024-07-15T23:56:54.466+0000] {subprocess.py:93} INFO - [0m23:56:54  Registered adapter: ***=1.8.2
[2024-07-15T23:56:54.676+0000] {subprocess.py:93} INFO - [0m23:56:54  Found 6 models, 4 sources, 652 macros
[2024-07-15T23:56:54.678+0000] {subprocess.py:93} INFO - [0m23:56:54
[2024-07-15T23:56:54.729+0000] {subprocess.py:93} INFO - [0m23:56:54  Concurrency: 4 threads (target='dev')
[2024-07-15T23:56:54.730+0000] {subprocess.py:93} INFO - [0m23:56:54
[2024-07-15T23:56:54.734+0000] {subprocess.py:93} INFO - [0m23:56:54  1 of 1 START sql view model analysis_crm_sales.crm_stg_sales_teams ............. [RUN]
[2024-07-15T23:56:54.792+0000] {subprocess.py:93} INFO - [0m23:56:54  1 of 1 OK created sql view model analysis_crm_sales.crm_stg_sales_teams ........ [[32mCREATE VIEW[0m in 0.06s]
[2024-07-15T23:56:54.797+0000] {subprocess.py:93} INFO - [0m23:56:54
[2024-07-15T23:56:54.798+0000] {subprocess.py:93} INFO - [0m23:56:54  Finished running 1 view model in 0 hours 0 minutes and 0.12 seconds (0.12s).
[2024-07-15T23:56:54.799+0000] {subprocess.py:93} INFO - [0m23:56:54
[2024-07-15T23:56:54.799+0000] {subprocess.py:93} INFO - [0m23:56:54  [32mCompleted successfully[0m
[2024-07-15T23:56:54.799+0000] {subprocess.py:93} INFO - [0m23:56:54
[2024-07-15T23:56:54.800+0000] {subprocess.py:93} INFO - [0m23:56:54  Done. PASS=1 WARN=0 ERROR=0 SKIP=0 TOTAL=1
[2024-07-15T23:56:55.340+0000] {subprocess.py:97} INFO - Command exited with return code 0
[2024-07-15T23:56:55.350+0000] {__init__.py:75} DEBUG - Lineage called with inlets: [], outlets: []
[2024-07-15T23:56:55.351+0000] {taskinstance.py:789} DEBUG - Refreshing TaskInstance <TaskInstance: run_dbt_model_crm_sales.model.matt_demo.crm_stg_sales_teams manual__2024-07-15T23:54:38.113182+00:00 [running]> from DB
[2024-07-15T23:56:55.356+0000] {taskinstance.py:1356} DEBUG - Clearing next_method and next_kwargs.
[2024-07-15T23:56:55.356+0000] {taskinstance.py:1345} INFO - Marking task as SUCCESS. dag_id=run_dbt_model_crm_sales, task_id=model.matt_demo.crm_stg_sales_teams, execution_date=20240715T235438, start_date=20240715T235653, end_date=20240715T235655
[2024-07-15T23:56:55.356+0000] {taskinstance.py:2305} DEBUG - Task Duration set to 2.061568
[2024-07-15T23:56:55.361+0000] {cli_action_loggers.py:83} DEBUG - Calling callbacks: []
[2024-07-15T23:56:55.398+0000] {local_task_job_runner.py:225} INFO - Task exited with return code 0
[2024-07-15T23:56:55.418+0000] {dagrun.py:697} DEBUG - number of tis tasks for <DagRun run_dbt_model_crm_sales @ 2024-07-15 23:54:38.113182+00:00: manual__2024-07-15T23:54:38.113182+00:00, state:running, queued_at: 2024-07-15 23:54:38.125855+00:00. externally triggered: True>: 12 task(s)
[2024-07-15T23:56:55.418+0000] {dagrun.py:718} DEBUG - number of scheduleable tasks for <DagRun run_dbt_model_crm_sales @ 2024-07-15 23:54:38.113182+00:00: manual__2024-07-15T23:54:38.113182+00:00, state:running, queued_at: 2024-07-15 23:54:38.125855+00:00. externally triggered: True>: 5 task(s)
[2024-07-15T23:56:55.418+0000] {taskinstance.py:1112} DEBUG - <TaskInstance: run_dbt_model_crm_sales.generate_dbt_docs manual__2024-07-15T23:54:38.113182+00:00 [None]> dependency 'Not In Retry Period' PASSED: True, The task instance was not marked for retrying.
[2024-07-15T23:56:55.419+0000] {taskinstance.py:1112} DEBUG - <TaskInstance: run_dbt_model_crm_sales.generate_dbt_docs manual__2024-07-15T23:54:38.113182+00:00 [None]> dependency 'Trigger Rule' PASSED: False, Task's trigger rule 'all_success' requires all upstream tasks to have succeeded, but found 7 non-success(es). upstream_states=_UpstreamTIStates(success=3, skipped=0, failed=0, upstream_failed=0, removed=0, done=3), upstream_task_ids={'test.matt_demo.crm_performance', 'test.matt_demo.crm_stg_sales_teams', 'model.matt_demo.crm_stg_accounts', 'model.matt_demo.crm_performance', 'model.matt_demo.crm_stg_sales_pipelines', 'test.matt_demo.crm_stg_sales_pipelines', 'model.matt_demo.crm_stg_products', 'test.matt_demo.crm_stg_products', 'model.matt_demo.crm_stg_sales_teams', 'test.matt_demo.crm_stg_accounts'}
[2024-07-15T23:56:55.419+0000] {taskinstance.py:1093} DEBUG - Dependencies not met for <TaskInstance: run_dbt_model_crm_sales.generate_dbt_docs manual__2024-07-15T23:54:38.113182+00:00 [None]>, dependency 'Trigger Rule' FAILED: Task's trigger rule 'all_success' requires all upstream tasks to have succeeded, but found 7 non-success(es). upstream_states=_UpstreamTIStates(success=3, skipped=0, failed=0, upstream_failed=0, removed=0, done=3), upstream_task_ids={'test.matt_demo.crm_performance', 'test.matt_demo.crm_stg_sales_teams', 'model.matt_demo.crm_stg_accounts', 'model.matt_demo.crm_performance', 'model.matt_demo.crm_stg_sales_pipelines', 'test.matt_demo.crm_stg_sales_pipelines', 'model.matt_demo.crm_stg_products', 'test.matt_demo.crm_stg_products', 'model.matt_demo.crm_stg_sales_teams', 'test.matt_demo.crm_stg_accounts'}
[2024-07-15T23:56:55.419+0000] {taskinstance.py:1112} DEBUG - <TaskInstance: run_dbt_model_crm_sales.generate_dbt_docs manual__2024-07-15T23:54:38.113182+00:00 [None]> dependency 'Previous Dagrun State' PASSED: True, This task instance was the first task instance for its task.
[2024-07-15T23:56:55.421+0000] {taskinstance.py:1112} DEBUG - <TaskInstance: run_dbt_model_crm_sales.test.matt_demo.crm_performance manual__2024-07-15T23:54:38.113182+00:00 [None]> dependency 'Not In Retry Period' PASSED: True, The task instance was not marked for retrying.
[2024-07-15T23:56:55.421+0000] {taskinstance.py:1112} DEBUG - <TaskInstance: run_dbt_model_crm_sales.test.matt_demo.crm_performance manual__2024-07-15T23:54:38.113182+00:00 [None]> dependency 'Trigger Rule' PASSED: False, Task's trigger rule 'all_success' requires all upstream tasks to have succeeded, but found 1 non-success(es). upstream_states=_UpstreamTIStates(success=1, skipped=0, failed=0, upstream_failed=0, removed=0, done=1), upstream_task_ids={'model.matt_demo.crm_performance', 'wait_for_dbt_init'}
[2024-07-15T23:56:55.421+0000] {taskinstance.py:1093} DEBUG - Dependencies not met for <TaskInstance: run_dbt_model_crm_sales.test.matt_demo.crm_performance manual__2024-07-15T23:54:38.113182+00:00 [None]>, dependency 'Trigger Rule' FAILED: Task's trigger rule 'all_success' requires all upstream tasks to have succeeded, but found 1 non-success(es). upstream_states=_UpstreamTIStates(success=1, skipped=0, failed=0, upstream_failed=0, removed=0, done=1), upstream_task_ids={'model.matt_demo.crm_performance', 'wait_for_dbt_init'}
[2024-07-15T23:56:55.422+0000] {taskinstance.py:1112} DEBUG - <TaskInstance: run_dbt_model_crm_sales.test.matt_demo.crm_performance manual__2024-07-15T23:54:38.113182+00:00 [None]> dependency 'Previous Dagrun State' PASSED: True, This task instance was the first task instance for its task.
[2024-07-15T23:56:55.422+0000] {taskinstance.py:1112} DEBUG - <TaskInstance: run_dbt_model_crm_sales.model.matt_demo.crm_performance manual__2024-07-15T23:54:38.113182+00:00 [None]> dependency 'Not In Retry Period' PASSED: True, The task instance was not marked for retrying.
[2024-07-15T23:56:55.423+0000] {taskinstance.py:1112} DEBUG - <TaskInstance: run_dbt_model_crm_sales.model.matt_demo.crm_performance manual__2024-07-15T23:54:38.113182+00:00 [None]> dependency 'Previous Dagrun State' PASSED: True, This task instance was the first task instance for its task.
[2024-07-15T23:56:55.423+0000] {taskinstance.py:1103} DEBUG - Dependencies all met for dep_context=None ti=<TaskInstance: run_dbt_model_crm_sales.model.matt_demo.crm_performance manual__2024-07-15T23:54:38.113182+00:00 [None]>
[2024-07-15T23:56:55.423+0000] {taskinstance.py:1112} DEBUG - <TaskInstance: run_dbt_model_crm_sales.test.matt_demo.crm_stg_accounts manual__2024-07-15T23:54:38.113182+00:00 [None]> dependency 'Not In Retry Period' PASSED: True, The task instance was not marked for retrying.
[2024-07-15T23:56:55.424+0000] {taskinstance.py:1112} DEBUG - <TaskInstance: run_dbt_model_crm_sales.test.matt_demo.crm_stg_accounts manual__2024-07-15T23:54:38.113182+00:00 [None]> dependency 'Trigger Rule' PASSED: False, Task's trigger rule 'all_success' requires all upstream tasks to have succeeded, but found 1 non-success(es). upstream_states=_UpstreamTIStates(success=1, skipped=0, failed=0, upstream_failed=0, removed=0, done=1), upstream_task_ids={'model.matt_demo.crm_stg_accounts', 'wait_for_dbt_init'}
[2024-07-15T23:56:55.424+0000] {taskinstance.py:1093} DEBUG - Dependencies not met for <TaskInstance: run_dbt_model_crm_sales.test.matt_demo.crm_stg_accounts manual__2024-07-15T23:54:38.113182+00:00 [None]>, dependency 'Trigger Rule' FAILED: Task's trigger rule 'all_success' requires all upstream tasks to have succeeded, but found 1 non-success(es). upstream_states=_UpstreamTIStates(success=1, skipped=0, failed=0, upstream_failed=0, removed=0, done=1), upstream_task_ids={'model.matt_demo.crm_stg_accounts', 'wait_for_dbt_init'}
[2024-07-15T23:56:55.424+0000] {taskinstance.py:1112} DEBUG - <TaskInstance: run_dbt_model_crm_sales.test.matt_demo.crm_stg_accounts manual__2024-07-15T23:54:38.113182+00:00 [None]> dependency 'Previous Dagrun State' PASSED: True, This task instance was the first task instance for its task.
[2024-07-15T23:56:55.425+0000] {taskinstance.py:1112} DEBUG - <TaskInstance: run_dbt_model_crm_sales.test.matt_demo.crm_stg_sales_teams manual__2024-07-15T23:54:38.113182+00:00 [None]> dependency 'Not In Retry Period' PASSED: True, The task instance was not marked for retrying.
[2024-07-15T23:56:55.425+0000] {taskinstance.py:1112} DEBUG - <TaskInstance: run_dbt_model_crm_sales.test.matt_demo.crm_stg_sales_teams manual__2024-07-15T23:54:38.113182+00:00 [None]> dependency 'Previous Dagrun State' PASSED: True, This task instance was the first task instance for its task.
[2024-07-15T23:56:55.425+0000] {taskinstance.py:1103} DEBUG - Dependencies all met for dep_context=None ti=<TaskInstance: run_dbt_model_crm_sales.test.matt_demo.crm_stg_sales_teams manual__2024-07-15T23:54:38.113182+00:00 [None]>
[2024-07-15T23:56:55.428+0000] {taskinstance.py:2651} INFO - 2 downstream tasks scheduled from follow-on schedule check
