[2024-07-03T01:12:04.513+0000] {taskinstance.py:1103} INFO - Dependencies all met for dep_context=non-requeueable deps ti=<TaskInstance: ecomm_data_pipeline.generate_data scheduled__2024-07-02T23:40:00+00:00 [queued]>
[2024-07-03T01:12:04.516+0000] {taskinstance.py:1103} INFO - Dependencies all met for dep_context=requeueable deps ti=<TaskInstance: ecomm_data_pipeline.generate_data scheduled__2024-07-02T23:40:00+00:00 [queued]>
[2024-07-03T01:12:04.517+0000] {taskinstance.py:1308} INFO - Starting attempt 1 of 2
[2024-07-03T01:12:04.521+0000] {taskinstance.py:1327} INFO - Executing <Task(PythonOperator): generate_data> on 2024-07-02 23:40:00+00:00
[2024-07-03T01:12:04.522+0000] {standard_task_runner.py:57} INFO - Started process 353 to run task
[2024-07-03T01:12:04.524+0000] {standard_task_runner.py:84} INFO - Running: ['airflow', 'tasks', 'run', 'ecomm_data_pipeline', 'generate_data', 'scheduled__2024-07-02T23:40:00+00:00', '--job-id', '344', '--raw', '--subdir', 'DAGS_FOLDER/ecomm_dag.py', '--cfg-path', '/tmp/tmpsi29bvmn']
[2024-07-03T01:12:04.524+0000] {standard_task_runner.py:85} INFO - Job 344: Subtask generate_data
[2024-07-03T01:12:04.548+0000] {task_command.py:410} INFO - Running <TaskInstance: ecomm_data_pipeline.generate_data scheduled__2024-07-02T23:40:00+00:00 [running]> on host 6b9834f2e9cc
[2024-07-03T01:12:04.631+0000] {taskinstance.py:1545} INFO - Exporting env vars: AIRFLOW_CTX_DAG_OWNER='airflow' AIRFLOW_CTX_DAG_ID='ecomm_data_pipeline' AIRFLOW_CTX_TASK_ID='generate_data' AIRFLOW_CTX_EXECUTION_DATE='2024-07-02T23:40:00+00:00' AIRFLOW_CTX_TRY_NUMBER='1' AIRFLOW_CTX_DAG_RUN_ID='scheduled__2024-07-02T23:40:00+00:00'
[2024-07-03T01:12:04.634+0000] {logging_mixin.py:149} INFO - Running data generation script...
[2024-07-03T01:12:04.925+0000] {logging_mixin.py:149} INFO - 2024-07-03 01:12:04,855 - INFO - Generating fake user data...
2024-07-03 01:12:04,910 - INFO - Generated 197 users.
[2024-07-03T01:12:04.927+0000] {python.py:183} INFO - Done. Returned value was: None
[2024-07-03T01:12:04.943+0000] {taskinstance.py:1345} INFO - Marking task as SUCCESS. dag_id=ecomm_data_pipeline, task_id=generate_data, execution_date=20240702T234000, start_date=20240703T011204, end_date=20240703T011204
[2024-07-03T01:12:04.997+0000] {local_task_job_runner.py:225} INFO - Task exited with return code 0
[2024-07-03T01:12:05.013+0000] {taskinstance.py:2651} INFO - 1 downstream tasks scheduled from follow-on schedule check
[2024-07-03T01:24:03.584+0000] {taskinstance.py:1103} INFO - Dependencies all met for dep_context=non-requeueable deps ti=<TaskInstance: ecomm_data_pipeline.generate_data scheduled__2024-07-02T23:40:00+00:00 [queued]>
[2024-07-03T01:24:03.588+0000] {taskinstance.py:1103} INFO - Dependencies all met for dep_context=requeueable deps ti=<TaskInstance: ecomm_data_pipeline.generate_data scheduled__2024-07-02T23:40:00+00:00 [queued]>
[2024-07-03T01:24:03.589+0000] {taskinstance.py:1308} INFO - Starting attempt 1 of 2
[2024-07-03T01:24:03.594+0000] {taskinstance.py:1327} INFO - Executing <Task(PythonOperator): generate_data> on 2024-07-02 23:40:00+00:00
[2024-07-03T01:24:03.596+0000] {standard_task_runner.py:57} INFO - Started process 34 to run task
[2024-07-03T01:24:03.598+0000] {standard_task_runner.py:84} INFO - Running: ['airflow', 'tasks', 'run', 'ecomm_data_pipeline', 'generate_data', 'scheduled__2024-07-02T23:40:00+00:00', '--job-id', '347', '--raw', '--subdir', 'DAGS_FOLDER/ecomm_dag.py', '--cfg-path', '/tmp/tmp268zly4p']
[2024-07-03T01:24:03.599+0000] {standard_task_runner.py:85} INFO - Job 347: Subtask generate_data
[2024-07-03T01:24:03.626+0000] {task_command.py:410} INFO - Running <TaskInstance: ecomm_data_pipeline.generate_data scheduled__2024-07-02T23:40:00+00:00 [running]> on host 3fde80cda0b9
[2024-07-03T01:24:03.669+0000] {taskinstance.py:1545} INFO - Exporting env vars: AIRFLOW_CTX_DAG_OWNER='airflow' AIRFLOW_CTX_DAG_ID='ecomm_data_pipeline' AIRFLOW_CTX_TASK_ID='generate_data' AIRFLOW_CTX_EXECUTION_DATE='2024-07-02T23:40:00+00:00' AIRFLOW_CTX_TRY_NUMBER='1' AIRFLOW_CTX_DAG_RUN_ID='scheduled__2024-07-02T23:40:00+00:00'
[2024-07-03T01:24:03.670+0000] {logging_mixin.py:149} INFO - Running data generation script...
[2024-07-03T01:24:03.966+0000] {logging_mixin.py:149} INFO - 2024-07-03 01:24:03,866 - INFO - Generating fake user data...
2024-07-03 01:24:03,955 - INFO - Generated 357 users.
[2024-07-03T01:24:03.966+0000] {python.py:183} INFO - Done. Returned value was: None
[2024-07-03T01:24:03.972+0000] {taskinstance.py:1345} INFO - Marking task as SUCCESS. dag_id=ecomm_data_pipeline, task_id=generate_data, execution_date=20240702T234000, start_date=20240703T012403, end_date=20240703T012403
[2024-07-03T01:24:04.008+0000] {local_task_job_runner.py:225} INFO - Task exited with return code 0
[2024-07-03T01:24:04.017+0000] {taskinstance.py:2651} INFO - 1 downstream tasks scheduled from follow-on schedule check
