[2024-07-06T22:07:58.973+0000] {taskinstance.py:1103} INFO - Dependencies all met for dep_context=non-requeueable deps ti=<TaskInstance: initialize_etl_environment.create_users_table scheduled__2024-07-03T00:00:00+00:00 [queued]>
[2024-07-06T22:07:58.976+0000] {taskinstance.py:1103} INFO - Dependencies all met for dep_context=requeueable deps ti=<TaskInstance: initialize_etl_environment.create_users_table scheduled__2024-07-03T00:00:00+00:00 [queued]>
[2024-07-06T22:07:58.976+0000] {taskinstance.py:1308} INFO - Starting attempt 1 of 2
[2024-07-06T22:07:58.981+0000] {taskinstance.py:1327} INFO - Executing <Task(PostgresOperator): create_users_table> on 2024-07-03 00:00:00+00:00
[2024-07-06T22:07:58.982+0000] {standard_task_runner.py:57} INFO - Started process 4295 to run task
[2024-07-06T22:07:58.984+0000] {standard_task_runner.py:84} INFO - Running: ['airflow', 'tasks', 'run', 'initialize_etl_environment', 'create_users_table', 'scheduled__2024-07-03T00:00:00+00:00', '--job-id', '1163', '--raw', '--subdir', 'DAGS_FOLDER/etl_env_init.py', '--cfg-path', '/tmp/tmpfcxzt49f']
[2024-07-06T22:07:58.984+0000] {standard_task_runner.py:85} INFO - Job 1163: Subtask create_users_table
[2024-07-06T22:07:59.007+0000] {task_command.py:410} INFO - Running <TaskInstance: initialize_etl_environment.create_users_table scheduled__2024-07-03T00:00:00+00:00 [running]> on host c058add182a5
[2024-07-06T22:07:59.045+0000] {taskinstance.py:1545} INFO - Exporting env vars: AIRFLOW_CTX_DAG_EMAIL='airflow@example.com' AIRFLOW_CTX_DAG_OWNER='airflow' AIRFLOW_CTX_DAG_ID='initialize_etl_environment' AIRFLOW_CTX_TASK_ID='create_users_table' AIRFLOW_CTX_EXECUTION_DATE='2024-07-03T00:00:00+00:00' AIRFLOW_CTX_TRY_NUMBER='1' AIRFLOW_CTX_DAG_RUN_ID='scheduled__2024-07-03T00:00:00+00:00'
[2024-07-06T22:07:59.045+0000] {sql.py:262} INFO - Executing: 
    CREATE TABLE IF NOT EXISTS raw.users (
        user_id INT PRIMARY KEY,
        username VARCHAR(50),
        email VARCHAR(100),
        address VARCHAR(255),
        phone_number VARCHAR(255),
        created_at TIMESTAMP 
    );
        
    
[2024-07-06T22:07:59.049+0000] {base.py:73} INFO - Using connection ID 'company_dw' for task execution.
[2024-07-06T22:07:59.070+0000] {base.py:73} INFO - Using connection ID 'company_dw' for task execution.
[2024-07-06T22:07:59.072+0000] {sql.py:375} INFO - Running statement: 
    CREATE TABLE IF NOT EXISTS raw.users (
        user_id INT PRIMARY KEY,
        username VARCHAR(50),
        email VARCHAR(100),
        address VARCHAR(255),
        phone_number VARCHAR(255),
        created_at TIMESTAMP 
    );
        
    , parameters: None
[2024-07-06T22:07:59.077+0000] {taskinstance.py:1345} INFO - Marking task as SUCCESS. dag_id=initialize_etl_environment, task_id=create_users_table, execution_date=20240703T000000, start_date=20240706T220758, end_date=20240706T220759
[2024-07-06T22:07:59.084+0000] {local_task_job_runner.py:225} INFO - Task exited with return code 0
[2024-07-06T22:07:59.092+0000] {taskinstance.py:2651} INFO - 0 downstream tasks scheduled from follow-on schedule check
