[2024-06-27T22:36:40.256+0000] {local_task_job_runner.py:120} INFO - ::group::Pre task execution logs
[2024-06-27T22:36:40.266+0000] {taskinstance.py:2076} INFO - Dependencies all met for dep_context=non-requeueable deps ti=<TaskInstance: ecomm_data_pipeline.generate_and_insert_data scheduled__2023-01-01T18:30:00+00:00 [queued]>
[2024-06-27T22:36:40.269+0000] {taskinstance.py:2076} INFO - Dependencies all met for dep_context=requeueable deps ti=<TaskInstance: ecomm_data_pipeline.generate_and_insert_data scheduled__2023-01-01T18:30:00+00:00 [queued]>
[2024-06-27T22:36:40.269+0000] {taskinstance.py:2306} INFO - Starting attempt 1 of 2
[2024-06-27T22:36:40.274+0000] {taskinstance.py:2330} INFO - Executing <Task(PythonOperator): generate_and_insert_data> on 2023-01-01 18:30:00+00:00
[2024-06-27T22:36:40.275+0000] {standard_task_runner.py:63} INFO - Started process 1888 to run task
[2024-06-27T22:36:40.276+0000] {standard_task_runner.py:90} INFO - Running: ['airflow', 'tasks', 'run', 'ecomm_data_pipeline', 'generate_and_insert_data', 'scheduled__2023-01-01T18:30:00+00:00', '--job-id', '130', '--raw', '--subdir', 'DAGS_FOLDER/ecomm_dag.py', '--cfg-path', '/tmp/tmp9ryfh1wv']
[2024-06-27T22:36:40.277+0000] {standard_task_runner.py:91} INFO - Job 130: Subtask generate_and_insert_data
[2024-06-27T22:36:40.295+0000] {task_command.py:426} INFO - Running <TaskInstance: ecomm_data_pipeline.generate_and_insert_data scheduled__2023-01-01T18:30:00+00:00 [running]> on host 9174587f6b1d
[2024-06-27T22:36:40.324+0000] {taskinstance.py:2648} INFO - Exporting env vars: AIRFLOW_CTX_DAG_OWNER='airflow' AIRFLOW_CTX_DAG_ID='ecomm_data_pipeline' AIRFLOW_CTX_TASK_ID='generate_and_insert_data' AIRFLOW_CTX_EXECUTION_DATE='2023-01-01T18:30:00+00:00' AIRFLOW_CTX_TRY_NUMBER='1' AIRFLOW_CTX_DAG_RUN_ID='scheduled__2023-01-01T18:30:00+00:00'
[2024-06-27T22:36:40.325+0000] {taskinstance.py:430} INFO - ::endgroup::
[2024-06-27T22:36:40.357+0000] {logging_mixin.py:188} INFO - Error in generate_and_insert_data: Command '['python3', './generator/ecomm_generator.py']' returned non-zero exit status 2.
[2024-06-27T22:36:40.358+0000] {python.py:237} INFO - Done. Returned value was: None
[2024-06-27T22:36:40.358+0000] {taskinstance.py:441} INFO - ::group::Post task execution logs
[2024-06-27T22:36:40.363+0000] {taskinstance.py:1206} INFO - Marking task as SUCCESS. dag_id=ecomm_data_pipeline, task_id=generate_and_insert_data, run_id=scheduled__2023-01-01T18:30:00+00:00, execution_date=20230101T183000, start_date=20240627T223640, end_date=20240627T223640
[2024-06-27T22:36:40.377+0000] {local_task_job_runner.py:240} INFO - Task exited with return code 0
[2024-06-27T22:36:40.384+0000] {taskinstance.py:3503} INFO - 0 downstream tasks scheduled from follow-on schedule check
[2024-06-27T22:36:40.385+0000] {local_task_job_runner.py:222} INFO - ::endgroup::
[2024-06-29T21:40:06.537+0000] {local_task_job_runner.py:120} INFO - ::group::Pre task execution logs
[2024-06-29T21:40:06.549+0000] {taskinstance.py:2076} INFO - Dependencies all met for dep_context=non-requeueable deps ti=<TaskInstance: ecomm_data_pipeline.generate_and_insert_data scheduled__2023-01-01T18:30:00+00:00 [queued]>
[2024-06-29T21:40:06.551+0000] {taskinstance.py:2076} INFO - Dependencies all met for dep_context=requeueable deps ti=<TaskInstance: ecomm_data_pipeline.generate_and_insert_data scheduled__2023-01-01T18:30:00+00:00 [queued]>
[2024-06-29T21:40:06.552+0000] {taskinstance.py:2306} INFO - Starting attempt 1 of 2
[2024-06-29T21:40:06.556+0000] {taskinstance.py:2330} INFO - Executing <Task(PythonOperator): generate_and_insert_data> on 2023-01-01 18:30:00+00:00
[2024-06-29T21:40:06.558+0000] {standard_task_runner.py:63} INFO - Started process 1658 to run task
[2024-06-29T21:40:06.560+0000] {standard_task_runner.py:90} INFO - Running: ['airflow', 'tasks', 'run', 'ecomm_data_pipeline', 'generate_and_insert_data', 'scheduled__2023-01-01T18:30:00+00:00', '--job-id', '113', '--raw', '--subdir', 'DAGS_FOLDER/ecomm_dag.py', '--cfg-path', '/tmp/tmpqdpavhdv']
[2024-06-29T21:40:06.561+0000] {standard_task_runner.py:91} INFO - Job 113: Subtask generate_and_insert_data
[2024-06-29T21:40:06.579+0000] {task_command.py:426} INFO - Running <TaskInstance: ecomm_data_pipeline.generate_and_insert_data scheduled__2023-01-01T18:30:00+00:00 [running]> on host afcb6fbf9265
[2024-06-29T21:40:06.610+0000] {taskinstance.py:2648} INFO - Exporting env vars: AIRFLOW_CTX_DAG_OWNER='airflow' AIRFLOW_CTX_DAG_ID='ecomm_data_pipeline' AIRFLOW_CTX_TASK_ID='generate_and_insert_data' AIRFLOW_CTX_EXECUTION_DATE='2023-01-01T18:30:00+00:00' AIRFLOW_CTX_TRY_NUMBER='1' AIRFLOW_CTX_DAG_RUN_ID='scheduled__2023-01-01T18:30:00+00:00'
[2024-06-29T21:40:06.610+0000] {taskinstance.py:430} INFO - ::endgroup::
[2024-06-29T21:40:06.669+0000] {logging_mixin.py:188} INFO - Error in generate_and_insert_data: Command '['python3', '/opt/airflow/generator/ecomm_generator.py']' returned non-zero exit status 1.
[2024-06-29T21:40:06.670+0000] {logging_mixin.py:188} INFO - stdout: 
[2024-06-29T21:40:06.670+0000] {logging_mixin.py:188} INFO - stderr: Traceback (most recent call last):
  File "/opt/airflow/generator/ecomm_generator.py", line 4, in <module>
    from faker import Faker
ModuleNotFoundError: No module named 'faker'
[2024-06-29T21:40:06.670+0000] {python.py:237} INFO - Done. Returned value was: None
[2024-06-29T21:40:06.670+0000] {taskinstance.py:441} INFO - ::group::Post task execution logs
[2024-06-29T21:40:06.675+0000] {taskinstance.py:1206} INFO - Marking task as SUCCESS. dag_id=ecomm_data_pipeline, task_id=generate_and_insert_data, run_id=scheduled__2023-01-01T18:30:00+00:00, execution_date=20230101T183000, start_date=20240629T214006, end_date=20240629T214006
[2024-06-29T21:40:06.715+0000] {local_task_job_runner.py:240} INFO - Task exited with return code 0
[2024-06-29T21:40:06.722+0000] {taskinstance.py:3503} INFO - 0 downstream tasks scheduled from follow-on schedule check
[2024-06-29T21:40:06.723+0000] {local_task_job_runner.py:222} INFO - ::endgroup::
[2024-06-29T22:03:54.950+0000] {local_task_job_runner.py:120} INFO - ::group::Pre task execution logs
[2024-06-29T22:03:54.960+0000] {taskinstance.py:2076} INFO - Dependencies all met for dep_context=non-requeueable deps ti=<TaskInstance: ecomm_data_pipeline.generate_and_insert_data scheduled__2023-01-01T18:30:00+00:00 [queued]>
[2024-06-29T22:03:54.963+0000] {taskinstance.py:2076} INFO - Dependencies all met for dep_context=requeueable deps ti=<TaskInstance: ecomm_data_pipeline.generate_and_insert_data scheduled__2023-01-01T18:30:00+00:00 [queued]>
[2024-06-29T22:03:54.963+0000] {taskinstance.py:2306} INFO - Starting attempt 1 of 2
[2024-06-29T22:03:54.968+0000] {taskinstance.py:2330} INFO - Executing <Task(PythonOperator): generate_and_insert_data> on 2023-01-01 18:30:00+00:00
[2024-06-29T22:03:54.969+0000] {standard_task_runner.py:63} INFO - Started process 1650 to run task
[2024-06-29T22:03:54.971+0000] {standard_task_runner.py:90} INFO - Running: ['airflow', 'tasks', 'run', 'ecomm_data_pipeline', 'generate_and_insert_data', 'scheduled__2023-01-01T18:30:00+00:00', '--job-id', '113', '--raw', '--subdir', 'DAGS_FOLDER/ecomm_dag.py', '--cfg-path', '/tmp/tmpcot1drux']
[2024-06-29T22:03:54.971+0000] {standard_task_runner.py:91} INFO - Job 113: Subtask generate_and_insert_data
[2024-06-29T22:03:54.990+0000] {task_command.py:426} INFO - Running <TaskInstance: ecomm_data_pipeline.generate_and_insert_data scheduled__2023-01-01T18:30:00+00:00 [running]> on host 799998b0d26e
[2024-06-29T22:03:55.018+0000] {taskinstance.py:2648} INFO - Exporting env vars: AIRFLOW_CTX_DAG_OWNER='airflow' AIRFLOW_CTX_DAG_ID='ecomm_data_pipeline' AIRFLOW_CTX_TASK_ID='generate_and_insert_data' AIRFLOW_CTX_EXECUTION_DATE='2023-01-01T18:30:00+00:00' AIRFLOW_CTX_TRY_NUMBER='1' AIRFLOW_CTX_DAG_RUN_ID='scheduled__2023-01-01T18:30:00+00:00'
[2024-06-29T22:03:55.019+0000] {taskinstance.py:430} INFO - ::endgroup::
[2024-06-29T22:03:55.076+0000] {logging_mixin.py:188} INFO - Error in generate_and_insert_data: Command '['python3', '/opt/airflow/generator/ecomm_generator.py']' returned non-zero exit status 1.
[2024-06-29T22:03:55.076+0000] {logging_mixin.py:188} INFO - stdout: 
[2024-06-29T22:03:55.076+0000] {logging_mixin.py:188} INFO - stderr: Traceback (most recent call last):
  File "/opt/airflow/generator/ecomm_generator.py", line 4, in <module>
    from faker import Faker
ModuleNotFoundError: No module named 'faker'
[2024-06-29T22:03:55.076+0000] {python.py:237} INFO - Done. Returned value was: None
[2024-06-29T22:03:55.077+0000] {taskinstance.py:441} INFO - ::group::Post task execution logs
[2024-06-29T22:03:55.081+0000] {taskinstance.py:1206} INFO - Marking task as SUCCESS. dag_id=ecomm_data_pipeline, task_id=generate_and_insert_data, run_id=scheduled__2023-01-01T18:30:00+00:00, execution_date=20230101T183000, start_date=20240629T220354, end_date=20240629T220355
[2024-06-29T22:03:55.116+0000] {local_task_job_runner.py:240} INFO - Task exited with return code 0
[2024-06-29T22:03:55.124+0000] {taskinstance.py:3503} INFO - 0 downstream tasks scheduled from follow-on schedule check
[2024-06-29T22:03:55.125+0000] {local_task_job_runner.py:222} INFO - ::endgroup::
