[2024-06-27T22:37:06.939+0000] {local_task_job_runner.py:120} INFO - ::group::Pre task execution logs
[2024-06-27T22:37:06.950+0000] {taskinstance.py:2076} INFO - Dependencies all met for dep_context=non-requeueable deps ti=<TaskInstance: ecomm_data_pipeline.generate_and_insert_data scheduled__2023-01-01T20:50:00+00:00 [queued]>
[2024-06-27T22:37:06.952+0000] {taskinstance.py:2076} INFO - Dependencies all met for dep_context=requeueable deps ti=<TaskInstance: ecomm_data_pipeline.generate_and_insert_data scheduled__2023-01-01T20:50:00+00:00 [queued]>
[2024-06-27T22:37:06.952+0000] {taskinstance.py:2306} INFO - Starting attempt 1 of 2
[2024-06-27T22:37:06.957+0000] {taskinstance.py:2330} INFO - Executing <Task(PythonOperator): generate_and_insert_data> on 2023-01-01 20:50:00+00:00
[2024-06-27T22:37:06.958+0000] {standard_task_runner.py:63} INFO - Started process 2094 to run task
[2024-06-27T22:37:06.959+0000] {standard_task_runner.py:90} INFO - Running: ['airflow', 'tasks', 'run', 'ecomm_data_pipeline', 'generate_and_insert_data', 'scheduled__2023-01-01T20:50:00+00:00', '--job-id', '144', '--raw', '--subdir', 'DAGS_FOLDER/ecomm_dag.py', '--cfg-path', '/tmp/tmp30_xjii2']
[2024-06-27T22:37:06.960+0000] {standard_task_runner.py:91} INFO - Job 144: Subtask generate_and_insert_data
[2024-06-27T22:37:06.976+0000] {task_command.py:426} INFO - Running <TaskInstance: ecomm_data_pipeline.generate_and_insert_data scheduled__2023-01-01T20:50:00+00:00 [running]> on host 9174587f6b1d
[2024-06-27T22:37:07.003+0000] {taskinstance.py:2648} INFO - Exporting env vars: AIRFLOW_CTX_DAG_OWNER='airflow' AIRFLOW_CTX_DAG_ID='ecomm_data_pipeline' AIRFLOW_CTX_TASK_ID='generate_and_insert_data' AIRFLOW_CTX_EXECUTION_DATE='2023-01-01T20:50:00+00:00' AIRFLOW_CTX_TRY_NUMBER='1' AIRFLOW_CTX_DAG_RUN_ID='scheduled__2023-01-01T20:50:00+00:00'
[2024-06-27T22:37:07.004+0000] {taskinstance.py:430} INFO - ::endgroup::
[2024-06-27T22:37:07.036+0000] {logging_mixin.py:188} INFO - Error in generate_and_insert_data: Command '['python3', './generator/ecomm_generator.py']' returned non-zero exit status 2.
[2024-06-27T22:37:07.037+0000] {python.py:237} INFO - Done. Returned value was: None
[2024-06-27T22:37:07.037+0000] {taskinstance.py:441} INFO - ::group::Post task execution logs
[2024-06-27T22:37:07.042+0000] {taskinstance.py:1206} INFO - Marking task as SUCCESS. dag_id=ecomm_data_pipeline, task_id=generate_and_insert_data, run_id=scheduled__2023-01-01T20:50:00+00:00, execution_date=20230101T205000, start_date=20240627T223706, end_date=20240627T223707
[2024-06-27T22:37:07.060+0000] {local_task_job_runner.py:240} INFO - Task exited with return code 0
[2024-06-27T22:37:07.066+0000] {taskinstance.py:3503} INFO - 0 downstream tasks scheduled from follow-on schedule check
[2024-06-27T22:37:07.067+0000] {local_task_job_runner.py:222} INFO - ::endgroup::
[2024-06-29T21:40:33.348+0000] {local_task_job_runner.py:120} INFO - ::group::Pre task execution logs
[2024-06-29T21:40:33.359+0000] {taskinstance.py:2076} INFO - Dependencies all met for dep_context=non-requeueable deps ti=<TaskInstance: ecomm_data_pipeline.generate_and_insert_data scheduled__2023-01-01T20:50:00+00:00 [queued]>
[2024-06-29T21:40:33.361+0000] {taskinstance.py:2076} INFO - Dependencies all met for dep_context=requeueable deps ti=<TaskInstance: ecomm_data_pipeline.generate_and_insert_data scheduled__2023-01-01T20:50:00+00:00 [queued]>
[2024-06-29T21:40:33.361+0000] {taskinstance.py:2306} INFO - Starting attempt 1 of 2
[2024-06-29T21:40:33.366+0000] {taskinstance.py:2330} INFO - Executing <Task(PythonOperator): generate_and_insert_data> on 2023-01-01 20:50:00+00:00
[2024-06-29T21:40:33.368+0000] {standard_task_runner.py:63} INFO - Started process 1854 to run task
[2024-06-29T21:40:33.369+0000] {standard_task_runner.py:90} INFO - Running: ['airflow', 'tasks', 'run', 'ecomm_data_pipeline', 'generate_and_insert_data', 'scheduled__2023-01-01T20:50:00+00:00', '--job-id', '127', '--raw', '--subdir', 'DAGS_FOLDER/ecomm_dag.py', '--cfg-path', '/tmp/tmpm7b2aj51']
[2024-06-29T21:40:33.370+0000] {standard_task_runner.py:91} INFO - Job 127: Subtask generate_and_insert_data
[2024-06-29T21:40:33.388+0000] {task_command.py:426} INFO - Running <TaskInstance: ecomm_data_pipeline.generate_and_insert_data scheduled__2023-01-01T20:50:00+00:00 [running]> on host afcb6fbf9265
[2024-06-29T21:40:33.419+0000] {taskinstance.py:2648} INFO - Exporting env vars: AIRFLOW_CTX_DAG_OWNER='airflow' AIRFLOW_CTX_DAG_ID='ecomm_data_pipeline' AIRFLOW_CTX_TASK_ID='generate_and_insert_data' AIRFLOW_CTX_EXECUTION_DATE='2023-01-01T20:50:00+00:00' AIRFLOW_CTX_TRY_NUMBER='1' AIRFLOW_CTX_DAG_RUN_ID='scheduled__2023-01-01T20:50:00+00:00'
[2024-06-29T21:40:33.419+0000] {taskinstance.py:430} INFO - ::endgroup::
[2024-06-29T21:40:33.478+0000] {logging_mixin.py:188} INFO - Error in generate_and_insert_data: Command '['python3', '/opt/airflow/generator/ecomm_generator.py']' returned non-zero exit status 1.
[2024-06-29T21:40:33.479+0000] {logging_mixin.py:188} INFO - stdout: 
[2024-06-29T21:40:33.479+0000] {logging_mixin.py:188} INFO - stderr: Traceback (most recent call last):
  File "/opt/airflow/generator/ecomm_generator.py", line 4, in <module>
    from faker import Faker
ModuleNotFoundError: No module named 'faker'
[2024-06-29T21:40:33.479+0000] {python.py:237} INFO - Done. Returned value was: None
[2024-06-29T21:40:33.479+0000] {taskinstance.py:441} INFO - ::group::Post task execution logs
[2024-06-29T21:40:33.485+0000] {taskinstance.py:1206} INFO - Marking task as SUCCESS. dag_id=ecomm_data_pipeline, task_id=generate_and_insert_data, run_id=scheduled__2023-01-01T20:50:00+00:00, execution_date=20230101T205000, start_date=20240629T214033, end_date=20240629T214033
[2024-06-29T21:40:33.506+0000] {local_task_job_runner.py:240} INFO - Task exited with return code 0
[2024-06-29T21:40:33.513+0000] {taskinstance.py:3503} INFO - 0 downstream tasks scheduled from follow-on schedule check
[2024-06-29T21:40:33.514+0000] {local_task_job_runner.py:222} INFO - ::endgroup::
[2024-06-29T22:04:21.801+0000] {local_task_job_runner.py:120} INFO - ::group::Pre task execution logs
[2024-06-29T22:04:21.812+0000] {taskinstance.py:2076} INFO - Dependencies all met for dep_context=non-requeueable deps ti=<TaskInstance: ecomm_data_pipeline.generate_and_insert_data scheduled__2023-01-01T20:50:00+00:00 [queued]>
[2024-06-29T22:04:21.814+0000] {taskinstance.py:2076} INFO - Dependencies all met for dep_context=requeueable deps ti=<TaskInstance: ecomm_data_pipeline.generate_and_insert_data scheduled__2023-01-01T20:50:00+00:00 [queued]>
[2024-06-29T22:04:21.814+0000] {taskinstance.py:2306} INFO - Starting attempt 1 of 2
[2024-06-29T22:04:21.819+0000] {taskinstance.py:2330} INFO - Executing <Task(PythonOperator): generate_and_insert_data> on 2023-01-01 20:50:00+00:00
[2024-06-29T22:04:21.821+0000] {standard_task_runner.py:63} INFO - Started process 1854 to run task
[2024-06-29T22:04:21.822+0000] {standard_task_runner.py:90} INFO - Running: ['airflow', 'tasks', 'run', 'ecomm_data_pipeline', 'generate_and_insert_data', 'scheduled__2023-01-01T20:50:00+00:00', '--job-id', '127', '--raw', '--subdir', 'DAGS_FOLDER/ecomm_dag.py', '--cfg-path', '/tmp/tmpb9s3hc53']
[2024-06-29T22:04:21.823+0000] {standard_task_runner.py:91} INFO - Job 127: Subtask generate_and_insert_data
[2024-06-29T22:04:21.840+0000] {task_command.py:426} INFO - Running <TaskInstance: ecomm_data_pipeline.generate_and_insert_data scheduled__2023-01-01T20:50:00+00:00 [running]> on host 799998b0d26e
[2024-06-29T22:04:21.868+0000] {taskinstance.py:2648} INFO - Exporting env vars: AIRFLOW_CTX_DAG_OWNER='airflow' AIRFLOW_CTX_DAG_ID='ecomm_data_pipeline' AIRFLOW_CTX_TASK_ID='generate_and_insert_data' AIRFLOW_CTX_EXECUTION_DATE='2023-01-01T20:50:00+00:00' AIRFLOW_CTX_TRY_NUMBER='1' AIRFLOW_CTX_DAG_RUN_ID='scheduled__2023-01-01T20:50:00+00:00'
[2024-06-29T22:04:21.869+0000] {taskinstance.py:430} INFO - ::endgroup::
[2024-06-29T22:04:21.925+0000] {logging_mixin.py:188} INFO - Error in generate_and_insert_data: Command '['python3', '/opt/airflow/generator/ecomm_generator.py']' returned non-zero exit status 1.
[2024-06-29T22:04:21.925+0000] {logging_mixin.py:188} INFO - stdout: 
[2024-06-29T22:04:21.926+0000] {logging_mixin.py:188} INFO - stderr: Traceback (most recent call last):
  File "/opt/airflow/generator/ecomm_generator.py", line 4, in <module>
    from faker import Faker
ModuleNotFoundError: No module named 'faker'
[2024-06-29T22:04:21.926+0000] {python.py:237} INFO - Done. Returned value was: None
[2024-06-29T22:04:21.926+0000] {taskinstance.py:441} INFO - ::group::Post task execution logs
[2024-06-29T22:04:21.931+0000] {taskinstance.py:1206} INFO - Marking task as SUCCESS. dag_id=ecomm_data_pipeline, task_id=generate_and_insert_data, run_id=scheduled__2023-01-01T20:50:00+00:00, execution_date=20230101T205000, start_date=20240629T220421, end_date=20240629T220421
[2024-06-29T22:04:21.971+0000] {local_task_job_runner.py:240} INFO - Task exited with return code 0
[2024-06-29T22:04:21.978+0000] {taskinstance.py:3503} INFO - 0 downstream tasks scheduled from follow-on schedule check
[2024-06-29T22:04:21.978+0000] {local_task_job_runner.py:222} INFO - ::endgroup::
