[2024-06-27T22:33:58.117+0000] {local_task_job_runner.py:120} INFO - ::group::Pre task execution logs
[2024-06-27T22:33:58.127+0000] {taskinstance.py:2076} INFO - Dependencies all met for dep_context=non-requeueable deps ti=<TaskInstance: ecomm_data_pipeline.generate_and_insert_data scheduled__2023-01-01T04:10:00+00:00 [queued]>
[2024-06-27T22:33:58.130+0000] {taskinstance.py:2076} INFO - Dependencies all met for dep_context=requeueable deps ti=<TaskInstance: ecomm_data_pipeline.generate_and_insert_data scheduled__2023-01-01T04:10:00+00:00 [queued]>
[2024-06-27T22:33:58.130+0000] {taskinstance.py:2306} INFO - Starting attempt 1 of 2
[2024-06-27T22:33:58.134+0000] {taskinstance.py:2330} INFO - Executing <Task(PythonOperator): generate_and_insert_data> on 2023-01-01 04:10:00+00:00
[2024-06-27T22:33:58.135+0000] {standard_task_runner.py:63} INFO - Started process 634 to run task
[2024-06-27T22:33:58.137+0000] {standard_task_runner.py:90} INFO - Running: ['airflow', 'tasks', 'run', 'ecomm_data_pipeline', 'generate_and_insert_data', 'scheduled__2023-01-01T04:10:00+00:00', '--job-id', '44', '--raw', '--subdir', 'DAGS_FOLDER/ecomm_dag.py', '--cfg-path', '/tmp/tmpca4phpid']
[2024-06-27T22:33:58.137+0000] {standard_task_runner.py:91} INFO - Job 44: Subtask generate_and_insert_data
[2024-06-27T22:33:58.154+0000] {task_command.py:426} INFO - Running <TaskInstance: ecomm_data_pipeline.generate_and_insert_data scheduled__2023-01-01T04:10:00+00:00 [running]> on host 9174587f6b1d
[2024-06-27T22:33:58.182+0000] {taskinstance.py:2648} INFO - Exporting env vars: AIRFLOW_CTX_DAG_OWNER='airflow' AIRFLOW_CTX_DAG_ID='ecomm_data_pipeline' AIRFLOW_CTX_TASK_ID='generate_and_insert_data' AIRFLOW_CTX_EXECUTION_DATE='2023-01-01T04:10:00+00:00' AIRFLOW_CTX_TRY_NUMBER='1' AIRFLOW_CTX_DAG_RUN_ID='scheduled__2023-01-01T04:10:00+00:00'
[2024-06-27T22:33:58.183+0000] {taskinstance.py:430} INFO - ::endgroup::
[2024-06-27T22:33:58.216+0000] {logging_mixin.py:188} INFO - Error in generate_and_insert_data: Command '['python3', './generator/ecomm_generator.py']' returned non-zero exit status 2.
[2024-06-27T22:33:58.216+0000] {python.py:237} INFO - Done. Returned value was: None
[2024-06-27T22:33:58.216+0000] {taskinstance.py:441} INFO - ::group::Post task execution logs
[2024-06-27T22:33:58.221+0000] {taskinstance.py:1206} INFO - Marking task as SUCCESS. dag_id=ecomm_data_pipeline, task_id=generate_and_insert_data, run_id=scheduled__2023-01-01T04:10:00+00:00, execution_date=20230101T041000, start_date=20240627T223358, end_date=20240627T223358
[2024-06-27T22:33:58.237+0000] {local_task_job_runner.py:240} INFO - Task exited with return code 0
[2024-06-27T22:33:58.244+0000] {taskinstance.py:3503} INFO - 0 downstream tasks scheduled from follow-on schedule check
[2024-06-27T22:33:58.245+0000] {local_task_job_runner.py:222} INFO - ::endgroup::
[2024-06-27T22:52:57.832+0000] {local_task_job_runner.py:120} INFO - ::group::Pre task execution logs
[2024-06-27T22:52:57.842+0000] {taskinstance.py:2076} INFO - Dependencies all met for dep_context=non-requeueable deps ti=<TaskInstance: ecomm_data_pipeline.generate_and_insert_data scheduled__2023-01-01T04:10:00+00:00 [queued]>
[2024-06-27T22:52:57.844+0000] {taskinstance.py:2076} INFO - Dependencies all met for dep_context=requeueable deps ti=<TaskInstance: ecomm_data_pipeline.generate_and_insert_data scheduled__2023-01-01T04:10:00+00:00 [queued]>
[2024-06-27T22:52:57.844+0000] {taskinstance.py:2306} INFO - Starting attempt 1 of 2
[2024-06-27T22:52:57.848+0000] {taskinstance.py:2330} INFO - Executing <Task(PythonOperator): generate_and_insert_data> on 2023-01-01 04:10:00+00:00
[2024-06-27T22:52:57.850+0000] {standard_task_runner.py:63} INFO - Started process 751 to run task
[2024-06-27T22:52:57.851+0000] {standard_task_runner.py:90} INFO - Running: ['airflow', 'tasks', 'run', 'ecomm_data_pipeline', 'generate_and_insert_data', 'scheduled__2023-01-01T04:10:00+00:00', '--job-id', '53', '--raw', '--subdir', 'DAGS_FOLDER/ecomm_dag.py', '--cfg-path', '/tmp/tmpkg0_t9sr']
[2024-06-27T22:52:57.851+0000] {standard_task_runner.py:91} INFO - Job 53: Subtask generate_and_insert_data
[2024-06-27T22:52:57.867+0000] {task_command.py:426} INFO - Running <TaskInstance: ecomm_data_pipeline.generate_and_insert_data scheduled__2023-01-01T04:10:00+00:00 [running]> on host a70edf9d8581
[2024-06-27T22:52:57.895+0000] {taskinstance.py:2648} INFO - Exporting env vars: AIRFLOW_CTX_DAG_OWNER='airflow' AIRFLOW_CTX_DAG_ID='ecomm_data_pipeline' AIRFLOW_CTX_TASK_ID='generate_and_insert_data' AIRFLOW_CTX_EXECUTION_DATE='2023-01-01T04:10:00+00:00' AIRFLOW_CTX_TRY_NUMBER='1' AIRFLOW_CTX_DAG_RUN_ID='scheduled__2023-01-01T04:10:00+00:00'
[2024-06-27T22:52:57.895+0000] {taskinstance.py:430} INFO - ::endgroup::
[2024-06-27T22:52:57.927+0000] {logging_mixin.py:188} INFO - Error in generate_and_insert_data: Command '['python3', './generator/ecomm_generator.py']' returned non-zero exit status 2.
[2024-06-27T22:52:57.928+0000] {logging_mixin.py:188} INFO - stdout: 
[2024-06-27T22:52:57.928+0000] {logging_mixin.py:188} INFO - stderr: python3: can't open file '/opt/airflow/./generator/ecomm_generator.py': [Errno 2] No such file or directory
[2024-06-27T22:52:57.928+0000] {python.py:237} INFO - Done. Returned value was: None
[2024-06-27T22:52:57.928+0000] {taskinstance.py:441} INFO - ::group::Post task execution logs
[2024-06-27T22:52:57.932+0000] {taskinstance.py:1206} INFO - Marking task as SUCCESS. dag_id=ecomm_data_pipeline, task_id=generate_and_insert_data, run_id=scheduled__2023-01-01T04:10:00+00:00, execution_date=20230101T041000, start_date=20240627T225257, end_date=20240627T225257
[2024-06-27T22:52:57.953+0000] {local_task_job_runner.py:240} INFO - Task exited with return code 0
[2024-06-27T22:52:57.959+0000] {taskinstance.py:3503} INFO - 0 downstream tasks scheduled from follow-on schedule check
[2024-06-27T22:52:57.960+0000] {local_task_job_runner.py:222} INFO - ::endgroup::
[2024-06-28T18:14:15.029+0000] {local_task_job_runner.py:120} INFO - ::group::Pre task execution logs
[2024-06-28T18:14:15.039+0000] {taskinstance.py:2076} INFO - Dependencies all met for dep_context=non-requeueable deps ti=<TaskInstance: ecomm_data_pipeline.generate_and_insert_data scheduled__2023-01-01T04:10:00+00:00 [queued]>
[2024-06-28T18:14:15.042+0000] {taskinstance.py:2076} INFO - Dependencies all met for dep_context=requeueable deps ti=<TaskInstance: ecomm_data_pipeline.generate_and_insert_data scheduled__2023-01-01T04:10:00+00:00 [queued]>
[2024-06-28T18:14:15.042+0000] {taskinstance.py:2306} INFO - Starting attempt 1 of 2
[2024-06-28T18:14:15.046+0000] {taskinstance.py:2330} INFO - Executing <Task(PythonOperator): generate_and_insert_data> on 2023-01-01 04:10:00+00:00
[2024-06-28T18:14:15.048+0000] {standard_task_runner.py:63} INFO - Started process 738 to run task
[2024-06-28T18:14:15.049+0000] {standard_task_runner.py:90} INFO - Running: ['airflow', 'tasks', 'run', 'ecomm_data_pipeline', 'generate_and_insert_data', 'scheduled__2023-01-01T04:10:00+00:00', '--job-id', '52', '--raw', '--subdir', 'DAGS_FOLDER/ecomm_dag.py', '--cfg-path', '/tmp/tmpa2h1of5g']
[2024-06-28T18:14:15.050+0000] {standard_task_runner.py:91} INFO - Job 52: Subtask generate_and_insert_data
[2024-06-28T18:14:15.066+0000] {task_command.py:426} INFO - Running <TaskInstance: ecomm_data_pipeline.generate_and_insert_data scheduled__2023-01-01T04:10:00+00:00 [running]> on host 08cefd381a1f
[2024-06-28T18:14:15.094+0000] {taskinstance.py:2648} INFO - Exporting env vars: AIRFLOW_CTX_DAG_OWNER='airflow' AIRFLOW_CTX_DAG_ID='ecomm_data_pipeline' AIRFLOW_CTX_TASK_ID='generate_and_insert_data' AIRFLOW_CTX_EXECUTION_DATE='2023-01-01T04:10:00+00:00' AIRFLOW_CTX_TRY_NUMBER='1' AIRFLOW_CTX_DAG_RUN_ID='scheduled__2023-01-01T04:10:00+00:00'
[2024-06-28T18:14:15.094+0000] {taskinstance.py:430} INFO - ::endgroup::
[2024-06-28T18:14:15.148+0000] {logging_mixin.py:188} INFO - Error in generate_and_insert_data: Command '['python3', '/opt/airflow/generator/ecomm_generator.py']' returned non-zero exit status 1.
[2024-06-28T18:14:15.148+0000] {logging_mixin.py:188} INFO - stdout: 
[2024-06-28T18:14:15.149+0000] {logging_mixin.py:188} INFO - stderr: Traceback (most recent call last):
  File "/opt/airflow/generator/ecomm_generator.py", line 4, in <module>
    from faker import Faker
ModuleNotFoundError: No module named 'faker'
[2024-06-28T18:14:15.149+0000] {python.py:237} INFO - Done. Returned value was: None
[2024-06-28T18:14:15.149+0000] {taskinstance.py:441} INFO - ::group::Post task execution logs
[2024-06-28T18:14:15.154+0000] {taskinstance.py:1206} INFO - Marking task as SUCCESS. dag_id=ecomm_data_pipeline, task_id=generate_and_insert_data, run_id=scheduled__2023-01-01T04:10:00+00:00, execution_date=20230101T041000, start_date=20240628T181415, end_date=20240628T181415
[2024-06-28T18:14:15.192+0000] {local_task_job_runner.py:240} INFO - Task exited with return code 0
[2024-06-28T18:14:15.199+0000] {taskinstance.py:3503} INFO - 0 downstream tasks scheduled from follow-on schedule check
[2024-06-28T18:14:15.200+0000] {local_task_job_runner.py:222} INFO - ::endgroup::
[2024-06-28T18:21:26.296+0000] {local_task_job_runner.py:120} INFO - ::group::Pre task execution logs
[2024-06-28T18:21:26.306+0000] {taskinstance.py:2076} INFO - Dependencies all met for dep_context=non-requeueable deps ti=<TaskInstance: ecomm_data_pipeline.generate_and_insert_data scheduled__2023-01-01T04:10:00+00:00 [queued]>
[2024-06-28T18:21:26.309+0000] {taskinstance.py:2076} INFO - Dependencies all met for dep_context=requeueable deps ti=<TaskInstance: ecomm_data_pipeline.generate_and_insert_data scheduled__2023-01-01T04:10:00+00:00 [queued]>
[2024-06-28T18:21:26.309+0000] {taskinstance.py:2306} INFO - Starting attempt 1 of 2
[2024-06-28T18:21:26.313+0000] {taskinstance.py:2330} INFO - Executing <Task(PythonOperator): generate_and_insert_data> on 2023-01-01 04:10:00+00:00
[2024-06-28T18:21:26.315+0000] {standard_task_runner.py:63} INFO - Started process 686 to run task
[2024-06-28T18:21:26.316+0000] {standard_task_runner.py:90} INFO - Running: ['airflow', 'tasks', 'run', 'ecomm_data_pipeline', 'generate_and_insert_data', 'scheduled__2023-01-01T04:10:00+00:00', '--job-id', '48', '--raw', '--subdir', 'DAGS_FOLDER/ecomm_dag.py', '--cfg-path', '/tmp/tmpmuxhf1xh']
[2024-06-28T18:21:26.317+0000] {standard_task_runner.py:91} INFO - Job 48: Subtask generate_and_insert_data
[2024-06-28T18:21:26.334+0000] {task_command.py:426} INFO - Running <TaskInstance: ecomm_data_pipeline.generate_and_insert_data scheduled__2023-01-01T04:10:00+00:00 [running]> on host 6570e5857071
[2024-06-28T18:21:26.362+0000] {taskinstance.py:2648} INFO - Exporting env vars: AIRFLOW_CTX_DAG_OWNER='airflow' AIRFLOW_CTX_DAG_ID='ecomm_data_pipeline' AIRFLOW_CTX_TASK_ID='generate_and_insert_data' AIRFLOW_CTX_EXECUTION_DATE='2023-01-01T04:10:00+00:00' AIRFLOW_CTX_TRY_NUMBER='1' AIRFLOW_CTX_DAG_RUN_ID='scheduled__2023-01-01T04:10:00+00:00'
[2024-06-28T18:21:26.362+0000] {taskinstance.py:430} INFO - ::endgroup::
[2024-06-28T18:21:26.420+0000] {logging_mixin.py:188} INFO - Error in generate_and_insert_data: Command '['python3', '/opt/airflow/generator/ecomm_generator.py']' returned non-zero exit status 1.
[2024-06-28T18:21:26.420+0000] {logging_mixin.py:188} INFO - stdout: 
[2024-06-28T18:21:26.420+0000] {logging_mixin.py:188} INFO - stderr: Traceback (most recent call last):
  File "/opt/airflow/generator/ecomm_generator.py", line 4, in <module>
    from faker import Faker
ModuleNotFoundError: No module named 'faker'
[2024-06-28T18:21:26.420+0000] {python.py:237} INFO - Done. Returned value was: None
[2024-06-28T18:21:26.420+0000] {taskinstance.py:441} INFO - ::group::Post task execution logs
[2024-06-28T18:21:26.425+0000] {taskinstance.py:1206} INFO - Marking task as SUCCESS. dag_id=ecomm_data_pipeline, task_id=generate_and_insert_data, run_id=scheduled__2023-01-01T04:10:00+00:00, execution_date=20230101T041000, start_date=20240628T182126, end_date=20240628T182126
[2024-06-28T18:21:26.463+0000] {local_task_job_runner.py:240} INFO - Task exited with return code 0
[2024-06-28T18:21:26.470+0000] {taskinstance.py:3503} INFO - 0 downstream tasks scheduled from follow-on schedule check
[2024-06-28T18:21:26.471+0000] {local_task_job_runner.py:222} INFO - ::endgroup::
[2024-06-28T18:31:23.716+0000] {local_task_job_runner.py:120} INFO - ::group::Pre task execution logs
[2024-06-28T18:31:23.726+0000] {taskinstance.py:2076} INFO - Dependencies all met for dep_context=non-requeueable deps ti=<TaskInstance: ecomm_data_pipeline.generate_and_insert_data scheduled__2023-01-01T04:10:00+00:00 [queued]>
[2024-06-28T18:31:23.729+0000] {taskinstance.py:2076} INFO - Dependencies all met for dep_context=requeueable deps ti=<TaskInstance: ecomm_data_pipeline.generate_and_insert_data scheduled__2023-01-01T04:10:00+00:00 [queued]>
[2024-06-28T18:31:23.729+0000] {taskinstance.py:2306} INFO - Starting attempt 1 of 2
[2024-06-28T18:31:23.733+0000] {taskinstance.py:2330} INFO - Executing <Task(PythonOperator): generate_and_insert_data> on 2023-01-01 04:10:00+00:00
[2024-06-28T18:31:23.735+0000] {standard_task_runner.py:63} INFO - Started process 634 to run task
[2024-06-28T18:31:23.736+0000] {standard_task_runner.py:90} INFO - Running: ['airflow', 'tasks', 'run', 'ecomm_data_pipeline', 'generate_and_insert_data', 'scheduled__2023-01-01T04:10:00+00:00', '--job-id', '44', '--raw', '--subdir', 'DAGS_FOLDER/ecomm_dag.py', '--cfg-path', '/tmp/tmpoa5fv3t4']
[2024-06-28T18:31:23.737+0000] {standard_task_runner.py:91} INFO - Job 44: Subtask generate_and_insert_data
[2024-06-28T18:31:23.753+0000] {task_command.py:426} INFO - Running <TaskInstance: ecomm_data_pipeline.generate_and_insert_data scheduled__2023-01-01T04:10:00+00:00 [running]> on host 50bf780463b8
[2024-06-28T18:31:23.782+0000] {taskinstance.py:2648} INFO - Exporting env vars: AIRFLOW_CTX_DAG_OWNER='airflow' AIRFLOW_CTX_DAG_ID='ecomm_data_pipeline' AIRFLOW_CTX_TASK_ID='generate_and_insert_data' AIRFLOW_CTX_EXECUTION_DATE='2023-01-01T04:10:00+00:00' AIRFLOW_CTX_TRY_NUMBER='1' AIRFLOW_CTX_DAG_RUN_ID='scheduled__2023-01-01T04:10:00+00:00'
[2024-06-28T18:31:23.782+0000] {taskinstance.py:430} INFO - ::endgroup::
[2024-06-28T18:31:23.839+0000] {logging_mixin.py:188} INFO - Error in generate_and_insert_data: Command '['python3', '/opt/airflow/generator/ecomm_generator.py']' returned non-zero exit status 1.
[2024-06-28T18:31:23.839+0000] {logging_mixin.py:188} INFO - stdout: 
[2024-06-28T18:31:23.839+0000] {logging_mixin.py:188} INFO - stderr: Traceback (most recent call last):
  File "/opt/airflow/generator/ecomm_generator.py", line 4, in <module>
    from faker import Faker
ModuleNotFoundError: No module named 'faker'
[2024-06-28T18:31:23.840+0000] {python.py:237} INFO - Done. Returned value was: None
[2024-06-28T18:31:23.840+0000] {taskinstance.py:441} INFO - ::group::Post task execution logs
[2024-06-28T18:31:23.845+0000] {taskinstance.py:1206} INFO - Marking task as SUCCESS. dag_id=ecomm_data_pipeline, task_id=generate_and_insert_data, run_id=scheduled__2023-01-01T04:10:00+00:00, execution_date=20230101T041000, start_date=20240628T183123, end_date=20240628T183123
[2024-06-28T18:31:23.879+0000] {local_task_job_runner.py:240} INFO - Task exited with return code 0
[2024-06-28T18:31:23.886+0000] {taskinstance.py:3503} INFO - 0 downstream tasks scheduled from follow-on schedule check
[2024-06-28T18:31:23.886+0000] {local_task_job_runner.py:222} INFO - ::endgroup::
[2024-06-29T21:37:23.306+0000] {local_task_job_runner.py:120} INFO - ::group::Pre task execution logs
[2024-06-29T21:37:23.316+0000] {taskinstance.py:2076} INFO - Dependencies all met for dep_context=non-requeueable deps ti=<TaskInstance: ecomm_data_pipeline.generate_and_insert_data scheduled__2023-01-01T04:10:00+00:00 [queued]>
[2024-06-29T21:37:23.318+0000] {taskinstance.py:2076} INFO - Dependencies all met for dep_context=requeueable deps ti=<TaskInstance: ecomm_data_pipeline.generate_and_insert_data scheduled__2023-01-01T04:10:00+00:00 [queued]>
[2024-06-29T21:37:23.318+0000] {taskinstance.py:2306} INFO - Starting attempt 1 of 2
[2024-06-29T21:37:23.322+0000] {taskinstance.py:2330} INFO - Executing <Task(PythonOperator): generate_and_insert_data> on 2023-01-01 04:10:00+00:00
[2024-06-29T21:37:23.324+0000] {standard_task_runner.py:63} INFO - Started process 400 to run task
[2024-06-29T21:37:23.325+0000] {standard_task_runner.py:90} INFO - Running: ['airflow', 'tasks', 'run', 'ecomm_data_pipeline', 'generate_and_insert_data', 'scheduled__2023-01-01T04:10:00+00:00', '--job-id', '27', '--raw', '--subdir', 'DAGS_FOLDER/ecomm_dag.py', '--cfg-path', '/tmp/tmpi4u_fjdq']
[2024-06-29T21:37:23.326+0000] {standard_task_runner.py:91} INFO - Job 27: Subtask generate_and_insert_data
[2024-06-29T21:37:23.343+0000] {task_command.py:426} INFO - Running <TaskInstance: ecomm_data_pipeline.generate_and_insert_data scheduled__2023-01-01T04:10:00+00:00 [running]> on host afcb6fbf9265
[2024-06-29T21:37:23.373+0000] {taskinstance.py:2648} INFO - Exporting env vars: AIRFLOW_CTX_DAG_OWNER='airflow' AIRFLOW_CTX_DAG_ID='ecomm_data_pipeline' AIRFLOW_CTX_TASK_ID='generate_and_insert_data' AIRFLOW_CTX_EXECUTION_DATE='2023-01-01T04:10:00+00:00' AIRFLOW_CTX_TRY_NUMBER='1' AIRFLOW_CTX_DAG_RUN_ID='scheduled__2023-01-01T04:10:00+00:00'
[2024-06-29T21:37:23.374+0000] {taskinstance.py:430} INFO - ::endgroup::
[2024-06-29T21:37:23.429+0000] {logging_mixin.py:188} INFO - Error in generate_and_insert_data: Command '['python3', '/opt/airflow/generator/ecomm_generator.py']' returned non-zero exit status 1.
[2024-06-29T21:37:23.429+0000] {logging_mixin.py:188} INFO - stdout: 
[2024-06-29T21:37:23.430+0000] {logging_mixin.py:188} INFO - stderr: Traceback (most recent call last):
  File "/opt/airflow/generator/ecomm_generator.py", line 4, in <module>
    from faker import Faker
ModuleNotFoundError: No module named 'faker'
[2024-06-29T21:37:23.430+0000] {python.py:237} INFO - Done. Returned value was: None
[2024-06-29T21:37:23.430+0000] {taskinstance.py:441} INFO - ::group::Post task execution logs
[2024-06-29T21:37:23.435+0000] {taskinstance.py:1206} INFO - Marking task as SUCCESS. dag_id=ecomm_data_pipeline, task_id=generate_and_insert_data, run_id=scheduled__2023-01-01T04:10:00+00:00, execution_date=20230101T041000, start_date=20240629T213723, end_date=20240629T213723
[2024-06-29T21:37:23.478+0000] {local_task_job_runner.py:240} INFO - Task exited with return code 0
[2024-06-29T21:37:23.486+0000] {taskinstance.py:3503} INFO - 0 downstream tasks scheduled from follow-on schedule check
[2024-06-29T21:37:23.486+0000] {local_task_job_runner.py:222} INFO - ::endgroup::
[2024-06-29T21:49:40.157+0000] {local_task_job_runner.py:120} INFO - ::group::Pre task execution logs
[2024-06-29T21:49:40.167+0000] {taskinstance.py:2076} INFO - Dependencies all met for dep_context=non-requeueable deps ti=<TaskInstance: ecomm_data_pipeline.generate_and_insert_data scheduled__2023-01-01T04:10:00+00:00 [queued]>
[2024-06-29T21:49:40.169+0000] {taskinstance.py:2076} INFO - Dependencies all met for dep_context=requeueable deps ti=<TaskInstance: ecomm_data_pipeline.generate_and_insert_data scheduled__2023-01-01T04:10:00+00:00 [queued]>
[2024-06-29T21:49:40.169+0000] {taskinstance.py:2306} INFO - Starting attempt 1 of 2
[2024-06-29T21:49:40.174+0000] {taskinstance.py:2330} INFO - Executing <Task(PythonOperator): generate_and_insert_data> on 2023-01-01 04:10:00+00:00
[2024-06-29T21:49:40.176+0000] {standard_task_runner.py:63} INFO - Started process 401 to run task
[2024-06-29T21:49:40.177+0000] {standard_task_runner.py:90} INFO - Running: ['airflow', 'tasks', 'run', 'ecomm_data_pipeline', 'generate_and_insert_data', 'scheduled__2023-01-01T04:10:00+00:00', '--job-id', '27', '--raw', '--subdir', 'DAGS_FOLDER/ecomm_dag.py', '--cfg-path', '/tmp/tmp8gm5otdb']
[2024-06-29T21:49:40.178+0000] {standard_task_runner.py:91} INFO - Job 27: Subtask generate_and_insert_data
[2024-06-29T21:49:40.195+0000] {task_command.py:426} INFO - Running <TaskInstance: ecomm_data_pipeline.generate_and_insert_data scheduled__2023-01-01T04:10:00+00:00 [running]> on host 0b7af056b90c
[2024-06-29T21:49:40.228+0000] {taskinstance.py:2648} INFO - Exporting env vars: AIRFLOW_CTX_DAG_OWNER='airflow' AIRFLOW_CTX_DAG_ID='ecomm_data_pipeline' AIRFLOW_CTX_TASK_ID='generate_and_insert_data' AIRFLOW_CTX_EXECUTION_DATE='2023-01-01T04:10:00+00:00' AIRFLOW_CTX_TRY_NUMBER='1' AIRFLOW_CTX_DAG_RUN_ID='scheduled__2023-01-01T04:10:00+00:00'
[2024-06-29T21:49:40.228+0000] {taskinstance.py:430} INFO - ::endgroup::
[2024-06-29T21:49:40.286+0000] {logging_mixin.py:188} INFO - Error in generate_and_insert_data: Command '['python3', '/opt/airflow/generator/ecomm_generator.py']' returned non-zero exit status 1.
[2024-06-29T21:49:40.287+0000] {logging_mixin.py:188} INFO - stdout: 
[2024-06-29T21:49:40.287+0000] {logging_mixin.py:188} INFO - stderr: Traceback (most recent call last):
  File "/opt/airflow/generator/ecomm_generator.py", line 4, in <module>
    from faker import Faker
ModuleNotFoundError: No module named 'faker'
[2024-06-29T21:49:40.287+0000] {python.py:237} INFO - Done. Returned value was: None
[2024-06-29T21:49:40.287+0000] {taskinstance.py:441} INFO - ::group::Post task execution logs
[2024-06-29T21:49:40.292+0000] {taskinstance.py:1206} INFO - Marking task as SUCCESS. dag_id=ecomm_data_pipeline, task_id=generate_and_insert_data, run_id=scheduled__2023-01-01T04:10:00+00:00, execution_date=20230101T041000, start_date=20240629T214940, end_date=20240629T214940
[2024-06-29T21:49:40.316+0000] {local_task_job_runner.py:240} INFO - Task exited with return code 0
[2024-06-29T21:49:40.323+0000] {taskinstance.py:3503} INFO - 0 downstream tasks scheduled from follow-on schedule check
[2024-06-29T21:49:40.324+0000] {local_task_job_runner.py:222} INFO - ::endgroup::
[2024-06-29T22:01:13.263+0000] {local_task_job_runner.py:120} INFO - ::group::Pre task execution logs
[2024-06-29T22:01:13.275+0000] {taskinstance.py:2076} INFO - Dependencies all met for dep_context=non-requeueable deps ti=<TaskInstance: ecomm_data_pipeline.generate_and_insert_data scheduled__2023-01-01T04:10:00+00:00 [queued]>
[2024-06-29T22:01:13.278+0000] {taskinstance.py:2076} INFO - Dependencies all met for dep_context=requeueable deps ti=<TaskInstance: ecomm_data_pipeline.generate_and_insert_data scheduled__2023-01-01T04:10:00+00:00 [queued]>
[2024-06-29T22:01:13.278+0000] {taskinstance.py:2306} INFO - Starting attempt 1 of 2
[2024-06-29T22:01:13.284+0000] {taskinstance.py:2330} INFO - Executing <Task(PythonOperator): generate_and_insert_data> on 2023-01-01 04:10:00+00:00
[2024-06-29T22:01:13.286+0000] {standard_task_runner.py:63} INFO - Started process 401 to run task
[2024-06-29T22:01:13.287+0000] {standard_task_runner.py:90} INFO - Running: ['airflow', 'tasks', 'run', 'ecomm_data_pipeline', 'generate_and_insert_data', 'scheduled__2023-01-01T04:10:00+00:00', '--job-id', '27', '--raw', '--subdir', 'DAGS_FOLDER/ecomm_dag.py', '--cfg-path', '/tmp/tmphorauktz']
[2024-06-29T22:01:13.287+0000] {standard_task_runner.py:91} INFO - Job 27: Subtask generate_and_insert_data
[2024-06-29T22:01:13.307+0000] {task_command.py:426} INFO - Running <TaskInstance: ecomm_data_pipeline.generate_and_insert_data scheduled__2023-01-01T04:10:00+00:00 [running]> on host 799998b0d26e
[2024-06-29T22:01:13.343+0000] {taskinstance.py:2648} INFO - Exporting env vars: AIRFLOW_CTX_DAG_OWNER='airflow' AIRFLOW_CTX_DAG_ID='ecomm_data_pipeline' AIRFLOW_CTX_TASK_ID='generate_and_insert_data' AIRFLOW_CTX_EXECUTION_DATE='2023-01-01T04:10:00+00:00' AIRFLOW_CTX_TRY_NUMBER='1' AIRFLOW_CTX_DAG_RUN_ID='scheduled__2023-01-01T04:10:00+00:00'
[2024-06-29T22:01:13.344+0000] {taskinstance.py:430} INFO - ::endgroup::
[2024-06-29T22:01:13.408+0000] {logging_mixin.py:188} INFO - Error in generate_and_insert_data: Command '['python3', '/opt/airflow/generator/ecomm_generator.py']' returned non-zero exit status 1.
[2024-06-29T22:01:13.409+0000] {logging_mixin.py:188} INFO - stdout: 
[2024-06-29T22:01:13.409+0000] {logging_mixin.py:188} INFO - stderr: Traceback (most recent call last):
  File "/opt/airflow/generator/ecomm_generator.py", line 4, in <module>
    from faker import Faker
ModuleNotFoundError: No module named 'faker'
[2024-06-29T22:01:13.409+0000] {python.py:237} INFO - Done. Returned value was: None
[2024-06-29T22:01:13.409+0000] {taskinstance.py:441} INFO - ::group::Post task execution logs
[2024-06-29T22:01:13.415+0000] {taskinstance.py:1206} INFO - Marking task as SUCCESS. dag_id=ecomm_data_pipeline, task_id=generate_and_insert_data, run_id=scheduled__2023-01-01T04:10:00+00:00, execution_date=20230101T041000, start_date=20240629T220113, end_date=20240629T220113
[2024-06-29T22:01:13.427+0000] {local_task_job_runner.py:240} INFO - Task exited with return code 0
[2024-06-29T22:01:13.435+0000] {taskinstance.py:3503} INFO - 0 downstream tasks scheduled from follow-on schedule check
[2024-06-29T22:01:13.436+0000] {local_task_job_runner.py:222} INFO - ::endgroup::
