[2024-07-03T00:11:07.744+0000] {taskinstance.py:1103} INFO - Dependencies all met for dep_context=non-requeueable deps ti=<TaskInstance: ecomm_data_pipeline.insert_clickstream_events scheduled__2024-07-02T01:50:00+00:00 [queued]>
[2024-07-03T00:11:07.747+0000] {taskinstance.py:1103} INFO - Dependencies all met for dep_context=requeueable deps ti=<TaskInstance: ecomm_data_pipeline.insert_clickstream_events scheduled__2024-07-02T01:50:00+00:00 [queued]>
[2024-07-03T00:11:07.748+0000] {taskinstance.py:1308} INFO - Starting attempt 1 of 2
[2024-07-03T00:11:07.752+0000] {taskinstance.py:1327} INFO - Executing <Task(PythonOperator): insert_clickstream_events> on 2024-07-02 01:50:00+00:00
[2024-07-03T00:11:07.753+0000] {standard_task_runner.py:57} INFO - Started process 181 to run task
[2024-07-03T00:11:07.754+0000] {standard_task_runner.py:84} INFO - Running: ['airflow', 'tasks', 'run', 'ecomm_data_pipeline', 'insert_clickstream_events', 'scheduled__2024-07-02T01:50:00+00:00', '--job-id', '150', '--raw', '--subdir', 'DAGS_FOLDER/ecomm_dag.py', '--cfg-path', '/tmp/tmpo06crqkd']
[2024-07-03T00:11:07.755+0000] {standard_task_runner.py:85} INFO - Job 150: Subtask insert_clickstream_events
[2024-07-03T00:11:07.774+0000] {task_command.py:410} INFO - Running <TaskInstance: ecomm_data_pipeline.insert_clickstream_events scheduled__2024-07-02T01:50:00+00:00 [running]> on host a91436ab9950
[2024-07-03T00:11:07.808+0000] {taskinstance.py:1545} INFO - Exporting env vars: AIRFLOW_CTX_DAG_OWNER='airflow' AIRFLOW_CTX_DAG_ID='ecomm_data_pipeline' AIRFLOW_CTX_TASK_ID='insert_clickstream_events' AIRFLOW_CTX_EXECUTION_DATE='2024-07-02T01:50:00+00:00' AIRFLOW_CTX_TRY_NUMBER='1' AIRFLOW_CTX_DAG_RUN_ID='scheduled__2024-07-02T01:50:00+00:00'
[2024-07-03T00:11:07.809+0000] {logging_mixin.py:149} INFO - Inserting data into clickstream_events from /opt/airflow/generator/fake_clickstream_events.json...
[2024-07-03T00:11:07.810+0000] {logging_mixin.py:149} INFO - Error inserting data into clickstream_events: could not connect to server: Connection refused
	Is the server running on host "localhost" (::1) and accepting
	TCP/IP connections on port 5432?
could not connect to server: Connection refused
	Is the server running on host "localhost" (127.0.0.1) and accepting
	TCP/IP connections on port 5432?
[2024-07-03T00:11:07.810+0000] {python.py:183} INFO - Done. Returned value was: None
[2024-07-03T00:11:07.813+0000] {taskinstance.py:1345} INFO - Marking task as SUCCESS. dag_id=ecomm_data_pipeline, task_id=insert_clickstream_events, execution_date=20240702T015000, start_date=20240703T001107, end_date=20240703T001107
[2024-07-03T00:11:07.860+0000] {local_task_job_runner.py:225} INFO - Task exited with return code 0
[2024-07-03T00:11:07.869+0000] {taskinstance.py:2651} INFO - 0 downstream tasks scheduled from follow-on schedule check
