[2024-07-02T22:55:17.623+0000] {taskinstance.py:1103} INFO - Dependencies all met for dep_context=non-requeueable deps ti=<TaskInstance: ecomm_data_pipeline.generate_data scheduled__2024-07-02T02:50:00+00:00 [queued]>
[2024-07-02T22:55:17.626+0000] {taskinstance.py:1103} INFO - Dependencies all met for dep_context=requeueable deps ti=<TaskInstance: ecomm_data_pipeline.generate_data scheduled__2024-07-02T02:50:00+00:00 [queued]>
[2024-07-02T22:55:17.626+0000] {taskinstance.py:1308} INFO - Starting attempt 1 of 2
[2024-07-02T22:55:17.630+0000] {taskinstance.py:1327} INFO - Executing <Task(PythonOperator): generate_data> on 2024-07-02 02:50:00+00:00
[2024-07-02T22:55:17.631+0000] {standard_task_runner.py:57} INFO - Started process 76 to run task
[2024-07-02T22:55:17.633+0000] {standard_task_runner.py:84} INFO - Running: ['airflow', 'tasks', 'run', 'ecomm_data_pipeline', 'generate_data', 'scheduled__2024-07-02T02:50:00+00:00', '--job-id', '73', '--raw', '--subdir', 'DAGS_FOLDER/ecomm_dag.py', '--cfg-path', '/tmp/tmpyqvlluoh']
[2024-07-02T22:55:17.633+0000] {standard_task_runner.py:85} INFO - Job 73: Subtask generate_data
[2024-07-02T22:55:17.663+0000] {task_command.py:410} INFO - Running <TaskInstance: ecomm_data_pipeline.generate_data scheduled__2024-07-02T02:50:00+00:00 [running]> on host 5b8fb0180af8
[2024-07-02T22:55:17.699+0000] {taskinstance.py:1545} INFO - Exporting env vars: AIRFLOW_CTX_DAG_OWNER='airflow' AIRFLOW_CTX_DAG_ID='ecomm_data_pipeline' AIRFLOW_CTX_TASK_ID='generate_data' AIRFLOW_CTX_EXECUTION_DATE='2024-07-02T02:50:00+00:00' AIRFLOW_CTX_TRY_NUMBER='1' AIRFLOW_CTX_DAG_RUN_ID='scheduled__2024-07-02T02:50:00+00:00'
[2024-07-02T22:55:17.915+0000] {local_task_job_runner.py:225} INFO - Task exited with return code 1
[2024-07-02T22:55:17.924+0000] {taskinstance.py:2651} INFO - 0 downstream tasks scheduled from follow-on schedule check
[2024-07-03T00:15:02.590+0000] {taskinstance.py:1103} INFO - Dependencies all met for dep_context=non-requeueable deps ti=<TaskInstance: ecomm_data_pipeline.generate_data scheduled__2024-07-02T02:50:00+00:00 [queued]>
[2024-07-03T00:15:02.594+0000] {taskinstance.py:1103} INFO - Dependencies all met for dep_context=requeueable deps ti=<TaskInstance: ecomm_data_pipeline.generate_data scheduled__2024-07-02T02:50:00+00:00 [queued]>
[2024-07-03T00:15:02.594+0000] {taskinstance.py:1308} INFO - Starting attempt 1 of 2
[2024-07-03T00:15:02.598+0000] {taskinstance.py:1327} INFO - Executing <Task(PythonOperator): generate_data> on 2024-07-02 02:50:00+00:00
[2024-07-03T00:15:02.599+0000] {standard_task_runner.py:57} INFO - Started process 310 to run task
[2024-07-03T00:15:02.601+0000] {standard_task_runner.py:84} INFO - Running: ['airflow', 'tasks', 'run', 'ecomm_data_pipeline', 'generate_data', 'scheduled__2024-07-02T02:50:00+00:00', '--job-id', '172', '--raw', '--subdir', 'DAGS_FOLDER/ecomm_dag.py', '--cfg-path', '/tmp/tmpdetb0zry']
[2024-07-03T00:15:02.601+0000] {standard_task_runner.py:85} INFO - Job 172: Subtask generate_data
[2024-07-03T00:15:02.621+0000] {task_command.py:410} INFO - Running <TaskInstance: ecomm_data_pipeline.generate_data scheduled__2024-07-02T02:50:00+00:00 [running]> on host a91436ab9950
[2024-07-03T00:15:02.656+0000] {taskinstance.py:1545} INFO - Exporting env vars: AIRFLOW_CTX_DAG_OWNER='airflow' AIRFLOW_CTX_DAG_ID='ecomm_data_pipeline' AIRFLOW_CTX_TASK_ID='generate_data' AIRFLOW_CTX_EXECUTION_DATE='2024-07-02T02:50:00+00:00' AIRFLOW_CTX_TRY_NUMBER='1' AIRFLOW_CTX_DAG_RUN_ID='scheduled__2024-07-02T02:50:00+00:00'
[2024-07-03T00:15:02.656+0000] {logging_mixin.py:149} INFO - Running data generation script...
[2024-07-03T00:15:03.047+0000] {logging_mixin.py:149} INFO - 2024-07-03 00:15:02,830 - INFO - Generating fake user data...
2024-07-03 00:15:02,863 - INFO - Generated 136 users.
2024-07-03 00:15:02,863 - INFO - Generating fake clickstream events...
2024-07-03 00:15:02,863 - INFO - Generated 8 clickstream events.
2024-07-03 00:15:02,863 - INFO - Generating fake transaction data...
2024-07-03 00:15:02,864 - INFO - Generated 91 transaction data records.
2024-07-03 00:15:02,864 - INFO - Generating fake Google Search marketing data...
2024-07-03 00:15:02,879 - INFO - Generated 1000 Google Search marketing data records.
2024-07-03 00:15:02,879 - INFO - Generating fake Email Marketing data...
2024-07-03 00:15:02,993 - INFO - Generated 1000 Email Marketing data records.
2024-07-03 00:15:02,993 - INFO - Generating fake Facebook data...
2024-07-03 00:15:03,009 - INFO - Generated 1000 Facebook data records.
2024-07-03 00:15:03,009 - INFO - Writing generated data to JSON files...
2024-07-03 00:15:03,040 - INFO - Data generation complete. Sleeping for 10 minutes...
[2024-07-03T00:15:03.047+0000] {python.py:183} INFO - Done. Returned value was: None
[2024-07-03T00:15:03.053+0000] {taskinstance.py:1345} INFO - Marking task as SUCCESS. dag_id=ecomm_data_pipeline, task_id=generate_data, execution_date=20240702T025000, start_date=20240703T001502, end_date=20240703T001503
[2024-07-03T00:15:03.059+0000] {local_task_job_runner.py:225} INFO - Task exited with return code 0
[2024-07-03T00:15:03.069+0000] {taskinstance.py:2651} INFO - 6 downstream tasks scheduled from follow-on schedule check
