[2024-06-27T22:32:46.255+0000] {processor.py:161} INFO - Started process (PID=30) to work on /opt/airflow/dags/ecomm_dag.py
[2024-06-27T22:32:46.255+0000] {processor.py:830} INFO - Processing file /opt/airflow/dags/ecomm_dag.py for tasks to queue
[2024-06-27T22:32:46.256+0000] {logging_mixin.py:188} INFO - [2024-06-27T22:32:46.256+0000] {dagbag.py:545} INFO - Filling up the DagBag from /opt/airflow/dags/ecomm_dag.py
[2024-06-27T22:32:46.269+0000] {processor.py:840} INFO - DAG(s) 'ecomm_data_pipeline' retrieved from /opt/airflow/dags/ecomm_dag.py
[2024-06-27T22:32:46.371+0000] {logging_mixin.py:188} INFO - [2024-06-27T22:32:46.370+0000] {override.py:1829} INFO - Created Permission View: can edit on DAG:ecomm_data_pipeline
[2024-06-27T22:32:46.373+0000] {logging_mixin.py:188} INFO - [2024-06-27T22:32:46.373+0000] {override.py:1829} INFO - Created Permission View: can read on DAG:ecomm_data_pipeline
[2024-06-27T22:32:46.374+0000] {logging_mixin.py:188} INFO - [2024-06-27T22:32:46.374+0000] {override.py:1829} INFO - Created Permission View: can delete on DAG:ecomm_data_pipeline
[2024-06-27T22:32:46.375+0000] {logging_mixin.py:188} INFO - [2024-06-27T22:32:46.375+0000] {dag.py:3096} INFO - Sync 1 DAGs
[2024-06-27T22:32:46.379+0000] {logging_mixin.py:188} INFO - [2024-06-27T22:32:46.379+0000] {dag.py:3118} INFO - Creating ORM DAG for ecomm_data_pipeline
[2024-06-27T22:32:46.382+0000] {logging_mixin.py:188} INFO - [2024-06-27T22:32:46.382+0000] {dag.py:3954} INFO - Setting next_dagrun for ecomm_data_pipeline to 2023-01-01 00:00:00+00:00, run_after=2023-01-01 00:10:00+00:00
[2024-06-27T22:32:46.387+0000] {processor.py:183} INFO - Processing /opt/airflow/dags/ecomm_dag.py took 0.136 seconds
[2024-06-27T22:33:16.442+0000] {processor.py:161} INFO - Started process (PID=295) to work on /opt/airflow/dags/ecomm_dag.py
[2024-06-27T22:33:16.442+0000] {processor.py:830} INFO - Processing file /opt/airflow/dags/ecomm_dag.py for tasks to queue
[2024-06-27T22:33:16.443+0000] {logging_mixin.py:188} INFO - [2024-06-27T22:33:16.443+0000] {dagbag.py:545} INFO - Filling up the DagBag from /opt/airflow/dags/ecomm_dag.py
[2024-06-27T22:33:16.449+0000] {processor.py:840} INFO - DAG(s) 'ecomm_data_pipeline' retrieved from /opt/airflow/dags/ecomm_dag.py
[2024-06-27T22:33:16.463+0000] {logging_mixin.py:188} INFO - [2024-06-27T22:33:16.463+0000] {dag.py:3096} INFO - Sync 1 DAGs
[2024-06-27T22:33:16.473+0000] {logging_mixin.py:188} INFO - [2024-06-27T22:33:16.473+0000] {dag.py:3954} INFO - Setting next_dagrun for ecomm_data_pipeline to 2023-01-01 01:40:00+00:00, run_after=2023-01-01 01:50:00+00:00
[2024-06-27T22:33:16.480+0000] {processor.py:183} INFO - Processing /opt/airflow/dags/ecomm_dag.py took 0.040 seconds
[2024-06-27T22:33:46.633+0000] {processor.py:161} INFO - Started process (PID=538) to work on /opt/airflow/dags/ecomm_dag.py
[2024-06-27T22:33:46.634+0000] {processor.py:830} INFO - Processing file /opt/airflow/dags/ecomm_dag.py for tasks to queue
[2024-06-27T22:33:46.635+0000] {logging_mixin.py:188} INFO - [2024-06-27T22:33:46.634+0000] {dagbag.py:545} INFO - Filling up the DagBag from /opt/airflow/dags/ecomm_dag.py
[2024-06-27T22:33:46.640+0000] {processor.py:840} INFO - DAG(s) 'ecomm_data_pipeline' retrieved from /opt/airflow/dags/ecomm_dag.py
[2024-06-27T22:33:46.645+0000] {logging_mixin.py:188} INFO - [2024-06-27T22:33:46.645+0000] {dag.py:3096} INFO - Sync 1 DAGs
[2024-06-27T22:33:46.654+0000] {logging_mixin.py:188} INFO - [2024-06-27T22:33:46.654+0000] {dag.py:3954} INFO - Setting next_dagrun for ecomm_data_pipeline to 2023-01-01 03:20:00+00:00, run_after=2023-01-01 03:30:00+00:00
[2024-06-27T22:33:46.660+0000] {processor.py:183} INFO - Processing /opt/airflow/dags/ecomm_dag.py took 0.029 seconds
[2024-06-27T22:34:16.853+0000] {processor.py:161} INFO - Started process (PID=772) to work on /opt/airflow/dags/ecomm_dag.py
[2024-06-27T22:34:16.854+0000] {processor.py:830} INFO - Processing file /opt/airflow/dags/ecomm_dag.py for tasks to queue
[2024-06-27T22:34:16.854+0000] {logging_mixin.py:188} INFO - [2024-06-27T22:34:16.854+0000] {dagbag.py:545} INFO - Filling up the DagBag from /opt/airflow/dags/ecomm_dag.py
[2024-06-27T22:34:16.860+0000] {processor.py:840} INFO - DAG(s) 'ecomm_data_pipeline' retrieved from /opt/airflow/dags/ecomm_dag.py
[2024-06-27T22:34:16.918+0000] {logging_mixin.py:188} INFO - [2024-06-27T22:34:16.918+0000] {dag.py:3096} INFO - Sync 1 DAGs
[2024-06-27T22:34:16.939+0000] {logging_mixin.py:188} INFO - [2024-06-27T22:34:16.939+0000] {dag.py:3954} INFO - Setting next_dagrun for ecomm_data_pipeline to 2023-01-01 06:00:00+00:00, run_after=2023-01-01 06:10:00+00:00
[2024-06-27T22:34:16.956+0000] {processor.py:183} INFO - Processing /opt/airflow/dags/ecomm_dag.py took 0.106 seconds
[2024-06-27T22:34:47.185+0000] {processor.py:161} INFO - Started process (PID=1006) to work on /opt/airflow/dags/ecomm_dag.py
[2024-06-27T22:34:47.188+0000] {processor.py:830} INFO - Processing file /opt/airflow/dags/ecomm_dag.py for tasks to queue
[2024-06-27T22:34:47.190+0000] {logging_mixin.py:188} INFO - [2024-06-27T22:34:47.190+0000] {dagbag.py:545} INFO - Filling up the DagBag from /opt/airflow/dags/ecomm_dag.py
[2024-06-27T22:34:47.208+0000] {processor.py:840} INFO - DAG(s) 'ecomm_data_pipeline' retrieved from /opt/airflow/dags/ecomm_dag.py
[2024-06-27T22:34:47.246+0000] {logging_mixin.py:188} INFO - [2024-06-27T22:34:47.246+0000] {dag.py:3096} INFO - Sync 1 DAGs
[2024-06-27T22:34:47.270+0000] {logging_mixin.py:188} INFO - [2024-06-27T22:34:47.270+0000] {dag.py:3954} INFO - Setting next_dagrun for ecomm_data_pipeline to 2023-01-01 08:40:00+00:00, run_after=2023-01-01 08:50:00+00:00
[2024-06-27T22:34:47.276+0000] {processor.py:183} INFO - Processing /opt/airflow/dags/ecomm_dag.py took 0.095 seconds
[2024-06-27T22:35:17.470+0000] {processor.py:161} INFO - Started process (PID=1253) to work on /opt/airflow/dags/ecomm_dag.py
[2024-06-27T22:35:17.471+0000] {processor.py:830} INFO - Processing file /opt/airflow/dags/ecomm_dag.py for tasks to queue
[2024-06-27T22:35:17.471+0000] {logging_mixin.py:188} INFO - [2024-06-27T22:35:17.471+0000] {dagbag.py:545} INFO - Filling up the DagBag from /opt/airflow/dags/ecomm_dag.py
[2024-06-27T22:35:17.476+0000] {processor.py:840} INFO - DAG(s) 'ecomm_data_pipeline' retrieved from /opt/airflow/dags/ecomm_dag.py
[2024-06-27T22:35:17.488+0000] {logging_mixin.py:188} INFO - [2024-06-27T22:35:17.488+0000] {dag.py:3096} INFO - Sync 1 DAGs
[2024-06-27T22:35:17.496+0000] {logging_mixin.py:188} INFO - [2024-06-27T22:35:17.496+0000] {dag.py:3954} INFO - Setting next_dagrun for ecomm_data_pipeline to 2023-01-01 11:20:00+00:00, run_after=2023-01-01 11:30:00+00:00
[2024-06-27T22:35:17.502+0000] {processor.py:183} INFO - Processing /opt/airflow/dags/ecomm_dag.py took 0.034 seconds
[2024-06-27T22:35:47.697+0000] {processor.py:161} INFO - Started process (PID=1487) to work on /opt/airflow/dags/ecomm_dag.py
[2024-06-27T22:35:47.697+0000] {processor.py:830} INFO - Processing file /opt/airflow/dags/ecomm_dag.py for tasks to queue
[2024-06-27T22:35:47.698+0000] {logging_mixin.py:188} INFO - [2024-06-27T22:35:47.698+0000] {dagbag.py:545} INFO - Filling up the DagBag from /opt/airflow/dags/ecomm_dag.py
[2024-06-27T22:35:47.703+0000] {processor.py:840} INFO - DAG(s) 'ecomm_data_pipeline' retrieved from /opt/airflow/dags/ecomm_dag.py
[2024-06-27T22:35:47.718+0000] {logging_mixin.py:188} INFO - [2024-06-27T22:35:47.718+0000] {dag.py:3096} INFO - Sync 1 DAGs
[2024-06-27T22:35:47.729+0000] {logging_mixin.py:188} INFO - [2024-06-27T22:35:47.729+0000] {dag.py:3954} INFO - Setting next_dagrun for ecomm_data_pipeline to 2023-01-01 14:00:00+00:00, run_after=2023-01-01 14:10:00+00:00
[2024-06-27T22:35:47.737+0000] {processor.py:183} INFO - Processing /opt/airflow/dags/ecomm_dag.py took 0.043 seconds
[2024-06-27T22:36:17.910+0000] {processor.py:161} INFO - Started process (PID=1713) to work on /opt/airflow/dags/ecomm_dag.py
[2024-06-27T22:36:17.911+0000] {processor.py:830} INFO - Processing file /opt/airflow/dags/ecomm_dag.py for tasks to queue
[2024-06-27T22:36:17.911+0000] {logging_mixin.py:188} INFO - [2024-06-27T22:36:17.911+0000] {dagbag.py:545} INFO - Filling up the DagBag from /opt/airflow/dags/ecomm_dag.py
[2024-06-27T22:36:17.916+0000] {processor.py:840} INFO - DAG(s) 'ecomm_data_pipeline' retrieved from /opt/airflow/dags/ecomm_dag.py
[2024-06-27T22:36:17.926+0000] {logging_mixin.py:188} INFO - [2024-06-27T22:36:17.926+0000] {dag.py:3096} INFO - Sync 1 DAGs
[2024-06-27T22:36:17.934+0000] {logging_mixin.py:188} INFO - [2024-06-27T22:36:17.934+0000] {dag.py:3954} INFO - Setting next_dagrun for ecomm_data_pipeline to 2023-01-01 16:50:00+00:00, run_after=2023-01-01 17:00:00+00:00
[2024-06-27T22:36:17.940+0000] {processor.py:183} INFO - Processing /opt/airflow/dags/ecomm_dag.py took 0.032 seconds
[2024-06-27T22:36:48.146+0000] {processor.py:161} INFO - Started process (PID=1947) to work on /opt/airflow/dags/ecomm_dag.py
[2024-06-27T22:36:48.147+0000] {processor.py:830} INFO - Processing file /opt/airflow/dags/ecomm_dag.py for tasks to queue
[2024-06-27T22:36:48.148+0000] {logging_mixin.py:188} INFO - [2024-06-27T22:36:48.147+0000] {dagbag.py:545} INFO - Filling up the DagBag from /opt/airflow/dags/ecomm_dag.py
[2024-06-27T22:36:48.153+0000] {processor.py:840} INFO - DAG(s) 'ecomm_data_pipeline' retrieved from /opt/airflow/dags/ecomm_dag.py
[2024-06-27T22:36:48.167+0000] {logging_mixin.py:188} INFO - [2024-06-27T22:36:48.167+0000] {dag.py:3096} INFO - Sync 1 DAGs
[2024-06-27T22:36:48.177+0000] {logging_mixin.py:188} INFO - [2024-06-27T22:36:48.177+0000] {dag.py:3954} INFO - Setting next_dagrun for ecomm_data_pipeline to 2023-01-01 19:20:00+00:00, run_after=2023-01-01 19:30:00+00:00
[2024-06-27T22:36:48.184+0000] {processor.py:183} INFO - Processing /opt/airflow/dags/ecomm_dag.py took 0.041 seconds
[2024-06-27T22:37:18.365+0000] {processor.py:161} INFO - Started process (PID=2167) to work on /opt/airflow/dags/ecomm_dag.py
[2024-06-27T22:37:18.366+0000] {processor.py:830} INFO - Processing file /opt/airflow/dags/ecomm_dag.py for tasks to queue
[2024-06-27T22:37:18.367+0000] {logging_mixin.py:188} INFO - [2024-06-27T22:37:18.367+0000] {dagbag.py:545} INFO - Filling up the DagBag from /opt/airflow/dags/ecomm_dag.py
[2024-06-27T22:37:18.375+0000] {processor.py:840} INFO - DAG(s) 'ecomm_data_pipeline' retrieved from /opt/airflow/dags/ecomm_dag.py
[2024-06-27T22:37:18.393+0000] {logging_mixin.py:188} INFO - [2024-06-27T22:37:18.393+0000] {dag.py:3096} INFO - Sync 1 DAGs
[2024-06-27T22:37:18.403+0000] {logging_mixin.py:188} INFO - [2024-06-27T22:37:18.403+0000] {dag.py:3954} INFO - Setting next_dagrun for ecomm_data_pipeline to 2023-01-01 21:50:00+00:00, run_after=2023-01-01 22:00:00+00:00
[2024-06-27T22:37:18.410+0000] {processor.py:183} INFO - Processing /opt/airflow/dags/ecomm_dag.py took 0.049 seconds
[2024-06-27T22:37:48.693+0000] {processor.py:161} INFO - Started process (PID=2177) to work on /opt/airflow/dags/ecomm_dag.py
[2024-06-27T22:37:48.693+0000] {processor.py:830} INFO - Processing file /opt/airflow/dags/ecomm_dag.py for tasks to queue
[2024-06-27T22:37:48.694+0000] {logging_mixin.py:188} INFO - [2024-06-27T22:37:48.694+0000] {dagbag.py:545} INFO - Filling up the DagBag from /opt/airflow/dags/ecomm_dag.py
[2024-06-27T22:37:48.705+0000] {processor.py:840} INFO - DAG(s) 'ecomm_data_pipeline' retrieved from /opt/airflow/dags/ecomm_dag.py
[2024-06-27T22:37:48.722+0000] {logging_mixin.py:188} INFO - [2024-06-27T22:37:48.722+0000] {dag.py:3096} INFO - Sync 1 DAGs
[2024-06-27T22:37:48.732+0000] {logging_mixin.py:188} INFO - [2024-06-27T22:37:48.732+0000] {dag.py:3954} INFO - Setting next_dagrun for ecomm_data_pipeline to 2023-01-01 21:50:00+00:00, run_after=2023-01-01 22:00:00+00:00
[2024-06-27T22:37:48.740+0000] {processor.py:183} INFO - Processing /opt/airflow/dags/ecomm_dag.py took 0.051 seconds
[2024-06-27T22:38:18.978+0000] {processor.py:161} INFO - Started process (PID=2187) to work on /opt/airflow/dags/ecomm_dag.py
[2024-06-27T22:38:18.979+0000] {processor.py:830} INFO - Processing file /opt/airflow/dags/ecomm_dag.py for tasks to queue
[2024-06-27T22:38:18.979+0000] {logging_mixin.py:188} INFO - [2024-06-27T22:38:18.979+0000] {dagbag.py:545} INFO - Filling up the DagBag from /opt/airflow/dags/ecomm_dag.py
[2024-06-27T22:38:18.989+0000] {processor.py:840} INFO - DAG(s) 'ecomm_data_pipeline' retrieved from /opt/airflow/dags/ecomm_dag.py
[2024-06-27T22:38:19.003+0000] {logging_mixin.py:188} INFO - [2024-06-27T22:38:19.003+0000] {dag.py:3096} INFO - Sync 1 DAGs
[2024-06-27T22:38:19.012+0000] {logging_mixin.py:188} INFO - [2024-06-27T22:38:19.012+0000] {dag.py:3954} INFO - Setting next_dagrun for ecomm_data_pipeline to 2023-01-01 21:50:00+00:00, run_after=2023-01-01 22:00:00+00:00
[2024-06-27T22:38:19.019+0000] {processor.py:183} INFO - Processing /opt/airflow/dags/ecomm_dag.py took 0.043 seconds
[2024-06-27T22:38:49.308+0000] {processor.py:161} INFO - Started process (PID=2197) to work on /opt/airflow/dags/ecomm_dag.py
[2024-06-27T22:38:49.308+0000] {processor.py:830} INFO - Processing file /opt/airflow/dags/ecomm_dag.py for tasks to queue
[2024-06-27T22:38:49.310+0000] {logging_mixin.py:188} INFO - [2024-06-27T22:38:49.309+0000] {dagbag.py:545} INFO - Filling up the DagBag from /opt/airflow/dags/ecomm_dag.py
[2024-06-27T22:38:49.318+0000] {processor.py:840} INFO - DAG(s) 'ecomm_data_pipeline' retrieved from /opt/airflow/dags/ecomm_dag.py
[2024-06-27T22:38:49.332+0000] {logging_mixin.py:188} INFO - [2024-06-27T22:38:49.332+0000] {dag.py:3096} INFO - Sync 1 DAGs
[2024-06-27T22:38:49.342+0000] {logging_mixin.py:188} INFO - [2024-06-27T22:38:49.342+0000] {dag.py:3954} INFO - Setting next_dagrun for ecomm_data_pipeline to 2023-01-01 21:50:00+00:00, run_after=2023-01-01 22:00:00+00:00
[2024-06-27T22:38:49.349+0000] {processor.py:183} INFO - Processing /opt/airflow/dags/ecomm_dag.py took 0.045 seconds
[2024-06-27T22:39:19.621+0000] {processor.py:161} INFO - Started process (PID=2207) to work on /opt/airflow/dags/ecomm_dag.py
[2024-06-27T22:39:19.621+0000] {processor.py:830} INFO - Processing file /opt/airflow/dags/ecomm_dag.py for tasks to queue
[2024-06-27T22:39:19.622+0000] {logging_mixin.py:188} INFO - [2024-06-27T22:39:19.622+0000] {dagbag.py:545} INFO - Filling up the DagBag from /opt/airflow/dags/ecomm_dag.py
[2024-06-27T22:39:19.627+0000] {processor.py:840} INFO - DAG(s) 'ecomm_data_pipeline' retrieved from /opt/airflow/dags/ecomm_dag.py
[2024-06-27T22:39:19.642+0000] {logging_mixin.py:188} INFO - [2024-06-27T22:39:19.642+0000] {dag.py:3096} INFO - Sync 1 DAGs
[2024-06-27T22:39:19.651+0000] {logging_mixin.py:188} INFO - [2024-06-27T22:39:19.651+0000] {dag.py:3954} INFO - Setting next_dagrun for ecomm_data_pipeline to 2023-01-01 21:50:00+00:00, run_after=2023-01-01 22:00:00+00:00
[2024-06-27T22:39:19.659+0000] {processor.py:183} INFO - Processing /opt/airflow/dags/ecomm_dag.py took 0.041 seconds
[2024-06-27T22:39:49.910+0000] {processor.py:161} INFO - Started process (PID=2217) to work on /opt/airflow/dags/ecomm_dag.py
[2024-06-27T22:39:49.911+0000] {processor.py:830} INFO - Processing file /opt/airflow/dags/ecomm_dag.py for tasks to queue
[2024-06-27T22:39:49.912+0000] {logging_mixin.py:188} INFO - [2024-06-27T22:39:49.911+0000] {dagbag.py:545} INFO - Filling up the DagBag from /opt/airflow/dags/ecomm_dag.py
[2024-06-27T22:39:49.920+0000] {processor.py:840} INFO - DAG(s) 'ecomm_data_pipeline' retrieved from /opt/airflow/dags/ecomm_dag.py
[2024-06-27T22:39:49.935+0000] {logging_mixin.py:188} INFO - [2024-06-27T22:39:49.934+0000] {dag.py:3096} INFO - Sync 1 DAGs
[2024-06-27T22:39:49.944+0000] {logging_mixin.py:188} INFO - [2024-06-27T22:39:49.944+0000] {dag.py:3954} INFO - Setting next_dagrun for ecomm_data_pipeline to 2023-01-01 21:50:00+00:00, run_after=2023-01-01 22:00:00+00:00
[2024-06-27T22:39:49.951+0000] {processor.py:183} INFO - Processing /opt/airflow/dags/ecomm_dag.py took 0.046 seconds
[2024-06-27T22:40:20.208+0000] {processor.py:161} INFO - Started process (PID=2227) to work on /opt/airflow/dags/ecomm_dag.py
[2024-06-27T22:40:20.208+0000] {processor.py:830} INFO - Processing file /opt/airflow/dags/ecomm_dag.py for tasks to queue
[2024-06-27T22:40:20.209+0000] {logging_mixin.py:188} INFO - [2024-06-27T22:40:20.209+0000] {dagbag.py:545} INFO - Filling up the DagBag from /opt/airflow/dags/ecomm_dag.py
[2024-06-27T22:40:20.217+0000] {processor.py:840} INFO - DAG(s) 'ecomm_data_pipeline' retrieved from /opt/airflow/dags/ecomm_dag.py
[2024-06-27T22:40:20.232+0000] {logging_mixin.py:188} INFO - [2024-06-27T22:40:20.232+0000] {dag.py:3096} INFO - Sync 1 DAGs
[2024-06-27T22:40:20.241+0000] {logging_mixin.py:188} INFO - [2024-06-27T22:40:20.241+0000] {dag.py:3954} INFO - Setting next_dagrun for ecomm_data_pipeline to 2023-01-01 21:50:00+00:00, run_after=2023-01-01 22:00:00+00:00
[2024-06-27T22:40:20.248+0000] {processor.py:183} INFO - Processing /opt/airflow/dags/ecomm_dag.py took 0.044 seconds
[2024-06-27T22:40:26.281+0000] {processor.py:161} INFO - Started process (PID=2228) to work on /opt/airflow/dags/ecomm_dag.py
[2024-06-27T22:40:26.281+0000] {processor.py:830} INFO - Processing file /opt/airflow/dags/ecomm_dag.py for tasks to queue
[2024-06-27T22:40:26.283+0000] {logging_mixin.py:188} INFO - [2024-06-27T22:40:26.283+0000] {dagbag.py:545} INFO - Filling up the DagBag from /opt/airflow/dags/ecomm_dag.py
[2024-06-27T22:40:26.294+0000] {processor.py:840} INFO - DAG(s) 'ecomm_data_pipeline' retrieved from /opt/airflow/dags/ecomm_dag.py
[2024-06-27T22:40:26.311+0000] {logging_mixin.py:188} INFO - [2024-06-27T22:40:26.311+0000] {dag.py:3096} INFO - Sync 1 DAGs
[2024-06-27T22:40:26.323+0000] {logging_mixin.py:188} INFO - [2024-06-27T22:40:26.323+0000] {dag.py:3954} INFO - Setting next_dagrun for ecomm_data_pipeline to 2023-01-01 21:50:00+00:00, run_after=2023-01-01 22:00:00+00:00
[2024-06-27T22:40:26.333+0000] {processor.py:183} INFO - Processing /opt/airflow/dags/ecomm_dag.py took 0.056 seconds
[2024-06-27T22:40:56.627+0000] {processor.py:161} INFO - Started process (PID=2238) to work on /opt/airflow/dags/ecomm_dag.py
[2024-06-27T22:40:56.628+0000] {processor.py:830} INFO - Processing file /opt/airflow/dags/ecomm_dag.py for tasks to queue
[2024-06-27T22:40:56.630+0000] {logging_mixin.py:188} INFO - [2024-06-27T22:40:56.630+0000] {dagbag.py:545} INFO - Filling up the DagBag from /opt/airflow/dags/ecomm_dag.py
[2024-06-27T22:40:56.641+0000] {processor.py:840} INFO - DAG(s) 'ecomm_data_pipeline' retrieved from /opt/airflow/dags/ecomm_dag.py
[2024-06-27T22:40:56.658+0000] {logging_mixin.py:188} INFO - [2024-06-27T22:40:56.658+0000] {dag.py:3096} INFO - Sync 1 DAGs
[2024-06-27T22:40:56.667+0000] {logging_mixin.py:188} INFO - [2024-06-27T22:40:56.667+0000] {dag.py:3954} INFO - Setting next_dagrun for ecomm_data_pipeline to 2023-01-01 21:50:00+00:00, run_after=2023-01-01 22:00:00+00:00
[2024-06-27T22:40:56.673+0000] {processor.py:183} INFO - Processing /opt/airflow/dags/ecomm_dag.py took 0.052 seconds
[2024-06-27T22:41:26.996+0000] {processor.py:161} INFO - Started process (PID=2248) to work on /opt/airflow/dags/ecomm_dag.py
[2024-06-27T22:41:26.997+0000] {processor.py:830} INFO - Processing file /opt/airflow/dags/ecomm_dag.py for tasks to queue
[2024-06-27T22:41:26.998+0000] {logging_mixin.py:188} INFO - [2024-06-27T22:41:26.998+0000] {dagbag.py:545} INFO - Filling up the DagBag from /opt/airflow/dags/ecomm_dag.py
[2024-06-27T22:41:27.009+0000] {processor.py:840} INFO - DAG(s) 'ecomm_data_pipeline' retrieved from /opt/airflow/dags/ecomm_dag.py
[2024-06-27T22:41:27.026+0000] {logging_mixin.py:188} INFO - [2024-06-27T22:41:27.026+0000] {dag.py:3096} INFO - Sync 1 DAGs
[2024-06-27T22:41:27.035+0000] {logging_mixin.py:188} INFO - [2024-06-27T22:41:27.035+0000] {dag.py:3954} INFO - Setting next_dagrun for ecomm_data_pipeline to 2023-01-01 21:50:00+00:00, run_after=2023-01-01 22:00:00+00:00
[2024-06-27T22:41:27.042+0000] {processor.py:183} INFO - Processing /opt/airflow/dags/ecomm_dag.py took 0.052 seconds
[2024-06-27T22:41:57.305+0000] {processor.py:161} INFO - Started process (PID=2258) to work on /opt/airflow/dags/ecomm_dag.py
[2024-06-27T22:41:57.306+0000] {processor.py:830} INFO - Processing file /opt/airflow/dags/ecomm_dag.py for tasks to queue
[2024-06-27T22:41:57.307+0000] {logging_mixin.py:188} INFO - [2024-06-27T22:41:57.307+0000] {dagbag.py:545} INFO - Filling up the DagBag from /opt/airflow/dags/ecomm_dag.py
[2024-06-27T22:41:57.316+0000] {processor.py:840} INFO - DAG(s) 'ecomm_data_pipeline' retrieved from /opt/airflow/dags/ecomm_dag.py
[2024-06-27T22:41:57.335+0000] {logging_mixin.py:188} INFO - [2024-06-27T22:41:57.335+0000] {dag.py:3096} INFO - Sync 1 DAGs
[2024-06-27T22:41:57.346+0000] {logging_mixin.py:188} INFO - [2024-06-27T22:41:57.346+0000] {dag.py:3954} INFO - Setting next_dagrun for ecomm_data_pipeline to 2023-01-01 21:50:00+00:00, run_after=2023-01-01 22:00:00+00:00
[2024-06-27T22:41:57.354+0000] {processor.py:183} INFO - Processing /opt/airflow/dags/ecomm_dag.py took 0.054 seconds
[2024-06-27T22:42:27.662+0000] {processor.py:161} INFO - Started process (PID=2268) to work on /opt/airflow/dags/ecomm_dag.py
[2024-06-27T22:42:27.663+0000] {processor.py:830} INFO - Processing file /opt/airflow/dags/ecomm_dag.py for tasks to queue
[2024-06-27T22:42:27.665+0000] {logging_mixin.py:188} INFO - [2024-06-27T22:42:27.665+0000] {dagbag.py:545} INFO - Filling up the DagBag from /opt/airflow/dags/ecomm_dag.py
[2024-06-27T22:42:27.677+0000] {processor.py:840} INFO - DAG(s) 'ecomm_data_pipeline' retrieved from /opt/airflow/dags/ecomm_dag.py
[2024-06-27T22:42:27.698+0000] {logging_mixin.py:188} INFO - [2024-06-27T22:42:27.697+0000] {dag.py:3096} INFO - Sync 1 DAGs
[2024-06-27T22:42:27.709+0000] {logging_mixin.py:188} INFO - [2024-06-27T22:42:27.709+0000] {dag.py:3954} INFO - Setting next_dagrun for ecomm_data_pipeline to 2023-01-01 21:50:00+00:00, run_after=2023-01-01 22:00:00+00:00
[2024-06-27T22:42:27.718+0000] {processor.py:183} INFO - Processing /opt/airflow/dags/ecomm_dag.py took 0.062 seconds
[2024-06-27T22:42:58.061+0000] {processor.py:161} INFO - Started process (PID=2278) to work on /opt/airflow/dags/ecomm_dag.py
[2024-06-27T22:42:58.062+0000] {processor.py:830} INFO - Processing file /opt/airflow/dags/ecomm_dag.py for tasks to queue
[2024-06-27T22:42:58.064+0000] {logging_mixin.py:188} INFO - [2024-06-27T22:42:58.063+0000] {dagbag.py:545} INFO - Filling up the DagBag from /opt/airflow/dags/ecomm_dag.py
[2024-06-27T22:42:58.076+0000] {processor.py:840} INFO - DAG(s) 'ecomm_data_pipeline' retrieved from /opt/airflow/dags/ecomm_dag.py
[2024-06-27T22:42:58.096+0000] {logging_mixin.py:188} INFO - [2024-06-27T22:42:58.095+0000] {dag.py:3096} INFO - Sync 1 DAGs
[2024-06-27T22:42:58.106+0000] {logging_mixin.py:188} INFO - [2024-06-27T22:42:58.106+0000] {dag.py:3954} INFO - Setting next_dagrun for ecomm_data_pipeline to 2023-01-01 21:50:00+00:00, run_after=2023-01-01 22:00:00+00:00
[2024-06-27T22:42:58.114+0000] {processor.py:183} INFO - Processing /opt/airflow/dags/ecomm_dag.py took 0.058 seconds
[2024-06-27T22:43:28.465+0000] {processor.py:161} INFO - Started process (PID=2288) to work on /opt/airflow/dags/ecomm_dag.py
[2024-06-27T22:43:28.466+0000] {processor.py:830} INFO - Processing file /opt/airflow/dags/ecomm_dag.py for tasks to queue
[2024-06-27T22:43:28.468+0000] {logging_mixin.py:188} INFO - [2024-06-27T22:43:28.467+0000] {dagbag.py:545} INFO - Filling up the DagBag from /opt/airflow/dags/ecomm_dag.py
[2024-06-27T22:43:28.478+0000] {processor.py:840} INFO - DAG(s) 'ecomm_data_pipeline' retrieved from /opt/airflow/dags/ecomm_dag.py
[2024-06-27T22:43:28.495+0000] {logging_mixin.py:188} INFO - [2024-06-27T22:43:28.495+0000] {dag.py:3096} INFO - Sync 1 DAGs
[2024-06-27T22:43:28.504+0000] {logging_mixin.py:188} INFO - [2024-06-27T22:43:28.504+0000] {dag.py:3954} INFO - Setting next_dagrun for ecomm_data_pipeline to 2023-01-01 21:50:00+00:00, run_after=2023-01-01 22:00:00+00:00
[2024-06-27T22:43:28.511+0000] {processor.py:183} INFO - Processing /opt/airflow/dags/ecomm_dag.py took 0.052 seconds
[2024-06-27T22:43:58.843+0000] {processor.py:161} INFO - Started process (PID=2298) to work on /opt/airflow/dags/ecomm_dag.py
[2024-06-27T22:43:58.843+0000] {processor.py:830} INFO - Processing file /opt/airflow/dags/ecomm_dag.py for tasks to queue
[2024-06-27T22:43:58.845+0000] {logging_mixin.py:188} INFO - [2024-06-27T22:43:58.844+0000] {dagbag.py:545} INFO - Filling up the DagBag from /opt/airflow/dags/ecomm_dag.py
[2024-06-27T22:43:58.854+0000] {processor.py:840} INFO - DAG(s) 'ecomm_data_pipeline' retrieved from /opt/airflow/dags/ecomm_dag.py
[2024-06-27T22:43:58.869+0000] {logging_mixin.py:188} INFO - [2024-06-27T22:43:58.869+0000] {dag.py:3096} INFO - Sync 1 DAGs
[2024-06-27T22:43:58.878+0000] {logging_mixin.py:188} INFO - [2024-06-27T22:43:58.878+0000] {dag.py:3954} INFO - Setting next_dagrun for ecomm_data_pipeline to 2023-01-01 21:50:00+00:00, run_after=2023-01-01 22:00:00+00:00
[2024-06-27T22:43:58.885+0000] {processor.py:183} INFO - Processing /opt/airflow/dags/ecomm_dag.py took 0.047 seconds
[2024-06-27T22:44:29.187+0000] {processor.py:161} INFO - Started process (PID=2308) to work on /opt/airflow/dags/ecomm_dag.py
[2024-06-27T22:44:29.188+0000] {processor.py:830} INFO - Processing file /opt/airflow/dags/ecomm_dag.py for tasks to queue
[2024-06-27T22:44:29.189+0000] {logging_mixin.py:188} INFO - [2024-06-27T22:44:29.189+0000] {dagbag.py:545} INFO - Filling up the DagBag from /opt/airflow/dags/ecomm_dag.py
[2024-06-27T22:44:29.199+0000] {processor.py:840} INFO - DAG(s) 'ecomm_data_pipeline' retrieved from /opt/airflow/dags/ecomm_dag.py
[2024-06-27T22:44:29.216+0000] {logging_mixin.py:188} INFO - [2024-06-27T22:44:29.216+0000] {dag.py:3096} INFO - Sync 1 DAGs
[2024-06-27T22:44:29.225+0000] {logging_mixin.py:188} INFO - [2024-06-27T22:44:29.225+0000] {dag.py:3954} INFO - Setting next_dagrun for ecomm_data_pipeline to 2023-01-01 21:50:00+00:00, run_after=2023-01-01 22:00:00+00:00
[2024-06-27T22:44:29.232+0000] {processor.py:183} INFO - Processing /opt/airflow/dags/ecomm_dag.py took 0.051 seconds
[2024-06-27T22:44:59.556+0000] {processor.py:161} INFO - Started process (PID=2318) to work on /opt/airflow/dags/ecomm_dag.py
[2024-06-27T22:44:59.557+0000] {processor.py:830} INFO - Processing file /opt/airflow/dags/ecomm_dag.py for tasks to queue
[2024-06-27T22:44:59.558+0000] {logging_mixin.py:188} INFO - [2024-06-27T22:44:59.558+0000] {dagbag.py:545} INFO - Filling up the DagBag from /opt/airflow/dags/ecomm_dag.py
[2024-06-27T22:44:59.568+0000] {processor.py:840} INFO - DAG(s) 'ecomm_data_pipeline' retrieved from /opt/airflow/dags/ecomm_dag.py
[2024-06-27T22:44:59.585+0000] {logging_mixin.py:188} INFO - [2024-06-27T22:44:59.585+0000] {dag.py:3096} INFO - Sync 1 DAGs
[2024-06-27T22:44:59.594+0000] {logging_mixin.py:188} INFO - [2024-06-27T22:44:59.594+0000] {dag.py:3954} INFO - Setting next_dagrun for ecomm_data_pipeline to 2023-01-01 21:50:00+00:00, run_after=2023-01-01 22:00:00+00:00
[2024-06-27T22:44:59.601+0000] {processor.py:183} INFO - Processing /opt/airflow/dags/ecomm_dag.py took 0.051 seconds
[2024-06-27T22:45:29.933+0000] {processor.py:161} INFO - Started process (PID=2328) to work on /opt/airflow/dags/ecomm_dag.py
[2024-06-27T22:45:29.934+0000] {processor.py:830} INFO - Processing file /opt/airflow/dags/ecomm_dag.py for tasks to queue
[2024-06-27T22:45:29.936+0000] {logging_mixin.py:188} INFO - [2024-06-27T22:45:29.935+0000] {dagbag.py:545} INFO - Filling up the DagBag from /opt/airflow/dags/ecomm_dag.py
[2024-06-27T22:45:29.945+0000] {processor.py:840} INFO - DAG(s) 'ecomm_data_pipeline' retrieved from /opt/airflow/dags/ecomm_dag.py
[2024-06-27T22:45:29.961+0000] {logging_mixin.py:188} INFO - [2024-06-27T22:45:29.960+0000] {dag.py:3096} INFO - Sync 1 DAGs
[2024-06-27T22:45:29.969+0000] {logging_mixin.py:188} INFO - [2024-06-27T22:45:29.969+0000] {dag.py:3954} INFO - Setting next_dagrun for ecomm_data_pipeline to 2023-01-01 21:50:00+00:00, run_after=2023-01-01 22:00:00+00:00
[2024-06-27T22:45:29.977+0000] {processor.py:183} INFO - Processing /opt/airflow/dags/ecomm_dag.py took 0.048 seconds
[2024-06-27T22:46:00.273+0000] {processor.py:161} INFO - Started process (PID=2338) to work on /opt/airflow/dags/ecomm_dag.py
[2024-06-27T22:46:00.274+0000] {processor.py:830} INFO - Processing file /opt/airflow/dags/ecomm_dag.py for tasks to queue
[2024-06-27T22:46:00.276+0000] {logging_mixin.py:188} INFO - [2024-06-27T22:46:00.276+0000] {dagbag.py:545} INFO - Filling up the DagBag from /opt/airflow/dags/ecomm_dag.py
[2024-06-27T22:46:00.286+0000] {processor.py:840} INFO - DAG(s) 'ecomm_data_pipeline' retrieved from /opt/airflow/dags/ecomm_dag.py
[2024-06-27T22:46:00.303+0000] {logging_mixin.py:188} INFO - [2024-06-27T22:46:00.303+0000] {dag.py:3096} INFO - Sync 1 DAGs
[2024-06-27T22:46:00.312+0000] {logging_mixin.py:188} INFO - [2024-06-27T22:46:00.312+0000] {dag.py:3954} INFO - Setting next_dagrun for ecomm_data_pipeline to 2023-01-01 21:50:00+00:00, run_after=2023-01-01 22:00:00+00:00
[2024-06-27T22:46:00.318+0000] {processor.py:183} INFO - Processing /opt/airflow/dags/ecomm_dag.py took 0.050 seconds
[2024-06-27T22:46:30.608+0000] {processor.py:161} INFO - Started process (PID=2348) to work on /opt/airflow/dags/ecomm_dag.py
[2024-06-27T22:46:30.609+0000] {processor.py:830} INFO - Processing file /opt/airflow/dags/ecomm_dag.py for tasks to queue
[2024-06-27T22:46:30.611+0000] {logging_mixin.py:188} INFO - [2024-06-27T22:46:30.610+0000] {dagbag.py:545} INFO - Filling up the DagBag from /opt/airflow/dags/ecomm_dag.py
[2024-06-27T22:46:30.620+0000] {processor.py:840} INFO - DAG(s) 'ecomm_data_pipeline' retrieved from /opt/airflow/dags/ecomm_dag.py
[2024-06-27T22:46:30.636+0000] {logging_mixin.py:188} INFO - [2024-06-27T22:46:30.636+0000] {dag.py:3096} INFO - Sync 1 DAGs
[2024-06-27T22:46:30.645+0000] {logging_mixin.py:188} INFO - [2024-06-27T22:46:30.645+0000] {dag.py:3954} INFO - Setting next_dagrun for ecomm_data_pipeline to 2023-01-01 21:50:00+00:00, run_after=2023-01-01 22:00:00+00:00
[2024-06-27T22:46:30.651+0000] {processor.py:183} INFO - Processing /opt/airflow/dags/ecomm_dag.py took 0.048 seconds
[2024-06-27T22:47:00.990+0000] {processor.py:161} INFO - Started process (PID=2358) to work on /opt/airflow/dags/ecomm_dag.py
[2024-06-27T22:47:00.991+0000] {processor.py:830} INFO - Processing file /opt/airflow/dags/ecomm_dag.py for tasks to queue
[2024-06-27T22:47:00.992+0000] {logging_mixin.py:188} INFO - [2024-06-27T22:47:00.992+0000] {dagbag.py:545} INFO - Filling up the DagBag from /opt/airflow/dags/ecomm_dag.py
[2024-06-27T22:47:01.003+0000] {processor.py:840} INFO - DAG(s) 'ecomm_data_pipeline' retrieved from /opt/airflow/dags/ecomm_dag.py
[2024-06-27T22:47:01.020+0000] {logging_mixin.py:188} INFO - [2024-06-27T22:47:01.020+0000] {dag.py:3096} INFO - Sync 1 DAGs
[2024-06-27T22:47:01.028+0000] {logging_mixin.py:188} INFO - [2024-06-27T22:47:01.028+0000] {dag.py:3954} INFO - Setting next_dagrun for ecomm_data_pipeline to 2023-01-01 21:50:00+00:00, run_after=2023-01-01 22:00:00+00:00
[2024-06-27T22:47:01.035+0000] {processor.py:183} INFO - Processing /opt/airflow/dags/ecomm_dag.py took 0.051 seconds
[2024-06-27T22:47:31.355+0000] {processor.py:161} INFO - Started process (PID=2368) to work on /opt/airflow/dags/ecomm_dag.py
[2024-06-27T22:47:31.356+0000] {processor.py:830} INFO - Processing file /opt/airflow/dags/ecomm_dag.py for tasks to queue
[2024-06-27T22:47:31.358+0000] {logging_mixin.py:188} INFO - [2024-06-27T22:47:31.358+0000] {dagbag.py:545} INFO - Filling up the DagBag from /opt/airflow/dags/ecomm_dag.py
[2024-06-27T22:47:31.368+0000] {processor.py:840} INFO - DAG(s) 'ecomm_data_pipeline' retrieved from /opt/airflow/dags/ecomm_dag.py
[2024-06-27T22:47:31.386+0000] {logging_mixin.py:188} INFO - [2024-06-27T22:47:31.386+0000] {dag.py:3096} INFO - Sync 1 DAGs
[2024-06-27T22:47:31.395+0000] {logging_mixin.py:188} INFO - [2024-06-27T22:47:31.395+0000] {dag.py:3954} INFO - Setting next_dagrun for ecomm_data_pipeline to 2023-01-01 21:50:00+00:00, run_after=2023-01-01 22:00:00+00:00
[2024-06-27T22:47:31.401+0000] {processor.py:183} INFO - Processing /opt/airflow/dags/ecomm_dag.py took 0.052 seconds
[2024-06-27T22:48:01.765+0000] {processor.py:161} INFO - Started process (PID=2378) to work on /opt/airflow/dags/ecomm_dag.py
[2024-06-27T22:48:01.765+0000] {processor.py:830} INFO - Processing file /opt/airflow/dags/ecomm_dag.py for tasks to queue
[2024-06-27T22:48:01.767+0000] {logging_mixin.py:188} INFO - [2024-06-27T22:48:01.767+0000] {dagbag.py:545} INFO - Filling up the DagBag from /opt/airflow/dags/ecomm_dag.py
[2024-06-27T22:48:01.776+0000] {processor.py:840} INFO - DAG(s) 'ecomm_data_pipeline' retrieved from /opt/airflow/dags/ecomm_dag.py
[2024-06-27T22:48:01.791+0000] {logging_mixin.py:188} INFO - [2024-06-27T22:48:01.790+0000] {dag.py:3096} INFO - Sync 1 DAGs
[2024-06-27T22:48:01.799+0000] {logging_mixin.py:188} INFO - [2024-06-27T22:48:01.799+0000] {dag.py:3954} INFO - Setting next_dagrun for ecomm_data_pipeline to 2023-01-01 21:50:00+00:00, run_after=2023-01-01 22:00:00+00:00
[2024-06-27T22:48:01.806+0000] {processor.py:183} INFO - Processing /opt/airflow/dags/ecomm_dag.py took 0.046 seconds
[2024-06-27T22:48:32.204+0000] {processor.py:161} INFO - Started process (PID=2388) to work on /opt/airflow/dags/ecomm_dag.py
[2024-06-27T22:48:32.205+0000] {processor.py:830} INFO - Processing file /opt/airflow/dags/ecomm_dag.py for tasks to queue
[2024-06-27T22:48:32.206+0000] {logging_mixin.py:188} INFO - [2024-06-27T22:48:32.206+0000] {dagbag.py:545} INFO - Filling up the DagBag from /opt/airflow/dags/ecomm_dag.py
[2024-06-27T22:48:32.216+0000] {processor.py:840} INFO - DAG(s) 'ecomm_data_pipeline' retrieved from /opt/airflow/dags/ecomm_dag.py
[2024-06-27T22:48:32.233+0000] {logging_mixin.py:188} INFO - [2024-06-27T22:48:32.233+0000] {dag.py:3096} INFO - Sync 1 DAGs
[2024-06-27T22:48:32.242+0000] {logging_mixin.py:188} INFO - [2024-06-27T22:48:32.242+0000] {dag.py:3954} INFO - Setting next_dagrun for ecomm_data_pipeline to 2023-01-01 21:50:00+00:00, run_after=2023-01-01 22:00:00+00:00
[2024-06-27T22:48:32.249+0000] {processor.py:183} INFO - Processing /opt/airflow/dags/ecomm_dag.py took 0.050 seconds
[2024-06-27T22:49:02.562+0000] {processor.py:161} INFO - Started process (PID=2398) to work on /opt/airflow/dags/ecomm_dag.py
[2024-06-27T22:49:02.563+0000] {processor.py:830} INFO - Processing file /opt/airflow/dags/ecomm_dag.py for tasks to queue
[2024-06-27T22:49:02.564+0000] {logging_mixin.py:188} INFO - [2024-06-27T22:49:02.564+0000] {dagbag.py:545} INFO - Filling up the DagBag from /opt/airflow/dags/ecomm_dag.py
[2024-06-27T22:49:02.573+0000] {processor.py:840} INFO - DAG(s) 'ecomm_data_pipeline' retrieved from /opt/airflow/dags/ecomm_dag.py
[2024-06-27T22:49:02.590+0000] {logging_mixin.py:188} INFO - [2024-06-27T22:49:02.590+0000] {dag.py:3096} INFO - Sync 1 DAGs
[2024-06-27T22:49:02.599+0000] {logging_mixin.py:188} INFO - [2024-06-27T22:49:02.599+0000] {dag.py:3954} INFO - Setting next_dagrun for ecomm_data_pipeline to 2023-01-01 21:50:00+00:00, run_after=2023-01-01 22:00:00+00:00
[2024-06-27T22:49:02.606+0000] {processor.py:183} INFO - Processing /opt/airflow/dags/ecomm_dag.py took 0.048 seconds
[2024-06-27T22:49:33.045+0000] {processor.py:161} INFO - Started process (PID=2408) to work on /opt/airflow/dags/ecomm_dag.py
[2024-06-27T22:49:33.046+0000] {processor.py:830} INFO - Processing file /opt/airflow/dags/ecomm_dag.py for tasks to queue
[2024-06-27T22:49:33.047+0000] {logging_mixin.py:188} INFO - [2024-06-27T22:49:33.047+0000] {dagbag.py:545} INFO - Filling up the DagBag from /opt/airflow/dags/ecomm_dag.py
[2024-06-27T22:49:33.057+0000] {processor.py:840} INFO - DAG(s) 'ecomm_data_pipeline' retrieved from /opt/airflow/dags/ecomm_dag.py
[2024-06-27T22:49:33.073+0000] {logging_mixin.py:188} INFO - [2024-06-27T22:49:33.073+0000] {dag.py:3096} INFO - Sync 1 DAGs
[2024-06-27T22:49:33.082+0000] {logging_mixin.py:188} INFO - [2024-06-27T22:49:33.082+0000] {dag.py:3954} INFO - Setting next_dagrun for ecomm_data_pipeline to 2023-01-01 21:50:00+00:00, run_after=2023-01-01 22:00:00+00:00
[2024-06-27T22:49:33.088+0000] {processor.py:183} INFO - Processing /opt/airflow/dags/ecomm_dag.py took 0.049 seconds
[2024-06-27T22:50:03.505+0000] {processor.py:161} INFO - Started process (PID=2418) to work on /opt/airflow/dags/ecomm_dag.py
[2024-06-27T22:50:03.506+0000] {processor.py:830} INFO - Processing file /opt/airflow/dags/ecomm_dag.py for tasks to queue
[2024-06-27T22:50:03.508+0000] {logging_mixin.py:188} INFO - [2024-06-27T22:50:03.507+0000] {dagbag.py:545} INFO - Filling up the DagBag from /opt/airflow/dags/ecomm_dag.py
[2024-06-27T22:50:03.519+0000] {processor.py:840} INFO - DAG(s) 'ecomm_data_pipeline' retrieved from /opt/airflow/dags/ecomm_dag.py
[2024-06-27T22:50:03.537+0000] {logging_mixin.py:188} INFO - [2024-06-27T22:50:03.537+0000] {dag.py:3096} INFO - Sync 1 DAGs
[2024-06-27T22:50:03.546+0000] {logging_mixin.py:188} INFO - [2024-06-27T22:50:03.546+0000] {dag.py:3954} INFO - Setting next_dagrun for ecomm_data_pipeline to 2023-01-01 21:50:00+00:00, run_after=2023-01-01 22:00:00+00:00
[2024-06-27T22:50:03.553+0000] {processor.py:183} INFO - Processing /opt/airflow/dags/ecomm_dag.py took 0.054 seconds
[2024-06-27T22:50:33.834+0000] {processor.py:161} INFO - Started process (PID=2429) to work on /opt/airflow/dags/ecomm_dag.py
[2024-06-27T22:50:33.835+0000] {processor.py:830} INFO - Processing file /opt/airflow/dags/ecomm_dag.py for tasks to queue
[2024-06-27T22:50:33.836+0000] {logging_mixin.py:188} INFO - [2024-06-27T22:50:33.835+0000] {dagbag.py:545} INFO - Filling up the DagBag from /opt/airflow/dags/ecomm_dag.py
[2024-06-27T22:50:33.842+0000] {processor.py:840} INFO - DAG(s) 'ecomm_data_pipeline' retrieved from /opt/airflow/dags/ecomm_dag.py
[2024-06-27T22:50:33.855+0000] {logging_mixin.py:188} INFO - [2024-06-27T22:50:33.855+0000] {dag.py:3096} INFO - Sync 1 DAGs
[2024-06-27T22:50:33.862+0000] {logging_mixin.py:188} INFO - [2024-06-27T22:50:33.862+0000] {dag.py:3954} INFO - Setting next_dagrun for ecomm_data_pipeline to 2023-01-01 22:00:00+00:00, run_after=2023-01-01 22:10:00+00:00
[2024-06-27T22:50:33.868+0000] {processor.py:183} INFO - Processing /opt/airflow/dags/ecomm_dag.py took 0.037 seconds
[2024-06-27T22:51:36.707+0000] {processor.py:161} INFO - Started process (PID=29) to work on /opt/airflow/dags/ecomm_dag.py
[2024-06-27T22:51:36.707+0000] {processor.py:830} INFO - Processing file /opt/airflow/dags/ecomm_dag.py for tasks to queue
[2024-06-27T22:51:36.708+0000] {logging_mixin.py:188} INFO - [2024-06-27T22:51:36.708+0000] {dagbag.py:545} INFO - Filling up the DagBag from /opt/airflow/dags/ecomm_dag.py
[2024-06-27T22:51:36.721+0000] {processor.py:840} INFO - DAG(s) 'ecomm_data_pipeline' retrieved from /opt/airflow/dags/ecomm_dag.py
[2024-06-27T22:51:36.814+0000] {logging_mixin.py:188} INFO - [2024-06-27T22:51:36.814+0000] {override.py:1677} ERROR - Add Permission: (psycopg2.errors.UniqueViolation) duplicate key value violates unique constraint "ab_permission_name_uq"
DETAIL:  Key (name)=(can_read) already exists.

[SQL: INSERT INTO ab_permission (name) VALUES (%(name)s) RETURNING ab_permission.id]
[parameters: {'name': 'can_read'}]
(Background on this error at: https://sqlalche.me/e/14/gkpj)
[2024-06-27T22:51:36.816+0000] {logging_mixin.py:188} INFO - [2024-06-27T22:51:36.816+0000] {override.py:1829} INFO - Created Permission View: None on DAG:ecomm_data_pipeline
[2024-06-27T22:51:36.819+0000] {logging_mixin.py:188} INFO - [2024-06-27T22:51:36.819+0000] {override.py:1829} INFO - Created Permission View: can delete on DAG:ecomm_data_pipeline
[2024-06-27T22:51:36.821+0000] {logging_mixin.py:188} INFO - [2024-06-27T22:51:36.821+0000] {override.py:1829} INFO - Created Permission View: can edit on DAG:ecomm_data_pipeline
[2024-06-27T22:51:36.821+0000] {logging_mixin.py:188} INFO - [2024-06-27T22:51:36.821+0000] {dag.py:3096} INFO - Sync 1 DAGs
[2024-06-27T22:51:36.826+0000] {logging_mixin.py:188} INFO - [2024-06-27T22:51:36.826+0000] {dag.py:3118} INFO - Creating ORM DAG for ecomm_data_pipeline
[2024-06-27T22:51:36.830+0000] {logging_mixin.py:188} INFO - [2024-06-27T22:51:36.830+0000] {dag.py:3954} INFO - Setting next_dagrun for ecomm_data_pipeline to 2023-01-01 00:00:00+00:00, run_after=2023-01-01 00:10:00+00:00
[2024-06-27T22:51:36.836+0000] {processor.py:183} INFO - Processing /opt/airflow/dags/ecomm_dag.py took 0.131 seconds
[2024-06-27T22:52:07.021+0000] {processor.py:161} INFO - Started process (PID=297) to work on /opt/airflow/dags/ecomm_dag.py
[2024-06-27T22:52:07.021+0000] {processor.py:830} INFO - Processing file /opt/airflow/dags/ecomm_dag.py for tasks to queue
[2024-06-27T22:52:07.022+0000] {logging_mixin.py:188} INFO - [2024-06-27T22:52:07.022+0000] {dagbag.py:545} INFO - Filling up the DagBag from /opt/airflow/dags/ecomm_dag.py
[2024-06-27T22:52:07.029+0000] {processor.py:840} INFO - DAG(s) 'ecomm_data_pipeline' retrieved from /opt/airflow/dags/ecomm_dag.py
[2024-06-27T22:52:07.042+0000] {logging_mixin.py:188} INFO - [2024-06-27T22:52:07.042+0000] {dag.py:3096} INFO - Sync 1 DAGs
[2024-06-27T22:52:07.051+0000] {logging_mixin.py:188} INFO - [2024-06-27T22:52:07.051+0000] {dag.py:3954} INFO - Setting next_dagrun for ecomm_data_pipeline to 2023-01-01 01:40:00+00:00, run_after=2023-01-01 01:50:00+00:00
[2024-06-27T22:52:07.059+0000] {processor.py:183} INFO - Processing /opt/airflow/dags/ecomm_dag.py took 0.041 seconds
[2024-06-27T22:52:37.192+0000] {processor.py:161} INFO - Started process (PID=563) to work on /opt/airflow/dags/ecomm_dag.py
[2024-06-27T22:52:37.192+0000] {processor.py:830} INFO - Processing file /opt/airflow/dags/ecomm_dag.py for tasks to queue
[2024-06-27T22:52:37.194+0000] {logging_mixin.py:188} INFO - [2024-06-27T22:52:37.193+0000] {dagbag.py:545} INFO - Filling up the DagBag from /opt/airflow/dags/ecomm_dag.py
[2024-06-27T22:52:37.200+0000] {processor.py:840} INFO - DAG(s) 'ecomm_data_pipeline' retrieved from /opt/airflow/dags/ecomm_dag.py
[2024-06-27T22:52:37.207+0000] {logging_mixin.py:188} INFO - [2024-06-27T22:52:37.207+0000] {dag.py:3096} INFO - Sync 1 DAGs
[2024-06-27T22:52:37.217+0000] {logging_mixin.py:188} INFO - [2024-06-27T22:52:37.217+0000] {dag.py:3954} INFO - Setting next_dagrun for ecomm_data_pipeline to 2023-01-01 03:20:00+00:00, run_after=2023-01-01 03:30:00+00:00
[2024-06-27T22:52:37.224+0000] {processor.py:183} INFO - Processing /opt/airflow/dags/ecomm_dag.py took 0.036 seconds
[2024-06-27T22:53:07.382+0000] {processor.py:161} INFO - Started process (PID=842) to work on /opt/airflow/dags/ecomm_dag.py
[2024-06-27T22:53:07.382+0000] {processor.py:830} INFO - Processing file /opt/airflow/dags/ecomm_dag.py for tasks to queue
[2024-06-27T22:53:07.383+0000] {logging_mixin.py:188} INFO - [2024-06-27T22:53:07.383+0000] {dagbag.py:545} INFO - Filling up the DagBag from /opt/airflow/dags/ecomm_dag.py
[2024-06-27T22:53:07.390+0000] {processor.py:840} INFO - DAG(s) 'ecomm_data_pipeline' retrieved from /opt/airflow/dags/ecomm_dag.py
[2024-06-27T22:53:07.442+0000] {logging_mixin.py:188} INFO - [2024-06-27T22:53:07.442+0000] {dag.py:3096} INFO - Sync 1 DAGs
[2024-06-27T22:53:07.453+0000] {logging_mixin.py:188} INFO - [2024-06-27T22:53:07.453+0000] {dag.py:3954} INFO - Setting next_dagrun for ecomm_data_pipeline to 2023-01-01 04:50:00+00:00, run_after=2023-01-01 05:00:00+00:00
[2024-06-27T22:53:07.460+0000] {processor.py:183} INFO - Processing /opt/airflow/dags/ecomm_dag.py took 0.081 seconds
[2024-06-27T22:53:37.578+0000] {processor.py:161} INFO - Started process (PID=1075) to work on /opt/airflow/dags/ecomm_dag.py
[2024-06-27T22:53:37.578+0000] {processor.py:830} INFO - Processing file /opt/airflow/dags/ecomm_dag.py for tasks to queue
[2024-06-27T22:53:37.579+0000] {logging_mixin.py:188} INFO - [2024-06-27T22:53:37.579+0000] {dagbag.py:545} INFO - Filling up the DagBag from /opt/airflow/dags/ecomm_dag.py
[2024-06-27T22:53:37.585+0000] {processor.py:840} INFO - DAG(s) 'ecomm_data_pipeline' retrieved from /opt/airflow/dags/ecomm_dag.py
[2024-06-27T22:53:37.598+0000] {logging_mixin.py:188} INFO - [2024-06-27T22:53:37.598+0000] {dag.py:3096} INFO - Sync 1 DAGs
[2024-06-27T22:53:37.607+0000] {logging_mixin.py:188} INFO - [2024-06-27T22:53:37.607+0000] {dag.py:3954} INFO - Setting next_dagrun for ecomm_data_pipeline to 2023-01-01 07:30:00+00:00, run_after=2023-01-01 07:40:00+00:00
[2024-06-27T22:53:37.614+0000] {processor.py:183} INFO - Processing /opt/airflow/dags/ecomm_dag.py took 0.038 seconds
[2024-06-27T22:54:07.963+0000] {processor.py:161} INFO - Started process (PID=1099) to work on /opt/airflow/dags/ecomm_dag.py
[2024-06-27T22:54:07.964+0000] {processor.py:830} INFO - Processing file /opt/airflow/dags/ecomm_dag.py for tasks to queue
[2024-06-27T22:54:07.966+0000] {logging_mixin.py:188} INFO - [2024-06-27T22:54:07.965+0000] {dagbag.py:545} INFO - Filling up the DagBag from /opt/airflow/dags/ecomm_dag.py
[2024-06-27T22:54:07.976+0000] {processor.py:840} INFO - DAG(s) 'ecomm_data_pipeline' retrieved from /opt/airflow/dags/ecomm_dag.py
[2024-06-27T22:54:07.994+0000] {logging_mixin.py:188} INFO - [2024-06-27T22:54:07.994+0000] {dag.py:3096} INFO - Sync 1 DAGs
[2024-06-27T22:54:08.004+0000] {logging_mixin.py:188} INFO - [2024-06-27T22:54:08.004+0000] {dag.py:3954} INFO - Setting next_dagrun for ecomm_data_pipeline to 2023-01-01 07:30:00+00:00, run_after=2023-01-01 07:40:00+00:00
[2024-06-27T22:54:08.011+0000] {processor.py:183} INFO - Processing /opt/airflow/dags/ecomm_dag.py took 0.053 seconds
[2024-06-27T22:54:38.275+0000] {processor.py:161} INFO - Started process (PID=1109) to work on /opt/airflow/dags/ecomm_dag.py
[2024-06-27T22:54:38.275+0000] {processor.py:830} INFO - Processing file /opt/airflow/dags/ecomm_dag.py for tasks to queue
[2024-06-27T22:54:38.276+0000] {logging_mixin.py:188} INFO - [2024-06-27T22:54:38.276+0000] {dagbag.py:545} INFO - Filling up the DagBag from /opt/airflow/dags/ecomm_dag.py
[2024-06-27T22:54:38.283+0000] {processor.py:840} INFO - DAG(s) 'ecomm_data_pipeline' retrieved from /opt/airflow/dags/ecomm_dag.py
[2024-06-27T22:54:38.296+0000] {logging_mixin.py:188} INFO - [2024-06-27T22:54:38.296+0000] {dag.py:3096} INFO - Sync 1 DAGs
[2024-06-27T22:54:38.305+0000] {logging_mixin.py:188} INFO - [2024-06-27T22:54:38.305+0000] {dag.py:3954} INFO - Setting next_dagrun for ecomm_data_pipeline to 2023-01-01 07:30:00+00:00, run_after=2023-01-01 07:40:00+00:00
[2024-06-27T22:54:38.312+0000] {processor.py:183} INFO - Processing /opt/airflow/dags/ecomm_dag.py took 0.040 seconds
[2024-06-27T22:55:08.577+0000] {processor.py:161} INFO - Started process (PID=1119) to work on /opt/airflow/dags/ecomm_dag.py
[2024-06-27T22:55:08.578+0000] {processor.py:830} INFO - Processing file /opt/airflow/dags/ecomm_dag.py for tasks to queue
[2024-06-27T22:55:08.579+0000] {logging_mixin.py:188} INFO - [2024-06-27T22:55:08.578+0000] {dagbag.py:545} INFO - Filling up the DagBag from /opt/airflow/dags/ecomm_dag.py
[2024-06-27T22:55:08.584+0000] {processor.py:840} INFO - DAG(s) 'ecomm_data_pipeline' retrieved from /opt/airflow/dags/ecomm_dag.py
[2024-06-27T22:55:08.596+0000] {logging_mixin.py:188} INFO - [2024-06-27T22:55:08.596+0000] {dag.py:3096} INFO - Sync 1 DAGs
[2024-06-27T22:55:08.604+0000] {logging_mixin.py:188} INFO - [2024-06-27T22:55:08.604+0000] {dag.py:3954} INFO - Setting next_dagrun for ecomm_data_pipeline to 2023-01-01 07:30:00+00:00, run_after=2023-01-01 07:40:00+00:00
[2024-06-27T22:55:08.610+0000] {processor.py:183} INFO - Processing /opt/airflow/dags/ecomm_dag.py took 0.035 seconds
[2024-06-27T22:55:38.916+0000] {processor.py:161} INFO - Started process (PID=1121) to work on /opt/airflow/dags/ecomm_dag.py
[2024-06-27T22:55:38.917+0000] {processor.py:830} INFO - Processing file /opt/airflow/dags/ecomm_dag.py for tasks to queue
[2024-06-27T22:55:38.919+0000] {logging_mixin.py:188} INFO - [2024-06-27T22:55:38.919+0000] {dagbag.py:545} INFO - Filling up the DagBag from /opt/airflow/dags/ecomm_dag.py
[2024-06-27T22:55:38.929+0000] {processor.py:840} INFO - DAG(s) 'ecomm_data_pipeline' retrieved from /opt/airflow/dags/ecomm_dag.py
[2024-06-27T22:55:38.947+0000] {logging_mixin.py:188} INFO - [2024-06-27T22:55:38.946+0000] {dag.py:3096} INFO - Sync 1 DAGs
[2024-06-27T22:55:38.956+0000] {logging_mixin.py:188} INFO - [2024-06-27T22:55:38.956+0000] {dag.py:3954} INFO - Setting next_dagrun for ecomm_data_pipeline to 2023-01-01 07:30:00+00:00, run_after=2023-01-01 07:40:00+00:00
[2024-06-27T22:55:38.965+0000] {processor.py:183} INFO - Processing /opt/airflow/dags/ecomm_dag.py took 0.056 seconds
[2024-06-27T22:56:09.245+0000] {processor.py:161} INFO - Started process (PID=1131) to work on /opt/airflow/dags/ecomm_dag.py
[2024-06-27T22:56:09.247+0000] {processor.py:830} INFO - Processing file /opt/airflow/dags/ecomm_dag.py for tasks to queue
[2024-06-27T22:56:09.248+0000] {logging_mixin.py:188} INFO - [2024-06-27T22:56:09.248+0000] {dagbag.py:545} INFO - Filling up the DagBag from /opt/airflow/dags/ecomm_dag.py
[2024-06-27T22:56:09.259+0000] {processor.py:840} INFO - DAG(s) 'ecomm_data_pipeline' retrieved from /opt/airflow/dags/ecomm_dag.py
[2024-06-27T22:56:09.277+0000] {logging_mixin.py:188} INFO - [2024-06-27T22:56:09.276+0000] {dag.py:3096} INFO - Sync 1 DAGs
[2024-06-27T22:56:09.287+0000] {logging_mixin.py:188} INFO - [2024-06-27T22:56:09.287+0000] {dag.py:3954} INFO - Setting next_dagrun for ecomm_data_pipeline to 2023-01-01 07:30:00+00:00, run_after=2023-01-01 07:40:00+00:00
[2024-06-27T22:56:09.294+0000] {processor.py:183} INFO - Processing /opt/airflow/dags/ecomm_dag.py took 0.056 seconds
[2024-06-27T22:56:39.589+0000] {processor.py:161} INFO - Started process (PID=1141) to work on /opt/airflow/dags/ecomm_dag.py
[2024-06-27T22:56:39.589+0000] {processor.py:830} INFO - Processing file /opt/airflow/dags/ecomm_dag.py for tasks to queue
[2024-06-27T22:56:39.591+0000] {logging_mixin.py:188} INFO - [2024-06-27T22:56:39.591+0000] {dagbag.py:545} INFO - Filling up the DagBag from /opt/airflow/dags/ecomm_dag.py
[2024-06-27T22:56:39.599+0000] {processor.py:840} INFO - DAG(s) 'ecomm_data_pipeline' retrieved from /opt/airflow/dags/ecomm_dag.py
[2024-06-27T22:56:39.616+0000] {logging_mixin.py:188} INFO - [2024-06-27T22:56:39.616+0000] {dag.py:3096} INFO - Sync 1 DAGs
[2024-06-27T22:56:39.625+0000] {logging_mixin.py:188} INFO - [2024-06-27T22:56:39.625+0000] {dag.py:3954} INFO - Setting next_dagrun for ecomm_data_pipeline to 2023-01-01 07:30:00+00:00, run_after=2023-01-01 07:40:00+00:00
[2024-06-27T22:56:39.632+0000] {processor.py:183} INFO - Processing /opt/airflow/dags/ecomm_dag.py took 0.049 seconds
[2024-06-27T22:57:09.881+0000] {processor.py:161} INFO - Started process (PID=1151) to work on /opt/airflow/dags/ecomm_dag.py
[2024-06-27T22:57:09.882+0000] {processor.py:830} INFO - Processing file /opt/airflow/dags/ecomm_dag.py for tasks to queue
[2024-06-27T22:57:09.883+0000] {logging_mixin.py:188} INFO - [2024-06-27T22:57:09.883+0000] {dagbag.py:545} INFO - Filling up the DagBag from /opt/airflow/dags/ecomm_dag.py
[2024-06-27T22:57:09.892+0000] {processor.py:840} INFO - DAG(s) 'ecomm_data_pipeline' retrieved from /opt/airflow/dags/ecomm_dag.py
[2024-06-27T22:57:09.907+0000] {logging_mixin.py:188} INFO - [2024-06-27T22:57:09.907+0000] {dag.py:3096} INFO - Sync 1 DAGs
[2024-06-27T22:57:09.916+0000] {logging_mixin.py:188} INFO - [2024-06-27T22:57:09.916+0000] {dag.py:3954} INFO - Setting next_dagrun for ecomm_data_pipeline to 2023-01-01 07:30:00+00:00, run_after=2023-01-01 07:40:00+00:00
[2024-06-27T22:57:09.923+0000] {processor.py:183} INFO - Processing /opt/airflow/dags/ecomm_dag.py took 0.048 seconds
[2024-06-27T22:57:40.190+0000] {processor.py:161} INFO - Started process (PID=1161) to work on /opt/airflow/dags/ecomm_dag.py
[2024-06-27T22:57:40.190+0000] {processor.py:830} INFO - Processing file /opt/airflow/dags/ecomm_dag.py for tasks to queue
[2024-06-27T22:57:40.191+0000] {logging_mixin.py:188} INFO - [2024-06-27T22:57:40.191+0000] {dagbag.py:545} INFO - Filling up the DagBag from /opt/airflow/dags/ecomm_dag.py
[2024-06-27T22:57:40.199+0000] {processor.py:840} INFO - DAG(s) 'ecomm_data_pipeline' retrieved from /opt/airflow/dags/ecomm_dag.py
[2024-06-27T22:57:40.214+0000] {logging_mixin.py:188} INFO - [2024-06-27T22:57:40.214+0000] {dag.py:3096} INFO - Sync 1 DAGs
[2024-06-27T22:57:40.223+0000] {logging_mixin.py:188} INFO - [2024-06-27T22:57:40.223+0000] {dag.py:3954} INFO - Setting next_dagrun for ecomm_data_pipeline to 2023-01-01 07:30:00+00:00, run_after=2023-01-01 07:40:00+00:00
[2024-06-27T22:57:40.230+0000] {processor.py:183} INFO - Processing /opt/airflow/dags/ecomm_dag.py took 0.045 seconds
[2024-06-27T22:57:43.242+0000] {processor.py:161} INFO - Started process (PID=1163) to work on /opt/airflow/dags/ecomm_dag.py
[2024-06-27T22:57:43.243+0000] {processor.py:830} INFO - Processing file /opt/airflow/dags/ecomm_dag.py for tasks to queue
[2024-06-27T22:57:43.244+0000] {logging_mixin.py:188} INFO - [2024-06-27T22:57:43.244+0000] {dagbag.py:545} INFO - Filling up the DagBag from /opt/airflow/dags/ecomm_dag.py
[2024-06-27T22:57:43.257+0000] {processor.py:840} INFO - DAG(s) 'ecomm_data_pipeline' retrieved from /opt/airflow/dags/ecomm_dag.py
[2024-06-27T22:57:43.274+0000] {logging_mixin.py:188} INFO - [2024-06-27T22:57:43.274+0000] {dag.py:3096} INFO - Sync 1 DAGs
[2024-06-27T22:57:43.283+0000] {logging_mixin.py:188} INFO - [2024-06-27T22:57:43.283+0000] {dag.py:3954} INFO - Setting next_dagrun for ecomm_data_pipeline to 2023-01-01 07:30:00+00:00, run_after=2023-01-01 07:40:00+00:00
[2024-06-27T22:57:43.290+0000] {processor.py:183} INFO - Processing /opt/airflow/dags/ecomm_dag.py took 0.054 seconds
[2024-06-27T22:57:52.370+0000] {processor.py:161} INFO - Started process (PID=1172) to work on /opt/airflow/dags/ecomm_dag.py
[2024-06-27T22:57:52.371+0000] {processor.py:830} INFO - Processing file /opt/airflow/dags/ecomm_dag.py for tasks to queue
[2024-06-27T22:57:52.372+0000] {logging_mixin.py:188} INFO - [2024-06-27T22:57:52.372+0000] {dagbag.py:545} INFO - Filling up the DagBag from /opt/airflow/dags/ecomm_dag.py
[2024-06-27T22:57:52.384+0000] {processor.py:840} INFO - DAG(s) 'ecomm_data_pipeline' retrieved from /opt/airflow/dags/ecomm_dag.py
[2024-06-27T22:57:52.401+0000] {logging_mixin.py:188} INFO - [2024-06-27T22:57:52.401+0000] {dag.py:3096} INFO - Sync 1 DAGs
[2024-06-27T22:57:52.409+0000] {logging_mixin.py:188} INFO - [2024-06-27T22:57:52.409+0000] {dag.py:3954} INFO - Setting next_dagrun for ecomm_data_pipeline to 2023-01-01 07:30:00+00:00, run_after=2023-01-01 07:40:00+00:00
[2024-06-27T22:57:52.416+0000] {processor.py:183} INFO - Processing /opt/airflow/dags/ecomm_dag.py took 0.052 seconds
[2024-06-27T22:58:07.519+0000] {processor.py:161} INFO - Started process (PID=1173) to work on /opt/airflow/dags/ecomm_dag.py
[2024-06-27T22:58:07.520+0000] {processor.py:830} INFO - Processing file /opt/airflow/dags/ecomm_dag.py for tasks to queue
[2024-06-27T22:58:07.523+0000] {logging_mixin.py:188} INFO - [2024-06-27T22:58:07.522+0000] {dagbag.py:545} INFO - Filling up the DagBag from /opt/airflow/dags/ecomm_dag.py
[2024-06-27T22:58:07.535+0000] {processor.py:840} INFO - DAG(s) 'ecomm_data_pipeline' retrieved from /opt/airflow/dags/ecomm_dag.py
[2024-06-27T22:58:07.553+0000] {logging_mixin.py:188} INFO - [2024-06-27T22:58:07.552+0000] {dag.py:3096} INFO - Sync 1 DAGs
[2024-06-27T22:58:07.561+0000] {logging_mixin.py:188} INFO - [2024-06-27T22:58:07.561+0000] {dag.py:3954} INFO - Setting next_dagrun for ecomm_data_pipeline to 2023-01-01 07:30:00+00:00, run_after=2023-01-01 07:40:00+00:00
[2024-06-27T22:58:07.568+0000] {processor.py:183} INFO - Processing /opt/airflow/dags/ecomm_dag.py took 0.055 seconds
[2024-06-27T22:59:19.579+0000] {processor.py:161} INFO - Started process (PID=28) to work on /opt/airflow/dags/ecomm_dag.py
[2024-06-27T22:59:19.580+0000] {processor.py:830} INFO - Processing file /opt/airflow/dags/ecomm_dag.py for tasks to queue
[2024-06-27T22:59:19.581+0000] {logging_mixin.py:188} INFO - [2024-06-27T22:59:19.581+0000] {dagbag.py:545} INFO - Filling up the DagBag from /opt/airflow/dags/ecomm_dag.py
[2024-06-27T22:59:19.595+0000] {processor.py:840} INFO - DAG(s) 'ecomm_data_pipeline' retrieved from /opt/airflow/dags/ecomm_dag.py
[2024-06-27T22:59:19.689+0000] {logging_mixin.py:188} INFO - [2024-06-27T22:59:19.689+0000] {override.py:1829} INFO - Created Permission View: can edit on DAG:ecomm_data_pipeline
[2024-06-27T22:59:19.691+0000] {logging_mixin.py:188} INFO - [2024-06-27T22:59:19.691+0000] {override.py:1829} INFO - Created Permission View: can read on DAG:ecomm_data_pipeline
[2024-06-27T22:59:19.693+0000] {logging_mixin.py:188} INFO - [2024-06-27T22:59:19.693+0000] {override.py:1829} INFO - Created Permission View: can delete on DAG:ecomm_data_pipeline
[2024-06-27T22:59:19.693+0000] {logging_mixin.py:188} INFO - [2024-06-27T22:59:19.693+0000] {dag.py:3096} INFO - Sync 1 DAGs
[2024-06-27T22:59:19.697+0000] {logging_mixin.py:188} INFO - [2024-06-27T22:59:19.697+0000] {dag.py:3118} INFO - Creating ORM DAG for ecomm_data_pipeline
[2024-06-27T22:59:19.700+0000] {logging_mixin.py:188} INFO - [2024-06-27T22:59:19.700+0000] {dag.py:3954} INFO - Setting next_dagrun for ecomm_data_pipeline to 2023-01-01 00:00:00+00:00, run_after=2023-01-01 00:10:00+00:00
[2024-06-27T22:59:19.705+0000] {processor.py:183} INFO - Processing /opt/airflow/dags/ecomm_dag.py took 0.128 seconds
[2024-06-27T22:59:49.783+0000] {processor.py:161} INFO - Started process (PID=283) to work on /opt/airflow/dags/ecomm_dag.py
[2024-06-27T22:59:49.783+0000] {processor.py:830} INFO - Processing file /opt/airflow/dags/ecomm_dag.py for tasks to queue
[2024-06-27T22:59:49.784+0000] {logging_mixin.py:188} INFO - [2024-06-27T22:59:49.784+0000] {dagbag.py:545} INFO - Filling up the DagBag from /opt/airflow/dags/ecomm_dag.py
[2024-06-27T22:59:49.791+0000] {processor.py:840} INFO - DAG(s) 'ecomm_data_pipeline' retrieved from /opt/airflow/dags/ecomm_dag.py
[2024-06-27T22:59:49.804+0000] {logging_mixin.py:188} INFO - [2024-06-27T22:59:49.804+0000] {dag.py:3096} INFO - Sync 1 DAGs
[2024-06-27T22:59:49.813+0000] {logging_mixin.py:188} INFO - [2024-06-27T22:59:49.813+0000] {dag.py:3954} INFO - Setting next_dagrun for ecomm_data_pipeline to 2023-01-01 01:40:00+00:00, run_after=2023-01-01 01:50:00+00:00
[2024-06-27T22:59:49.820+0000] {processor.py:183} INFO - Processing /opt/airflow/dags/ecomm_dag.py took 0.040 seconds
[2024-06-27T23:00:19.963+0000] {processor.py:161} INFO - Started process (PID=535) to work on /opt/airflow/dags/ecomm_dag.py
[2024-06-27T23:00:19.964+0000] {processor.py:830} INFO - Processing file /opt/airflow/dags/ecomm_dag.py for tasks to queue
[2024-06-27T23:00:19.966+0000] {logging_mixin.py:188} INFO - [2024-06-27T23:00:19.966+0000] {dagbag.py:545} INFO - Filling up the DagBag from /opt/airflow/dags/ecomm_dag.py
[2024-06-27T23:00:19.992+0000] {processor.py:840} INFO - DAG(s) 'ecomm_data_pipeline' retrieved from /opt/airflow/dags/ecomm_dag.py
[2024-06-27T23:00:20.009+0000] {logging_mixin.py:188} INFO - [2024-06-27T23:00:20.009+0000] {dag.py:3096} INFO - Sync 1 DAGs
[2024-06-27T23:00:20.018+0000] {logging_mixin.py:188} INFO - [2024-06-27T23:00:20.017+0000] {dag.py:3954} INFO - Setting next_dagrun for ecomm_data_pipeline to 2023-01-01 03:20:00+00:00, run_after=2023-01-01 03:30:00+00:00
[2024-06-27T23:00:20.024+0000] {processor.py:183} INFO - Processing /opt/airflow/dags/ecomm_dag.py took 0.072 seconds
[2024-06-27T23:00:50.288+0000] {processor.py:161} INFO - Started process (PID=617) to work on /opt/airflow/dags/ecomm_dag.py
[2024-06-27T23:00:50.289+0000] {processor.py:830} INFO - Processing file /opt/airflow/dags/ecomm_dag.py for tasks to queue
[2024-06-27T23:00:50.290+0000] {logging_mixin.py:188} INFO - [2024-06-27T23:00:50.290+0000] {dagbag.py:545} INFO - Filling up the DagBag from /opt/airflow/dags/ecomm_dag.py
[2024-06-27T23:00:50.299+0000] {processor.py:840} INFO - DAG(s) 'ecomm_data_pipeline' retrieved from /opt/airflow/dags/ecomm_dag.py
[2024-06-27T23:00:50.350+0000] {logging_mixin.py:188} INFO - [2024-06-27T23:00:50.350+0000] {dag.py:3096} INFO - Sync 1 DAGs
[2024-06-27T23:00:50.358+0000] {logging_mixin.py:188} INFO - [2024-06-27T23:00:50.358+0000] {dag.py:3954} INFO - Setting next_dagrun for ecomm_data_pipeline to 2023-01-01 04:10:00+00:00, run_after=2023-01-01 04:20:00+00:00
[2024-06-27T23:00:50.364+0000] {processor.py:183} INFO - Processing /opt/airflow/dags/ecomm_dag.py took 0.083 seconds
[2024-06-27T23:01:20.614+0000] {processor.py:161} INFO - Started process (PID=627) to work on /opt/airflow/dags/ecomm_dag.py
[2024-06-27T23:01:20.614+0000] {processor.py:830} INFO - Processing file /opt/airflow/dags/ecomm_dag.py for tasks to queue
[2024-06-27T23:01:20.616+0000] {logging_mixin.py:188} INFO - [2024-06-27T23:01:20.615+0000] {dagbag.py:545} INFO - Filling up the DagBag from /opt/airflow/dags/ecomm_dag.py
[2024-06-27T23:01:20.623+0000] {processor.py:840} INFO - DAG(s) 'ecomm_data_pipeline' retrieved from /opt/airflow/dags/ecomm_dag.py
[2024-06-27T23:01:20.638+0000] {logging_mixin.py:188} INFO - [2024-06-27T23:01:20.638+0000] {dag.py:3096} INFO - Sync 1 DAGs
[2024-06-27T23:01:20.647+0000] {logging_mixin.py:188} INFO - [2024-06-27T23:01:20.647+0000] {dag.py:3954} INFO - Setting next_dagrun for ecomm_data_pipeline to 2023-01-01 04:10:00+00:00, run_after=2023-01-01 04:20:00+00:00
[2024-06-27T23:01:20.654+0000] {processor.py:183} INFO - Processing /opt/airflow/dags/ecomm_dag.py took 0.044 seconds
[2024-06-27T23:01:50.937+0000] {processor.py:161} INFO - Started process (PID=637) to work on /opt/airflow/dags/ecomm_dag.py
[2024-06-27T23:01:50.937+0000] {processor.py:830} INFO - Processing file /opt/airflow/dags/ecomm_dag.py for tasks to queue
[2024-06-27T23:01:50.939+0000] {logging_mixin.py:188} INFO - [2024-06-27T23:01:50.939+0000] {dagbag.py:545} INFO - Filling up the DagBag from /opt/airflow/dags/ecomm_dag.py
[2024-06-27T23:01:50.948+0000] {processor.py:840} INFO - DAG(s) 'ecomm_data_pipeline' retrieved from /opt/airflow/dags/ecomm_dag.py
[2024-06-27T23:01:50.963+0000] {logging_mixin.py:188} INFO - [2024-06-27T23:01:50.963+0000] {dag.py:3096} INFO - Sync 1 DAGs
[2024-06-27T23:01:50.972+0000] {logging_mixin.py:188} INFO - [2024-06-27T23:01:50.972+0000] {dag.py:3954} INFO - Setting next_dagrun for ecomm_data_pipeline to 2023-01-01 04:10:00+00:00, run_after=2023-01-01 04:20:00+00:00
[2024-06-27T23:01:50.979+0000] {processor.py:183} INFO - Processing /opt/airflow/dags/ecomm_dag.py took 0.048 seconds
[2024-06-27T23:02:21.273+0000] {processor.py:161} INFO - Started process (PID=647) to work on /opt/airflow/dags/ecomm_dag.py
[2024-06-27T23:02:21.273+0000] {processor.py:830} INFO - Processing file /opt/airflow/dags/ecomm_dag.py for tasks to queue
[2024-06-27T23:02:21.274+0000] {logging_mixin.py:188} INFO - [2024-06-27T23:02:21.274+0000] {dagbag.py:545} INFO - Filling up the DagBag from /opt/airflow/dags/ecomm_dag.py
[2024-06-27T23:02:21.283+0000] {processor.py:840} INFO - DAG(s) 'ecomm_data_pipeline' retrieved from /opt/airflow/dags/ecomm_dag.py
[2024-06-27T23:02:21.297+0000] {logging_mixin.py:188} INFO - [2024-06-27T23:02:21.297+0000] {dag.py:3096} INFO - Sync 1 DAGs
[2024-06-27T23:02:21.306+0000] {logging_mixin.py:188} INFO - [2024-06-27T23:02:21.306+0000] {dag.py:3954} INFO - Setting next_dagrun for ecomm_data_pipeline to 2023-01-01 04:10:00+00:00, run_after=2023-01-01 04:20:00+00:00
[2024-06-27T23:02:21.312+0000] {processor.py:183} INFO - Processing /opt/airflow/dags/ecomm_dag.py took 0.043 seconds
[2024-06-27T23:02:51.606+0000] {processor.py:161} INFO - Started process (PID=657) to work on /opt/airflow/dags/ecomm_dag.py
[2024-06-27T23:02:51.607+0000] {processor.py:830} INFO - Processing file /opt/airflow/dags/ecomm_dag.py for tasks to queue
[2024-06-27T23:02:51.608+0000] {logging_mixin.py:188} INFO - [2024-06-27T23:02:51.607+0000] {dagbag.py:545} INFO - Filling up the DagBag from /opt/airflow/dags/ecomm_dag.py
[2024-06-27T23:02:51.614+0000] {processor.py:840} INFO - DAG(s) 'ecomm_data_pipeline' retrieved from /opt/airflow/dags/ecomm_dag.py
[2024-06-27T23:02:51.627+0000] {logging_mixin.py:188} INFO - [2024-06-27T23:02:51.627+0000] {dag.py:3096} INFO - Sync 1 DAGs
[2024-06-27T23:02:51.636+0000] {logging_mixin.py:188} INFO - [2024-06-27T23:02:51.636+0000] {dag.py:3954} INFO - Setting next_dagrun for ecomm_data_pipeline to 2023-01-01 04:10:00+00:00, run_after=2023-01-01 04:20:00+00:00
[2024-06-27T23:02:51.642+0000] {processor.py:183} INFO - Processing /opt/airflow/dags/ecomm_dag.py took 0.039 seconds
[2024-06-27T23:03:21.940+0000] {processor.py:161} INFO - Started process (PID=659) to work on /opt/airflow/dags/ecomm_dag.py
[2024-06-27T23:03:21.941+0000] {processor.py:830} INFO - Processing file /opt/airflow/dags/ecomm_dag.py for tasks to queue
[2024-06-27T23:03:21.943+0000] {logging_mixin.py:188} INFO - [2024-06-27T23:03:21.943+0000] {dagbag.py:545} INFO - Filling up the DagBag from /opt/airflow/dags/ecomm_dag.py
[2024-06-27T23:03:21.955+0000] {processor.py:840} INFO - DAG(s) 'ecomm_data_pipeline' retrieved from /opt/airflow/dags/ecomm_dag.py
[2024-06-27T23:03:21.979+0000] {logging_mixin.py:188} INFO - [2024-06-27T23:03:21.978+0000] {dag.py:3096} INFO - Sync 1 DAGs
[2024-06-27T23:03:21.993+0000] {logging_mixin.py:188} INFO - [2024-06-27T23:03:21.993+0000] {dag.py:3954} INFO - Setting next_dagrun for ecomm_data_pipeline to 2023-01-01 04:10:00+00:00, run_after=2023-01-01 04:20:00+00:00
[2024-06-27T23:03:22.003+0000] {processor.py:183} INFO - Processing /opt/airflow/dags/ecomm_dag.py took 0.070 seconds
[2024-06-27T23:03:52.223+0000] {processor.py:161} INFO - Started process (PID=669) to work on /opt/airflow/dags/ecomm_dag.py
[2024-06-27T23:03:52.224+0000] {processor.py:830} INFO - Processing file /opt/airflow/dags/ecomm_dag.py for tasks to queue
[2024-06-27T23:03:52.225+0000] {logging_mixin.py:188} INFO - [2024-06-27T23:03:52.225+0000] {dagbag.py:545} INFO - Filling up the DagBag from /opt/airflow/dags/ecomm_dag.py
[2024-06-27T23:03:52.235+0000] {processor.py:840} INFO - DAG(s) 'ecomm_data_pipeline' retrieved from /opt/airflow/dags/ecomm_dag.py
[2024-06-27T23:03:52.252+0000] {logging_mixin.py:188} INFO - [2024-06-27T23:03:52.251+0000] {dag.py:3096} INFO - Sync 1 DAGs
[2024-06-27T23:03:52.262+0000] {logging_mixin.py:188} INFO - [2024-06-27T23:03:52.262+0000] {dag.py:3954} INFO - Setting next_dagrun for ecomm_data_pipeline to 2023-01-01 04:10:00+00:00, run_after=2023-01-01 04:20:00+00:00
[2024-06-27T23:03:52.269+0000] {processor.py:183} INFO - Processing /opt/airflow/dags/ecomm_dag.py took 0.052 seconds
[2024-06-27T23:04:22.579+0000] {processor.py:161} INFO - Started process (PID=679) to work on /opt/airflow/dags/ecomm_dag.py
[2024-06-27T23:04:22.580+0000] {processor.py:830} INFO - Processing file /opt/airflow/dags/ecomm_dag.py for tasks to queue
[2024-06-27T23:04:22.582+0000] {logging_mixin.py:188} INFO - [2024-06-27T23:04:22.581+0000] {dagbag.py:545} INFO - Filling up the DagBag from /opt/airflow/dags/ecomm_dag.py
[2024-06-27T23:04:22.593+0000] {processor.py:840} INFO - DAG(s) 'ecomm_data_pipeline' retrieved from /opt/airflow/dags/ecomm_dag.py
[2024-06-27T23:04:22.614+0000] {logging_mixin.py:188} INFO - [2024-06-27T23:04:22.614+0000] {dag.py:3096} INFO - Sync 1 DAGs
[2024-06-27T23:04:22.626+0000] {logging_mixin.py:188} INFO - [2024-06-27T23:04:22.626+0000] {dag.py:3954} INFO - Setting next_dagrun for ecomm_data_pipeline to 2023-01-01 04:10:00+00:00, run_after=2023-01-01 04:20:00+00:00
[2024-06-27T23:04:22.635+0000] {processor.py:183} INFO - Processing /opt/airflow/dags/ecomm_dag.py took 0.062 seconds
[2024-06-27T23:04:52.873+0000] {processor.py:161} INFO - Started process (PID=689) to work on /opt/airflow/dags/ecomm_dag.py
[2024-06-27T23:04:52.873+0000] {processor.py:830} INFO - Processing file /opt/airflow/dags/ecomm_dag.py for tasks to queue
[2024-06-27T23:04:52.874+0000] {logging_mixin.py:188} INFO - [2024-06-27T23:04:52.874+0000] {dagbag.py:545} INFO - Filling up the DagBag from /opt/airflow/dags/ecomm_dag.py
[2024-06-27T23:04:52.884+0000] {processor.py:840} INFO - DAG(s) 'ecomm_data_pipeline' retrieved from /opt/airflow/dags/ecomm_dag.py
[2024-06-27T23:04:52.900+0000] {logging_mixin.py:188} INFO - [2024-06-27T23:04:52.900+0000] {dag.py:3096} INFO - Sync 1 DAGs
[2024-06-27T23:04:52.909+0000] {logging_mixin.py:188} INFO - [2024-06-27T23:04:52.909+0000] {dag.py:3954} INFO - Setting next_dagrun for ecomm_data_pipeline to 2023-01-01 04:10:00+00:00, run_after=2023-01-01 04:20:00+00:00
[2024-06-27T23:04:52.916+0000] {processor.py:183} INFO - Processing /opt/airflow/dags/ecomm_dag.py took 0.048 seconds
[2024-06-27T23:05:23.174+0000] {processor.py:161} INFO - Started process (PID=699) to work on /opt/airflow/dags/ecomm_dag.py
[2024-06-27T23:05:23.175+0000] {processor.py:830} INFO - Processing file /opt/airflow/dags/ecomm_dag.py for tasks to queue
[2024-06-27T23:05:23.176+0000] {logging_mixin.py:188} INFO - [2024-06-27T23:05:23.176+0000] {dagbag.py:545} INFO - Filling up the DagBag from /opt/airflow/dags/ecomm_dag.py
[2024-06-27T23:05:23.185+0000] {processor.py:840} INFO - DAG(s) 'ecomm_data_pipeline' retrieved from /opt/airflow/dags/ecomm_dag.py
[2024-06-27T23:05:23.202+0000] {logging_mixin.py:188} INFO - [2024-06-27T23:05:23.201+0000] {dag.py:3096} INFO - Sync 1 DAGs
[2024-06-27T23:05:23.211+0000] {logging_mixin.py:188} INFO - [2024-06-27T23:05:23.211+0000] {dag.py:3954} INFO - Setting next_dagrun for ecomm_data_pipeline to 2023-01-01 04:10:00+00:00, run_after=2023-01-01 04:20:00+00:00
[2024-06-27T23:05:23.218+0000] {processor.py:183} INFO - Processing /opt/airflow/dags/ecomm_dag.py took 0.049 seconds
[2024-06-27T23:05:53.501+0000] {processor.py:161} INFO - Started process (PID=709) to work on /opt/airflow/dags/ecomm_dag.py
[2024-06-27T23:05:53.502+0000] {processor.py:830} INFO - Processing file /opt/airflow/dags/ecomm_dag.py for tasks to queue
[2024-06-27T23:05:53.504+0000] {logging_mixin.py:188} INFO - [2024-06-27T23:05:53.504+0000] {dagbag.py:545} INFO - Filling up the DagBag from /opt/airflow/dags/ecomm_dag.py
[2024-06-27T23:05:53.513+0000] {processor.py:840} INFO - DAG(s) 'ecomm_data_pipeline' retrieved from /opt/airflow/dags/ecomm_dag.py
[2024-06-27T23:05:53.530+0000] {logging_mixin.py:188} INFO - [2024-06-27T23:05:53.529+0000] {dag.py:3096} INFO - Sync 1 DAGs
[2024-06-27T23:05:53.539+0000] {logging_mixin.py:188} INFO - [2024-06-27T23:05:53.539+0000] {dag.py:3954} INFO - Setting next_dagrun for ecomm_data_pipeline to 2023-01-01 04:10:00+00:00, run_after=2023-01-01 04:20:00+00:00
[2024-06-27T23:05:53.546+0000] {processor.py:183} INFO - Processing /opt/airflow/dags/ecomm_dag.py took 0.051 seconds
[2024-06-27T23:06:23.837+0000] {processor.py:161} INFO - Started process (PID=719) to work on /opt/airflow/dags/ecomm_dag.py
[2024-06-27T23:06:23.837+0000] {processor.py:830} INFO - Processing file /opt/airflow/dags/ecomm_dag.py for tasks to queue
[2024-06-27T23:06:23.839+0000] {logging_mixin.py:188} INFO - [2024-06-27T23:06:23.838+0000] {dagbag.py:545} INFO - Filling up the DagBag from /opt/airflow/dags/ecomm_dag.py
[2024-06-27T23:06:23.848+0000] {processor.py:840} INFO - DAG(s) 'ecomm_data_pipeline' retrieved from /opt/airflow/dags/ecomm_dag.py
[2024-06-27T23:06:23.863+0000] {logging_mixin.py:188} INFO - [2024-06-27T23:06:23.863+0000] {dag.py:3096} INFO - Sync 1 DAGs
[2024-06-27T23:06:23.873+0000] {logging_mixin.py:188} INFO - [2024-06-27T23:06:23.873+0000] {dag.py:3954} INFO - Setting next_dagrun for ecomm_data_pipeline to 2023-01-01 04:10:00+00:00, run_after=2023-01-01 04:20:00+00:00
[2024-06-27T23:06:23.880+0000] {processor.py:183} INFO - Processing /opt/airflow/dags/ecomm_dag.py took 0.048 seconds
[2024-06-27T23:06:54.194+0000] {processor.py:161} INFO - Started process (PID=729) to work on /opt/airflow/dags/ecomm_dag.py
[2024-06-27T23:06:54.195+0000] {processor.py:830} INFO - Processing file /opt/airflow/dags/ecomm_dag.py for tasks to queue
[2024-06-27T23:06:54.196+0000] {logging_mixin.py:188} INFO - [2024-06-27T23:06:54.196+0000] {dagbag.py:545} INFO - Filling up the DagBag from /opt/airflow/dags/ecomm_dag.py
[2024-06-27T23:06:54.205+0000] {processor.py:840} INFO - DAG(s) 'ecomm_data_pipeline' retrieved from /opt/airflow/dags/ecomm_dag.py
[2024-06-27T23:06:54.221+0000] {logging_mixin.py:188} INFO - [2024-06-27T23:06:54.221+0000] {dag.py:3096} INFO - Sync 1 DAGs
[2024-06-27T23:06:54.230+0000] {logging_mixin.py:188} INFO - [2024-06-27T23:06:54.230+0000] {dag.py:3954} INFO - Setting next_dagrun for ecomm_data_pipeline to 2023-01-01 04:10:00+00:00, run_after=2023-01-01 04:20:00+00:00
[2024-06-27T23:06:54.237+0000] {processor.py:183} INFO - Processing /opt/airflow/dags/ecomm_dag.py took 0.049 seconds
[2024-06-27T23:07:24.533+0000] {processor.py:161} INFO - Started process (PID=739) to work on /opt/airflow/dags/ecomm_dag.py
[2024-06-27T23:07:24.534+0000] {processor.py:830} INFO - Processing file /opt/airflow/dags/ecomm_dag.py for tasks to queue
[2024-06-27T23:07:24.535+0000] {logging_mixin.py:188} INFO - [2024-06-27T23:07:24.535+0000] {dagbag.py:545} INFO - Filling up the DagBag from /opt/airflow/dags/ecomm_dag.py
[2024-06-27T23:07:24.545+0000] {processor.py:840} INFO - DAG(s) 'ecomm_data_pipeline' retrieved from /opt/airflow/dags/ecomm_dag.py
[2024-06-27T23:07:24.562+0000] {logging_mixin.py:188} INFO - [2024-06-27T23:07:24.561+0000] {dag.py:3096} INFO - Sync 1 DAGs
[2024-06-27T23:07:24.570+0000] {logging_mixin.py:188} INFO - [2024-06-27T23:07:24.570+0000] {dag.py:3954} INFO - Setting next_dagrun for ecomm_data_pipeline to 2023-01-01 04:10:00+00:00, run_after=2023-01-01 04:20:00+00:00
[2024-06-27T23:07:24.577+0000] {processor.py:183} INFO - Processing /opt/airflow/dags/ecomm_dag.py took 0.050 seconds
[2024-06-27T23:07:54.880+0000] {processor.py:161} INFO - Started process (PID=749) to work on /opt/airflow/dags/ecomm_dag.py
[2024-06-27T23:07:54.881+0000] {processor.py:830} INFO - Processing file /opt/airflow/dags/ecomm_dag.py for tasks to queue
[2024-06-27T23:07:54.883+0000] {logging_mixin.py:188} INFO - [2024-06-27T23:07:54.883+0000] {dagbag.py:545} INFO - Filling up the DagBag from /opt/airflow/dags/ecomm_dag.py
[2024-06-27T23:07:54.892+0000] {processor.py:840} INFO - DAG(s) 'ecomm_data_pipeline' retrieved from /opt/airflow/dags/ecomm_dag.py
[2024-06-27T23:07:54.908+0000] {logging_mixin.py:188} INFO - [2024-06-27T23:07:54.908+0000] {dag.py:3096} INFO - Sync 1 DAGs
[2024-06-27T23:07:54.917+0000] {logging_mixin.py:188} INFO - [2024-06-27T23:07:54.917+0000] {dag.py:3954} INFO - Setting next_dagrun for ecomm_data_pipeline to 2023-01-01 04:10:00+00:00, run_after=2023-01-01 04:20:00+00:00
[2024-06-27T23:07:54.923+0000] {processor.py:183} INFO - Processing /opt/airflow/dags/ecomm_dag.py took 0.049 seconds
[2024-06-27T23:08:59.185+0000] {processor.py:161} INFO - Started process (PID=29) to work on /opt/airflow/dags/ecomm_dag.py
[2024-06-27T23:08:59.186+0000] {processor.py:830} INFO - Processing file /opt/airflow/dags/ecomm_dag.py for tasks to queue
[2024-06-27T23:08:59.187+0000] {logging_mixin.py:188} INFO - [2024-06-27T23:08:59.187+0000] {dagbag.py:545} INFO - Filling up the DagBag from /opt/airflow/dags/ecomm_dag.py
[2024-06-27T23:08:59.201+0000] {processor.py:840} INFO - DAG(s) 'ecomm_data_pipeline' retrieved from /opt/airflow/dags/ecomm_dag.py
[2024-06-27T23:08:59.301+0000] {logging_mixin.py:188} INFO - [2024-06-27T23:08:59.300+0000] {override.py:1829} INFO - Created Permission View: can read on DAG:ecomm_data_pipeline
[2024-06-27T23:08:59.302+0000] {logging_mixin.py:188} INFO - [2024-06-27T23:08:59.302+0000] {override.py:1829} INFO - Created Permission View: can delete on DAG:ecomm_data_pipeline
[2024-06-27T23:08:59.304+0000] {logging_mixin.py:188} INFO - [2024-06-27T23:08:59.304+0000] {override.py:1829} INFO - Created Permission View: can edit on DAG:ecomm_data_pipeline
[2024-06-27T23:08:59.304+0000] {logging_mixin.py:188} INFO - [2024-06-27T23:08:59.304+0000] {dag.py:3096} INFO - Sync 1 DAGs
[2024-06-27T23:08:59.308+0000] {logging_mixin.py:188} INFO - [2024-06-27T23:08:59.308+0000] {dag.py:3118} INFO - Creating ORM DAG for ecomm_data_pipeline
[2024-06-27T23:08:59.312+0000] {logging_mixin.py:188} INFO - [2024-06-27T23:08:59.312+0000] {dag.py:3954} INFO - Setting next_dagrun for ecomm_data_pipeline to 2023-01-01 00:00:00+00:00, run_after=2023-01-01 00:10:00+00:00
[2024-06-27T23:08:59.317+0000] {processor.py:183} INFO - Processing /opt/airflow/dags/ecomm_dag.py took 0.134 seconds
[2024-06-27T23:09:29.364+0000] {processor.py:161} INFO - Started process (PID=294) to work on /opt/airflow/dags/ecomm_dag.py
[2024-06-27T23:09:29.364+0000] {processor.py:830} INFO - Processing file /opt/airflow/dags/ecomm_dag.py for tasks to queue
[2024-06-27T23:09:29.365+0000] {logging_mixin.py:188} INFO - [2024-06-27T23:09:29.365+0000] {dagbag.py:545} INFO - Filling up the DagBag from /opt/airflow/dags/ecomm_dag.py
[2024-06-27T23:09:29.370+0000] {processor.py:840} INFO - DAG(s) 'ecomm_data_pipeline' retrieved from /opt/airflow/dags/ecomm_dag.py
[2024-06-27T23:09:29.383+0000] {logging_mixin.py:188} INFO - [2024-06-27T23:09:29.383+0000] {dag.py:3096} INFO - Sync 1 DAGs
[2024-06-27T23:09:29.392+0000] {logging_mixin.py:188} INFO - [2024-06-27T23:09:29.392+0000] {dag.py:3954} INFO - Setting next_dagrun for ecomm_data_pipeline to 2023-01-01 01:40:00+00:00, run_after=2023-01-01 01:50:00+00:00
[2024-06-27T23:09:29.399+0000] {processor.py:183} INFO - Processing /opt/airflow/dags/ecomm_dag.py took 0.038 seconds
[2024-06-27T23:09:59.494+0000] {processor.py:161} INFO - Started process (PID=549) to work on /opt/airflow/dags/ecomm_dag.py
[2024-06-27T23:09:59.495+0000] {processor.py:830} INFO - Processing file /opt/airflow/dags/ecomm_dag.py for tasks to queue
[2024-06-27T23:09:59.496+0000] {logging_mixin.py:188} INFO - [2024-06-27T23:09:59.496+0000] {dagbag.py:545} INFO - Filling up the DagBag from /opt/airflow/dags/ecomm_dag.py
[2024-06-27T23:09:59.504+0000] {processor.py:840} INFO - DAG(s) 'ecomm_data_pipeline' retrieved from /opt/airflow/dags/ecomm_dag.py
[2024-06-27T23:09:59.511+0000] {logging_mixin.py:188} INFO - [2024-06-27T23:09:59.511+0000] {dag.py:3096} INFO - Sync 1 DAGs
[2024-06-27T23:09:59.520+0000] {logging_mixin.py:188} INFO - [2024-06-27T23:09:59.520+0000] {dag.py:3954} INFO - Setting next_dagrun for ecomm_data_pipeline to 2023-01-01 03:10:00+00:00, run_after=2023-01-01 03:20:00+00:00
[2024-06-27T23:09:59.527+0000] {processor.py:183} INFO - Processing /opt/airflow/dags/ecomm_dag.py took 0.036 seconds
[2024-06-27T23:10:29.802+0000] {processor.py:161} INFO - Started process (PID=681) to work on /opt/airflow/dags/ecomm_dag.py
[2024-06-27T23:10:29.803+0000] {processor.py:830} INFO - Processing file /opt/airflow/dags/ecomm_dag.py for tasks to queue
[2024-06-27T23:10:29.804+0000] {logging_mixin.py:188} INFO - [2024-06-27T23:10:29.804+0000] {dagbag.py:545} INFO - Filling up the DagBag from /opt/airflow/dags/ecomm_dag.py
[2024-06-27T23:10:29.816+0000] {processor.py:840} INFO - DAG(s) 'ecomm_data_pipeline' retrieved from /opt/airflow/dags/ecomm_dag.py
[2024-06-27T23:10:29.881+0000] {logging_mixin.py:188} INFO - [2024-06-27T23:10:29.881+0000] {dag.py:3096} INFO - Sync 1 DAGs
[2024-06-27T23:10:29.889+0000] {logging_mixin.py:188} INFO - [2024-06-27T23:10:29.889+0000] {dag.py:3954} INFO - Setting next_dagrun for ecomm_data_pipeline to 2023-01-01 04:00:00+00:00, run_after=2023-01-01 04:10:00+00:00
[2024-06-27T23:10:29.895+0000] {processor.py:183} INFO - Processing /opt/airflow/dags/ecomm_dag.py took 0.101 seconds
[2024-06-27T23:11:00.149+0000] {processor.py:161} INFO - Started process (PID=691) to work on /opt/airflow/dags/ecomm_dag.py
[2024-06-27T23:11:00.150+0000] {processor.py:830} INFO - Processing file /opt/airflow/dags/ecomm_dag.py for tasks to queue
[2024-06-27T23:11:00.151+0000] {logging_mixin.py:188} INFO - [2024-06-27T23:11:00.150+0000] {dagbag.py:545} INFO - Filling up the DagBag from /opt/airflow/dags/ecomm_dag.py
[2024-06-27T23:11:00.158+0000] {processor.py:840} INFO - DAG(s) 'ecomm_data_pipeline' retrieved from /opt/airflow/dags/ecomm_dag.py
[2024-06-27T23:11:00.173+0000] {logging_mixin.py:188} INFO - [2024-06-27T23:11:00.172+0000] {dag.py:3096} INFO - Sync 1 DAGs
[2024-06-27T23:11:00.182+0000] {logging_mixin.py:188} INFO - [2024-06-27T23:11:00.181+0000] {dag.py:3954} INFO - Setting next_dagrun for ecomm_data_pipeline to 2023-01-01 04:00:00+00:00, run_after=2023-01-01 04:10:00+00:00
[2024-06-27T23:11:00.188+0000] {processor.py:183} INFO - Processing /opt/airflow/dags/ecomm_dag.py took 0.043 seconds
[2024-06-27T23:11:30.522+0000] {processor.py:161} INFO - Started process (PID=701) to work on /opt/airflow/dags/ecomm_dag.py
[2024-06-27T23:11:30.523+0000] {processor.py:830} INFO - Processing file /opt/airflow/dags/ecomm_dag.py for tasks to queue
[2024-06-27T23:11:30.525+0000] {logging_mixin.py:188} INFO - [2024-06-27T23:11:30.525+0000] {dagbag.py:545} INFO - Filling up the DagBag from /opt/airflow/dags/ecomm_dag.py
[2024-06-27T23:11:30.534+0000] {processor.py:840} INFO - DAG(s) 'ecomm_data_pipeline' retrieved from /opt/airflow/dags/ecomm_dag.py
[2024-06-27T23:11:30.551+0000] {logging_mixin.py:188} INFO - [2024-06-27T23:11:30.551+0000] {dag.py:3096} INFO - Sync 1 DAGs
[2024-06-27T23:11:30.560+0000] {logging_mixin.py:188} INFO - [2024-06-27T23:11:30.560+0000] {dag.py:3954} INFO - Setting next_dagrun for ecomm_data_pipeline to 2023-01-01 04:00:00+00:00, run_after=2023-01-01 04:10:00+00:00
[2024-06-27T23:11:30.566+0000] {processor.py:183} INFO - Processing /opt/airflow/dags/ecomm_dag.py took 0.050 seconds
[2024-06-27T23:12:36.754+0000] {processor.py:161} INFO - Started process (PID=29) to work on /opt/airflow/dags/ecomm_dag.py
[2024-06-27T23:12:36.755+0000] {processor.py:830} INFO - Processing file /opt/airflow/dags/ecomm_dag.py for tasks to queue
[2024-06-27T23:12:36.756+0000] {logging_mixin.py:188} INFO - [2024-06-27T23:12:36.756+0000] {dagbag.py:545} INFO - Filling up the DagBag from /opt/airflow/dags/ecomm_dag.py
[2024-06-27T23:12:36.769+0000] {processor.py:840} INFO - DAG(s) 'ecomm_data_pipeline' retrieved from /opt/airflow/dags/ecomm_dag.py
[2024-06-27T23:12:36.869+0000] {logging_mixin.py:188} INFO - [2024-06-27T23:12:36.869+0000] {override.py:1829} INFO - Created Permission View: can delete on DAG:ecomm_data_pipeline
[2024-06-27T23:12:36.871+0000] {logging_mixin.py:188} INFO - [2024-06-27T23:12:36.871+0000] {override.py:1829} INFO - Created Permission View: can edit on DAG:ecomm_data_pipeline
[2024-06-27T23:12:36.872+0000] {logging_mixin.py:188} INFO - [2024-06-27T23:12:36.872+0000] {override.py:1829} INFO - Created Permission View: can read on DAG:ecomm_data_pipeline
[2024-06-27T23:12:36.873+0000] {logging_mixin.py:188} INFO - [2024-06-27T23:12:36.872+0000] {dag.py:3096} INFO - Sync 1 DAGs
[2024-06-27T23:12:36.877+0000] {logging_mixin.py:188} INFO - [2024-06-27T23:12:36.877+0000] {dag.py:3118} INFO - Creating ORM DAG for ecomm_data_pipeline
[2024-06-27T23:12:36.881+0000] {logging_mixin.py:188} INFO - [2024-06-27T23:12:36.881+0000] {dag.py:3954} INFO - Setting next_dagrun for ecomm_data_pipeline to 2023-01-01 00:00:00+00:00, run_after=2023-01-01 00:10:00+00:00
[2024-06-27T23:12:36.886+0000] {processor.py:183} INFO - Processing /opt/airflow/dags/ecomm_dag.py took 0.136 seconds
[2024-06-27T23:13:06.923+0000] {processor.py:161} INFO - Started process (PID=283) to work on /opt/airflow/dags/ecomm_dag.py
[2024-06-27T23:13:06.923+0000] {processor.py:830} INFO - Processing file /opt/airflow/dags/ecomm_dag.py for tasks to queue
[2024-06-27T23:13:06.924+0000] {logging_mixin.py:188} INFO - [2024-06-27T23:13:06.924+0000] {dagbag.py:545} INFO - Filling up the DagBag from /opt/airflow/dags/ecomm_dag.py
[2024-06-27T23:13:06.931+0000] {processor.py:840} INFO - DAG(s) 'ecomm_data_pipeline' retrieved from /opt/airflow/dags/ecomm_dag.py
[2024-06-27T23:13:06.944+0000] {logging_mixin.py:188} INFO - [2024-06-27T23:13:06.944+0000] {dag.py:3096} INFO - Sync 1 DAGs
[2024-06-27T23:13:06.953+0000] {logging_mixin.py:188} INFO - [2024-06-27T23:13:06.952+0000] {dag.py:3954} INFO - Setting next_dagrun for ecomm_data_pipeline to 2023-01-01 01:40:00+00:00, run_after=2023-01-01 01:50:00+00:00
[2024-06-27T23:13:06.960+0000] {processor.py:183} INFO - Processing /opt/airflow/dags/ecomm_dag.py took 0.039 seconds
[2024-06-27T23:13:37.132+0000] {processor.py:161} INFO - Started process (PID=523) to work on /opt/airflow/dags/ecomm_dag.py
[2024-06-27T23:13:37.132+0000] {processor.py:830} INFO - Processing file /opt/airflow/dags/ecomm_dag.py for tasks to queue
[2024-06-27T23:13:37.134+0000] {logging_mixin.py:188} INFO - [2024-06-27T23:13:37.134+0000] {dagbag.py:545} INFO - Filling up the DagBag from /opt/airflow/dags/ecomm_dag.py
[2024-06-27T23:13:37.143+0000] {processor.py:840} INFO - DAG(s) 'ecomm_data_pipeline' retrieved from /opt/airflow/dags/ecomm_dag.py
[2024-06-27T23:13:37.151+0000] {logging_mixin.py:188} INFO - [2024-06-27T23:13:37.151+0000] {dag.py:3096} INFO - Sync 1 DAGs
[2024-06-27T23:13:37.162+0000] {logging_mixin.py:188} INFO - [2024-06-27T23:13:37.162+0000] {dag.py:3954} INFO - Setting next_dagrun for ecomm_data_pipeline to 2023-01-01 03:10:00+00:00, run_after=2023-01-01 03:20:00+00:00
[2024-06-27T23:13:37.169+0000] {processor.py:183} INFO - Processing /opt/airflow/dags/ecomm_dag.py took 0.044 seconds
[2024-06-27T23:14:07.498+0000] {processor.py:161} INFO - Started process (PID=533) to work on /opt/airflow/dags/ecomm_dag.py
[2024-06-27T23:14:07.499+0000] {processor.py:830} INFO - Processing file /opt/airflow/dags/ecomm_dag.py for tasks to queue
[2024-06-27T23:14:07.501+0000] {logging_mixin.py:188} INFO - [2024-06-27T23:14:07.501+0000] {dagbag.py:545} INFO - Filling up the DagBag from /opt/airflow/dags/ecomm_dag.py
[2024-06-27T23:14:07.513+0000] {processor.py:840} INFO - DAG(s) 'ecomm_data_pipeline' retrieved from /opt/airflow/dags/ecomm_dag.py
[2024-06-27T23:14:07.566+0000] {logging_mixin.py:188} INFO - [2024-06-27T23:14:07.566+0000] {dag.py:3096} INFO - Sync 1 DAGs
[2024-06-27T23:14:07.574+0000] {logging_mixin.py:188} INFO - [2024-06-27T23:14:07.574+0000] {dag.py:3954} INFO - Setting next_dagrun for ecomm_data_pipeline to 2023-01-01 03:10:00+00:00, run_after=2023-01-01 03:20:00+00:00
[2024-06-27T23:14:07.580+0000] {processor.py:183} INFO - Processing /opt/airflow/dags/ecomm_dag.py took 0.091 seconds
[2024-06-27T23:14:37.808+0000] {processor.py:161} INFO - Started process (PID=543) to work on /opt/airflow/dags/ecomm_dag.py
[2024-06-27T23:14:37.809+0000] {processor.py:830} INFO - Processing file /opt/airflow/dags/ecomm_dag.py for tasks to queue
[2024-06-27T23:14:37.810+0000] {logging_mixin.py:188} INFO - [2024-06-27T23:14:37.810+0000] {dagbag.py:545} INFO - Filling up the DagBag from /opt/airflow/dags/ecomm_dag.py
[2024-06-27T23:14:37.821+0000] {processor.py:840} INFO - DAG(s) 'ecomm_data_pipeline' retrieved from /opt/airflow/dags/ecomm_dag.py
[2024-06-27T23:14:37.841+0000] {logging_mixin.py:188} INFO - [2024-06-27T23:14:37.841+0000] {dag.py:3096} INFO - Sync 1 DAGs
[2024-06-27T23:14:37.852+0000] {logging_mixin.py:188} INFO - [2024-06-27T23:14:37.852+0000] {dag.py:3954} INFO - Setting next_dagrun for ecomm_data_pipeline to 2023-01-01 03:10:00+00:00, run_after=2023-01-01 03:20:00+00:00
[2024-06-27T23:14:37.860+0000] {processor.py:183} INFO - Processing /opt/airflow/dags/ecomm_dag.py took 0.057 seconds
[2024-06-27T23:15:08.133+0000] {processor.py:161} INFO - Started process (PID=553) to work on /opt/airflow/dags/ecomm_dag.py
[2024-06-27T23:15:08.134+0000] {processor.py:830} INFO - Processing file /opt/airflow/dags/ecomm_dag.py for tasks to queue
[2024-06-27T23:15:08.135+0000] {logging_mixin.py:188} INFO - [2024-06-27T23:15:08.135+0000] {dagbag.py:545} INFO - Filling up the DagBag from /opt/airflow/dags/ecomm_dag.py
[2024-06-27T23:15:08.145+0000] {processor.py:840} INFO - DAG(s) 'ecomm_data_pipeline' retrieved from /opt/airflow/dags/ecomm_dag.py
[2024-06-27T23:15:08.161+0000] {logging_mixin.py:188} INFO - [2024-06-27T23:15:08.161+0000] {dag.py:3096} INFO - Sync 1 DAGs
[2024-06-27T23:15:08.170+0000] {logging_mixin.py:188} INFO - [2024-06-27T23:15:08.170+0000] {dag.py:3954} INFO - Setting next_dagrun for ecomm_data_pipeline to 2023-01-01 03:10:00+00:00, run_after=2023-01-01 03:20:00+00:00
[2024-06-27T23:15:08.176+0000] {processor.py:183} INFO - Processing /opt/airflow/dags/ecomm_dag.py took 0.049 seconds
[2024-06-27T23:15:38.440+0000] {processor.py:161} INFO - Started process (PID=563) to work on /opt/airflow/dags/ecomm_dag.py
[2024-06-27T23:15:38.440+0000] {processor.py:830} INFO - Processing file /opt/airflow/dags/ecomm_dag.py for tasks to queue
[2024-06-27T23:15:38.441+0000] {logging_mixin.py:188} INFO - [2024-06-27T23:15:38.441+0000] {dagbag.py:545} INFO - Filling up the DagBag from /opt/airflow/dags/ecomm_dag.py
[2024-06-27T23:15:38.446+0000] {processor.py:840} INFO - DAG(s) 'ecomm_data_pipeline' retrieved from /opt/airflow/dags/ecomm_dag.py
[2024-06-27T23:15:38.458+0000] {logging_mixin.py:188} INFO - [2024-06-27T23:15:38.458+0000] {dag.py:3096} INFO - Sync 1 DAGs
[2024-06-27T23:15:38.465+0000] {logging_mixin.py:188} INFO - [2024-06-27T23:15:38.465+0000] {dag.py:3954} INFO - Setting next_dagrun for ecomm_data_pipeline to 2023-01-01 03:10:00+00:00, run_after=2023-01-01 03:20:00+00:00
[2024-06-27T23:15:38.471+0000] {processor.py:183} INFO - Processing /opt/airflow/dags/ecomm_dag.py took 0.034 seconds
[2024-06-27T23:16:08.765+0000] {processor.py:161} INFO - Started process (PID=573) to work on /opt/airflow/dags/ecomm_dag.py
[2024-06-27T23:16:08.766+0000] {processor.py:830} INFO - Processing file /opt/airflow/dags/ecomm_dag.py for tasks to queue
[2024-06-27T23:16:08.767+0000] {logging_mixin.py:188} INFO - [2024-06-27T23:16:08.766+0000] {dagbag.py:545} INFO - Filling up the DagBag from /opt/airflow/dags/ecomm_dag.py
[2024-06-27T23:16:08.772+0000] {processor.py:840} INFO - DAG(s) 'ecomm_data_pipeline' retrieved from /opt/airflow/dags/ecomm_dag.py
[2024-06-27T23:16:08.785+0000] {logging_mixin.py:188} INFO - [2024-06-27T23:16:08.785+0000] {dag.py:3096} INFO - Sync 1 DAGs
[2024-06-27T23:16:08.793+0000] {logging_mixin.py:188} INFO - [2024-06-27T23:16:08.793+0000] {dag.py:3954} INFO - Setting next_dagrun for ecomm_data_pipeline to 2023-01-01 03:10:00+00:00, run_after=2023-01-01 03:20:00+00:00
[2024-06-27T23:16:08.800+0000] {processor.py:183} INFO - Processing /opt/airflow/dags/ecomm_dag.py took 0.036 seconds
[2024-06-27T23:16:39.114+0000] {processor.py:161} INFO - Started process (PID=575) to work on /opt/airflow/dags/ecomm_dag.py
[2024-06-27T23:16:39.115+0000] {processor.py:830} INFO - Processing file /opt/airflow/dags/ecomm_dag.py for tasks to queue
[2024-06-27T23:16:39.117+0000] {logging_mixin.py:188} INFO - [2024-06-27T23:16:39.116+0000] {dagbag.py:545} INFO - Filling up the DagBag from /opt/airflow/dags/ecomm_dag.py
[2024-06-27T23:16:39.125+0000] {processor.py:840} INFO - DAG(s) 'ecomm_data_pipeline' retrieved from /opt/airflow/dags/ecomm_dag.py
[2024-06-27T23:16:39.141+0000] {logging_mixin.py:188} INFO - [2024-06-27T23:16:39.141+0000] {dag.py:3096} INFO - Sync 1 DAGs
[2024-06-27T23:16:39.150+0000] {logging_mixin.py:188} INFO - [2024-06-27T23:16:39.150+0000] {dag.py:3954} INFO - Setting next_dagrun for ecomm_data_pipeline to 2023-01-01 03:10:00+00:00, run_after=2023-01-01 03:20:00+00:00
[2024-06-27T23:16:39.158+0000] {processor.py:183} INFO - Processing /opt/airflow/dags/ecomm_dag.py took 0.049 seconds
[2024-06-27T23:17:09.460+0000] {processor.py:161} INFO - Started process (PID=585) to work on /opt/airflow/dags/ecomm_dag.py
[2024-06-27T23:17:09.460+0000] {processor.py:830} INFO - Processing file /opt/airflow/dags/ecomm_dag.py for tasks to queue
[2024-06-27T23:17:09.461+0000] {logging_mixin.py:188} INFO - [2024-06-27T23:17:09.461+0000] {dagbag.py:545} INFO - Filling up the DagBag from /opt/airflow/dags/ecomm_dag.py
[2024-06-27T23:17:09.466+0000] {processor.py:840} INFO - DAG(s) 'ecomm_data_pipeline' retrieved from /opt/airflow/dags/ecomm_dag.py
[2024-06-27T23:17:09.478+0000] {logging_mixin.py:188} INFO - [2024-06-27T23:17:09.478+0000] {dag.py:3096} INFO - Sync 1 DAGs
[2024-06-27T23:17:09.485+0000] {logging_mixin.py:188} INFO - [2024-06-27T23:17:09.485+0000] {dag.py:3954} INFO - Setting next_dagrun for ecomm_data_pipeline to 2023-01-01 03:10:00+00:00, run_after=2023-01-01 03:20:00+00:00
[2024-06-27T23:17:09.491+0000] {processor.py:183} INFO - Processing /opt/airflow/dags/ecomm_dag.py took 0.034 seconds
[2024-06-27T23:17:39.815+0000] {processor.py:161} INFO - Started process (PID=595) to work on /opt/airflow/dags/ecomm_dag.py
[2024-06-27T23:17:39.815+0000] {processor.py:830} INFO - Processing file /opt/airflow/dags/ecomm_dag.py for tasks to queue
[2024-06-27T23:17:39.817+0000] {logging_mixin.py:188} INFO - [2024-06-27T23:17:39.816+0000] {dagbag.py:545} INFO - Filling up the DagBag from /opt/airflow/dags/ecomm_dag.py
[2024-06-27T23:17:39.825+0000] {processor.py:840} INFO - DAG(s) 'ecomm_data_pipeline' retrieved from /opt/airflow/dags/ecomm_dag.py
[2024-06-27T23:17:39.845+0000] {logging_mixin.py:188} INFO - [2024-06-27T23:17:39.845+0000] {dag.py:3096} INFO - Sync 1 DAGs
[2024-06-27T23:17:39.857+0000] {logging_mixin.py:188} INFO - [2024-06-27T23:17:39.857+0000] {dag.py:3954} INFO - Setting next_dagrun for ecomm_data_pipeline to 2023-01-01 03:10:00+00:00, run_after=2023-01-01 03:20:00+00:00
[2024-06-27T23:17:39.865+0000] {processor.py:183} INFO - Processing /opt/airflow/dags/ecomm_dag.py took 0.055 seconds
[2024-06-27T23:18:30.304+0000] {processor.py:161} INFO - Started process (PID=28) to work on /opt/airflow/dags/ecomm_dag.py
[2024-06-27T23:18:30.305+0000] {processor.py:830} INFO - Processing file /opt/airflow/dags/ecomm_dag.py for tasks to queue
[2024-06-27T23:18:30.306+0000] {logging_mixin.py:188} INFO - [2024-06-27T23:18:30.306+0000] {dagbag.py:545} INFO - Filling up the DagBag from /opt/airflow/dags/ecomm_dag.py
[2024-06-27T23:18:30.321+0000] {processor.py:840} INFO - DAG(s) 'ecomm_data_pipeline' retrieved from /opt/airflow/dags/ecomm_dag.py
[2024-06-27T23:18:30.425+0000] {logging_mixin.py:188} INFO - [2024-06-27T23:18:30.425+0000] {override.py:1829} INFO - Created Permission View: can delete on DAG:ecomm_data_pipeline
[2024-06-27T23:18:30.427+0000] {logging_mixin.py:188} INFO - [2024-06-27T23:18:30.427+0000] {override.py:1829} INFO - Created Permission View: can edit on DAG:ecomm_data_pipeline
[2024-06-27T23:18:30.428+0000] {logging_mixin.py:188} INFO - [2024-06-27T23:18:30.428+0000] {override.py:1829} INFO - Created Permission View: can read on DAG:ecomm_data_pipeline
[2024-06-27T23:18:30.429+0000] {logging_mixin.py:188} INFO - [2024-06-27T23:18:30.429+0000] {dag.py:3096} INFO - Sync 1 DAGs
[2024-06-27T23:18:30.433+0000] {logging_mixin.py:188} INFO - [2024-06-27T23:18:30.432+0000] {dag.py:3118} INFO - Creating ORM DAG for ecomm_data_pipeline
[2024-06-27T23:18:30.436+0000] {logging_mixin.py:188} INFO - [2024-06-27T23:18:30.436+0000] {dag.py:3954} INFO - Setting next_dagrun for ecomm_data_pipeline to 2023-01-01 00:00:00+00:00, run_after=2023-01-01 00:10:00+00:00
[2024-06-27T23:18:30.441+0000] {processor.py:183} INFO - Processing /opt/airflow/dags/ecomm_dag.py took 0.140 seconds
[2024-06-27T23:19:00.617+0000] {processor.py:161} INFO - Started process (PID=281) to work on /opt/airflow/dags/ecomm_dag.py
[2024-06-27T23:19:00.617+0000] {processor.py:830} INFO - Processing file /opt/airflow/dags/ecomm_dag.py for tasks to queue
[2024-06-27T23:19:00.618+0000] {logging_mixin.py:188} INFO - [2024-06-27T23:19:00.618+0000] {dagbag.py:545} INFO - Filling up the DagBag from /opt/airflow/dags/ecomm_dag.py
[2024-06-27T23:19:00.624+0000] {processor.py:840} INFO - DAG(s) 'ecomm_data_pipeline' retrieved from /opt/airflow/dags/ecomm_dag.py
[2024-06-27T23:19:00.637+0000] {logging_mixin.py:188} INFO - [2024-06-27T23:19:00.637+0000] {dag.py:3096} INFO - Sync 1 DAGs
[2024-06-27T23:19:00.647+0000] {logging_mixin.py:188} INFO - [2024-06-27T23:19:00.647+0000] {dag.py:3954} INFO - Setting next_dagrun for ecomm_data_pipeline to 2023-01-01 01:30:00+00:00, run_after=2023-01-01 01:40:00+00:00
[2024-06-27T23:19:00.655+0000] {processor.py:183} INFO - Processing /opt/airflow/dags/ecomm_dag.py took 0.040 seconds
