[2024-06-27T22:32:46.252+0000] {processor.py:161} INFO - Started process (PID=29) to work on /opt/airflow/dags/example_dag.py
[2024-06-27T22:32:46.253+0000] {processor.py:830} INFO - Processing file /opt/airflow/dags/example_dag.py for tasks to queue
[2024-06-27T22:32:46.254+0000] {logging_mixin.py:188} INFO - [2024-06-27T22:32:46.254+0000] {dagbag.py:545} INFO - Filling up the DagBag from /opt/airflow/dags/example_dag.py
[2024-06-27T22:32:46.269+0000] {processor.py:840} INFO - DAG(s) 'example_dag' retrieved from /opt/airflow/dags/example_dag.py
[2024-06-27T22:32:46.370+0000] {logging_mixin.py:188} INFO - [2024-06-27T22:32:46.370+0000] {override.py:1677} ERROR - Add Permission: (psycopg2.errors.UniqueViolation) duplicate key value violates unique constraint "ab_permission_name_uq"
DETAIL:  Key (name)=(can_edit) already exists.

[SQL: INSERT INTO ab_permission (name) VALUES (%(name)s) RETURNING ab_permission.id]
[parameters: {'name': 'can_edit'}]
(Background on this error at: https://sqlalche.me/e/14/gkpj)
[2024-06-27T22:32:46.372+0000] {logging_mixin.py:188} INFO - [2024-06-27T22:32:46.372+0000] {override.py:1829} INFO - Created Permission View: None on DAG:example_dag
[2024-06-27T22:32:46.373+0000] {logging_mixin.py:188} INFO - [2024-06-27T22:32:46.373+0000] {override.py:1829} INFO - Created Permission View: can read on DAG:example_dag
[2024-06-27T22:32:46.374+0000] {logging_mixin.py:188} INFO - [2024-06-27T22:32:46.374+0000] {override.py:1829} INFO - Created Permission View: can delete on DAG:example_dag
[2024-06-27T22:32:46.375+0000] {logging_mixin.py:188} INFO - [2024-06-27T22:32:46.375+0000] {dag.py:3096} INFO - Sync 1 DAGs
[2024-06-27T22:32:46.379+0000] {logging_mixin.py:188} INFO - [2024-06-27T22:32:46.379+0000] {dag.py:3118} INFO - Creating ORM DAG for example_dag
[2024-06-27T22:32:46.382+0000] {logging_mixin.py:188} INFO - [2024-06-27T22:32:46.382+0000] {dag.py:3954} INFO - Setting next_dagrun for example_dag to 2023-01-01 00:00:00+00:00, run_after=2023-01-01 00:10:00+00:00
[2024-06-27T22:32:46.388+0000] {processor.py:183} INFO - Processing /opt/airflow/dags/example_dag.py took 0.138 seconds
[2024-06-27T22:33:16.442+0000] {processor.py:161} INFO - Started process (PID=294) to work on /opt/airflow/dags/example_dag.py
[2024-06-27T22:33:16.442+0000] {processor.py:830} INFO - Processing file /opt/airflow/dags/example_dag.py for tasks to queue
[2024-06-27T22:33:16.443+0000] {logging_mixin.py:188} INFO - [2024-06-27T22:33:16.443+0000] {dagbag.py:545} INFO - Filling up the DagBag from /opt/airflow/dags/example_dag.py
[2024-06-27T22:33:16.449+0000] {processor.py:840} INFO - DAG(s) 'example_dag' retrieved from /opt/airflow/dags/example_dag.py
[2024-06-27T22:33:16.463+0000] {logging_mixin.py:188} INFO - [2024-06-27T22:33:16.463+0000] {dag.py:3096} INFO - Sync 1 DAGs
[2024-06-27T22:33:16.473+0000] {logging_mixin.py:188} INFO - [2024-06-27T22:33:16.473+0000] {dag.py:3954} INFO - Setting next_dagrun for example_dag to 2023-01-01 01:40:00+00:00, run_after=2023-01-01 01:50:00+00:00
[2024-06-27T22:33:16.480+0000] {processor.py:183} INFO - Processing /opt/airflow/dags/example_dag.py took 0.040 seconds
[2024-06-27T22:33:46.631+0000] {processor.py:161} INFO - Started process (PID=537) to work on /opt/airflow/dags/example_dag.py
[2024-06-27T22:33:46.631+0000] {processor.py:830} INFO - Processing file /opt/airflow/dags/example_dag.py for tasks to queue
[2024-06-27T22:33:46.632+0000] {logging_mixin.py:188} INFO - [2024-06-27T22:33:46.632+0000] {dagbag.py:545} INFO - Filling up the DagBag from /opt/airflow/dags/example_dag.py
[2024-06-27T22:33:46.639+0000] {processor.py:840} INFO - DAG(s) 'example_dag' retrieved from /opt/airflow/dags/example_dag.py
[2024-06-27T22:33:46.645+0000] {logging_mixin.py:188} INFO - [2024-06-27T22:33:46.645+0000] {dag.py:3096} INFO - Sync 1 DAGs
[2024-06-27T22:33:46.654+0000] {logging_mixin.py:188} INFO - [2024-06-27T22:33:46.654+0000] {dag.py:3954} INFO - Setting next_dagrun for example_dag to 2023-01-01 02:50:00+00:00, run_after=2023-01-01 03:00:00+00:00
[2024-06-27T22:33:46.660+0000] {processor.py:183} INFO - Processing /opt/airflow/dags/example_dag.py took 0.032 seconds
[2024-06-27T22:34:16.850+0000] {processor.py:161} INFO - Started process (PID=771) to work on /opt/airflow/dags/example_dag.py
[2024-06-27T22:34:16.851+0000] {processor.py:830} INFO - Processing file /opt/airflow/dags/example_dag.py for tasks to queue
[2024-06-27T22:34:16.852+0000] {logging_mixin.py:188} INFO - [2024-06-27T22:34:16.852+0000] {dagbag.py:545} INFO - Filling up the DagBag from /opt/airflow/dags/example_dag.py
[2024-06-27T22:34:16.859+0000] {processor.py:840} INFO - DAG(s) 'example_dag' retrieved from /opt/airflow/dags/example_dag.py
[2024-06-27T22:34:16.913+0000] {logging_mixin.py:188} INFO - [2024-06-27T22:34:16.912+0000] {dag.py:3096} INFO - Sync 1 DAGs
[2024-06-27T22:34:16.931+0000] {logging_mixin.py:188} INFO - [2024-06-27T22:34:16.931+0000] {dag.py:3954} INFO - Setting next_dagrun for example_dag to 2023-01-01 02:50:00+00:00, run_after=2023-01-01 03:00:00+00:00
[2024-06-27T22:34:16.941+0000] {processor.py:183} INFO - Processing /opt/airflow/dags/example_dag.py took 0.094 seconds
[2024-06-27T22:34:47.179+0000] {processor.py:161} INFO - Started process (PID=1005) to work on /opt/airflow/dags/example_dag.py
[2024-06-27T22:34:47.180+0000] {processor.py:830} INFO - Processing file /opt/airflow/dags/example_dag.py for tasks to queue
[2024-06-27T22:34:47.186+0000] {logging_mixin.py:188} INFO - [2024-06-27T22:34:47.186+0000] {dagbag.py:545} INFO - Filling up the DagBag from /opt/airflow/dags/example_dag.py
[2024-06-27T22:34:47.197+0000] {processor.py:840} INFO - DAG(s) 'example_dag' retrieved from /opt/airflow/dags/example_dag.py
[2024-06-27T22:34:47.220+0000] {logging_mixin.py:188} INFO - [2024-06-27T22:34:47.220+0000] {dag.py:3096} INFO - Sync 1 DAGs
[2024-06-27T22:34:47.236+0000] {logging_mixin.py:188} INFO - [2024-06-27T22:34:47.236+0000] {dag.py:3954} INFO - Setting next_dagrun for example_dag to 2023-01-01 02:50:00+00:00, run_after=2023-01-01 03:00:00+00:00
[2024-06-27T22:34:47.256+0000] {processor.py:183} INFO - Processing /opt/airflow/dags/example_dag.py took 0.079 seconds
[2024-06-27T22:35:17.469+0000] {processor.py:161} INFO - Started process (PID=1252) to work on /opt/airflow/dags/example_dag.py
[2024-06-27T22:35:17.469+0000] {processor.py:830} INFO - Processing file /opt/airflow/dags/example_dag.py for tasks to queue
[2024-06-27T22:35:17.470+0000] {logging_mixin.py:188} INFO - [2024-06-27T22:35:17.470+0000] {dagbag.py:545} INFO - Filling up the DagBag from /opt/airflow/dags/example_dag.py
[2024-06-27T22:35:17.475+0000] {processor.py:840} INFO - DAG(s) 'example_dag' retrieved from /opt/airflow/dags/example_dag.py
[2024-06-27T22:35:17.488+0000] {logging_mixin.py:188} INFO - [2024-06-27T22:35:17.488+0000] {dag.py:3096} INFO - Sync 1 DAGs
[2024-06-27T22:35:17.496+0000] {logging_mixin.py:188} INFO - [2024-06-27T22:35:17.496+0000] {dag.py:3954} INFO - Setting next_dagrun for example_dag to 2023-01-01 02:50:00+00:00, run_after=2023-01-01 03:00:00+00:00
[2024-06-27T22:35:17.502+0000] {processor.py:183} INFO - Processing /opt/airflow/dags/example_dag.py took 0.036 seconds
[2024-06-27T22:35:47.694+0000] {processor.py:161} INFO - Started process (PID=1486) to work on /opt/airflow/dags/example_dag.py
[2024-06-27T22:35:47.695+0000] {processor.py:830} INFO - Processing file /opt/airflow/dags/example_dag.py for tasks to queue
[2024-06-27T22:35:47.696+0000] {logging_mixin.py:188} INFO - [2024-06-27T22:35:47.695+0000] {dagbag.py:545} INFO - Filling up the DagBag from /opt/airflow/dags/example_dag.py
[2024-06-27T22:35:47.702+0000] {processor.py:840} INFO - DAG(s) 'example_dag' retrieved from /opt/airflow/dags/example_dag.py
[2024-06-27T22:35:47.718+0000] {logging_mixin.py:188} INFO - [2024-06-27T22:35:47.718+0000] {dag.py:3096} INFO - Sync 1 DAGs
[2024-06-27T22:35:47.729+0000] {logging_mixin.py:188} INFO - [2024-06-27T22:35:47.729+0000] {dag.py:3954} INFO - Setting next_dagrun for example_dag to 2023-01-01 02:50:00+00:00, run_after=2023-01-01 03:00:00+00:00
[2024-06-27T22:35:47.737+0000] {processor.py:183} INFO - Processing /opt/airflow/dags/example_dag.py took 0.045 seconds
[2024-06-27T22:36:17.908+0000] {processor.py:161} INFO - Started process (PID=1712) to work on /opt/airflow/dags/example_dag.py
[2024-06-27T22:36:17.909+0000] {processor.py:830} INFO - Processing file /opt/airflow/dags/example_dag.py for tasks to queue
[2024-06-27T22:36:17.909+0000] {logging_mixin.py:188} INFO - [2024-06-27T22:36:17.909+0000] {dagbag.py:545} INFO - Filling up the DagBag from /opt/airflow/dags/example_dag.py
[2024-06-27T22:36:17.915+0000] {processor.py:840} INFO - DAG(s) 'example_dag' retrieved from /opt/airflow/dags/example_dag.py
[2024-06-27T22:36:17.926+0000] {logging_mixin.py:188} INFO - [2024-06-27T22:36:17.926+0000] {dag.py:3096} INFO - Sync 1 DAGs
[2024-06-27T22:36:17.934+0000] {logging_mixin.py:188} INFO - [2024-06-27T22:36:17.934+0000] {dag.py:3954} INFO - Setting next_dagrun for example_dag to 2023-01-01 02:50:00+00:00, run_after=2023-01-01 03:00:00+00:00
[2024-06-27T22:36:17.940+0000] {processor.py:183} INFO - Processing /opt/airflow/dags/example_dag.py took 0.035 seconds
[2024-06-27T22:36:48.141+0000] {processor.py:161} INFO - Started process (PID=1946) to work on /opt/airflow/dags/example_dag.py
[2024-06-27T22:36:48.142+0000] {processor.py:830} INFO - Processing file /opt/airflow/dags/example_dag.py for tasks to queue
[2024-06-27T22:36:48.143+0000] {logging_mixin.py:188} INFO - [2024-06-27T22:36:48.143+0000] {dagbag.py:545} INFO - Filling up the DagBag from /opt/airflow/dags/example_dag.py
[2024-06-27T22:36:48.150+0000] {processor.py:840} INFO - DAG(s) 'example_dag' retrieved from /opt/airflow/dags/example_dag.py
[2024-06-27T22:36:48.165+0000] {logging_mixin.py:188} INFO - [2024-06-27T22:36:48.164+0000] {dag.py:3096} INFO - Sync 1 DAGs
[2024-06-27T22:36:48.175+0000] {logging_mixin.py:188} INFO - [2024-06-27T22:36:48.175+0000] {dag.py:3954} INFO - Setting next_dagrun for example_dag to 2023-01-01 02:50:00+00:00, run_after=2023-01-01 03:00:00+00:00
[2024-06-27T22:36:48.183+0000] {processor.py:183} INFO - Processing /opt/airflow/dags/example_dag.py took 0.045 seconds
[2024-06-27T22:37:18.363+0000] {processor.py:161} INFO - Started process (PID=2166) to work on /opt/airflow/dags/example_dag.py
[2024-06-27T22:37:18.364+0000] {processor.py:830} INFO - Processing file /opt/airflow/dags/example_dag.py for tasks to queue
[2024-06-27T22:37:18.365+0000] {logging_mixin.py:188} INFO - [2024-06-27T22:37:18.365+0000] {dagbag.py:545} INFO - Filling up the DagBag from /opt/airflow/dags/example_dag.py
[2024-06-27T22:37:18.375+0000] {processor.py:840} INFO - DAG(s) 'example_dag' retrieved from /opt/airflow/dags/example_dag.py
[2024-06-27T22:37:18.393+0000] {logging_mixin.py:188} INFO - [2024-06-27T22:37:18.393+0000] {dag.py:3096} INFO - Sync 1 DAGs
[2024-06-27T22:37:18.403+0000] {logging_mixin.py:188} INFO - [2024-06-27T22:37:18.403+0000] {dag.py:3954} INFO - Setting next_dagrun for example_dag to 2023-01-01 02:50:00+00:00, run_after=2023-01-01 03:00:00+00:00
[2024-06-27T22:37:18.410+0000] {processor.py:183} INFO - Processing /opt/airflow/dags/example_dag.py took 0.053 seconds
[2024-06-27T22:37:48.691+0000] {processor.py:161} INFO - Started process (PID=2176) to work on /opt/airflow/dags/example_dag.py
[2024-06-27T22:37:48.692+0000] {processor.py:830} INFO - Processing file /opt/airflow/dags/example_dag.py for tasks to queue
[2024-06-27T22:37:48.693+0000] {logging_mixin.py:188} INFO - [2024-06-27T22:37:48.693+0000] {dagbag.py:545} INFO - Filling up the DagBag from /opt/airflow/dags/example_dag.py
[2024-06-27T22:37:48.705+0000] {processor.py:840} INFO - DAG(s) 'example_dag' retrieved from /opt/airflow/dags/example_dag.py
[2024-06-27T22:37:48.722+0000] {logging_mixin.py:188} INFO - [2024-06-27T22:37:48.722+0000] {dag.py:3096} INFO - Sync 1 DAGs
[2024-06-27T22:37:48.732+0000] {logging_mixin.py:188} INFO - [2024-06-27T22:37:48.732+0000] {dag.py:3954} INFO - Setting next_dagrun for example_dag to 2023-01-01 02:50:00+00:00, run_after=2023-01-01 03:00:00+00:00
[2024-06-27T22:37:48.740+0000] {processor.py:183} INFO - Processing /opt/airflow/dags/example_dag.py took 0.055 seconds
[2024-06-27T22:38:18.976+0000] {processor.py:161} INFO - Started process (PID=2186) to work on /opt/airflow/dags/example_dag.py
[2024-06-27T22:38:18.976+0000] {processor.py:830} INFO - Processing file /opt/airflow/dags/example_dag.py for tasks to queue
[2024-06-27T22:38:18.977+0000] {logging_mixin.py:188} INFO - [2024-06-27T22:38:18.977+0000] {dagbag.py:545} INFO - Filling up the DagBag from /opt/airflow/dags/example_dag.py
[2024-06-27T22:38:18.987+0000] {processor.py:840} INFO - DAG(s) 'example_dag' retrieved from /opt/airflow/dags/example_dag.py
[2024-06-27T22:38:19.003+0000] {logging_mixin.py:188} INFO - [2024-06-27T22:38:19.003+0000] {dag.py:3096} INFO - Sync 1 DAGs
[2024-06-27T22:38:19.012+0000] {logging_mixin.py:188} INFO - [2024-06-27T22:38:19.012+0000] {dag.py:3954} INFO - Setting next_dagrun for example_dag to 2023-01-01 02:50:00+00:00, run_after=2023-01-01 03:00:00+00:00
[2024-06-27T22:38:19.019+0000] {processor.py:183} INFO - Processing /opt/airflow/dags/example_dag.py took 0.047 seconds
[2024-06-27T22:38:49.303+0000] {processor.py:161} INFO - Started process (PID=2196) to work on /opt/airflow/dags/example_dag.py
[2024-06-27T22:38:49.304+0000] {processor.py:830} INFO - Processing file /opt/airflow/dags/example_dag.py for tasks to queue
[2024-06-27T22:38:49.305+0000] {logging_mixin.py:188} INFO - [2024-06-27T22:38:49.305+0000] {dagbag.py:545} INFO - Filling up the DagBag from /opt/airflow/dags/example_dag.py
[2024-06-27T22:38:49.315+0000] {processor.py:840} INFO - DAG(s) 'example_dag' retrieved from /opt/airflow/dags/example_dag.py
[2024-06-27T22:38:49.332+0000] {logging_mixin.py:188} INFO - [2024-06-27T22:38:49.332+0000] {dag.py:3096} INFO - Sync 1 DAGs
[2024-06-27T22:38:49.342+0000] {logging_mixin.py:188} INFO - [2024-06-27T22:38:49.342+0000] {dag.py:3954} INFO - Setting next_dagrun for example_dag to 2023-01-01 02:50:00+00:00, run_after=2023-01-01 03:00:00+00:00
[2024-06-27T22:38:49.349+0000] {processor.py:183} INFO - Processing /opt/airflow/dags/example_dag.py took 0.052 seconds
[2024-06-27T22:39:19.619+0000] {processor.py:161} INFO - Started process (PID=2206) to work on /opt/airflow/dags/example_dag.py
[2024-06-27T22:39:19.620+0000] {processor.py:830} INFO - Processing file /opt/airflow/dags/example_dag.py for tasks to queue
[2024-06-27T22:39:19.621+0000] {logging_mixin.py:188} INFO - [2024-06-27T22:39:19.620+0000] {dagbag.py:545} INFO - Filling up the DagBag from /opt/airflow/dags/example_dag.py
[2024-06-27T22:39:19.627+0000] {processor.py:840} INFO - DAG(s) 'example_dag' retrieved from /opt/airflow/dags/example_dag.py
[2024-06-27T22:39:19.642+0000] {logging_mixin.py:188} INFO - [2024-06-27T22:39:19.642+0000] {dag.py:3096} INFO - Sync 1 DAGs
[2024-06-27T22:39:19.651+0000] {logging_mixin.py:188} INFO - [2024-06-27T22:39:19.651+0000] {dag.py:3954} INFO - Setting next_dagrun for example_dag to 2023-01-01 02:50:00+00:00, run_after=2023-01-01 03:00:00+00:00
[2024-06-27T22:39:19.659+0000] {processor.py:183} INFO - Processing /opt/airflow/dags/example_dag.py took 0.045 seconds
[2024-06-27T22:39:49.905+0000] {processor.py:161} INFO - Started process (PID=2216) to work on /opt/airflow/dags/example_dag.py
[2024-06-27T22:39:49.906+0000] {processor.py:830} INFO - Processing file /opt/airflow/dags/example_dag.py for tasks to queue
[2024-06-27T22:39:49.908+0000] {logging_mixin.py:188} INFO - [2024-06-27T22:39:49.907+0000] {dagbag.py:545} INFO - Filling up the DagBag from /opt/airflow/dags/example_dag.py
[2024-06-27T22:39:49.917+0000] {processor.py:840} INFO - DAG(s) 'example_dag' retrieved from /opt/airflow/dags/example_dag.py
[2024-06-27T22:39:49.934+0000] {logging_mixin.py:188} INFO - [2024-06-27T22:39:49.934+0000] {dag.py:3096} INFO - Sync 1 DAGs
[2024-06-27T22:39:49.944+0000] {logging_mixin.py:188} INFO - [2024-06-27T22:39:49.944+0000] {dag.py:3954} INFO - Setting next_dagrun for example_dag to 2023-01-01 02:50:00+00:00, run_after=2023-01-01 03:00:00+00:00
[2024-06-27T22:39:49.951+0000] {processor.py:183} INFO - Processing /opt/airflow/dags/example_dag.py took 0.052 seconds
[2024-06-27T22:40:20.205+0000] {processor.py:161} INFO - Started process (PID=2226) to work on /opt/airflow/dags/example_dag.py
[2024-06-27T22:40:20.206+0000] {processor.py:830} INFO - Processing file /opt/airflow/dags/example_dag.py for tasks to queue
[2024-06-27T22:40:20.207+0000] {logging_mixin.py:188} INFO - [2024-06-27T22:40:20.207+0000] {dagbag.py:545} INFO - Filling up the DagBag from /opt/airflow/dags/example_dag.py
[2024-06-27T22:40:20.216+0000] {processor.py:840} INFO - DAG(s) 'example_dag' retrieved from /opt/airflow/dags/example_dag.py
[2024-06-27T22:40:20.232+0000] {logging_mixin.py:188} INFO - [2024-06-27T22:40:20.232+0000] {dag.py:3096} INFO - Sync 1 DAGs
[2024-06-27T22:40:20.241+0000] {logging_mixin.py:188} INFO - [2024-06-27T22:40:20.241+0000] {dag.py:3954} INFO - Setting next_dagrun for example_dag to 2023-01-01 02:50:00+00:00, run_after=2023-01-01 03:00:00+00:00
[2024-06-27T22:40:20.248+0000] {processor.py:183} INFO - Processing /opt/airflow/dags/example_dag.py took 0.047 seconds
[2024-06-27T22:40:50.551+0000] {processor.py:161} INFO - Started process (PID=2237) to work on /opt/airflow/dags/example_dag.py
[2024-06-27T22:40:50.552+0000] {processor.py:830} INFO - Processing file /opt/airflow/dags/example_dag.py for tasks to queue
[2024-06-27T22:40:50.553+0000] {logging_mixin.py:188} INFO - [2024-06-27T22:40:50.553+0000] {dagbag.py:545} INFO - Filling up the DagBag from /opt/airflow/dags/example_dag.py
[2024-06-27T22:40:50.562+0000] {processor.py:840} INFO - DAG(s) 'example_dag' retrieved from /opt/airflow/dags/example_dag.py
[2024-06-27T22:40:50.578+0000] {logging_mixin.py:188} INFO - [2024-06-27T22:40:50.578+0000] {dag.py:3096} INFO - Sync 1 DAGs
[2024-06-27T22:40:50.587+0000] {logging_mixin.py:188} INFO - [2024-06-27T22:40:50.587+0000] {dag.py:3954} INFO - Setting next_dagrun for example_dag to 2023-01-01 02:50:00+00:00, run_after=2023-01-01 03:00:00+00:00
[2024-06-27T22:40:50.593+0000] {processor.py:183} INFO - Processing /opt/airflow/dags/example_dag.py took 0.046 seconds
[2024-06-27T22:41:20.909+0000] {processor.py:161} INFO - Started process (PID=2247) to work on /opt/airflow/dags/example_dag.py
[2024-06-27T22:41:20.910+0000] {processor.py:830} INFO - Processing file /opt/airflow/dags/example_dag.py for tasks to queue
[2024-06-27T22:41:20.912+0000] {logging_mixin.py:188} INFO - [2024-06-27T22:41:20.911+0000] {dagbag.py:545} INFO - Filling up the DagBag from /opt/airflow/dags/example_dag.py
[2024-06-27T22:41:20.921+0000] {processor.py:840} INFO - DAG(s) 'example_dag' retrieved from /opt/airflow/dags/example_dag.py
[2024-06-27T22:41:20.939+0000] {logging_mixin.py:188} INFO - [2024-06-27T22:41:20.939+0000] {dag.py:3096} INFO - Sync 1 DAGs
[2024-06-27T22:41:20.948+0000] {logging_mixin.py:188} INFO - [2024-06-27T22:41:20.948+0000] {dag.py:3954} INFO - Setting next_dagrun for example_dag to 2023-01-01 02:50:00+00:00, run_after=2023-01-01 03:00:00+00:00
[2024-06-27T22:41:20.956+0000] {processor.py:183} INFO - Processing /opt/airflow/dags/example_dag.py took 0.053 seconds
[2024-06-27T22:41:51.234+0000] {processor.py:161} INFO - Started process (PID=2257) to work on /opt/airflow/dags/example_dag.py
[2024-06-27T22:41:51.235+0000] {processor.py:830} INFO - Processing file /opt/airflow/dags/example_dag.py for tasks to queue
[2024-06-27T22:41:51.236+0000] {logging_mixin.py:188} INFO - [2024-06-27T22:41:51.236+0000] {dagbag.py:545} INFO - Filling up the DagBag from /opt/airflow/dags/example_dag.py
[2024-06-27T22:41:51.243+0000] {processor.py:840} INFO - DAG(s) 'example_dag' retrieved from /opt/airflow/dags/example_dag.py
[2024-06-27T22:41:51.257+0000] {logging_mixin.py:188} INFO - [2024-06-27T22:41:51.257+0000] {dag.py:3096} INFO - Sync 1 DAGs
[2024-06-27T22:41:51.265+0000] {logging_mixin.py:188} INFO - [2024-06-27T22:41:51.265+0000] {dag.py:3954} INFO - Setting next_dagrun for example_dag to 2023-01-01 02:50:00+00:00, run_after=2023-01-01 03:00:00+00:00
[2024-06-27T22:41:51.273+0000] {processor.py:183} INFO - Processing /opt/airflow/dags/example_dag.py took 0.041 seconds
[2024-06-27T22:42:21.582+0000] {processor.py:161} INFO - Started process (PID=2267) to work on /opt/airflow/dags/example_dag.py
[2024-06-27T22:42:21.583+0000] {processor.py:830} INFO - Processing file /opt/airflow/dags/example_dag.py for tasks to queue
[2024-06-27T22:42:21.585+0000] {logging_mixin.py:188} INFO - [2024-06-27T22:42:21.584+0000] {dagbag.py:545} INFO - Filling up the DagBag from /opt/airflow/dags/example_dag.py
[2024-06-27T22:42:21.593+0000] {processor.py:840} INFO - DAG(s) 'example_dag' retrieved from /opt/airflow/dags/example_dag.py
[2024-06-27T22:42:21.609+0000] {logging_mixin.py:188} INFO - [2024-06-27T22:42:21.609+0000] {dag.py:3096} INFO - Sync 1 DAGs
[2024-06-27T22:42:21.618+0000] {logging_mixin.py:188} INFO - [2024-06-27T22:42:21.618+0000] {dag.py:3954} INFO - Setting next_dagrun for example_dag to 2023-01-01 02:50:00+00:00, run_after=2023-01-01 03:00:00+00:00
[2024-06-27T22:42:21.625+0000] {processor.py:183} INFO - Processing /opt/airflow/dags/example_dag.py took 0.047 seconds
[2024-06-27T22:42:51.966+0000] {processor.py:161} INFO - Started process (PID=2277) to work on /opt/airflow/dags/example_dag.py
[2024-06-27T22:42:51.966+0000] {processor.py:830} INFO - Processing file /opt/airflow/dags/example_dag.py for tasks to queue
[2024-06-27T22:42:51.967+0000] {logging_mixin.py:188} INFO - [2024-06-27T22:42:51.967+0000] {dagbag.py:545} INFO - Filling up the DagBag from /opt/airflow/dags/example_dag.py
[2024-06-27T22:42:51.977+0000] {processor.py:840} INFO - DAG(s) 'example_dag' retrieved from /opt/airflow/dags/example_dag.py
[2024-06-27T22:42:51.996+0000] {logging_mixin.py:188} INFO - [2024-06-27T22:42:51.996+0000] {dag.py:3096} INFO - Sync 1 DAGs
[2024-06-27T22:42:52.005+0000] {logging_mixin.py:188} INFO - [2024-06-27T22:42:52.005+0000] {dag.py:3954} INFO - Setting next_dagrun for example_dag to 2023-01-01 02:50:00+00:00, run_after=2023-01-01 03:00:00+00:00
[2024-06-27T22:42:52.013+0000] {processor.py:183} INFO - Processing /opt/airflow/dags/example_dag.py took 0.053 seconds
[2024-06-27T22:43:22.370+0000] {processor.py:161} INFO - Started process (PID=2287) to work on /opt/airflow/dags/example_dag.py
[2024-06-27T22:43:22.370+0000] {processor.py:830} INFO - Processing file /opt/airflow/dags/example_dag.py for tasks to queue
[2024-06-27T22:43:22.372+0000] {logging_mixin.py:188} INFO - [2024-06-27T22:43:22.372+0000] {dagbag.py:545} INFO - Filling up the DagBag from /opt/airflow/dags/example_dag.py
[2024-06-27T22:43:22.383+0000] {processor.py:840} INFO - DAG(s) 'example_dag' retrieved from /opt/airflow/dags/example_dag.py
[2024-06-27T22:43:22.402+0000] {logging_mixin.py:188} INFO - [2024-06-27T22:43:22.402+0000] {dag.py:3096} INFO - Sync 1 DAGs
[2024-06-27T22:43:22.412+0000] {logging_mixin.py:188} INFO - [2024-06-27T22:43:22.412+0000] {dag.py:3954} INFO - Setting next_dagrun for example_dag to 2023-01-01 02:50:00+00:00, run_after=2023-01-01 03:00:00+00:00
[2024-06-27T22:43:22.419+0000] {processor.py:183} INFO - Processing /opt/airflow/dags/example_dag.py took 0.055 seconds
[2024-06-27T22:43:52.756+0000] {processor.py:161} INFO - Started process (PID=2297) to work on /opt/airflow/dags/example_dag.py
[2024-06-27T22:43:52.757+0000] {processor.py:830} INFO - Processing file /opt/airflow/dags/example_dag.py for tasks to queue
[2024-06-27T22:43:52.759+0000] {logging_mixin.py:188} INFO - [2024-06-27T22:43:52.758+0000] {dagbag.py:545} INFO - Filling up the DagBag from /opt/airflow/dags/example_dag.py
[2024-06-27T22:43:52.768+0000] {processor.py:840} INFO - DAG(s) 'example_dag' retrieved from /opt/airflow/dags/example_dag.py
[2024-06-27T22:43:52.786+0000] {logging_mixin.py:188} INFO - [2024-06-27T22:43:52.786+0000] {dag.py:3096} INFO - Sync 1 DAGs
[2024-06-27T22:43:52.794+0000] {logging_mixin.py:188} INFO - [2024-06-27T22:43:52.794+0000] {dag.py:3954} INFO - Setting next_dagrun for example_dag to 2023-01-01 02:50:00+00:00, run_after=2023-01-01 03:00:00+00:00
[2024-06-27T22:43:52.801+0000] {processor.py:183} INFO - Processing /opt/airflow/dags/example_dag.py took 0.049 seconds
[2024-06-27T22:44:23.100+0000] {processor.py:161} INFO - Started process (PID=2307) to work on /opt/airflow/dags/example_dag.py
[2024-06-27T22:44:23.100+0000] {processor.py:830} INFO - Processing file /opt/airflow/dags/example_dag.py for tasks to queue
[2024-06-27T22:44:23.101+0000] {logging_mixin.py:188} INFO - [2024-06-27T22:44:23.101+0000] {dagbag.py:545} INFO - Filling up the DagBag from /opt/airflow/dags/example_dag.py
[2024-06-27T22:44:23.107+0000] {processor.py:840} INFO - DAG(s) 'example_dag' retrieved from /opt/airflow/dags/example_dag.py
[2024-06-27T22:44:23.118+0000] {logging_mixin.py:188} INFO - [2024-06-27T22:44:23.118+0000] {dag.py:3096} INFO - Sync 1 DAGs
[2024-06-27T22:44:23.126+0000] {logging_mixin.py:188} INFO - [2024-06-27T22:44:23.125+0000] {dag.py:3954} INFO - Setting next_dagrun for example_dag to 2023-01-01 02:50:00+00:00, run_after=2023-01-01 03:00:00+00:00
[2024-06-27T22:44:23.132+0000] {processor.py:183} INFO - Processing /opt/airflow/dags/example_dag.py took 0.034 seconds
[2024-06-27T22:44:53.467+0000] {processor.py:161} INFO - Started process (PID=2317) to work on /opt/airflow/dags/example_dag.py
[2024-06-27T22:44:53.468+0000] {processor.py:830} INFO - Processing file /opt/airflow/dags/example_dag.py for tasks to queue
[2024-06-27T22:44:53.470+0000] {logging_mixin.py:188} INFO - [2024-06-27T22:44:53.469+0000] {dagbag.py:545} INFO - Filling up the DagBag from /opt/airflow/dags/example_dag.py
[2024-06-27T22:44:53.479+0000] {processor.py:840} INFO - DAG(s) 'example_dag' retrieved from /opt/airflow/dags/example_dag.py
[2024-06-27T22:44:53.497+0000] {logging_mixin.py:188} INFO - [2024-06-27T22:44:53.497+0000] {dag.py:3096} INFO - Sync 1 DAGs
[2024-06-27T22:44:53.505+0000] {logging_mixin.py:188} INFO - [2024-06-27T22:44:53.505+0000] {dag.py:3954} INFO - Setting next_dagrun for example_dag to 2023-01-01 02:50:00+00:00, run_after=2023-01-01 03:00:00+00:00
[2024-06-27T22:44:53.512+0000] {processor.py:183} INFO - Processing /opt/airflow/dags/example_dag.py took 0.050 seconds
[2024-06-27T22:45:23.861+0000] {processor.py:161} INFO - Started process (PID=2327) to work on /opt/airflow/dags/example_dag.py
[2024-06-27T22:45:23.862+0000] {processor.py:830} INFO - Processing file /opt/airflow/dags/example_dag.py for tasks to queue
[2024-06-27T22:45:23.864+0000] {logging_mixin.py:188} INFO - [2024-06-27T22:45:23.864+0000] {dagbag.py:545} INFO - Filling up the DagBag from /opt/airflow/dags/example_dag.py
[2024-06-27T22:45:23.874+0000] {processor.py:840} INFO - DAG(s) 'example_dag' retrieved from /opt/airflow/dags/example_dag.py
[2024-06-27T22:45:23.890+0000] {logging_mixin.py:188} INFO - [2024-06-27T22:45:23.890+0000] {dag.py:3096} INFO - Sync 1 DAGs
[2024-06-27T22:45:23.899+0000] {logging_mixin.py:188} INFO - [2024-06-27T22:45:23.899+0000] {dag.py:3954} INFO - Setting next_dagrun for example_dag to 2023-01-01 02:50:00+00:00, run_after=2023-01-01 03:00:00+00:00
[2024-06-27T22:45:23.906+0000] {processor.py:183} INFO - Processing /opt/airflow/dags/example_dag.py took 0.050 seconds
[2024-06-27T22:45:54.199+0000] {processor.py:161} INFO - Started process (PID=2337) to work on /opt/airflow/dags/example_dag.py
[2024-06-27T22:45:54.199+0000] {processor.py:830} INFO - Processing file /opt/airflow/dags/example_dag.py for tasks to queue
[2024-06-27T22:45:54.201+0000] {logging_mixin.py:188} INFO - [2024-06-27T22:45:54.200+0000] {dagbag.py:545} INFO - Filling up the DagBag from /opt/airflow/dags/example_dag.py
[2024-06-27T22:45:54.209+0000] {processor.py:840} INFO - DAG(s) 'example_dag' retrieved from /opt/airflow/dags/example_dag.py
[2024-06-27T22:45:54.225+0000] {logging_mixin.py:188} INFO - [2024-06-27T22:45:54.225+0000] {dag.py:3096} INFO - Sync 1 DAGs
[2024-06-27T22:45:54.234+0000] {logging_mixin.py:188} INFO - [2024-06-27T22:45:54.234+0000] {dag.py:3954} INFO - Setting next_dagrun for example_dag to 2023-01-01 02:50:00+00:00, run_after=2023-01-01 03:00:00+00:00
[2024-06-27T22:45:54.241+0000] {processor.py:183} INFO - Processing /opt/airflow/dags/example_dag.py took 0.046 seconds
[2024-06-27T22:46:24.530+0000] {processor.py:161} INFO - Started process (PID=2347) to work on /opt/airflow/dags/example_dag.py
[2024-06-27T22:46:24.531+0000] {processor.py:830} INFO - Processing file /opt/airflow/dags/example_dag.py for tasks to queue
[2024-06-27T22:46:24.533+0000] {logging_mixin.py:188} INFO - [2024-06-27T22:46:24.532+0000] {dagbag.py:545} INFO - Filling up the DagBag from /opt/airflow/dags/example_dag.py
[2024-06-27T22:46:24.543+0000] {processor.py:840} INFO - DAG(s) 'example_dag' retrieved from /opt/airflow/dags/example_dag.py
[2024-06-27T22:46:24.561+0000] {logging_mixin.py:188} INFO - [2024-06-27T22:46:24.561+0000] {dag.py:3096} INFO - Sync 1 DAGs
[2024-06-27T22:46:24.571+0000] {logging_mixin.py:188} INFO - [2024-06-27T22:46:24.570+0000] {dag.py:3954} INFO - Setting next_dagrun for example_dag to 2023-01-01 02:50:00+00:00, run_after=2023-01-01 03:00:00+00:00
[2024-06-27T22:46:24.579+0000] {processor.py:183} INFO - Processing /opt/airflow/dags/example_dag.py took 0.056 seconds
[2024-06-27T22:46:54.911+0000] {processor.py:161} INFO - Started process (PID=2357) to work on /opt/airflow/dags/example_dag.py
[2024-06-27T22:46:54.912+0000] {processor.py:830} INFO - Processing file /opt/airflow/dags/example_dag.py for tasks to queue
[2024-06-27T22:46:54.913+0000] {logging_mixin.py:188} INFO - [2024-06-27T22:46:54.913+0000] {dagbag.py:545} INFO - Filling up the DagBag from /opt/airflow/dags/example_dag.py
[2024-06-27T22:46:54.923+0000] {processor.py:840} INFO - DAG(s) 'example_dag' retrieved from /opt/airflow/dags/example_dag.py
[2024-06-27T22:46:54.940+0000] {logging_mixin.py:188} INFO - [2024-06-27T22:46:54.940+0000] {dag.py:3096} INFO - Sync 1 DAGs
[2024-06-27T22:46:54.949+0000] {logging_mixin.py:188} INFO - [2024-06-27T22:46:54.949+0000] {dag.py:3954} INFO - Setting next_dagrun for example_dag to 2023-01-01 02:50:00+00:00, run_after=2023-01-01 03:00:00+00:00
[2024-06-27T22:46:54.956+0000] {processor.py:183} INFO - Processing /opt/airflow/dags/example_dag.py took 0.050 seconds
[2024-06-27T22:47:25.281+0000] {processor.py:161} INFO - Started process (PID=2367) to work on /opt/airflow/dags/example_dag.py
[2024-06-27T22:47:25.282+0000] {processor.py:830} INFO - Processing file /opt/airflow/dags/example_dag.py for tasks to queue
[2024-06-27T22:47:25.284+0000] {logging_mixin.py:188} INFO - [2024-06-27T22:47:25.283+0000] {dagbag.py:545} INFO - Filling up the DagBag from /opt/airflow/dags/example_dag.py
[2024-06-27T22:47:25.294+0000] {processor.py:840} INFO - DAG(s) 'example_dag' retrieved from /opt/airflow/dags/example_dag.py
[2024-06-27T22:47:25.311+0000] {logging_mixin.py:188} INFO - [2024-06-27T22:47:25.311+0000] {dag.py:3096} INFO - Sync 1 DAGs
[2024-06-27T22:47:25.320+0000] {logging_mixin.py:188} INFO - [2024-06-27T22:47:25.320+0000] {dag.py:3954} INFO - Setting next_dagrun for example_dag to 2023-01-01 02:50:00+00:00, run_after=2023-01-01 03:00:00+00:00
[2024-06-27T22:47:25.328+0000] {processor.py:183} INFO - Processing /opt/airflow/dags/example_dag.py took 0.052 seconds
[2024-06-27T22:47:55.679+0000] {processor.py:161} INFO - Started process (PID=2377) to work on /opt/airflow/dags/example_dag.py
[2024-06-27T22:47:55.679+0000] {processor.py:830} INFO - Processing file /opt/airflow/dags/example_dag.py for tasks to queue
[2024-06-27T22:47:55.681+0000] {logging_mixin.py:188} INFO - [2024-06-27T22:47:55.681+0000] {dagbag.py:545} INFO - Filling up the DagBag from /opt/airflow/dags/example_dag.py
[2024-06-27T22:47:55.690+0000] {processor.py:840} INFO - DAG(s) 'example_dag' retrieved from /opt/airflow/dags/example_dag.py
[2024-06-27T22:47:55.707+0000] {logging_mixin.py:188} INFO - [2024-06-27T22:47:55.707+0000] {dag.py:3096} INFO - Sync 1 DAGs
[2024-06-27T22:47:55.716+0000] {logging_mixin.py:188} INFO - [2024-06-27T22:47:55.716+0000] {dag.py:3954} INFO - Setting next_dagrun for example_dag to 2023-01-01 02:50:00+00:00, run_after=2023-01-01 03:00:00+00:00
[2024-06-27T22:47:55.723+0000] {processor.py:183} INFO - Processing /opt/airflow/dags/example_dag.py took 0.049 seconds
[2024-06-27T22:48:26.115+0000] {processor.py:161} INFO - Started process (PID=2387) to work on /opt/airflow/dags/example_dag.py
[2024-06-27T22:48:26.116+0000] {processor.py:830} INFO - Processing file /opt/airflow/dags/example_dag.py for tasks to queue
[2024-06-27T22:48:26.117+0000] {logging_mixin.py:188} INFO - [2024-06-27T22:48:26.117+0000] {dagbag.py:545} INFO - Filling up the DagBag from /opt/airflow/dags/example_dag.py
[2024-06-27T22:48:26.127+0000] {processor.py:840} INFO - DAG(s) 'example_dag' retrieved from /opt/airflow/dags/example_dag.py
[2024-06-27T22:48:26.145+0000] {logging_mixin.py:188} INFO - [2024-06-27T22:48:26.144+0000] {dag.py:3096} INFO - Sync 1 DAGs
[2024-06-27T22:48:26.153+0000] {logging_mixin.py:188} INFO - [2024-06-27T22:48:26.153+0000] {dag.py:3954} INFO - Setting next_dagrun for example_dag to 2023-01-01 02:50:00+00:00, run_after=2023-01-01 03:00:00+00:00
[2024-06-27T22:48:26.160+0000] {processor.py:183} INFO - Processing /opt/airflow/dags/example_dag.py took 0.051 seconds
[2024-06-27T22:48:56.446+0000] {processor.py:161} INFO - Started process (PID=2397) to work on /opt/airflow/dags/example_dag.py
[2024-06-27T22:48:56.447+0000] {processor.py:830} INFO - Processing file /opt/airflow/dags/example_dag.py for tasks to queue
[2024-06-27T22:48:56.448+0000] {logging_mixin.py:188} INFO - [2024-06-27T22:48:56.448+0000] {dagbag.py:545} INFO - Filling up the DagBag from /opt/airflow/dags/example_dag.py
[2024-06-27T22:48:56.458+0000] {processor.py:840} INFO - DAG(s) 'example_dag' retrieved from /opt/airflow/dags/example_dag.py
[2024-06-27T22:48:56.476+0000] {logging_mixin.py:188} INFO - [2024-06-27T22:48:56.476+0000] {dag.py:3096} INFO - Sync 1 DAGs
[2024-06-27T22:48:56.485+0000] {logging_mixin.py:188} INFO - [2024-06-27T22:48:56.484+0000] {dag.py:3954} INFO - Setting next_dagrun for example_dag to 2023-01-01 02:50:00+00:00, run_after=2023-01-01 03:00:00+00:00
[2024-06-27T22:48:56.491+0000] {processor.py:183} INFO - Processing /opt/airflow/dags/example_dag.py took 0.050 seconds
[2024-06-27T22:49:26.941+0000] {processor.py:161} INFO - Started process (PID=2407) to work on /opt/airflow/dags/example_dag.py
[2024-06-27T22:49:26.942+0000] {processor.py:830} INFO - Processing file /opt/airflow/dags/example_dag.py for tasks to queue
[2024-06-27T22:49:26.944+0000] {logging_mixin.py:188} INFO - [2024-06-27T22:49:26.943+0000] {dagbag.py:545} INFO - Filling up the DagBag from /opt/airflow/dags/example_dag.py
[2024-06-27T22:49:26.954+0000] {processor.py:840} INFO - DAG(s) 'example_dag' retrieved from /opt/airflow/dags/example_dag.py
[2024-06-27T22:49:26.973+0000] {logging_mixin.py:188} INFO - [2024-06-27T22:49:26.973+0000] {dag.py:3096} INFO - Sync 1 DAGs
[2024-06-27T22:49:26.982+0000] {logging_mixin.py:188} INFO - [2024-06-27T22:49:26.982+0000] {dag.py:3954} INFO - Setting next_dagrun for example_dag to 2023-01-01 02:50:00+00:00, run_after=2023-01-01 03:00:00+00:00
[2024-06-27T22:49:26.988+0000] {processor.py:183} INFO - Processing /opt/airflow/dags/example_dag.py took 0.054 seconds
[2024-06-27T22:49:57.410+0000] {processor.py:161} INFO - Started process (PID=2417) to work on /opt/airflow/dags/example_dag.py
[2024-06-27T22:49:57.411+0000] {processor.py:830} INFO - Processing file /opt/airflow/dags/example_dag.py for tasks to queue
[2024-06-27T22:49:57.412+0000] {logging_mixin.py:188} INFO - [2024-06-27T22:49:57.412+0000] {dagbag.py:545} INFO - Filling up the DagBag from /opt/airflow/dags/example_dag.py
[2024-06-27T22:49:57.420+0000] {processor.py:840} INFO - DAG(s) 'example_dag' retrieved from /opt/airflow/dags/example_dag.py
[2024-06-27T22:49:57.436+0000] {logging_mixin.py:188} INFO - [2024-06-27T22:49:57.436+0000] {dag.py:3096} INFO - Sync 1 DAGs
[2024-06-27T22:49:57.444+0000] {logging_mixin.py:188} INFO - [2024-06-27T22:49:57.444+0000] {dag.py:3954} INFO - Setting next_dagrun for example_dag to 2023-01-01 02:50:00+00:00, run_after=2023-01-01 03:00:00+00:00
[2024-06-27T22:49:57.451+0000] {processor.py:183} INFO - Processing /opt/airflow/dags/example_dag.py took 0.045 seconds
[2024-06-27T22:50:27.768+0000] {processor.py:161} INFO - Started process (PID=2427) to work on /opt/airflow/dags/example_dag.py
[2024-06-27T22:50:27.769+0000] {processor.py:830} INFO - Processing file /opt/airflow/dags/example_dag.py for tasks to queue
[2024-06-27T22:50:27.771+0000] {logging_mixin.py:188} INFO - [2024-06-27T22:50:27.770+0000] {dagbag.py:545} INFO - Filling up the DagBag from /opt/airflow/dags/example_dag.py
[2024-06-27T22:50:27.783+0000] {processor.py:840} INFO - DAG(s) 'example_dag' retrieved from /opt/airflow/dags/example_dag.py
[2024-06-27T22:50:27.803+0000] {logging_mixin.py:188} INFO - [2024-06-27T22:50:27.803+0000] {dag.py:3096} INFO - Sync 1 DAGs
[2024-06-27T22:50:27.814+0000] {logging_mixin.py:188} INFO - [2024-06-27T22:50:27.814+0000] {dag.py:3954} INFO - Setting next_dagrun for example_dag to 2023-01-01 02:50:00+00:00, run_after=2023-01-01 03:00:00+00:00
[2024-06-27T22:50:27.822+0000] {processor.py:183} INFO - Processing /opt/airflow/dags/example_dag.py took 0.061 seconds
[2024-06-27T22:51:36.709+0000] {processor.py:161} INFO - Started process (PID=30) to work on /opt/airflow/dags/example_dag.py
[2024-06-27T22:51:36.709+0000] {processor.py:830} INFO - Processing file /opt/airflow/dags/example_dag.py for tasks to queue
[2024-06-27T22:51:36.710+0000] {logging_mixin.py:188} INFO - [2024-06-27T22:51:36.710+0000] {dagbag.py:545} INFO - Filling up the DagBag from /opt/airflow/dags/example_dag.py
[2024-06-27T22:51:36.721+0000] {processor.py:840} INFO - DAG(s) 'example_dag' retrieved from /opt/airflow/dags/example_dag.py
[2024-06-27T22:51:36.815+0000] {logging_mixin.py:188} INFO - [2024-06-27T22:51:36.814+0000] {override.py:1829} INFO - Created Permission View: can read on DAG:example_dag
[2024-06-27T22:51:36.817+0000] {logging_mixin.py:188} INFO - [2024-06-27T22:51:36.817+0000] {override.py:1829} INFO - Created Permission View: can delete on DAG:example_dag
[2024-06-27T22:51:36.818+0000] {logging_mixin.py:188} INFO - [2024-06-27T22:51:36.818+0000] {override.py:1829} INFO - Created Permission View: can edit on DAG:example_dag
[2024-06-27T22:51:36.819+0000] {logging_mixin.py:188} INFO - [2024-06-27T22:51:36.819+0000] {dag.py:3096} INFO - Sync 1 DAGs
[2024-06-27T22:51:36.823+0000] {logging_mixin.py:188} INFO - [2024-06-27T22:51:36.823+0000] {dag.py:3118} INFO - Creating ORM DAG for example_dag
[2024-06-27T22:51:36.827+0000] {logging_mixin.py:188} INFO - [2024-06-27T22:51:36.827+0000] {dag.py:3954} INFO - Setting next_dagrun for example_dag to 2023-01-01 00:00:00+00:00, run_after=2023-01-01 00:10:00+00:00
[2024-06-27T22:51:36.833+0000] {processor.py:183} INFO - Processing /opt/airflow/dags/example_dag.py took 0.127 seconds
[2024-06-27T22:52:07.023+0000] {processor.py:161} INFO - Started process (PID=298) to work on /opt/airflow/dags/example_dag.py
[2024-06-27T22:52:07.023+0000] {processor.py:830} INFO - Processing file /opt/airflow/dags/example_dag.py for tasks to queue
[2024-06-27T22:52:07.024+0000] {logging_mixin.py:188} INFO - [2024-06-27T22:52:07.024+0000] {dagbag.py:545} INFO - Filling up the DagBag from /opt/airflow/dags/example_dag.py
[2024-06-27T22:52:07.029+0000] {processor.py:840} INFO - DAG(s) 'example_dag' retrieved from /opt/airflow/dags/example_dag.py
[2024-06-27T22:52:07.042+0000] {logging_mixin.py:188} INFO - [2024-06-27T22:52:07.042+0000] {dag.py:3096} INFO - Sync 1 DAGs
[2024-06-27T22:52:07.051+0000] {logging_mixin.py:188} INFO - [2024-06-27T22:52:07.051+0000] {dag.py:3954} INFO - Setting next_dagrun for example_dag to 2023-01-01 01:40:00+00:00, run_after=2023-01-01 01:50:00+00:00
[2024-06-27T22:52:07.059+0000] {processor.py:183} INFO - Processing /opt/airflow/dags/example_dag.py took 0.038 seconds
[2024-06-27T22:52:37.195+0000] {processor.py:161} INFO - Started process (PID=564) to work on /opt/airflow/dags/example_dag.py
[2024-06-27T22:52:37.195+0000] {processor.py:830} INFO - Processing file /opt/airflow/dags/example_dag.py for tasks to queue
[2024-06-27T22:52:37.196+0000] {logging_mixin.py:188} INFO - [2024-06-27T22:52:37.196+0000] {dagbag.py:545} INFO - Filling up the DagBag from /opt/airflow/dags/example_dag.py
[2024-06-27T22:52:37.201+0000] {processor.py:840} INFO - DAG(s) 'example_dag' retrieved from /opt/airflow/dags/example_dag.py
[2024-06-27T22:52:37.207+0000] {logging_mixin.py:188} INFO - [2024-06-27T22:52:37.207+0000] {dag.py:3096} INFO - Sync 1 DAGs
[2024-06-27T22:52:37.217+0000] {logging_mixin.py:188} INFO - [2024-06-27T22:52:37.217+0000] {dag.py:3954} INFO - Setting next_dagrun for example_dag to 2023-01-01 03:20:00+00:00, run_after=2023-01-01 03:30:00+00:00
[2024-06-27T22:52:37.224+0000] {processor.py:183} INFO - Processing /opt/airflow/dags/example_dag.py took 0.032 seconds
[2024-06-27T22:53:07.384+0000] {processor.py:161} INFO - Started process (PID=843) to work on /opt/airflow/dags/example_dag.py
[2024-06-27T22:53:07.385+0000] {processor.py:830} INFO - Processing file /opt/airflow/dags/example_dag.py for tasks to queue
[2024-06-27T22:53:07.385+0000] {logging_mixin.py:188} INFO - [2024-06-27T22:53:07.385+0000] {dagbag.py:545} INFO - Filling up the DagBag from /opt/airflow/dags/example_dag.py
[2024-06-27T22:53:07.391+0000] {processor.py:840} INFO - DAG(s) 'example_dag' retrieved from /opt/airflow/dags/example_dag.py
[2024-06-27T22:53:07.443+0000] {logging_mixin.py:188} INFO - [2024-06-27T22:53:07.443+0000] {dag.py:3096} INFO - Sync 1 DAGs
[2024-06-27T22:53:07.453+0000] {logging_mixin.py:188} INFO - [2024-06-27T22:53:07.453+0000] {dag.py:3954} INFO - Setting next_dagrun for example_dag to 2023-01-01 04:50:00+00:00, run_after=2023-01-01 05:00:00+00:00
[2024-06-27T22:53:07.460+0000] {processor.py:183} INFO - Processing /opt/airflow/dags/example_dag.py took 0.078 seconds
[2024-06-27T22:53:37.579+0000] {processor.py:161} INFO - Started process (PID=1077) to work on /opt/airflow/dags/example_dag.py
[2024-06-27T22:53:37.580+0000] {processor.py:830} INFO - Processing file /opt/airflow/dags/example_dag.py for tasks to queue
[2024-06-27T22:53:37.580+0000] {logging_mixin.py:188} INFO - [2024-06-27T22:53:37.580+0000] {dagbag.py:545} INFO - Filling up the DagBag from /opt/airflow/dags/example_dag.py
[2024-06-27T22:53:37.585+0000] {processor.py:840} INFO - DAG(s) 'example_dag' retrieved from /opt/airflow/dags/example_dag.py
[2024-06-27T22:53:37.598+0000] {logging_mixin.py:188} INFO - [2024-06-27T22:53:37.598+0000] {dag.py:3096} INFO - Sync 1 DAGs
[2024-06-27T22:53:37.607+0000] {logging_mixin.py:188} INFO - [2024-06-27T22:53:37.607+0000] {dag.py:3954} INFO - Setting next_dagrun for example_dag to 2023-01-01 05:00:00+00:00, run_after=2023-01-01 05:10:00+00:00
[2024-06-27T22:53:37.614+0000] {processor.py:183} INFO - Processing /opt/airflow/dags/example_dag.py took 0.037 seconds
[2024-06-27T22:54:07.967+0000] {processor.py:161} INFO - Started process (PID=1100) to work on /opt/airflow/dags/example_dag.py
[2024-06-27T22:54:07.967+0000] {processor.py:830} INFO - Processing file /opt/airflow/dags/example_dag.py for tasks to queue
[2024-06-27T22:54:07.969+0000] {logging_mixin.py:188} INFO - [2024-06-27T22:54:07.968+0000] {dagbag.py:545} INFO - Filling up the DagBag from /opt/airflow/dags/example_dag.py
[2024-06-27T22:54:07.977+0000] {processor.py:840} INFO - DAG(s) 'example_dag' retrieved from /opt/airflow/dags/example_dag.py
[2024-06-27T22:54:07.994+0000] {logging_mixin.py:188} INFO - [2024-06-27T22:54:07.994+0000] {dag.py:3096} INFO - Sync 1 DAGs
[2024-06-27T22:54:08.004+0000] {logging_mixin.py:188} INFO - [2024-06-27T22:54:08.004+0000] {dag.py:3954} INFO - Setting next_dagrun for example_dag to 2023-01-01 05:00:00+00:00, run_after=2023-01-01 05:10:00+00:00
[2024-06-27T22:54:08.011+0000] {processor.py:183} INFO - Processing /opt/airflow/dags/example_dag.py took 0.049 seconds
[2024-06-27T22:54:38.278+0000] {processor.py:161} INFO - Started process (PID=1110) to work on /opt/airflow/dags/example_dag.py
[2024-06-27T22:54:38.278+0000] {processor.py:830} INFO - Processing file /opt/airflow/dags/example_dag.py for tasks to queue
[2024-06-27T22:54:38.279+0000] {logging_mixin.py:188} INFO - [2024-06-27T22:54:38.279+0000] {dagbag.py:545} INFO - Filling up the DagBag from /opt/airflow/dags/example_dag.py
[2024-06-27T22:54:38.284+0000] {processor.py:840} INFO - DAG(s) 'example_dag' retrieved from /opt/airflow/dags/example_dag.py
[2024-06-27T22:54:38.296+0000] {logging_mixin.py:188} INFO - [2024-06-27T22:54:38.296+0000] {dag.py:3096} INFO - Sync 1 DAGs
[2024-06-27T22:54:38.305+0000] {logging_mixin.py:188} INFO - [2024-06-27T22:54:38.305+0000] {dag.py:3954} INFO - Setting next_dagrun for example_dag to 2023-01-01 05:00:00+00:00, run_after=2023-01-01 05:10:00+00:00
[2024-06-27T22:54:38.312+0000] {processor.py:183} INFO - Processing /opt/airflow/dags/example_dag.py took 0.037 seconds
[2024-06-27T22:55:08.580+0000] {processor.py:161} INFO - Started process (PID=1120) to work on /opt/airflow/dags/example_dag.py
[2024-06-27T22:55:08.580+0000] {processor.py:830} INFO - Processing file /opt/airflow/dags/example_dag.py for tasks to queue
[2024-06-27T22:55:08.581+0000] {logging_mixin.py:188} INFO - [2024-06-27T22:55:08.580+0000] {dagbag.py:545} INFO - Filling up the DagBag from /opt/airflow/dags/example_dag.py
[2024-06-27T22:55:08.585+0000] {processor.py:840} INFO - DAG(s) 'example_dag' retrieved from /opt/airflow/dags/example_dag.py
[2024-06-27T22:55:08.596+0000] {logging_mixin.py:188} INFO - [2024-06-27T22:55:08.596+0000] {dag.py:3096} INFO - Sync 1 DAGs
[2024-06-27T22:55:08.604+0000] {logging_mixin.py:188} INFO - [2024-06-27T22:55:08.604+0000] {dag.py:3954} INFO - Setting next_dagrun for example_dag to 2023-01-01 05:00:00+00:00, run_after=2023-01-01 05:10:00+00:00
[2024-06-27T22:55:08.610+0000] {processor.py:183} INFO - Processing /opt/airflow/dags/example_dag.py took 0.033 seconds
[2024-06-27T22:55:38.920+0000] {processor.py:161} INFO - Started process (PID=1122) to work on /opt/airflow/dags/example_dag.py
[2024-06-27T22:55:38.920+0000] {processor.py:830} INFO - Processing file /opt/airflow/dags/example_dag.py for tasks to queue
[2024-06-27T22:55:38.922+0000] {logging_mixin.py:188} INFO - [2024-06-27T22:55:38.921+0000] {dagbag.py:545} INFO - Filling up the DagBag from /opt/airflow/dags/example_dag.py
[2024-06-27T22:55:38.930+0000] {processor.py:840} INFO - DAG(s) 'example_dag' retrieved from /opt/airflow/dags/example_dag.py
[2024-06-27T22:55:38.947+0000] {logging_mixin.py:188} INFO - [2024-06-27T22:55:38.946+0000] {dag.py:3096} INFO - Sync 1 DAGs
[2024-06-27T22:55:38.956+0000] {logging_mixin.py:188} INFO - [2024-06-27T22:55:38.956+0000] {dag.py:3954} INFO - Setting next_dagrun for example_dag to 2023-01-01 05:00:00+00:00, run_after=2023-01-01 05:10:00+00:00
[2024-06-27T22:55:38.965+0000] {processor.py:183} INFO - Processing /opt/airflow/dags/example_dag.py took 0.050 seconds
[2024-06-27T22:56:09.249+0000] {processor.py:161} INFO - Started process (PID=1132) to work on /opt/airflow/dags/example_dag.py
[2024-06-27T22:56:09.249+0000] {processor.py:830} INFO - Processing file /opt/airflow/dags/example_dag.py for tasks to queue
[2024-06-27T22:56:09.251+0000] {logging_mixin.py:188} INFO - [2024-06-27T22:56:09.250+0000] {dagbag.py:545} INFO - Filling up the DagBag from /opt/airflow/dags/example_dag.py
[2024-06-27T22:56:09.259+0000] {processor.py:840} INFO - DAG(s) 'example_dag' retrieved from /opt/airflow/dags/example_dag.py
[2024-06-27T22:56:09.277+0000] {logging_mixin.py:188} INFO - [2024-06-27T22:56:09.276+0000] {dag.py:3096} INFO - Sync 1 DAGs
[2024-06-27T22:56:09.287+0000] {logging_mixin.py:188} INFO - [2024-06-27T22:56:09.287+0000] {dag.py:3954} INFO - Setting next_dagrun for example_dag to 2023-01-01 05:00:00+00:00, run_after=2023-01-01 05:10:00+00:00
[2024-06-27T22:56:09.294+0000] {processor.py:183} INFO - Processing /opt/airflow/dags/example_dag.py took 0.050 seconds
[2024-06-27T22:56:39.592+0000] {processor.py:161} INFO - Started process (PID=1142) to work on /opt/airflow/dags/example_dag.py
[2024-06-27T22:56:39.593+0000] {processor.py:830} INFO - Processing file /opt/airflow/dags/example_dag.py for tasks to queue
[2024-06-27T22:56:39.594+0000] {logging_mixin.py:188} INFO - [2024-06-27T22:56:39.593+0000] {dagbag.py:545} INFO - Filling up the DagBag from /opt/airflow/dags/example_dag.py
[2024-06-27T22:56:39.601+0000] {processor.py:840} INFO - DAG(s) 'example_dag' retrieved from /opt/airflow/dags/example_dag.py
[2024-06-27T22:56:39.616+0000] {logging_mixin.py:188} INFO - [2024-06-27T22:56:39.616+0000] {dag.py:3096} INFO - Sync 1 DAGs
[2024-06-27T22:56:39.625+0000] {logging_mixin.py:188} INFO - [2024-06-27T22:56:39.625+0000] {dag.py:3954} INFO - Setting next_dagrun for example_dag to 2023-01-01 05:00:00+00:00, run_after=2023-01-01 05:10:00+00:00
[2024-06-27T22:56:39.632+0000] {processor.py:183} INFO - Processing /opt/airflow/dags/example_dag.py took 0.044 seconds
[2024-06-27T22:57:09.884+0000] {processor.py:161} INFO - Started process (PID=1152) to work on /opt/airflow/dags/example_dag.py
[2024-06-27T22:57:09.885+0000] {processor.py:830} INFO - Processing file /opt/airflow/dags/example_dag.py for tasks to queue
[2024-06-27T22:57:09.886+0000] {logging_mixin.py:188} INFO - [2024-06-27T22:57:09.886+0000] {dagbag.py:545} INFO - Filling up the DagBag from /opt/airflow/dags/example_dag.py
[2024-06-27T22:57:09.893+0000] {processor.py:840} INFO - DAG(s) 'example_dag' retrieved from /opt/airflow/dags/example_dag.py
[2024-06-27T22:57:09.907+0000] {logging_mixin.py:188} INFO - [2024-06-27T22:57:09.907+0000] {dag.py:3096} INFO - Sync 1 DAGs
[2024-06-27T22:57:09.916+0000] {logging_mixin.py:188} INFO - [2024-06-27T22:57:09.916+0000] {dag.py:3954} INFO - Setting next_dagrun for example_dag to 2023-01-01 05:00:00+00:00, run_after=2023-01-01 05:10:00+00:00
[2024-06-27T22:57:09.923+0000] {processor.py:183} INFO - Processing /opt/airflow/dags/example_dag.py took 0.043 seconds
[2024-06-27T22:57:40.192+0000] {processor.py:161} INFO - Started process (PID=1162) to work on /opt/airflow/dags/example_dag.py
[2024-06-27T22:57:40.192+0000] {processor.py:830} INFO - Processing file /opt/airflow/dags/example_dag.py for tasks to queue
[2024-06-27T22:57:40.193+0000] {logging_mixin.py:188} INFO - [2024-06-27T22:57:40.193+0000] {dagbag.py:545} INFO - Filling up the DagBag from /opt/airflow/dags/example_dag.py
[2024-06-27T22:57:40.200+0000] {processor.py:840} INFO - DAG(s) 'example_dag' retrieved from /opt/airflow/dags/example_dag.py
[2024-06-27T22:57:40.214+0000] {logging_mixin.py:188} INFO - [2024-06-27T22:57:40.214+0000] {dag.py:3096} INFO - Sync 1 DAGs
[2024-06-27T22:57:40.223+0000] {logging_mixin.py:188} INFO - [2024-06-27T22:57:40.223+0000] {dag.py:3954} INFO - Setting next_dagrun for example_dag to 2023-01-01 05:00:00+00:00, run_after=2023-01-01 05:10:00+00:00
[2024-06-27T22:57:40.230+0000] {processor.py:183} INFO - Processing /opt/airflow/dags/example_dag.py took 0.042 seconds
[2024-06-27T22:58:10.576+0000] {processor.py:161} INFO - Started process (PID=1174) to work on /opt/airflow/dags/example_dag.py
[2024-06-27T22:58:10.577+0000] {processor.py:830} INFO - Processing file /opt/airflow/dags/example_dag.py for tasks to queue
[2024-06-27T22:58:10.578+0000] {logging_mixin.py:188} INFO - [2024-06-27T22:58:10.578+0000] {dagbag.py:545} INFO - Filling up the DagBag from /opt/airflow/dags/example_dag.py
[2024-06-27T22:58:10.588+0000] {processor.py:840} INFO - DAG(s) 'example_dag' retrieved from /opt/airflow/dags/example_dag.py
[2024-06-27T22:58:10.604+0000] {logging_mixin.py:188} INFO - [2024-06-27T22:58:10.604+0000] {dag.py:3096} INFO - Sync 1 DAGs
[2024-06-27T22:58:10.612+0000] {logging_mixin.py:188} INFO - [2024-06-27T22:58:10.612+0000] {dag.py:3954} INFO - Setting next_dagrun for example_dag to 2023-01-01 05:00:00+00:00, run_after=2023-01-01 05:10:00+00:00
[2024-06-27T22:58:10.619+0000] {processor.py:183} INFO - Processing /opt/airflow/dags/example_dag.py took 0.048 seconds
[2024-06-27T22:59:19.581+0000] {processor.py:161} INFO - Started process (PID=29) to work on /opt/airflow/dags/example_dag.py
[2024-06-27T22:59:19.582+0000] {processor.py:830} INFO - Processing file /opt/airflow/dags/example_dag.py for tasks to queue
[2024-06-27T22:59:19.583+0000] {logging_mixin.py:188} INFO - [2024-06-27T22:59:19.583+0000] {dagbag.py:545} INFO - Filling up the DagBag from /opt/airflow/dags/example_dag.py
[2024-06-27T22:59:19.595+0000] {processor.py:840} INFO - DAG(s) 'example_dag' retrieved from /opt/airflow/dags/example_dag.py
[2024-06-27T22:59:19.689+0000] {logging_mixin.py:188} INFO - [2024-06-27T22:59:19.688+0000] {override.py:1677} ERROR - Add Permission: (psycopg2.errors.UniqueViolation) duplicate key value violates unique constraint "ab_permission_name_uq"
DETAIL:  Key (name)=(can_edit) already exists.

[SQL: INSERT INTO ab_permission (name) VALUES (%(name)s) RETURNING ab_permission.id]
[parameters: {'name': 'can_edit'}]
(Background on this error at: https://sqlalche.me/e/14/gkpj)
[2024-06-27T22:59:19.690+0000] {logging_mixin.py:188} INFO - [2024-06-27T22:59:19.690+0000] {override.py:1829} INFO - Created Permission View: None on DAG:example_dag
[2024-06-27T22:59:19.693+0000] {logging_mixin.py:188} INFO - [2024-06-27T22:59:19.693+0000] {override.py:1829} INFO - Created Permission View: can read on DAG:example_dag
[2024-06-27T22:59:19.695+0000] {logging_mixin.py:188} INFO - [2024-06-27T22:59:19.695+0000] {override.py:1829} INFO - Created Permission View: can delete on DAG:example_dag
[2024-06-27T22:59:19.695+0000] {logging_mixin.py:188} INFO - [2024-06-27T22:59:19.695+0000] {dag.py:3096} INFO - Sync 1 DAGs
[2024-06-27T22:59:19.699+0000] {logging_mixin.py:188} INFO - [2024-06-27T22:59:19.698+0000] {dag.py:3118} INFO - Creating ORM DAG for example_dag
[2024-06-27T22:59:19.702+0000] {logging_mixin.py:188} INFO - [2024-06-27T22:59:19.702+0000] {dag.py:3954} INFO - Setting next_dagrun for example_dag to 2023-01-01 00:00:00+00:00, run_after=2023-01-01 00:10:00+00:00
[2024-06-27T22:59:19.706+0000] {processor.py:183} INFO - Processing /opt/airflow/dags/example_dag.py took 0.127 seconds
[2024-06-27T22:59:49.786+0000] {processor.py:161} INFO - Started process (PID=284) to work on /opt/airflow/dags/example_dag.py
[2024-06-27T22:59:49.786+0000] {processor.py:830} INFO - Processing file /opt/airflow/dags/example_dag.py for tasks to queue
[2024-06-27T22:59:49.787+0000] {logging_mixin.py:188} INFO - [2024-06-27T22:59:49.787+0000] {dagbag.py:545} INFO - Filling up the DagBag from /opt/airflow/dags/example_dag.py
[2024-06-27T22:59:49.792+0000] {processor.py:840} INFO - DAG(s) 'example_dag' retrieved from /opt/airflow/dags/example_dag.py
[2024-06-27T22:59:49.804+0000] {logging_mixin.py:188} INFO - [2024-06-27T22:59:49.804+0000] {dag.py:3096} INFO - Sync 1 DAGs
[2024-06-27T22:59:49.813+0000] {logging_mixin.py:188} INFO - [2024-06-27T22:59:49.813+0000] {dag.py:3954} INFO - Setting next_dagrun for example_dag to 2023-01-01 01:40:00+00:00, run_after=2023-01-01 01:50:00+00:00
[2024-06-27T22:59:49.820+0000] {processor.py:183} INFO - Processing /opt/airflow/dags/example_dag.py took 0.037 seconds
[2024-06-27T23:00:19.971+0000] {processor.py:161} INFO - Started process (PID=536) to work on /opt/airflow/dags/example_dag.py
[2024-06-27T23:00:19.975+0000] {processor.py:830} INFO - Processing file /opt/airflow/dags/example_dag.py for tasks to queue
[2024-06-27T23:00:19.976+0000] {logging_mixin.py:188} INFO - [2024-06-27T23:00:19.976+0000] {dagbag.py:545} INFO - Filling up the DagBag from /opt/airflow/dags/example_dag.py
[2024-06-27T23:00:19.992+0000] {processor.py:840} INFO - DAG(s) 'example_dag' retrieved from /opt/airflow/dags/example_dag.py
[2024-06-27T23:00:20.005+0000] {logging_mixin.py:188} INFO - [2024-06-27T23:00:20.005+0000] {dag.py:3096} INFO - Sync 1 DAGs
[2024-06-27T23:00:20.015+0000] {logging_mixin.py:188} INFO - [2024-06-27T23:00:20.015+0000] {dag.py:3954} INFO - Setting next_dagrun for example_dag to 2023-01-01 02:40:00+00:00, run_after=2023-01-01 02:50:00+00:00
[2024-06-27T23:00:20.022+0000] {processor.py:183} INFO - Processing /opt/airflow/dags/example_dag.py took 0.058 seconds
[2024-06-27T23:00:50.291+0000] {processor.py:161} INFO - Started process (PID=618) to work on /opt/airflow/dags/example_dag.py
[2024-06-27T23:00:50.291+0000] {processor.py:830} INFO - Processing file /opt/airflow/dags/example_dag.py for tasks to queue
[2024-06-27T23:00:50.292+0000] {logging_mixin.py:188} INFO - [2024-06-27T23:00:50.292+0000] {dagbag.py:545} INFO - Filling up the DagBag from /opt/airflow/dags/example_dag.py
[2024-06-27T23:00:50.300+0000] {processor.py:840} INFO - DAG(s) 'example_dag' retrieved from /opt/airflow/dags/example_dag.py
[2024-06-27T23:00:50.350+0000] {logging_mixin.py:188} INFO - [2024-06-27T23:00:50.350+0000] {dag.py:3096} INFO - Sync 1 DAGs
[2024-06-27T23:00:50.358+0000] {logging_mixin.py:188} INFO - [2024-06-27T23:00:50.358+0000] {dag.py:3954} INFO - Setting next_dagrun for example_dag to 2023-01-01 02:40:00+00:00, run_after=2023-01-01 02:50:00+00:00
[2024-06-27T23:00:50.364+0000] {processor.py:183} INFO - Processing /opt/airflow/dags/example_dag.py took 0.078 seconds
[2024-06-27T23:01:20.616+0000] {processor.py:161} INFO - Started process (PID=628) to work on /opt/airflow/dags/example_dag.py
[2024-06-27T23:01:20.616+0000] {processor.py:830} INFO - Processing file /opt/airflow/dags/example_dag.py for tasks to queue
[2024-06-27T23:01:20.617+0000] {logging_mixin.py:188} INFO - [2024-06-27T23:01:20.617+0000] {dagbag.py:545} INFO - Filling up the DagBag from /opt/airflow/dags/example_dag.py
[2024-06-27T23:01:20.624+0000] {processor.py:840} INFO - DAG(s) 'example_dag' retrieved from /opt/airflow/dags/example_dag.py
[2024-06-27T23:01:20.638+0000] {logging_mixin.py:188} INFO - [2024-06-27T23:01:20.638+0000] {dag.py:3096} INFO - Sync 1 DAGs
[2024-06-27T23:01:20.647+0000] {logging_mixin.py:188} INFO - [2024-06-27T23:01:20.647+0000] {dag.py:3954} INFO - Setting next_dagrun for example_dag to 2023-01-01 02:40:00+00:00, run_after=2023-01-01 02:50:00+00:00
[2024-06-27T23:01:20.654+0000] {processor.py:183} INFO - Processing /opt/airflow/dags/example_dag.py took 0.041 seconds
[2024-06-27T23:01:50.940+0000] {processor.py:161} INFO - Started process (PID=638) to work on /opt/airflow/dags/example_dag.py
[2024-06-27T23:01:50.940+0000] {processor.py:830} INFO - Processing file /opt/airflow/dags/example_dag.py for tasks to queue
[2024-06-27T23:01:50.941+0000] {logging_mixin.py:188} INFO - [2024-06-27T23:01:50.941+0000] {dagbag.py:545} INFO - Filling up the DagBag from /opt/airflow/dags/example_dag.py
[2024-06-27T23:01:50.948+0000] {processor.py:840} INFO - DAG(s) 'example_dag' retrieved from /opt/airflow/dags/example_dag.py
[2024-06-27T23:01:50.963+0000] {logging_mixin.py:188} INFO - [2024-06-27T23:01:50.963+0000] {dag.py:3096} INFO - Sync 1 DAGs
[2024-06-27T23:01:50.972+0000] {logging_mixin.py:188} INFO - [2024-06-27T23:01:50.972+0000] {dag.py:3954} INFO - Setting next_dagrun for example_dag to 2023-01-01 02:40:00+00:00, run_after=2023-01-01 02:50:00+00:00
[2024-06-27T23:01:50.979+0000] {processor.py:183} INFO - Processing /opt/airflow/dags/example_dag.py took 0.043 seconds
[2024-06-27T23:02:21.273+0000] {processor.py:161} INFO - Started process (PID=648) to work on /opt/airflow/dags/example_dag.py
[2024-06-27T23:02:21.273+0000] {processor.py:830} INFO - Processing file /opt/airflow/dags/example_dag.py for tasks to queue
[2024-06-27T23:02:21.274+0000] {logging_mixin.py:188} INFO - [2024-06-27T23:02:21.274+0000] {dagbag.py:545} INFO - Filling up the DagBag from /opt/airflow/dags/example_dag.py
[2024-06-27T23:02:21.283+0000] {processor.py:840} INFO - DAG(s) 'example_dag' retrieved from /opt/airflow/dags/example_dag.py
[2024-06-27T23:02:21.297+0000] {logging_mixin.py:188} INFO - [2024-06-27T23:02:21.297+0000] {dag.py:3096} INFO - Sync 1 DAGs
[2024-06-27T23:02:21.306+0000] {logging_mixin.py:188} INFO - [2024-06-27T23:02:21.306+0000] {dag.py:3954} INFO - Setting next_dagrun for example_dag to 2023-01-01 02:40:00+00:00, run_after=2023-01-01 02:50:00+00:00
[2024-06-27T23:02:21.312+0000] {processor.py:183} INFO - Processing /opt/airflow/dags/example_dag.py took 0.043 seconds
[2024-06-27T23:02:51.609+0000] {processor.py:161} INFO - Started process (PID=658) to work on /opt/airflow/dags/example_dag.py
[2024-06-27T23:02:51.609+0000] {processor.py:830} INFO - Processing file /opt/airflow/dags/example_dag.py for tasks to queue
[2024-06-27T23:02:51.610+0000] {logging_mixin.py:188} INFO - [2024-06-27T23:02:51.610+0000] {dagbag.py:545} INFO - Filling up the DagBag from /opt/airflow/dags/example_dag.py
[2024-06-27T23:02:51.616+0000] {processor.py:840} INFO - DAG(s) 'example_dag' retrieved from /opt/airflow/dags/example_dag.py
[2024-06-27T23:02:51.627+0000] {logging_mixin.py:188} INFO - [2024-06-27T23:02:51.627+0000] {dag.py:3096} INFO - Sync 1 DAGs
[2024-06-27T23:02:51.636+0000] {logging_mixin.py:188} INFO - [2024-06-27T23:02:51.636+0000] {dag.py:3954} INFO - Setting next_dagrun for example_dag to 2023-01-01 02:40:00+00:00, run_after=2023-01-01 02:50:00+00:00
[2024-06-27T23:02:51.642+0000] {processor.py:183} INFO - Processing /opt/airflow/dags/example_dag.py took 0.036 seconds
[2024-06-27T23:03:21.944+0000] {processor.py:161} INFO - Started process (PID=660) to work on /opt/airflow/dags/example_dag.py
[2024-06-27T23:03:21.945+0000] {processor.py:830} INFO - Processing file /opt/airflow/dags/example_dag.py for tasks to queue
[2024-06-27T23:03:21.946+0000] {logging_mixin.py:188} INFO - [2024-06-27T23:03:21.946+0000] {dagbag.py:545} INFO - Filling up the DagBag from /opt/airflow/dags/example_dag.py
[2024-06-27T23:03:21.956+0000] {processor.py:840} INFO - DAG(s) 'example_dag' retrieved from /opt/airflow/dags/example_dag.py
[2024-06-27T23:03:21.979+0000] {logging_mixin.py:188} INFO - [2024-06-27T23:03:21.978+0000] {dag.py:3096} INFO - Sync 1 DAGs
[2024-06-27T23:03:21.993+0000] {logging_mixin.py:188} INFO - [2024-06-27T23:03:21.993+0000] {dag.py:3954} INFO - Setting next_dagrun for example_dag to 2023-01-01 02:40:00+00:00, run_after=2023-01-01 02:50:00+00:00
[2024-06-27T23:03:22.003+0000] {processor.py:183} INFO - Processing /opt/airflow/dags/example_dag.py took 0.065 seconds
[2024-06-27T23:03:52.227+0000] {processor.py:161} INFO - Started process (PID=670) to work on /opt/airflow/dags/example_dag.py
[2024-06-27T23:03:52.227+0000] {processor.py:830} INFO - Processing file /opt/airflow/dags/example_dag.py for tasks to queue
[2024-06-27T23:03:52.228+0000] {logging_mixin.py:188} INFO - [2024-06-27T23:03:52.228+0000] {dagbag.py:545} INFO - Filling up the DagBag from /opt/airflow/dags/example_dag.py
[2024-06-27T23:03:52.236+0000] {processor.py:840} INFO - DAG(s) 'example_dag' retrieved from /opt/airflow/dags/example_dag.py
[2024-06-27T23:03:52.252+0000] {logging_mixin.py:188} INFO - [2024-06-27T23:03:52.251+0000] {dag.py:3096} INFO - Sync 1 DAGs
[2024-06-27T23:03:52.262+0000] {logging_mixin.py:188} INFO - [2024-06-27T23:03:52.262+0000] {dag.py:3954} INFO - Setting next_dagrun for example_dag to 2023-01-01 02:40:00+00:00, run_after=2023-01-01 02:50:00+00:00
[2024-06-27T23:03:52.269+0000] {processor.py:183} INFO - Processing /opt/airflow/dags/example_dag.py took 0.046 seconds
[2024-06-27T23:04:22.583+0000] {processor.py:161} INFO - Started process (PID=680) to work on /opt/airflow/dags/example_dag.py
[2024-06-27T23:04:22.584+0000] {processor.py:830} INFO - Processing file /opt/airflow/dags/example_dag.py for tasks to queue
[2024-06-27T23:04:22.585+0000] {logging_mixin.py:188} INFO - [2024-06-27T23:04:22.585+0000] {dagbag.py:545} INFO - Filling up the DagBag from /opt/airflow/dags/example_dag.py
[2024-06-27T23:04:22.593+0000] {processor.py:840} INFO - DAG(s) 'example_dag' retrieved from /opt/airflow/dags/example_dag.py
[2024-06-27T23:04:22.614+0000] {logging_mixin.py:188} INFO - [2024-06-27T23:04:22.614+0000] {dag.py:3096} INFO - Sync 1 DAGs
[2024-06-27T23:04:22.626+0000] {logging_mixin.py:188} INFO - [2024-06-27T23:04:22.626+0000] {dag.py:3954} INFO - Setting next_dagrun for example_dag to 2023-01-01 02:40:00+00:00, run_after=2023-01-01 02:50:00+00:00
[2024-06-27T23:04:22.635+0000] {processor.py:183} INFO - Processing /opt/airflow/dags/example_dag.py took 0.056 seconds
[2024-06-27T23:04:52.876+0000] {processor.py:161} INFO - Started process (PID=690) to work on /opt/airflow/dags/example_dag.py
[2024-06-27T23:04:52.877+0000] {processor.py:830} INFO - Processing file /opt/airflow/dags/example_dag.py for tasks to queue
[2024-06-27T23:04:52.878+0000] {logging_mixin.py:188} INFO - [2024-06-27T23:04:52.878+0000] {dagbag.py:545} INFO - Filling up the DagBag from /opt/airflow/dags/example_dag.py
[2024-06-27T23:04:52.886+0000] {processor.py:840} INFO - DAG(s) 'example_dag' retrieved from /opt/airflow/dags/example_dag.py
[2024-06-27T23:04:52.900+0000] {logging_mixin.py:188} INFO - [2024-06-27T23:04:52.900+0000] {dag.py:3096} INFO - Sync 1 DAGs
[2024-06-27T23:04:52.909+0000] {logging_mixin.py:188} INFO - [2024-06-27T23:04:52.909+0000] {dag.py:3954} INFO - Setting next_dagrun for example_dag to 2023-01-01 02:40:00+00:00, run_after=2023-01-01 02:50:00+00:00
[2024-06-27T23:04:52.916+0000] {processor.py:183} INFO - Processing /opt/airflow/dags/example_dag.py took 0.043 seconds
[2024-06-27T23:05:23.177+0000] {processor.py:161} INFO - Started process (PID=700) to work on /opt/airflow/dags/example_dag.py
[2024-06-27T23:05:23.178+0000] {processor.py:830} INFO - Processing file /opt/airflow/dags/example_dag.py for tasks to queue
[2024-06-27T23:05:23.179+0000] {logging_mixin.py:188} INFO - [2024-06-27T23:05:23.179+0000] {dagbag.py:545} INFO - Filling up the DagBag from /opt/airflow/dags/example_dag.py
[2024-06-27T23:05:23.186+0000] {processor.py:840} INFO - DAG(s) 'example_dag' retrieved from /opt/airflow/dags/example_dag.py
[2024-06-27T23:05:23.202+0000] {logging_mixin.py:188} INFO - [2024-06-27T23:05:23.201+0000] {dag.py:3096} INFO - Sync 1 DAGs
[2024-06-27T23:05:23.211+0000] {logging_mixin.py:188} INFO - [2024-06-27T23:05:23.211+0000] {dag.py:3954} INFO - Setting next_dagrun for example_dag to 2023-01-01 02:40:00+00:00, run_after=2023-01-01 02:50:00+00:00
[2024-06-27T23:05:23.218+0000] {processor.py:183} INFO - Processing /opt/airflow/dags/example_dag.py took 0.045 seconds
[2024-06-27T23:05:53.505+0000] {processor.py:161} INFO - Started process (PID=710) to work on /opt/airflow/dags/example_dag.py
[2024-06-27T23:05:53.506+0000] {processor.py:830} INFO - Processing file /opt/airflow/dags/example_dag.py for tasks to queue
[2024-06-27T23:05:53.507+0000] {logging_mixin.py:188} INFO - [2024-06-27T23:05:53.507+0000] {dagbag.py:545} INFO - Filling up the DagBag from /opt/airflow/dags/example_dag.py
[2024-06-27T23:05:53.515+0000] {processor.py:840} INFO - DAG(s) 'example_dag' retrieved from /opt/airflow/dags/example_dag.py
[2024-06-27T23:05:53.530+0000] {logging_mixin.py:188} INFO - [2024-06-27T23:05:53.529+0000] {dag.py:3096} INFO - Sync 1 DAGs
[2024-06-27T23:05:53.539+0000] {logging_mixin.py:188} INFO - [2024-06-27T23:05:53.539+0000] {dag.py:3954} INFO - Setting next_dagrun for example_dag to 2023-01-01 02:40:00+00:00, run_after=2023-01-01 02:50:00+00:00
[2024-06-27T23:05:53.546+0000] {processor.py:183} INFO - Processing /opt/airflow/dags/example_dag.py took 0.045 seconds
[2024-06-27T23:06:23.839+0000] {processor.py:161} INFO - Started process (PID=720) to work on /opt/airflow/dags/example_dag.py
[2024-06-27T23:06:23.840+0000] {processor.py:830} INFO - Processing file /opt/airflow/dags/example_dag.py for tasks to queue
[2024-06-27T23:06:23.841+0000] {logging_mixin.py:188} INFO - [2024-06-27T23:06:23.840+0000] {dagbag.py:545} INFO - Filling up the DagBag from /opt/airflow/dags/example_dag.py
[2024-06-27T23:06:23.848+0000] {processor.py:840} INFO - DAG(s) 'example_dag' retrieved from /opt/airflow/dags/example_dag.py
[2024-06-27T23:06:23.863+0000] {logging_mixin.py:188} INFO - [2024-06-27T23:06:23.863+0000] {dag.py:3096} INFO - Sync 1 DAGs
[2024-06-27T23:06:23.873+0000] {logging_mixin.py:188} INFO - [2024-06-27T23:06:23.873+0000] {dag.py:3954} INFO - Setting next_dagrun for example_dag to 2023-01-01 02:40:00+00:00, run_after=2023-01-01 02:50:00+00:00
[2024-06-27T23:06:23.880+0000] {processor.py:183} INFO - Processing /opt/airflow/dags/example_dag.py took 0.044 seconds
[2024-06-27T23:06:54.198+0000] {processor.py:161} INFO - Started process (PID=730) to work on /opt/airflow/dags/example_dag.py
[2024-06-27T23:06:54.198+0000] {processor.py:830} INFO - Processing file /opt/airflow/dags/example_dag.py for tasks to queue
[2024-06-27T23:06:54.199+0000] {logging_mixin.py:188} INFO - [2024-06-27T23:06:54.199+0000] {dagbag.py:545} INFO - Filling up the DagBag from /opt/airflow/dags/example_dag.py
[2024-06-27T23:06:54.207+0000] {processor.py:840} INFO - DAG(s) 'example_dag' retrieved from /opt/airflow/dags/example_dag.py
[2024-06-27T23:06:54.221+0000] {logging_mixin.py:188} INFO - [2024-06-27T23:06:54.221+0000] {dag.py:3096} INFO - Sync 1 DAGs
[2024-06-27T23:06:54.230+0000] {logging_mixin.py:188} INFO - [2024-06-27T23:06:54.230+0000] {dag.py:3954} INFO - Setting next_dagrun for example_dag to 2023-01-01 02:40:00+00:00, run_after=2023-01-01 02:50:00+00:00
[2024-06-27T23:06:54.237+0000] {processor.py:183} INFO - Processing /opt/airflow/dags/example_dag.py took 0.043 seconds
[2024-06-27T23:07:24.537+0000] {processor.py:161} INFO - Started process (PID=740) to work on /opt/airflow/dags/example_dag.py
[2024-06-27T23:07:24.538+0000] {processor.py:830} INFO - Processing file /opt/airflow/dags/example_dag.py for tasks to queue
[2024-06-27T23:07:24.539+0000] {logging_mixin.py:188} INFO - [2024-06-27T23:07:24.538+0000] {dagbag.py:545} INFO - Filling up the DagBag from /opt/airflow/dags/example_dag.py
[2024-06-27T23:07:24.546+0000] {processor.py:840} INFO - DAG(s) 'example_dag' retrieved from /opt/airflow/dags/example_dag.py
[2024-06-27T23:07:24.562+0000] {logging_mixin.py:188} INFO - [2024-06-27T23:07:24.561+0000] {dag.py:3096} INFO - Sync 1 DAGs
[2024-06-27T23:07:24.571+0000] {logging_mixin.py:188} INFO - [2024-06-27T23:07:24.570+0000] {dag.py:3954} INFO - Setting next_dagrun for example_dag to 2023-01-01 02:40:00+00:00, run_after=2023-01-01 02:50:00+00:00
[2024-06-27T23:07:24.577+0000] {processor.py:183} INFO - Processing /opt/airflow/dags/example_dag.py took 0.045 seconds
[2024-06-27T23:07:54.885+0000] {processor.py:161} INFO - Started process (PID=750) to work on /opt/airflow/dags/example_dag.py
[2024-06-27T23:07:54.885+0000] {processor.py:830} INFO - Processing file /opt/airflow/dags/example_dag.py for tasks to queue
[2024-06-27T23:07:54.886+0000] {logging_mixin.py:188} INFO - [2024-06-27T23:07:54.886+0000] {dagbag.py:545} INFO - Filling up the DagBag from /opt/airflow/dags/example_dag.py
[2024-06-27T23:07:54.894+0000] {processor.py:840} INFO - DAG(s) 'example_dag' retrieved from /opt/airflow/dags/example_dag.py
[2024-06-27T23:07:54.908+0000] {logging_mixin.py:188} INFO - [2024-06-27T23:07:54.908+0000] {dag.py:3096} INFO - Sync 1 DAGs
[2024-06-27T23:07:54.917+0000] {logging_mixin.py:188} INFO - [2024-06-27T23:07:54.917+0000] {dag.py:3954} INFO - Setting next_dagrun for example_dag to 2023-01-01 02:40:00+00:00, run_after=2023-01-01 02:50:00+00:00
[2024-06-27T23:07:54.923+0000] {processor.py:183} INFO - Processing /opt/airflow/dags/example_dag.py took 0.043 seconds
[2024-06-27T23:08:59.188+0000] {processor.py:161} INFO - Started process (PID=30) to work on /opt/airflow/dags/example_dag.py
[2024-06-27T23:08:59.189+0000] {processor.py:830} INFO - Processing file /opt/airflow/dags/example_dag.py for tasks to queue
[2024-06-27T23:08:59.190+0000] {logging_mixin.py:188} INFO - [2024-06-27T23:08:59.189+0000] {dagbag.py:545} INFO - Filling up the DagBag from /opt/airflow/dags/example_dag.py
[2024-06-27T23:08:59.201+0000] {processor.py:840} INFO - DAG(s) 'example_dag' retrieved from /opt/airflow/dags/example_dag.py
[2024-06-27T23:08:59.300+0000] {logging_mixin.py:188} INFO - [2024-06-27T23:08:59.299+0000] {override.py:1677} ERROR - Add Permission: (psycopg2.errors.UniqueViolation) duplicate key value violates unique constraint "ab_permission_name_uq"
DETAIL:  Key (name)=(can_read) already exists.

[SQL: INSERT INTO ab_permission (name) VALUES (%(name)s) RETURNING ab_permission.id]
[parameters: {'name': 'can_read'}]
(Background on this error at: https://sqlalche.me/e/14/gkpj)
[2024-06-27T23:08:59.302+0000] {logging_mixin.py:188} INFO - [2024-06-27T23:08:59.301+0000] {override.py:1829} INFO - Created Permission View: None on DAG:example_dag
[2024-06-27T23:08:59.305+0000] {logging_mixin.py:188} INFO - [2024-06-27T23:08:59.305+0000] {override.py:1829} INFO - Created Permission View: can delete on DAG:example_dag
[2024-06-27T23:08:59.306+0000] {logging_mixin.py:188} INFO - [2024-06-27T23:08:59.306+0000] {override.py:1829} INFO - Created Permission View: can edit on DAG:example_dag
[2024-06-27T23:08:59.307+0000] {logging_mixin.py:188} INFO - [2024-06-27T23:08:59.307+0000] {dag.py:3096} INFO - Sync 1 DAGs
[2024-06-27T23:08:59.310+0000] {logging_mixin.py:188} INFO - [2024-06-27T23:08:59.310+0000] {dag.py:3118} INFO - Creating ORM DAG for example_dag
[2024-06-27T23:08:59.314+0000] {logging_mixin.py:188} INFO - [2024-06-27T23:08:59.313+0000] {dag.py:3954} INFO - Setting next_dagrun for example_dag to 2023-01-01 00:00:00+00:00, run_after=2023-01-01 00:10:00+00:00
[2024-06-27T23:08:59.318+0000] {processor.py:183} INFO - Processing /opt/airflow/dags/example_dag.py took 0.133 seconds
[2024-06-27T23:09:29.364+0000] {processor.py:161} INFO - Started process (PID=295) to work on /opt/airflow/dags/example_dag.py
[2024-06-27T23:09:29.364+0000] {processor.py:830} INFO - Processing file /opt/airflow/dags/example_dag.py for tasks to queue
[2024-06-27T23:09:29.365+0000] {logging_mixin.py:188} INFO - [2024-06-27T23:09:29.365+0000] {dagbag.py:545} INFO - Filling up the DagBag from /opt/airflow/dags/example_dag.py
[2024-06-27T23:09:29.370+0000] {processor.py:840} INFO - DAG(s) 'example_dag' retrieved from /opt/airflow/dags/example_dag.py
[2024-06-27T23:09:29.383+0000] {logging_mixin.py:188} INFO - [2024-06-27T23:09:29.383+0000] {dag.py:3096} INFO - Sync 1 DAGs
[2024-06-27T23:09:29.392+0000] {logging_mixin.py:188} INFO - [2024-06-27T23:09:29.392+0000] {dag.py:3954} INFO - Setting next_dagrun for example_dag to 2023-01-01 01:40:00+00:00, run_after=2023-01-01 01:50:00+00:00
[2024-06-27T23:09:29.399+0000] {processor.py:183} INFO - Processing /opt/airflow/dags/example_dag.py took 0.038 seconds
[2024-06-27T23:09:59.496+0000] {processor.py:161} INFO - Started process (PID=550) to work on /opt/airflow/dags/example_dag.py
[2024-06-27T23:09:59.497+0000] {processor.py:830} INFO - Processing file /opt/airflow/dags/example_dag.py for tasks to queue
[2024-06-27T23:09:59.497+0000] {logging_mixin.py:188} INFO - [2024-06-27T23:09:59.497+0000] {dagbag.py:545} INFO - Filling up the DagBag from /opt/airflow/dags/example_dag.py
[2024-06-27T23:09:59.504+0000] {processor.py:840} INFO - DAG(s) 'example_dag' retrieved from /opt/airflow/dags/example_dag.py
[2024-06-27T23:09:59.511+0000] {logging_mixin.py:188} INFO - [2024-06-27T23:09:59.511+0000] {dag.py:3096} INFO - Sync 1 DAGs
[2024-06-27T23:09:59.520+0000] {logging_mixin.py:188} INFO - [2024-06-27T23:09:59.520+0000] {dag.py:3954} INFO - Setting next_dagrun for example_dag to 2023-01-01 03:10:00+00:00, run_after=2023-01-01 03:20:00+00:00
[2024-06-27T23:09:59.527+0000] {processor.py:183} INFO - Processing /opt/airflow/dags/example_dag.py took 0.034 seconds
[2024-06-27T23:10:29.805+0000] {processor.py:161} INFO - Started process (PID=682) to work on /opt/airflow/dags/example_dag.py
[2024-06-27T23:10:29.806+0000] {processor.py:830} INFO - Processing file /opt/airflow/dags/example_dag.py for tasks to queue
[2024-06-27T23:10:29.807+0000] {logging_mixin.py:188} INFO - [2024-06-27T23:10:29.807+0000] {dagbag.py:545} INFO - Filling up the DagBag from /opt/airflow/dags/example_dag.py
[2024-06-27T23:10:29.816+0000] {processor.py:840} INFO - DAG(s) 'example_dag' retrieved from /opt/airflow/dags/example_dag.py
[2024-06-27T23:10:29.881+0000] {logging_mixin.py:188} INFO - [2024-06-27T23:10:29.881+0000] {dag.py:3096} INFO - Sync 1 DAGs
[2024-06-27T23:10:29.889+0000] {logging_mixin.py:188} INFO - [2024-06-27T23:10:29.889+0000] {dag.py:3954} INFO - Setting next_dagrun for example_dag to 2023-01-01 03:40:00+00:00, run_after=2023-01-01 03:50:00+00:00
[2024-06-27T23:10:29.895+0000] {processor.py:183} INFO - Processing /opt/airflow/dags/example_dag.py took 0.095 seconds
[2024-06-27T23:11:00.151+0000] {processor.py:161} INFO - Started process (PID=692) to work on /opt/airflow/dags/example_dag.py
[2024-06-27T23:11:00.152+0000] {processor.py:830} INFO - Processing file /opt/airflow/dags/example_dag.py for tasks to queue
[2024-06-27T23:11:00.153+0000] {logging_mixin.py:188} INFO - [2024-06-27T23:11:00.153+0000] {dagbag.py:545} INFO - Filling up the DagBag from /opt/airflow/dags/example_dag.py
[2024-06-27T23:11:00.159+0000] {processor.py:840} INFO - DAG(s) 'example_dag' retrieved from /opt/airflow/dags/example_dag.py
[2024-06-27T23:11:00.173+0000] {logging_mixin.py:188} INFO - [2024-06-27T23:11:00.172+0000] {dag.py:3096} INFO - Sync 1 DAGs
[2024-06-27T23:11:00.182+0000] {logging_mixin.py:188} INFO - [2024-06-27T23:11:00.181+0000] {dag.py:3954} INFO - Setting next_dagrun for example_dag to 2023-01-01 03:40:00+00:00, run_after=2023-01-01 03:50:00+00:00
[2024-06-27T23:11:00.188+0000] {processor.py:183} INFO - Processing /opt/airflow/dags/example_dag.py took 0.040 seconds
[2024-06-27T23:11:30.527+0000] {processor.py:161} INFO - Started process (PID=702) to work on /opt/airflow/dags/example_dag.py
[2024-06-27T23:11:30.528+0000] {processor.py:830} INFO - Processing file /opt/airflow/dags/example_dag.py for tasks to queue
[2024-06-27T23:11:30.529+0000] {logging_mixin.py:188} INFO - [2024-06-27T23:11:30.529+0000] {dagbag.py:545} INFO - Filling up the DagBag from /opt/airflow/dags/example_dag.py
[2024-06-27T23:11:30.536+0000] {processor.py:840} INFO - DAG(s) 'example_dag' retrieved from /opt/airflow/dags/example_dag.py
[2024-06-27T23:11:30.551+0000] {logging_mixin.py:188} INFO - [2024-06-27T23:11:30.551+0000] {dag.py:3096} INFO - Sync 1 DAGs
[2024-06-27T23:11:30.560+0000] {logging_mixin.py:188} INFO - [2024-06-27T23:11:30.560+0000] {dag.py:3954} INFO - Setting next_dagrun for example_dag to 2023-01-01 03:40:00+00:00, run_after=2023-01-01 03:50:00+00:00
[2024-06-27T23:11:30.566+0000] {processor.py:183} INFO - Processing /opt/airflow/dags/example_dag.py took 0.044 seconds
[2024-06-27T23:12:36.754+0000] {processor.py:161} INFO - Started process (PID=30) to work on /opt/airflow/dags/example_dag.py
[2024-06-27T23:12:36.755+0000] {processor.py:830} INFO - Processing file /opt/airflow/dags/example_dag.py for tasks to queue
[2024-06-27T23:12:36.756+0000] {logging_mixin.py:188} INFO - [2024-06-27T23:12:36.756+0000] {dagbag.py:545} INFO - Filling up the DagBag from /opt/airflow/dags/example_dag.py
[2024-06-27T23:12:36.769+0000] {processor.py:840} INFO - DAG(s) 'example_dag' retrieved from /opt/airflow/dags/example_dag.py
[2024-06-27T23:12:36.868+0000] {logging_mixin.py:188} INFO - [2024-06-27T23:12:36.868+0000] {override.py:1677} ERROR - Add Permission: (psycopg2.errors.UniqueViolation) duplicate key value violates unique constraint "ab_permission_name_uq"
DETAIL:  Key (name)=(can_delete) already exists.

[SQL: INSERT INTO ab_permission (name) VALUES (%(name)s) RETURNING ab_permission.id]
[parameters: {'name': 'can_delete'}]
(Background on this error at: https://sqlalche.me/e/14/gkpj)
[2024-06-27T23:12:36.870+0000] {logging_mixin.py:188} INFO - [2024-06-27T23:12:36.870+0000] {override.py:1829} INFO - Created Permission View: None on DAG:example_dag
[2024-06-27T23:12:36.873+0000] {logging_mixin.py:188} INFO - [2024-06-27T23:12:36.873+0000] {override.py:1829} INFO - Created Permission View: can edit on DAG:example_dag
[2024-06-27T23:12:36.875+0000] {logging_mixin.py:188} INFO - [2024-06-27T23:12:36.875+0000] {override.py:1829} INFO - Created Permission View: can read on DAG:example_dag
[2024-06-27T23:12:36.875+0000] {logging_mixin.py:188} INFO - [2024-06-27T23:12:36.875+0000] {dag.py:3096} INFO - Sync 1 DAGs
[2024-06-27T23:12:36.879+0000] {logging_mixin.py:188} INFO - [2024-06-27T23:12:36.879+0000] {dag.py:3118} INFO - Creating ORM DAG for example_dag
[2024-06-27T23:12:36.883+0000] {logging_mixin.py:188} INFO - [2024-06-27T23:12:36.883+0000] {dag.py:3954} INFO - Setting next_dagrun for example_dag to 2023-01-01 00:00:00+00:00, run_after=2023-01-01 00:10:00+00:00
[2024-06-27T23:12:36.888+0000] {processor.py:183} INFO - Processing /opt/airflow/dags/example_dag.py took 0.137 seconds
[2024-06-27T23:13:06.925+0000] {processor.py:161} INFO - Started process (PID=284) to work on /opt/airflow/dags/example_dag.py
[2024-06-27T23:13:06.925+0000] {processor.py:830} INFO - Processing file /opt/airflow/dags/example_dag.py for tasks to queue
[2024-06-27T23:13:06.926+0000] {logging_mixin.py:188} INFO - [2024-06-27T23:13:06.926+0000] {dagbag.py:545} INFO - Filling up the DagBag from /opt/airflow/dags/example_dag.py
[2024-06-27T23:13:06.931+0000] {processor.py:840} INFO - DAG(s) 'example_dag' retrieved from /opt/airflow/dags/example_dag.py
[2024-06-27T23:13:06.944+0000] {logging_mixin.py:188} INFO - [2024-06-27T23:13:06.944+0000] {dag.py:3096} INFO - Sync 1 DAGs
[2024-06-27T23:13:06.953+0000] {logging_mixin.py:188} INFO - [2024-06-27T23:13:06.952+0000] {dag.py:3954} INFO - Setting next_dagrun for example_dag to 2023-01-01 01:40:00+00:00, run_after=2023-01-01 01:50:00+00:00
[2024-06-27T23:13:06.960+0000] {processor.py:183} INFO - Processing /opt/airflow/dags/example_dag.py took 0.037 seconds
[2024-06-27T23:13:37.135+0000] {processor.py:161} INFO - Started process (PID=524) to work on /opt/airflow/dags/example_dag.py
[2024-06-27T23:13:37.136+0000] {processor.py:830} INFO - Processing file /opt/airflow/dags/example_dag.py for tasks to queue
[2024-06-27T23:13:37.137+0000] {logging_mixin.py:188} INFO - [2024-06-27T23:13:37.137+0000] {dagbag.py:545} INFO - Filling up the DagBag from /opt/airflow/dags/example_dag.py
[2024-06-27T23:13:37.144+0000] {processor.py:840} INFO - DAG(s) 'example_dag' retrieved from /opt/airflow/dags/example_dag.py
[2024-06-27T23:13:37.151+0000] {logging_mixin.py:188} INFO - [2024-06-27T23:13:37.151+0000] {dag.py:3096} INFO - Sync 1 DAGs
[2024-06-27T23:13:37.162+0000] {logging_mixin.py:188} INFO - [2024-06-27T23:13:37.162+0000] {dag.py:3954} INFO - Setting next_dagrun for example_dag to 2023-01-01 02:40:00+00:00, run_after=2023-01-01 02:50:00+00:00
[2024-06-27T23:13:37.169+0000] {processor.py:183} INFO - Processing /opt/airflow/dags/example_dag.py took 0.038 seconds
[2024-06-27T23:14:07.502+0000] {processor.py:161} INFO - Started process (PID=534) to work on /opt/airflow/dags/example_dag.py
[2024-06-27T23:14:07.502+0000] {processor.py:830} INFO - Processing file /opt/airflow/dags/example_dag.py for tasks to queue
[2024-06-27T23:14:07.503+0000] {logging_mixin.py:188} INFO - [2024-06-27T23:14:07.503+0000] {dagbag.py:545} INFO - Filling up the DagBag from /opt/airflow/dags/example_dag.py
[2024-06-27T23:14:07.513+0000] {processor.py:840} INFO - DAG(s) 'example_dag' retrieved from /opt/airflow/dags/example_dag.py
[2024-06-27T23:14:07.566+0000] {logging_mixin.py:188} INFO - [2024-06-27T23:14:07.566+0000] {dag.py:3096} INFO - Sync 1 DAGs
[2024-06-27T23:14:07.574+0000] {logging_mixin.py:188} INFO - [2024-06-27T23:14:07.574+0000] {dag.py:3954} INFO - Setting next_dagrun for example_dag to 2023-01-01 02:40:00+00:00, run_after=2023-01-01 02:50:00+00:00
[2024-06-27T23:14:07.580+0000] {processor.py:183} INFO - Processing /opt/airflow/dags/example_dag.py took 0.084 seconds
[2024-06-27T23:14:37.810+0000] {processor.py:161} INFO - Started process (PID=544) to work on /opt/airflow/dags/example_dag.py
[2024-06-27T23:14:37.811+0000] {processor.py:830} INFO - Processing file /opt/airflow/dags/example_dag.py for tasks to queue
[2024-06-27T23:14:37.812+0000] {logging_mixin.py:188} INFO - [2024-06-27T23:14:37.812+0000] {dagbag.py:545} INFO - Filling up the DagBag from /opt/airflow/dags/example_dag.py
[2024-06-27T23:14:37.821+0000] {processor.py:840} INFO - DAG(s) 'example_dag' retrieved from /opt/airflow/dags/example_dag.py
[2024-06-27T23:14:37.841+0000] {logging_mixin.py:188} INFO - [2024-06-27T23:14:37.841+0000] {dag.py:3096} INFO - Sync 1 DAGs
[2024-06-27T23:14:37.852+0000] {logging_mixin.py:188} INFO - [2024-06-27T23:14:37.852+0000] {dag.py:3954} INFO - Setting next_dagrun for example_dag to 2023-01-01 02:40:00+00:00, run_after=2023-01-01 02:50:00+00:00
[2024-06-27T23:14:37.860+0000] {processor.py:183} INFO - Processing /opt/airflow/dags/example_dag.py took 0.054 seconds
[2024-06-27T23:15:08.137+0000] {processor.py:161} INFO - Started process (PID=554) to work on /opt/airflow/dags/example_dag.py
[2024-06-27T23:15:08.138+0000] {processor.py:830} INFO - Processing file /opt/airflow/dags/example_dag.py for tasks to queue
[2024-06-27T23:15:08.139+0000] {logging_mixin.py:188} INFO - [2024-06-27T23:15:08.139+0000] {dagbag.py:545} INFO - Filling up the DagBag from /opt/airflow/dags/example_dag.py
[2024-06-27T23:15:08.146+0000] {processor.py:840} INFO - DAG(s) 'example_dag' retrieved from /opt/airflow/dags/example_dag.py
[2024-06-27T23:15:08.161+0000] {logging_mixin.py:188} INFO - [2024-06-27T23:15:08.161+0000] {dag.py:3096} INFO - Sync 1 DAGs
[2024-06-27T23:15:08.170+0000] {logging_mixin.py:188} INFO - [2024-06-27T23:15:08.170+0000] {dag.py:3954} INFO - Setting next_dagrun for example_dag to 2023-01-01 02:40:00+00:00, run_after=2023-01-01 02:50:00+00:00
[2024-06-27T23:15:08.176+0000] {processor.py:183} INFO - Processing /opt/airflow/dags/example_dag.py took 0.043 seconds
[2024-06-27T23:15:38.442+0000] {processor.py:161} INFO - Started process (PID=564) to work on /opt/airflow/dags/example_dag.py
[2024-06-27T23:15:38.442+0000] {processor.py:830} INFO - Processing file /opt/airflow/dags/example_dag.py for tasks to queue
[2024-06-27T23:15:38.443+0000] {logging_mixin.py:188} INFO - [2024-06-27T23:15:38.443+0000] {dagbag.py:545} INFO - Filling up the DagBag from /opt/airflow/dags/example_dag.py
[2024-06-27T23:15:38.448+0000] {processor.py:840} INFO - DAG(s) 'example_dag' retrieved from /opt/airflow/dags/example_dag.py
[2024-06-27T23:15:38.458+0000] {logging_mixin.py:188} INFO - [2024-06-27T23:15:38.458+0000] {dag.py:3096} INFO - Sync 1 DAGs
[2024-06-27T23:15:38.465+0000] {logging_mixin.py:188} INFO - [2024-06-27T23:15:38.465+0000] {dag.py:3954} INFO - Setting next_dagrun for example_dag to 2023-01-01 02:40:00+00:00, run_after=2023-01-01 02:50:00+00:00
[2024-06-27T23:15:38.471+0000] {processor.py:183} INFO - Processing /opt/airflow/dags/example_dag.py took 0.031 seconds
[2024-06-27T23:16:08.767+0000] {processor.py:161} INFO - Started process (PID=574) to work on /opt/airflow/dags/example_dag.py
[2024-06-27T23:16:08.767+0000] {processor.py:830} INFO - Processing file /opt/airflow/dags/example_dag.py for tasks to queue
[2024-06-27T23:16:08.768+0000] {logging_mixin.py:188} INFO - [2024-06-27T23:16:08.768+0000] {dagbag.py:545} INFO - Filling up the DagBag from /opt/airflow/dags/example_dag.py
[2024-06-27T23:16:08.773+0000] {processor.py:840} INFO - DAG(s) 'example_dag' retrieved from /opt/airflow/dags/example_dag.py
[2024-06-27T23:16:08.785+0000] {logging_mixin.py:188} INFO - [2024-06-27T23:16:08.785+0000] {dag.py:3096} INFO - Sync 1 DAGs
[2024-06-27T23:16:08.793+0000] {logging_mixin.py:188} INFO - [2024-06-27T23:16:08.793+0000] {dag.py:3954} INFO - Setting next_dagrun for example_dag to 2023-01-01 02:40:00+00:00, run_after=2023-01-01 02:50:00+00:00
[2024-06-27T23:16:08.800+0000] {processor.py:183} INFO - Processing /opt/airflow/dags/example_dag.py took 0.035 seconds
[2024-06-27T23:16:39.119+0000] {processor.py:161} INFO - Started process (PID=576) to work on /opt/airflow/dags/example_dag.py
[2024-06-27T23:16:39.119+0000] {processor.py:830} INFO - Processing file /opt/airflow/dags/example_dag.py for tasks to queue
[2024-06-27T23:16:39.120+0000] {logging_mixin.py:188} INFO - [2024-06-27T23:16:39.120+0000] {dagbag.py:545} INFO - Filling up the DagBag from /opt/airflow/dags/example_dag.py
[2024-06-27T23:16:39.128+0000] {processor.py:840} INFO - DAG(s) 'example_dag' retrieved from /opt/airflow/dags/example_dag.py
[2024-06-27T23:16:39.142+0000] {logging_mixin.py:188} INFO - [2024-06-27T23:16:39.142+0000] {dag.py:3096} INFO - Sync 1 DAGs
[2024-06-27T23:16:39.150+0000] {logging_mixin.py:188} INFO - [2024-06-27T23:16:39.150+0000] {dag.py:3954} INFO - Setting next_dagrun for example_dag to 2023-01-01 02:40:00+00:00, run_after=2023-01-01 02:50:00+00:00
[2024-06-27T23:16:39.158+0000] {processor.py:183} INFO - Processing /opt/airflow/dags/example_dag.py took 0.044 seconds
[2024-06-27T23:17:09.461+0000] {processor.py:161} INFO - Started process (PID=586) to work on /opt/airflow/dags/example_dag.py
[2024-06-27T23:17:09.462+0000] {processor.py:830} INFO - Processing file /opt/airflow/dags/example_dag.py for tasks to queue
[2024-06-27T23:17:09.462+0000] {logging_mixin.py:188} INFO - [2024-06-27T23:17:09.462+0000] {dagbag.py:545} INFO - Filling up the DagBag from /opt/airflow/dags/example_dag.py
[2024-06-27T23:17:09.467+0000] {processor.py:840} INFO - DAG(s) 'example_dag' retrieved from /opt/airflow/dags/example_dag.py
[2024-06-27T23:17:09.478+0000] {logging_mixin.py:188} INFO - [2024-06-27T23:17:09.478+0000] {dag.py:3096} INFO - Sync 1 DAGs
[2024-06-27T23:17:09.485+0000] {logging_mixin.py:188} INFO - [2024-06-27T23:17:09.485+0000] {dag.py:3954} INFO - Setting next_dagrun for example_dag to 2023-01-01 02:40:00+00:00, run_after=2023-01-01 02:50:00+00:00
[2024-06-27T23:17:09.492+0000] {processor.py:183} INFO - Processing /opt/airflow/dags/example_dag.py took 0.032 seconds
[2024-06-27T23:17:39.818+0000] {processor.py:161} INFO - Started process (PID=596) to work on /opt/airflow/dags/example_dag.py
[2024-06-27T23:17:39.818+0000] {processor.py:830} INFO - Processing file /opt/airflow/dags/example_dag.py for tasks to queue
[2024-06-27T23:17:39.819+0000] {logging_mixin.py:188} INFO - [2024-06-27T23:17:39.819+0000] {dagbag.py:545} INFO - Filling up the DagBag from /opt/airflow/dags/example_dag.py
[2024-06-27T23:17:39.826+0000] {processor.py:840} INFO - DAG(s) 'example_dag' retrieved from /opt/airflow/dags/example_dag.py
[2024-06-27T23:17:39.845+0000] {logging_mixin.py:188} INFO - [2024-06-27T23:17:39.845+0000] {dag.py:3096} INFO - Sync 1 DAGs
[2024-06-27T23:17:39.857+0000] {logging_mixin.py:188} INFO - [2024-06-27T23:17:39.857+0000] {dag.py:3954} INFO - Setting next_dagrun for example_dag to 2023-01-01 02:40:00+00:00, run_after=2023-01-01 02:50:00+00:00
[2024-06-27T23:17:39.865+0000] {processor.py:183} INFO - Processing /opt/airflow/dags/example_dag.py took 0.051 seconds
[2024-06-27T23:18:30.306+0000] {processor.py:161} INFO - Started process (PID=29) to work on /opt/airflow/dags/example_dag.py
[2024-06-27T23:18:30.307+0000] {processor.py:830} INFO - Processing file /opt/airflow/dags/example_dag.py for tasks to queue
[2024-06-27T23:18:30.308+0000] {logging_mixin.py:188} INFO - [2024-06-27T23:18:30.308+0000] {dagbag.py:545} INFO - Filling up the DagBag from /opt/airflow/dags/example_dag.py
[2024-06-27T23:18:30.321+0000] {processor.py:840} INFO - DAG(s) 'example_dag' retrieved from /opt/airflow/dags/example_dag.py
[2024-06-27T23:18:30.424+0000] {logging_mixin.py:188} INFO - [2024-06-27T23:18:30.424+0000] {override.py:1677} ERROR - Add Permission: (psycopg2.errors.UniqueViolation) duplicate key value violates unique constraint "ab_permission_name_uq"
DETAIL:  Key (name)=(can_delete) already exists.

[SQL: INSERT INTO ab_permission (name) VALUES (%(name)s) RETURNING ab_permission.id]
[parameters: {'name': 'can_delete'}]
(Background on this error at: https://sqlalche.me/e/14/gkpj)
[2024-06-27T23:18:30.426+0000] {logging_mixin.py:188} INFO - [2024-06-27T23:18:30.426+0000] {override.py:1829} INFO - Created Permission View: None on DAG:example_dag
[2024-06-27T23:18:30.429+0000] {logging_mixin.py:188} INFO - [2024-06-27T23:18:30.429+0000] {override.py:1829} INFO - Created Permission View: can edit on DAG:example_dag
[2024-06-27T23:18:30.431+0000] {logging_mixin.py:188} INFO - [2024-06-27T23:18:30.431+0000] {override.py:1829} INFO - Created Permission View: can read on DAG:example_dag
[2024-06-27T23:18:30.431+0000] {logging_mixin.py:188} INFO - [2024-06-27T23:18:30.431+0000] {dag.py:3096} INFO - Sync 1 DAGs
[2024-06-27T23:18:30.434+0000] {logging_mixin.py:188} INFO - [2024-06-27T23:18:30.434+0000] {dag.py:3118} INFO - Creating ORM DAG for example_dag
[2024-06-27T23:18:30.438+0000] {logging_mixin.py:188} INFO - [2024-06-27T23:18:30.438+0000] {dag.py:3954} INFO - Setting next_dagrun for example_dag to 2023-01-01 00:00:00+00:00, run_after=2023-01-01 00:10:00+00:00
[2024-06-27T23:18:30.443+0000] {processor.py:183} INFO - Processing /opt/airflow/dags/example_dag.py took 0.139 seconds
[2024-06-27T23:19:00.620+0000] {processor.py:161} INFO - Started process (PID=282) to work on /opt/airflow/dags/example_dag.py
[2024-06-27T23:19:00.620+0000] {processor.py:830} INFO - Processing file /opt/airflow/dags/example_dag.py for tasks to queue
[2024-06-27T23:19:00.621+0000] {logging_mixin.py:188} INFO - [2024-06-27T23:19:00.621+0000] {dagbag.py:545} INFO - Filling up the DagBag from /opt/airflow/dags/example_dag.py
[2024-06-27T23:19:00.626+0000] {processor.py:840} INFO - DAG(s) 'example_dag' retrieved from /opt/airflow/dags/example_dag.py
[2024-06-27T23:19:00.637+0000] {logging_mixin.py:188} INFO - [2024-06-27T23:19:00.637+0000] {dag.py:3096} INFO - Sync 1 DAGs
[2024-06-27T23:19:00.647+0000] {logging_mixin.py:188} INFO - [2024-06-27T23:19:00.647+0000] {dag.py:3954} INFO - Setting next_dagrun for example_dag to 2023-01-01 01:30:00+00:00, run_after=2023-01-01 01:40:00+00:00
[2024-06-27T23:19:00.655+0000] {processor.py:183} INFO - Processing /opt/airflow/dags/example_dag.py took 0.037 seconds
