[2024-07-04T04:56:20.945+0000] {taskinstance.py:1103} INFO - Dependencies all met for dep_context=non-requeueable deps ti=<TaskInstance: dbt_run_dag.run_dbt scheduled__2024-07-04T01:51:14.561768+00:00 [queued]>
[2024-07-04T04:56:20.948+0000] {taskinstance.py:1103} INFO - Dependencies all met for dep_context=requeueable deps ti=<TaskInstance: dbt_run_dag.run_dbt scheduled__2024-07-04T01:51:14.561768+00:00 [queued]>
[2024-07-04T04:56:20.948+0000] {taskinstance.py:1308} INFO - Starting attempt 2 of 2
[2024-07-04T04:56:20.952+0000] {taskinstance.py:1327} INFO - Executing <Task(BashOperator): run_dbt> on 2024-07-04 01:51:14.561768+00:00
[2024-07-04T04:56:20.954+0000] {standard_task_runner.py:57} INFO - Started process 1510 to run task
[2024-07-04T04:56:20.955+0000] {standard_task_runner.py:84} INFO - Running: ['airflow', 'tasks', 'run', 'dbt_run_dag', 'run_dbt', 'scheduled__2024-07-04T01:51:14.561768+00:00', '--job-id', '769', '--raw', '--subdir', 'DAGS_FOLDER/dbt_run_dag.py', '--cfg-path', '/tmp/tmp53ndbkg1']
[2024-07-04T04:56:20.956+0000] {standard_task_runner.py:85} INFO - Job 769: Subtask run_dbt
[2024-07-04T04:56:20.974+0000] {task_command.py:410} INFO - Running <TaskInstance: dbt_run_dag.run_dbt scheduled__2024-07-04T01:51:14.561768+00:00 [running]> on host 4fed17f53631
[2024-07-04T04:56:21.008+0000] {taskinstance.py:1545} INFO - Exporting env vars: AIRFLOW_CTX_DAG_OWNER='airflow' AIRFLOW_CTX_DAG_ID='dbt_run_dag' AIRFLOW_CTX_TASK_ID='run_dbt' AIRFLOW_CTX_EXECUTION_DATE='2024-07-04T01:51:14.561768+00:00' AIRFLOW_CTX_TRY_NUMBER='2' AIRFLOW_CTX_DAG_RUN_ID='scheduled__2024-07-04T01:51:14.561768+00:00'
[2024-07-04T04:56:21.009+0000] {subprocess.py:63} INFO - Tmp dir root location: 
 /tmp
[2024-07-04T04:56:21.009+0000] {subprocess.py:75} INFO - Running command: ['/bin/bash', '-c', 'cd /opt/airflow/dbt && dbt run --profiles-dir /opt/airflow/dbt']
[2024-07-04T04:56:21.011+0000] {subprocess.py:86} INFO - Output:
[2024-07-04T04:56:21.849+0000] {subprocess.py:93} INFO - [0m04:56:21  Running with dbt=1.8.3
[2024-07-04T04:56:21.944+0000] {subprocess.py:93} INFO - [0m04:56:21  Registered adapter: ***=1.8.2
[2024-07-04T04:56:22.102+0000] {subprocess.py:93} INFO - [0m04:56:22  Found 1 model, 1 source, 415 macros
[2024-07-04T04:56:22.103+0000] {subprocess.py:93} INFO - [0m04:56:22
[2024-07-04T04:56:22.143+0000] {subprocess.py:93} INFO - [0m04:56:22  Concurrency: 4 threads (target='dev')
[2024-07-04T04:56:22.143+0000] {subprocess.py:93} INFO - [0m04:56:22
[2024-07-04T04:56:22.147+0000] {subprocess.py:93} INFO - [0m04:56:22  1 of 1 START sql view model public.users ....................................... [RUN]
[2024-07-04T04:56:22.179+0000] {subprocess.py:93} INFO - [0m04:56:22  1 of 1 ERROR creating sql view model public.users .............................. [[31mERROR[0m in 0.03s]
[2024-07-04T04:56:22.184+0000] {subprocess.py:93} INFO - [0m04:56:22
[2024-07-04T04:56:22.185+0000] {subprocess.py:93} INFO - [0m04:56:22  Finished running 1 view model in 0 hours 0 minutes and 0.08 seconds (0.08s).
[2024-07-04T04:56:22.205+0000] {subprocess.py:93} INFO - [0m04:56:22
[2024-07-04T04:56:22.205+0000] {subprocess.py:93} INFO - [0m04:56:22  [31mCompleted with 1 error and 0 warnings:[0m
[2024-07-04T04:56:22.205+0000] {subprocess.py:93} INFO - [0m04:56:22
[2024-07-04T04:56:22.206+0000] {subprocess.py:93} INFO - [0m04:56:22    Database Error in model users (models/users.sql)
[2024-07-04T04:56:22.206+0000] {subprocess.py:93} INFO -   relation "public.users" does not exist
[2024-07-04T04:56:22.206+0000] {subprocess.py:93} INFO -   LINE 12:     "company_dw"."public"."users"
[2024-07-04T04:56:22.206+0000] {subprocess.py:93} INFO -                ^
[2024-07-04T04:56:22.206+0000] {subprocess.py:93} INFO -   compiled Code at target/run/ecomm_data_demo/models/users.sql
[2024-07-04T04:56:22.206+0000] {subprocess.py:93} INFO - [0m04:56:22
[2024-07-04T04:56:22.206+0000] {subprocess.py:93} INFO - [0m04:56:22  Done. PASS=0 WARN=0 ERROR=1 SKIP=0 TOTAL=1
[2024-07-04T04:56:22.683+0000] {subprocess.py:97} INFO - Command exited with return code 1
[2024-07-04T04:56:22.689+0000] {taskinstance.py:1824} ERROR - Task failed with exception
Traceback (most recent call last):
  File "/home/airflow/.local/lib/python3.9/site-packages/airflow/operators/bash.py", line 210, in execute
    raise AirflowException(
airflow.exceptions.AirflowException: Bash command failed. The command returned a non-zero exit code 1.
[2024-07-04T04:56:22.691+0000] {taskinstance.py:1345} INFO - Marking task as FAILED. dag_id=dbt_run_dag, task_id=run_dbt, execution_date=20240704T015114, start_date=20240704T045620, end_date=20240704T045622
[2024-07-04T04:56:22.697+0000] {standard_task_runner.py:104} ERROR - Failed to execute job 769 for task run_dbt (Bash command failed. The command returned a non-zero exit code 1.; 1510)
[2024-07-04T04:56:22.729+0000] {local_task_job_runner.py:225} INFO - Task exited with return code 1
[2024-07-04T04:56:22.737+0000] {taskinstance.py:2651} INFO - 0 downstream tasks scheduled from follow-on schedule check
