[2024-07-04T04:51:16.290+0000] {taskinstance.py:1103} INFO - Dependencies all met for dep_context=non-requeueable deps ti=<TaskInstance: dbt_run_dag.run_dbt scheduled__2024-07-04T01:51:14.561768+00:00 [queued]>
[2024-07-04T04:51:16.293+0000] {taskinstance.py:1103} INFO - Dependencies all met for dep_context=requeueable deps ti=<TaskInstance: dbt_run_dag.run_dbt scheduled__2024-07-04T01:51:14.561768+00:00 [queued]>
[2024-07-04T04:51:16.294+0000] {taskinstance.py:1308} INFO - Starting attempt 1 of 2
[2024-07-04T04:51:16.300+0000] {taskinstance.py:1327} INFO - Executing <Task(BashOperator): run_dbt> on 2024-07-04 01:51:14.561768+00:00
[2024-07-04T04:51:16.301+0000] {standard_task_runner.py:57} INFO - Started process 1341 to run task
[2024-07-04T04:51:16.304+0000] {standard_task_runner.py:84} INFO - Running: ['airflow', 'tasks', 'run', 'dbt_run_dag', 'run_dbt', 'scheduled__2024-07-04T01:51:14.561768+00:00', '--job-id', '768', '--raw', '--subdir', 'DAGS_FOLDER/dbt_run_dag.py', '--cfg-path', '/tmp/tmpnfh34x9u']
[2024-07-04T04:51:16.305+0000] {standard_task_runner.py:85} INFO - Job 768: Subtask run_dbt
[2024-07-04T04:51:16.342+0000] {task_command.py:410} INFO - Running <TaskInstance: dbt_run_dag.run_dbt scheduled__2024-07-04T01:51:14.561768+00:00 [running]> on host 4fed17f53631
[2024-07-04T04:51:16.389+0000] {taskinstance.py:1545} INFO - Exporting env vars: AIRFLOW_CTX_DAG_OWNER='airflow' AIRFLOW_CTX_DAG_ID='dbt_run_dag' AIRFLOW_CTX_TASK_ID='run_dbt' AIRFLOW_CTX_EXECUTION_DATE='2024-07-04T01:51:14.561768+00:00' AIRFLOW_CTX_TRY_NUMBER='1' AIRFLOW_CTX_DAG_RUN_ID='scheduled__2024-07-04T01:51:14.561768+00:00'
[2024-07-04T04:51:16.389+0000] {subprocess.py:63} INFO - Tmp dir root location: 
 /tmp
[2024-07-04T04:51:16.390+0000] {subprocess.py:75} INFO - Running command: ['/bin/bash', '-c', 'cd /opt/airflow/dbt && dbt run --profiles-dir /opt/airflow/dbt']
[2024-07-04T04:51:16.392+0000] {subprocess.py:86} INFO - Output:
[2024-07-04T04:51:17.489+0000] {subprocess.py:93} INFO - [0m04:51:17  Running with dbt=1.8.3
[2024-07-04T04:51:17.596+0000] {subprocess.py:93} INFO - [0m04:51:17  Registered adapter: ***=1.8.2
[2024-07-04T04:51:17.691+0000] {subprocess.py:93} INFO - [0m04:51:17  Unable to do partial parsing because config vars, config profile, or config target have changed
[2024-07-04T04:51:18.244+0000] {subprocess.py:93} INFO - [0m04:51:18  Found 1 model, 1 source, 415 macros
[2024-07-04T04:51:18.245+0000] {subprocess.py:93} INFO - [0m04:51:18
[2024-07-04T04:51:18.320+0000] {subprocess.py:93} INFO - [0m04:51:18  Concurrency: 4 threads (target='dev')
[2024-07-04T04:51:18.320+0000] {subprocess.py:93} INFO - [0m04:51:18
[2024-07-04T04:51:18.324+0000] {subprocess.py:93} INFO - [0m04:51:18  1 of 1 START sql view model public.users ....................................... [RUN]
[2024-07-04T04:51:18.357+0000] {subprocess.py:93} INFO - [0m04:51:18  1 of 1 ERROR creating sql view model public.users .............................. [[31mERROR[0m in 0.03s]
[2024-07-04T04:51:18.364+0000] {subprocess.py:93} INFO - [0m04:51:18
[2024-07-04T04:51:18.364+0000] {subprocess.py:93} INFO - [0m04:51:18  Finished running 1 view model in 0 hours 0 minutes and 0.12 seconds (0.12s).
[2024-07-04T04:51:18.385+0000] {subprocess.py:93} INFO - [0m04:51:18
[2024-07-04T04:51:18.385+0000] {subprocess.py:93} INFO - [0m04:51:18  [31mCompleted with 1 error and 0 warnings:[0m
[2024-07-04T04:51:18.386+0000] {subprocess.py:93} INFO - [0m04:51:18
[2024-07-04T04:51:18.386+0000] {subprocess.py:93} INFO - [0m04:51:18    Database Error in model users (models/users.sql)
[2024-07-04T04:51:18.386+0000] {subprocess.py:93} INFO -   relation "public.users" does not exist
[2024-07-04T04:51:18.386+0000] {subprocess.py:93} INFO -   LINE 12:     "company_dw"."public"."users"
[2024-07-04T04:51:18.386+0000] {subprocess.py:93} INFO -                ^
[2024-07-04T04:51:18.386+0000] {subprocess.py:93} INFO -   compiled Code at target/run/ecomm_data_demo/models/users.sql
[2024-07-04T04:51:18.386+0000] {subprocess.py:93} INFO - [0m04:51:18
[2024-07-04T04:51:18.386+0000] {subprocess.py:93} INFO - [0m04:51:18  Done. PASS=0 WARN=0 ERROR=1 SKIP=0 TOTAL=1
[2024-07-04T04:51:19.007+0000] {subprocess.py:97} INFO - Command exited with return code 1
[2024-07-04T04:51:19.016+0000] {taskinstance.py:1824} ERROR - Task failed with exception
Traceback (most recent call last):
  File "/home/airflow/.local/lib/python3.9/site-packages/airflow/operators/bash.py", line 210, in execute
    raise AirflowException(
airflow.exceptions.AirflowException: Bash command failed. The command returned a non-zero exit code 1.
[2024-07-04T04:51:19.018+0000] {taskinstance.py:1345} INFO - Marking task as UP_FOR_RETRY. dag_id=dbt_run_dag, task_id=run_dbt, execution_date=20240704T015114, start_date=20240704T045116, end_date=20240704T045119
[2024-07-04T04:51:19.025+0000] {standard_task_runner.py:104} ERROR - Failed to execute job 768 for task run_dbt (Bash command failed. The command returned a non-zero exit code 1.; 1341)
[2024-07-04T04:51:19.042+0000] {local_task_job_runner.py:225} INFO - Task exited with return code 1
[2024-07-04T04:51:19.052+0000] {taskinstance.py:2651} INFO - 0 downstream tasks scheduled from follow-on schedule check
