[2024-07-06T18:43:04.987+0000] {taskinstance.py:1103} INFO - Dependencies all met for dep_context=non-requeueable deps ti=<TaskInstance: initialize_etl_environment.create_google_search_table manual__2024-07-06T18:42:57.499226+00:00 [queued]>
[2024-07-06T18:43:04.990+0000] {taskinstance.py:1103} INFO - Dependencies all met for dep_context=requeueable deps ti=<TaskInstance: initialize_etl_environment.create_google_search_table manual__2024-07-06T18:42:57.499226+00:00 [queued]>
[2024-07-06T18:43:04.990+0000] {taskinstance.py:1308} INFO - Starting attempt 1 of 2
[2024-07-06T18:43:04.994+0000] {taskinstance.py:1327} INFO - Executing <Task(PostgresOperator): create_google_search_table> on 2024-07-06 18:42:57.499226+00:00
[2024-07-06T18:43:04.996+0000] {standard_task_runner.py:57} INFO - Started process 1332 to run task
[2024-07-06T18:43:04.997+0000] {standard_task_runner.py:84} INFO - Running: ['airflow', 'tasks', 'run', 'initialize_etl_environment', 'create_google_search_table', 'manual__2024-07-06T18:42:57.499226+00:00', '--job-id', '893', '--raw', '--subdir', 'DAGS_FOLDER/etl_env_init.py', '--cfg-path', '/tmp/tmpszsre1ec']
[2024-07-06T18:43:04.998+0000] {standard_task_runner.py:85} INFO - Job 893: Subtask create_google_search_table
[2024-07-06T18:43:05.018+0000] {task_command.py:410} INFO - Running <TaskInstance: initialize_etl_environment.create_google_search_table manual__2024-07-06T18:42:57.499226+00:00 [running]> on host f6bf59d3e65b
[2024-07-06T18:43:05.072+0000] {taskinstance.py:1545} INFO - Exporting env vars: AIRFLOW_CTX_DAG_EMAIL='airflow@example.com' AIRFLOW_CTX_DAG_OWNER='airflow' AIRFLOW_CTX_DAG_ID='initialize_etl_environment' AIRFLOW_CTX_TASK_ID='create_google_search_table' AIRFLOW_CTX_EXECUTION_DATE='2024-07-06T18:42:57.499226+00:00' AIRFLOW_CTX_TRY_NUMBER='1' AIRFLOW_CTX_DAG_RUN_ID='manual__2024-07-06T18:42:57.499226+00:00'
[2024-07-06T18:43:05.073+0000] {sql.py:262} INFO - Executing: 
    CREATE TABLE IF NOT EXISTS raw.google_search (
        id INT PRIMARY KEY,
        date DATE NOT NULL,
        campaign VARCHAR(100),
        ad VARCHAR(100),
        impressions INT,
        clicks INT,
        cost DECIMAL(10, 2),
        conversions INT,
        created_at TIMESTAMP 
    );
        
    
[2024-07-06T18:43:05.078+0000] {base.py:73} INFO - Using connection ID 'company_dw' for task execution.
[2024-07-06T18:43:05.105+0000] {base.py:73} INFO - Using connection ID 'company_dw' for task execution.
[2024-07-06T18:43:05.107+0000] {sql.py:375} INFO - Running statement: 
    CREATE TABLE IF NOT EXISTS raw.google_search (
        id INT PRIMARY KEY,
        date DATE NOT NULL,
        campaign VARCHAR(100),
        ad VARCHAR(100),
        impressions INT,
        clicks INT,
        cost DECIMAL(10, 2),
        conversions INT,
        created_at TIMESTAMP 
    );
        
    , parameters: None
[2024-07-06T18:43:05.118+0000] {taskinstance.py:1345} INFO - Marking task as SUCCESS. dag_id=initialize_etl_environment, task_id=create_google_search_table, execution_date=20240706T184257, start_date=20240706T184304, end_date=20240706T184305
[2024-07-06T18:43:05.138+0000] {local_task_job_runner.py:225} INFO - Task exited with return code 0
[2024-07-06T18:43:05.151+0000] {taskinstance.py:2651} INFO - 0 downstream tasks scheduled from follow-on schedule check
