[2024-07-03T23:13:46.921+0000] {taskinstance.py:1103} INFO - Dependencies all met for dep_context=non-requeueable deps ti=<TaskInstance: events_generator.generate_data scheduled__2024-07-02T07:00:00+00:00 [queued]>
[2024-07-03T23:13:46.925+0000] {taskinstance.py:1103} INFO - Dependencies all met for dep_context=requeueable deps ti=<TaskInstance: events_generator.generate_data scheduled__2024-07-02T07:00:00+00:00 [queued]>
[2024-07-03T23:13:46.925+0000] {taskinstance.py:1308} INFO - Starting attempt 1 of 2
[2024-07-03T23:13:46.931+0000] {taskinstance.py:1327} INFO - Executing <Task(PythonOperator): generate_data> on 2024-07-02 07:00:00+00:00
[2024-07-03T23:13:46.933+0000] {standard_task_runner.py:57} INFO - Started process 400 to run task
[2024-07-03T23:13:46.934+0000] {standard_task_runner.py:84} INFO - Running: ['airflow', 'tasks', 'run', 'events_generator', 'generate_data', 'scheduled__2024-07-02T07:00:00+00:00', '--job-id', '410', '--raw', '--subdir', 'DAGS_FOLDER/event_generator_dag.py', '--cfg-path', '/tmp/tmp1p_cjfe1']
[2024-07-03T23:13:46.935+0000] {standard_task_runner.py:85} INFO - Job 410: Subtask generate_data
[2024-07-03T23:13:46.958+0000] {task_command.py:410} INFO - Running <TaskInstance: events_generator.generate_data scheduled__2024-07-02T07:00:00+00:00 [running]> on host a4053733dbc4
[2024-07-03T23:13:46.994+0000] {taskinstance.py:1545} INFO - Exporting env vars: AIRFLOW_CTX_DAG_OWNER='airflow' AIRFLOW_CTX_DAG_ID='events_generator' AIRFLOW_CTX_TASK_ID='generate_data' AIRFLOW_CTX_EXECUTION_DATE='2024-07-02T07:00:00+00:00' AIRFLOW_CTX_TRY_NUMBER='1' AIRFLOW_CTX_DAG_RUN_ID='scheduled__2024-07-02T07:00:00+00:00'
[2024-07-03T23:13:46.995+0000] {logging_mixin.py:149} INFO - Running data generation script...
[2024-07-03T23:13:47.193+0000] {logging_mixin.py:149} INFO - Error in generate_data: Command '['python3', '/opt/airflow/generator/events_generator.py']' returned non-zero exit status 1.
[2024-07-03T23:13:47.194+0000] {logging_mixin.py:149} INFO - stdout: 
[2024-07-03T23:13:47.194+0000] {logging_mixin.py:149} INFO - stderr: Traceback (most recent call last):
  File "/opt/airflow/generator/events_generator.py", line 127, in <module>
    main()
  File "/opt/airflow/generator/events_generator.py", line 115, in main
    clickstream_events = [generate_clickstream_event(user_session) for _ in range(random.randint(1, 250))]
  File "/opt/airflow/generator/events_generator.py", line 115, in <listcomp>
    clickstream_events = [generate_clickstream_event(user_session) for _ in range(random.randint(1, 250))]
  File "/opt/airflow/generator/events_generator.py", line 70, in generate_clickstream_event
    product_id = random.choice(product_ids) if action in ["add_to_cart", "purchase"] else None
  File "/usr/local/lib/python3.9/random.py", line 346, in choice
    return seq[self._randbelow(len(seq))]
IndexError: list index out of range
[2024-07-03T23:13:47.194+0000] {taskinstance.py:1824} ERROR - Task failed with exception
Traceback (most recent call last):
  File "/home/airflow/.local/lib/python3.9/site-packages/airflow/operators/python.py", line 181, in execute
    return_value = self.execute_callable()
  File "/home/airflow/.local/lib/python3.9/site-packages/airflow/operators/python.py", line 198, in execute_callable
    return self.python_callable(*self.op_args, **self.op_kwargs)
  File "/opt/airflow/dags/event_generator_dag.py", line 30, in generate_data
    raise e  # Raise exception to fail the task
  File "/opt/airflow/dags/event_generator_dag.py", line 23, in generate_data
    result = subprocess.run(["python3", "/opt/airflow/generator/events_generator.py"], check=True, capture_output=True, text=True, timeout=300)
  File "/usr/local/lib/python3.9/subprocess.py", line 528, in run
    raise CalledProcessError(retcode, process.args,
subprocess.CalledProcessError: Command '['python3', '/opt/airflow/generator/events_generator.py']' returned non-zero exit status 1.
[2024-07-03T23:13:47.199+0000] {taskinstance.py:1345} INFO - Marking task as UP_FOR_RETRY. dag_id=events_generator, task_id=generate_data, execution_date=20240702T070000, start_date=20240703T231346, end_date=20240703T231347
[2024-07-03T23:13:47.205+0000] {standard_task_runner.py:104} ERROR - Failed to execute job 410 for task generate_data (Command '['python3', '/opt/airflow/generator/events_generator.py']' returned non-zero exit status 1.; 400)
[2024-07-03T23:13:47.212+0000] {local_task_job_runner.py:225} INFO - Task exited with return code 1
[2024-07-03T23:13:47.222+0000] {taskinstance.py:2651} INFO - 0 downstream tasks scheduled from follow-on schedule check
