[2024-06-27T22:35:32.425+0000] {local_task_job_runner.py:120} INFO - ::group::Pre task execution logs
[2024-06-27T22:35:32.435+0000] {taskinstance.py:2076} INFO - Dependencies all met for dep_context=non-requeueable deps ti=<TaskInstance: ecomm_data_pipeline.generate_and_insert_data scheduled__2023-01-01T12:30:00+00:00 [queued]>
[2024-06-27T22:35:32.437+0000] {taskinstance.py:2076} INFO - Dependencies all met for dep_context=requeueable deps ti=<TaskInstance: ecomm_data_pipeline.generate_and_insert_data scheduled__2023-01-01T12:30:00+00:00 [queued]>
[2024-06-27T22:35:32.437+0000] {taskinstance.py:2306} INFO - Starting attempt 1 of 2
[2024-06-27T22:35:32.442+0000] {taskinstance.py:2330} INFO - Executing <Task(PythonOperator): generate_and_insert_data> on 2023-01-01 12:30:00+00:00
[2024-06-27T22:35:32.443+0000] {standard_task_runner.py:63} INFO - Started process 1364 to run task
[2024-06-27T22:35:32.444+0000] {standard_task_runner.py:90} INFO - Running: ['airflow', 'tasks', 'run', 'ecomm_data_pipeline', 'generate_and_insert_data', 'scheduled__2023-01-01T12:30:00+00:00', '--job-id', '94', '--raw', '--subdir', 'DAGS_FOLDER/ecomm_dag.py', '--cfg-path', '/tmp/tmpd2ivesho']
[2024-06-27T22:35:32.445+0000] {standard_task_runner.py:91} INFO - Job 94: Subtask generate_and_insert_data
[2024-06-27T22:35:32.461+0000] {task_command.py:426} INFO - Running <TaskInstance: ecomm_data_pipeline.generate_and_insert_data scheduled__2023-01-01T12:30:00+00:00 [running]> on host 9174587f6b1d
[2024-06-27T22:35:32.489+0000] {taskinstance.py:2648} INFO - Exporting env vars: AIRFLOW_CTX_DAG_OWNER='airflow' AIRFLOW_CTX_DAG_ID='ecomm_data_pipeline' AIRFLOW_CTX_TASK_ID='generate_and_insert_data' AIRFLOW_CTX_EXECUTION_DATE='2023-01-01T12:30:00+00:00' AIRFLOW_CTX_TRY_NUMBER='1' AIRFLOW_CTX_DAG_RUN_ID='scheduled__2023-01-01T12:30:00+00:00'
[2024-06-27T22:35:32.490+0000] {taskinstance.py:430} INFO - ::endgroup::
[2024-06-27T22:35:32.523+0000] {logging_mixin.py:188} INFO - Error in generate_and_insert_data: Command '['python3', './generator/ecomm_generator.py']' returned non-zero exit status 2.
[2024-06-27T22:35:32.524+0000] {python.py:237} INFO - Done. Returned value was: None
[2024-06-27T22:35:32.524+0000] {taskinstance.py:441} INFO - ::group::Post task execution logs
[2024-06-27T22:35:32.528+0000] {taskinstance.py:1206} INFO - Marking task as SUCCESS. dag_id=ecomm_data_pipeline, task_id=generate_and_insert_data, run_id=scheduled__2023-01-01T12:30:00+00:00, execution_date=20230101T123000, start_date=20240627T223532, end_date=20240627T223532
[2024-06-27T22:35:32.543+0000] {local_task_job_runner.py:240} INFO - Task exited with return code 0
[2024-06-27T22:35:32.549+0000] {taskinstance.py:3503} INFO - 0 downstream tasks scheduled from follow-on schedule check
[2024-06-27T22:35:32.550+0000] {local_task_job_runner.py:222} INFO - ::endgroup::
[2024-06-28T18:16:55.543+0000] {local_task_job_runner.py:120} INFO - ::group::Pre task execution logs
[2024-06-28T18:16:55.554+0000] {taskinstance.py:2076} INFO - Dependencies all met for dep_context=non-requeueable deps ti=<TaskInstance: ecomm_data_pipeline.generate_and_insert_data scheduled__2023-01-01T12:30:00+00:00 [queued]>
[2024-06-28T18:16:55.557+0000] {taskinstance.py:2076} INFO - Dependencies all met for dep_context=requeueable deps ti=<TaskInstance: ecomm_data_pipeline.generate_and_insert_data scheduled__2023-01-01T12:30:00+00:00 [queued]>
[2024-06-28T18:16:55.557+0000] {taskinstance.py:2306} INFO - Starting attempt 1 of 2
[2024-06-28T18:16:55.562+0000] {taskinstance.py:2330} INFO - Executing <Task(PythonOperator): generate_and_insert_data> on 2023-01-01 12:30:00+00:00
[2024-06-28T18:16:55.564+0000] {standard_task_runner.py:63} INFO - Started process 2138 to run task
[2024-06-28T18:16:55.565+0000] {standard_task_runner.py:90} INFO - Running: ['airflow', 'tasks', 'run', 'ecomm_data_pipeline', 'generate_and_insert_data', 'scheduled__2023-01-01T12:30:00+00:00', '--job-id', '152', '--raw', '--subdir', 'DAGS_FOLDER/ecomm_dag.py', '--cfg-path', '/tmp/tmpgojrhqqx']
[2024-06-28T18:16:55.566+0000] {standard_task_runner.py:91} INFO - Job 152: Subtask generate_and_insert_data
[2024-06-28T18:16:55.583+0000] {task_command.py:426} INFO - Running <TaskInstance: ecomm_data_pipeline.generate_and_insert_data scheduled__2023-01-01T12:30:00+00:00 [running]> on host 08cefd381a1f
[2024-06-28T18:16:55.614+0000] {taskinstance.py:2648} INFO - Exporting env vars: AIRFLOW_CTX_DAG_OWNER='airflow' AIRFLOW_CTX_DAG_ID='ecomm_data_pipeline' AIRFLOW_CTX_TASK_ID='generate_and_insert_data' AIRFLOW_CTX_EXECUTION_DATE='2023-01-01T12:30:00+00:00' AIRFLOW_CTX_TRY_NUMBER='1' AIRFLOW_CTX_DAG_RUN_ID='scheduled__2023-01-01T12:30:00+00:00'
[2024-06-28T18:16:55.614+0000] {taskinstance.py:430} INFO - ::endgroup::
[2024-06-28T18:16:55.675+0000] {logging_mixin.py:188} INFO - Error in generate_and_insert_data: Command '['python3', '/opt/airflow/generator/ecomm_generator.py']' returned non-zero exit status 1.
[2024-06-28T18:16:55.676+0000] {logging_mixin.py:188} INFO - stdout: 
[2024-06-28T18:16:55.676+0000] {logging_mixin.py:188} INFO - stderr: Traceback (most recent call last):
  File "/opt/airflow/generator/ecomm_generator.py", line 4, in <module>
    from faker import Faker
ModuleNotFoundError: No module named 'faker'
[2024-06-28T18:16:55.676+0000] {python.py:237} INFO - Done. Returned value was: None
[2024-06-28T18:16:55.676+0000] {taskinstance.py:441} INFO - ::group::Post task execution logs
[2024-06-28T18:16:55.682+0000] {taskinstance.py:1206} INFO - Marking task as SUCCESS. dag_id=ecomm_data_pipeline, task_id=generate_and_insert_data, run_id=scheduled__2023-01-01T12:30:00+00:00, execution_date=20230101T123000, start_date=20240628T181655, end_date=20240628T181655
[2024-06-28T18:16:55.707+0000] {local_task_job_runner.py:240} INFO - Task exited with return code 0
[2024-06-28T18:16:55.714+0000] {taskinstance.py:3503} INFO - 0 downstream tasks scheduled from follow-on schedule check
[2024-06-28T18:16:55.715+0000] {local_task_job_runner.py:222} INFO - ::endgroup::
[2024-06-29T21:38:57.947+0000] {local_task_job_runner.py:120} INFO - ::group::Pre task execution logs
[2024-06-29T21:38:57.958+0000] {taskinstance.py:2076} INFO - Dependencies all met for dep_context=non-requeueable deps ti=<TaskInstance: ecomm_data_pipeline.generate_and_insert_data scheduled__2023-01-01T12:30:00+00:00 [queued]>
[2024-06-29T21:38:57.961+0000] {taskinstance.py:2076} INFO - Dependencies all met for dep_context=requeueable deps ti=<TaskInstance: ecomm_data_pipeline.generate_and_insert_data scheduled__2023-01-01T12:30:00+00:00 [queued]>
[2024-06-29T21:38:57.961+0000] {taskinstance.py:2306} INFO - Starting attempt 1 of 2
[2024-06-29T21:38:57.966+0000] {taskinstance.py:2330} INFO - Executing <Task(PythonOperator): generate_and_insert_data> on 2023-01-01 12:30:00+00:00
[2024-06-29T21:38:57.968+0000] {standard_task_runner.py:63} INFO - Started process 1127 to run task
[2024-06-29T21:38:57.969+0000] {standard_task_runner.py:90} INFO - Running: ['airflow', 'tasks', 'run', 'ecomm_data_pipeline', 'generate_and_insert_data', 'scheduled__2023-01-01T12:30:00+00:00', '--job-id', '77', '--raw', '--subdir', 'DAGS_FOLDER/ecomm_dag.py', '--cfg-path', '/tmp/tmp66lpyzxl']
[2024-06-29T21:38:57.970+0000] {standard_task_runner.py:91} INFO - Job 77: Subtask generate_and_insert_data
[2024-06-29T21:38:57.990+0000] {task_command.py:426} INFO - Running <TaskInstance: ecomm_data_pipeline.generate_and_insert_data scheduled__2023-01-01T12:30:00+00:00 [running]> on host afcb6fbf9265
[2024-06-29T21:38:58.022+0000] {taskinstance.py:2648} INFO - Exporting env vars: AIRFLOW_CTX_DAG_OWNER='airflow' AIRFLOW_CTX_DAG_ID='ecomm_data_pipeline' AIRFLOW_CTX_TASK_ID='generate_and_insert_data' AIRFLOW_CTX_EXECUTION_DATE='2023-01-01T12:30:00+00:00' AIRFLOW_CTX_TRY_NUMBER='1' AIRFLOW_CTX_DAG_RUN_ID='scheduled__2023-01-01T12:30:00+00:00'
[2024-06-29T21:38:58.022+0000] {taskinstance.py:430} INFO - ::endgroup::
[2024-06-29T21:38:58.078+0000] {logging_mixin.py:188} INFO - Error in generate_and_insert_data: Command '['python3', '/opt/airflow/generator/ecomm_generator.py']' returned non-zero exit status 1.
[2024-06-29T21:38:58.078+0000] {logging_mixin.py:188} INFO - stdout: 
[2024-06-29T21:38:58.078+0000] {logging_mixin.py:188} INFO - stderr: Traceback (most recent call last):
  File "/opt/airflow/generator/ecomm_generator.py", line 4, in <module>
    from faker import Faker
ModuleNotFoundError: No module named 'faker'
[2024-06-29T21:38:58.078+0000] {python.py:237} INFO - Done. Returned value was: None
[2024-06-29T21:38:58.078+0000] {taskinstance.py:441} INFO - ::group::Post task execution logs
[2024-06-29T21:38:58.083+0000] {taskinstance.py:1206} INFO - Marking task as SUCCESS. dag_id=ecomm_data_pipeline, task_id=generate_and_insert_data, run_id=scheduled__2023-01-01T12:30:00+00:00, execution_date=20230101T123000, start_date=20240629T213857, end_date=20240629T213858
[2024-06-29T21:38:58.112+0000] {local_task_job_runner.py:240} INFO - Task exited with return code 0
[2024-06-29T21:38:58.119+0000] {taskinstance.py:3503} INFO - 0 downstream tasks scheduled from follow-on schedule check
[2024-06-29T21:38:58.120+0000] {local_task_job_runner.py:222} INFO - ::endgroup::
[2024-06-29T22:02:46.010+0000] {local_task_job_runner.py:120} INFO - ::group::Pre task execution logs
[2024-06-29T22:02:46.021+0000] {taskinstance.py:2076} INFO - Dependencies all met for dep_context=non-requeueable deps ti=<TaskInstance: ecomm_data_pipeline.generate_and_insert_data scheduled__2023-01-01T12:30:00+00:00 [queued]>
[2024-06-29T22:02:46.023+0000] {taskinstance.py:2076} INFO - Dependencies all met for dep_context=requeueable deps ti=<TaskInstance: ecomm_data_pipeline.generate_and_insert_data scheduled__2023-01-01T12:30:00+00:00 [queued]>
[2024-06-29T22:02:46.023+0000] {taskinstance.py:2306} INFO - Starting attempt 1 of 2
[2024-06-29T22:02:46.028+0000] {taskinstance.py:2330} INFO - Executing <Task(PythonOperator): generate_and_insert_data> on 2023-01-01 12:30:00+00:00
[2024-06-29T22:02:46.030+0000] {standard_task_runner.py:63} INFO - Started process 1127 to run task
[2024-06-29T22:02:46.031+0000] {standard_task_runner.py:90} INFO - Running: ['airflow', 'tasks', 'run', 'ecomm_data_pipeline', 'generate_and_insert_data', 'scheduled__2023-01-01T12:30:00+00:00', '--job-id', '77', '--raw', '--subdir', 'DAGS_FOLDER/ecomm_dag.py', '--cfg-path', '/tmp/tmpub3zb03o']
[2024-06-29T22:02:46.032+0000] {standard_task_runner.py:91} INFO - Job 77: Subtask generate_and_insert_data
[2024-06-29T22:02:46.050+0000] {task_command.py:426} INFO - Running <TaskInstance: ecomm_data_pipeline.generate_and_insert_data scheduled__2023-01-01T12:30:00+00:00 [running]> on host 799998b0d26e
[2024-06-29T22:02:46.081+0000] {taskinstance.py:2648} INFO - Exporting env vars: AIRFLOW_CTX_DAG_OWNER='airflow' AIRFLOW_CTX_DAG_ID='ecomm_data_pipeline' AIRFLOW_CTX_TASK_ID='generate_and_insert_data' AIRFLOW_CTX_EXECUTION_DATE='2023-01-01T12:30:00+00:00' AIRFLOW_CTX_TRY_NUMBER='1' AIRFLOW_CTX_DAG_RUN_ID='scheduled__2023-01-01T12:30:00+00:00'
[2024-06-29T22:02:46.082+0000] {taskinstance.py:430} INFO - ::endgroup::
[2024-06-29T22:02:46.141+0000] {logging_mixin.py:188} INFO - Error in generate_and_insert_data: Command '['python3', '/opt/airflow/generator/ecomm_generator.py']' returned non-zero exit status 1.
[2024-06-29T22:02:46.141+0000] {logging_mixin.py:188} INFO - stdout: 
[2024-06-29T22:02:46.141+0000] {logging_mixin.py:188} INFO - stderr: Traceback (most recent call last):
  File "/opt/airflow/generator/ecomm_generator.py", line 4, in <module>
    from faker import Faker
ModuleNotFoundError: No module named 'faker'
[2024-06-29T22:02:46.141+0000] {python.py:237} INFO - Done. Returned value was: None
[2024-06-29T22:02:46.142+0000] {taskinstance.py:441} INFO - ::group::Post task execution logs
[2024-06-29T22:02:46.147+0000] {taskinstance.py:1206} INFO - Marking task as SUCCESS. dag_id=ecomm_data_pipeline, task_id=generate_and_insert_data, run_id=scheduled__2023-01-01T12:30:00+00:00, execution_date=20230101T123000, start_date=20240629T220246, end_date=20240629T220246
[2024-06-29T22:02:46.178+0000] {local_task_job_runner.py:240} INFO - Task exited with return code 0
[2024-06-29T22:02:46.185+0000] {taskinstance.py:3503} INFO - 0 downstream tasks scheduled from follow-on schedule check
[2024-06-29T22:02:46.186+0000] {local_task_job_runner.py:222} INFO - ::endgroup::
