[2024-07-06T21:46:21.595+0000] {taskinstance.py:1103} INFO - Dependencies all met for dep_context=non-requeueable deps ti=<TaskInstance: initialize_etl_environment.create_transactions_table manual__2024-07-06T21:46:15.684805+00:00 [queued]>
[2024-07-06T21:46:21.598+0000] {taskinstance.py:1103} INFO - Dependencies all met for dep_context=requeueable deps ti=<TaskInstance: initialize_etl_environment.create_transactions_table manual__2024-07-06T21:46:15.684805+00:00 [queued]>
[2024-07-06T21:46:21.599+0000] {taskinstance.py:1308} INFO - Starting attempt 1 of 2
[2024-07-06T21:46:21.604+0000] {taskinstance.py:1327} INFO - Executing <Task(PostgresOperator): create_transactions_table> on 2024-07-06 21:46:15.684805+00:00
[2024-07-06T21:46:21.605+0000] {standard_task_runner.py:57} INFO - Started process 3202 to run task
[2024-07-06T21:46:21.607+0000] {standard_task_runner.py:84} INFO - Running: ['airflow', 'tasks', 'run', 'initialize_etl_environment', 'create_transactions_table', 'manual__2024-07-06T21:46:15.684805+00:00', '--job-id', '1049', '--raw', '--subdir', 'DAGS_FOLDER/etl_env_init.py', '--cfg-path', '/tmp/tmpnxx2mr3h']
[2024-07-06T21:46:21.607+0000] {standard_task_runner.py:85} INFO - Job 1049: Subtask create_transactions_table
[2024-07-06T21:46:21.630+0000] {task_command.py:410} INFO - Running <TaskInstance: initialize_etl_environment.create_transactions_table manual__2024-07-06T21:46:15.684805+00:00 [running]> on host c058add182a5
[2024-07-06T21:46:21.686+0000] {taskinstance.py:1545} INFO - Exporting env vars: AIRFLOW_CTX_DAG_EMAIL='airflow@example.com' AIRFLOW_CTX_DAG_OWNER='airflow' AIRFLOW_CTX_DAG_ID='initialize_etl_environment' AIRFLOW_CTX_TASK_ID='create_transactions_table' AIRFLOW_CTX_EXECUTION_DATE='2024-07-06T21:46:15.684805+00:00' AIRFLOW_CTX_TRY_NUMBER='1' AIRFLOW_CTX_DAG_RUN_ID='manual__2024-07-06T21:46:15.684805+00:00'
[2024-07-06T21:46:21.687+0000] {sql.py:262} INFO - Executing: 
    CREATE TABLE IF NOT EXISTS raw.transactions (
        transaction_id INT PRIMARY KEY,
        timestamp TIMESTAMP NOT NULL,
        product_id INT,
        user_id INT REFERENCES raw.users(user_id),
        payment_method VARCHAR(50),
        transaction_type INT,
        created_at TIMESTAMP
    );
        
    
[2024-07-06T21:46:21.692+0000] {base.py:73} INFO - Using connection ID 'company_dw' for task execution.
[2024-07-06T21:46:21.723+0000] {base.py:73} INFO - Using connection ID 'company_dw' for task execution.
[2024-07-06T21:46:21.725+0000] {sql.py:375} INFO - Running statement: 
    CREATE TABLE IF NOT EXISTS raw.transactions (
        transaction_id INT PRIMARY KEY,
        timestamp TIMESTAMP NOT NULL,
        product_id INT,
        user_id INT REFERENCES raw.users(user_id),
        payment_method VARCHAR(50),
        transaction_type INT,
        created_at TIMESTAMP
    );
        
    , parameters: None
[2024-07-06T21:46:21.733+0000] {taskinstance.py:1345} INFO - Marking task as SUCCESS. dag_id=initialize_etl_environment, task_id=create_transactions_table, execution_date=20240706T214615, start_date=20240706T214621, end_date=20240706T214621
[2024-07-06T21:46:21.750+0000] {local_task_job_runner.py:225} INFO - Task exited with return code 0
[2024-07-06T21:46:21.762+0000] {taskinstance.py:2651} INFO - 0 downstream tasks scheduled from follow-on schedule check
