[2024-07-15T22:42:47.554+0000] {taskinstance.py:1037} DEBUG - previous_execution_date was called
[2024-07-15T22:42:47.560+0000] {__init__.py:51} DEBUG - Loading core task runner: StandardTaskRunner
[2024-07-15T22:42:47.565+0000] {taskinstance.py:1037} DEBUG - previous_execution_date was called
[2024-07-15T22:42:47.566+0000] {base_task_runner.py:68} DEBUG - Planning to run as the  user
[2024-07-15T22:42:47.567+0000] {taskinstance.py:789} DEBUG - Refreshing TaskInstance <TaskInstance: run_dbt_init_tasks.generate_dbt_docs scheduled__2024-07-14T00:00:00+00:00 [queued]> from DB
[2024-07-15T22:42:47.575+0000] {taskinstance.py:1112} DEBUG - <TaskInstance: run_dbt_init_tasks.generate_dbt_docs scheduled__2024-07-14T00:00:00+00:00 [queued]> dependency 'Task Instance State' PASSED: True, Task state queued was valid.
[2024-07-15T22:42:47.575+0000] {taskinstance.py:1112} DEBUG - <TaskInstance: run_dbt_init_tasks.generate_dbt_docs scheduled__2024-07-14T00:00:00+00:00 [queued]> dependency 'Not In Retry Period' PASSED: True, The task instance was not marked for retrying.
[2024-07-15T22:42:47.578+0000] {taskinstance.py:1112} DEBUG - <TaskInstance: run_dbt_init_tasks.generate_dbt_docs scheduled__2024-07-14T00:00:00+00:00 [queued]> dependency 'Previous Dagrun State' PASSED: True, The task did not have depends_on_past set.
[2024-07-15T22:42:47.578+0000] {taskinstance.py:1112} DEBUG - <TaskInstance: run_dbt_init_tasks.generate_dbt_docs scheduled__2024-07-14T00:00:00+00:00 [queued]> dependency 'Task Instance Not Running' PASSED: True, Task is not in running state.
[2024-07-15T22:42:47.578+0000] {taskinstance.py:1103} INFO - Dependencies all met for dep_context=non-requeueable deps ti=<TaskInstance: run_dbt_init_tasks.generate_dbt_docs scheduled__2024-07-14T00:00:00+00:00 [queued]>
[2024-07-15T22:42:47.579+0000] {taskinstance.py:1112} DEBUG - <TaskInstance: run_dbt_init_tasks.generate_dbt_docs scheduled__2024-07-14T00:00:00+00:00 [queued]> dependency 'Task Concurrency' PASSED: True, Task concurrency is not set.
[2024-07-15T22:42:47.582+0000] {taskinstance.py:1112} DEBUG - <TaskInstance: run_dbt_init_tasks.generate_dbt_docs scheduled__2024-07-14T00:00:00+00:00 [queued]> dependency 'Pool Slots Available' PASSED: True, There are enough open slots in default_pool to execute the task
[2024-07-15T22:42:47.582+0000] {taskinstance.py:1112} DEBUG - <TaskInstance: run_dbt_init_tasks.generate_dbt_docs scheduled__2024-07-14T00:00:00+00:00 [queued]> dependency 'Previous Dagrun State' PASSED: True, The task did not have depends_on_past set.
[2024-07-15T22:42:47.582+0000] {taskinstance.py:1112} DEBUG - <TaskInstance: run_dbt_init_tasks.generate_dbt_docs scheduled__2024-07-14T00:00:00+00:00 [queued]> dependency 'Not In Retry Period' PASSED: True, The task instance was not marked for retrying.
[2024-07-15T22:42:47.582+0000] {taskinstance.py:1103} INFO - Dependencies all met for dep_context=requeueable deps ti=<TaskInstance: run_dbt_init_tasks.generate_dbt_docs scheduled__2024-07-14T00:00:00+00:00 [queued]>
[2024-07-15T22:42:47.582+0000] {taskinstance.py:1308} INFO - Starting attempt 1 of 1
[2024-07-15T22:42:47.586+0000] {taskinstance.py:1327} INFO - Executing <Task(BashOperator): generate_dbt_docs> on 2024-07-14 00:00:00+00:00
[2024-07-15T22:42:47.588+0000] {standard_task_runner.py:57} INFO - Started process 527 to run task
[2024-07-15T22:42:47.590+0000] {standard_task_runner.py:84} INFO - Running: ['airflow', 'tasks', 'run', 'run_dbt_init_tasks', 'generate_dbt_docs', 'scheduled__2024-07-14T00:00:00+00:00', '--job-id', '75', '--raw', '--subdir', 'DAGS_FOLDER/run_dbt_init_tasks.py', '--cfg-path', '/tmp/tmp05jzbd9r']
[2024-07-15T22:42:47.590+0000] {standard_task_runner.py:85} INFO - Job 75: Subtask generate_dbt_docs
[2024-07-15T22:42:47.591+0000] {cli_action_loggers.py:65} DEBUG - Calling callbacks: [<function default_action_log at 0xffff7f47a550>]
[2024-07-15T22:42:47.610+0000] {taskinstance.py:1037} DEBUG - previous_execution_date was called
[2024-07-15T22:42:47.612+0000] {task_command.py:410} INFO - Running <TaskInstance: run_dbt_init_tasks.generate_dbt_docs scheduled__2024-07-14T00:00:00+00:00 [running]> on host b91763c3682d
[2024-07-15T22:42:47.612+0000] {settings.py:353} DEBUG - Disposing DB connection pool (PID 527)
[2024-07-15T22:42:47.612+0000] {settings.py:212} DEBUG - Setting up DB connection pool (PID 527)
[2024-07-15T22:42:47.612+0000] {settings.py:285} DEBUG - settings.prepare_engine_args(): Using NullPool
[2024-07-15T22:42:47.613+0000] {taskinstance.py:789} DEBUG - Refreshing TaskInstance <TaskInstance: run_dbt_init_tasks.generate_dbt_docs scheduled__2024-07-14T00:00:00+00:00 [running]> from DB
[2024-07-15T22:42:47.634+0000] {taskinstance.py:1037} DEBUG - previous_execution_date was called
[2024-07-15T22:42:47.635+0000] {taskinstance.py:868} DEBUG - Clearing XCom data
[2024-07-15T22:42:47.656+0000] {retries.py:80} DEBUG - Running RenderedTaskInstanceFields._do_delete_old_records with retries. Try 1 of 3
[2024-07-15T22:42:47.668+0000] {taskinstance.py:1545} INFO - Exporting env vars: AIRFLOW_CTX_DAG_OWNER='airflow' AIRFLOW_CTX_DAG_ID='run_dbt_init_tasks' AIRFLOW_CTX_TASK_ID='generate_dbt_docs' AIRFLOW_CTX_EXECUTION_DATE='2024-07-14T00:00:00+00:00' AIRFLOW_CTX_TRY_NUMBER='1' AIRFLOW_CTX_DAG_RUN_ID='scheduled__2024-07-14T00:00:00+00:00'
[2024-07-15T22:42:47.668+0000] {__init__.py:117} DEBUG - Preparing lineage inlets and outlets
[2024-07-15T22:42:47.670+0000] {__init__.py:155} DEBUG - inlets: [], outlets: []
[2024-07-15T22:42:47.670+0000] {bash.py:186} DEBUG - Exporting env vars: AIRFLOW_CTX_DAG_OWNER='airflow' AIRFLOW_CTX_DAG_ID='run_dbt_init_tasks' AIRFLOW_CTX_TASK_ID='generate_dbt_docs' AIRFLOW_CTX_EXECUTION_DATE='2024-07-14T00:00:00+00:00' AIRFLOW_CTX_TRY_NUMBER='1' AIRFLOW_CTX_DAG_RUN_ID='scheduled__2024-07-14T00:00:00+00:00'
[2024-07-15T22:42:47.671+0000] {subprocess.py:63} INFO - Tmp dir root location: 
 /tmp
[2024-07-15T22:42:47.671+0000] {subprocess.py:75} INFO - Running command: ['/bin/bash', '-c', 'dbt docs generate --profiles-dir /opt/airflow/dbt --project-dir /opt/airflow/dbt']
[2024-07-15T22:42:47.677+0000] {subprocess.py:86} INFO - Output:
[2024-07-15T22:42:48.625+0000] {subprocess.py:93} INFO - [0m22:42:48  Running with dbt=1.8.3
[2024-07-15T22:42:48.725+0000] {subprocess.py:93} INFO - [0m22:42:48  Registered adapter: ***=1.8.2
[2024-07-15T22:42:48.846+0000] {subprocess.py:93} INFO - [0m22:42:48  Unable to do partial parsing because config vars, config profile, or config target have changed
[2024-07-15T22:42:48.847+0000] {subprocess.py:93} INFO - [0m22:42:48  Unable to do partial parsing because profile has changed
[2024-07-15T22:42:49.616+0000] {subprocess.py:93} INFO - [0m22:42:49  Found 1 model, 3 sources, 652 macros
[2024-07-15T22:42:49.617+0000] {subprocess.py:93} INFO - [0m22:42:49
[2024-07-15T22:42:49.650+0000] {subprocess.py:93} INFO - [0m22:42:49  Concurrency: 4 threads (target='dev')
[2024-07-15T22:42:49.651+0000] {subprocess.py:93} INFO - [0m22:42:49
[2024-07-15T22:42:49.736+0000] {subprocess.py:93} INFO - [0m22:42:49  Building catalog
[2024-07-15T22:42:49.816+0000] {subprocess.py:93} INFO - [0m22:42:49  Catalog written to /opt/airflow/dbt/target/catalog.json
[2024-07-15T22:42:50.350+0000] {subprocess.py:97} INFO - Command exited with return code 0
[2024-07-15T22:42:50.360+0000] {__init__.py:75} DEBUG - Lineage called with inlets: [], outlets: []
[2024-07-15T22:42:50.360+0000] {taskinstance.py:789} DEBUG - Refreshing TaskInstance <TaskInstance: run_dbt_init_tasks.generate_dbt_docs scheduled__2024-07-14T00:00:00+00:00 [running]> from DB
[2024-07-15T22:42:50.365+0000] {taskinstance.py:1356} DEBUG - Clearing next_method and next_kwargs.
[2024-07-15T22:42:50.365+0000] {taskinstance.py:1345} INFO - Marking task as SUCCESS. dag_id=run_dbt_init_tasks, task_id=generate_dbt_docs, execution_date=20240714T000000, start_date=20240715T224247, end_date=20240715T224250
[2024-07-15T22:42:50.365+0000] {taskinstance.py:2305} DEBUG - Task Duration set to 2.78654
[2024-07-15T22:42:50.370+0000] {cli_action_loggers.py:83} DEBUG - Calling callbacks: []
[2024-07-15T22:42:50.383+0000] {local_task_job_runner.py:225} INFO - Task exited with return code 0
[2024-07-15T22:42:50.391+0000] {dagrun.py:697} DEBUG - number of tis tasks for <DagRun run_dbt_init_tasks @ 2024-07-14 00:00:00+00:00: scheduled__2024-07-14T00:00:00+00:00, state:running, queued_at: 2024-07-15 22:42:32.293100+00:00. externally triggered: False>: 0 task(s)
[2024-07-15T22:42:50.392+0000] {taskinstance.py:2651} INFO - 0 downstream tasks scheduled from follow-on schedule check
