[2024-06-27T22:52:31.774+0000] {local_task_job_runner.py:120} INFO - ::group::Pre task execution logs
[2024-06-27T22:52:31.784+0000] {taskinstance.py:2076} INFO - Dependencies all met for dep_context=non-requeueable deps ti=<TaskInstance: example_dag.generate_and_insert_data scheduled__2023-01-01T02:50:00+00:00 [queued]>
[2024-06-27T22:52:31.786+0000] {taskinstance.py:2076} INFO - Dependencies all met for dep_context=requeueable deps ti=<TaskInstance: example_dag.generate_and_insert_data scheduled__2023-01-01T02:50:00+00:00 [queued]>
[2024-06-27T22:52:31.786+0000] {taskinstance.py:2306} INFO - Starting attempt 1 of 2
[2024-06-27T22:52:31.790+0000] {taskinstance.py:2330} INFO - Executing <Task(PythonOperator): generate_and_insert_data> on 2023-01-01 02:50:00+00:00
[2024-06-27T22:52:31.792+0000] {standard_task_runner.py:63} INFO - Started process 512 to run task
[2024-06-27T22:52:31.793+0000] {standard_task_runner.py:90} INFO - Running: ['airflow', 'tasks', 'run', 'example_dag', 'generate_and_insert_data', 'scheduled__2023-01-01T02:50:00+00:00', '--job-id', '36', '--raw', '--subdir', 'DAGS_FOLDER/example_dag.py', '--cfg-path', '/tmp/tmpt6p1qo4p']
[2024-06-27T22:52:31.793+0000] {standard_task_runner.py:91} INFO - Job 36: Subtask generate_and_insert_data
[2024-06-27T22:52:31.809+0000] {task_command.py:426} INFO - Running <TaskInstance: example_dag.generate_and_insert_data scheduled__2023-01-01T02:50:00+00:00 [running]> on host a70edf9d8581
[2024-06-27T22:52:31.837+0000] {taskinstance.py:2648} INFO - Exporting env vars: AIRFLOW_CTX_DAG_OWNER='airflow' AIRFLOW_CTX_DAG_ID='example_dag' AIRFLOW_CTX_TASK_ID='generate_and_insert_data' AIRFLOW_CTX_EXECUTION_DATE='2023-01-01T02:50:00+00:00' AIRFLOW_CTX_TRY_NUMBER='1' AIRFLOW_CTX_DAG_RUN_ID='scheduled__2023-01-01T02:50:00+00:00'
[2024-06-27T22:52:31.837+0000] {taskinstance.py:430} INFO - ::endgroup::
[2024-06-27T22:52:31.841+0000] {python.py:237} INFO - Done. Returned value was: None
[2024-06-27T22:52:31.841+0000] {taskinstance.py:441} INFO - ::group::Post task execution logs
[2024-06-27T22:52:31.845+0000] {taskinstance.py:1206} INFO - Marking task as SUCCESS. dag_id=example_dag, task_id=generate_and_insert_data, run_id=scheduled__2023-01-01T02:50:00+00:00, execution_date=20230101T025000, start_date=20240627T225231, end_date=20240627T225231
[2024-06-27T22:52:31.852+0000] {local_task_job_runner.py:240} INFO - Task exited with return code 0
[2024-06-27T22:52:31.858+0000] {taskinstance.py:3503} INFO - 0 downstream tasks scheduled from follow-on schedule check
[2024-06-27T22:52:31.858+0000] {local_task_job_runner.py:222} INFO - ::endgroup::
[2024-06-27T23:09:57.407+0000] {local_task_job_runner.py:120} INFO - ::group::Pre task execution logs
[2024-06-27T23:09:57.417+0000] {taskinstance.py:2076} INFO - Dependencies all met for dep_context=non-requeueable deps ti=<TaskInstance: example_dag.generate_and_insert_data scheduled__2023-01-01T02:50:00+00:00 [queued]>
[2024-06-27T23:09:57.420+0000] {taskinstance.py:2076} INFO - Dependencies all met for dep_context=requeueable deps ti=<TaskInstance: example_dag.generate_and_insert_data scheduled__2023-01-01T02:50:00+00:00 [queued]>
[2024-06-27T23:09:57.420+0000] {taskinstance.py:2306} INFO - Starting attempt 1 of 2
[2024-06-27T23:09:57.424+0000] {taskinstance.py:2330} INFO - Executing <Task(PythonOperator): generate_and_insert_data> on 2023-01-01 02:50:00+00:00
[2024-06-27T23:09:57.426+0000] {standard_task_runner.py:63} INFO - Started process 534 to run task
[2024-06-27T23:09:57.427+0000] {standard_task_runner.py:90} INFO - Running: ['airflow', 'tasks', 'run', 'example_dag', 'generate_and_insert_data', 'scheduled__2023-01-01T02:50:00+00:00', '--job-id', '37', '--raw', '--subdir', 'DAGS_FOLDER/example_dag.py', '--cfg-path', '/tmp/tmpl8t2o7eu']
[2024-06-27T23:09:57.427+0000] {standard_task_runner.py:91} INFO - Job 37: Subtask generate_and_insert_data
[2024-06-27T23:09:57.444+0000] {task_command.py:426} INFO - Running <TaskInstance: example_dag.generate_and_insert_data scheduled__2023-01-01T02:50:00+00:00 [running]> on host 7147f8a4dc9f
[2024-06-27T23:09:57.473+0000] {taskinstance.py:2648} INFO - Exporting env vars: AIRFLOW_CTX_DAG_OWNER='airflow' AIRFLOW_CTX_DAG_ID='example_dag' AIRFLOW_CTX_TASK_ID='generate_and_insert_data' AIRFLOW_CTX_EXECUTION_DATE='2023-01-01T02:50:00+00:00' AIRFLOW_CTX_TRY_NUMBER='1' AIRFLOW_CTX_DAG_RUN_ID='scheduled__2023-01-01T02:50:00+00:00'
[2024-06-27T23:09:57.473+0000] {taskinstance.py:430} INFO - ::endgroup::
[2024-06-27T23:09:57.477+0000] {python.py:237} INFO - Done. Returned value was: None
[2024-06-27T23:09:57.478+0000] {taskinstance.py:441} INFO - ::group::Post task execution logs
[2024-06-27T23:09:57.482+0000] {taskinstance.py:1206} INFO - Marking task as SUCCESS. dag_id=example_dag, task_id=generate_and_insert_data, run_id=scheduled__2023-01-01T02:50:00+00:00, execution_date=20230101T025000, start_date=20240627T230957, end_date=20240627T230957
[2024-06-27T23:09:57.487+0000] {local_task_job_runner.py:240} INFO - Task exited with return code 0
[2024-06-27T23:09:57.493+0000] {taskinstance.py:3503} INFO - 0 downstream tasks scheduled from follow-on schedule check
[2024-06-27T23:09:57.494+0000] {local_task_job_runner.py:222} INFO - ::endgroup::
[2024-06-28T18:13:50.146+0000] {local_task_job_runner.py:120} INFO - ::group::Pre task execution logs
[2024-06-28T18:13:50.156+0000] {taskinstance.py:2076} INFO - Dependencies all met for dep_context=non-requeueable deps ti=<TaskInstance: example_dag.generate_and_insert_data scheduled__2023-01-01T02:50:00+00:00 [queued]>
[2024-06-28T18:13:50.159+0000] {taskinstance.py:2076} INFO - Dependencies all met for dep_context=requeueable deps ti=<TaskInstance: example_dag.generate_and_insert_data scheduled__2023-01-01T02:50:00+00:00 [queued]>
[2024-06-28T18:13:50.159+0000] {taskinstance.py:2306} INFO - Starting attempt 1 of 2
[2024-06-28T18:13:50.164+0000] {taskinstance.py:2330} INFO - Executing <Task(PythonOperator): generate_and_insert_data> on 2023-01-01 02:50:00+00:00
[2024-06-28T18:13:50.166+0000] {standard_task_runner.py:63} INFO - Started process 512 to run task
[2024-06-28T18:13:50.167+0000] {standard_task_runner.py:90} INFO - Running: ['airflow', 'tasks', 'run', 'example_dag', 'generate_and_insert_data', 'scheduled__2023-01-01T02:50:00+00:00', '--job-id', '36', '--raw', '--subdir', 'DAGS_FOLDER/example_dag.py', '--cfg-path', '/tmp/tmp82qfil9n']
[2024-06-28T18:13:50.168+0000] {standard_task_runner.py:91} INFO - Job 36: Subtask generate_and_insert_data
[2024-06-28T18:13:50.184+0000] {task_command.py:426} INFO - Running <TaskInstance: example_dag.generate_and_insert_data scheduled__2023-01-01T02:50:00+00:00 [running]> on host 08cefd381a1f
[2024-06-28T18:13:50.212+0000] {taskinstance.py:2648} INFO - Exporting env vars: AIRFLOW_CTX_DAG_OWNER='airflow' AIRFLOW_CTX_DAG_ID='example_dag' AIRFLOW_CTX_TASK_ID='generate_and_insert_data' AIRFLOW_CTX_EXECUTION_DATE='2023-01-01T02:50:00+00:00' AIRFLOW_CTX_TRY_NUMBER='1' AIRFLOW_CTX_DAG_RUN_ID='scheduled__2023-01-01T02:50:00+00:00'
[2024-06-28T18:13:50.213+0000] {taskinstance.py:430} INFO - ::endgroup::
[2024-06-28T18:13:50.217+0000] {python.py:237} INFO - Done. Returned value was: None
[2024-06-28T18:13:50.217+0000] {taskinstance.py:441} INFO - ::group::Post task execution logs
[2024-06-28T18:13:50.221+0000] {taskinstance.py:1206} INFO - Marking task as SUCCESS. dag_id=example_dag, task_id=generate_and_insert_data, run_id=scheduled__2023-01-01T02:50:00+00:00, execution_date=20230101T025000, start_date=20240628T181350, end_date=20240628T181350
[2024-06-28T18:13:50.228+0000] {local_task_job_runner.py:240} INFO - Task exited with return code 0
[2024-06-28T18:13:50.234+0000] {taskinstance.py:3503} INFO - 0 downstream tasks scheduled from follow-on schedule check
[2024-06-28T18:13:50.235+0000] {local_task_job_runner.py:222} INFO - ::endgroup::
[2024-06-28T18:21:06.069+0000] {local_task_job_runner.py:120} INFO - ::group::Pre task execution logs
[2024-06-28T18:21:06.079+0000] {taskinstance.py:2076} INFO - Dependencies all met for dep_context=non-requeueable deps ti=<TaskInstance: example_dag.generate_and_insert_data scheduled__2023-01-01T02:50:00+00:00 [queued]>
[2024-06-28T18:21:06.082+0000] {taskinstance.py:2076} INFO - Dependencies all met for dep_context=requeueable deps ti=<TaskInstance: example_dag.generate_and_insert_data scheduled__2023-01-01T02:50:00+00:00 [queued]>
[2024-06-28T18:21:06.082+0000] {taskinstance.py:2306} INFO - Starting attempt 1 of 2
[2024-06-28T18:21:06.087+0000] {taskinstance.py:2330} INFO - Executing <Task(PythonOperator): generate_and_insert_data> on 2023-01-01 02:50:00+00:00
[2024-06-28T18:21:06.088+0000] {standard_task_runner.py:63} INFO - Started process 520 to run task
[2024-06-28T18:21:06.089+0000] {standard_task_runner.py:90} INFO - Running: ['airflow', 'tasks', 'run', 'example_dag', 'generate_and_insert_data', 'scheduled__2023-01-01T02:50:00+00:00', '--job-id', '36', '--raw', '--subdir', 'DAGS_FOLDER/example_dag.py', '--cfg-path', '/tmp/tmpn0hd5vgo']
[2024-06-28T18:21:06.090+0000] {standard_task_runner.py:91} INFO - Job 36: Subtask generate_and_insert_data
[2024-06-28T18:21:06.107+0000] {task_command.py:426} INFO - Running <TaskInstance: example_dag.generate_and_insert_data scheduled__2023-01-01T02:50:00+00:00 [running]> on host 6570e5857071
[2024-06-28T18:21:06.137+0000] {taskinstance.py:2648} INFO - Exporting env vars: AIRFLOW_CTX_DAG_OWNER='airflow' AIRFLOW_CTX_DAG_ID='example_dag' AIRFLOW_CTX_TASK_ID='generate_and_insert_data' AIRFLOW_CTX_EXECUTION_DATE='2023-01-01T02:50:00+00:00' AIRFLOW_CTX_TRY_NUMBER='1' AIRFLOW_CTX_DAG_RUN_ID='scheduled__2023-01-01T02:50:00+00:00'
[2024-06-28T18:21:06.137+0000] {taskinstance.py:430} INFO - ::endgroup::
[2024-06-28T18:21:06.142+0000] {python.py:237} INFO - Done. Returned value was: None
[2024-06-28T18:21:06.142+0000] {taskinstance.py:441} INFO - ::group::Post task execution logs
[2024-06-28T18:21:06.146+0000] {taskinstance.py:1206} INFO - Marking task as SUCCESS. dag_id=example_dag, task_id=generate_and_insert_data, run_id=scheduled__2023-01-01T02:50:00+00:00, execution_date=20230101T025000, start_date=20240628T182106, end_date=20240628T182106
[2024-06-28T18:21:06.196+0000] {local_task_job_runner.py:240} INFO - Task exited with return code 0
[2024-06-28T18:21:06.203+0000] {taskinstance.py:3503} INFO - 0 downstream tasks scheduled from follow-on schedule check
[2024-06-28T18:21:06.203+0000] {local_task_job_runner.py:222} INFO - ::endgroup::
