[2024-06-29T21:41:19.625+0000] {local_task_job_runner.py:120} INFO - ::group::Pre task execution logs
[2024-06-29T21:41:19.637+0000] {taskinstance.py:2076} INFO - Dependencies all met for dep_context=non-requeueable deps ti=<TaskInstance: ecomm_data_pipeline.generate_and_insert_data scheduled__2023-01-02T01:00:00+00:00 [queued]>
[2024-06-29T21:41:19.639+0000] {taskinstance.py:2076} INFO - Dependencies all met for dep_context=requeueable deps ti=<TaskInstance: ecomm_data_pipeline.generate_and_insert_data scheduled__2023-01-02T01:00:00+00:00 [queued]>
[2024-06-29T21:41:19.639+0000] {taskinstance.py:2306} INFO - Starting attempt 1 of 2
[2024-06-29T21:41:19.645+0000] {taskinstance.py:2330} INFO - Executing <Task(PythonOperator): generate_and_insert_data> on 2023-01-02 01:00:00+00:00
[2024-06-29T21:41:19.646+0000] {standard_task_runner.py:63} INFO - Started process 2222 to run task
[2024-06-29T21:41:19.647+0000] {standard_task_runner.py:90} INFO - Running: ['airflow', 'tasks', 'run', 'ecomm_data_pipeline', 'generate_and_insert_data', 'scheduled__2023-01-02T01:00:00+00:00', '--job-id', '152', '--raw', '--subdir', 'DAGS_FOLDER/ecomm_dag.py', '--cfg-path', '/tmp/tmpduxrt1nl']
[2024-06-29T21:41:19.648+0000] {standard_task_runner.py:91} INFO - Job 152: Subtask generate_and_insert_data
[2024-06-29T21:41:19.668+0000] {task_command.py:426} INFO - Running <TaskInstance: ecomm_data_pipeline.generate_and_insert_data scheduled__2023-01-02T01:00:00+00:00 [running]> on host afcb6fbf9265
[2024-06-29T21:41:19.703+0000] {taskinstance.py:2648} INFO - Exporting env vars: AIRFLOW_CTX_DAG_OWNER='airflow' AIRFLOW_CTX_DAG_ID='ecomm_data_pipeline' AIRFLOW_CTX_TASK_ID='generate_and_insert_data' AIRFLOW_CTX_EXECUTION_DATE='2023-01-02T01:00:00+00:00' AIRFLOW_CTX_TRY_NUMBER='1' AIRFLOW_CTX_DAG_RUN_ID='scheduled__2023-01-02T01:00:00+00:00'
[2024-06-29T21:41:19.703+0000] {taskinstance.py:430} INFO - ::endgroup::
[2024-06-29T21:41:19.763+0000] {logging_mixin.py:188} INFO - Error in generate_and_insert_data: Command '['python3', '/opt/airflow/generator/ecomm_generator.py']' returned non-zero exit status 1.
[2024-06-29T21:41:19.764+0000] {logging_mixin.py:188} INFO - stdout: 
[2024-06-29T21:41:19.764+0000] {logging_mixin.py:188} INFO - stderr: Traceback (most recent call last):
  File "/opt/airflow/generator/ecomm_generator.py", line 4, in <module>
    from faker import Faker
ModuleNotFoundError: No module named 'faker'
[2024-06-29T21:41:19.764+0000] {python.py:237} INFO - Done. Returned value was: None
[2024-06-29T21:41:19.764+0000] {taskinstance.py:441} INFO - ::group::Post task execution logs
[2024-06-29T21:41:19.770+0000] {taskinstance.py:1206} INFO - Marking task as SUCCESS. dag_id=ecomm_data_pipeline, task_id=generate_and_insert_data, run_id=scheduled__2023-01-02T01:00:00+00:00, execution_date=20230102T010000, start_date=20240629T214119, end_date=20240629T214119
[2024-06-29T21:41:19.787+0000] {local_task_job_runner.py:240} INFO - Task exited with return code 0
[2024-06-29T21:41:19.795+0000] {taskinstance.py:3503} INFO - 0 downstream tasks scheduled from follow-on schedule check
[2024-06-29T21:41:19.796+0000] {local_task_job_runner.py:222} INFO - ::endgroup::
[2024-06-29T22:05:09.571+0000] {local_task_job_runner.py:120} INFO - ::group::Pre task execution logs
[2024-06-29T22:05:09.581+0000] {taskinstance.py:2076} INFO - Dependencies all met for dep_context=non-requeueable deps ti=<TaskInstance: ecomm_data_pipeline.generate_and_insert_data scheduled__2023-01-02T01:00:00+00:00 [queued]>
[2024-06-29T22:05:09.583+0000] {taskinstance.py:2076} INFO - Dependencies all met for dep_context=requeueable deps ti=<TaskInstance: ecomm_data_pipeline.generate_and_insert_data scheduled__2023-01-02T01:00:00+00:00 [queued]>
[2024-06-29T22:05:09.584+0000] {taskinstance.py:2306} INFO - Starting attempt 1 of 2
[2024-06-29T22:05:09.588+0000] {taskinstance.py:2330} INFO - Executing <Task(PythonOperator): generate_and_insert_data> on 2023-01-02 01:00:00+00:00
[2024-06-29T22:05:09.590+0000] {standard_task_runner.py:63} INFO - Started process 2222 to run task
[2024-06-29T22:05:09.591+0000] {standard_task_runner.py:90} INFO - Running: ['airflow', 'tasks', 'run', 'ecomm_data_pipeline', 'generate_and_insert_data', 'scheduled__2023-01-02T01:00:00+00:00', '--job-id', '152', '--raw', '--subdir', 'DAGS_FOLDER/ecomm_dag.py', '--cfg-path', '/tmp/tmpbcfk5yc3']
[2024-06-29T22:05:09.592+0000] {standard_task_runner.py:91} INFO - Job 152: Subtask generate_and_insert_data
[2024-06-29T22:05:09.608+0000] {task_command.py:426} INFO - Running <TaskInstance: ecomm_data_pipeline.generate_and_insert_data scheduled__2023-01-02T01:00:00+00:00 [running]> on host 799998b0d26e
[2024-06-29T22:05:09.637+0000] {taskinstance.py:2648} INFO - Exporting env vars: AIRFLOW_CTX_DAG_OWNER='airflow' AIRFLOW_CTX_DAG_ID='ecomm_data_pipeline' AIRFLOW_CTX_TASK_ID='generate_and_insert_data' AIRFLOW_CTX_EXECUTION_DATE='2023-01-02T01:00:00+00:00' AIRFLOW_CTX_TRY_NUMBER='1' AIRFLOW_CTX_DAG_RUN_ID='scheduled__2023-01-02T01:00:00+00:00'
[2024-06-29T22:05:09.637+0000] {taskinstance.py:430} INFO - ::endgroup::
[2024-06-29T22:05:09.695+0000] {logging_mixin.py:188} INFO - Error in generate_and_insert_data: Command '['python3', '/opt/airflow/generator/ecomm_generator.py']' returned non-zero exit status 1.
[2024-06-29T22:05:09.695+0000] {logging_mixin.py:188} INFO - stdout: 
[2024-06-29T22:05:09.695+0000] {logging_mixin.py:188} INFO - stderr: Traceback (most recent call last):
  File "/opt/airflow/generator/ecomm_generator.py", line 4, in <module>
    from faker import Faker
ModuleNotFoundError: No module named 'faker'
[2024-06-29T22:05:09.695+0000] {python.py:237} INFO - Done. Returned value was: None
[2024-06-29T22:05:09.696+0000] {taskinstance.py:441} INFO - ::group::Post task execution logs
[2024-06-29T22:05:09.700+0000] {taskinstance.py:1206} INFO - Marking task as SUCCESS. dag_id=ecomm_data_pipeline, task_id=generate_and_insert_data, run_id=scheduled__2023-01-02T01:00:00+00:00, execution_date=20230102T010000, start_date=20240629T220509, end_date=20240629T220509
[2024-06-29T22:05:09.738+0000] {local_task_job_runner.py:240} INFO - Task exited with return code 0
[2024-06-29T22:05:09.745+0000] {taskinstance.py:3503} INFO - 0 downstream tasks scheduled from follow-on schedule check
[2024-06-29T22:05:09.745+0000] {local_task_job_runner.py:222} INFO - ::endgroup::
