[2024-07-06T21:35:40.650+0000] {taskinstance.py:1103} INFO - Dependencies all met for dep_context=non-requeueable deps ti=<TaskInstance: import_main_data.export_and_load_facebook_data scheduled__2024-07-06T04:00:00+00:00 [queued]>
[2024-07-06T21:35:40.654+0000] {taskinstance.py:1103} INFO - Dependencies all met for dep_context=requeueable deps ti=<TaskInstance: import_main_data.export_and_load_facebook_data scheduled__2024-07-06T04:00:00+00:00 [queued]>
[2024-07-06T21:35:40.654+0000] {taskinstance.py:1308} INFO - Starting attempt 1 of 2
[2024-07-06T21:35:40.658+0000] {taskinstance.py:1327} INFO - Executing <Task(BashOperator): export_and_load_facebook_data> on 2024-07-06 04:00:00+00:00
[2024-07-06T21:35:40.659+0000] {standard_task_runner.py:57} INFO - Started process 2769 to run task
[2024-07-06T21:35:40.661+0000] {standard_task_runner.py:84} INFO - Running: ['airflow', 'tasks', 'run', 'import_main_data', 'export_and_load_facebook_data', 'scheduled__2024-07-06T04:00:00+00:00', '--job-id', '1030', '--raw', '--subdir', 'DAGS_FOLDER/import_raw_data.py', '--cfg-path', '/tmp/tmpqaaaxlpt']
[2024-07-06T21:35:40.661+0000] {standard_task_runner.py:85} INFO - Job 1030: Subtask export_and_load_facebook_data
[2024-07-06T21:35:40.680+0000] {task_command.py:410} INFO - Running <TaskInstance: import_main_data.export_and_load_facebook_data scheduled__2024-07-06T04:00:00+00:00 [running]> on host c058add182a5
[2024-07-06T21:35:40.719+0000] {taskinstance.py:1545} INFO - Exporting env vars: AIRFLOW_CTX_DAG_EMAIL='airflow@example.com' AIRFLOW_CTX_DAG_OWNER='airflow' AIRFLOW_CTX_DAG_ID='import_main_data' AIRFLOW_CTX_TASK_ID='export_and_load_facebook_data' AIRFLOW_CTX_EXECUTION_DATE='2024-07-06T04:00:00+00:00' AIRFLOW_CTX_TRY_NUMBER='1' AIRFLOW_CTX_DAG_RUN_ID='scheduled__2024-07-06T04:00:00+00:00'
[2024-07-06T21:35:40.720+0000] {subprocess.py:63} INFO - Tmp dir root location: 
 /tmp
[2024-07-06T21:35:40.720+0000] {subprocess.py:75} INFO - Running command: ['/bin/bash', '-c', "bash /opt/airflow/scripts/import_core_data.sh facebook id 'id, platform, date, campaign, ad_unit, impressoins, percent_watched, clicks, cost, conversions, likes, shares, comments, created_at' ***ql://***:***@company_db:5432/company_db ***ql://***:***@company_dw:5432/company_dw"]
[2024-07-06T21:35:40.722+0000] {subprocess.py:86} INFO - Output:
[2024-07-06T21:35:40.748+0000] {subprocess.py:93} INFO - CREATE TABLE
[2024-07-06T21:35:41.416+0000] {subprocess.py:93} INFO - COPY 337750
[2024-07-06T21:35:41.435+0000] {subprocess.py:93} INFO - ERROR:  column "impressoins" of relation "facebook" does not exist
[2024-07-06T21:35:41.435+0000] {subprocess.py:93} INFO - LINE 1: ...w.facebook(id, platform, date, campaign, ad_unit, impressoin...
[2024-07-06T21:35:41.435+0000] {subprocess.py:93} INFO -                                                              ^
[2024-07-06T21:35:41.436+0000] {subprocess.py:97} INFO - Command exited with return code 1
[2024-07-06T21:35:41.443+0000] {taskinstance.py:1824} ERROR - Task failed with exception
Traceback (most recent call last):
  File "/home/airflow/.local/lib/python3.9/site-packages/airflow/operators/bash.py", line 210, in execute
    raise AirflowException(
airflow.exceptions.AirflowException: Bash command failed. The command returned a non-zero exit code 1.
[2024-07-06T21:35:41.445+0000] {taskinstance.py:1345} INFO - Marking task as UP_FOR_RETRY. dag_id=import_main_data, task_id=export_and_load_facebook_data, execution_date=20240706T040000, start_date=20240706T213540, end_date=20240706T213541
[2024-07-06T21:35:41.452+0000] {standard_task_runner.py:104} ERROR - Failed to execute job 1030 for task export_and_load_facebook_data (Bash command failed. The command returned a non-zero exit code 1.; 2769)
[2024-07-06T21:35:41.457+0000] {local_task_job_runner.py:225} INFO - Task exited with return code 1
[2024-07-06T21:35:41.469+0000] {taskinstance.py:2651} INFO - 0 downstream tasks scheduled from follow-on schedule check
