[2024-07-06T21:36:38.508+0000] {taskinstance.py:1103} INFO - Dependencies all met for dep_context=non-requeueable deps ti=<TaskInstance: import_main_data.export_and_load_facebook_data scheduled__2024-07-06T04:00:00+00:00 [queued]>
[2024-07-06T21:36:38.512+0000] {taskinstance.py:1103} INFO - Dependencies all met for dep_context=requeueable deps ti=<TaskInstance: import_main_data.export_and_load_facebook_data scheduled__2024-07-06T04:00:00+00:00 [queued]>
[2024-07-06T21:36:38.512+0000] {taskinstance.py:1308} INFO - Starting attempt 2 of 3
[2024-07-06T21:36:38.516+0000] {taskinstance.py:1327} INFO - Executing <Task(BashOperator): export_and_load_facebook_data> on 2024-07-06 04:00:00+00:00
[2024-07-06T21:36:38.518+0000] {standard_task_runner.py:57} INFO - Started process 2833 to run task
[2024-07-06T21:36:38.519+0000] {standard_task_runner.py:84} INFO - Running: ['airflow', 'tasks', 'run', 'import_main_data', 'export_and_load_facebook_data', 'scheduled__2024-07-06T04:00:00+00:00', '--job-id', '1040', '--raw', '--subdir', 'DAGS_FOLDER/import_raw_data.py', '--cfg-path', '/tmp/tmpy34sjzce']
[2024-07-06T21:36:38.520+0000] {standard_task_runner.py:85} INFO - Job 1040: Subtask export_and_load_facebook_data
[2024-07-06T21:36:38.541+0000] {task_command.py:410} INFO - Running <TaskInstance: import_main_data.export_and_load_facebook_data scheduled__2024-07-06T04:00:00+00:00 [running]> on host c058add182a5
[2024-07-06T21:36:38.583+0000] {taskinstance.py:1545} INFO - Exporting env vars: AIRFLOW_CTX_DAG_EMAIL='airflow@example.com' AIRFLOW_CTX_DAG_OWNER='airflow' AIRFLOW_CTX_DAG_ID='import_main_data' AIRFLOW_CTX_TASK_ID='export_and_load_facebook_data' AIRFLOW_CTX_EXECUTION_DATE='2024-07-06T04:00:00+00:00' AIRFLOW_CTX_TRY_NUMBER='2' AIRFLOW_CTX_DAG_RUN_ID='scheduled__2024-07-06T04:00:00+00:00'
[2024-07-06T21:36:38.583+0000] {subprocess.py:63} INFO - Tmp dir root location: 
 /tmp
[2024-07-06T21:36:38.584+0000] {subprocess.py:75} INFO - Running command: ['/bin/bash', '-c', "bash /opt/airflow/scripts/import_core_data.sh facebook id 'id, platform, date, campaign, ad_unit, impressions, percent_watched, clicks, cost, conversions, likes, shares, comments, created_at' ***ql://***:***@company_db:5432/company_db ***ql://***:***@company_dw:5432/company_dw"]
[2024-07-06T21:36:38.586+0000] {subprocess.py:86} INFO - Output:
[2024-07-06T21:36:38.616+0000] {subprocess.py:93} INFO - ERROR:  relation "temp_facebook" already exists
[2024-07-06T21:36:39.310+0000] {subprocess.py:93} INFO - COPY 337750
[2024-07-06T21:36:39.944+0000] {subprocess.py:93} INFO - ERROR:  duplicate key value violates unique constraint "facebook_pkey"
[2024-07-06T21:36:39.945+0000] {subprocess.py:93} INFO - DETAIL:  Key (id)=(6001) already exists.
[2024-07-06T21:36:39.946+0000] {subprocess.py:97} INFO - Command exited with return code 1
[2024-07-06T21:36:39.955+0000] {taskinstance.py:1824} ERROR - Task failed with exception
Traceback (most recent call last):
  File "/home/airflow/.local/lib/python3.9/site-packages/airflow/operators/bash.py", line 210, in execute
    raise AirflowException(
airflow.exceptions.AirflowException: Bash command failed. The command returned a non-zero exit code 1.
[2024-07-06T21:36:39.957+0000] {taskinstance.py:1345} INFO - Marking task as UP_FOR_RETRY. dag_id=import_main_data, task_id=export_and_load_facebook_data, execution_date=20240706T040000, start_date=20240706T213638, end_date=20240706T213639
[2024-07-06T21:36:39.965+0000] {standard_task_runner.py:104} ERROR - Failed to execute job 1040 for task export_and_load_facebook_data (Bash command failed. The command returned a non-zero exit code 1.; 2833)
[2024-07-06T21:36:39.969+0000] {local_task_job_runner.py:225} INFO - Task exited with return code 1
[2024-07-06T21:36:39.982+0000] {taskinstance.py:2651} INFO - 0 downstream tasks scheduled from follow-on schedule check
