[2024-07-15T23:31:59.393+0000] {taskinstance.py:1037} DEBUG - previous_execution_date was called
[2024-07-15T23:31:59.402+0000] {__init__.py:51} DEBUG - Loading core task runner: StandardTaskRunner
[2024-07-15T23:31:59.411+0000] {taskinstance.py:1037} DEBUG - previous_execution_date was called
[2024-07-15T23:31:59.413+0000] {base_task_runner.py:68} DEBUG - Planning to run as the  user
[2024-07-15T23:31:59.414+0000] {taskinstance.py:789} DEBUG - Refreshing TaskInstance <TaskInstance: run_dbt_model_crm_sales.model.matt_demo.crm_stg_sales_teams manual__2024-07-15T23:31:56.990794+00:00 [queued]> from DB
[2024-07-15T23:31:59.426+0000] {taskinstance.py:1112} DEBUG - <TaskInstance: run_dbt_model_crm_sales.model.matt_demo.crm_stg_sales_teams manual__2024-07-15T23:31:56.990794+00:00 [queued]> dependency 'Not In Retry Period' PASSED: True, The task instance was not marked for retrying.
[2024-07-15T23:31:59.434+0000] {taskinstance.py:1112} DEBUG - <TaskInstance: run_dbt_model_crm_sales.model.matt_demo.crm_stg_sales_teams manual__2024-07-15T23:31:56.990794+00:00 [queued]> dependency 'Task Instance State' PASSED: True, Task state queued was valid.
[2024-07-15T23:31:59.435+0000] {taskinstance.py:1112} DEBUG - <TaskInstance: run_dbt_model_crm_sales.model.matt_demo.crm_stg_sales_teams manual__2024-07-15T23:31:56.990794+00:00 [queued]> dependency 'Previous Dagrun State' PASSED: True, This task instance was the first task instance for its task.
[2024-07-15T23:31:59.436+0000] {taskinstance.py:1112} DEBUG - <TaskInstance: run_dbt_model_crm_sales.model.matt_demo.crm_stg_sales_teams manual__2024-07-15T23:31:56.990794+00:00 [queued]> dependency 'Task Instance Not Running' PASSED: True, Task is not in running state.
[2024-07-15T23:31:59.436+0000] {taskinstance.py:1103} INFO - Dependencies all met for dep_context=non-requeueable deps ti=<TaskInstance: run_dbt_model_crm_sales.model.matt_demo.crm_stg_sales_teams manual__2024-07-15T23:31:56.990794+00:00 [queued]>
[2024-07-15T23:31:59.436+0000] {taskinstance.py:1112} DEBUG - <TaskInstance: run_dbt_model_crm_sales.model.matt_demo.crm_stg_sales_teams manual__2024-07-15T23:31:56.990794+00:00 [queued]> dependency 'Not In Retry Period' PASSED: True, The task instance was not marked for retrying.
[2024-07-15T23:31:59.440+0000] {taskinstance.py:1112} DEBUG - <TaskInstance: run_dbt_model_crm_sales.model.matt_demo.crm_stg_sales_teams manual__2024-07-15T23:31:56.990794+00:00 [queued]> dependency 'Pool Slots Available' PASSED: True, There are enough open slots in default_pool to execute the task
[2024-07-15T23:31:59.442+0000] {taskinstance.py:1112} DEBUG - <TaskInstance: run_dbt_model_crm_sales.model.matt_demo.crm_stg_sales_teams manual__2024-07-15T23:31:56.990794+00:00 [queued]> dependency 'Previous Dagrun State' PASSED: True, This task instance was the first task instance for its task.
[2024-07-15T23:31:59.442+0000] {taskinstance.py:1112} DEBUG - <TaskInstance: run_dbt_model_crm_sales.model.matt_demo.crm_stg_sales_teams manual__2024-07-15T23:31:56.990794+00:00 [queued]> dependency 'Task Concurrency' PASSED: True, Task concurrency is not set.
[2024-07-15T23:31:59.442+0000] {taskinstance.py:1103} INFO - Dependencies all met for dep_context=requeueable deps ti=<TaskInstance: run_dbt_model_crm_sales.model.matt_demo.crm_stg_sales_teams manual__2024-07-15T23:31:56.990794+00:00 [queued]>
[2024-07-15T23:31:59.442+0000] {taskinstance.py:1308} INFO - Starting attempt 1 of 2
[2024-07-15T23:31:59.448+0000] {taskinstance.py:1327} INFO - Executing <Task(BashOperator): model.matt_demo.crm_stg_sales_teams> on 2024-07-15 23:31:56.990794+00:00
[2024-07-15T23:31:59.451+0000] {standard_task_runner.py:57} INFO - Started process 282 to run task
[2024-07-15T23:31:59.453+0000] {standard_task_runner.py:84} INFO - Running: ['airflow', 'tasks', 'run', 'run_dbt_model_crm_sales', 'model.matt_demo.crm_stg_sales_teams', 'manual__2024-07-15T23:31:56.990794+00:00', '--job-id', '88', '--raw', '--subdir', 'DAGS_FOLDER/run_dbt_models_crm_sales.py', '--cfg-path', '/tmp/tmpoemfgr3b']
[2024-07-15T23:31:59.454+0000] {standard_task_runner.py:85} INFO - Job 88: Subtask model.matt_demo.crm_stg_sales_teams
[2024-07-15T23:31:59.454+0000] {cli_action_loggers.py:65} DEBUG - Calling callbacks: [<function default_action_log at 0xffff7ee0a550>]
[2024-07-15T23:31:59.479+0000] {taskinstance.py:1037} DEBUG - previous_execution_date was called
[2024-07-15T23:31:59.481+0000] {task_command.py:410} INFO - Running <TaskInstance: run_dbt_model_crm_sales.model.matt_demo.crm_stg_sales_teams manual__2024-07-15T23:31:56.990794+00:00 [running]> on host f934d9af8cb8
[2024-07-15T23:31:59.482+0000] {settings.py:353} DEBUG - Disposing DB connection pool (PID 282)
[2024-07-15T23:31:59.482+0000] {settings.py:212} DEBUG - Setting up DB connection pool (PID 282)
[2024-07-15T23:31:59.482+0000] {settings.py:285} DEBUG - settings.prepare_engine_args(): Using NullPool
[2024-07-15T23:31:59.483+0000] {taskinstance.py:789} DEBUG - Refreshing TaskInstance <TaskInstance: run_dbt_model_crm_sales.model.matt_demo.crm_stg_sales_teams manual__2024-07-15T23:31:56.990794+00:00 [running]> from DB
[2024-07-15T23:31:59.500+0000] {taskinstance.py:1037} DEBUG - previous_execution_date was called
[2024-07-15T23:31:59.501+0000] {taskinstance.py:868} DEBUG - Clearing XCom data
[2024-07-15T23:31:59.515+0000] {retries.py:80} DEBUG - Running RenderedTaskInstanceFields._do_delete_old_records with retries. Try 1 of 3
[2024-07-15T23:31:59.521+0000] {taskinstance.py:1545} INFO - Exporting env vars: AIRFLOW_CTX_DAG_EMAIL='airflow@example.com' AIRFLOW_CTX_DAG_OWNER='airflow' AIRFLOW_CTX_DAG_ID='run_dbt_model_crm_sales' AIRFLOW_CTX_TASK_ID='model.matt_demo.crm_stg_sales_teams' AIRFLOW_CTX_EXECUTION_DATE='2024-07-15T23:31:56.990794+00:00' AIRFLOW_CTX_TRY_NUMBER='1' AIRFLOW_CTX_DAG_RUN_ID='manual__2024-07-15T23:31:56.990794+00:00'
[2024-07-15T23:31:59.521+0000] {__init__.py:117} DEBUG - Preparing lineage inlets and outlets
[2024-07-15T23:31:59.521+0000] {__init__.py:155} DEBUG - inlets: [], outlets: []
[2024-07-15T23:31:59.522+0000] {bash.py:186} DEBUG - Exporting env vars: AIRFLOW_CTX_DAG_EMAIL='airflow@example.com' AIRFLOW_CTX_DAG_OWNER='airflow' AIRFLOW_CTX_DAG_ID='run_dbt_model_crm_sales' AIRFLOW_CTX_TASK_ID='model.matt_demo.crm_stg_sales_teams' AIRFLOW_CTX_EXECUTION_DATE='2024-07-15T23:31:56.990794+00:00' AIRFLOW_CTX_TRY_NUMBER='1' AIRFLOW_CTX_DAG_RUN_ID='manual__2024-07-15T23:31:56.990794+00:00'
[2024-07-15T23:31:59.522+0000] {subprocess.py:63} INFO - Tmp dir root location: 
 /tmp
[2024-07-15T23:31:59.522+0000] {subprocess.py:75} INFO - Running command: ['/bin/bash', '-c', '\n            export DBT_SCHEMA=analysis_crm_sales &&\n            cd /opt/airflow/dbt &&\n            /home/airflow/.local/bin/dbt --no-write-json run --target dev --models crm_stg_sales_teams\n            ']
[2024-07-15T23:31:59.526+0000] {subprocess.py:86} INFO - Output:
[2024-07-15T23:32:00.444+0000] {subprocess.py:93} INFO - [0m23:32:00  Running with dbt=1.8.3
[2024-07-15T23:32:00.590+0000] {subprocess.py:93} INFO - [0m23:32:00  Registered adapter: ***=1.8.2
[2024-07-15T23:32:00.682+0000] {subprocess.py:93} INFO - [0m23:32:00  Unable to do partial parsing because config vars, config profile, or config target have changed
[2024-07-15T23:32:00.683+0000] {subprocess.py:93} INFO - [0m23:32:00  Unable to do partial parsing because profile has changed
[2024-07-15T23:32:01.402+0000] {subprocess.py:93} INFO - [0m23:32:01  Found 6 models, 4 sources, 652 macros
[2024-07-15T23:32:01.403+0000] {subprocess.py:93} INFO - [0m23:32:01
[2024-07-15T23:32:01.457+0000] {subprocess.py:93} INFO - [0m23:32:01  Concurrency: 4 threads (target='dev')
[2024-07-15T23:32:01.458+0000] {subprocess.py:93} INFO - [0m23:32:01
[2024-07-15T23:32:01.462+0000] {subprocess.py:93} INFO - [0m23:32:01  1 of 1 START sql view model analysis_crm_sales.crm_stg_sales_teams ............. [RUN]
[2024-07-15T23:32:01.493+0000] {subprocess.py:93} INFO - [0m23:32:01  1 of 1 ERROR creating sql view model analysis_crm_sales.crm_stg_sales_teams .... [[31mERROR[0m in 0.03s]
[2024-07-15T23:32:01.499+0000] {subprocess.py:93} INFO - [0m23:32:01
[2024-07-15T23:32:01.499+0000] {subprocess.py:93} INFO - [0m23:32:01  Finished running 1 view model in 0 hours 0 minutes and 0.10 seconds (0.10s).
[2024-07-15T23:32:01.500+0000] {subprocess.py:93} INFO - [0m23:32:01
[2024-07-15T23:32:01.500+0000] {subprocess.py:93} INFO - [0m23:32:01  [31mCompleted with 1 error and 0 warnings:[0m
[2024-07-15T23:32:01.500+0000] {subprocess.py:93} INFO - [0m23:32:01
[2024-07-15T23:32:01.501+0000] {subprocess.py:93} INFO - [0m23:32:01    Database Error in model crm_stg_sales_teams (models/crm_sales_data/staging/crm_stg_sales_teams.sql)
[2024-07-15T23:32:01.501+0000] {subprocess.py:93} INFO -   syntax error at or near ";"
[2024-07-15T23:32:01.501+0000] {subprocess.py:93} INFO -   LINE 16: select * from raw_sales_teams;
[2024-07-15T23:32:01.501+0000] {subprocess.py:93} INFO -                                         ^
[2024-07-15T23:32:01.501+0000] {subprocess.py:93} INFO -   compiled Code at target/run/matt_demo/models/crm_sales_data/staging/crm_stg_sales_teams.sql
[2024-07-15T23:32:01.501+0000] {subprocess.py:93} INFO - [0m23:32:01
[2024-07-15T23:32:01.502+0000] {subprocess.py:93} INFO - [0m23:32:01  Done. PASS=0 WARN=0 ERROR=1 SKIP=0 TOTAL=1
[2024-07-15T23:32:02.012+0000] {subprocess.py:97} INFO - Command exited with return code 1
[2024-07-15T23:32:02.013+0000] {taskinstance.py:789} DEBUG - Refreshing TaskInstance <TaskInstance: run_dbt_model_crm_sales.model.matt_demo.crm_stg_sales_teams manual__2024-07-15T23:31:56.990794+00:00 [running]> from DB
[2024-07-15T23:32:02.019+0000] {taskinstance.py:1824} ERROR - Task failed with exception
Traceback (most recent call last):
  File "/home/airflow/.local/lib/python3.9/site-packages/airflow/operators/bash.py", line 210, in execute
    raise AirflowException(
airflow.exceptions.AirflowException: Bash command failed. The command returned a non-zero exit code 1.
[2024-07-15T23:32:02.020+0000] {taskinstance.py:789} DEBUG - Refreshing TaskInstance <TaskInstance: run_dbt_model_crm_sales.model.matt_demo.crm_stg_sales_teams manual__2024-07-15T23:31:56.990794+00:00 [running]> from DB
[2024-07-15T23:32:02.021+0000] {taskinstance.py:2305} DEBUG - Task Duration set to 2.58448
[2024-07-15T23:32:02.021+0000] {taskinstance.py:1356} DEBUG - Clearing next_method and next_kwargs.
[2024-07-15T23:32:02.022+0000] {taskinstance.py:1345} INFO - Marking task as UP_FOR_RETRY. dag_id=run_dbt_model_crm_sales, task_id=model.matt_demo.crm_stg_sales_teams, execution_date=20240715T233156, start_date=20240715T233159, end_date=20240715T233202
[2024-07-15T23:32:02.029+0000] {cli_action_loggers.py:83} DEBUG - Calling callbacks: []
[2024-07-15T23:32:02.029+0000] {standard_task_runner.py:104} ERROR - Failed to execute job 88 for task model.matt_demo.crm_stg_sales_teams (Bash command failed. The command returned a non-zero exit code 1.; 282)
[2024-07-15T23:32:02.033+0000] {local_task_job_runner.py:225} INFO - Task exited with return code 1
[2024-07-15T23:32:02.053+0000] {dagrun.py:697} DEBUG - number of tis tasks for <DagRun run_dbt_model_crm_sales @ 2024-07-15 23:31:56.990794+00:00: manual__2024-07-15T23:31:56.990794+00:00, state:running, queued_at: 2024-07-15 23:31:57.100386+00:00. externally triggered: True>: 12 task(s)
[2024-07-15T23:32:02.053+0000] {dagrun.py:718} DEBUG - number of scheduleable tasks for <DagRun run_dbt_model_crm_sales @ 2024-07-15 23:31:56.990794+00:00: manual__2024-07-15T23:31:56.990794+00:00, state:running, queued_at: 2024-07-15 23:31:57.100386+00:00. externally triggered: True>: 8 task(s)
[2024-07-15T23:32:02.053+0000] {taskinstance.py:1112} DEBUG - <TaskInstance: run_dbt_model_crm_sales.generate_dbt_docs manual__2024-07-15T23:31:56.990794+00:00 [None]> dependency 'Not In Retry Period' PASSED: True, The task instance was not marked for retrying.
[2024-07-15T23:32:02.053+0000] {taskinstance.py:1112} DEBUG - <TaskInstance: run_dbt_model_crm_sales.generate_dbt_docs manual__2024-07-15T23:31:56.990794+00:00 [None]> dependency 'Trigger Rule' PASSED: False, Task's trigger rule 'all_success' requires all upstream tasks to have succeeded, but found 10 non-success(es). upstream_states=_UpstreamTIStates(success=0, skipped=0, failed=0, upstream_failed=0, removed=0, done=0), upstream_task_ids={'test.matt_demo.crm_performance', 'test.matt_demo.crm_stg_sales_teams', 'model.matt_demo.crm_stg_accounts', 'model.matt_demo.crm_performance', 'model.matt_demo.crm_stg_sales_pipelines', 'test.matt_demo.crm_stg_sales_pipelines', 'model.matt_demo.crm_stg_products', 'test.matt_demo.crm_stg_products', 'model.matt_demo.crm_stg_sales_teams', 'test.matt_demo.crm_stg_accounts'}
[2024-07-15T23:32:02.054+0000] {taskinstance.py:1093} DEBUG - Dependencies not met for <TaskInstance: run_dbt_model_crm_sales.generate_dbt_docs manual__2024-07-15T23:31:56.990794+00:00 [None]>, dependency 'Trigger Rule' FAILED: Task's trigger rule 'all_success' requires all upstream tasks to have succeeded, but found 10 non-success(es). upstream_states=_UpstreamTIStates(success=0, skipped=0, failed=0, upstream_failed=0, removed=0, done=0), upstream_task_ids={'test.matt_demo.crm_performance', 'test.matt_demo.crm_stg_sales_teams', 'model.matt_demo.crm_stg_accounts', 'model.matt_demo.crm_performance', 'model.matt_demo.crm_stg_sales_pipelines', 'test.matt_demo.crm_stg_sales_pipelines', 'model.matt_demo.crm_stg_products', 'test.matt_demo.crm_stg_products', 'model.matt_demo.crm_stg_sales_teams', 'test.matt_demo.crm_stg_accounts'}
[2024-07-15T23:32:02.054+0000] {taskinstance.py:1112} DEBUG - <TaskInstance: run_dbt_model_crm_sales.generate_dbt_docs manual__2024-07-15T23:31:56.990794+00:00 [None]> dependency 'Previous Dagrun State' PASSED: True, This task instance was the first task instance for its task.
[2024-07-15T23:32:02.056+0000] {taskinstance.py:1112} DEBUG - <TaskInstance: run_dbt_model_crm_sales.test.matt_demo.crm_stg_products manual__2024-07-15T23:31:56.990794+00:00 [None]> dependency 'Not In Retry Period' PASSED: True, The task instance was not marked for retrying.
[2024-07-15T23:32:02.056+0000] {taskinstance.py:1112} DEBUG - <TaskInstance: run_dbt_model_crm_sales.test.matt_demo.crm_stg_products manual__2024-07-15T23:31:56.990794+00:00 [None]> dependency 'Trigger Rule' PASSED: False, Task's trigger rule 'all_success' requires all upstream tasks to have succeeded, but found 1 non-success(es). upstream_states=_UpstreamTIStates(success=1, skipped=0, failed=0, upstream_failed=0, removed=0, done=1), upstream_task_ids={'model.matt_demo.crm_stg_products', 'wait_for_dbt_init'}
[2024-07-15T23:32:02.056+0000] {taskinstance.py:1093} DEBUG - Dependencies not met for <TaskInstance: run_dbt_model_crm_sales.test.matt_demo.crm_stg_products manual__2024-07-15T23:31:56.990794+00:00 [None]>, dependency 'Trigger Rule' FAILED: Task's trigger rule 'all_success' requires all upstream tasks to have succeeded, but found 1 non-success(es). upstream_states=_UpstreamTIStates(success=1, skipped=0, failed=0, upstream_failed=0, removed=0, done=1), upstream_task_ids={'model.matt_demo.crm_stg_products', 'wait_for_dbt_init'}
[2024-07-15T23:32:02.057+0000] {taskinstance.py:1112} DEBUG - <TaskInstance: run_dbt_model_crm_sales.test.matt_demo.crm_stg_products manual__2024-07-15T23:31:56.990794+00:00 [None]> dependency 'Previous Dagrun State' PASSED: True, This task instance was the first task instance for its task.
[2024-07-15T23:32:02.057+0000] {taskinstance.py:1112} DEBUG - <TaskInstance: run_dbt_model_crm_sales.test.matt_demo.crm_stg_sales_teams manual__2024-07-15T23:31:56.990794+00:00 [None]> dependency 'Not In Retry Period' PASSED: True, The task instance was not marked for retrying.
[2024-07-15T23:32:02.057+0000] {taskinstance.py:1112} DEBUG - <TaskInstance: run_dbt_model_crm_sales.test.matt_demo.crm_stg_sales_teams manual__2024-07-15T23:31:56.990794+00:00 [None]> dependency 'Trigger Rule' PASSED: False, Task's trigger rule 'all_success' requires all upstream tasks to have succeeded, but found 1 non-success(es). upstream_states=_UpstreamTIStates(success=1, skipped=0, failed=0, upstream_failed=0, removed=0, done=1), upstream_task_ids={'model.matt_demo.crm_stg_sales_teams', 'wait_for_dbt_init'}
[2024-07-15T23:32:02.058+0000] {taskinstance.py:1093} DEBUG - Dependencies not met for <TaskInstance: run_dbt_model_crm_sales.test.matt_demo.crm_stg_sales_teams manual__2024-07-15T23:31:56.990794+00:00 [None]>, dependency 'Trigger Rule' FAILED: Task's trigger rule 'all_success' requires all upstream tasks to have succeeded, but found 1 non-success(es). upstream_states=_UpstreamTIStates(success=1, skipped=0, failed=0, upstream_failed=0, removed=0, done=1), upstream_task_ids={'model.matt_demo.crm_stg_sales_teams', 'wait_for_dbt_init'}
[2024-07-15T23:32:02.058+0000] {taskinstance.py:1112} DEBUG - <TaskInstance: run_dbt_model_crm_sales.test.matt_demo.crm_stg_sales_teams manual__2024-07-15T23:31:56.990794+00:00 [None]> dependency 'Previous Dagrun State' PASSED: True, This task instance was the first task instance for its task.
[2024-07-15T23:32:02.059+0000] {taskinstance.py:1112} DEBUG - <TaskInstance: run_dbt_model_crm_sales.test.matt_demo.crm_stg_accounts manual__2024-07-15T23:31:56.990794+00:00 [None]> dependency 'Not In Retry Period' PASSED: True, The task instance was not marked for retrying.
[2024-07-15T23:32:02.059+0000] {taskinstance.py:1112} DEBUG - <TaskInstance: run_dbt_model_crm_sales.test.matt_demo.crm_stg_accounts manual__2024-07-15T23:31:56.990794+00:00 [None]> dependency 'Trigger Rule' PASSED: False, Task's trigger rule 'all_success' requires all upstream tasks to have succeeded, but found 1 non-success(es). upstream_states=_UpstreamTIStates(success=1, skipped=0, failed=0, upstream_failed=0, removed=0, done=1), upstream_task_ids={'model.matt_demo.crm_stg_accounts', 'wait_for_dbt_init'}
[2024-07-15T23:32:02.059+0000] {taskinstance.py:1093} DEBUG - Dependencies not met for <TaskInstance: run_dbt_model_crm_sales.test.matt_demo.crm_stg_accounts manual__2024-07-15T23:31:56.990794+00:00 [None]>, dependency 'Trigger Rule' FAILED: Task's trigger rule 'all_success' requires all upstream tasks to have succeeded, but found 1 non-success(es). upstream_states=_UpstreamTIStates(success=1, skipped=0, failed=0, upstream_failed=0, removed=0, done=1), upstream_task_ids={'model.matt_demo.crm_stg_accounts', 'wait_for_dbt_init'}
[2024-07-15T23:32:02.059+0000] {taskinstance.py:1112} DEBUG - <TaskInstance: run_dbt_model_crm_sales.test.matt_demo.crm_stg_accounts manual__2024-07-15T23:31:56.990794+00:00 [None]> dependency 'Previous Dagrun State' PASSED: True, This task instance was the first task instance for its task.
[2024-07-15T23:32:02.060+0000] {taskinstance.py:1112} DEBUG - <TaskInstance: run_dbt_model_crm_sales.test.matt_demo.crm_stg_sales_pipelines manual__2024-07-15T23:31:56.990794+00:00 [None]> dependency 'Not In Retry Period' PASSED: True, The task instance was not marked for retrying.
[2024-07-15T23:32:02.060+0000] {taskinstance.py:1112} DEBUG - <TaskInstance: run_dbt_model_crm_sales.test.matt_demo.crm_stg_sales_pipelines manual__2024-07-15T23:31:56.990794+00:00 [None]> dependency 'Trigger Rule' PASSED: False, Task's trigger rule 'all_success' requires all upstream tasks to have succeeded, but found 1 non-success(es). upstream_states=_UpstreamTIStates(success=1, skipped=0, failed=0, upstream_failed=0, removed=0, done=1), upstream_task_ids={'model.matt_demo.crm_stg_sales_pipelines', 'wait_for_dbt_init'}
[2024-07-15T23:32:02.061+0000] {taskinstance.py:1093} DEBUG - Dependencies not met for <TaskInstance: run_dbt_model_crm_sales.test.matt_demo.crm_stg_sales_pipelines manual__2024-07-15T23:31:56.990794+00:00 [None]>, dependency 'Trigger Rule' FAILED: Task's trigger rule 'all_success' requires all upstream tasks to have succeeded, but found 1 non-success(es). upstream_states=_UpstreamTIStates(success=1, skipped=0, failed=0, upstream_failed=0, removed=0, done=1), upstream_task_ids={'model.matt_demo.crm_stg_sales_pipelines', 'wait_for_dbt_init'}
[2024-07-15T23:32:02.061+0000] {taskinstance.py:1112} DEBUG - <TaskInstance: run_dbt_model_crm_sales.test.matt_demo.crm_stg_sales_pipelines manual__2024-07-15T23:31:56.990794+00:00 [None]> dependency 'Previous Dagrun State' PASSED: True, This task instance was the first task instance for its task.
[2024-07-15T23:32:02.062+0000] {taskinstance.py:1112} DEBUG - <TaskInstance: run_dbt_model_crm_sales.model.matt_demo.crm_performance manual__2024-07-15T23:31:56.990794+00:00 [None]> dependency 'Not In Retry Period' PASSED: True, The task instance was not marked for retrying.
[2024-07-15T23:32:02.062+0000] {taskinstance.py:1112} DEBUG - <TaskInstance: run_dbt_model_crm_sales.model.matt_demo.crm_performance manual__2024-07-15T23:31:56.990794+00:00 [None]> dependency 'Trigger Rule' PASSED: False, Task's trigger rule 'all_success' requires all upstream tasks to have succeeded, but found 2 non-success(es). upstream_states=_UpstreamTIStates(success=1, skipped=0, failed=0, upstream_failed=0, removed=0, done=1), upstream_task_ids={'model.matt_demo.crm_stg_sales_pipelines', 'model.matt_demo.crm_stg_sales_teams', 'wait_for_dbt_init'}
[2024-07-15T23:32:02.062+0000] {taskinstance.py:1093} DEBUG - Dependencies not met for <TaskInstance: run_dbt_model_crm_sales.model.matt_demo.crm_performance manual__2024-07-15T23:31:56.990794+00:00 [None]>, dependency 'Trigger Rule' FAILED: Task's trigger rule 'all_success' requires all upstream tasks to have succeeded, but found 2 non-success(es). upstream_states=_UpstreamTIStates(success=1, skipped=0, failed=0, upstream_failed=0, removed=0, done=1), upstream_task_ids={'model.matt_demo.crm_stg_sales_pipelines', 'model.matt_demo.crm_stg_sales_teams', 'wait_for_dbt_init'}
[2024-07-15T23:32:02.062+0000] {taskinstance.py:1112} DEBUG - <TaskInstance: run_dbt_model_crm_sales.model.matt_demo.crm_performance manual__2024-07-15T23:31:56.990794+00:00 [None]> dependency 'Previous Dagrun State' PASSED: True, This task instance was the first task instance for its task.
[2024-07-15T23:32:02.063+0000] {taskinstance.py:1112} DEBUG - <TaskInstance: run_dbt_model_crm_sales.test.matt_demo.crm_performance manual__2024-07-15T23:31:56.990794+00:00 [None]> dependency 'Not In Retry Period' PASSED: True, The task instance was not marked for retrying.
[2024-07-15T23:32:02.063+0000] {taskinstance.py:1112} DEBUG - <TaskInstance: run_dbt_model_crm_sales.test.matt_demo.crm_performance manual__2024-07-15T23:31:56.990794+00:00 [None]> dependency 'Trigger Rule' PASSED: False, Task's trigger rule 'all_success' requires all upstream tasks to have succeeded, but found 1 non-success(es). upstream_states=_UpstreamTIStates(success=1, skipped=0, failed=0, upstream_failed=0, removed=0, done=1), upstream_task_ids={'model.matt_demo.crm_performance', 'wait_for_dbt_init'}
[2024-07-15T23:32:02.063+0000] {taskinstance.py:1093} DEBUG - Dependencies not met for <TaskInstance: run_dbt_model_crm_sales.test.matt_demo.crm_performance manual__2024-07-15T23:31:56.990794+00:00 [None]>, dependency 'Trigger Rule' FAILED: Task's trigger rule 'all_success' requires all upstream tasks to have succeeded, but found 1 non-success(es). upstream_states=_UpstreamTIStates(success=1, skipped=0, failed=0, upstream_failed=0, removed=0, done=1), upstream_task_ids={'model.matt_demo.crm_performance', 'wait_for_dbt_init'}
[2024-07-15T23:32:02.064+0000] {taskinstance.py:1112} DEBUG - <TaskInstance: run_dbt_model_crm_sales.test.matt_demo.crm_performance manual__2024-07-15T23:31:56.990794+00:00 [None]> dependency 'Previous Dagrun State' PASSED: True, This task instance was the first task instance for its task.
[2024-07-15T23:32:02.064+0000] {taskinstance.py:1112} DEBUG - <TaskInstance: run_dbt_model_crm_sales.model.matt_demo.crm_stg_sales_teams manual__2024-07-15T23:31:56.990794+00:00 [up_for_retry]> dependency 'Not In Retry Period' PASSED: False, Task is not ready for retry yet but will be retried automatically. Current date is 2024-07-15T23:32:02.064815+00:00 and task will be retried at 2024-07-15T23:37:02.021022+00:00.
[2024-07-15T23:32:02.064+0000] {taskinstance.py:1093} DEBUG - Dependencies not met for <TaskInstance: run_dbt_model_crm_sales.model.matt_demo.crm_stg_sales_teams manual__2024-07-15T23:31:56.990794+00:00 [up_for_retry]>, dependency 'Not In Retry Period' FAILED: Task is not ready for retry yet but will be retried automatically. Current date is 2024-07-15T23:32:02.064815+00:00 and task will be retried at 2024-07-15T23:37:02.021022+00:00.
[2024-07-15T23:32:02.065+0000] {taskinstance.py:1112} DEBUG - <TaskInstance: run_dbt_model_crm_sales.model.matt_demo.crm_stg_sales_teams manual__2024-07-15T23:31:56.990794+00:00 [up_for_retry]> dependency 'Previous Dagrun State' PASSED: True, This task instance was the first task instance for its task.
[2024-07-15T23:32:02.067+0000] {taskinstance.py:2651} INFO - 0 downstream tasks scheduled from follow-on schedule check
