[2024-06-27T22:33:16.502+0000] {local_task_job_runner.py:120} INFO - ::group::Pre task execution logs
[2024-06-27T22:33:16.513+0000] {taskinstance.py:2076} INFO - Dependencies all met for dep_context=non-requeueable deps ti=<TaskInstance: ecomm_data_pipeline.generate_and_insert_data scheduled__2023-01-01T01:30:00+00:00 [queued]>
[2024-06-27T22:33:16.515+0000] {taskinstance.py:2076} INFO - Dependencies all met for dep_context=requeueable deps ti=<TaskInstance: ecomm_data_pipeline.generate_and_insert_data scheduled__2023-01-01T01:30:00+00:00 [queued]>
[2024-06-27T22:33:16.516+0000] {taskinstance.py:2306} INFO - Starting attempt 1 of 2
[2024-06-27T22:33:16.520+0000] {taskinstance.py:2330} INFO - Executing <Task(PythonOperator): generate_and_insert_data> on 2023-01-01 01:30:00+00:00
[2024-06-27T22:33:16.522+0000] {standard_task_runner.py:63} INFO - Started process 296 to run task
[2024-06-27T22:33:16.523+0000] {standard_task_runner.py:90} INFO - Running: ['airflow', 'tasks', 'run', 'ecomm_data_pipeline', 'generate_and_insert_data', 'scheduled__2023-01-01T01:30:00+00:00', '--job-id', '20', '--raw', '--subdir', 'DAGS_FOLDER/ecomm_dag.py', '--cfg-path', '/tmp/tmpg1oyoop6']
[2024-06-27T22:33:16.523+0000] {standard_task_runner.py:91} INFO - Job 20: Subtask generate_and_insert_data
[2024-06-27T22:33:16.540+0000] {task_command.py:426} INFO - Running <TaskInstance: ecomm_data_pipeline.generate_and_insert_data scheduled__2023-01-01T01:30:00+00:00 [running]> on host 9174587f6b1d
[2024-06-27T22:33:16.570+0000] {taskinstance.py:2648} INFO - Exporting env vars: AIRFLOW_CTX_DAG_OWNER='airflow' AIRFLOW_CTX_DAG_ID='ecomm_data_pipeline' AIRFLOW_CTX_TASK_ID='generate_and_insert_data' AIRFLOW_CTX_EXECUTION_DATE='2023-01-01T01:30:00+00:00' AIRFLOW_CTX_TRY_NUMBER='1' AIRFLOW_CTX_DAG_RUN_ID='scheduled__2023-01-01T01:30:00+00:00'
[2024-06-27T22:33:16.571+0000] {taskinstance.py:430} INFO - ::endgroup::
[2024-06-27T22:33:16.607+0000] {logging_mixin.py:188} INFO - Error in generate_and_insert_data: Command '['python3', './generator/ecomm_generator.py']' returned non-zero exit status 2.
[2024-06-27T22:33:16.607+0000] {python.py:237} INFO - Done. Returned value was: None
[2024-06-27T22:33:16.607+0000] {taskinstance.py:441} INFO - ::group::Post task execution logs
[2024-06-27T22:33:16.612+0000] {taskinstance.py:1206} INFO - Marking task as SUCCESS. dag_id=ecomm_data_pipeline, task_id=generate_and_insert_data, run_id=scheduled__2023-01-01T01:30:00+00:00, execution_date=20230101T013000, start_date=20240627T223316, end_date=20240627T223316
[2024-06-27T22:33:16.625+0000] {local_task_job_runner.py:240} INFO - Task exited with return code 0
[2024-06-27T22:33:16.632+0000] {taskinstance.py:3503} INFO - 0 downstream tasks scheduled from follow-on schedule check
[2024-06-27T22:33:16.633+0000] {local_task_job_runner.py:222} INFO - ::endgroup::
[2024-06-27T22:52:06.627+0000] {local_task_job_runner.py:120} INFO - ::group::Pre task execution logs
[2024-06-27T22:52:06.638+0000] {taskinstance.py:2076} INFO - Dependencies all met for dep_context=non-requeueable deps ti=<TaskInstance: ecomm_data_pipeline.generate_and_insert_data scheduled__2023-01-01T01:30:00+00:00 [queued]>
[2024-06-27T22:52:06.641+0000] {taskinstance.py:2076} INFO - Dependencies all met for dep_context=requeueable deps ti=<TaskInstance: ecomm_data_pipeline.generate_and_insert_data scheduled__2023-01-01T01:30:00+00:00 [queued]>
[2024-06-27T22:52:06.641+0000] {taskinstance.py:2306} INFO - Starting attempt 1 of 2
[2024-06-27T22:52:06.646+0000] {taskinstance.py:2330} INFO - Executing <Task(PythonOperator): generate_and_insert_data> on 2023-01-01 01:30:00+00:00
[2024-06-27T22:52:06.648+0000] {standard_task_runner.py:63} INFO - Started process 294 to run task
[2024-06-27T22:52:06.649+0000] {standard_task_runner.py:90} INFO - Running: ['airflow', 'tasks', 'run', 'ecomm_data_pipeline', 'generate_and_insert_data', 'scheduled__2023-01-01T01:30:00+00:00', '--job-id', '20', '--raw', '--subdir', 'DAGS_FOLDER/ecomm_dag.py', '--cfg-path', '/tmp/tmptrq8b_gu']
[2024-06-27T22:52:06.650+0000] {standard_task_runner.py:91} INFO - Job 20: Subtask generate_and_insert_data
[2024-06-27T22:52:06.668+0000] {task_command.py:426} INFO - Running <TaskInstance: ecomm_data_pipeline.generate_and_insert_data scheduled__2023-01-01T01:30:00+00:00 [running]> on host a70edf9d8581
[2024-06-27T22:52:06.699+0000] {taskinstance.py:2648} INFO - Exporting env vars: AIRFLOW_CTX_DAG_OWNER='airflow' AIRFLOW_CTX_DAG_ID='ecomm_data_pipeline' AIRFLOW_CTX_TASK_ID='generate_and_insert_data' AIRFLOW_CTX_EXECUTION_DATE='2023-01-01T01:30:00+00:00' AIRFLOW_CTX_TRY_NUMBER='1' AIRFLOW_CTX_DAG_RUN_ID='scheduled__2023-01-01T01:30:00+00:00'
[2024-06-27T22:52:06.699+0000] {taskinstance.py:430} INFO - ::endgroup::
[2024-06-27T22:52:06.734+0000] {logging_mixin.py:188} INFO - Error in generate_and_insert_data: Command '['python3', './generator/ecomm_generator.py']' returned non-zero exit status 2.
[2024-06-27T22:52:06.734+0000] {logging_mixin.py:188} INFO - stdout: 
[2024-06-27T22:52:06.734+0000] {logging_mixin.py:188} INFO - stderr: python3: can't open file '/opt/airflow/./generator/ecomm_generator.py': [Errno 2] No such file or directory
[2024-06-27T22:52:06.734+0000] {python.py:237} INFO - Done. Returned value was: None
[2024-06-27T22:52:06.734+0000] {taskinstance.py:441} INFO - ::group::Post task execution logs
[2024-06-27T22:52:06.739+0000] {taskinstance.py:1206} INFO - Marking task as SUCCESS. dag_id=ecomm_data_pipeline, task_id=generate_and_insert_data, run_id=scheduled__2023-01-01T01:30:00+00:00, execution_date=20230101T013000, start_date=20240627T225206, end_date=20240627T225206
[2024-06-27T22:52:06.754+0000] {local_task_job_runner.py:240} INFO - Task exited with return code 0
[2024-06-27T22:52:06.761+0000] {taskinstance.py:3503} INFO - 0 downstream tasks scheduled from follow-on schedule check
[2024-06-27T22:52:06.762+0000] {local_task_job_runner.py:222} INFO - ::endgroup::
[2024-06-27T22:59:50.154+0000] {local_task_job_runner.py:120} INFO - ::group::Pre task execution logs
[2024-06-27T22:59:50.165+0000] {taskinstance.py:2076} INFO - Dependencies all met for dep_context=non-requeueable deps ti=<TaskInstance: ecomm_data_pipeline.generate_and_insert_data scheduled__2023-01-01T01:30:00+00:00 [queued]>
[2024-06-27T22:59:50.168+0000] {taskinstance.py:2076} INFO - Dependencies all met for dep_context=requeueable deps ti=<TaskInstance: ecomm_data_pipeline.generate_and_insert_data scheduled__2023-01-01T01:30:00+00:00 [queued]>
[2024-06-27T22:59:50.168+0000] {taskinstance.py:2306} INFO - Starting attempt 1 of 2
[2024-06-27T22:59:50.173+0000] {taskinstance.py:2330} INFO - Executing <Task(PythonOperator): generate_and_insert_data> on 2023-01-01 01:30:00+00:00
[2024-06-27T22:59:50.175+0000] {standard_task_runner.py:63} INFO - Started process 296 to run task
[2024-06-27T22:59:50.176+0000] {standard_task_runner.py:90} INFO - Running: ['airflow', 'tasks', 'run', 'ecomm_data_pipeline', 'generate_and_insert_data', 'scheduled__2023-01-01T01:30:00+00:00', '--job-id', '20', '--raw', '--subdir', 'DAGS_FOLDER/ecomm_dag.py', '--cfg-path', '/tmp/tmpc0kc2y1p']
[2024-06-27T22:59:50.176+0000] {standard_task_runner.py:91} INFO - Job 20: Subtask generate_and_insert_data
[2024-06-27T22:59:50.193+0000] {task_command.py:426} INFO - Running <TaskInstance: ecomm_data_pipeline.generate_and_insert_data scheduled__2023-01-01T01:30:00+00:00 [running]> on host 5cc71d4b298c
[2024-06-27T22:59:50.224+0000] {taskinstance.py:2648} INFO - Exporting env vars: AIRFLOW_CTX_DAG_OWNER='airflow' AIRFLOW_CTX_DAG_ID='ecomm_data_pipeline' AIRFLOW_CTX_TASK_ID='generate_and_insert_data' AIRFLOW_CTX_EXECUTION_DATE='2023-01-01T01:30:00+00:00' AIRFLOW_CTX_TRY_NUMBER='1' AIRFLOW_CTX_DAG_RUN_ID='scheduled__2023-01-01T01:30:00+00:00'
[2024-06-27T22:59:50.224+0000] {taskinstance.py:430} INFO - ::endgroup::
[2024-06-27T22:59:50.285+0000] {logging_mixin.py:188} INFO - Error in generate_and_insert_data: Command '['python3', '/opt/airflow/generator/ecomm_generator.py']' returned non-zero exit status 1.
[2024-06-27T22:59:50.286+0000] {logging_mixin.py:188} INFO - stdout: 
[2024-06-27T22:59:50.286+0000] {logging_mixin.py:188} INFO - stderr: Traceback (most recent call last):
  File "/opt/airflow/generator/ecomm_generator.py", line 4, in <module>
    from faker import Faker
ModuleNotFoundError: No module named 'faker'
[2024-06-27T22:59:50.286+0000] {python.py:237} INFO - Done. Returned value was: None
[2024-06-27T22:59:50.286+0000] {taskinstance.py:441} INFO - ::group::Post task execution logs
[2024-06-27T22:59:50.291+0000] {taskinstance.py:1206} INFO - Marking task as SUCCESS. dag_id=ecomm_data_pipeline, task_id=generate_and_insert_data, run_id=scheduled__2023-01-01T01:30:00+00:00, execution_date=20230101T013000, start_date=20240627T225950, end_date=20240627T225950
[2024-06-27T22:59:50.316+0000] {local_task_job_runner.py:240} INFO - Task exited with return code 0
[2024-06-27T22:59:50.324+0000] {taskinstance.py:3503} INFO - 0 downstream tasks scheduled from follow-on schedule check
[2024-06-27T22:59:50.325+0000] {local_task_job_runner.py:222} INFO - ::endgroup::
[2024-06-27T23:09:29.411+0000] {local_task_job_runner.py:120} INFO - ::group::Pre task execution logs
[2024-06-27T23:09:29.422+0000] {taskinstance.py:2076} INFO - Dependencies all met for dep_context=non-requeueable deps ti=<TaskInstance: ecomm_data_pipeline.generate_and_insert_data scheduled__2023-01-01T01:30:00+00:00 [queued]>
[2024-06-27T23:09:29.425+0000] {taskinstance.py:2076} INFO - Dependencies all met for dep_context=requeueable deps ti=<TaskInstance: ecomm_data_pipeline.generate_and_insert_data scheduled__2023-01-01T01:30:00+00:00 [queued]>
[2024-06-27T23:09:29.425+0000] {taskinstance.py:2306} INFO - Starting attempt 1 of 2
[2024-06-27T23:09:29.430+0000] {taskinstance.py:2330} INFO - Executing <Task(PythonOperator): generate_and_insert_data> on 2023-01-01 01:30:00+00:00
[2024-06-27T23:09:29.431+0000] {standard_task_runner.py:63} INFO - Started process 296 to run task
[2024-06-27T23:09:29.432+0000] {standard_task_runner.py:90} INFO - Running: ['airflow', 'tasks', 'run', 'ecomm_data_pipeline', 'generate_and_insert_data', 'scheduled__2023-01-01T01:30:00+00:00', '--job-id', '20', '--raw', '--subdir', 'DAGS_FOLDER/ecomm_dag.py', '--cfg-path', '/tmp/tmpblb3pmsl']
[2024-06-27T23:09:29.433+0000] {standard_task_runner.py:91} INFO - Job 20: Subtask generate_and_insert_data
[2024-06-27T23:09:29.450+0000] {task_command.py:426} INFO - Running <TaskInstance: ecomm_data_pipeline.generate_and_insert_data scheduled__2023-01-01T01:30:00+00:00 [running]> on host 7147f8a4dc9f
[2024-06-27T23:09:29.480+0000] {taskinstance.py:2648} INFO - Exporting env vars: AIRFLOW_CTX_DAG_OWNER='airflow' AIRFLOW_CTX_DAG_ID='ecomm_data_pipeline' AIRFLOW_CTX_TASK_ID='generate_and_insert_data' AIRFLOW_CTX_EXECUTION_DATE='2023-01-01T01:30:00+00:00' AIRFLOW_CTX_TRY_NUMBER='1' AIRFLOW_CTX_DAG_RUN_ID='scheduled__2023-01-01T01:30:00+00:00'
[2024-06-27T23:09:29.480+0000] {taskinstance.py:430} INFO - ::endgroup::
[2024-06-27T23:09:29.540+0000] {logging_mixin.py:188} INFO - Error in generate_and_insert_data: Command '['python3', '/opt/airflow/generator/ecomm_generator.py']' returned non-zero exit status 1.
[2024-06-27T23:09:29.540+0000] {logging_mixin.py:188} INFO - stdout: 
[2024-06-27T23:09:29.540+0000] {logging_mixin.py:188} INFO - stderr: Traceback (most recent call last):
  File "/opt/airflow/generator/ecomm_generator.py", line 4, in <module>
    from faker import Faker
ModuleNotFoundError: No module named 'faker'
[2024-06-27T23:09:29.540+0000] {python.py:237} INFO - Done. Returned value was: None
[2024-06-27T23:09:29.540+0000] {taskinstance.py:441} INFO - ::group::Post task execution logs
[2024-06-27T23:09:29.546+0000] {taskinstance.py:1206} INFO - Marking task as SUCCESS. dag_id=ecomm_data_pipeline, task_id=generate_and_insert_data, run_id=scheduled__2023-01-01T01:30:00+00:00, execution_date=20230101T013000, start_date=20240627T230929, end_date=20240627T230929
[2024-06-27T23:09:29.572+0000] {local_task_job_runner.py:240} INFO - Task exited with return code 0
[2024-06-27T23:09:29.579+0000] {taskinstance.py:3503} INFO - 0 downstream tasks scheduled from follow-on schedule check
[2024-06-27T23:09:29.580+0000] {local_task_job_runner.py:222} INFO - ::endgroup::
[2024-06-27T23:13:07.557+0000] {local_task_job_runner.py:120} INFO - ::group::Pre task execution logs
[2024-06-27T23:13:07.570+0000] {taskinstance.py:2076} INFO - Dependencies all met for dep_context=non-requeueable deps ti=<TaskInstance: ecomm_data_pipeline.generate_and_insert_data scheduled__2023-01-01T01:30:00+00:00 [queued]>
[2024-06-27T23:13:07.572+0000] {taskinstance.py:2076} INFO - Dependencies all met for dep_context=requeueable deps ti=<TaskInstance: ecomm_data_pipeline.generate_and_insert_data scheduled__2023-01-01T01:30:00+00:00 [queued]>
[2024-06-27T23:13:07.573+0000] {taskinstance.py:2306} INFO - Starting attempt 1 of 2
[2024-06-27T23:13:07.578+0000] {taskinstance.py:2330} INFO - Executing <Task(PythonOperator): generate_and_insert_data> on 2023-01-01 01:30:00+00:00
[2024-06-27T23:13:07.580+0000] {standard_task_runner.py:63} INFO - Started process 296 to run task
[2024-06-27T23:13:07.581+0000] {standard_task_runner.py:90} INFO - Running: ['airflow', 'tasks', 'run', 'ecomm_data_pipeline', 'generate_and_insert_data', 'scheduled__2023-01-01T01:30:00+00:00', '--job-id', '20', '--raw', '--subdir', 'DAGS_FOLDER/ecomm_dag.py', '--cfg-path', '/tmp/tmpb034r8ag']
[2024-06-27T23:13:07.582+0000] {standard_task_runner.py:91} INFO - Job 20: Subtask generate_and_insert_data
[2024-06-27T23:13:07.604+0000] {task_command.py:426} INFO - Running <TaskInstance: ecomm_data_pipeline.generate_and_insert_data scheduled__2023-01-01T01:30:00+00:00 [running]> on host 4bd55eb76a74
[2024-06-27T23:13:07.646+0000] {taskinstance.py:2648} INFO - Exporting env vars: AIRFLOW_CTX_DAG_OWNER='airflow' AIRFLOW_CTX_DAG_ID='ecomm_data_pipeline' AIRFLOW_CTX_TASK_ID='generate_and_insert_data' AIRFLOW_CTX_EXECUTION_DATE='2023-01-01T01:30:00+00:00' AIRFLOW_CTX_TRY_NUMBER='1' AIRFLOW_CTX_DAG_RUN_ID='scheduled__2023-01-01T01:30:00+00:00'
[2024-06-27T23:13:07.647+0000] {taskinstance.py:430} INFO - ::endgroup::
[2024-06-27T23:13:07.712+0000] {logging_mixin.py:188} INFO - Error in generate_and_insert_data: Command '['python3', '/opt/airflow/generator/ecomm_generator.py']' returned non-zero exit status 1.
[2024-06-27T23:13:07.712+0000] {logging_mixin.py:188} INFO - stdout: 
[2024-06-27T23:13:07.712+0000] {logging_mixin.py:188} INFO - stderr: Traceback (most recent call last):
  File "/opt/airflow/generator/ecomm_generator.py", line 4, in <module>
    from faker import Faker
ModuleNotFoundError: No module named 'faker'
[2024-06-27T23:13:07.712+0000] {python.py:237} INFO - Done. Returned value was: None
[2024-06-27T23:13:07.713+0000] {taskinstance.py:441} INFO - ::group::Post task execution logs
[2024-06-27T23:13:07.718+0000] {taskinstance.py:1206} INFO - Marking task as SUCCESS. dag_id=ecomm_data_pipeline, task_id=generate_and_insert_data, run_id=scheduled__2023-01-01T01:30:00+00:00, execution_date=20230101T013000, start_date=20240627T231307, end_date=20240627T231307
[2024-06-27T23:13:07.729+0000] {local_task_job_runner.py:240} INFO - Task exited with return code 0
[2024-06-27T23:13:07.737+0000] {taskinstance.py:3503} INFO - 0 downstream tasks scheduled from follow-on schedule check
[2024-06-27T23:13:07.738+0000] {local_task_job_runner.py:222} INFO - ::endgroup::
[2024-06-27T23:19:02.132+0000] {local_task_job_runner.py:120} INFO - ::group::Pre task execution logs
[2024-06-27T23:19:02.143+0000] {taskinstance.py:2076} INFO - Dependencies all met for dep_context=non-requeueable deps ti=<TaskInstance: ecomm_data_pipeline.generate_and_insert_data scheduled__2023-01-01T01:30:00+00:00 [queued]>
[2024-06-27T23:19:02.146+0000] {taskinstance.py:2076} INFO - Dependencies all met for dep_context=requeueable deps ti=<TaskInstance: ecomm_data_pipeline.generate_and_insert_data scheduled__2023-01-01T01:30:00+00:00 [queued]>
[2024-06-27T23:19:02.146+0000] {taskinstance.py:2306} INFO - Starting attempt 1 of 2
[2024-06-27T23:19:02.151+0000] {taskinstance.py:2330} INFO - Executing <Task(PythonOperator): generate_and_insert_data> on 2023-01-01 01:30:00+00:00
[2024-06-27T23:19:02.152+0000] {standard_task_runner.py:63} INFO - Started process 296 to run task
[2024-06-27T23:19:02.154+0000] {standard_task_runner.py:90} INFO - Running: ['airflow', 'tasks', 'run', 'ecomm_data_pipeline', 'generate_and_insert_data', 'scheduled__2023-01-01T01:30:00+00:00', '--job-id', '20', '--raw', '--subdir', 'DAGS_FOLDER/ecomm_dag.py', '--cfg-path', '/tmp/tmpff_o3ale']
[2024-06-27T23:19:02.154+0000] {standard_task_runner.py:91} INFO - Job 20: Subtask generate_and_insert_data
[2024-06-27T23:19:02.172+0000] {task_command.py:426} INFO - Running <TaskInstance: ecomm_data_pipeline.generate_and_insert_data scheduled__2023-01-01T01:30:00+00:00 [running]> on host 73964f870a02
[2024-06-27T23:19:02.203+0000] {taskinstance.py:2648} INFO - Exporting env vars: AIRFLOW_CTX_DAG_OWNER='airflow' AIRFLOW_CTX_DAG_ID='ecomm_data_pipeline' AIRFLOW_CTX_TASK_ID='generate_and_insert_data' AIRFLOW_CTX_EXECUTION_DATE='2023-01-01T01:30:00+00:00' AIRFLOW_CTX_TRY_NUMBER='1' AIRFLOW_CTX_DAG_RUN_ID='scheduled__2023-01-01T01:30:00+00:00'
[2024-06-27T23:19:02.204+0000] {taskinstance.py:430} INFO - ::endgroup::
[2024-06-27T23:19:02.264+0000] {logging_mixin.py:188} INFO - Error in generate_and_insert_data: Command '['python3', '/opt/airflow/generator/ecomm_generator.py']' returned non-zero exit status 1.
[2024-06-27T23:19:02.264+0000] {logging_mixin.py:188} INFO - stdout: 
[2024-06-27T23:19:02.264+0000] {logging_mixin.py:188} INFO - stderr: Traceback (most recent call last):
  File "/opt/airflow/generator/ecomm_generator.py", line 4, in <module>
    from faker import Faker
ModuleNotFoundError: No module named 'faker'
[2024-06-27T23:19:02.264+0000] {python.py:237} INFO - Done. Returned value was: None
[2024-06-27T23:19:02.264+0000] {taskinstance.py:441} INFO - ::group::Post task execution logs
[2024-06-27T23:19:02.269+0000] {taskinstance.py:1206} INFO - Marking task as SUCCESS. dag_id=ecomm_data_pipeline, task_id=generate_and_insert_data, run_id=scheduled__2023-01-01T01:30:00+00:00, execution_date=20230101T013000, start_date=20240627T231902, end_date=20240627T231902
[2024-06-27T23:19:02.298+0000] {local_task_job_runner.py:240} INFO - Task exited with return code 0
[2024-06-27T23:19:02.305+0000] {taskinstance.py:3503} INFO - 0 downstream tasks scheduled from follow-on schedule check
[2024-06-27T23:19:02.305+0000] {local_task_job_runner.py:222} INFO - ::endgroup::
[2024-06-28T18:13:24.746+0000] {local_task_job_runner.py:120} INFO - ::group::Pre task execution logs
[2024-06-28T18:13:24.756+0000] {taskinstance.py:2076} INFO - Dependencies all met for dep_context=non-requeueable deps ti=<TaskInstance: ecomm_data_pipeline.generate_and_insert_data scheduled__2023-01-01T01:30:00+00:00 [queued]>
[2024-06-28T18:13:24.759+0000] {taskinstance.py:2076} INFO - Dependencies all met for dep_context=requeueable deps ti=<TaskInstance: ecomm_data_pipeline.generate_and_insert_data scheduled__2023-01-01T01:30:00+00:00 [queued]>
[2024-06-28T18:13:24.759+0000] {taskinstance.py:2306} INFO - Starting attempt 1 of 2
[2024-06-28T18:13:24.763+0000] {taskinstance.py:2330} INFO - Executing <Task(PythonOperator): generate_and_insert_data> on 2023-01-01 01:30:00+00:00
[2024-06-28T18:13:24.765+0000] {standard_task_runner.py:63} INFO - Started process 294 to run task
[2024-06-28T18:13:24.766+0000] {standard_task_runner.py:90} INFO - Running: ['airflow', 'tasks', 'run', 'ecomm_data_pipeline', 'generate_and_insert_data', 'scheduled__2023-01-01T01:30:00+00:00', '--job-id', '20', '--raw', '--subdir', 'DAGS_FOLDER/ecomm_dag.py', '--cfg-path', '/tmp/tmpbg_ilya6']
[2024-06-28T18:13:24.766+0000] {standard_task_runner.py:91} INFO - Job 20: Subtask generate_and_insert_data
[2024-06-28T18:13:24.783+0000] {task_command.py:426} INFO - Running <TaskInstance: ecomm_data_pipeline.generate_and_insert_data scheduled__2023-01-01T01:30:00+00:00 [running]> on host 08cefd381a1f
[2024-06-28T18:13:24.811+0000] {taskinstance.py:2648} INFO - Exporting env vars: AIRFLOW_CTX_DAG_OWNER='airflow' AIRFLOW_CTX_DAG_ID='ecomm_data_pipeline' AIRFLOW_CTX_TASK_ID='generate_and_insert_data' AIRFLOW_CTX_EXECUTION_DATE='2023-01-01T01:30:00+00:00' AIRFLOW_CTX_TRY_NUMBER='1' AIRFLOW_CTX_DAG_RUN_ID='scheduled__2023-01-01T01:30:00+00:00'
[2024-06-28T18:13:24.811+0000] {taskinstance.py:430} INFO - ::endgroup::
[2024-06-28T18:13:24.864+0000] {logging_mixin.py:188} INFO - Error in generate_and_insert_data: Command '['python3', '/opt/airflow/generator/ecomm_generator.py']' returned non-zero exit status 1.
[2024-06-28T18:13:24.865+0000] {logging_mixin.py:188} INFO - stdout: 
[2024-06-28T18:13:24.865+0000] {logging_mixin.py:188} INFO - stderr: Traceback (most recent call last):
  File "/opt/airflow/generator/ecomm_generator.py", line 4, in <module>
    from faker import Faker
ModuleNotFoundError: No module named 'faker'
[2024-06-28T18:13:24.865+0000] {python.py:237} INFO - Done. Returned value was: None
[2024-06-28T18:13:24.865+0000] {taskinstance.py:441} INFO - ::group::Post task execution logs
[2024-06-28T18:13:24.870+0000] {taskinstance.py:1206} INFO - Marking task as SUCCESS. dag_id=ecomm_data_pipeline, task_id=generate_and_insert_data, run_id=scheduled__2023-01-01T01:30:00+00:00, execution_date=20230101T013000, start_date=20240628T181324, end_date=20240628T181324
[2024-06-28T18:13:24.907+0000] {local_task_job_runner.py:240} INFO - Task exited with return code 0
[2024-06-28T18:13:24.914+0000] {taskinstance.py:3503} INFO - 0 downstream tasks scheduled from follow-on schedule check
[2024-06-28T18:13:24.915+0000] {local_task_job_runner.py:222} INFO - ::endgroup::
[2024-06-28T18:20:39.478+0000] {local_task_job_runner.py:120} INFO - ::group::Pre task execution logs
[2024-06-28T18:20:39.490+0000] {taskinstance.py:2076} INFO - Dependencies all met for dep_context=non-requeueable deps ti=<TaskInstance: ecomm_data_pipeline.generate_and_insert_data scheduled__2023-01-01T01:30:00+00:00 [queued]>
[2024-06-28T18:20:39.493+0000] {taskinstance.py:2076} INFO - Dependencies all met for dep_context=requeueable deps ti=<TaskInstance: ecomm_data_pipeline.generate_and_insert_data scheduled__2023-01-01T01:30:00+00:00 [queued]>
[2024-06-28T18:20:39.493+0000] {taskinstance.py:2306} INFO - Starting attempt 1 of 2
[2024-06-28T18:20:39.498+0000] {taskinstance.py:2330} INFO - Executing <Task(PythonOperator): generate_and_insert_data> on 2023-01-01 01:30:00+00:00
[2024-06-28T18:20:39.499+0000] {standard_task_runner.py:63} INFO - Started process 296 to run task
[2024-06-28T18:20:39.500+0000] {standard_task_runner.py:90} INFO - Running: ['airflow', 'tasks', 'run', 'ecomm_data_pipeline', 'generate_and_insert_data', 'scheduled__2023-01-01T01:30:00+00:00', '--job-id', '20', '--raw', '--subdir', 'DAGS_FOLDER/ecomm_dag.py', '--cfg-path', '/tmp/tmpj2ual1ol']
[2024-06-28T18:20:39.501+0000] {standard_task_runner.py:91} INFO - Job 20: Subtask generate_and_insert_data
[2024-06-28T18:20:39.519+0000] {task_command.py:426} INFO - Running <TaskInstance: ecomm_data_pipeline.generate_and_insert_data scheduled__2023-01-01T01:30:00+00:00 [running]> on host 6570e5857071
[2024-06-28T18:20:39.551+0000] {taskinstance.py:2648} INFO - Exporting env vars: AIRFLOW_CTX_DAG_OWNER='airflow' AIRFLOW_CTX_DAG_ID='ecomm_data_pipeline' AIRFLOW_CTX_TASK_ID='generate_and_insert_data' AIRFLOW_CTX_EXECUTION_DATE='2023-01-01T01:30:00+00:00' AIRFLOW_CTX_TRY_NUMBER='1' AIRFLOW_CTX_DAG_RUN_ID='scheduled__2023-01-01T01:30:00+00:00'
[2024-06-28T18:20:39.551+0000] {taskinstance.py:430} INFO - ::endgroup::
[2024-06-28T18:20:39.611+0000] {logging_mixin.py:188} INFO - Error in generate_and_insert_data: Command '['python3', '/opt/airflow/generator/ecomm_generator.py']' returned non-zero exit status 1.
[2024-06-28T18:20:39.612+0000] {logging_mixin.py:188} INFO - stdout: 
[2024-06-28T18:20:39.612+0000] {logging_mixin.py:188} INFO - stderr: Traceback (most recent call last):
  File "/opt/airflow/generator/ecomm_generator.py", line 4, in <module>
    from faker import Faker
ModuleNotFoundError: No module named 'faker'
[2024-06-28T18:20:39.612+0000] {python.py:237} INFO - Done. Returned value was: None
[2024-06-28T18:20:39.612+0000] {taskinstance.py:441} INFO - ::group::Post task execution logs
[2024-06-28T18:20:39.617+0000] {taskinstance.py:1206} INFO - Marking task as SUCCESS. dag_id=ecomm_data_pipeline, task_id=generate_and_insert_data, run_id=scheduled__2023-01-01T01:30:00+00:00, execution_date=20230101T013000, start_date=20240628T182039, end_date=20240628T182039
[2024-06-28T18:20:39.639+0000] {local_task_job_runner.py:240} INFO - Task exited with return code 0
[2024-06-28T18:20:39.647+0000] {taskinstance.py:3503} INFO - 0 downstream tasks scheduled from follow-on schedule check
[2024-06-28T18:20:39.647+0000] {local_task_job_runner.py:222} INFO - ::endgroup::
[2024-06-28T18:30:41.347+0000] {local_task_job_runner.py:120} INFO - ::group::Pre task execution logs
[2024-06-28T18:30:41.358+0000] {taskinstance.py:2076} INFO - Dependencies all met for dep_context=non-requeueable deps ti=<TaskInstance: ecomm_data_pipeline.generate_and_insert_data scheduled__2023-01-01T01:30:00+00:00 [queued]>
[2024-06-28T18:30:41.361+0000] {taskinstance.py:2076} INFO - Dependencies all met for dep_context=requeueable deps ti=<TaskInstance: ecomm_data_pipeline.generate_and_insert_data scheduled__2023-01-01T01:30:00+00:00 [queued]>
[2024-06-28T18:30:41.361+0000] {taskinstance.py:2306} INFO - Starting attempt 1 of 2
[2024-06-28T18:30:41.366+0000] {taskinstance.py:2330} INFO - Executing <Task(PythonOperator): generate_and_insert_data> on 2023-01-01 01:30:00+00:00
[2024-06-28T18:30:41.367+0000] {standard_task_runner.py:63} INFO - Started process 296 to run task
[2024-06-28T18:30:41.368+0000] {standard_task_runner.py:90} INFO - Running: ['airflow', 'tasks', 'run', 'ecomm_data_pipeline', 'generate_and_insert_data', 'scheduled__2023-01-01T01:30:00+00:00', '--job-id', '20', '--raw', '--subdir', 'DAGS_FOLDER/ecomm_dag.py', '--cfg-path', '/tmp/tmp86h6o1qx']
[2024-06-28T18:30:41.369+0000] {standard_task_runner.py:91} INFO - Job 20: Subtask generate_and_insert_data
[2024-06-28T18:30:41.387+0000] {task_command.py:426} INFO - Running <TaskInstance: ecomm_data_pipeline.generate_and_insert_data scheduled__2023-01-01T01:30:00+00:00 [running]> on host 50bf780463b8
[2024-06-28T18:30:41.419+0000] {taskinstance.py:2648} INFO - Exporting env vars: AIRFLOW_CTX_DAG_OWNER='airflow' AIRFLOW_CTX_DAG_ID='ecomm_data_pipeline' AIRFLOW_CTX_TASK_ID='generate_and_insert_data' AIRFLOW_CTX_EXECUTION_DATE='2023-01-01T01:30:00+00:00' AIRFLOW_CTX_TRY_NUMBER='1' AIRFLOW_CTX_DAG_RUN_ID='scheduled__2023-01-01T01:30:00+00:00'
[2024-06-28T18:30:41.419+0000] {taskinstance.py:430} INFO - ::endgroup::
[2024-06-28T18:30:41.479+0000] {logging_mixin.py:188} INFO - Error in generate_and_insert_data: Command '['python3', '/opt/airflow/generator/ecomm_generator.py']' returned non-zero exit status 1.
[2024-06-28T18:30:41.480+0000] {logging_mixin.py:188} INFO - stdout: 
[2024-06-28T18:30:41.480+0000] {logging_mixin.py:188} INFO - stderr: Traceback (most recent call last):
  File "/opt/airflow/generator/ecomm_generator.py", line 4, in <module>
    from faker import Faker
ModuleNotFoundError: No module named 'faker'
[2024-06-28T18:30:41.480+0000] {python.py:237} INFO - Done. Returned value was: None
[2024-06-28T18:30:41.480+0000] {taskinstance.py:441} INFO - ::group::Post task execution logs
[2024-06-28T18:30:41.485+0000] {taskinstance.py:1206} INFO - Marking task as SUCCESS. dag_id=ecomm_data_pipeline, task_id=generate_and_insert_data, run_id=scheduled__2023-01-01T01:30:00+00:00, execution_date=20230101T013000, start_date=20240628T183041, end_date=20240628T183041
[2024-06-28T18:30:41.514+0000] {local_task_job_runner.py:240} INFO - Task exited with return code 0
[2024-06-28T18:30:41.521+0000] {taskinstance.py:3503} INFO - 0 downstream tasks scheduled from follow-on schedule check
[2024-06-28T18:30:41.522+0000] {local_task_job_runner.py:222} INFO - ::endgroup::
