[2024-07-15T23:09:21.691+0000] {taskinstance.py:1037} DEBUG - previous_execution_date was called
[2024-07-15T23:09:21.698+0000] {__init__.py:51} DEBUG - Loading core task runner: StandardTaskRunner
[2024-07-15T23:09:21.702+0000] {taskinstance.py:1037} DEBUG - previous_execution_date was called
[2024-07-15T23:09:21.703+0000] {base_task_runner.py:68} DEBUG - Planning to run as the  user
[2024-07-15T23:09:21.704+0000] {taskinstance.py:789} DEBUG - Refreshing TaskInstance <TaskInstance: run_dbt_model_crm_sales.generate_dbt_docs manual__2024-07-15T23:09:21.226128+00:00 [queued]> from DB
[2024-07-15T23:09:21.713+0000] {taskinstance.py:1112} DEBUG - <TaskInstance: run_dbt_model_crm_sales.generate_dbt_docs manual__2024-07-15T23:09:21.226128+00:00 [queued]> dependency 'Task Instance State' PASSED: True, Task state queued was valid.
[2024-07-15T23:09:21.713+0000] {taskinstance.py:1112} DEBUG - <TaskInstance: run_dbt_model_crm_sales.generate_dbt_docs manual__2024-07-15T23:09:21.226128+00:00 [queued]> dependency 'Not In Retry Period' PASSED: True, The task instance was not marked for retrying.
[2024-07-15T23:09:21.713+0000] {taskinstance.py:1112} DEBUG - <TaskInstance: run_dbt_model_crm_sales.generate_dbt_docs manual__2024-07-15T23:09:21.226128+00:00 [queued]> dependency 'Trigger Rule' PASSED: True, The task instance did not have any upstream tasks.
[2024-07-15T23:09:21.715+0000] {taskinstance.py:1112} DEBUG - <TaskInstance: run_dbt_model_crm_sales.generate_dbt_docs manual__2024-07-15T23:09:21.226128+00:00 [queued]> dependency 'Previous Dagrun State' PASSED: True, This task instance was the first task instance for its task.
[2024-07-15T23:09:21.715+0000] {taskinstance.py:1112} DEBUG - <TaskInstance: run_dbt_model_crm_sales.generate_dbt_docs manual__2024-07-15T23:09:21.226128+00:00 [queued]> dependency 'Task Instance Not Running' PASSED: True, Task is not in running state.
[2024-07-15T23:09:21.718+0000] {taskinstance.py:1103} INFO - Dependencies all met for dep_context=non-requeueable deps ti=<TaskInstance: run_dbt_model_crm_sales.generate_dbt_docs manual__2024-07-15T23:09:21.226128+00:00 [queued]>
[2024-07-15T23:09:21.718+0000] {taskinstance.py:1112} DEBUG - <TaskInstance: run_dbt_model_crm_sales.generate_dbt_docs manual__2024-07-15T23:09:21.226128+00:00 [queued]> dependency 'Trigger Rule' PASSED: True, The task instance did not have any upstream tasks.
[2024-07-15T23:09:21.718+0000] {taskinstance.py:1112} DEBUG - <TaskInstance: run_dbt_model_crm_sales.generate_dbt_docs manual__2024-07-15T23:09:21.226128+00:00 [queued]> dependency 'Task Concurrency' PASSED: True, Task concurrency is not set.
[2024-07-15T23:09:21.720+0000] {taskinstance.py:1112} DEBUG - <TaskInstance: run_dbt_model_crm_sales.generate_dbt_docs manual__2024-07-15T23:09:21.226128+00:00 [queued]> dependency 'Pool Slots Available' PASSED: True, There are enough open slots in default_pool to execute the task
[2024-07-15T23:09:21.721+0000] {taskinstance.py:1112} DEBUG - <TaskInstance: run_dbt_model_crm_sales.generate_dbt_docs manual__2024-07-15T23:09:21.226128+00:00 [queued]> dependency 'Previous Dagrun State' PASSED: True, This task instance was the first task instance for its task.
[2024-07-15T23:09:21.721+0000] {taskinstance.py:1112} DEBUG - <TaskInstance: run_dbt_model_crm_sales.generate_dbt_docs manual__2024-07-15T23:09:21.226128+00:00 [queued]> dependency 'Not In Retry Period' PASSED: True, The task instance was not marked for retrying.
[2024-07-15T23:09:21.722+0000] {taskinstance.py:1103} INFO - Dependencies all met for dep_context=requeueable deps ti=<TaskInstance: run_dbt_model_crm_sales.generate_dbt_docs manual__2024-07-15T23:09:21.226128+00:00 [queued]>
[2024-07-15T23:09:21.722+0000] {taskinstance.py:1308} INFO - Starting attempt 1 of 2
[2024-07-15T23:09:21.726+0000] {taskinstance.py:1327} INFO - Executing <Task(BashOperator): generate_dbt_docs> on 2024-07-15 23:09:21.226128+00:00
[2024-07-15T23:09:21.728+0000] {standard_task_runner.py:57} INFO - Started process 933 to run task
[2024-07-15T23:09:21.729+0000] {standard_task_runner.py:84} INFO - Running: ['airflow', 'tasks', 'run', 'run_dbt_model_crm_sales', 'generate_dbt_docs', 'manual__2024-07-15T23:09:21.226128+00:00', '--job-id', '76', '--raw', '--subdir', 'DAGS_FOLDER/run_dbt_models_crm_sales.py', '--cfg-path', '/tmp/tmpddf4frll']
[2024-07-15T23:09:21.730+0000] {standard_task_runner.py:85} INFO - Job 76: Subtask generate_dbt_docs
[2024-07-15T23:09:21.730+0000] {cli_action_loggers.py:65} DEBUG - Calling callbacks: [<function default_action_log at 0xffff7f47a550>]
[2024-07-15T23:09:21.748+0000] {taskinstance.py:1037} DEBUG - previous_execution_date was called
[2024-07-15T23:09:21.750+0000] {task_command.py:410} INFO - Running <TaskInstance: run_dbt_model_crm_sales.generate_dbt_docs manual__2024-07-15T23:09:21.226128+00:00 [running]> on host b91763c3682d
[2024-07-15T23:09:21.750+0000] {settings.py:353} DEBUG - Disposing DB connection pool (PID 933)
[2024-07-15T23:09:21.750+0000] {settings.py:212} DEBUG - Setting up DB connection pool (PID 933)
[2024-07-15T23:09:21.750+0000] {settings.py:285} DEBUG - settings.prepare_engine_args(): Using NullPool
[2024-07-15T23:09:21.751+0000] {taskinstance.py:789} DEBUG - Refreshing TaskInstance <TaskInstance: run_dbt_model_crm_sales.generate_dbt_docs manual__2024-07-15T23:09:21.226128+00:00 [running]> from DB
[2024-07-15T23:09:21.766+0000] {taskinstance.py:1037} DEBUG - previous_execution_date was called
[2024-07-15T23:09:21.766+0000] {taskinstance.py:868} DEBUG - Clearing XCom data
[2024-07-15T23:09:21.777+0000] {retries.py:80} DEBUG - Running RenderedTaskInstanceFields._do_delete_old_records with retries. Try 1 of 3
[2024-07-15T23:09:21.782+0000] {taskinstance.py:1545} INFO - Exporting env vars: AIRFLOW_CTX_DAG_EMAIL='airflow@example.com' AIRFLOW_CTX_DAG_OWNER='airflow' AIRFLOW_CTX_DAG_ID='run_dbt_model_crm_sales' AIRFLOW_CTX_TASK_ID='generate_dbt_docs' AIRFLOW_CTX_EXECUTION_DATE='2024-07-15T23:09:21.226128+00:00' AIRFLOW_CTX_TRY_NUMBER='1' AIRFLOW_CTX_DAG_RUN_ID='manual__2024-07-15T23:09:21.226128+00:00'
[2024-07-15T23:09:21.782+0000] {__init__.py:117} DEBUG - Preparing lineage inlets and outlets
[2024-07-15T23:09:21.783+0000] {__init__.py:155} DEBUG - inlets: [], outlets: []
[2024-07-15T23:09:21.783+0000] {bash.py:186} DEBUG - Exporting env vars: AIRFLOW_CTX_DAG_EMAIL='airflow@example.com' AIRFLOW_CTX_DAG_OWNER='airflow' AIRFLOW_CTX_DAG_ID='run_dbt_model_crm_sales' AIRFLOW_CTX_TASK_ID='generate_dbt_docs' AIRFLOW_CTX_EXECUTION_DATE='2024-07-15T23:09:21.226128+00:00' AIRFLOW_CTX_TRY_NUMBER='1' AIRFLOW_CTX_DAG_RUN_ID='manual__2024-07-15T23:09:21.226128+00:00'
[2024-07-15T23:09:21.783+0000] {subprocess.py:63} INFO - Tmp dir root location: 
 /tmp
[2024-07-15T23:09:21.783+0000] {subprocess.py:75} INFO - Running command: ['/bin/bash', '-c', 'dbt docs generate --profiles-dir /opt/airflow/dbt --project-dir /opt/airflow/dbt']
[2024-07-15T23:09:21.786+0000] {subprocess.py:86} INFO - Output:
[2024-07-15T23:09:22.759+0000] {subprocess.py:93} INFO - [0m23:09:22  Running with dbt=1.8.3
[2024-07-15T23:09:22.860+0000] {subprocess.py:93} INFO - [0m23:09:22  Registered adapter: ***=1.8.2
[2024-07-15T23:09:22.943+0000] {subprocess.py:93} INFO - [0m23:09:22  Unable to do partial parsing because a project dependency has been added
[2024-07-15T23:09:23.666+0000] {subprocess.py:93} INFO - [0m23:09:23  Encountered an error:
[2024-07-15T23:09:23.666+0000] {subprocess.py:93} INFO - Compilation Error
[2024-07-15T23:09:23.666+0000] {subprocess.py:93} INFO -   Model 'model.matt_demo.crm_performance' (models/crm_sales_data/analysis/crm_performance.sql) depends on a node named 'stg_sales_pipeline' which was not found
[2024-07-15T23:09:24.344+0000] {subprocess.py:97} INFO - Command exited with return code 2
[2024-07-15T23:09:24.345+0000] {taskinstance.py:789} DEBUG - Refreshing TaskInstance <TaskInstance: run_dbt_model_crm_sales.generate_dbt_docs manual__2024-07-15T23:09:21.226128+00:00 [running]> from DB
[2024-07-15T23:09:24.352+0000] {taskinstance.py:1824} ERROR - Task failed with exception
Traceback (most recent call last):
  File "/home/airflow/.local/lib/python3.9/site-packages/airflow/operators/bash.py", line 210, in execute
    raise AirflowException(
airflow.exceptions.AirflowException: Bash command failed. The command returned a non-zero exit code 2.
[2024-07-15T23:09:24.353+0000] {taskinstance.py:789} DEBUG - Refreshing TaskInstance <TaskInstance: run_dbt_model_crm_sales.generate_dbt_docs manual__2024-07-15T23:09:21.226128+00:00 [running]> from DB
[2024-07-15T23:09:24.354+0000] {taskinstance.py:2305} DEBUG - Task Duration set to 2.636366
[2024-07-15T23:09:24.355+0000] {taskinstance.py:1356} DEBUG - Clearing next_method and next_kwargs.
[2024-07-15T23:09:24.355+0000] {taskinstance.py:1345} INFO - Marking task as UP_FOR_RETRY. dag_id=run_dbt_model_crm_sales, task_id=generate_dbt_docs, execution_date=20240715T230921, start_date=20240715T230921, end_date=20240715T230924
[2024-07-15T23:09:24.362+0000] {cli_action_loggers.py:83} DEBUG - Calling callbacks: []
[2024-07-15T23:09:24.362+0000] {standard_task_runner.py:104} ERROR - Failed to execute job 76 for task generate_dbt_docs (Bash command failed. The command returned a non-zero exit code 2.; 933)
[2024-07-15T23:09:24.409+0000] {local_task_job_runner.py:225} INFO - Task exited with return code 1
[2024-07-15T23:09:24.429+0000] {dagrun.py:697} DEBUG - number of tis tasks for <DagRun run_dbt_model_crm_sales @ 2024-07-15 23:09:21.226128+00:00: manual__2024-07-15T23:09:21.226128+00:00, state:running, queued_at: 2024-07-15 23:09:21.236192+00:00. externally triggered: True>: 0 task(s)
[2024-07-15T23:09:24.429+0000] {taskinstance.py:2651} INFO - 0 downstream tasks scheduled from follow-on schedule check
