[2024-06-27T22:36:47.899+0000] {local_task_job_runner.py:120} INFO - ::group::Pre task execution logs
[2024-06-27T22:36:47.910+0000] {taskinstance.py:2076} INFO - Dependencies all met for dep_context=non-requeueable deps ti=<TaskInstance: ecomm_data_pipeline.generate_and_insert_data scheduled__2023-01-01T19:10:00+00:00 [queued]>
[2024-06-27T22:36:47.913+0000] {taskinstance.py:2076} INFO - Dependencies all met for dep_context=requeueable deps ti=<TaskInstance: ecomm_data_pipeline.generate_and_insert_data scheduled__2023-01-01T19:10:00+00:00 [queued]>
[2024-06-27T22:36:47.913+0000] {taskinstance.py:2306} INFO - Starting attempt 1 of 2
[2024-06-27T22:36:47.917+0000] {taskinstance.py:2330} INFO - Executing <Task(PythonOperator): generate_and_insert_data> on 2023-01-01 19:10:00+00:00
[2024-06-27T22:36:47.919+0000] {standard_task_runner.py:63} INFO - Started process 1944 to run task
[2024-06-27T22:36:47.920+0000] {standard_task_runner.py:90} INFO - Running: ['airflow', 'tasks', 'run', 'ecomm_data_pipeline', 'generate_and_insert_data', 'scheduled__2023-01-01T19:10:00+00:00', '--job-id', '134', '--raw', '--subdir', 'DAGS_FOLDER/ecomm_dag.py', '--cfg-path', '/tmp/tmpcdjh1lbq']
[2024-06-27T22:36:47.921+0000] {standard_task_runner.py:91} INFO - Job 134: Subtask generate_and_insert_data
[2024-06-27T22:36:47.938+0000] {task_command.py:426} INFO - Running <TaskInstance: ecomm_data_pipeline.generate_and_insert_data scheduled__2023-01-01T19:10:00+00:00 [running]> on host 9174587f6b1d
[2024-06-27T22:36:47.969+0000] {taskinstance.py:2648} INFO - Exporting env vars: AIRFLOW_CTX_DAG_OWNER='airflow' AIRFLOW_CTX_DAG_ID='ecomm_data_pipeline' AIRFLOW_CTX_TASK_ID='generate_and_insert_data' AIRFLOW_CTX_EXECUTION_DATE='2023-01-01T19:10:00+00:00' AIRFLOW_CTX_TRY_NUMBER='1' AIRFLOW_CTX_DAG_RUN_ID='scheduled__2023-01-01T19:10:00+00:00'
[2024-06-27T22:36:47.969+0000] {taskinstance.py:430} INFO - ::endgroup::
[2024-06-27T22:36:48.003+0000] {logging_mixin.py:188} INFO - Error in generate_and_insert_data: Command '['python3', './generator/ecomm_generator.py']' returned non-zero exit status 2.
[2024-06-27T22:36:48.004+0000] {python.py:237} INFO - Done. Returned value was: None
[2024-06-27T22:36:48.004+0000] {taskinstance.py:441} INFO - ::group::Post task execution logs
[2024-06-27T22:36:48.009+0000] {taskinstance.py:1206} INFO - Marking task as SUCCESS. dag_id=ecomm_data_pipeline, task_id=generate_and_insert_data, run_id=scheduled__2023-01-01T19:10:00+00:00, execution_date=20230101T191000, start_date=20240627T223647, end_date=20240627T223648
[2024-06-27T22:36:48.018+0000] {local_task_job_runner.py:240} INFO - Task exited with return code 0
[2024-06-27T22:36:48.025+0000] {taskinstance.py:3503} INFO - 0 downstream tasks scheduled from follow-on schedule check
[2024-06-27T22:36:48.026+0000] {local_task_job_runner.py:222} INFO - ::endgroup::
[2024-06-29T21:40:14.526+0000] {local_task_job_runner.py:120} INFO - ::group::Pre task execution logs
[2024-06-29T21:40:14.536+0000] {taskinstance.py:2076} INFO - Dependencies all met for dep_context=non-requeueable deps ti=<TaskInstance: ecomm_data_pipeline.generate_and_insert_data scheduled__2023-01-01T19:10:00+00:00 [queued]>
[2024-06-29T21:40:14.538+0000] {taskinstance.py:2076} INFO - Dependencies all met for dep_context=requeueable deps ti=<TaskInstance: ecomm_data_pipeline.generate_and_insert_data scheduled__2023-01-01T19:10:00+00:00 [queued]>
[2024-06-29T21:40:14.539+0000] {taskinstance.py:2306} INFO - Starting attempt 1 of 2
[2024-06-29T21:40:14.543+0000] {taskinstance.py:2330} INFO - Executing <Task(PythonOperator): generate_and_insert_data> on 2023-01-01 19:10:00+00:00
[2024-06-29T21:40:14.545+0000] {standard_task_runner.py:63} INFO - Started process 1714 to run task
[2024-06-29T21:40:14.546+0000] {standard_task_runner.py:90} INFO - Running: ['airflow', 'tasks', 'run', 'ecomm_data_pipeline', 'generate_and_insert_data', 'scheduled__2023-01-01T19:10:00+00:00', '--job-id', '117', '--raw', '--subdir', 'DAGS_FOLDER/ecomm_dag.py', '--cfg-path', '/tmp/tmpngpbrwd4']
[2024-06-29T21:40:14.546+0000] {standard_task_runner.py:91} INFO - Job 117: Subtask generate_and_insert_data
[2024-06-29T21:40:14.563+0000] {task_command.py:426} INFO - Running <TaskInstance: ecomm_data_pipeline.generate_and_insert_data scheduled__2023-01-01T19:10:00+00:00 [running]> on host afcb6fbf9265
[2024-06-29T21:40:14.592+0000] {taskinstance.py:2648} INFO - Exporting env vars: AIRFLOW_CTX_DAG_OWNER='airflow' AIRFLOW_CTX_DAG_ID='ecomm_data_pipeline' AIRFLOW_CTX_TASK_ID='generate_and_insert_data' AIRFLOW_CTX_EXECUTION_DATE='2023-01-01T19:10:00+00:00' AIRFLOW_CTX_TRY_NUMBER='1' AIRFLOW_CTX_DAG_RUN_ID='scheduled__2023-01-01T19:10:00+00:00'
[2024-06-29T21:40:14.593+0000] {taskinstance.py:430} INFO - ::endgroup::
[2024-06-29T21:40:14.649+0000] {logging_mixin.py:188} INFO - Error in generate_and_insert_data: Command '['python3', '/opt/airflow/generator/ecomm_generator.py']' returned non-zero exit status 1.
[2024-06-29T21:40:14.649+0000] {logging_mixin.py:188} INFO - stdout: 
[2024-06-29T21:40:14.649+0000] {logging_mixin.py:188} INFO - stderr: Traceback (most recent call last):
  File "/opt/airflow/generator/ecomm_generator.py", line 4, in <module>
    from faker import Faker
ModuleNotFoundError: No module named 'faker'
[2024-06-29T21:40:14.650+0000] {python.py:237} INFO - Done. Returned value was: None
[2024-06-29T21:40:14.650+0000] {taskinstance.py:441} INFO - ::group::Post task execution logs
[2024-06-29T21:40:14.655+0000] {taskinstance.py:1206} INFO - Marking task as SUCCESS. dag_id=ecomm_data_pipeline, task_id=generate_and_insert_data, run_id=scheduled__2023-01-01T19:10:00+00:00, execution_date=20230101T191000, start_date=20240629T214014, end_date=20240629T214014
[2024-06-29T21:40:14.696+0000] {local_task_job_runner.py:240} INFO - Task exited with return code 0
[2024-06-29T21:40:14.703+0000] {taskinstance.py:3503} INFO - 0 downstream tasks scheduled from follow-on schedule check
[2024-06-29T21:40:14.703+0000] {local_task_job_runner.py:222} INFO - ::endgroup::
[2024-06-29T22:04:02.536+0000] {local_task_job_runner.py:120} INFO - ::group::Pre task execution logs
[2024-06-29T22:04:02.546+0000] {taskinstance.py:2076} INFO - Dependencies all met for dep_context=non-requeueable deps ti=<TaskInstance: ecomm_data_pipeline.generate_and_insert_data scheduled__2023-01-01T19:10:00+00:00 [queued]>
[2024-06-29T22:04:02.548+0000] {taskinstance.py:2076} INFO - Dependencies all met for dep_context=requeueable deps ti=<TaskInstance: ecomm_data_pipeline.generate_and_insert_data scheduled__2023-01-01T19:10:00+00:00 [queued]>
[2024-06-29T22:04:02.548+0000] {taskinstance.py:2306} INFO - Starting attempt 1 of 2
[2024-06-29T22:04:02.553+0000] {taskinstance.py:2330} INFO - Executing <Task(PythonOperator): generate_and_insert_data> on 2023-01-01 19:10:00+00:00
[2024-06-29T22:04:02.555+0000] {standard_task_runner.py:63} INFO - Started process 1714 to run task
[2024-06-29T22:04:02.556+0000] {standard_task_runner.py:90} INFO - Running: ['airflow', 'tasks', 'run', 'ecomm_data_pipeline', 'generate_and_insert_data', 'scheduled__2023-01-01T19:10:00+00:00', '--job-id', '117', '--raw', '--subdir', 'DAGS_FOLDER/ecomm_dag.py', '--cfg-path', '/tmp/tmp4xs9ntil']
[2024-06-29T22:04:02.557+0000] {standard_task_runner.py:91} INFO - Job 117: Subtask generate_and_insert_data
[2024-06-29T22:04:02.574+0000] {task_command.py:426} INFO - Running <TaskInstance: ecomm_data_pipeline.generate_and_insert_data scheduled__2023-01-01T19:10:00+00:00 [running]> on host 799998b0d26e
[2024-06-29T22:04:02.603+0000] {taskinstance.py:2648} INFO - Exporting env vars: AIRFLOW_CTX_DAG_OWNER='airflow' AIRFLOW_CTX_DAG_ID='ecomm_data_pipeline' AIRFLOW_CTX_TASK_ID='generate_and_insert_data' AIRFLOW_CTX_EXECUTION_DATE='2023-01-01T19:10:00+00:00' AIRFLOW_CTX_TRY_NUMBER='1' AIRFLOW_CTX_DAG_RUN_ID='scheduled__2023-01-01T19:10:00+00:00'
[2024-06-29T22:04:02.603+0000] {taskinstance.py:430} INFO - ::endgroup::
[2024-06-29T22:04:02.660+0000] {logging_mixin.py:188} INFO - Error in generate_and_insert_data: Command '['python3', '/opt/airflow/generator/ecomm_generator.py']' returned non-zero exit status 1.
[2024-06-29T22:04:02.660+0000] {logging_mixin.py:188} INFO - stdout: 
[2024-06-29T22:04:02.660+0000] {logging_mixin.py:188} INFO - stderr: Traceback (most recent call last):
  File "/opt/airflow/generator/ecomm_generator.py", line 4, in <module>
    from faker import Faker
ModuleNotFoundError: No module named 'faker'
[2024-06-29T22:04:02.660+0000] {python.py:237} INFO - Done. Returned value was: None
[2024-06-29T22:04:02.661+0000] {taskinstance.py:441} INFO - ::group::Post task execution logs
[2024-06-29T22:04:02.665+0000] {taskinstance.py:1206} INFO - Marking task as SUCCESS. dag_id=ecomm_data_pipeline, task_id=generate_and_insert_data, run_id=scheduled__2023-01-01T19:10:00+00:00, execution_date=20230101T191000, start_date=20240629T220402, end_date=20240629T220402
[2024-06-29T22:04:02.704+0000] {local_task_job_runner.py:240} INFO - Task exited with return code 0
[2024-06-29T22:04:02.711+0000] {taskinstance.py:3503} INFO - 0 downstream tasks scheduled from follow-on schedule check
[2024-06-29T22:04:02.711+0000] {local_task_job_runner.py:222} INFO - ::endgroup::
