[2024-07-02T22:55:11.797+0000] {taskinstance.py:1103} INFO - Dependencies all met for dep_context=non-requeueable deps ti=<TaskInstance: ecomm_data_pipeline.generate_data scheduled__2024-07-02T02:10:00+00:00 [queued]>
[2024-07-02T22:55:11.800+0000] {taskinstance.py:1103} INFO - Dependencies all met for dep_context=requeueable deps ti=<TaskInstance: ecomm_data_pipeline.generate_data scheduled__2024-07-02T02:10:00+00:00 [queued]>
[2024-07-02T22:55:11.801+0000] {taskinstance.py:1308} INFO - Starting attempt 1 of 2
[2024-07-02T22:55:11.805+0000] {taskinstance.py:1327} INFO - Executing <Task(PythonOperator): generate_data> on 2024-07-02 02:10:00+00:00
[2024-07-02T22:55:11.806+0000] {standard_task_runner.py:57} INFO - Started process 58 to run task
[2024-07-02T22:55:11.807+0000] {standard_task_runner.py:84} INFO - Running: ['airflow', 'tasks', 'run', 'ecomm_data_pipeline', 'generate_data', 'scheduled__2024-07-02T02:10:00+00:00', '--job-id', '69', '--raw', '--subdir', 'DAGS_FOLDER/ecomm_dag.py', '--cfg-path', '/tmp/tmp0cspm8ga']
[2024-07-02T22:55:11.808+0000] {standard_task_runner.py:85} INFO - Job 69: Subtask generate_data
[2024-07-02T22:55:11.826+0000] {task_command.py:410} INFO - Running <TaskInstance: ecomm_data_pipeline.generate_data scheduled__2024-07-02T02:10:00+00:00 [running]> on host 5b8fb0180af8
[2024-07-02T22:55:11.859+0000] {taskinstance.py:1545} INFO - Exporting env vars: AIRFLOW_CTX_DAG_OWNER='airflow' AIRFLOW_CTX_DAG_ID='ecomm_data_pipeline' AIRFLOW_CTX_TASK_ID='generate_data' AIRFLOW_CTX_EXECUTION_DATE='2024-07-02T02:10:00+00:00' AIRFLOW_CTX_TRY_NUMBER='1' AIRFLOW_CTX_DAG_RUN_ID='scheduled__2024-07-02T02:10:00+00:00'
[2024-07-02T22:55:12.077+0000] {local_task_job_runner.py:225} INFO - Task exited with return code 1
[2024-07-02T22:55:12.085+0000] {taskinstance.py:2651} INFO - 0 downstream tasks scheduled from follow-on schedule check
[2024-07-03T00:13:12.302+0000] {taskinstance.py:1103} INFO - Dependencies all met for dep_context=non-requeueable deps ti=<TaskInstance: ecomm_data_pipeline.generate_data scheduled__2024-07-02T02:10:00+00:00 [queued]>
[2024-07-03T00:13:12.305+0000] {taskinstance.py:1103} INFO - Dependencies all met for dep_context=requeueable deps ti=<TaskInstance: ecomm_data_pipeline.generate_data scheduled__2024-07-02T02:10:00+00:00 [queued]>
[2024-07-03T00:13:12.305+0000] {taskinstance.py:1308} INFO - Starting attempt 1 of 2
[2024-07-03T00:13:12.309+0000] {taskinstance.py:1327} INFO - Executing <Task(PythonOperator): generate_data> on 2024-07-02 02:10:00+00:00
[2024-07-03T00:13:12.311+0000] {standard_task_runner.py:57} INFO - Started process 234 to run task
[2024-07-03T00:13:12.312+0000] {standard_task_runner.py:84} INFO - Running: ['airflow', 'tasks', 'run', 'ecomm_data_pipeline', 'generate_data', 'scheduled__2024-07-02T02:10:00+00:00', '--job-id', '156', '--raw', '--subdir', 'DAGS_FOLDER/ecomm_dag.py', '--cfg-path', '/tmp/tmpuy1j2v2w']
[2024-07-03T00:13:12.313+0000] {standard_task_runner.py:85} INFO - Job 156: Subtask generate_data
[2024-07-03T00:13:12.335+0000] {task_command.py:410} INFO - Running <TaskInstance: ecomm_data_pipeline.generate_data scheduled__2024-07-02T02:10:00+00:00 [running]> on host a91436ab9950
[2024-07-03T00:13:12.371+0000] {taskinstance.py:1545} INFO - Exporting env vars: AIRFLOW_CTX_DAG_OWNER='airflow' AIRFLOW_CTX_DAG_ID='ecomm_data_pipeline' AIRFLOW_CTX_TASK_ID='generate_data' AIRFLOW_CTX_EXECUTION_DATE='2024-07-02T02:10:00+00:00' AIRFLOW_CTX_TRY_NUMBER='1' AIRFLOW_CTX_DAG_RUN_ID='scheduled__2024-07-02T02:10:00+00:00'
[2024-07-03T00:13:12.371+0000] {logging_mixin.py:149} INFO - Running data generation script...
[2024-07-03T00:13:12.883+0000] {logging_mixin.py:149} INFO - 2024-07-03 00:13:12,552 - INFO - Generating fake user data...
2024-07-03 00:13:12,645 - INFO - Generated 350 users.
2024-07-03 00:13:12,645 - INFO - Generating fake clickstream events...
2024-07-03 00:13:12,646 - INFO - Generated 32 clickstream events.
2024-07-03 00:13:12,646 - INFO - Generating fake transaction data...
2024-07-03 00:13:12,647 - INFO - Generated 68 transaction data records.
2024-07-03 00:13:12,647 - INFO - Generating fake Google Search marketing data...
2024-07-03 00:13:12,668 - INFO - Generated 1000 Google Search marketing data records.
2024-07-03 00:13:12,668 - INFO - Generating fake Email Marketing data...
2024-07-03 00:13:12,825 - INFO - Generated 1000 Email Marketing data records.
2024-07-03 00:13:12,825 - INFO - Generating fake Facebook data...
2024-07-03 00:13:12,842 - INFO - Generated 1000 Facebook data records.
2024-07-03 00:13:12,842 - INFO - Writing generated data to JSON files...
2024-07-03 00:13:12,876 - INFO - Data generation complete. Sleeping for 10 minutes...
[2024-07-03T00:13:12.883+0000] {python.py:183} INFO - Done. Returned value was: None
[2024-07-03T00:13:12.889+0000] {taskinstance.py:1345} INFO - Marking task as SUCCESS. dag_id=ecomm_data_pipeline, task_id=generate_data, execution_date=20240702T021000, start_date=20240703T001312, end_date=20240703T001312
[2024-07-03T00:13:12.919+0000] {local_task_job_runner.py:225} INFO - Task exited with return code 0
[2024-07-03T00:13:12.930+0000] {taskinstance.py:2651} INFO - 6 downstream tasks scheduled from follow-on schedule check
