[2024-07-15T23:31:34.058+0000] {taskinstance.py:1037} DEBUG - previous_execution_date was called
[2024-07-15T23:31:34.068+0000] {__init__.py:51} DEBUG - Loading core task runner: StandardTaskRunner
[2024-07-15T23:31:34.074+0000] {taskinstance.py:1037} DEBUG - previous_execution_date was called
[2024-07-15T23:31:34.078+0000] {base_task_runner.py:68} DEBUG - Planning to run as the  user
[2024-07-15T23:31:34.079+0000] {taskinstance.py:789} DEBUG - Refreshing TaskInstance <TaskInstance: run_dbt_init_tasks.dbt_seed manual__2024-07-15T23:31:28.683097+00:00 [queued]> from DB
[2024-07-15T23:31:34.089+0000] {taskinstance.py:1112} DEBUG - <TaskInstance: run_dbt_init_tasks.dbt_seed manual__2024-07-15T23:31:28.683097+00:00 [queued]> dependency 'Not In Retry Period' PASSED: True, The task instance was not marked for retrying.
[2024-07-15T23:31:34.092+0000] {taskinstance.py:1112} DEBUG - <TaskInstance: run_dbt_init_tasks.dbt_seed manual__2024-07-15T23:31:28.683097+00:00 [queued]> dependency 'Task Instance State' PASSED: True, Task state queued was valid.
[2024-07-15T23:31:34.093+0000] {taskinstance.py:1112} DEBUG - <TaskInstance: run_dbt_init_tasks.dbt_seed manual__2024-07-15T23:31:28.683097+00:00 [queued]> dependency 'Previous Dagrun State' PASSED: True, The task did not have depends_on_past set.
[2024-07-15T23:31:34.093+0000] {taskinstance.py:1112} DEBUG - <TaskInstance: run_dbt_init_tasks.dbt_seed manual__2024-07-15T23:31:28.683097+00:00 [queued]> dependency 'Task Instance Not Running' PASSED: True, Task is not in running state.
[2024-07-15T23:31:34.093+0000] {taskinstance.py:1103} INFO - Dependencies all met for dep_context=non-requeueable deps ti=<TaskInstance: run_dbt_init_tasks.dbt_seed manual__2024-07-15T23:31:28.683097+00:00 [queued]>
[2024-07-15T23:31:34.093+0000] {taskinstance.py:1112} DEBUG - <TaskInstance: run_dbt_init_tasks.dbt_seed manual__2024-07-15T23:31:28.683097+00:00 [queued]> dependency 'Not In Retry Period' PASSED: True, The task instance was not marked for retrying.
[2024-07-15T23:31:34.097+0000] {taskinstance.py:1112} DEBUG - <TaskInstance: run_dbt_init_tasks.dbt_seed manual__2024-07-15T23:31:28.683097+00:00 [queued]> dependency 'Pool Slots Available' PASSED: True, There are enough open slots in default_pool to execute the task
[2024-07-15T23:31:34.098+0000] {taskinstance.py:1112} DEBUG - <TaskInstance: run_dbt_init_tasks.dbt_seed manual__2024-07-15T23:31:28.683097+00:00 [queued]> dependency 'Previous Dagrun State' PASSED: True, The task did not have depends_on_past set.
[2024-07-15T23:31:34.098+0000] {taskinstance.py:1112} DEBUG - <TaskInstance: run_dbt_init_tasks.dbt_seed manual__2024-07-15T23:31:28.683097+00:00 [queued]> dependency 'Task Concurrency' PASSED: True, Task concurrency is not set.
[2024-07-15T23:31:34.099+0000] {taskinstance.py:1103} INFO - Dependencies all met for dep_context=requeueable deps ti=<TaskInstance: run_dbt_init_tasks.dbt_seed manual__2024-07-15T23:31:28.683097+00:00 [queued]>
[2024-07-15T23:31:34.099+0000] {taskinstance.py:1308} INFO - Starting attempt 1 of 1
[2024-07-15T23:31:34.107+0000] {taskinstance.py:1327} INFO - Executing <Task(DbtSeedOperator): dbt_seed> on 2024-07-15 23:31:28.683097+00:00
[2024-07-15T23:31:34.109+0000] {standard_task_runner.py:57} INFO - Started process 165 to run task
[2024-07-15T23:31:34.113+0000] {standard_task_runner.py:84} INFO - Running: ['airflow', 'tasks', 'run', 'run_dbt_init_tasks', 'dbt_seed', 'manual__2024-07-15T23:31:28.683097+00:00', '--job-id', '83', '--raw', '--subdir', 'DAGS_FOLDER/run_dbt_init_tasks.py', '--cfg-path', '/tmp/tmpmu_s3chp']
[2024-07-15T23:31:34.113+0000] {standard_task_runner.py:85} INFO - Job 83: Subtask dbt_seed
[2024-07-15T23:31:34.114+0000] {cli_action_loggers.py:65} DEBUG - Calling callbacks: [<function default_action_log at 0xffff7ee0a550>]
[2024-07-15T23:31:34.151+0000] {taskinstance.py:1037} DEBUG - previous_execution_date was called
[2024-07-15T23:31:34.156+0000] {task_command.py:410} INFO - Running <TaskInstance: run_dbt_init_tasks.dbt_seed manual__2024-07-15T23:31:28.683097+00:00 [running]> on host f934d9af8cb8
[2024-07-15T23:31:34.157+0000] {settings.py:353} DEBUG - Disposing DB connection pool (PID 165)
[2024-07-15T23:31:34.157+0000] {settings.py:212} DEBUG - Setting up DB connection pool (PID 165)
[2024-07-15T23:31:34.158+0000] {settings.py:285} DEBUG - settings.prepare_engine_args(): Using NullPool
[2024-07-15T23:31:34.160+0000] {taskinstance.py:789} DEBUG - Refreshing TaskInstance <TaskInstance: run_dbt_init_tasks.dbt_seed manual__2024-07-15T23:31:28.683097+00:00 [running]> from DB
[2024-07-15T23:31:34.183+0000] {taskinstance.py:1037} DEBUG - previous_execution_date was called
[2024-07-15T23:31:34.186+0000] {taskinstance.py:868} DEBUG - Clearing XCom data
[2024-07-15T23:31:34.205+0000] {retries.py:80} DEBUG - Running RenderedTaskInstanceFields._do_delete_old_records with retries. Try 1 of 3
[2024-07-15T23:31:34.214+0000] {taskinstance.py:1545} INFO - Exporting env vars: AIRFLOW_CTX_DAG_OWNER='airflow' AIRFLOW_CTX_DAG_ID='run_dbt_init_tasks' AIRFLOW_CTX_TASK_ID='dbt_seed' AIRFLOW_CTX_EXECUTION_DATE='2024-07-15T23:31:28.683097+00:00' AIRFLOW_CTX_TRY_NUMBER='1' AIRFLOW_CTX_DAG_RUN_ID='manual__2024-07-15T23:31:28.683097+00:00'
[2024-07-15T23:31:34.215+0000] {__init__.py:117} DEBUG - Preparing lineage inlets and outlets
[2024-07-15T23:31:34.215+0000] {__init__.py:155} DEBUG - inlets: [], outlets: []
[2024-07-15T23:31:34.216+0000] {dbt_hook.py:117} INFO - /home/airflow/.local/bin/dbt seed
[2024-07-15T23:31:34.220+0000] {dbt_hook.py:126} INFO - Output:
[2024-07-15T23:31:35.285+0000] {dbt_hook.py:130} INFO - [0m23:31:35  Running with dbt=1.8.3
[2024-07-15T23:31:35.415+0000] {dbt_hook.py:130} INFO - [0m23:31:35  Registered adapter: ***=1.8.2
[2024-07-15T23:31:35.644+0000] {dbt_hook.py:130} INFO - [0m23:31:35  Found 6 models, 4 sources, 652 macros
[2024-07-15T23:31:35.646+0000] {dbt_hook.py:130} INFO - [0m23:31:35
[2024-07-15T23:31:35.646+0000] {dbt_hook.py:130} INFO - [0m23:31:35  Nothing to do. Try checking your model configs and model specification args
[2024-07-15T23:31:35.691+0000] {dbt_hook.py:130} INFO - [0m23:31:35
[2024-07-15T23:31:35.691+0000] {dbt_hook.py:130} INFO - [0m23:31:35  [32mCompleted successfully[0m
[2024-07-15T23:31:35.692+0000] {dbt_hook.py:130} INFO - [0m23:31:35
[2024-07-15T23:31:35.692+0000] {dbt_hook.py:130} INFO - [0m23:31:35  Done. PASS=0 WARN=0 ERROR=0 SKIP=0 TOTAL=0
[2024-07-15T23:31:36.222+0000] {dbt_hook.py:132} INFO - Command exited with return code 0
[2024-07-15T23:31:36.223+0000] {__init__.py:75} DEBUG - Lineage called with inlets: [], outlets: []
[2024-07-15T23:31:36.224+0000] {taskinstance.py:789} DEBUG - Refreshing TaskInstance <TaskInstance: run_dbt_init_tasks.dbt_seed manual__2024-07-15T23:31:28.683097+00:00 [running]> from DB
[2024-07-15T23:31:36.234+0000] {taskinstance.py:1356} DEBUG - Clearing next_method and next_kwargs.
[2024-07-15T23:31:36.234+0000] {taskinstance.py:1345} INFO - Marking task as SUCCESS. dag_id=run_dbt_init_tasks, task_id=dbt_seed, execution_date=20240715T233128, start_date=20240715T233134, end_date=20240715T233136
[2024-07-15T23:31:36.235+0000] {taskinstance.py:2305} DEBUG - Task Duration set to 2.141336
[2024-07-15T23:31:36.244+0000] {cli_action_loggers.py:83} DEBUG - Calling callbacks: []
[2024-07-15T23:31:36.261+0000] {local_task_job_runner.py:225} INFO - Task exited with return code 0
[2024-07-15T23:31:36.277+0000] {dagrun.py:697} DEBUG - number of tis tasks for <DagRun run_dbt_init_tasks @ 2024-07-15 23:31:28.683097+00:00: manual__2024-07-15T23:31:28.683097+00:00, state:running, queued_at: 2024-07-15 23:31:28.690136+00:00. externally triggered: True>: 4 task(s)
[2024-07-15T23:31:36.277+0000] {dagrun.py:718} DEBUG - number of scheduleable tasks for <DagRun run_dbt_init_tasks @ 2024-07-15 23:31:28.683097+00:00: manual__2024-07-15T23:31:28.683097+00:00, state:running, queued_at: 2024-07-15 23:31:28.690136+00:00. externally triggered: True>: 3 task(s)
[2024-07-15T23:31:36.278+0000] {taskinstance.py:1112} DEBUG - <TaskInstance: run_dbt_init_tasks.model.matt_demo.dim_date manual__2024-07-15T23:31:28.683097+00:00 [None]> dependency 'Not In Retry Period' PASSED: True, The task instance was not marked for retrying.
[2024-07-15T23:31:36.278+0000] {taskinstance.py:1112} DEBUG - <TaskInstance: run_dbt_init_tasks.model.matt_demo.dim_date manual__2024-07-15T23:31:28.683097+00:00 [None]> dependency 'Previous Dagrun State' PASSED: True, The task did not have depends_on_past set.
[2024-07-15T23:31:36.279+0000] {taskinstance.py:1103} DEBUG - Dependencies all met for dep_context=None ti=<TaskInstance: run_dbt_init_tasks.model.matt_demo.dim_date manual__2024-07-15T23:31:28.683097+00:00 [None]>
[2024-07-15T23:31:36.280+0000] {taskinstance.py:1112} DEBUG - <TaskInstance: run_dbt_init_tasks.test.matt_demo.dim_date manual__2024-07-15T23:31:28.683097+00:00 [None]> dependency 'Not In Retry Period' PASSED: True, The task instance was not marked for retrying.
[2024-07-15T23:31:36.280+0000] {taskinstance.py:1112} DEBUG - <TaskInstance: run_dbt_init_tasks.test.matt_demo.dim_date manual__2024-07-15T23:31:28.683097+00:00 [None]> dependency 'Trigger Rule' PASSED: False, Task's trigger rule 'all_success' requires all upstream tasks to have succeeded, but found 1 non-success(es). upstream_states=_UpstreamTIStates(success=1, skipped=0, failed=0, upstream_failed=0, removed=0, done=1), upstream_task_ids={'dbt_seed', 'model.matt_demo.dim_date'}
[2024-07-15T23:31:36.280+0000] {taskinstance.py:1093} DEBUG - Dependencies not met for <TaskInstance: run_dbt_init_tasks.test.matt_demo.dim_date manual__2024-07-15T23:31:28.683097+00:00 [None]>, dependency 'Trigger Rule' FAILED: Task's trigger rule 'all_success' requires all upstream tasks to have succeeded, but found 1 non-success(es). upstream_states=_UpstreamTIStates(success=1, skipped=0, failed=0, upstream_failed=0, removed=0, done=1), upstream_task_ids={'dbt_seed', 'model.matt_demo.dim_date'}
[2024-07-15T23:31:36.281+0000] {taskinstance.py:1112} DEBUG - <TaskInstance: run_dbt_init_tasks.test.matt_demo.dim_date manual__2024-07-15T23:31:28.683097+00:00 [None]> dependency 'Previous Dagrun State' PASSED: True, The task did not have depends_on_past set.
[2024-07-15T23:31:36.281+0000] {taskinstance.py:1112} DEBUG - <TaskInstance: run_dbt_init_tasks.generate_dbt_docs manual__2024-07-15T23:31:28.683097+00:00 [None]> dependency 'Not In Retry Period' PASSED: True, The task instance was not marked for retrying.
[2024-07-15T23:31:36.281+0000] {taskinstance.py:1112} DEBUG - <TaskInstance: run_dbt_init_tasks.generate_dbt_docs manual__2024-07-15T23:31:28.683097+00:00 [None]> dependency 'Trigger Rule' PASSED: False, Task's trigger rule 'all_success' requires all upstream tasks to have succeeded, but found 2 non-success(es). upstream_states=_UpstreamTIStates(success=0, skipped=0, failed=0, upstream_failed=0, removed=0, done=0), upstream_task_ids={'test.matt_demo.dim_date', 'model.matt_demo.dim_date'}
[2024-07-15T23:31:36.282+0000] {taskinstance.py:1093} DEBUG - Dependencies not met for <TaskInstance: run_dbt_init_tasks.generate_dbt_docs manual__2024-07-15T23:31:28.683097+00:00 [None]>, dependency 'Trigger Rule' FAILED: Task's trigger rule 'all_success' requires all upstream tasks to have succeeded, but found 2 non-success(es). upstream_states=_UpstreamTIStates(success=0, skipped=0, failed=0, upstream_failed=0, removed=0, done=0), upstream_task_ids={'test.matt_demo.dim_date', 'model.matt_demo.dim_date'}
[2024-07-15T23:31:36.282+0000] {taskinstance.py:1112} DEBUG - <TaskInstance: run_dbt_init_tasks.generate_dbt_docs manual__2024-07-15T23:31:28.683097+00:00 [None]> dependency 'Previous Dagrun State' PASSED: True, The task did not have depends_on_past set.
[2024-07-15T23:31:36.288+0000] {taskinstance.py:2651} INFO - 1 downstream tasks scheduled from follow-on schedule check
