[2024-06-27T22:34:29.665+0000] {local_task_job_runner.py:120} INFO - ::group::Pre task execution logs
[2024-06-27T22:34:29.675+0000] {taskinstance.py:2076} INFO - Dependencies all met for dep_context=non-requeueable deps ti=<TaskInstance: ecomm_data_pipeline.generate_and_insert_data scheduled__2023-01-01T07:00:00+00:00 [queued]>
[2024-06-27T22:34:29.678+0000] {taskinstance.py:2076} INFO - Dependencies all met for dep_context=requeueable deps ti=<TaskInstance: ecomm_data_pipeline.generate_and_insert_data scheduled__2023-01-01T07:00:00+00:00 [queued]>
[2024-06-27T22:34:29.678+0000] {taskinstance.py:2306} INFO - Starting attempt 1 of 2
[2024-06-27T22:34:29.682+0000] {taskinstance.py:2330} INFO - Executing <Task(PythonOperator): generate_and_insert_data> on 2023-01-01 07:00:00+00:00
[2024-06-27T22:34:29.684+0000] {standard_task_runner.py:63} INFO - Started process 882 to run task
[2024-06-27T22:34:29.685+0000] {standard_task_runner.py:90} INFO - Running: ['airflow', 'tasks', 'run', 'ecomm_data_pipeline', 'generate_and_insert_data', 'scheduled__2023-01-01T07:00:00+00:00', '--job-id', '61', '--raw', '--subdir', 'DAGS_FOLDER/ecomm_dag.py', '--cfg-path', '/tmp/tmp35a776qh']
[2024-06-27T22:34:29.686+0000] {standard_task_runner.py:91} INFO - Job 61: Subtask generate_and_insert_data
[2024-06-27T22:34:29.702+0000] {task_command.py:426} INFO - Running <TaskInstance: ecomm_data_pipeline.generate_and_insert_data scheduled__2023-01-01T07:00:00+00:00 [running]> on host 9174587f6b1d
[2024-06-27T22:34:29.732+0000] {taskinstance.py:2648} INFO - Exporting env vars: AIRFLOW_CTX_DAG_OWNER='airflow' AIRFLOW_CTX_DAG_ID='ecomm_data_pipeline' AIRFLOW_CTX_TASK_ID='generate_and_insert_data' AIRFLOW_CTX_EXECUTION_DATE='2023-01-01T07:00:00+00:00' AIRFLOW_CTX_TRY_NUMBER='1' AIRFLOW_CTX_DAG_RUN_ID='scheduled__2023-01-01T07:00:00+00:00'
[2024-06-27T22:34:29.732+0000] {taskinstance.py:430} INFO - ::endgroup::
[2024-06-27T22:34:29.765+0000] {logging_mixin.py:188} INFO - Error in generate_and_insert_data: Command '['python3', './generator/ecomm_generator.py']' returned non-zero exit status 2.
[2024-06-27T22:34:29.766+0000] {python.py:237} INFO - Done. Returned value was: None
[2024-06-27T22:34:29.766+0000] {taskinstance.py:441} INFO - ::group::Post task execution logs
[2024-06-27T22:34:29.771+0000] {taskinstance.py:1206} INFO - Marking task as SUCCESS. dag_id=ecomm_data_pipeline, task_id=generate_and_insert_data, run_id=scheduled__2023-01-01T07:00:00+00:00, execution_date=20230101T070000, start_date=20240627T223429, end_date=20240627T223429
[2024-06-27T22:34:29.789+0000] {local_task_job_runner.py:240} INFO - Task exited with return code 0
[2024-06-27T22:34:29.796+0000] {taskinstance.py:3503} INFO - 0 downstream tasks scheduled from follow-on schedule check
[2024-06-27T22:34:29.796+0000] {local_task_job_runner.py:222} INFO - ::endgroup::
[2024-06-27T22:53:34.866+0000] {local_task_job_runner.py:120} INFO - ::group::Pre task execution logs
[2024-06-27T22:53:34.876+0000] {taskinstance.py:2076} INFO - Dependencies all met for dep_context=non-requeueable deps ti=<TaskInstance: ecomm_data_pipeline.generate_and_insert_data scheduled__2023-01-01T07:00:00+00:00 [queued]>
[2024-06-27T22:53:34.879+0000] {taskinstance.py:2076} INFO - Dependencies all met for dep_context=requeueable deps ti=<TaskInstance: ecomm_data_pipeline.generate_and_insert_data scheduled__2023-01-01T07:00:00+00:00 [queued]>
[2024-06-27T22:53:34.879+0000] {taskinstance.py:2306} INFO - Starting attempt 1 of 2
[2024-06-27T22:53:34.883+0000] {taskinstance.py:2330} INFO - Executing <Task(PythonOperator): generate_and_insert_data> on 2023-01-01 07:00:00+00:00
[2024-06-27T22:53:34.884+0000] {standard_task_runner.py:63} INFO - Started process 1051 to run task
[2024-06-27T22:53:34.885+0000] {standard_task_runner.py:90} INFO - Running: ['airflow', 'tasks', 'run', 'ecomm_data_pipeline', 'generate_and_insert_data', 'scheduled__2023-01-01T07:00:00+00:00', '--job-id', '74', '--raw', '--subdir', 'DAGS_FOLDER/ecomm_dag.py', '--cfg-path', '/tmp/tmpnt23dfku']
[2024-06-27T22:53:34.886+0000] {standard_task_runner.py:91} INFO - Job 74: Subtask generate_and_insert_data
[2024-06-27T22:53:34.902+0000] {task_command.py:426} INFO - Running <TaskInstance: ecomm_data_pipeline.generate_and_insert_data scheduled__2023-01-01T07:00:00+00:00 [running]> on host a70edf9d8581
[2024-06-27T22:53:34.929+0000] {taskinstance.py:2648} INFO - Exporting env vars: AIRFLOW_CTX_DAG_OWNER='airflow' AIRFLOW_CTX_DAG_ID='ecomm_data_pipeline' AIRFLOW_CTX_TASK_ID='generate_and_insert_data' AIRFLOW_CTX_EXECUTION_DATE='2023-01-01T07:00:00+00:00' AIRFLOW_CTX_TRY_NUMBER='1' AIRFLOW_CTX_DAG_RUN_ID='scheduled__2023-01-01T07:00:00+00:00'
[2024-06-27T22:53:34.930+0000] {taskinstance.py:430} INFO - ::endgroup::
[2024-06-27T22:53:34.962+0000] {logging_mixin.py:188} INFO - Error in generate_and_insert_data: Command '['python3', './generator/ecomm_generator.py']' returned non-zero exit status 2.
[2024-06-27T22:53:34.963+0000] {logging_mixin.py:188} INFO - stdout: 
[2024-06-27T22:53:34.963+0000] {logging_mixin.py:188} INFO - stderr: python3: can't open file '/opt/airflow/./generator/ecomm_generator.py': [Errno 2] No such file or directory
[2024-06-27T22:53:34.963+0000] {python.py:237} INFO - Done. Returned value was: None
[2024-06-27T22:53:34.963+0000] {taskinstance.py:441} INFO - ::group::Post task execution logs
[2024-06-27T22:53:34.968+0000] {taskinstance.py:1206} INFO - Marking task as SUCCESS. dag_id=ecomm_data_pipeline, task_id=generate_and_insert_data, run_id=scheduled__2023-01-01T07:00:00+00:00, execution_date=20230101T070000, start_date=20240627T225334, end_date=20240627T225334
[2024-06-27T22:53:34.984+0000] {local_task_job_runner.py:240} INFO - Task exited with return code 0
[2024-06-27T22:53:34.990+0000] {taskinstance.py:3503} INFO - 0 downstream tasks scheduled from follow-on schedule check
[2024-06-27T22:53:34.991+0000] {local_task_job_runner.py:222} INFO - ::endgroup::
[2024-06-28T18:15:09.245+0000] {local_task_job_runner.py:120} INFO - ::group::Pre task execution logs
[2024-06-28T18:15:09.256+0000] {taskinstance.py:2076} INFO - Dependencies all met for dep_context=non-requeueable deps ti=<TaskInstance: ecomm_data_pipeline.generate_and_insert_data scheduled__2023-01-01T07:00:00+00:00 [queued]>
[2024-06-28T18:15:09.258+0000] {taskinstance.py:2076} INFO - Dependencies all met for dep_context=requeueable deps ti=<TaskInstance: ecomm_data_pipeline.generate_and_insert_data scheduled__2023-01-01T07:00:00+00:00 [queued]>
[2024-06-28T18:15:09.258+0000] {taskinstance.py:2306} INFO - Starting attempt 1 of 2
[2024-06-28T18:15:09.263+0000] {taskinstance.py:2330} INFO - Executing <Task(PythonOperator): generate_and_insert_data> on 2023-01-01 07:00:00+00:00
[2024-06-28T18:15:09.264+0000] {standard_task_runner.py:63} INFO - Started process 1217 to run task
[2024-06-28T18:15:09.265+0000] {standard_task_runner.py:90} INFO - Running: ['airflow', 'tasks', 'run', 'ecomm_data_pipeline', 'generate_and_insert_data', 'scheduled__2023-01-01T07:00:00+00:00', '--job-id', '86', '--raw', '--subdir', 'DAGS_FOLDER/ecomm_dag.py', '--cfg-path', '/tmp/tmpiti819oz']
[2024-06-28T18:15:09.266+0000] {standard_task_runner.py:91} INFO - Job 86: Subtask generate_and_insert_data
[2024-06-28T18:15:09.283+0000] {task_command.py:426} INFO - Running <TaskInstance: ecomm_data_pipeline.generate_and_insert_data scheduled__2023-01-01T07:00:00+00:00 [running]> on host 08cefd381a1f
[2024-06-28T18:15:09.312+0000] {taskinstance.py:2648} INFO - Exporting env vars: AIRFLOW_CTX_DAG_OWNER='airflow' AIRFLOW_CTX_DAG_ID='ecomm_data_pipeline' AIRFLOW_CTX_TASK_ID='generate_and_insert_data' AIRFLOW_CTX_EXECUTION_DATE='2023-01-01T07:00:00+00:00' AIRFLOW_CTX_TRY_NUMBER='1' AIRFLOW_CTX_DAG_RUN_ID='scheduled__2023-01-01T07:00:00+00:00'
[2024-06-28T18:15:09.312+0000] {taskinstance.py:430} INFO - ::endgroup::
[2024-06-28T18:15:09.369+0000] {logging_mixin.py:188} INFO - Error in generate_and_insert_data: Command '['python3', '/opt/airflow/generator/ecomm_generator.py']' returned non-zero exit status 1.
[2024-06-28T18:15:09.369+0000] {logging_mixin.py:188} INFO - stdout: 
[2024-06-28T18:15:09.369+0000] {logging_mixin.py:188} INFO - stderr: Traceback (most recent call last):
  File "/opt/airflow/generator/ecomm_generator.py", line 4, in <module>
    from faker import Faker
ModuleNotFoundError: No module named 'faker'
[2024-06-28T18:15:09.370+0000] {python.py:237} INFO - Done. Returned value was: None
[2024-06-28T18:15:09.370+0000] {taskinstance.py:441} INFO - ::group::Post task execution logs
[2024-06-28T18:15:09.375+0000] {taskinstance.py:1206} INFO - Marking task as SUCCESS. dag_id=ecomm_data_pipeline, task_id=generate_and_insert_data, run_id=scheduled__2023-01-01T07:00:00+00:00, execution_date=20230101T070000, start_date=20240628T181509, end_date=20240628T181509
[2024-06-28T18:15:09.415+0000] {local_task_job_runner.py:240} INFO - Task exited with return code 0
[2024-06-28T18:15:09.422+0000] {taskinstance.py:3503} INFO - 0 downstream tasks scheduled from follow-on schedule check
[2024-06-28T18:15:09.423+0000] {local_task_job_runner.py:222} INFO - ::endgroup::
[2024-06-28T18:21:58.590+0000] {local_task_job_runner.py:120} INFO - ::group::Pre task execution logs
[2024-06-28T18:21:58.600+0000] {taskinstance.py:2076} INFO - Dependencies all met for dep_context=non-requeueable deps ti=<TaskInstance: ecomm_data_pipeline.generate_and_insert_data scheduled__2023-01-01T07:00:00+00:00 [queued]>
[2024-06-28T18:21:58.602+0000] {taskinstance.py:2076} INFO - Dependencies all met for dep_context=requeueable deps ti=<TaskInstance: ecomm_data_pipeline.generate_and_insert_data scheduled__2023-01-01T07:00:00+00:00 [queued]>
[2024-06-28T18:21:58.603+0000] {taskinstance.py:2306} INFO - Starting attempt 1 of 2
[2024-06-28T18:21:58.607+0000] {taskinstance.py:2330} INFO - Executing <Task(PythonOperator): generate_and_insert_data> on 2023-01-01 07:00:00+00:00
[2024-06-28T18:21:58.609+0000] {standard_task_runner.py:63} INFO - Started process 934 to run task
[2024-06-28T18:21:58.610+0000] {standard_task_runner.py:90} INFO - Running: ['airflow', 'tasks', 'run', 'ecomm_data_pipeline', 'generate_and_insert_data', 'scheduled__2023-01-01T07:00:00+00:00', '--job-id', '65', '--raw', '--subdir', 'DAGS_FOLDER/ecomm_dag.py', '--cfg-path', '/tmp/tmpbwa2n_kl']
[2024-06-28T18:21:58.611+0000] {standard_task_runner.py:91} INFO - Job 65: Subtask generate_and_insert_data
[2024-06-28T18:21:58.627+0000] {task_command.py:426} INFO - Running <TaskInstance: ecomm_data_pipeline.generate_and_insert_data scheduled__2023-01-01T07:00:00+00:00 [running]> on host 6570e5857071
[2024-06-28T18:21:58.655+0000] {taskinstance.py:2648} INFO - Exporting env vars: AIRFLOW_CTX_DAG_OWNER='airflow' AIRFLOW_CTX_DAG_ID='ecomm_data_pipeline' AIRFLOW_CTX_TASK_ID='generate_and_insert_data' AIRFLOW_CTX_EXECUTION_DATE='2023-01-01T07:00:00+00:00' AIRFLOW_CTX_TRY_NUMBER='1' AIRFLOW_CTX_DAG_RUN_ID='scheduled__2023-01-01T07:00:00+00:00'
[2024-06-28T18:21:58.655+0000] {taskinstance.py:430} INFO - ::endgroup::
[2024-06-28T18:21:58.712+0000] {logging_mixin.py:188} INFO - Error in generate_and_insert_data: Command '['python3', '/opt/airflow/generator/ecomm_generator.py']' returned non-zero exit status 1.
[2024-06-28T18:21:58.712+0000] {logging_mixin.py:188} INFO - stdout: 
[2024-06-28T18:21:58.712+0000] {logging_mixin.py:188} INFO - stderr: Traceback (most recent call last):
  File "/opt/airflow/generator/ecomm_generator.py", line 4, in <module>
    from faker import Faker
ModuleNotFoundError: No module named 'faker'
[2024-06-28T18:21:58.712+0000] {python.py:237} INFO - Done. Returned value was: None
[2024-06-28T18:21:58.712+0000] {taskinstance.py:441} INFO - ::group::Post task execution logs
[2024-06-28T18:21:58.717+0000] {taskinstance.py:1206} INFO - Marking task as SUCCESS. dag_id=ecomm_data_pipeline, task_id=generate_and_insert_data, run_id=scheduled__2023-01-01T07:00:00+00:00, execution_date=20230101T070000, start_date=20240628T182158, end_date=20240628T182158
[2024-06-28T18:21:58.760+0000] {local_task_job_runner.py:240} INFO - Task exited with return code 0
[2024-06-28T18:21:58.767+0000] {taskinstance.py:3503} INFO - 0 downstream tasks scheduled from follow-on schedule check
[2024-06-28T18:21:58.768+0000] {local_task_job_runner.py:222} INFO - ::endgroup::
[2024-06-28T18:31:55.566+0000] {local_task_job_runner.py:120} INFO - ::group::Pre task execution logs
[2024-06-28T18:31:55.576+0000] {taskinstance.py:2076} INFO - Dependencies all met for dep_context=non-requeueable deps ti=<TaskInstance: ecomm_data_pipeline.generate_and_insert_data scheduled__2023-01-01T07:00:00+00:00 [queued]>
[2024-06-28T18:31:55.578+0000] {taskinstance.py:2076} INFO - Dependencies all met for dep_context=requeueable deps ti=<TaskInstance: ecomm_data_pipeline.generate_and_insert_data scheduled__2023-01-01T07:00:00+00:00 [queued]>
[2024-06-28T18:31:55.578+0000] {taskinstance.py:2306} INFO - Starting attempt 1 of 2
[2024-06-28T18:31:55.583+0000] {taskinstance.py:2330} INFO - Executing <Task(PythonOperator): generate_and_insert_data> on 2023-01-01 07:00:00+00:00
[2024-06-28T18:31:55.584+0000] {standard_task_runner.py:63} INFO - Started process 882 to run task
[2024-06-28T18:31:55.585+0000] {standard_task_runner.py:90} INFO - Running: ['airflow', 'tasks', 'run', 'ecomm_data_pipeline', 'generate_and_insert_data', 'scheduled__2023-01-01T07:00:00+00:00', '--job-id', '61', '--raw', '--subdir', 'DAGS_FOLDER/ecomm_dag.py', '--cfg-path', '/tmp/tmp9s47mmmq']
[2024-06-28T18:31:55.586+0000] {standard_task_runner.py:91} INFO - Job 61: Subtask generate_and_insert_data
[2024-06-28T18:31:55.602+0000] {task_command.py:426} INFO - Running <TaskInstance: ecomm_data_pipeline.generate_and_insert_data scheduled__2023-01-01T07:00:00+00:00 [running]> on host 50bf780463b8
[2024-06-28T18:31:55.631+0000] {taskinstance.py:2648} INFO - Exporting env vars: AIRFLOW_CTX_DAG_OWNER='airflow' AIRFLOW_CTX_DAG_ID='ecomm_data_pipeline' AIRFLOW_CTX_TASK_ID='generate_and_insert_data' AIRFLOW_CTX_EXECUTION_DATE='2023-01-01T07:00:00+00:00' AIRFLOW_CTX_TRY_NUMBER='1' AIRFLOW_CTX_DAG_RUN_ID='scheduled__2023-01-01T07:00:00+00:00'
[2024-06-28T18:31:55.631+0000] {taskinstance.py:430} INFO - ::endgroup::
[2024-06-28T18:31:55.688+0000] {logging_mixin.py:188} INFO - Error in generate_and_insert_data: Command '['python3', '/opt/airflow/generator/ecomm_generator.py']' returned non-zero exit status 1.
[2024-06-28T18:31:55.688+0000] {logging_mixin.py:188} INFO - stdout: 
[2024-06-28T18:31:55.689+0000] {logging_mixin.py:188} INFO - stderr: Traceback (most recent call last):
  File "/opt/airflow/generator/ecomm_generator.py", line 4, in <module>
    from faker import Faker
ModuleNotFoundError: No module named 'faker'
[2024-06-28T18:31:55.689+0000] {python.py:237} INFO - Done. Returned value was: None
[2024-06-28T18:31:55.689+0000] {taskinstance.py:441} INFO - ::group::Post task execution logs
[2024-06-28T18:31:55.694+0000] {taskinstance.py:1206} INFO - Marking task as SUCCESS. dag_id=ecomm_data_pipeline, task_id=generate_and_insert_data, run_id=scheduled__2023-01-01T07:00:00+00:00, execution_date=20230101T070000, start_date=20240628T183155, end_date=20240628T183155
[2024-06-28T18:31:55.727+0000] {local_task_job_runner.py:240} INFO - Task exited with return code 0
[2024-06-28T18:31:55.733+0000] {taskinstance.py:3503} INFO - 0 downstream tasks scheduled from follow-on schedule check
[2024-06-28T18:31:55.734+0000] {local_task_job_runner.py:222} INFO - ::endgroup::
