[2024-07-02T22:55:07.471+0000] {taskinstance.py:1103} INFO - Dependencies all met for dep_context=non-requeueable deps ti=<TaskInstance: ecomm_data_pipeline.generate_data scheduled__2024-07-02T01:40:00+00:00 [queued]>
[2024-07-02T22:55:07.474+0000] {taskinstance.py:1103} INFO - Dependencies all met for dep_context=requeueable deps ti=<TaskInstance: ecomm_data_pipeline.generate_data scheduled__2024-07-02T01:40:00+00:00 [queued]>
[2024-07-02T22:55:07.474+0000] {taskinstance.py:1308} INFO - Starting attempt 1 of 2
[2024-07-02T22:55:07.478+0000] {taskinstance.py:1327} INFO - Executing <Task(PythonOperator): generate_data> on 2024-07-02 01:40:00+00:00
[2024-07-02T22:55:07.479+0000] {standard_task_runner.py:57} INFO - Started process 52 to run task
[2024-07-02T22:55:07.481+0000] {standard_task_runner.py:84} INFO - Running: ['airflow', 'tasks', 'run', 'ecomm_data_pipeline', 'generate_data', 'scheduled__2024-07-02T01:40:00+00:00', '--job-id', '66', '--raw', '--subdir', 'DAGS_FOLDER/ecomm_dag.py', '--cfg-path', '/tmp/tmpbmrfs6f9']
[2024-07-02T22:55:07.481+0000] {standard_task_runner.py:85} INFO - Job 66: Subtask generate_data
[2024-07-02T22:55:07.500+0000] {task_command.py:410} INFO - Running <TaskInstance: ecomm_data_pipeline.generate_data scheduled__2024-07-02T01:40:00+00:00 [running]> on host 5b8fb0180af8
[2024-07-02T22:55:07.533+0000] {taskinstance.py:1545} INFO - Exporting env vars: AIRFLOW_CTX_DAG_OWNER='airflow' AIRFLOW_CTX_DAG_ID='ecomm_data_pipeline' AIRFLOW_CTX_TASK_ID='generate_data' AIRFLOW_CTX_EXECUTION_DATE='2024-07-02T01:40:00+00:00' AIRFLOW_CTX_TRY_NUMBER='1' AIRFLOW_CTX_DAG_RUN_ID='scheduled__2024-07-02T01:40:00+00:00'
[2024-07-02T22:55:07.768+0000] {local_task_job_runner.py:225} INFO - Task exited with return code 1
[2024-07-02T22:55:07.777+0000] {taskinstance.py:2651} INFO - 0 downstream tasks scheduled from follow-on schedule check
[2024-07-03T00:10:55.807+0000] {taskinstance.py:1103} INFO - Dependencies all met for dep_context=non-requeueable deps ti=<TaskInstance: ecomm_data_pipeline.generate_data scheduled__2024-07-02T01:40:00+00:00 [queued]>
[2024-07-03T00:10:55.810+0000] {taskinstance.py:1103} INFO - Dependencies all met for dep_context=requeueable deps ti=<TaskInstance: ecomm_data_pipeline.generate_data scheduled__2024-07-02T01:40:00+00:00 [queued]>
[2024-07-03T00:10:55.810+0000] {taskinstance.py:1308} INFO - Starting attempt 1 of 2
[2024-07-03T00:10:55.815+0000] {taskinstance.py:1327} INFO - Executing <Task(PythonOperator): generate_data> on 2024-07-02 01:40:00+00:00
[2024-07-03T00:10:55.816+0000] {standard_task_runner.py:57} INFO - Started process 161 to run task
[2024-07-03T00:10:55.817+0000] {standard_task_runner.py:84} INFO - Running: ['airflow', 'tasks', 'run', 'ecomm_data_pipeline', 'generate_data', 'scheduled__2024-07-02T01:40:00+00:00', '--job-id', '141', '--raw', '--subdir', 'DAGS_FOLDER/ecomm_dag.py', '--cfg-path', '/tmp/tmphhkjgdbv']
[2024-07-03T00:10:55.818+0000] {standard_task_runner.py:85} INFO - Job 141: Subtask generate_data
[2024-07-03T00:10:55.837+0000] {task_command.py:410} INFO - Running <TaskInstance: ecomm_data_pipeline.generate_data scheduled__2024-07-02T01:40:00+00:00 [running]> on host a91436ab9950
[2024-07-03T00:10:55.872+0000] {taskinstance.py:1545} INFO - Exporting env vars: AIRFLOW_CTX_DAG_OWNER='airflow' AIRFLOW_CTX_DAG_ID='ecomm_data_pipeline' AIRFLOW_CTX_TASK_ID='generate_data' AIRFLOW_CTX_EXECUTION_DATE='2024-07-02T01:40:00+00:00' AIRFLOW_CTX_TRY_NUMBER='1' AIRFLOW_CTX_DAG_RUN_ID='scheduled__2024-07-02T01:40:00+00:00'
[2024-07-03T00:10:55.872+0000] {logging_mixin.py:149} INFO - Running data generation script...
[2024-07-03T00:10:56.339+0000] {logging_mixin.py:149} INFO - 2024-07-03 00:10:56,045 - INFO - Generating fake user data...
2024-07-03 00:10:56,155 - INFO - Generated 438 users.
2024-07-03 00:10:56,155 - INFO - Generating fake clickstream events...
2024-07-03 00:10:56,156 - INFO - Generated 77 clickstream events.
2024-07-03 00:10:56,156 - INFO - Generating fake transaction data...
2024-07-03 00:10:56,156 - INFO - Generated 5 transaction data records.
2024-07-03 00:10:56,156 - INFO - Generating fake Google Search marketing data...
2024-07-03 00:10:56,170 - INFO - Generated 1000 Google Search marketing data records.
2024-07-03 00:10:56,170 - INFO - Generating fake Email Marketing data...
2024-07-03 00:10:56,284 - INFO - Generated 1000 Email Marketing data records.
2024-07-03 00:10:56,284 - INFO - Generating fake Facebook data...
2024-07-03 00:10:56,300 - INFO - Generated 1000 Facebook data records.
2024-07-03 00:10:56,300 - INFO - Writing generated data to JSON files...
2024-07-03 00:10:56,332 - INFO - Data generation complete. Sleeping for 10 minutes...
[2024-07-03T00:10:56.339+0000] {python.py:183} INFO - Done. Returned value was: None
[2024-07-03T00:10:56.345+0000] {taskinstance.py:1345} INFO - Marking task as SUCCESS. dag_id=ecomm_data_pipeline, task_id=generate_data, execution_date=20240702T014000, start_date=20240703T001055, end_date=20240703T001056
[2024-07-03T00:10:56.361+0000] {local_task_job_runner.py:225} INFO - Task exited with return code 0
[2024-07-03T00:10:56.371+0000] {taskinstance.py:2651} INFO - 6 downstream tasks scheduled from follow-on schedule check
