[2024-06-27T22:36:17.605+0000] {local_task_job_runner.py:120} INFO - ::group::Pre task execution logs
[2024-06-27T22:36:17.615+0000] {taskinstance.py:2076} INFO - Dependencies all met for dep_context=non-requeueable deps ti=<TaskInstance: ecomm_data_pipeline.generate_and_insert_data scheduled__2023-01-01T16:30:00+00:00 [queued]>
[2024-06-27T22:36:17.618+0000] {taskinstance.py:2076} INFO - Dependencies all met for dep_context=requeueable deps ti=<TaskInstance: ecomm_data_pipeline.generate_and_insert_data scheduled__2023-01-01T16:30:00+00:00 [queued]>
[2024-06-27T22:36:17.618+0000] {taskinstance.py:2306} INFO - Starting attempt 1 of 2
[2024-06-27T22:36:17.622+0000] {taskinstance.py:2330} INFO - Executing <Task(PythonOperator): generate_and_insert_data> on 2023-01-01 16:30:00+00:00
[2024-06-27T22:36:17.624+0000] {standard_task_runner.py:63} INFO - Started process 1710 to run task
[2024-06-27T22:36:17.625+0000] {standard_task_runner.py:90} INFO - Running: ['airflow', 'tasks', 'run', 'ecomm_data_pipeline', 'generate_and_insert_data', 'scheduled__2023-01-01T16:30:00+00:00', '--job-id', '118', '--raw', '--subdir', 'DAGS_FOLDER/ecomm_dag.py', '--cfg-path', '/tmp/tmptj0mp45v']
[2024-06-27T22:36:17.625+0000] {standard_task_runner.py:91} INFO - Job 118: Subtask generate_and_insert_data
[2024-06-27T22:36:17.642+0000] {task_command.py:426} INFO - Running <TaskInstance: ecomm_data_pipeline.generate_and_insert_data scheduled__2023-01-01T16:30:00+00:00 [running]> on host 9174587f6b1d
[2024-06-27T22:36:17.669+0000] {taskinstance.py:2648} INFO - Exporting env vars: AIRFLOW_CTX_DAG_OWNER='airflow' AIRFLOW_CTX_DAG_ID='ecomm_data_pipeline' AIRFLOW_CTX_TASK_ID='generate_and_insert_data' AIRFLOW_CTX_EXECUTION_DATE='2023-01-01T16:30:00+00:00' AIRFLOW_CTX_TRY_NUMBER='1' AIRFLOW_CTX_DAG_RUN_ID='scheduled__2023-01-01T16:30:00+00:00'
[2024-06-27T22:36:17.669+0000] {taskinstance.py:430} INFO - ::endgroup::
[2024-06-27T22:36:17.702+0000] {logging_mixin.py:188} INFO - Error in generate_and_insert_data: Command '['python3', './generator/ecomm_generator.py']' returned non-zero exit status 2.
[2024-06-27T22:36:17.702+0000] {python.py:237} INFO - Done. Returned value was: None
[2024-06-27T22:36:17.702+0000] {taskinstance.py:441} INFO - ::group::Post task execution logs
[2024-06-27T22:36:17.707+0000] {taskinstance.py:1206} INFO - Marking task as SUCCESS. dag_id=ecomm_data_pipeline, task_id=generate_and_insert_data, run_id=scheduled__2023-01-01T16:30:00+00:00, execution_date=20230101T163000, start_date=20240627T223617, end_date=20240627T223617
[2024-06-27T22:36:17.729+0000] {local_task_job_runner.py:240} INFO - Task exited with return code 0
[2024-06-27T22:36:17.735+0000] {taskinstance.py:3503} INFO - 0 downstream tasks scheduled from follow-on schedule check
[2024-06-27T22:36:17.736+0000] {local_task_job_runner.py:222} INFO - ::endgroup::
[2024-06-28T18:18:12.770+0000] {local_task_job_runner.py:120} INFO - ::group::Pre task execution logs
[2024-06-28T18:18:12.781+0000] {taskinstance.py:2076} INFO - Dependencies all met for dep_context=non-requeueable deps ti=<TaskInstance: ecomm_data_pipeline.generate_and_insert_data scheduled__2023-01-01T16:30:00+00:00 [queued]>
[2024-06-28T18:18:12.783+0000] {taskinstance.py:2076} INFO - Dependencies all met for dep_context=requeueable deps ti=<TaskInstance: ecomm_data_pipeline.generate_and_insert_data scheduled__2023-01-01T16:30:00+00:00 [queued]>
[2024-06-28T18:18:12.783+0000] {taskinstance.py:2306} INFO - Starting attempt 1 of 2
[2024-06-28T18:18:12.788+0000] {taskinstance.py:2330} INFO - Executing <Task(PythonOperator): generate_and_insert_data> on 2023-01-01 16:30:00+00:00
[2024-06-28T18:18:12.789+0000] {standard_task_runner.py:63} INFO - Started process 2816 to run task
[2024-06-28T18:18:12.790+0000] {standard_task_runner.py:90} INFO - Running: ['airflow', 'tasks', 'run', 'ecomm_data_pipeline', 'generate_and_insert_data', 'scheduled__2023-01-01T16:30:00+00:00', '--job-id', '200', '--raw', '--subdir', 'DAGS_FOLDER/ecomm_dag.py', '--cfg-path', '/tmp/tmpi7w95op8']
[2024-06-28T18:18:12.791+0000] {standard_task_runner.py:91} INFO - Job 200: Subtask generate_and_insert_data
[2024-06-28T18:18:12.808+0000] {task_command.py:426} INFO - Running <TaskInstance: ecomm_data_pipeline.generate_and_insert_data scheduled__2023-01-01T16:30:00+00:00 [running]> on host 08cefd381a1f
[2024-06-28T18:18:12.837+0000] {taskinstance.py:2648} INFO - Exporting env vars: AIRFLOW_CTX_DAG_OWNER='airflow' AIRFLOW_CTX_DAG_ID='ecomm_data_pipeline' AIRFLOW_CTX_TASK_ID='generate_and_insert_data' AIRFLOW_CTX_EXECUTION_DATE='2023-01-01T16:30:00+00:00' AIRFLOW_CTX_TRY_NUMBER='1' AIRFLOW_CTX_DAG_RUN_ID='scheduled__2023-01-01T16:30:00+00:00'
[2024-06-28T18:18:12.838+0000] {taskinstance.py:430} INFO - ::endgroup::
[2024-06-28T18:18:12.895+0000] {logging_mixin.py:188} INFO - Error in generate_and_insert_data: Command '['python3', '/opt/airflow/generator/ecomm_generator.py']' returned non-zero exit status 1.
[2024-06-28T18:18:12.895+0000] {logging_mixin.py:188} INFO - stdout: 
[2024-06-28T18:18:12.895+0000] {logging_mixin.py:188} INFO - stderr: Traceback (most recent call last):
  File "/opt/airflow/generator/ecomm_generator.py", line 4, in <module>
    from faker import Faker
ModuleNotFoundError: No module named 'faker'
[2024-06-28T18:18:12.895+0000] {python.py:237} INFO - Done. Returned value was: None
[2024-06-28T18:18:12.896+0000] {taskinstance.py:441} INFO - ::group::Post task execution logs
[2024-06-28T18:18:12.900+0000] {taskinstance.py:1206} INFO - Marking task as SUCCESS. dag_id=ecomm_data_pipeline, task_id=generate_and_insert_data, run_id=scheduled__2023-01-01T16:30:00+00:00, execution_date=20230101T163000, start_date=20240628T181812, end_date=20240628T181812
[2024-06-28T18:18:12.936+0000] {local_task_job_runner.py:240} INFO - Task exited with return code 0
[2024-06-28T18:18:12.943+0000] {taskinstance.py:3503} INFO - 0 downstream tasks scheduled from follow-on schedule check
[2024-06-28T18:18:12.943+0000] {local_task_job_runner.py:222} INFO - ::endgroup::
[2024-06-29T21:39:43.659+0000] {local_task_job_runner.py:120} INFO - ::group::Pre task execution logs
[2024-06-29T21:39:43.669+0000] {taskinstance.py:2076} INFO - Dependencies all met for dep_context=non-requeueable deps ti=<TaskInstance: ecomm_data_pipeline.generate_and_insert_data scheduled__2023-01-01T16:30:00+00:00 [queued]>
[2024-06-29T21:39:43.671+0000] {taskinstance.py:2076} INFO - Dependencies all met for dep_context=requeueable deps ti=<TaskInstance: ecomm_data_pipeline.generate_and_insert_data scheduled__2023-01-01T16:30:00+00:00 [queued]>
[2024-06-29T21:39:43.671+0000] {taskinstance.py:2306} INFO - Starting attempt 1 of 2
[2024-06-29T21:39:43.676+0000] {taskinstance.py:2330} INFO - Executing <Task(PythonOperator): generate_and_insert_data> on 2023-01-01 16:30:00+00:00
[2024-06-29T21:39:43.677+0000] {standard_task_runner.py:63} INFO - Started process 1481 to run task
[2024-06-29T21:39:43.679+0000] {standard_task_runner.py:90} INFO - Running: ['airflow', 'tasks', 'run', 'ecomm_data_pipeline', 'generate_and_insert_data', 'scheduled__2023-01-01T16:30:00+00:00', '--job-id', '101', '--raw', '--subdir', 'DAGS_FOLDER/ecomm_dag.py', '--cfg-path', '/tmp/tmpxzwnzw7r']
[2024-06-29T21:39:43.679+0000] {standard_task_runner.py:91} INFO - Job 101: Subtask generate_and_insert_data
[2024-06-29T21:39:43.696+0000] {task_command.py:426} INFO - Running <TaskInstance: ecomm_data_pipeline.generate_and_insert_data scheduled__2023-01-01T16:30:00+00:00 [running]> on host afcb6fbf9265
[2024-06-29T21:39:43.725+0000] {taskinstance.py:2648} INFO - Exporting env vars: AIRFLOW_CTX_DAG_OWNER='airflow' AIRFLOW_CTX_DAG_ID='ecomm_data_pipeline' AIRFLOW_CTX_TASK_ID='generate_and_insert_data' AIRFLOW_CTX_EXECUTION_DATE='2023-01-01T16:30:00+00:00' AIRFLOW_CTX_TRY_NUMBER='1' AIRFLOW_CTX_DAG_RUN_ID='scheduled__2023-01-01T16:30:00+00:00'
[2024-06-29T21:39:43.725+0000] {taskinstance.py:430} INFO - ::endgroup::
[2024-06-29T21:39:43.780+0000] {logging_mixin.py:188} INFO - Error in generate_and_insert_data: Command '['python3', '/opt/airflow/generator/ecomm_generator.py']' returned non-zero exit status 1.
[2024-06-29T21:39:43.781+0000] {logging_mixin.py:188} INFO - stdout: 
[2024-06-29T21:39:43.781+0000] {logging_mixin.py:188} INFO - stderr: Traceback (most recent call last):
  File "/opt/airflow/generator/ecomm_generator.py", line 4, in <module>
    from faker import Faker
ModuleNotFoundError: No module named 'faker'
[2024-06-29T21:39:43.781+0000] {python.py:237} INFO - Done. Returned value was: None
[2024-06-29T21:39:43.781+0000] {taskinstance.py:441} INFO - ::group::Post task execution logs
[2024-06-29T21:39:43.786+0000] {taskinstance.py:1206} INFO - Marking task as SUCCESS. dag_id=ecomm_data_pipeline, task_id=generate_and_insert_data, run_id=scheduled__2023-01-01T16:30:00+00:00, execution_date=20230101T163000, start_date=20240629T213943, end_date=20240629T213943
[2024-06-29T21:39:43.826+0000] {local_task_job_runner.py:240} INFO - Task exited with return code 0
[2024-06-29T21:39:43.833+0000] {taskinstance.py:3503} INFO - 0 downstream tasks scheduled from follow-on schedule check
[2024-06-29T21:39:43.833+0000] {local_task_job_runner.py:222} INFO - ::endgroup::
[2024-06-29T22:03:32.140+0000] {local_task_job_runner.py:120} INFO - ::group::Pre task execution logs
[2024-06-29T22:03:32.150+0000] {taskinstance.py:2076} INFO - Dependencies all met for dep_context=non-requeueable deps ti=<TaskInstance: ecomm_data_pipeline.generate_and_insert_data scheduled__2023-01-01T16:30:00+00:00 [queued]>
[2024-06-29T22:03:32.153+0000] {taskinstance.py:2076} INFO - Dependencies all met for dep_context=requeueable deps ti=<TaskInstance: ecomm_data_pipeline.generate_and_insert_data scheduled__2023-01-01T16:30:00+00:00 [queued]>
[2024-06-29T22:03:32.153+0000] {taskinstance.py:2306} INFO - Starting attempt 1 of 2
[2024-06-29T22:03:32.157+0000] {taskinstance.py:2330} INFO - Executing <Task(PythonOperator): generate_and_insert_data> on 2023-01-01 16:30:00+00:00
[2024-06-29T22:03:32.159+0000] {standard_task_runner.py:63} INFO - Started process 1481 to run task
[2024-06-29T22:03:32.160+0000] {standard_task_runner.py:90} INFO - Running: ['airflow', 'tasks', 'run', 'ecomm_data_pipeline', 'generate_and_insert_data', 'scheduled__2023-01-01T16:30:00+00:00', '--job-id', '101', '--raw', '--subdir', 'DAGS_FOLDER/ecomm_dag.py', '--cfg-path', '/tmp/tmpplmp1zyt']
[2024-06-29T22:03:32.160+0000] {standard_task_runner.py:91} INFO - Job 101: Subtask generate_and_insert_data
[2024-06-29T22:03:32.177+0000] {task_command.py:426} INFO - Running <TaskInstance: ecomm_data_pipeline.generate_and_insert_data scheduled__2023-01-01T16:30:00+00:00 [running]> on host 799998b0d26e
[2024-06-29T22:03:32.206+0000] {taskinstance.py:2648} INFO - Exporting env vars: AIRFLOW_CTX_DAG_OWNER='airflow' AIRFLOW_CTX_DAG_ID='ecomm_data_pipeline' AIRFLOW_CTX_TASK_ID='generate_and_insert_data' AIRFLOW_CTX_EXECUTION_DATE='2023-01-01T16:30:00+00:00' AIRFLOW_CTX_TRY_NUMBER='1' AIRFLOW_CTX_DAG_RUN_ID='scheduled__2023-01-01T16:30:00+00:00'
[2024-06-29T22:03:32.206+0000] {taskinstance.py:430} INFO - ::endgroup::
[2024-06-29T22:03:32.263+0000] {logging_mixin.py:188} INFO - Error in generate_and_insert_data: Command '['python3', '/opt/airflow/generator/ecomm_generator.py']' returned non-zero exit status 1.
[2024-06-29T22:03:32.263+0000] {logging_mixin.py:188} INFO - stdout: 
[2024-06-29T22:03:32.263+0000] {logging_mixin.py:188} INFO - stderr: Traceback (most recent call last):
  File "/opt/airflow/generator/ecomm_generator.py", line 4, in <module>
    from faker import Faker
ModuleNotFoundError: No module named 'faker'
[2024-06-29T22:03:32.263+0000] {python.py:237} INFO - Done. Returned value was: None
[2024-06-29T22:03:32.264+0000] {taskinstance.py:441} INFO - ::group::Post task execution logs
[2024-06-29T22:03:32.268+0000] {taskinstance.py:1206} INFO - Marking task as SUCCESS. dag_id=ecomm_data_pipeline, task_id=generate_and_insert_data, run_id=scheduled__2023-01-01T16:30:00+00:00, execution_date=20230101T163000, start_date=20240629T220332, end_date=20240629T220332
[2024-06-29T22:03:32.308+0000] {local_task_job_runner.py:240} INFO - Task exited with return code 0
[2024-06-29T22:03:32.315+0000] {taskinstance.py:3503} INFO - 0 downstream tasks scheduled from follow-on schedule check
[2024-06-29T22:03:32.316+0000] {local_task_job_runner.py:222} INFO - ::endgroup::
