[2024-07-06T18:10:19.615+0000] {taskinstance.py:1103} INFO - Dependencies all met for dep_context=non-requeueable deps ti=<TaskInstance: import_main_data.wait_for_init scheduled__2024-07-05T01:00:00+00:00 [queued]>
[2024-07-06T18:10:19.618+0000] {taskinstance.py:1103} INFO - Dependencies all met for dep_context=requeueable deps ti=<TaskInstance: import_main_data.wait_for_init scheduled__2024-07-05T01:00:00+00:00 [queued]>
[2024-07-06T18:10:19.619+0000] {taskinstance.py:1308} INFO - Starting attempt 2 of 3
[2024-07-06T18:10:19.623+0000] {taskinstance.py:1327} INFO - Executing <Task(ExternalTaskSensor): wait_for_init> on 2024-07-05 01:00:00+00:00
[2024-07-06T18:10:19.625+0000] {standard_task_runner.py:57} INFO - Started process 614 to run task
[2024-07-06T18:10:19.626+0000] {standard_task_runner.py:84} INFO - Running: ['airflow', 'tasks', 'run', 'import_main_data', 'wait_for_init', 'scheduled__2024-07-05T01:00:00+00:00', '--job-id', '803', '--raw', '--subdir', 'DAGS_FOLDER/import_raw_data.py', '--cfg-path', '/tmp/tmpp6vti6e9']
[2024-07-06T18:10:19.627+0000] {standard_task_runner.py:85} INFO - Job 803: Subtask wait_for_init
[2024-07-06T18:10:19.648+0000] {task_command.py:410} INFO - Running <TaskInstance: import_main_data.wait_for_init scheduled__2024-07-05T01:00:00+00:00 [running]> on host f6bf59d3e65b
[2024-07-06T18:10:19.682+0000] {taskinstance.py:1545} INFO - Exporting env vars: AIRFLOW_CTX_DAG_EMAIL='airflow@example.com' AIRFLOW_CTX_DAG_OWNER='airflow' AIRFLOW_CTX_DAG_ID='import_main_data' AIRFLOW_CTX_TASK_ID='wait_for_init' AIRFLOW_CTX_EXECUTION_DATE='2024-07-05T01:00:00+00:00' AIRFLOW_CTX_TRY_NUMBER='2' AIRFLOW_CTX_DAG_RUN_ID='scheduled__2024-07-05T01:00:00+00:00'
[2024-07-06T18:10:19.688+0000] {external_task.py:247} INFO - Poking for DAG 'initialize_etl_environment' on 2024-07-05T01:00:00+00:00 ... 
[2024-07-06T18:10:19.703+0000] {taskinstance.py:1784} INFO - Rescheduling task, marking task as UP_FOR_RESCHEDULE
[2024-07-06T18:10:19.728+0000] {local_task_job_runner.py:225} INFO - Task exited with return code 0
[2024-07-06T18:10:19.752+0000] {taskinstance.py:2651} INFO - 0 downstream tasks scheduled from follow-on schedule check
[2024-07-06T18:11:21.130+0000] {taskinstance.py:1103} INFO - Dependencies all met for dep_context=non-requeueable deps ti=<TaskInstance: import_main_data.wait_for_init scheduled__2024-07-05T01:00:00+00:00 [queued]>
[2024-07-06T18:11:21.133+0000] {taskinstance.py:1103} INFO - Dependencies all met for dep_context=requeueable deps ti=<TaskInstance: import_main_data.wait_for_init scheduled__2024-07-05T01:00:00+00:00 [queued]>
[2024-07-06T18:11:21.133+0000] {taskinstance.py:1308} INFO - Starting attempt 2 of 3
[2024-07-06T18:11:21.137+0000] {taskinstance.py:1327} INFO - Executing <Task(ExternalTaskSensor): wait_for_init> on 2024-07-05 01:00:00+00:00
[2024-07-06T18:11:21.138+0000] {standard_task_runner.py:57} INFO - Started process 678 to run task
[2024-07-06T18:11:21.140+0000] {standard_task_runner.py:84} INFO - Running: ['airflow', 'tasks', 'run', 'import_main_data', 'wait_for_init', 'scheduled__2024-07-05T01:00:00+00:00', '--job-id', '819', '--raw', '--subdir', 'DAGS_FOLDER/import_raw_data.py', '--cfg-path', '/tmp/tmp6fzpe55v']
[2024-07-06T18:11:21.140+0000] {standard_task_runner.py:85} INFO - Job 819: Subtask wait_for_init
[2024-07-06T18:11:21.160+0000] {task_command.py:410} INFO - Running <TaskInstance: import_main_data.wait_for_init scheduled__2024-07-05T01:00:00+00:00 [running]> on host f6bf59d3e65b
[2024-07-06T18:11:21.193+0000] {taskinstance.py:1545} INFO - Exporting env vars: AIRFLOW_CTX_DAG_EMAIL='airflow@example.com' AIRFLOW_CTX_DAG_OWNER='airflow' AIRFLOW_CTX_DAG_ID='import_main_data' AIRFLOW_CTX_TASK_ID='wait_for_init' AIRFLOW_CTX_EXECUTION_DATE='2024-07-05T01:00:00+00:00' AIRFLOW_CTX_TRY_NUMBER='2' AIRFLOW_CTX_DAG_RUN_ID='scheduled__2024-07-05T01:00:00+00:00'
[2024-07-06T18:11:21.197+0000] {external_task.py:247} INFO - Poking for DAG 'initialize_etl_environment' on 2024-07-05T01:00:00+00:00 ... 
[2024-07-06T18:11:21.209+0000] {taskinstance.py:1784} INFO - Rescheduling task, marking task as UP_FOR_RESCHEDULE
[2024-07-06T18:11:21.242+0000] {local_task_job_runner.py:225} INFO - Task exited with return code 0
[2024-07-06T18:11:21.255+0000] {taskinstance.py:2651} INFO - 0 downstream tasks scheduled from follow-on schedule check
[2024-07-06T18:12:22.771+0000] {taskinstance.py:1103} INFO - Dependencies all met for dep_context=non-requeueable deps ti=<TaskInstance: import_main_data.wait_for_init scheduled__2024-07-05T01:00:00+00:00 [queued]>
[2024-07-06T18:12:22.774+0000] {taskinstance.py:1103} INFO - Dependencies all met for dep_context=requeueable deps ti=<TaskInstance: import_main_data.wait_for_init scheduled__2024-07-05T01:00:00+00:00 [queued]>
[2024-07-06T18:12:22.774+0000] {taskinstance.py:1308} INFO - Starting attempt 2 of 3
[2024-07-06T18:12:22.780+0000] {taskinstance.py:1327} INFO - Executing <Task(ExternalTaskSensor): wait_for_init> on 2024-07-05 01:00:00+00:00
[2024-07-06T18:12:22.781+0000] {standard_task_runner.py:57} INFO - Started process 742 to run task
[2024-07-06T18:12:22.783+0000] {standard_task_runner.py:84} INFO - Running: ['airflow', 'tasks', 'run', 'import_main_data', 'wait_for_init', 'scheduled__2024-07-05T01:00:00+00:00', '--job-id', '835', '--raw', '--subdir', 'DAGS_FOLDER/import_raw_data.py', '--cfg-path', '/tmp/tmpxfdvdd_y']
[2024-07-06T18:12:22.783+0000] {standard_task_runner.py:85} INFO - Job 835: Subtask wait_for_init
[2024-07-06T18:12:22.803+0000] {task_command.py:410} INFO - Running <TaskInstance: import_main_data.wait_for_init scheduled__2024-07-05T01:00:00+00:00 [running]> on host f6bf59d3e65b
[2024-07-06T18:12:22.834+0000] {taskinstance.py:1545} INFO - Exporting env vars: AIRFLOW_CTX_DAG_EMAIL='airflow@example.com' AIRFLOW_CTX_DAG_OWNER='airflow' AIRFLOW_CTX_DAG_ID='import_main_data' AIRFLOW_CTX_TASK_ID='wait_for_init' AIRFLOW_CTX_EXECUTION_DATE='2024-07-05T01:00:00+00:00' AIRFLOW_CTX_TRY_NUMBER='2' AIRFLOW_CTX_DAG_RUN_ID='scheduled__2024-07-05T01:00:00+00:00'
[2024-07-06T18:12:22.838+0000] {external_task.py:247} INFO - Poking for DAG 'initialize_etl_environment' on 2024-07-05T01:00:00+00:00 ... 
[2024-07-06T18:12:22.849+0000] {taskinstance.py:1784} INFO - Rescheduling task, marking task as UP_FOR_RESCHEDULE
[2024-07-06T18:12:22.881+0000] {local_task_job_runner.py:225} INFO - Task exited with return code 0
[2024-07-06T18:12:22.893+0000] {taskinstance.py:2651} INFO - 0 downstream tasks scheduled from follow-on schedule check
[2024-07-06T18:13:24.965+0000] {taskinstance.py:1103} INFO - Dependencies all met for dep_context=non-requeueable deps ti=<TaskInstance: import_main_data.wait_for_init scheduled__2024-07-05T01:00:00+00:00 [queued]>
[2024-07-06T18:13:24.968+0000] {taskinstance.py:1103} INFO - Dependencies all met for dep_context=requeueable deps ti=<TaskInstance: import_main_data.wait_for_init scheduled__2024-07-05T01:00:00+00:00 [queued]>
[2024-07-06T18:13:24.968+0000] {taskinstance.py:1308} INFO - Starting attempt 2 of 3
[2024-07-06T18:13:24.972+0000] {taskinstance.py:1327} INFO - Executing <Task(ExternalTaskSensor): wait_for_init> on 2024-07-05 01:00:00+00:00
[2024-07-06T18:13:24.974+0000] {standard_task_runner.py:57} INFO - Started process 806 to run task
[2024-07-06T18:13:24.975+0000] {standard_task_runner.py:84} INFO - Running: ['airflow', 'tasks', 'run', 'import_main_data', 'wait_for_init', 'scheduled__2024-07-05T01:00:00+00:00', '--job-id', '851', '--raw', '--subdir', 'DAGS_FOLDER/import_raw_data.py', '--cfg-path', '/tmp/tmpycm8f4nh']
[2024-07-06T18:13:24.976+0000] {standard_task_runner.py:85} INFO - Job 851: Subtask wait_for_init
[2024-07-06T18:13:24.999+0000] {task_command.py:410} INFO - Running <TaskInstance: import_main_data.wait_for_init scheduled__2024-07-05T01:00:00+00:00 [running]> on host f6bf59d3e65b
[2024-07-06T18:13:25.036+0000] {taskinstance.py:1545} INFO - Exporting env vars: AIRFLOW_CTX_DAG_EMAIL='airflow@example.com' AIRFLOW_CTX_DAG_OWNER='airflow' AIRFLOW_CTX_DAG_ID='import_main_data' AIRFLOW_CTX_TASK_ID='wait_for_init' AIRFLOW_CTX_EXECUTION_DATE='2024-07-05T01:00:00+00:00' AIRFLOW_CTX_TRY_NUMBER='2' AIRFLOW_CTX_DAG_RUN_ID='scheduled__2024-07-05T01:00:00+00:00'
[2024-07-06T18:13:25.042+0000] {external_task.py:247} INFO - Poking for DAG 'initialize_etl_environment' on 2024-07-05T01:00:00+00:00 ... 
[2024-07-06T18:13:25.056+0000] {taskinstance.py:1784} INFO - Rescheduling task, marking task as UP_FOR_RESCHEDULE
[2024-07-06T18:13:25.072+0000] {local_task_job_runner.py:225} INFO - Task exited with return code 0
[2024-07-06T18:13:25.087+0000] {taskinstance.py:2651} INFO - 0 downstream tasks scheduled from follow-on schedule check
[2024-07-06T18:14:26.773+0000] {taskinstance.py:1103} INFO - Dependencies all met for dep_context=non-requeueable deps ti=<TaskInstance: import_main_data.wait_for_init scheduled__2024-07-05T01:00:00+00:00 [queued]>
[2024-07-06T18:14:26.776+0000] {taskinstance.py:1103} INFO - Dependencies all met for dep_context=requeueable deps ti=<TaskInstance: import_main_data.wait_for_init scheduled__2024-07-05T01:00:00+00:00 [queued]>
[2024-07-06T18:14:26.776+0000] {taskinstance.py:1308} INFO - Starting attempt 2 of 3
[2024-07-06T18:14:26.780+0000] {taskinstance.py:1327} INFO - Executing <Task(ExternalTaskSensor): wait_for_init> on 2024-07-05 01:00:00+00:00
[2024-07-06T18:14:26.782+0000] {standard_task_runner.py:57} INFO - Started process 871 to run task
[2024-07-06T18:14:26.783+0000] {standard_task_runner.py:84} INFO - Running: ['airflow', 'tasks', 'run', 'import_main_data', 'wait_for_init', 'scheduled__2024-07-05T01:00:00+00:00', '--job-id', '867', '--raw', '--subdir', 'DAGS_FOLDER/import_raw_data.py', '--cfg-path', '/tmp/tmp9xfbuti6']
[2024-07-06T18:14:26.784+0000] {standard_task_runner.py:85} INFO - Job 867: Subtask wait_for_init
[2024-07-06T18:14:26.807+0000] {task_command.py:410} INFO - Running <TaskInstance: import_main_data.wait_for_init scheduled__2024-07-05T01:00:00+00:00 [running]> on host f6bf59d3e65b
[2024-07-06T18:14:26.853+0000] {taskinstance.py:1545} INFO - Exporting env vars: AIRFLOW_CTX_DAG_EMAIL='airflow@example.com' AIRFLOW_CTX_DAG_OWNER='airflow' AIRFLOW_CTX_DAG_ID='import_main_data' AIRFLOW_CTX_TASK_ID='wait_for_init' AIRFLOW_CTX_EXECUTION_DATE='2024-07-05T01:00:00+00:00' AIRFLOW_CTX_TRY_NUMBER='2' AIRFLOW_CTX_DAG_RUN_ID='scheduled__2024-07-05T01:00:00+00:00'
[2024-07-06T18:14:26.859+0000] {external_task.py:247} INFO - Poking for DAG 'initialize_etl_environment' on 2024-07-05T01:00:00+00:00 ... 
[2024-07-06T18:14:26.874+0000] {taskinstance.py:1784} INFO - Rescheduling task, marking task as UP_FOR_RESCHEDULE
[2024-07-06T18:14:26.884+0000] {local_task_job_runner.py:225} INFO - Task exited with return code 0
[2024-07-06T18:14:26.896+0000] {taskinstance.py:2651} INFO - 0 downstream tasks scheduled from follow-on schedule check
