[2024-06-29T21:41:04.097+0000] {local_task_job_runner.py:120} INFO - ::group::Pre task execution logs
[2024-06-29T21:41:04.108+0000] {taskinstance.py:2076} INFO - Dependencies all met for dep_context=non-requeueable deps ti=<TaskInstance: ecomm_data_pipeline.generate_and_insert_data scheduled__2023-01-01T23:40:00+00:00 [queued]>
[2024-06-29T21:41:04.110+0000] {taskinstance.py:2076} INFO - Dependencies all met for dep_context=requeueable deps ti=<TaskInstance: ecomm_data_pipeline.generate_and_insert_data scheduled__2023-01-01T23:40:00+00:00 [queued]>
[2024-06-29T21:41:04.111+0000] {taskinstance.py:2306} INFO - Starting attempt 1 of 2
[2024-06-29T21:41:04.116+0000] {taskinstance.py:2330} INFO - Executing <Task(PythonOperator): generate_and_insert_data> on 2023-01-01 23:40:00+00:00
[2024-06-29T21:41:04.117+0000] {standard_task_runner.py:63} INFO - Started process 2101 to run task
[2024-06-29T21:41:04.118+0000] {standard_task_runner.py:90} INFO - Running: ['airflow', 'tasks', 'run', 'ecomm_data_pipeline', 'generate_and_insert_data', 'scheduled__2023-01-01T23:40:00+00:00', '--job-id', '144', '--raw', '--subdir', 'DAGS_FOLDER/ecomm_dag.py', '--cfg-path', '/tmp/tmpdn3dfcn7']
[2024-06-29T21:41:04.119+0000] {standard_task_runner.py:91} INFO - Job 144: Subtask generate_and_insert_data
[2024-06-29T21:41:04.138+0000] {task_command.py:426} INFO - Running <TaskInstance: ecomm_data_pipeline.generate_and_insert_data scheduled__2023-01-01T23:40:00+00:00 [running]> on host afcb6fbf9265
[2024-06-29T21:41:04.171+0000] {taskinstance.py:2648} INFO - Exporting env vars: AIRFLOW_CTX_DAG_OWNER='airflow' AIRFLOW_CTX_DAG_ID='ecomm_data_pipeline' AIRFLOW_CTX_TASK_ID='generate_and_insert_data' AIRFLOW_CTX_EXECUTION_DATE='2023-01-01T23:40:00+00:00' AIRFLOW_CTX_TRY_NUMBER='1' AIRFLOW_CTX_DAG_RUN_ID='scheduled__2023-01-01T23:40:00+00:00'
[2024-06-29T21:41:04.171+0000] {taskinstance.py:430} INFO - ::endgroup::
[2024-06-29T21:41:04.232+0000] {logging_mixin.py:188} INFO - Error in generate_and_insert_data: Command '['python3', '/opt/airflow/generator/ecomm_generator.py']' returned non-zero exit status 1.
[2024-06-29T21:41:04.232+0000] {logging_mixin.py:188} INFO - stdout: 
[2024-06-29T21:41:04.232+0000] {logging_mixin.py:188} INFO - stderr: Traceback (most recent call last):
  File "/opt/airflow/generator/ecomm_generator.py", line 4, in <module>
    from faker import Faker
ModuleNotFoundError: No module named 'faker'
[2024-06-29T21:41:04.233+0000] {python.py:237} INFO - Done. Returned value was: None
[2024-06-29T21:41:04.233+0000] {taskinstance.py:441} INFO - ::group::Post task execution logs
[2024-06-29T21:41:04.238+0000] {taskinstance.py:1206} INFO - Marking task as SUCCESS. dag_id=ecomm_data_pipeline, task_id=generate_and_insert_data, run_id=scheduled__2023-01-01T23:40:00+00:00, execution_date=20230101T234000, start_date=20240629T214104, end_date=20240629T214104
[2024-06-29T21:41:04.256+0000] {local_task_job_runner.py:240} INFO - Task exited with return code 0
[2024-06-29T21:41:04.263+0000] {taskinstance.py:3503} INFO - 0 downstream tasks scheduled from follow-on schedule check
[2024-06-29T21:41:04.263+0000] {local_task_job_runner.py:222} INFO - ::endgroup::
[2024-06-29T22:04:53.754+0000] {local_task_job_runner.py:120} INFO - ::group::Pre task execution logs
[2024-06-29T22:04:53.766+0000] {taskinstance.py:2076} INFO - Dependencies all met for dep_context=non-requeueable deps ti=<TaskInstance: ecomm_data_pipeline.generate_and_insert_data scheduled__2023-01-01T23:40:00+00:00 [queued]>
[2024-06-29T22:04:53.769+0000] {taskinstance.py:2076} INFO - Dependencies all met for dep_context=requeueable deps ti=<TaskInstance: ecomm_data_pipeline.generate_and_insert_data scheduled__2023-01-01T23:40:00+00:00 [queued]>
[2024-06-29T22:04:53.769+0000] {taskinstance.py:2306} INFO - Starting attempt 1 of 2
[2024-06-29T22:04:53.774+0000] {taskinstance.py:2330} INFO - Executing <Task(PythonOperator): generate_and_insert_data> on 2023-01-01 23:40:00+00:00
[2024-06-29T22:04:53.776+0000] {standard_task_runner.py:63} INFO - Started process 2101 to run task
[2024-06-29T22:04:53.777+0000] {standard_task_runner.py:90} INFO - Running: ['airflow', 'tasks', 'run', 'ecomm_data_pipeline', 'generate_and_insert_data', 'scheduled__2023-01-01T23:40:00+00:00', '--job-id', '144', '--raw', '--subdir', 'DAGS_FOLDER/ecomm_dag.py', '--cfg-path', '/tmp/tmp7oydtpkn']
[2024-06-29T22:04:53.777+0000] {standard_task_runner.py:91} INFO - Job 144: Subtask generate_and_insert_data
[2024-06-29T22:04:53.795+0000] {task_command.py:426} INFO - Running <TaskInstance: ecomm_data_pipeline.generate_and_insert_data scheduled__2023-01-01T23:40:00+00:00 [running]> on host 799998b0d26e
[2024-06-29T22:04:53.827+0000] {taskinstance.py:2648} INFO - Exporting env vars: AIRFLOW_CTX_DAG_OWNER='airflow' AIRFLOW_CTX_DAG_ID='ecomm_data_pipeline' AIRFLOW_CTX_TASK_ID='generate_and_insert_data' AIRFLOW_CTX_EXECUTION_DATE='2023-01-01T23:40:00+00:00' AIRFLOW_CTX_TRY_NUMBER='1' AIRFLOW_CTX_DAG_RUN_ID='scheduled__2023-01-01T23:40:00+00:00'
[2024-06-29T22:04:53.828+0000] {taskinstance.py:430} INFO - ::endgroup::
[2024-06-29T22:04:53.886+0000] {logging_mixin.py:188} INFO - Error in generate_and_insert_data: Command '['python3', '/opt/airflow/generator/ecomm_generator.py']' returned non-zero exit status 1.
[2024-06-29T22:04:53.886+0000] {logging_mixin.py:188} INFO - stdout: 
[2024-06-29T22:04:53.886+0000] {logging_mixin.py:188} INFO - stderr: Traceback (most recent call last):
  File "/opt/airflow/generator/ecomm_generator.py", line 4, in <module>
    from faker import Faker
ModuleNotFoundError: No module named 'faker'
[2024-06-29T22:04:53.886+0000] {python.py:237} INFO - Done. Returned value was: None
[2024-06-29T22:04:53.887+0000] {taskinstance.py:441} INFO - ::group::Post task execution logs
[2024-06-29T22:04:53.891+0000] {taskinstance.py:1206} INFO - Marking task as SUCCESS. dag_id=ecomm_data_pipeline, task_id=generate_and_insert_data, run_id=scheduled__2023-01-01T23:40:00+00:00, execution_date=20230101T234000, start_date=20240629T220453, end_date=20240629T220453
[2024-06-29T22:04:53.915+0000] {local_task_job_runner.py:240} INFO - Task exited with return code 0
[2024-06-29T22:04:53.922+0000] {taskinstance.py:3503} INFO - 0 downstream tasks scheduled from follow-on schedule check
[2024-06-29T22:04:53.922+0000] {local_task_job_runner.py:222} INFO - ::endgroup::
