[2024-06-27T22:36:06.391+0000] {local_task_job_runner.py:120} INFO - ::group::Pre task execution logs
[2024-06-27T22:36:06.401+0000] {taskinstance.py:2076} INFO - Dependencies all met for dep_context=non-requeueable deps ti=<TaskInstance: ecomm_data_pipeline.generate_and_insert_data scheduled__2023-01-01T15:30:00+00:00 [queued]>
[2024-06-27T22:36:06.403+0000] {taskinstance.py:2076} INFO - Dependencies all met for dep_context=requeueable deps ti=<TaskInstance: ecomm_data_pipeline.generate_and_insert_data scheduled__2023-01-01T15:30:00+00:00 [queued]>
[2024-06-27T22:36:06.404+0000] {taskinstance.py:2306} INFO - Starting attempt 1 of 2
[2024-06-27T22:36:06.408+0000] {taskinstance.py:2330} INFO - Executing <Task(PythonOperator): generate_and_insert_data> on 2023-01-01 15:30:00+00:00
[2024-06-27T22:36:06.409+0000] {standard_task_runner.py:63} INFO - Started process 1626 to run task
[2024-06-27T22:36:06.410+0000] {standard_task_runner.py:90} INFO - Running: ['airflow', 'tasks', 'run', 'ecomm_data_pipeline', 'generate_and_insert_data', 'scheduled__2023-01-01T15:30:00+00:00', '--job-id', '112', '--raw', '--subdir', 'DAGS_FOLDER/ecomm_dag.py', '--cfg-path', '/tmp/tmphsgoex7l']
[2024-06-27T22:36:06.411+0000] {standard_task_runner.py:91} INFO - Job 112: Subtask generate_and_insert_data
[2024-06-27T22:36:06.427+0000] {task_command.py:426} INFO - Running <TaskInstance: ecomm_data_pipeline.generate_and_insert_data scheduled__2023-01-01T15:30:00+00:00 [running]> on host 9174587f6b1d
[2024-06-27T22:36:06.455+0000] {taskinstance.py:2648} INFO - Exporting env vars: AIRFLOW_CTX_DAG_OWNER='airflow' AIRFLOW_CTX_DAG_ID='ecomm_data_pipeline' AIRFLOW_CTX_TASK_ID='generate_and_insert_data' AIRFLOW_CTX_EXECUTION_DATE='2023-01-01T15:30:00+00:00' AIRFLOW_CTX_TRY_NUMBER='1' AIRFLOW_CTX_DAG_RUN_ID='scheduled__2023-01-01T15:30:00+00:00'
[2024-06-27T22:36:06.456+0000] {taskinstance.py:430} INFO - ::endgroup::
[2024-06-27T22:36:06.489+0000] {logging_mixin.py:188} INFO - Error in generate_and_insert_data: Command '['python3', './generator/ecomm_generator.py']' returned non-zero exit status 2.
[2024-06-27T22:36:06.489+0000] {python.py:237} INFO - Done. Returned value was: None
[2024-06-27T22:36:06.489+0000] {taskinstance.py:441} INFO - ::group::Post task execution logs
[2024-06-27T22:36:06.494+0000] {taskinstance.py:1206} INFO - Marking task as SUCCESS. dag_id=ecomm_data_pipeline, task_id=generate_and_insert_data, run_id=scheduled__2023-01-01T15:30:00+00:00, execution_date=20230101T153000, start_date=20240627T223606, end_date=20240627T223606
[2024-06-27T22:36:06.510+0000] {local_task_job_runner.py:240} INFO - Task exited with return code 0
[2024-06-27T22:36:06.516+0000] {taskinstance.py:3503} INFO - 0 downstream tasks scheduled from follow-on schedule check
[2024-06-27T22:36:06.516+0000] {local_task_job_runner.py:222} INFO - ::endgroup::
[2024-06-28T18:17:53.582+0000] {local_task_job_runner.py:120} INFO - ::group::Pre task execution logs
[2024-06-28T18:17:53.592+0000] {taskinstance.py:2076} INFO - Dependencies all met for dep_context=non-requeueable deps ti=<TaskInstance: ecomm_data_pipeline.generate_and_insert_data scheduled__2023-01-01T15:30:00+00:00 [queued]>
[2024-06-28T18:17:53.594+0000] {taskinstance.py:2076} INFO - Dependencies all met for dep_context=requeueable deps ti=<TaskInstance: ecomm_data_pipeline.generate_and_insert_data scheduled__2023-01-01T15:30:00+00:00 [queued]>
[2024-06-28T18:17:53.594+0000] {taskinstance.py:2306} INFO - Starting attempt 1 of 2
[2024-06-28T18:17:53.599+0000] {taskinstance.py:2330} INFO - Executing <Task(PythonOperator): generate_and_insert_data> on 2023-01-01 15:30:00+00:00
[2024-06-28T18:17:53.600+0000] {standard_task_runner.py:63} INFO - Started process 2644 to run task
[2024-06-28T18:17:53.601+0000] {standard_task_runner.py:90} INFO - Running: ['airflow', 'tasks', 'run', 'ecomm_data_pipeline', 'generate_and_insert_data', 'scheduled__2023-01-01T15:30:00+00:00', '--job-id', '188', '--raw', '--subdir', 'DAGS_FOLDER/ecomm_dag.py', '--cfg-path', '/tmp/tmpjlzrs4j3']
[2024-06-28T18:17:53.602+0000] {standard_task_runner.py:91} INFO - Job 188: Subtask generate_and_insert_data
[2024-06-28T18:17:53.618+0000] {task_command.py:426} INFO - Running <TaskInstance: ecomm_data_pipeline.generate_and_insert_data scheduled__2023-01-01T15:30:00+00:00 [running]> on host 08cefd381a1f
[2024-06-28T18:17:53.647+0000] {taskinstance.py:2648} INFO - Exporting env vars: AIRFLOW_CTX_DAG_OWNER='airflow' AIRFLOW_CTX_DAG_ID='ecomm_data_pipeline' AIRFLOW_CTX_TASK_ID='generate_and_insert_data' AIRFLOW_CTX_EXECUTION_DATE='2023-01-01T15:30:00+00:00' AIRFLOW_CTX_TRY_NUMBER='1' AIRFLOW_CTX_DAG_RUN_ID='scheduled__2023-01-01T15:30:00+00:00'
[2024-06-28T18:17:53.647+0000] {taskinstance.py:430} INFO - ::endgroup::
[2024-06-28T18:17:53.704+0000] {logging_mixin.py:188} INFO - Error in generate_and_insert_data: Command '['python3', '/opt/airflow/generator/ecomm_generator.py']' returned non-zero exit status 1.
[2024-06-28T18:17:53.704+0000] {logging_mixin.py:188} INFO - stdout: 
[2024-06-28T18:17:53.704+0000] {logging_mixin.py:188} INFO - stderr: Traceback (most recent call last):
  File "/opt/airflow/generator/ecomm_generator.py", line 4, in <module>
    from faker import Faker
ModuleNotFoundError: No module named 'faker'
[2024-06-28T18:17:53.704+0000] {python.py:237} INFO - Done. Returned value was: None
[2024-06-28T18:17:53.705+0000] {taskinstance.py:441} INFO - ::group::Post task execution logs
[2024-06-28T18:17:53.709+0000] {taskinstance.py:1206} INFO - Marking task as SUCCESS. dag_id=ecomm_data_pipeline, task_id=generate_and_insert_data, run_id=scheduled__2023-01-01T15:30:00+00:00, execution_date=20230101T153000, start_date=20240628T181753, end_date=20240628T181753
[2024-06-28T18:17:53.745+0000] {local_task_job_runner.py:240} INFO - Task exited with return code 0
[2024-06-28T18:17:53.752+0000] {taskinstance.py:3503} INFO - 0 downstream tasks scheduled from follow-on schedule check
[2024-06-28T18:17:53.753+0000] {local_task_job_runner.py:222} INFO - ::endgroup::
[2024-06-29T21:39:32.227+0000] {local_task_job_runner.py:120} INFO - ::group::Pre task execution logs
[2024-06-29T21:39:32.237+0000] {taskinstance.py:2076} INFO - Dependencies all met for dep_context=non-requeueable deps ti=<TaskInstance: ecomm_data_pipeline.generate_and_insert_data scheduled__2023-01-01T15:30:00+00:00 [queued]>
[2024-06-29T21:39:32.239+0000] {taskinstance.py:2076} INFO - Dependencies all met for dep_context=requeueable deps ti=<TaskInstance: ecomm_data_pipeline.generate_and_insert_data scheduled__2023-01-01T15:30:00+00:00 [queued]>
[2024-06-29T21:39:32.240+0000] {taskinstance.py:2306} INFO - Starting attempt 1 of 2
[2024-06-29T21:39:32.244+0000] {taskinstance.py:2330} INFO - Executing <Task(PythonOperator): generate_and_insert_data> on 2023-01-01 15:30:00+00:00
[2024-06-29T21:39:32.246+0000] {standard_task_runner.py:63} INFO - Started process 1388 to run task
[2024-06-29T21:39:32.247+0000] {standard_task_runner.py:90} INFO - Running: ['airflow', 'tasks', 'run', 'ecomm_data_pipeline', 'generate_and_insert_data', 'scheduled__2023-01-01T15:30:00+00:00', '--job-id', '95', '--raw', '--subdir', 'DAGS_FOLDER/ecomm_dag.py', '--cfg-path', '/tmp/tmp0kkp5qat']
[2024-06-29T21:39:32.248+0000] {standard_task_runner.py:91} INFO - Job 95: Subtask generate_and_insert_data
[2024-06-29T21:39:32.264+0000] {task_command.py:426} INFO - Running <TaskInstance: ecomm_data_pipeline.generate_and_insert_data scheduled__2023-01-01T15:30:00+00:00 [running]> on host afcb6fbf9265
[2024-06-29T21:39:32.294+0000] {taskinstance.py:2648} INFO - Exporting env vars: AIRFLOW_CTX_DAG_OWNER='airflow' AIRFLOW_CTX_DAG_ID='ecomm_data_pipeline' AIRFLOW_CTX_TASK_ID='generate_and_insert_data' AIRFLOW_CTX_EXECUTION_DATE='2023-01-01T15:30:00+00:00' AIRFLOW_CTX_TRY_NUMBER='1' AIRFLOW_CTX_DAG_RUN_ID='scheduled__2023-01-01T15:30:00+00:00'
[2024-06-29T21:39:32.294+0000] {taskinstance.py:430} INFO - ::endgroup::
[2024-06-29T21:39:32.351+0000] {logging_mixin.py:188} INFO - Error in generate_and_insert_data: Command '['python3', '/opt/airflow/generator/ecomm_generator.py']' returned non-zero exit status 1.
[2024-06-29T21:39:32.351+0000] {logging_mixin.py:188} INFO - stdout: 
[2024-06-29T21:39:32.351+0000] {logging_mixin.py:188} INFO - stderr: Traceback (most recent call last):
  File "/opt/airflow/generator/ecomm_generator.py", line 4, in <module>
    from faker import Faker
ModuleNotFoundError: No module named 'faker'
[2024-06-29T21:39:32.351+0000] {python.py:237} INFO - Done. Returned value was: None
[2024-06-29T21:39:32.352+0000] {taskinstance.py:441} INFO - ::group::Post task execution logs
[2024-06-29T21:39:32.356+0000] {taskinstance.py:1206} INFO - Marking task as SUCCESS. dag_id=ecomm_data_pipeline, task_id=generate_and_insert_data, run_id=scheduled__2023-01-01T15:30:00+00:00, execution_date=20230101T153000, start_date=20240629T213932, end_date=20240629T213932
[2024-06-29T21:39:32.393+0000] {local_task_job_runner.py:240} INFO - Task exited with return code 0
[2024-06-29T21:39:32.400+0000] {taskinstance.py:3503} INFO - 0 downstream tasks scheduled from follow-on schedule check
[2024-06-29T21:39:32.400+0000] {local_task_job_runner.py:222} INFO - ::endgroup::
[2024-06-29T22:03:20.677+0000] {local_task_job_runner.py:120} INFO - ::group::Pre task execution logs
[2024-06-29T22:03:20.688+0000] {taskinstance.py:2076} INFO - Dependencies all met for dep_context=non-requeueable deps ti=<TaskInstance: ecomm_data_pipeline.generate_and_insert_data scheduled__2023-01-01T15:30:00+00:00 [queued]>
[2024-06-29T22:03:20.690+0000] {taskinstance.py:2076} INFO - Dependencies all met for dep_context=requeueable deps ti=<TaskInstance: ecomm_data_pipeline.generate_and_insert_data scheduled__2023-01-01T15:30:00+00:00 [queued]>
[2024-06-29T22:03:20.691+0000] {taskinstance.py:2306} INFO - Starting attempt 1 of 2
[2024-06-29T22:03:20.696+0000] {taskinstance.py:2330} INFO - Executing <Task(PythonOperator): generate_and_insert_data> on 2023-01-01 15:30:00+00:00
[2024-06-29T22:03:20.698+0000] {standard_task_runner.py:63} INFO - Started process 1388 to run task
[2024-06-29T22:03:20.699+0000] {standard_task_runner.py:90} INFO - Running: ['airflow', 'tasks', 'run', 'ecomm_data_pipeline', 'generate_and_insert_data', 'scheduled__2023-01-01T15:30:00+00:00', '--job-id', '95', '--raw', '--subdir', 'DAGS_FOLDER/ecomm_dag.py', '--cfg-path', '/tmp/tmp7zhd7f2t']
[2024-06-29T22:03:20.700+0000] {standard_task_runner.py:91} INFO - Job 95: Subtask generate_and_insert_data
[2024-06-29T22:03:20.719+0000] {task_command.py:426} INFO - Running <TaskInstance: ecomm_data_pipeline.generate_and_insert_data scheduled__2023-01-01T15:30:00+00:00 [running]> on host 799998b0d26e
[2024-06-29T22:03:20.753+0000] {taskinstance.py:2648} INFO - Exporting env vars: AIRFLOW_CTX_DAG_OWNER='airflow' AIRFLOW_CTX_DAG_ID='ecomm_data_pipeline' AIRFLOW_CTX_TASK_ID='generate_and_insert_data' AIRFLOW_CTX_EXECUTION_DATE='2023-01-01T15:30:00+00:00' AIRFLOW_CTX_TRY_NUMBER='1' AIRFLOW_CTX_DAG_RUN_ID='scheduled__2023-01-01T15:30:00+00:00'
[2024-06-29T22:03:20.753+0000] {taskinstance.py:430} INFO - ::endgroup::
[2024-06-29T22:03:20.811+0000] {logging_mixin.py:188} INFO - Error in generate_and_insert_data: Command '['python3', '/opt/airflow/generator/ecomm_generator.py']' returned non-zero exit status 1.
[2024-06-29T22:03:20.811+0000] {logging_mixin.py:188} INFO - stdout: 
[2024-06-29T22:03:20.811+0000] {logging_mixin.py:188} INFO - stderr: Traceback (most recent call last):
  File "/opt/airflow/generator/ecomm_generator.py", line 4, in <module>
    from faker import Faker
ModuleNotFoundError: No module named 'faker'
[2024-06-29T22:03:20.811+0000] {python.py:237} INFO - Done. Returned value was: None
[2024-06-29T22:03:20.812+0000] {taskinstance.py:441} INFO - ::group::Post task execution logs
[2024-06-29T22:03:20.816+0000] {taskinstance.py:1206} INFO - Marking task as SUCCESS. dag_id=ecomm_data_pipeline, task_id=generate_and_insert_data, run_id=scheduled__2023-01-01T15:30:00+00:00, execution_date=20230101T153000, start_date=20240629T220320, end_date=20240629T220320
[2024-06-29T22:03:20.848+0000] {local_task_job_runner.py:240} INFO - Task exited with return code 0
[2024-06-29T22:03:20.855+0000] {taskinstance.py:3503} INFO - 0 downstream tasks scheduled from follow-on schedule check
[2024-06-29T22:03:20.855+0000] {local_task_job_runner.py:222} INFO - ::endgroup::
