[2024-06-27T22:36:44.051+0000] {local_task_job_runner.py:120} INFO - ::group::Pre task execution logs
[2024-06-27T22:36:44.063+0000] {taskinstance.py:2076} INFO - Dependencies all met for dep_context=non-requeueable deps ti=<TaskInstance: ecomm_data_pipeline.generate_and_insert_data scheduled__2023-01-01T18:50:00+00:00 [queued]>
[2024-06-27T22:36:44.066+0000] {taskinstance.py:2076} INFO - Dependencies all met for dep_context=requeueable deps ti=<TaskInstance: ecomm_data_pipeline.generate_and_insert_data scheduled__2023-01-01T18:50:00+00:00 [queued]>
[2024-06-27T22:36:44.066+0000] {taskinstance.py:2306} INFO - Starting attempt 1 of 2
[2024-06-27T22:36:44.071+0000] {taskinstance.py:2330} INFO - Executing <Task(PythonOperator): generate_and_insert_data> on 2023-01-01 18:50:00+00:00
[2024-06-27T22:36:44.073+0000] {standard_task_runner.py:63} INFO - Started process 1916 to run task
[2024-06-27T22:36:44.074+0000] {standard_task_runner.py:90} INFO - Running: ['airflow', 'tasks', 'run', 'ecomm_data_pipeline', 'generate_and_insert_data', 'scheduled__2023-01-01T18:50:00+00:00', '--job-id', '132', '--raw', '--subdir', 'DAGS_FOLDER/ecomm_dag.py', '--cfg-path', '/tmp/tmp8dcjhvmy']
[2024-06-27T22:36:44.075+0000] {standard_task_runner.py:91} INFO - Job 132: Subtask generate_and_insert_data
[2024-06-27T22:36:44.094+0000] {task_command.py:426} INFO - Running <TaskInstance: ecomm_data_pipeline.generate_and_insert_data scheduled__2023-01-01T18:50:00+00:00 [running]> on host 9174587f6b1d
[2024-06-27T22:36:44.126+0000] {taskinstance.py:2648} INFO - Exporting env vars: AIRFLOW_CTX_DAG_OWNER='airflow' AIRFLOW_CTX_DAG_ID='ecomm_data_pipeline' AIRFLOW_CTX_TASK_ID='generate_and_insert_data' AIRFLOW_CTX_EXECUTION_DATE='2023-01-01T18:50:00+00:00' AIRFLOW_CTX_TRY_NUMBER='1' AIRFLOW_CTX_DAG_RUN_ID='scheduled__2023-01-01T18:50:00+00:00'
[2024-06-27T22:36:44.126+0000] {taskinstance.py:430} INFO - ::endgroup::
[2024-06-27T22:36:44.161+0000] {logging_mixin.py:188} INFO - Error in generate_and_insert_data: Command '['python3', './generator/ecomm_generator.py']' returned non-zero exit status 2.
[2024-06-27T22:36:44.161+0000] {python.py:237} INFO - Done. Returned value was: None
[2024-06-27T22:36:44.161+0000] {taskinstance.py:441} INFO - ::group::Post task execution logs
[2024-06-27T22:36:44.166+0000] {taskinstance.py:1206} INFO - Marking task as SUCCESS. dag_id=ecomm_data_pipeline, task_id=generate_and_insert_data, run_id=scheduled__2023-01-01T18:50:00+00:00, execution_date=20230101T185000, start_date=20240627T223644, end_date=20240627T223644
[2024-06-27T22:36:44.178+0000] {local_task_job_runner.py:240} INFO - Task exited with return code 0
[2024-06-27T22:36:44.185+0000] {taskinstance.py:3503} INFO - 0 downstream tasks scheduled from follow-on schedule check
[2024-06-27T22:36:44.186+0000] {local_task_job_runner.py:222} INFO - ::endgroup::
[2024-06-29T21:40:10.612+0000] {local_task_job_runner.py:120} INFO - ::group::Pre task execution logs
[2024-06-29T21:40:10.622+0000] {taskinstance.py:2076} INFO - Dependencies all met for dep_context=non-requeueable deps ti=<TaskInstance: ecomm_data_pipeline.generate_and_insert_data scheduled__2023-01-01T18:50:00+00:00 [queued]>
[2024-06-29T21:40:10.624+0000] {taskinstance.py:2076} INFO - Dependencies all met for dep_context=requeueable deps ti=<TaskInstance: ecomm_data_pipeline.generate_and_insert_data scheduled__2023-01-01T18:50:00+00:00 [queued]>
[2024-06-29T21:40:10.625+0000] {taskinstance.py:2306} INFO - Starting attempt 1 of 2
[2024-06-29T21:40:10.629+0000] {taskinstance.py:2330} INFO - Executing <Task(PythonOperator): generate_and_insert_data> on 2023-01-01 18:50:00+00:00
[2024-06-29T21:40:10.631+0000] {standard_task_runner.py:63} INFO - Started process 1686 to run task
[2024-06-29T21:40:10.632+0000] {standard_task_runner.py:90} INFO - Running: ['airflow', 'tasks', 'run', 'ecomm_data_pipeline', 'generate_and_insert_data', 'scheduled__2023-01-01T18:50:00+00:00', '--job-id', '115', '--raw', '--subdir', 'DAGS_FOLDER/ecomm_dag.py', '--cfg-path', '/tmp/tmp6719_0or']
[2024-06-29T21:40:10.633+0000] {standard_task_runner.py:91} INFO - Job 115: Subtask generate_and_insert_data
[2024-06-29T21:40:10.650+0000] {task_command.py:426} INFO - Running <TaskInstance: ecomm_data_pipeline.generate_and_insert_data scheduled__2023-01-01T18:50:00+00:00 [running]> on host afcb6fbf9265
[2024-06-29T21:40:10.679+0000] {taskinstance.py:2648} INFO - Exporting env vars: AIRFLOW_CTX_DAG_OWNER='airflow' AIRFLOW_CTX_DAG_ID='ecomm_data_pipeline' AIRFLOW_CTX_TASK_ID='generate_and_insert_data' AIRFLOW_CTX_EXECUTION_DATE='2023-01-01T18:50:00+00:00' AIRFLOW_CTX_TRY_NUMBER='1' AIRFLOW_CTX_DAG_RUN_ID='scheduled__2023-01-01T18:50:00+00:00'
[2024-06-29T21:40:10.679+0000] {taskinstance.py:430} INFO - ::endgroup::
[2024-06-29T21:40:10.735+0000] {logging_mixin.py:188} INFO - Error in generate_and_insert_data: Command '['python3', '/opt/airflow/generator/ecomm_generator.py']' returned non-zero exit status 1.
[2024-06-29T21:40:10.735+0000] {logging_mixin.py:188} INFO - stdout: 
[2024-06-29T21:40:10.735+0000] {logging_mixin.py:188} INFO - stderr: Traceback (most recent call last):
  File "/opt/airflow/generator/ecomm_generator.py", line 4, in <module>
    from faker import Faker
ModuleNotFoundError: No module named 'faker'
[2024-06-29T21:40:10.736+0000] {python.py:237} INFO - Done. Returned value was: None
[2024-06-29T21:40:10.736+0000] {taskinstance.py:441} INFO - ::group::Post task execution logs
[2024-06-29T21:40:10.741+0000] {taskinstance.py:1206} INFO - Marking task as SUCCESS. dag_id=ecomm_data_pipeline, task_id=generate_and_insert_data, run_id=scheduled__2023-01-01T18:50:00+00:00, execution_date=20230101T185000, start_date=20240629T214010, end_date=20240629T214010
[2024-06-29T21:40:10.776+0000] {local_task_job_runner.py:240} INFO - Task exited with return code 0
[2024-06-29T21:40:10.783+0000] {taskinstance.py:3503} INFO - 0 downstream tasks scheduled from follow-on schedule check
[2024-06-29T21:40:10.784+0000] {local_task_job_runner.py:222} INFO - ::endgroup::
[2024-06-29T22:03:58.982+0000] {local_task_job_runner.py:120} INFO - ::group::Pre task execution logs
[2024-06-29T22:03:58.992+0000] {taskinstance.py:2076} INFO - Dependencies all met for dep_context=non-requeueable deps ti=<TaskInstance: ecomm_data_pipeline.generate_and_insert_data scheduled__2023-01-01T18:50:00+00:00 [queued]>
[2024-06-29T22:03:58.995+0000] {taskinstance.py:2076} INFO - Dependencies all met for dep_context=requeueable deps ti=<TaskInstance: ecomm_data_pipeline.generate_and_insert_data scheduled__2023-01-01T18:50:00+00:00 [queued]>
[2024-06-29T22:03:58.995+0000] {taskinstance.py:2306} INFO - Starting attempt 1 of 2
[2024-06-29T22:03:58.999+0000] {taskinstance.py:2330} INFO - Executing <Task(PythonOperator): generate_and_insert_data> on 2023-01-01 18:50:00+00:00
[2024-06-29T22:03:59.001+0000] {standard_task_runner.py:63} INFO - Started process 1686 to run task
[2024-06-29T22:03:59.002+0000] {standard_task_runner.py:90} INFO - Running: ['airflow', 'tasks', 'run', 'ecomm_data_pipeline', 'generate_and_insert_data', 'scheduled__2023-01-01T18:50:00+00:00', '--job-id', '115', '--raw', '--subdir', 'DAGS_FOLDER/ecomm_dag.py', '--cfg-path', '/tmp/tmpy7p5ml1m']
[2024-06-29T22:03:59.003+0000] {standard_task_runner.py:91} INFO - Job 115: Subtask generate_and_insert_data
[2024-06-29T22:03:59.020+0000] {task_command.py:426} INFO - Running <TaskInstance: ecomm_data_pipeline.generate_and_insert_data scheduled__2023-01-01T18:50:00+00:00 [running]> on host 799998b0d26e
[2024-06-29T22:03:59.050+0000] {taskinstance.py:2648} INFO - Exporting env vars: AIRFLOW_CTX_DAG_OWNER='airflow' AIRFLOW_CTX_DAG_ID='ecomm_data_pipeline' AIRFLOW_CTX_TASK_ID='generate_and_insert_data' AIRFLOW_CTX_EXECUTION_DATE='2023-01-01T18:50:00+00:00' AIRFLOW_CTX_TRY_NUMBER='1' AIRFLOW_CTX_DAG_RUN_ID='scheduled__2023-01-01T18:50:00+00:00'
[2024-06-29T22:03:59.050+0000] {taskinstance.py:430} INFO - ::endgroup::
[2024-06-29T22:03:59.107+0000] {logging_mixin.py:188} INFO - Error in generate_and_insert_data: Command '['python3', '/opt/airflow/generator/ecomm_generator.py']' returned non-zero exit status 1.
[2024-06-29T22:03:59.107+0000] {logging_mixin.py:188} INFO - stdout: 
[2024-06-29T22:03:59.108+0000] {logging_mixin.py:188} INFO - stderr: Traceback (most recent call last):
  File "/opt/airflow/generator/ecomm_generator.py", line 4, in <module>
    from faker import Faker
ModuleNotFoundError: No module named 'faker'
[2024-06-29T22:03:59.108+0000] {python.py:237} INFO - Done. Returned value was: None
[2024-06-29T22:03:59.108+0000] {taskinstance.py:441} INFO - ::group::Post task execution logs
[2024-06-29T22:03:59.113+0000] {taskinstance.py:1206} INFO - Marking task as SUCCESS. dag_id=ecomm_data_pipeline, task_id=generate_and_insert_data, run_id=scheduled__2023-01-01T18:50:00+00:00, execution_date=20230101T185000, start_date=20240629T220358, end_date=20240629T220359
[2024-06-29T22:03:59.155+0000] {local_task_job_runner.py:240} INFO - Task exited with return code 0
[2024-06-29T22:03:59.162+0000] {taskinstance.py:3503} INFO - 0 downstream tasks scheduled from follow-on schedule check
[2024-06-29T22:03:59.163+0000] {local_task_job_runner.py:222} INFO - ::endgroup::
