[2024-07-15T23:31:38.026+0000] {taskinstance.py:1037} DEBUG - previous_execution_date was called
[2024-07-15T23:31:38.039+0000] {__init__.py:51} DEBUG - Loading core task runner: StandardTaskRunner
[2024-07-15T23:31:38.046+0000] {taskinstance.py:1037} DEBUG - previous_execution_date was called
[2024-07-15T23:31:38.049+0000] {base_task_runner.py:68} DEBUG - Planning to run as the  user
[2024-07-15T23:31:38.050+0000] {taskinstance.py:789} DEBUG - Refreshing TaskInstance <TaskInstance: run_dbt_init_tasks.model.matt_demo.dim_date manual__2024-07-15T23:31:28.683097+00:00 [queued]> from DB
[2024-07-15T23:31:38.060+0000] {taskinstance.py:1112} DEBUG - <TaskInstance: run_dbt_init_tasks.model.matt_demo.dim_date manual__2024-07-15T23:31:28.683097+00:00 [queued]> dependency 'Not In Retry Period' PASSED: True, The task instance was not marked for retrying.
[2024-07-15T23:31:38.064+0000] {taskinstance.py:1112} DEBUG - <TaskInstance: run_dbt_init_tasks.model.matt_demo.dim_date manual__2024-07-15T23:31:28.683097+00:00 [queued]> dependency 'Task Instance State' PASSED: True, Task state queued was valid.
[2024-07-15T23:31:38.065+0000] {taskinstance.py:1112} DEBUG - <TaskInstance: run_dbt_init_tasks.model.matt_demo.dim_date manual__2024-07-15T23:31:28.683097+00:00 [queued]> dependency 'Previous Dagrun State' PASSED: True, The task did not have depends_on_past set.
[2024-07-15T23:31:38.065+0000] {taskinstance.py:1112} DEBUG - <TaskInstance: run_dbt_init_tasks.model.matt_demo.dim_date manual__2024-07-15T23:31:28.683097+00:00 [queued]> dependency 'Task Instance Not Running' PASSED: True, Task is not in running state.
[2024-07-15T23:31:38.065+0000] {taskinstance.py:1103} INFO - Dependencies all met for dep_context=non-requeueable deps ti=<TaskInstance: run_dbt_init_tasks.model.matt_demo.dim_date manual__2024-07-15T23:31:28.683097+00:00 [queued]>
[2024-07-15T23:31:38.065+0000] {taskinstance.py:1112} DEBUG - <TaskInstance: run_dbt_init_tasks.model.matt_demo.dim_date manual__2024-07-15T23:31:28.683097+00:00 [queued]> dependency 'Not In Retry Period' PASSED: True, The task instance was not marked for retrying.
[2024-07-15T23:31:38.073+0000] {taskinstance.py:1112} DEBUG - <TaskInstance: run_dbt_init_tasks.model.matt_demo.dim_date manual__2024-07-15T23:31:28.683097+00:00 [queued]> dependency 'Pool Slots Available' PASSED: True, There are enough open slots in default_pool to execute the task
[2024-07-15T23:31:38.075+0000] {taskinstance.py:1112} DEBUG - <TaskInstance: run_dbt_init_tasks.model.matt_demo.dim_date manual__2024-07-15T23:31:28.683097+00:00 [queued]> dependency 'Previous Dagrun State' PASSED: True, The task did not have depends_on_past set.
[2024-07-15T23:31:38.075+0000] {taskinstance.py:1112} DEBUG - <TaskInstance: run_dbt_init_tasks.model.matt_demo.dim_date manual__2024-07-15T23:31:28.683097+00:00 [queued]> dependency 'Task Concurrency' PASSED: True, Task concurrency is not set.
[2024-07-15T23:31:38.075+0000] {taskinstance.py:1103} INFO - Dependencies all met for dep_context=requeueable deps ti=<TaskInstance: run_dbt_init_tasks.model.matt_demo.dim_date manual__2024-07-15T23:31:28.683097+00:00 [queued]>
[2024-07-15T23:31:38.075+0000] {taskinstance.py:1308} INFO - Starting attempt 1 of 1
[2024-07-15T23:31:38.084+0000] {taskinstance.py:1327} INFO - Executing <Task(BashOperator): model.matt_demo.dim_date> on 2024-07-15 23:31:28.683097+00:00
[2024-07-15T23:31:38.086+0000] {standard_task_runner.py:57} INFO - Started process 181 to run task
[2024-07-15T23:31:38.088+0000] {standard_task_runner.py:84} INFO - Running: ['airflow', 'tasks', 'run', 'run_dbt_init_tasks', 'model.matt_demo.dim_date', 'manual__2024-07-15T23:31:28.683097+00:00', '--job-id', '84', '--raw', '--subdir', 'DAGS_FOLDER/run_dbt_init_tasks.py', '--cfg-path', '/tmp/tmpbh5rkm5z']
[2024-07-15T23:31:38.089+0000] {standard_task_runner.py:85} INFO - Job 84: Subtask model.matt_demo.dim_date
[2024-07-15T23:31:38.090+0000] {cli_action_loggers.py:65} DEBUG - Calling callbacks: [<function default_action_log at 0xffff7ee0a550>]
[2024-07-15T23:31:38.120+0000] {taskinstance.py:1037} DEBUG - previous_execution_date was called
[2024-07-15T23:31:38.126+0000] {task_command.py:410} INFO - Running <TaskInstance: run_dbt_init_tasks.model.matt_demo.dim_date manual__2024-07-15T23:31:28.683097+00:00 [running]> on host f934d9af8cb8
[2024-07-15T23:31:38.126+0000] {settings.py:353} DEBUG - Disposing DB connection pool (PID 181)
[2024-07-15T23:31:38.126+0000] {settings.py:212} DEBUG - Setting up DB connection pool (PID 181)
[2024-07-15T23:31:38.127+0000] {settings.py:285} DEBUG - settings.prepare_engine_args(): Using NullPool
[2024-07-15T23:31:38.127+0000] {taskinstance.py:789} DEBUG - Refreshing TaskInstance <TaskInstance: run_dbt_init_tasks.model.matt_demo.dim_date manual__2024-07-15T23:31:28.683097+00:00 [running]> from DB
[2024-07-15T23:31:38.148+0000] {taskinstance.py:1037} DEBUG - previous_execution_date was called
[2024-07-15T23:31:38.152+0000] {taskinstance.py:868} DEBUG - Clearing XCom data
[2024-07-15T23:31:38.173+0000] {retries.py:80} DEBUG - Running RenderedTaskInstanceFields._do_delete_old_records with retries. Try 1 of 3
[2024-07-15T23:31:38.180+0000] {taskinstance.py:1545} INFO - Exporting env vars: AIRFLOW_CTX_DAG_OWNER='airflow' AIRFLOW_CTX_DAG_ID='run_dbt_init_tasks' AIRFLOW_CTX_TASK_ID='model.matt_demo.dim_date' AIRFLOW_CTX_EXECUTION_DATE='2024-07-15T23:31:28.683097+00:00' AIRFLOW_CTX_TRY_NUMBER='1' AIRFLOW_CTX_DAG_RUN_ID='manual__2024-07-15T23:31:28.683097+00:00'
[2024-07-15T23:31:38.180+0000] {__init__.py:117} DEBUG - Preparing lineage inlets and outlets
[2024-07-15T23:31:38.181+0000] {__init__.py:155} DEBUG - inlets: [], outlets: []
[2024-07-15T23:31:38.181+0000] {bash.py:186} DEBUG - Exporting env vars: AIRFLOW_CTX_DAG_OWNER='airflow' AIRFLOW_CTX_DAG_ID='run_dbt_init_tasks' AIRFLOW_CTX_TASK_ID='model.matt_demo.dim_date' AIRFLOW_CTX_EXECUTION_DATE='2024-07-15T23:31:28.683097+00:00' AIRFLOW_CTX_TRY_NUMBER='1' AIRFLOW_CTX_DAG_RUN_ID='manual__2024-07-15T23:31:28.683097+00:00'
[2024-07-15T23:31:38.181+0000] {subprocess.py:63} INFO - Tmp dir root location: 
 /tmp
[2024-07-15T23:31:38.182+0000] {subprocess.py:75} INFO - Running command: ['/bin/bash', '-c', '\n            export DBT_SCHEMA=dim &&\n            cd /opt/airflow/dbt &&\n            /home/airflow/.local/bin/dbt --no-write-json run --target dev --models dim_date\n            ']
[2024-07-15T23:31:38.186+0000] {subprocess.py:86} INFO - Output:
[2024-07-15T23:31:39.196+0000] {subprocess.py:93} INFO - [0m23:31:39  Running with dbt=1.8.3
[2024-07-15T23:31:39.298+0000] {subprocess.py:93} INFO - [0m23:31:39  Registered adapter: ***=1.8.2
[2024-07-15T23:31:39.383+0000] {subprocess.py:93} INFO - [0m23:31:39  Unable to do partial parsing because config vars, config profile, or config target have changed
[2024-07-15T23:31:39.384+0000] {subprocess.py:93} INFO - [0m23:31:39  Unable to do partial parsing because profile has changed
[2024-07-15T23:31:40.190+0000] {subprocess.py:93} INFO - [0m23:31:40  Found 6 models, 4 sources, 652 macros
[2024-07-15T23:31:40.191+0000] {subprocess.py:93} INFO - [0m23:31:40
[2024-07-15T23:31:40.242+0000] {subprocess.py:93} INFO - [0m23:31:40  Concurrency: 4 threads (target='dev')
[2024-07-15T23:31:40.242+0000] {subprocess.py:93} INFO - [0m23:31:40
[2024-07-15T23:31:40.247+0000] {subprocess.py:93} INFO - [0m23:31:40  1 of 1 START sql table model dim.dim_date ...................................... [RUN]
[2024-07-15T23:31:40.465+0000] {subprocess.py:93} INFO - [0m23:31:40  1 of 1 OK created sql table model dim.dim_date ................................. [[32mSELECT 29220[0m in 0.22s]
[2024-07-15T23:31:40.471+0000] {subprocess.py:93} INFO - [0m23:31:40
[2024-07-15T23:31:40.471+0000] {subprocess.py:93} INFO - [0m23:31:40  Finished running 1 table model in 0 hours 0 minutes and 0.28 seconds (0.28s).
[2024-07-15T23:31:40.472+0000] {subprocess.py:93} INFO - [0m23:31:40
[2024-07-15T23:31:40.472+0000] {subprocess.py:93} INFO - [0m23:31:40  [32mCompleted successfully[0m
[2024-07-15T23:31:40.473+0000] {subprocess.py:93} INFO - [0m23:31:40
[2024-07-15T23:31:40.473+0000] {subprocess.py:93} INFO - [0m23:31:40  Done. PASS=1 WARN=0 ERROR=0 SKIP=0 TOTAL=1
[2024-07-15T23:31:40.945+0000] {subprocess.py:97} INFO - Command exited with return code 0
[2024-07-15T23:31:40.957+0000] {__init__.py:75} DEBUG - Lineage called with inlets: [], outlets: []
[2024-07-15T23:31:40.958+0000] {taskinstance.py:789} DEBUG - Refreshing TaskInstance <TaskInstance: run_dbt_init_tasks.model.matt_demo.dim_date manual__2024-07-15T23:31:28.683097+00:00 [running]> from DB
[2024-07-15T23:31:40.963+0000] {taskinstance.py:1356} DEBUG - Clearing next_method and next_kwargs.
[2024-07-15T23:31:40.963+0000] {taskinstance.py:1345} INFO - Marking task as SUCCESS. dag_id=run_dbt_init_tasks, task_id=model.matt_demo.dim_date, execution_date=20240715T233128, start_date=20240715T233138, end_date=20240715T233140
[2024-07-15T23:31:40.963+0000] {taskinstance.py:2305} DEBUG - Task Duration set to 2.897629
[2024-07-15T23:31:40.968+0000] {cli_action_loggers.py:83} DEBUG - Calling callbacks: []
[2024-07-15T23:31:41.015+0000] {local_task_job_runner.py:225} INFO - Task exited with return code 0
[2024-07-15T23:31:41.026+0000] {dagrun.py:697} DEBUG - number of tis tasks for <DagRun run_dbt_init_tasks @ 2024-07-15 23:31:28.683097+00:00: manual__2024-07-15T23:31:28.683097+00:00, state:running, queued_at: 2024-07-15 23:31:28.690136+00:00. externally triggered: True>: 4 task(s)
[2024-07-15T23:31:41.026+0000] {dagrun.py:718} DEBUG - number of scheduleable tasks for <DagRun run_dbt_init_tasks @ 2024-07-15 23:31:28.683097+00:00: manual__2024-07-15T23:31:28.683097+00:00, state:running, queued_at: 2024-07-15 23:31:28.690136+00:00. externally triggered: True>: 2 task(s)
[2024-07-15T23:31:41.026+0000] {taskinstance.py:1112} DEBUG - <TaskInstance: run_dbt_init_tasks.test.matt_demo.dim_date manual__2024-07-15T23:31:28.683097+00:00 [None]> dependency 'Not In Retry Period' PASSED: True, The task instance was not marked for retrying.
[2024-07-15T23:31:41.026+0000] {taskinstance.py:1112} DEBUG - <TaskInstance: run_dbt_init_tasks.test.matt_demo.dim_date manual__2024-07-15T23:31:28.683097+00:00 [None]> dependency 'Previous Dagrun State' PASSED: True, The task did not have depends_on_past set.
[2024-07-15T23:31:41.026+0000] {taskinstance.py:1103} DEBUG - Dependencies all met for dep_context=None ti=<TaskInstance: run_dbt_init_tasks.test.matt_demo.dim_date manual__2024-07-15T23:31:28.683097+00:00 [None]>
[2024-07-15T23:31:41.027+0000] {taskinstance.py:1112} DEBUG - <TaskInstance: run_dbt_init_tasks.generate_dbt_docs manual__2024-07-15T23:31:28.683097+00:00 [None]> dependency 'Not In Retry Period' PASSED: True, The task instance was not marked for retrying.
[2024-07-15T23:31:41.027+0000] {taskinstance.py:1112} DEBUG - <TaskInstance: run_dbt_init_tasks.generate_dbt_docs manual__2024-07-15T23:31:28.683097+00:00 [None]> dependency 'Trigger Rule' PASSED: False, Task's trigger rule 'all_success' requires all upstream tasks to have succeeded, but found 1 non-success(es). upstream_states=_UpstreamTIStates(success=1, skipped=0, failed=0, upstream_failed=0, removed=0, done=1), upstream_task_ids={'test.matt_demo.dim_date', 'model.matt_demo.dim_date'}
[2024-07-15T23:31:41.027+0000] {taskinstance.py:1093} DEBUG - Dependencies not met for <TaskInstance: run_dbt_init_tasks.generate_dbt_docs manual__2024-07-15T23:31:28.683097+00:00 [None]>, dependency 'Trigger Rule' FAILED: Task's trigger rule 'all_success' requires all upstream tasks to have succeeded, but found 1 non-success(es). upstream_states=_UpstreamTIStates(success=1, skipped=0, failed=0, upstream_failed=0, removed=0, done=1), upstream_task_ids={'test.matt_demo.dim_date', 'model.matt_demo.dim_date'}
[2024-07-15T23:31:41.027+0000] {taskinstance.py:1112} DEBUG - <TaskInstance: run_dbt_init_tasks.generate_dbt_docs manual__2024-07-15T23:31:28.683097+00:00 [None]> dependency 'Previous Dagrun State' PASSED: True, The task did not have depends_on_past set.
[2024-07-15T23:31:41.031+0000] {taskinstance.py:2651} INFO - 1 downstream tasks scheduled from follow-on schedule check
