[2024-06-27T22:36:13.868+0000] {local_task_job_runner.py:120} INFO - ::group::Pre task execution logs
[2024-06-27T22:36:13.878+0000] {taskinstance.py:2076} INFO - Dependencies all met for dep_context=non-requeueable deps ti=<TaskInstance: ecomm_data_pipeline.generate_and_insert_data scheduled__2023-01-01T16:10:00+00:00 [queued]>
[2024-06-27T22:36:13.880+0000] {taskinstance.py:2076} INFO - Dependencies all met for dep_context=requeueable deps ti=<TaskInstance: ecomm_data_pipeline.generate_and_insert_data scheduled__2023-01-01T16:10:00+00:00 [queued]>
[2024-06-27T22:36:13.881+0000] {taskinstance.py:2306} INFO - Starting attempt 1 of 2
[2024-06-27T22:36:13.885+0000] {taskinstance.py:2330} INFO - Executing <Task(PythonOperator): generate_and_insert_data> on 2023-01-01 16:10:00+00:00
[2024-06-27T22:36:13.887+0000] {standard_task_runner.py:63} INFO - Started process 1682 to run task
[2024-06-27T22:36:13.888+0000] {standard_task_runner.py:90} INFO - Running: ['airflow', 'tasks', 'run', 'ecomm_data_pipeline', 'generate_and_insert_data', 'scheduled__2023-01-01T16:10:00+00:00', '--job-id', '116', '--raw', '--subdir', 'DAGS_FOLDER/ecomm_dag.py', '--cfg-path', '/tmp/tmpo82zz1ce']
[2024-06-27T22:36:13.889+0000] {standard_task_runner.py:91} INFO - Job 116: Subtask generate_and_insert_data
[2024-06-27T22:36:13.906+0000] {task_command.py:426} INFO - Running <TaskInstance: ecomm_data_pipeline.generate_and_insert_data scheduled__2023-01-01T16:10:00+00:00 [running]> on host 9174587f6b1d
[2024-06-27T22:36:13.934+0000] {taskinstance.py:2648} INFO - Exporting env vars: AIRFLOW_CTX_DAG_OWNER='airflow' AIRFLOW_CTX_DAG_ID='ecomm_data_pipeline' AIRFLOW_CTX_TASK_ID='generate_and_insert_data' AIRFLOW_CTX_EXECUTION_DATE='2023-01-01T16:10:00+00:00' AIRFLOW_CTX_TRY_NUMBER='1' AIRFLOW_CTX_DAG_RUN_ID='scheduled__2023-01-01T16:10:00+00:00'
[2024-06-27T22:36:13.935+0000] {taskinstance.py:430} INFO - ::endgroup::
[2024-06-27T22:36:13.967+0000] {logging_mixin.py:188} INFO - Error in generate_and_insert_data: Command '['python3', './generator/ecomm_generator.py']' returned non-zero exit status 2.
[2024-06-27T22:36:13.967+0000] {python.py:237} INFO - Done. Returned value was: None
[2024-06-27T22:36:13.967+0000] {taskinstance.py:441} INFO - ::group::Post task execution logs
[2024-06-27T22:36:13.972+0000] {taskinstance.py:1206} INFO - Marking task as SUCCESS. dag_id=ecomm_data_pipeline, task_id=generate_and_insert_data, run_id=scheduled__2023-01-01T16:10:00+00:00, execution_date=20230101T161000, start_date=20240627T223613, end_date=20240627T223613
[2024-06-27T22:36:13.986+0000] {local_task_job_runner.py:240} INFO - Task exited with return code 0
[2024-06-27T22:36:13.992+0000] {taskinstance.py:3503} INFO - 0 downstream tasks scheduled from follow-on schedule check
[2024-06-27T22:36:13.993+0000] {local_task_job_runner.py:222} INFO - ::endgroup::
[2024-06-28T18:18:06.074+0000] {local_task_job_runner.py:120} INFO - ::group::Pre task execution logs
[2024-06-28T18:18:06.086+0000] {taskinstance.py:2076} INFO - Dependencies all met for dep_context=non-requeueable deps ti=<TaskInstance: ecomm_data_pipeline.generate_and_insert_data scheduled__2023-01-01T16:10:00+00:00 [queued]>
[2024-06-28T18:18:06.089+0000] {taskinstance.py:2076} INFO - Dependencies all met for dep_context=requeueable deps ti=<TaskInstance: ecomm_data_pipeline.generate_and_insert_data scheduled__2023-01-01T16:10:00+00:00 [queued]>
[2024-06-28T18:18:06.089+0000] {taskinstance.py:2306} INFO - Starting attempt 1 of 2
[2024-06-28T18:18:06.094+0000] {taskinstance.py:2330} INFO - Executing <Task(PythonOperator): generate_and_insert_data> on 2023-01-01 16:10:00+00:00
[2024-06-28T18:18:06.096+0000] {standard_task_runner.py:63} INFO - Started process 2762 to run task
[2024-06-28T18:18:06.097+0000] {standard_task_runner.py:90} INFO - Running: ['airflow', 'tasks', 'run', 'ecomm_data_pipeline', 'generate_and_insert_data', 'scheduled__2023-01-01T16:10:00+00:00', '--job-id', '196', '--raw', '--subdir', 'DAGS_FOLDER/ecomm_dag.py', '--cfg-path', '/tmp/tmpqq9n4ekf']
[2024-06-28T18:18:06.098+0000] {standard_task_runner.py:91} INFO - Job 196: Subtask generate_and_insert_data
[2024-06-28T18:18:06.118+0000] {task_command.py:426} INFO - Running <TaskInstance: ecomm_data_pipeline.generate_and_insert_data scheduled__2023-01-01T16:10:00+00:00 [running]> on host 08cefd381a1f
[2024-06-28T18:18:06.152+0000] {taskinstance.py:2648} INFO - Exporting env vars: AIRFLOW_CTX_DAG_OWNER='airflow' AIRFLOW_CTX_DAG_ID='ecomm_data_pipeline' AIRFLOW_CTX_TASK_ID='generate_and_insert_data' AIRFLOW_CTX_EXECUTION_DATE='2023-01-01T16:10:00+00:00' AIRFLOW_CTX_TRY_NUMBER='1' AIRFLOW_CTX_DAG_RUN_ID='scheduled__2023-01-01T16:10:00+00:00'
[2024-06-28T18:18:06.152+0000] {taskinstance.py:430} INFO - ::endgroup::
[2024-06-28T18:18:06.212+0000] {logging_mixin.py:188} INFO - Error in generate_and_insert_data: Command '['python3', '/opt/airflow/generator/ecomm_generator.py']' returned non-zero exit status 1.
[2024-06-28T18:18:06.212+0000] {logging_mixin.py:188} INFO - stdout: 
[2024-06-28T18:18:06.212+0000] {logging_mixin.py:188} INFO - stderr: Traceback (most recent call last):
  File "/opt/airflow/generator/ecomm_generator.py", line 4, in <module>
    from faker import Faker
ModuleNotFoundError: No module named 'faker'
[2024-06-28T18:18:06.213+0000] {python.py:237} INFO - Done. Returned value was: None
[2024-06-28T18:18:06.213+0000] {taskinstance.py:441} INFO - ::group::Post task execution logs
[2024-06-28T18:18:06.218+0000] {taskinstance.py:1206} INFO - Marking task as SUCCESS. dag_id=ecomm_data_pipeline, task_id=generate_and_insert_data, run_id=scheduled__2023-01-01T16:10:00+00:00, execution_date=20230101T161000, start_date=20240628T181806, end_date=20240628T181806
[2024-06-28T18:18:06.238+0000] {local_task_job_runner.py:240} INFO - Task exited with return code 0
[2024-06-28T18:18:06.245+0000] {taskinstance.py:3503} INFO - 0 downstream tasks scheduled from follow-on schedule check
[2024-06-28T18:18:06.246+0000] {local_task_job_runner.py:222} INFO - ::endgroup::
[2024-06-29T21:39:40.219+0000] {local_task_job_runner.py:120} INFO - ::group::Pre task execution logs
[2024-06-29T21:39:40.229+0000] {taskinstance.py:2076} INFO - Dependencies all met for dep_context=non-requeueable deps ti=<TaskInstance: ecomm_data_pipeline.generate_and_insert_data scheduled__2023-01-01T16:10:00+00:00 [queued]>
[2024-06-29T21:39:40.232+0000] {taskinstance.py:2076} INFO - Dependencies all met for dep_context=requeueable deps ti=<TaskInstance: ecomm_data_pipeline.generate_and_insert_data scheduled__2023-01-01T16:10:00+00:00 [queued]>
[2024-06-29T21:39:40.232+0000] {taskinstance.py:2306} INFO - Starting attempt 1 of 2
[2024-06-29T21:39:40.237+0000] {taskinstance.py:2330} INFO - Executing <Task(PythonOperator): generate_and_insert_data> on 2023-01-01 16:10:00+00:00
[2024-06-29T21:39:40.238+0000] {standard_task_runner.py:63} INFO - Started process 1453 to run task
[2024-06-29T21:39:40.239+0000] {standard_task_runner.py:90} INFO - Running: ['airflow', 'tasks', 'run', 'ecomm_data_pipeline', 'generate_and_insert_data', 'scheduled__2023-01-01T16:10:00+00:00', '--job-id', '99', '--raw', '--subdir', 'DAGS_FOLDER/ecomm_dag.py', '--cfg-path', '/tmp/tmpa0am5cvo']
[2024-06-29T21:39:40.240+0000] {standard_task_runner.py:91} INFO - Job 99: Subtask generate_and_insert_data
[2024-06-29T21:39:40.257+0000] {task_command.py:426} INFO - Running <TaskInstance: ecomm_data_pipeline.generate_and_insert_data scheduled__2023-01-01T16:10:00+00:00 [running]> on host afcb6fbf9265
[2024-06-29T21:39:40.286+0000] {taskinstance.py:2648} INFO - Exporting env vars: AIRFLOW_CTX_DAG_OWNER='airflow' AIRFLOW_CTX_DAG_ID='ecomm_data_pipeline' AIRFLOW_CTX_TASK_ID='generate_and_insert_data' AIRFLOW_CTX_EXECUTION_DATE='2023-01-01T16:10:00+00:00' AIRFLOW_CTX_TRY_NUMBER='1' AIRFLOW_CTX_DAG_RUN_ID='scheduled__2023-01-01T16:10:00+00:00'
[2024-06-29T21:39:40.286+0000] {taskinstance.py:430} INFO - ::endgroup::
[2024-06-29T21:39:40.342+0000] {logging_mixin.py:188} INFO - Error in generate_and_insert_data: Command '['python3', '/opt/airflow/generator/ecomm_generator.py']' returned non-zero exit status 1.
[2024-06-29T21:39:40.342+0000] {logging_mixin.py:188} INFO - stdout: 
[2024-06-29T21:39:40.343+0000] {logging_mixin.py:188} INFO - stderr: Traceback (most recent call last):
  File "/opt/airflow/generator/ecomm_generator.py", line 4, in <module>
    from faker import Faker
ModuleNotFoundError: No module named 'faker'
[2024-06-29T21:39:40.343+0000] {python.py:237} INFO - Done. Returned value was: None
[2024-06-29T21:39:40.343+0000] {taskinstance.py:441} INFO - ::group::Post task execution logs
[2024-06-29T21:39:40.348+0000] {taskinstance.py:1206} INFO - Marking task as SUCCESS. dag_id=ecomm_data_pipeline, task_id=generate_and_insert_data, run_id=scheduled__2023-01-01T16:10:00+00:00, execution_date=20230101T161000, start_date=20240629T213940, end_date=20240629T213940
[2024-06-29T21:39:40.382+0000] {local_task_job_runner.py:240} INFO - Task exited with return code 0
[2024-06-29T21:39:40.389+0000] {taskinstance.py:3503} INFO - 0 downstream tasks scheduled from follow-on schedule check
[2024-06-29T21:39:40.390+0000] {local_task_job_runner.py:222} INFO - ::endgroup::
[2024-06-29T22:03:28.262+0000] {local_task_job_runner.py:120} INFO - ::group::Pre task execution logs
[2024-06-29T22:03:28.272+0000] {taskinstance.py:2076} INFO - Dependencies all met for dep_context=non-requeueable deps ti=<TaskInstance: ecomm_data_pipeline.generate_and_insert_data scheduled__2023-01-01T16:10:00+00:00 [queued]>
[2024-06-29T22:03:28.275+0000] {taskinstance.py:2076} INFO - Dependencies all met for dep_context=requeueable deps ti=<TaskInstance: ecomm_data_pipeline.generate_and_insert_data scheduled__2023-01-01T16:10:00+00:00 [queued]>
[2024-06-29T22:03:28.275+0000] {taskinstance.py:2306} INFO - Starting attempt 1 of 2
[2024-06-29T22:03:28.279+0000] {taskinstance.py:2330} INFO - Executing <Task(PythonOperator): generate_and_insert_data> on 2023-01-01 16:10:00+00:00
[2024-06-29T22:03:28.281+0000] {standard_task_runner.py:63} INFO - Started process 1453 to run task
[2024-06-29T22:03:28.282+0000] {standard_task_runner.py:90} INFO - Running: ['airflow', 'tasks', 'run', 'ecomm_data_pipeline', 'generate_and_insert_data', 'scheduled__2023-01-01T16:10:00+00:00', '--job-id', '99', '--raw', '--subdir', 'DAGS_FOLDER/ecomm_dag.py', '--cfg-path', '/tmp/tmp73bjdxm1']
[2024-06-29T22:03:28.283+0000] {standard_task_runner.py:91} INFO - Job 99: Subtask generate_and_insert_data
[2024-06-29T22:03:28.300+0000] {task_command.py:426} INFO - Running <TaskInstance: ecomm_data_pipeline.generate_and_insert_data scheduled__2023-01-01T16:10:00+00:00 [running]> on host 799998b0d26e
[2024-06-29T22:03:28.329+0000] {taskinstance.py:2648} INFO - Exporting env vars: AIRFLOW_CTX_DAG_OWNER='airflow' AIRFLOW_CTX_DAG_ID='ecomm_data_pipeline' AIRFLOW_CTX_TASK_ID='generate_and_insert_data' AIRFLOW_CTX_EXECUTION_DATE='2023-01-01T16:10:00+00:00' AIRFLOW_CTX_TRY_NUMBER='1' AIRFLOW_CTX_DAG_RUN_ID='scheduled__2023-01-01T16:10:00+00:00'
[2024-06-29T22:03:28.329+0000] {taskinstance.py:430} INFO - ::endgroup::
[2024-06-29T22:03:28.386+0000] {logging_mixin.py:188} INFO - Error in generate_and_insert_data: Command '['python3', '/opt/airflow/generator/ecomm_generator.py']' returned non-zero exit status 1.
[2024-06-29T22:03:28.386+0000] {logging_mixin.py:188} INFO - stdout: 
[2024-06-29T22:03:28.386+0000] {logging_mixin.py:188} INFO - stderr: Traceback (most recent call last):
  File "/opt/airflow/generator/ecomm_generator.py", line 4, in <module>
    from faker import Faker
ModuleNotFoundError: No module named 'faker'
[2024-06-29T22:03:28.386+0000] {python.py:237} INFO - Done. Returned value was: None
[2024-06-29T22:03:28.386+0000] {taskinstance.py:441} INFO - ::group::Post task execution logs
[2024-06-29T22:03:28.391+0000] {taskinstance.py:1206} INFO - Marking task as SUCCESS. dag_id=ecomm_data_pipeline, task_id=generate_and_insert_data, run_id=scheduled__2023-01-01T16:10:00+00:00, execution_date=20230101T161000, start_date=20240629T220328, end_date=20240629T220328
[2024-06-29T22:03:28.427+0000] {local_task_job_runner.py:240} INFO - Task exited with return code 0
[2024-06-29T22:03:28.433+0000] {taskinstance.py:3503} INFO - 0 downstream tasks scheduled from follow-on schedule check
[2024-06-29T22:03:28.434+0000] {local_task_job_runner.py:222} INFO - ::endgroup::
