[2024-07-06T18:10:36.670+0000] {taskinstance.py:1103} INFO - Dependencies all met for dep_context=non-requeueable deps ti=<TaskInstance: import_main_data.wait_for_init scheduled__2024-07-05T13:00:00+00:00 [queued]>
[2024-07-06T18:10:36.673+0000] {taskinstance.py:1103} INFO - Dependencies all met for dep_context=requeueable deps ti=<TaskInstance: import_main_data.wait_for_init scheduled__2024-07-05T13:00:00+00:00 [queued]>
[2024-07-06T18:10:36.673+0000] {taskinstance.py:1308} INFO - Starting attempt 1 of 2
[2024-07-06T18:10:36.677+0000] {taskinstance.py:1327} INFO - Executing <Task(ExternalTaskSensor): wait_for_init> on 2024-07-05 13:00:00+00:00
[2024-07-06T18:10:36.679+0000] {standard_task_runner.py:57} INFO - Started process 650 to run task
[2024-07-06T18:10:36.680+0000] {standard_task_runner.py:84} INFO - Running: ['airflow', 'tasks', 'run', 'import_main_data', 'wait_for_init', 'scheduled__2024-07-05T13:00:00+00:00', '--job-id', '815', '--raw', '--subdir', 'DAGS_FOLDER/import_raw_data.py', '--cfg-path', '/tmp/tmp3jei3u2_']
[2024-07-06T18:10:36.681+0000] {standard_task_runner.py:85} INFO - Job 815: Subtask wait_for_init
[2024-07-06T18:10:36.700+0000] {task_command.py:410} INFO - Running <TaskInstance: import_main_data.wait_for_init scheduled__2024-07-05T13:00:00+00:00 [running]> on host f6bf59d3e65b
[2024-07-06T18:10:36.736+0000] {taskinstance.py:1545} INFO - Exporting env vars: AIRFLOW_CTX_DAG_EMAIL='airflow@example.com' AIRFLOW_CTX_DAG_OWNER='airflow' AIRFLOW_CTX_DAG_ID='import_main_data' AIRFLOW_CTX_TASK_ID='wait_for_init' AIRFLOW_CTX_EXECUTION_DATE='2024-07-05T13:00:00+00:00' AIRFLOW_CTX_TRY_NUMBER='1' AIRFLOW_CTX_DAG_RUN_ID='scheduled__2024-07-05T13:00:00+00:00'
[2024-07-06T18:10:36.740+0000] {external_task.py:247} INFO - Poking for DAG 'initialize_etl_environment' on 2024-07-05T13:00:00+00:00 ... 
[2024-07-06T18:10:36.763+0000] {taskinstance.py:1784} INFO - Rescheduling task, marking task as UP_FOR_RESCHEDULE
[2024-07-06T18:10:36.779+0000] {local_task_job_runner.py:225} INFO - Task exited with return code 0
[2024-07-06T18:10:36.803+0000] {taskinstance.py:2651} INFO - 0 downstream tasks scheduled from follow-on schedule check
[2024-07-06T18:11:38.294+0000] {taskinstance.py:1103} INFO - Dependencies all met for dep_context=non-requeueable deps ti=<TaskInstance: import_main_data.wait_for_init scheduled__2024-07-05T13:00:00+00:00 [queued]>
[2024-07-06T18:11:38.297+0000] {taskinstance.py:1103} INFO - Dependencies all met for dep_context=requeueable deps ti=<TaskInstance: import_main_data.wait_for_init scheduled__2024-07-05T13:00:00+00:00 [queued]>
[2024-07-06T18:11:38.302+0000] {taskinstance.py:1308} INFO - Starting attempt 1 of 2
[2024-07-06T18:11:38.311+0000] {taskinstance.py:1327} INFO - Executing <Task(ExternalTaskSensor): wait_for_init> on 2024-07-05 13:00:00+00:00
[2024-07-06T18:11:38.312+0000] {standard_task_runner.py:57} INFO - Started process 714 to run task
[2024-07-06T18:11:38.314+0000] {standard_task_runner.py:84} INFO - Running: ['airflow', 'tasks', 'run', 'import_main_data', 'wait_for_init', 'scheduled__2024-07-05T13:00:00+00:00', '--job-id', '831', '--raw', '--subdir', 'DAGS_FOLDER/import_raw_data.py', '--cfg-path', '/tmp/tmpl5m7id3z']
[2024-07-06T18:11:38.319+0000] {standard_task_runner.py:85} INFO - Job 831: Subtask wait_for_init
[2024-07-06T18:11:38.340+0000] {task_command.py:410} INFO - Running <TaskInstance: import_main_data.wait_for_init scheduled__2024-07-05T13:00:00+00:00 [running]> on host f6bf59d3e65b
[2024-07-06T18:11:38.371+0000] {taskinstance.py:1545} INFO - Exporting env vars: AIRFLOW_CTX_DAG_EMAIL='airflow@example.com' AIRFLOW_CTX_DAG_OWNER='airflow' AIRFLOW_CTX_DAG_ID='import_main_data' AIRFLOW_CTX_TASK_ID='wait_for_init' AIRFLOW_CTX_EXECUTION_DATE='2024-07-05T13:00:00+00:00' AIRFLOW_CTX_TRY_NUMBER='1' AIRFLOW_CTX_DAG_RUN_ID='scheduled__2024-07-05T13:00:00+00:00'
[2024-07-06T18:11:38.376+0000] {external_task.py:247} INFO - Poking for DAG 'initialize_etl_environment' on 2024-07-05T13:00:00+00:00 ... 
[2024-07-06T18:11:38.387+0000] {taskinstance.py:1784} INFO - Rescheduling task, marking task as UP_FOR_RESCHEDULE
[2024-07-06T18:11:38.417+0000] {local_task_job_runner.py:225} INFO - Task exited with return code 0
[2024-07-06T18:11:38.429+0000] {taskinstance.py:2651} INFO - 0 downstream tasks scheduled from follow-on schedule check
[2024-07-06T18:12:40.476+0000] {taskinstance.py:1103} INFO - Dependencies all met for dep_context=non-requeueable deps ti=<TaskInstance: import_main_data.wait_for_init scheduled__2024-07-05T13:00:00+00:00 [queued]>
[2024-07-06T18:12:40.479+0000] {taskinstance.py:1103} INFO - Dependencies all met for dep_context=requeueable deps ti=<TaskInstance: import_main_data.wait_for_init scheduled__2024-07-05T13:00:00+00:00 [queued]>
[2024-07-06T18:12:40.479+0000] {taskinstance.py:1308} INFO - Starting attempt 1 of 2
[2024-07-06T18:12:40.483+0000] {taskinstance.py:1327} INFO - Executing <Task(ExternalTaskSensor): wait_for_init> on 2024-07-05 13:00:00+00:00
[2024-07-06T18:12:40.484+0000] {standard_task_runner.py:57} INFO - Started process 778 to run task
[2024-07-06T18:12:40.485+0000] {standard_task_runner.py:84} INFO - Running: ['airflow', 'tasks', 'run', 'import_main_data', 'wait_for_init', 'scheduled__2024-07-05T13:00:00+00:00', '--job-id', '847', '--raw', '--subdir', 'DAGS_FOLDER/import_raw_data.py', '--cfg-path', '/tmp/tmpf3j2dc95']
[2024-07-06T18:12:40.486+0000] {standard_task_runner.py:85} INFO - Job 847: Subtask wait_for_init
[2024-07-06T18:12:40.505+0000] {task_command.py:410} INFO - Running <TaskInstance: import_main_data.wait_for_init scheduled__2024-07-05T13:00:00+00:00 [running]> on host f6bf59d3e65b
[2024-07-06T18:12:40.536+0000] {taskinstance.py:1545} INFO - Exporting env vars: AIRFLOW_CTX_DAG_EMAIL='airflow@example.com' AIRFLOW_CTX_DAG_OWNER='airflow' AIRFLOW_CTX_DAG_ID='import_main_data' AIRFLOW_CTX_TASK_ID='wait_for_init' AIRFLOW_CTX_EXECUTION_DATE='2024-07-05T13:00:00+00:00' AIRFLOW_CTX_TRY_NUMBER='1' AIRFLOW_CTX_DAG_RUN_ID='scheduled__2024-07-05T13:00:00+00:00'
[2024-07-06T18:12:40.541+0000] {external_task.py:247} INFO - Poking for DAG 'initialize_etl_environment' on 2024-07-05T13:00:00+00:00 ... 
[2024-07-06T18:12:40.551+0000] {taskinstance.py:1784} INFO - Rescheduling task, marking task as UP_FOR_RESCHEDULE
[2024-07-06T18:12:40.591+0000] {local_task_job_runner.py:225} INFO - Task exited with return code 0
[2024-07-06T18:12:40.602+0000] {taskinstance.py:2651} INFO - 0 downstream tasks scheduled from follow-on schedule check
[2024-07-06T18:13:41.722+0000] {taskinstance.py:1103} INFO - Dependencies all met for dep_context=non-requeueable deps ti=<TaskInstance: import_main_data.wait_for_init scheduled__2024-07-05T13:00:00+00:00 [queued]>
[2024-07-06T18:13:41.725+0000] {taskinstance.py:1103} INFO - Dependencies all met for dep_context=requeueable deps ti=<TaskInstance: import_main_data.wait_for_init scheduled__2024-07-05T13:00:00+00:00 [queued]>
[2024-07-06T18:13:41.725+0000] {taskinstance.py:1308} INFO - Starting attempt 1 of 2
[2024-07-06T18:13:41.729+0000] {taskinstance.py:1327} INFO - Executing <Task(ExternalTaskSensor): wait_for_init> on 2024-07-05 13:00:00+00:00
[2024-07-06T18:13:41.730+0000] {standard_task_runner.py:57} INFO - Started process 842 to run task
[2024-07-06T18:13:41.732+0000] {standard_task_runner.py:84} INFO - Running: ['airflow', 'tasks', 'run', 'import_main_data', 'wait_for_init', 'scheduled__2024-07-05T13:00:00+00:00', '--job-id', '863', '--raw', '--subdir', 'DAGS_FOLDER/import_raw_data.py', '--cfg-path', '/tmp/tmplpo7vdq1']
[2024-07-06T18:13:41.732+0000] {standard_task_runner.py:85} INFO - Job 863: Subtask wait_for_init
[2024-07-06T18:13:41.752+0000] {task_command.py:410} INFO - Running <TaskInstance: import_main_data.wait_for_init scheduled__2024-07-05T13:00:00+00:00 [running]> on host f6bf59d3e65b
[2024-07-06T18:13:41.783+0000] {taskinstance.py:1545} INFO - Exporting env vars: AIRFLOW_CTX_DAG_EMAIL='airflow@example.com' AIRFLOW_CTX_DAG_OWNER='airflow' AIRFLOW_CTX_DAG_ID='import_main_data' AIRFLOW_CTX_TASK_ID='wait_for_init' AIRFLOW_CTX_EXECUTION_DATE='2024-07-05T13:00:00+00:00' AIRFLOW_CTX_TRY_NUMBER='1' AIRFLOW_CTX_DAG_RUN_ID='scheduled__2024-07-05T13:00:00+00:00'
[2024-07-06T18:13:41.787+0000] {external_task.py:247} INFO - Poking for DAG 'initialize_etl_environment' on 2024-07-05T13:00:00+00:00 ... 
[2024-07-06T18:13:41.798+0000] {taskinstance.py:1784} INFO - Rescheduling task, marking task as UP_FOR_RESCHEDULE
[2024-07-06T18:13:41.832+0000] {local_task_job_runner.py:225} INFO - Task exited with return code 0
[2024-07-06T18:13:41.845+0000] {taskinstance.py:2651} INFO - 0 downstream tasks scheduled from follow-on schedule check
