[2024-07-03T00:27:11.174+0000] {taskinstance.py:1103} INFO - Dependencies all met for dep_context=non-requeueable deps ti=<TaskInstance: ecomm_data_pipeline.insert_google_search scheduled__2024-07-02T22:10:00+00:00 [queued]>
[2024-07-03T00:27:11.178+0000] {taskinstance.py:1103} INFO - Dependencies all met for dep_context=requeueable deps ti=<TaskInstance: ecomm_data_pipeline.insert_google_search scheduled__2024-07-02T22:10:00+00:00 [queued]>
[2024-07-03T00:27:11.178+0000] {taskinstance.py:1308} INFO - Starting attempt 1 of 2
[2024-07-03T00:27:11.183+0000] {taskinstance.py:1327} INFO - Executing <Task(PythonOperator): insert_google_search> on 2024-07-02 22:10:00+00:00
[2024-07-03T00:27:11.184+0000] {standard_task_runner.py:57} INFO - Started process 255 to run task
[2024-07-03T00:27:11.186+0000] {standard_task_runner.py:84} INFO - Running: ['airflow', 'tasks', 'run', 'ecomm_data_pipeline', 'insert_google_search', 'scheduled__2024-07-02T22:10:00+00:00', '--job-id', '311', '--raw', '--subdir', 'DAGS_FOLDER/ecomm_dag.py', '--cfg-path', '/tmp/tmplha1hi1o']
[2024-07-03T00:27:11.187+0000] {standard_task_runner.py:85} INFO - Job 311: Subtask insert_google_search
[2024-07-03T00:27:11.206+0000] {task_command.py:410} INFO - Running <TaskInstance: ecomm_data_pipeline.insert_google_search scheduled__2024-07-02T22:10:00+00:00 [running]> on host e25ac14d8d5f
[2024-07-03T00:27:11.241+0000] {taskinstance.py:1545} INFO - Exporting env vars: AIRFLOW_CTX_DAG_OWNER='airflow' AIRFLOW_CTX_DAG_ID='ecomm_data_pipeline' AIRFLOW_CTX_TASK_ID='insert_google_search' AIRFLOW_CTX_EXECUTION_DATE='2024-07-02T22:10:00+00:00' AIRFLOW_CTX_TRY_NUMBER='1' AIRFLOW_CTX_DAG_RUN_ID='scheduled__2024-07-02T22:10:00+00:00'
[2024-07-03T00:27:11.242+0000] {logging_mixin.py:149} INFO - Inserting data into google_search from /opt/airflow/generator/fake_google_search_data.json...
[2024-07-03T00:27:11.244+0000] {logging_mixin.py:149} INFO - Error inserting data into google_search: tuple index out of range
[2024-07-03T00:27:11.245+0000] {python.py:183} INFO - Done. Returned value was: None
[2024-07-03T00:27:11.248+0000] {taskinstance.py:1345} INFO - Marking task as SUCCESS. dag_id=ecomm_data_pipeline, task_id=insert_google_search, execution_date=20240702T221000, start_date=20240703T002711, end_date=20240703T002711
[2024-07-03T00:27:11.290+0000] {local_task_job_runner.py:225} INFO - Task exited with return code 0
[2024-07-03T00:27:11.299+0000] {taskinstance.py:2651} INFO - 0 downstream tasks scheduled from follow-on schedule check
[2024-07-03T00:48:31.897+0000] {taskinstance.py:1103} INFO - Dependencies all met for dep_context=non-requeueable deps ti=<TaskInstance: ecomm_data_pipeline.insert_google_search scheduled__2024-07-02T22:10:00+00:00 [queued]>
[2024-07-03T00:48:31.900+0000] {taskinstance.py:1103} INFO - Dependencies all met for dep_context=requeueable deps ti=<TaskInstance: ecomm_data_pipeline.insert_google_search scheduled__2024-07-02T22:10:00+00:00 [queued]>
[2024-07-03T00:48:31.900+0000] {taskinstance.py:1308} INFO - Starting attempt 1 of 2
[2024-07-03T00:48:31.904+0000] {taskinstance.py:1327} INFO - Executing <Task(PythonOperator): insert_google_search> on 2024-07-02 22:10:00+00:00
[2024-07-03T00:48:31.905+0000] {standard_task_runner.py:57} INFO - Started process 68 to run task
[2024-07-03T00:48:31.907+0000] {standard_task_runner.py:84} INFO - Running: ['airflow', 'tasks', 'run', 'ecomm_data_pipeline', 'insert_google_search', 'scheduled__2024-07-02T22:10:00+00:00', '--job-id', '333', '--raw', '--subdir', 'DAGS_FOLDER/ecomm_dag.py', '--cfg-path', '/tmp/tmp3sc1qcna']
[2024-07-03T00:48:31.907+0000] {standard_task_runner.py:85} INFO - Job 333: Subtask insert_google_search
[2024-07-03T00:48:31.926+0000] {task_command.py:410} INFO - Running <TaskInstance: ecomm_data_pipeline.insert_google_search scheduled__2024-07-02T22:10:00+00:00 [running]> on host 9ea872201ce6
[2024-07-03T00:48:31.960+0000] {taskinstance.py:1545} INFO - Exporting env vars: AIRFLOW_CTX_DAG_OWNER='airflow' AIRFLOW_CTX_DAG_ID='ecomm_data_pipeline' AIRFLOW_CTX_TASK_ID='insert_google_search' AIRFLOW_CTX_EXECUTION_DATE='2024-07-02T22:10:00+00:00' AIRFLOW_CTX_TRY_NUMBER='1' AIRFLOW_CTX_DAG_RUN_ID='scheduled__2024-07-02T22:10:00+00:00'
[2024-07-03T00:48:31.960+0000] {logging_mixin.py:149} INFO - Inserting data into google_search from /opt/airflow/generator/fake_google_search_data.json...
[2024-07-03T00:48:31.963+0000] {logging_mixin.py:149} INFO - Error inserting data into google_search: tuple index out of range
[2024-07-03T00:48:31.963+0000] {python.py:183} INFO - Done. Returned value was: None
[2024-07-03T00:48:31.967+0000] {taskinstance.py:1345} INFO - Marking task as SUCCESS. dag_id=ecomm_data_pipeline, task_id=insert_google_search, execution_date=20240702T221000, start_date=20240703T004831, end_date=20240703T004831
[2024-07-03T00:48:32.009+0000] {local_task_job_runner.py:225} INFO - Task exited with return code 0
[2024-07-03T00:48:32.022+0000] {taskinstance.py:2651} INFO - 0 downstream tasks scheduled from follow-on schedule check
