[2024-06-27T22:36:55.524+0000] {local_task_job_runner.py:120} INFO - ::group::Pre task execution logs
[2024-06-27T22:36:55.534+0000] {taskinstance.py:2076} INFO - Dependencies all met for dep_context=non-requeueable deps ti=<TaskInstance: ecomm_data_pipeline.generate_and_insert_data scheduled__2023-01-01T19:50:00+00:00 [queued]>
[2024-06-27T22:36:55.537+0000] {taskinstance.py:2076} INFO - Dependencies all met for dep_context=requeueable deps ti=<TaskInstance: ecomm_data_pipeline.generate_and_insert_data scheduled__2023-01-01T19:50:00+00:00 [queued]>
[2024-06-27T22:36:55.537+0000] {taskinstance.py:2306} INFO - Starting attempt 1 of 2
[2024-06-27T22:36:55.542+0000] {taskinstance.py:2330} INFO - Executing <Task(PythonOperator): generate_and_insert_data> on 2023-01-01 19:50:00+00:00
[2024-06-27T22:36:55.543+0000] {standard_task_runner.py:63} INFO - Started process 2010 to run task
[2024-06-27T22:36:55.545+0000] {standard_task_runner.py:90} INFO - Running: ['airflow', 'tasks', 'run', 'ecomm_data_pipeline', 'generate_and_insert_data', 'scheduled__2023-01-01T19:50:00+00:00', '--job-id', '138', '--raw', '--subdir', 'DAGS_FOLDER/ecomm_dag.py', '--cfg-path', '/tmp/tmp77kgrug4']
[2024-06-27T22:36:55.545+0000] {standard_task_runner.py:91} INFO - Job 138: Subtask generate_and_insert_data
[2024-06-27T22:36:55.563+0000] {task_command.py:426} INFO - Running <TaskInstance: ecomm_data_pipeline.generate_and_insert_data scheduled__2023-01-01T19:50:00+00:00 [running]> on host 9174587f6b1d
[2024-06-27T22:36:55.592+0000] {taskinstance.py:2648} INFO - Exporting env vars: AIRFLOW_CTX_DAG_OWNER='airflow' AIRFLOW_CTX_DAG_ID='ecomm_data_pipeline' AIRFLOW_CTX_TASK_ID='generate_and_insert_data' AIRFLOW_CTX_EXECUTION_DATE='2023-01-01T19:50:00+00:00' AIRFLOW_CTX_TRY_NUMBER='1' AIRFLOW_CTX_DAG_RUN_ID='scheduled__2023-01-01T19:50:00+00:00'
[2024-06-27T22:36:55.592+0000] {taskinstance.py:430} INFO - ::endgroup::
[2024-06-27T22:36:55.626+0000] {logging_mixin.py:188} INFO - Error in generate_and_insert_data: Command '['python3', './generator/ecomm_generator.py']' returned non-zero exit status 2.
[2024-06-27T22:36:55.626+0000] {python.py:237} INFO - Done. Returned value was: None
[2024-06-27T22:36:55.626+0000] {taskinstance.py:441} INFO - ::group::Post task execution logs
[2024-06-27T22:36:55.631+0000] {taskinstance.py:1206} INFO - Marking task as SUCCESS. dag_id=ecomm_data_pipeline, task_id=generate_and_insert_data, run_id=scheduled__2023-01-01T19:50:00+00:00, execution_date=20230101T195000, start_date=20240627T223655, end_date=20240627T223655
[2024-06-27T22:36:55.645+0000] {local_task_job_runner.py:240} INFO - Task exited with return code 0
[2024-06-27T22:36:55.652+0000] {taskinstance.py:3503} INFO - 0 downstream tasks scheduled from follow-on schedule check
[2024-06-27T22:36:55.653+0000] {local_task_job_runner.py:222} INFO - ::endgroup::
[2024-06-29T21:40:21.925+0000] {local_task_job_runner.py:120} INFO - ::group::Pre task execution logs
[2024-06-29T21:40:21.935+0000] {taskinstance.py:2076} INFO - Dependencies all met for dep_context=non-requeueable deps ti=<TaskInstance: ecomm_data_pipeline.generate_and_insert_data scheduled__2023-01-01T19:50:00+00:00 [queued]>
[2024-06-29T21:40:21.937+0000] {taskinstance.py:2076} INFO - Dependencies all met for dep_context=requeueable deps ti=<TaskInstance: ecomm_data_pipeline.generate_and_insert_data scheduled__2023-01-01T19:50:00+00:00 [queued]>
[2024-06-29T21:40:21.937+0000] {taskinstance.py:2306} INFO - Starting attempt 1 of 2
[2024-06-29T21:40:21.942+0000] {taskinstance.py:2330} INFO - Executing <Task(PythonOperator): generate_and_insert_data> on 2023-01-01 19:50:00+00:00
[2024-06-29T21:40:21.944+0000] {standard_task_runner.py:63} INFO - Started process 1770 to run task
[2024-06-29T21:40:21.945+0000] {standard_task_runner.py:90} INFO - Running: ['airflow', 'tasks', 'run', 'ecomm_data_pipeline', 'generate_and_insert_data', 'scheduled__2023-01-01T19:50:00+00:00', '--job-id', '121', '--raw', '--subdir', 'DAGS_FOLDER/ecomm_dag.py', '--cfg-path', '/tmp/tmpcf_wetan']
[2024-06-29T21:40:21.945+0000] {standard_task_runner.py:91} INFO - Job 121: Subtask generate_and_insert_data
[2024-06-29T21:40:21.963+0000] {task_command.py:426} INFO - Running <TaskInstance: ecomm_data_pipeline.generate_and_insert_data scheduled__2023-01-01T19:50:00+00:00 [running]> on host afcb6fbf9265
[2024-06-29T21:40:21.991+0000] {taskinstance.py:2648} INFO - Exporting env vars: AIRFLOW_CTX_DAG_OWNER='airflow' AIRFLOW_CTX_DAG_ID='ecomm_data_pipeline' AIRFLOW_CTX_TASK_ID='generate_and_insert_data' AIRFLOW_CTX_EXECUTION_DATE='2023-01-01T19:50:00+00:00' AIRFLOW_CTX_TRY_NUMBER='1' AIRFLOW_CTX_DAG_RUN_ID='scheduled__2023-01-01T19:50:00+00:00'
[2024-06-29T21:40:21.991+0000] {taskinstance.py:430} INFO - ::endgroup::
[2024-06-29T21:40:22.047+0000] {logging_mixin.py:188} INFO - Error in generate_and_insert_data: Command '['python3', '/opt/airflow/generator/ecomm_generator.py']' returned non-zero exit status 1.
[2024-06-29T21:40:22.047+0000] {logging_mixin.py:188} INFO - stdout: 
[2024-06-29T21:40:22.048+0000] {logging_mixin.py:188} INFO - stderr: Traceback (most recent call last):
  File "/opt/airflow/generator/ecomm_generator.py", line 4, in <module>
    from faker import Faker
ModuleNotFoundError: No module named 'faker'
[2024-06-29T21:40:22.048+0000] {python.py:237} INFO - Done. Returned value was: None
[2024-06-29T21:40:22.048+0000] {taskinstance.py:441} INFO - ::group::Post task execution logs
[2024-06-29T21:40:22.053+0000] {taskinstance.py:1206} INFO - Marking task as SUCCESS. dag_id=ecomm_data_pipeline, task_id=generate_and_insert_data, run_id=scheduled__2023-01-01T19:50:00+00:00, execution_date=20230101T195000, start_date=20240629T214021, end_date=20240629T214022
[2024-06-29T21:40:22.092+0000] {local_task_job_runner.py:240} INFO - Task exited with return code 0
[2024-06-29T21:40:22.099+0000] {taskinstance.py:3503} INFO - 0 downstream tasks scheduled from follow-on schedule check
[2024-06-29T21:40:22.100+0000] {local_task_job_runner.py:222} INFO - ::endgroup::
[2024-06-29T22:04:10.342+0000] {local_task_job_runner.py:120} INFO - ::group::Pre task execution logs
[2024-06-29T22:04:10.351+0000] {taskinstance.py:2076} INFO - Dependencies all met for dep_context=non-requeueable deps ti=<TaskInstance: ecomm_data_pipeline.generate_and_insert_data scheduled__2023-01-01T19:50:00+00:00 [queued]>
[2024-06-29T22:04:10.354+0000] {taskinstance.py:2076} INFO - Dependencies all met for dep_context=requeueable deps ti=<TaskInstance: ecomm_data_pipeline.generate_and_insert_data scheduled__2023-01-01T19:50:00+00:00 [queued]>
[2024-06-29T22:04:10.354+0000] {taskinstance.py:2306} INFO - Starting attempt 1 of 2
[2024-06-29T22:04:10.358+0000] {taskinstance.py:2330} INFO - Executing <Task(PythonOperator): generate_and_insert_data> on 2023-01-01 19:50:00+00:00
[2024-06-29T22:04:10.360+0000] {standard_task_runner.py:63} INFO - Started process 1770 to run task
[2024-06-29T22:04:10.361+0000] {standard_task_runner.py:90} INFO - Running: ['airflow', 'tasks', 'run', 'ecomm_data_pipeline', 'generate_and_insert_data', 'scheduled__2023-01-01T19:50:00+00:00', '--job-id', '121', '--raw', '--subdir', 'DAGS_FOLDER/ecomm_dag.py', '--cfg-path', '/tmp/tmpkdevpjqt']
[2024-06-29T22:04:10.362+0000] {standard_task_runner.py:91} INFO - Job 121: Subtask generate_and_insert_data
[2024-06-29T22:04:10.379+0000] {task_command.py:426} INFO - Running <TaskInstance: ecomm_data_pipeline.generate_and_insert_data scheduled__2023-01-01T19:50:00+00:00 [running]> on host 799998b0d26e
[2024-06-29T22:04:10.407+0000] {taskinstance.py:2648} INFO - Exporting env vars: AIRFLOW_CTX_DAG_OWNER='airflow' AIRFLOW_CTX_DAG_ID='ecomm_data_pipeline' AIRFLOW_CTX_TASK_ID='generate_and_insert_data' AIRFLOW_CTX_EXECUTION_DATE='2023-01-01T19:50:00+00:00' AIRFLOW_CTX_TRY_NUMBER='1' AIRFLOW_CTX_DAG_RUN_ID='scheduled__2023-01-01T19:50:00+00:00'
[2024-06-29T22:04:10.407+0000] {taskinstance.py:430} INFO - ::endgroup::
[2024-06-29T22:04:10.465+0000] {logging_mixin.py:188} INFO - Error in generate_and_insert_data: Command '['python3', '/opt/airflow/generator/ecomm_generator.py']' returned non-zero exit status 1.
[2024-06-29T22:04:10.465+0000] {logging_mixin.py:188} INFO - stdout: 
[2024-06-29T22:04:10.465+0000] {logging_mixin.py:188} INFO - stderr: Traceback (most recent call last):
  File "/opt/airflow/generator/ecomm_generator.py", line 4, in <module>
    from faker import Faker
ModuleNotFoundError: No module named 'faker'
[2024-06-29T22:04:10.466+0000] {python.py:237} INFO - Done. Returned value was: None
[2024-06-29T22:04:10.466+0000] {taskinstance.py:441} INFO - ::group::Post task execution logs
[2024-06-29T22:04:10.471+0000] {taskinstance.py:1206} INFO - Marking task as SUCCESS. dag_id=ecomm_data_pipeline, task_id=generate_and_insert_data, run_id=scheduled__2023-01-01T19:50:00+00:00, execution_date=20230101T195000, start_date=20240629T220410, end_date=20240629T220410
[2024-06-29T22:04:10.509+0000] {local_task_job_runner.py:240} INFO - Task exited with return code 0
[2024-06-29T22:04:10.516+0000] {taskinstance.py:3503} INFO - 0 downstream tasks scheduled from follow-on schedule check
[2024-06-29T22:04:10.516+0000] {local_task_job_runner.py:222} INFO - ::endgroup::
