[2024-06-27T22:35:37.547+0000] {local_task_job_runner.py:120} INFO - ::group::Pre task execution logs
[2024-06-27T22:35:37.557+0000] {taskinstance.py:2076} INFO - Dependencies all met for dep_context=non-requeueable deps ti=<TaskInstance: ecomm_data_pipeline.generate_and_insert_data scheduled__2023-01-01T13:00:00+00:00 [queued]>
[2024-06-27T22:35:37.560+0000] {taskinstance.py:2076} INFO - Dependencies all met for dep_context=requeueable deps ti=<TaskInstance: ecomm_data_pipeline.generate_and_insert_data scheduled__2023-01-01T13:00:00+00:00 [queued]>
[2024-06-27T22:35:37.560+0000] {taskinstance.py:2306} INFO - Starting attempt 1 of 2
[2024-06-27T22:35:37.564+0000] {taskinstance.py:2330} INFO - Executing <Task(PythonOperator): generate_and_insert_data> on 2023-01-01 13:00:00+00:00
[2024-06-27T22:35:37.565+0000] {standard_task_runner.py:63} INFO - Started process 1406 to run task
[2024-06-27T22:35:37.566+0000] {standard_task_runner.py:90} INFO - Running: ['airflow', 'tasks', 'run', 'ecomm_data_pipeline', 'generate_and_insert_data', 'scheduled__2023-01-01T13:00:00+00:00', '--job-id', '97', '--raw', '--subdir', 'DAGS_FOLDER/ecomm_dag.py', '--cfg-path', '/tmp/tmprigjv9c6']
[2024-06-27T22:35:37.567+0000] {standard_task_runner.py:91} INFO - Job 97: Subtask generate_and_insert_data
[2024-06-27T22:35:37.583+0000] {task_command.py:426} INFO - Running <TaskInstance: ecomm_data_pipeline.generate_and_insert_data scheduled__2023-01-01T13:00:00+00:00 [running]> on host 9174587f6b1d
[2024-06-27T22:35:37.611+0000] {taskinstance.py:2648} INFO - Exporting env vars: AIRFLOW_CTX_DAG_OWNER='airflow' AIRFLOW_CTX_DAG_ID='ecomm_data_pipeline' AIRFLOW_CTX_TASK_ID='generate_and_insert_data' AIRFLOW_CTX_EXECUTION_DATE='2023-01-01T13:00:00+00:00' AIRFLOW_CTX_TRY_NUMBER='1' AIRFLOW_CTX_DAG_RUN_ID='scheduled__2023-01-01T13:00:00+00:00'
[2024-06-27T22:35:37.611+0000] {taskinstance.py:430} INFO - ::endgroup::
[2024-06-27T22:35:37.643+0000] {logging_mixin.py:188} INFO - Error in generate_and_insert_data: Command '['python3', './generator/ecomm_generator.py']' returned non-zero exit status 2.
[2024-06-27T22:35:37.644+0000] {python.py:237} INFO - Done. Returned value was: None
[2024-06-27T22:35:37.644+0000] {taskinstance.py:441} INFO - ::group::Post task execution logs
[2024-06-27T22:35:37.648+0000] {taskinstance.py:1206} INFO - Marking task as SUCCESS. dag_id=ecomm_data_pipeline, task_id=generate_and_insert_data, run_id=scheduled__2023-01-01T13:00:00+00:00, execution_date=20230101T130000, start_date=20240627T223537, end_date=20240627T223537
[2024-06-27T22:35:37.669+0000] {local_task_job_runner.py:240} INFO - Task exited with return code 0
[2024-06-27T22:35:37.676+0000] {taskinstance.py:3503} INFO - 0 downstream tasks scheduled from follow-on schedule check
[2024-06-27T22:35:37.676+0000] {local_task_job_runner.py:222} INFO - ::endgroup::
[2024-06-28T18:17:06.203+0000] {local_task_job_runner.py:120} INFO - ::group::Pre task execution logs
[2024-06-28T18:17:06.214+0000] {taskinstance.py:2076} INFO - Dependencies all met for dep_context=non-requeueable deps ti=<TaskInstance: ecomm_data_pipeline.generate_and_insert_data scheduled__2023-01-01T13:00:00+00:00 [queued]>
[2024-06-28T18:17:06.217+0000] {taskinstance.py:2076} INFO - Dependencies all met for dep_context=requeueable deps ti=<TaskInstance: ecomm_data_pipeline.generate_and_insert_data scheduled__2023-01-01T13:00:00+00:00 [queued]>
[2024-06-28T18:17:06.217+0000] {taskinstance.py:2306} INFO - Starting attempt 1 of 2
[2024-06-28T18:17:06.222+0000] {taskinstance.py:2330} INFO - Executing <Task(PythonOperator): generate_and_insert_data> on 2023-01-01 13:00:00+00:00
[2024-06-28T18:17:06.224+0000] {standard_task_runner.py:63} INFO - Started process 2242 to run task
[2024-06-28T18:17:06.225+0000] {standard_task_runner.py:90} INFO - Running: ['airflow', 'tasks', 'run', 'ecomm_data_pipeline', 'generate_and_insert_data', 'scheduled__2023-01-01T13:00:00+00:00', '--job-id', '159', '--raw', '--subdir', 'DAGS_FOLDER/ecomm_dag.py', '--cfg-path', '/tmp/tmpwfpei3f0']
[2024-06-28T18:17:06.226+0000] {standard_task_runner.py:91} INFO - Job 159: Subtask generate_and_insert_data
[2024-06-28T18:17:06.243+0000] {task_command.py:426} INFO - Running <TaskInstance: ecomm_data_pipeline.generate_and_insert_data scheduled__2023-01-01T13:00:00+00:00 [running]> on host 08cefd381a1f
[2024-06-28T18:17:06.275+0000] {taskinstance.py:2648} INFO - Exporting env vars: AIRFLOW_CTX_DAG_OWNER='airflow' AIRFLOW_CTX_DAG_ID='ecomm_data_pipeline' AIRFLOW_CTX_TASK_ID='generate_and_insert_data' AIRFLOW_CTX_EXECUTION_DATE='2023-01-01T13:00:00+00:00' AIRFLOW_CTX_TRY_NUMBER='1' AIRFLOW_CTX_DAG_RUN_ID='scheduled__2023-01-01T13:00:00+00:00'
[2024-06-28T18:17:06.275+0000] {taskinstance.py:430} INFO - ::endgroup::
[2024-06-28T18:17:06.335+0000] {logging_mixin.py:188} INFO - Error in generate_and_insert_data: Command '['python3', '/opt/airflow/generator/ecomm_generator.py']' returned non-zero exit status 1.
[2024-06-28T18:17:06.335+0000] {logging_mixin.py:188} INFO - stdout: 
[2024-06-28T18:17:06.335+0000] {logging_mixin.py:188} INFO - stderr: Traceback (most recent call last):
  File "/opt/airflow/generator/ecomm_generator.py", line 4, in <module>
    from faker import Faker
ModuleNotFoundError: No module named 'faker'
[2024-06-28T18:17:06.335+0000] {python.py:237} INFO - Done. Returned value was: None
[2024-06-28T18:17:06.336+0000] {taskinstance.py:441} INFO - ::group::Post task execution logs
[2024-06-28T18:17:06.341+0000] {taskinstance.py:1206} INFO - Marking task as SUCCESS. dag_id=ecomm_data_pipeline, task_id=generate_and_insert_data, run_id=scheduled__2023-01-01T13:00:00+00:00, execution_date=20230101T130000, start_date=20240628T181706, end_date=20240628T181706
[2024-06-28T18:17:06.367+0000] {local_task_job_runner.py:240} INFO - Task exited with return code 0
[2024-06-28T18:17:06.374+0000] {taskinstance.py:3503} INFO - 0 downstream tasks scheduled from follow-on schedule check
[2024-06-28T18:17:06.375+0000] {local_task_job_runner.py:222} INFO - ::endgroup::
[2024-06-29T21:39:03.127+0000] {local_task_job_runner.py:120} INFO - ::group::Pre task execution logs
[2024-06-29T21:39:03.136+0000] {taskinstance.py:2076} INFO - Dependencies all met for dep_context=non-requeueable deps ti=<TaskInstance: ecomm_data_pipeline.generate_and_insert_data scheduled__2023-01-01T13:00:00+00:00 [queued]>
[2024-06-29T21:39:03.139+0000] {taskinstance.py:2076} INFO - Dependencies all met for dep_context=requeueable deps ti=<TaskInstance: ecomm_data_pipeline.generate_and_insert_data scheduled__2023-01-01T13:00:00+00:00 [queued]>
[2024-06-29T21:39:03.139+0000] {taskinstance.py:2306} INFO - Starting attempt 1 of 2
[2024-06-29T21:39:03.143+0000] {taskinstance.py:2330} INFO - Executing <Task(PythonOperator): generate_and_insert_data> on 2023-01-01 13:00:00+00:00
[2024-06-29T21:39:03.145+0000] {standard_task_runner.py:63} INFO - Started process 1169 to run task
[2024-06-29T21:39:03.146+0000] {standard_task_runner.py:90} INFO - Running: ['airflow', 'tasks', 'run', 'ecomm_data_pipeline', 'generate_and_insert_data', 'scheduled__2023-01-01T13:00:00+00:00', '--job-id', '80', '--raw', '--subdir', 'DAGS_FOLDER/ecomm_dag.py', '--cfg-path', '/tmp/tmpbryarbea']
[2024-06-29T21:39:03.147+0000] {standard_task_runner.py:91} INFO - Job 80: Subtask generate_and_insert_data
[2024-06-29T21:39:03.163+0000] {task_command.py:426} INFO - Running <TaskInstance: ecomm_data_pipeline.generate_and_insert_data scheduled__2023-01-01T13:00:00+00:00 [running]> on host afcb6fbf9265
[2024-06-29T21:39:03.191+0000] {taskinstance.py:2648} INFO - Exporting env vars: AIRFLOW_CTX_DAG_OWNER='airflow' AIRFLOW_CTX_DAG_ID='ecomm_data_pipeline' AIRFLOW_CTX_TASK_ID='generate_and_insert_data' AIRFLOW_CTX_EXECUTION_DATE='2023-01-01T13:00:00+00:00' AIRFLOW_CTX_TRY_NUMBER='1' AIRFLOW_CTX_DAG_RUN_ID='scheduled__2023-01-01T13:00:00+00:00'
[2024-06-29T21:39:03.191+0000] {taskinstance.py:430} INFO - ::endgroup::
[2024-06-29T21:39:03.247+0000] {logging_mixin.py:188} INFO - Error in generate_and_insert_data: Command '['python3', '/opt/airflow/generator/ecomm_generator.py']' returned non-zero exit status 1.
[2024-06-29T21:39:03.247+0000] {logging_mixin.py:188} INFO - stdout: 
[2024-06-29T21:39:03.247+0000] {logging_mixin.py:188} INFO - stderr: Traceback (most recent call last):
  File "/opt/airflow/generator/ecomm_generator.py", line 4, in <module>
    from faker import Faker
ModuleNotFoundError: No module named 'faker'
[2024-06-29T21:39:03.247+0000] {python.py:237} INFO - Done. Returned value was: None
[2024-06-29T21:39:03.248+0000] {taskinstance.py:441} INFO - ::group::Post task execution logs
[2024-06-29T21:39:03.252+0000] {taskinstance.py:1206} INFO - Marking task as SUCCESS. dag_id=ecomm_data_pipeline, task_id=generate_and_insert_data, run_id=scheduled__2023-01-01T13:00:00+00:00, execution_date=20230101T130000, start_date=20240629T213903, end_date=20240629T213903
[2024-06-29T21:39:03.294+0000] {local_task_job_runner.py:240} INFO - Task exited with return code 0
[2024-06-29T21:39:03.301+0000] {taskinstance.py:3503} INFO - 0 downstream tasks scheduled from follow-on schedule check
[2024-06-29T21:39:03.301+0000] {local_task_job_runner.py:222} INFO - ::endgroup::
[2024-06-29T22:02:52.438+0000] {local_task_job_runner.py:120} INFO - ::group::Pre task execution logs
[2024-06-29T22:02:52.447+0000] {taskinstance.py:2076} INFO - Dependencies all met for dep_context=non-requeueable deps ti=<TaskInstance: ecomm_data_pipeline.generate_and_insert_data scheduled__2023-01-01T13:00:00+00:00 [queued]>
[2024-06-29T22:02:52.450+0000] {taskinstance.py:2076} INFO - Dependencies all met for dep_context=requeueable deps ti=<TaskInstance: ecomm_data_pipeline.generate_and_insert_data scheduled__2023-01-01T13:00:00+00:00 [queued]>
[2024-06-29T22:02:52.450+0000] {taskinstance.py:2306} INFO - Starting attempt 1 of 2
[2024-06-29T22:02:52.454+0000] {taskinstance.py:2330} INFO - Executing <Task(PythonOperator): generate_and_insert_data> on 2023-01-01 13:00:00+00:00
[2024-06-29T22:02:52.456+0000] {standard_task_runner.py:63} INFO - Started process 1169 to run task
[2024-06-29T22:02:52.457+0000] {standard_task_runner.py:90} INFO - Running: ['airflow', 'tasks', 'run', 'ecomm_data_pipeline', 'generate_and_insert_data', 'scheduled__2023-01-01T13:00:00+00:00', '--job-id', '80', '--raw', '--subdir', 'DAGS_FOLDER/ecomm_dag.py', '--cfg-path', '/tmp/tmpm_uv54lo']
[2024-06-29T22:02:52.458+0000] {standard_task_runner.py:91} INFO - Job 80: Subtask generate_and_insert_data
[2024-06-29T22:02:52.475+0000] {task_command.py:426} INFO - Running <TaskInstance: ecomm_data_pipeline.generate_and_insert_data scheduled__2023-01-01T13:00:00+00:00 [running]> on host 799998b0d26e
[2024-06-29T22:02:52.503+0000] {taskinstance.py:2648} INFO - Exporting env vars: AIRFLOW_CTX_DAG_OWNER='airflow' AIRFLOW_CTX_DAG_ID='ecomm_data_pipeline' AIRFLOW_CTX_TASK_ID='generate_and_insert_data' AIRFLOW_CTX_EXECUTION_DATE='2023-01-01T13:00:00+00:00' AIRFLOW_CTX_TRY_NUMBER='1' AIRFLOW_CTX_DAG_RUN_ID='scheduled__2023-01-01T13:00:00+00:00'
[2024-06-29T22:02:52.504+0000] {taskinstance.py:430} INFO - ::endgroup::
[2024-06-29T22:02:52.560+0000] {logging_mixin.py:188} INFO - Error in generate_and_insert_data: Command '['python3', '/opt/airflow/generator/ecomm_generator.py']' returned non-zero exit status 1.
[2024-06-29T22:02:52.561+0000] {logging_mixin.py:188} INFO - stdout: 
[2024-06-29T22:02:52.561+0000] {logging_mixin.py:188} INFO - stderr: Traceback (most recent call last):
  File "/opt/airflow/generator/ecomm_generator.py", line 4, in <module>
    from faker import Faker
ModuleNotFoundError: No module named 'faker'
[2024-06-29T22:02:52.561+0000] {python.py:237} INFO - Done. Returned value was: None
[2024-06-29T22:02:52.561+0000] {taskinstance.py:441} INFO - ::group::Post task execution logs
[2024-06-29T22:02:52.566+0000] {taskinstance.py:1206} INFO - Marking task as SUCCESS. dag_id=ecomm_data_pipeline, task_id=generate_and_insert_data, run_id=scheduled__2023-01-01T13:00:00+00:00, execution_date=20230101T130000, start_date=20240629T220252, end_date=20240629T220252
[2024-06-29T22:02:52.604+0000] {local_task_job_runner.py:240} INFO - Task exited with return code 0
[2024-06-29T22:02:52.611+0000] {taskinstance.py:3503} INFO - 0 downstream tasks scheduled from follow-on schedule check
[2024-06-29T22:02:52.612+0000] {local_task_job_runner.py:222} INFO - ::endgroup::
