[2024-06-27T22:50:34.832+0000] {local_task_job_runner.py:120} INFO - ::group::Pre task execution logs
[2024-06-27T22:50:34.843+0000] {taskinstance.py:2076} INFO - Dependencies all met for dep_context=non-requeueable deps ti=<TaskInstance: ecomm_data_pipeline.generate_and_insert_data scheduled__2023-01-01T21:50:00+00:00 [queued]>
[2024-06-27T22:50:34.845+0000] {taskinstance.py:2076} INFO - Dependencies all met for dep_context=requeueable deps ti=<TaskInstance: ecomm_data_pipeline.generate_and_insert_data scheduled__2023-01-01T21:50:00+00:00 [queued]>
[2024-06-27T22:50:34.845+0000] {taskinstance.py:2306} INFO - Starting attempt 1 of 2
[2024-06-27T22:50:34.850+0000] {taskinstance.py:2330} INFO - Executing <Task(PythonOperator): generate_and_insert_data> on 2023-01-01 21:50:00+00:00
[2024-06-27T22:50:34.851+0000] {standard_task_runner.py:63} INFO - Started process 2441 to run task
[2024-06-27T22:50:34.853+0000] {standard_task_runner.py:90} INFO - Running: ['airflow', 'tasks', 'run', 'ecomm_data_pipeline', 'generate_and_insert_data', 'scheduled__2023-01-01T21:50:00+00:00', '--job-id', '150', '--raw', '--subdir', 'DAGS_FOLDER/ecomm_dag.py', '--cfg-path', '/tmp/tmpt8372w62']
[2024-06-27T22:50:34.853+0000] {standard_task_runner.py:91} INFO - Job 150: Subtask generate_and_insert_data
[2024-06-27T22:50:34.873+0000] {task_command.py:426} INFO - Running <TaskInstance: ecomm_data_pipeline.generate_and_insert_data scheduled__2023-01-01T21:50:00+00:00 [running]> on host 9174587f6b1d
[2024-06-27T22:50:34.904+0000] {taskinstance.py:2648} INFO - Exporting env vars: AIRFLOW_CTX_DAG_OWNER='airflow' AIRFLOW_CTX_DAG_ID='ecomm_data_pipeline' AIRFLOW_CTX_TASK_ID='generate_and_insert_data' AIRFLOW_CTX_EXECUTION_DATE='2023-01-01T21:50:00+00:00' AIRFLOW_CTX_TRY_NUMBER='1' AIRFLOW_CTX_DAG_RUN_ID='scheduled__2023-01-01T21:50:00+00:00'
[2024-06-27T22:50:34.904+0000] {taskinstance.py:430} INFO - ::endgroup::
[2024-06-27T22:50:34.939+0000] {logging_mixin.py:188} INFO - Error in generate_and_insert_data: Command '['python3', './generator/ecomm_generator.py']' returned non-zero exit status 2.
[2024-06-27T22:50:34.939+0000] {logging_mixin.py:188} INFO - stdout: 
[2024-06-27T22:50:34.939+0000] {logging_mixin.py:188} INFO - stderr: python3: can't open file '/opt/airflow/./generator/ecomm_generator.py': [Errno 2] No such file or directory
[2024-06-27T22:50:34.939+0000] {python.py:237} INFO - Done. Returned value was: None
[2024-06-27T22:50:34.939+0000] {taskinstance.py:441} INFO - ::group::Post task execution logs
[2024-06-27T22:50:34.944+0000] {taskinstance.py:1206} INFO - Marking task as SUCCESS. dag_id=ecomm_data_pipeline, task_id=generate_and_insert_data, run_id=scheduled__2023-01-01T21:50:00+00:00, execution_date=20230101T215000, start_date=20240627T225034, end_date=20240627T225034
[2024-06-27T22:50:34.952+0000] {local_task_job_runner.py:240} INFO - Task exited with return code 0
[2024-06-27T22:50:34.958+0000] {taskinstance.py:3503} INFO - 0 downstream tasks scheduled from follow-on schedule check
[2024-06-27T22:50:34.959+0000] {local_task_job_runner.py:222} INFO - ::endgroup::
[2024-06-29T21:40:43.646+0000] {local_task_job_runner.py:120} INFO - ::group::Pre task execution logs
[2024-06-29T21:40:43.656+0000] {taskinstance.py:2076} INFO - Dependencies all met for dep_context=non-requeueable deps ti=<TaskInstance: ecomm_data_pipeline.generate_and_insert_data scheduled__2023-01-01T21:50:00+00:00 [queued]>
[2024-06-29T21:40:43.658+0000] {taskinstance.py:2076} INFO - Dependencies all met for dep_context=requeueable deps ti=<TaskInstance: ecomm_data_pipeline.generate_and_insert_data scheduled__2023-01-01T21:50:00+00:00 [queued]>
[2024-06-29T21:40:43.658+0000] {taskinstance.py:2306} INFO - Starting attempt 1 of 2
[2024-06-29T21:40:43.662+0000] {taskinstance.py:2330} INFO - Executing <Task(PythonOperator): generate_and_insert_data> on 2023-01-01 21:50:00+00:00
[2024-06-29T21:40:43.665+0000] {standard_task_runner.py:63} INFO - Started process 1947 to run task
[2024-06-29T21:40:43.666+0000] {standard_task_runner.py:90} INFO - Running: ['airflow', 'tasks', 'run', 'ecomm_data_pipeline', 'generate_and_insert_data', 'scheduled__2023-01-01T21:50:00+00:00', '--job-id', '133', '--raw', '--subdir', 'DAGS_FOLDER/ecomm_dag.py', '--cfg-path', '/tmp/tmpgl4w0jyy']
[2024-06-29T21:40:43.666+0000] {standard_task_runner.py:91} INFO - Job 133: Subtask generate_and_insert_data
[2024-06-29T21:40:43.683+0000] {task_command.py:426} INFO - Running <TaskInstance: ecomm_data_pipeline.generate_and_insert_data scheduled__2023-01-01T21:50:00+00:00 [running]> on host afcb6fbf9265
[2024-06-29T21:40:43.711+0000] {taskinstance.py:2648} INFO - Exporting env vars: AIRFLOW_CTX_DAG_OWNER='airflow' AIRFLOW_CTX_DAG_ID='ecomm_data_pipeline' AIRFLOW_CTX_TASK_ID='generate_and_insert_data' AIRFLOW_CTX_EXECUTION_DATE='2023-01-01T21:50:00+00:00' AIRFLOW_CTX_TRY_NUMBER='1' AIRFLOW_CTX_DAG_RUN_ID='scheduled__2023-01-01T21:50:00+00:00'
[2024-06-29T21:40:43.711+0000] {taskinstance.py:430} INFO - ::endgroup::
[2024-06-29T21:40:43.768+0000] {logging_mixin.py:188} INFO - Error in generate_and_insert_data: Command '['python3', '/opt/airflow/generator/ecomm_generator.py']' returned non-zero exit status 1.
[2024-06-29T21:40:43.768+0000] {logging_mixin.py:188} INFO - stdout: 
[2024-06-29T21:40:43.768+0000] {logging_mixin.py:188} INFO - stderr: Traceback (most recent call last):
  File "/opt/airflow/generator/ecomm_generator.py", line 4, in <module>
    from faker import Faker
ModuleNotFoundError: No module named 'faker'
[2024-06-29T21:40:43.768+0000] {python.py:237} INFO - Done. Returned value was: None
[2024-06-29T21:40:43.768+0000] {taskinstance.py:441} INFO - ::group::Post task execution logs
[2024-06-29T21:40:43.773+0000] {taskinstance.py:1206} INFO - Marking task as SUCCESS. dag_id=ecomm_data_pipeline, task_id=generate_and_insert_data, run_id=scheduled__2023-01-01T21:50:00+00:00, execution_date=20230101T215000, start_date=20240629T214043, end_date=20240629T214043
[2024-06-29T21:40:43.814+0000] {local_task_job_runner.py:240} INFO - Task exited with return code 0
[2024-06-29T21:40:43.821+0000] {taskinstance.py:3503} INFO - 0 downstream tasks scheduled from follow-on schedule check
[2024-06-29T21:40:43.821+0000] {local_task_job_runner.py:222} INFO - ::endgroup::
[2024-06-29T22:04:33.341+0000] {local_task_job_runner.py:120} INFO - ::group::Pre task execution logs
[2024-06-29T22:04:33.351+0000] {taskinstance.py:2076} INFO - Dependencies all met for dep_context=non-requeueable deps ti=<TaskInstance: ecomm_data_pipeline.generate_and_insert_data scheduled__2023-01-01T21:50:00+00:00 [queued]>
[2024-06-29T22:04:33.353+0000] {taskinstance.py:2076} INFO - Dependencies all met for dep_context=requeueable deps ti=<TaskInstance: ecomm_data_pipeline.generate_and_insert_data scheduled__2023-01-01T21:50:00+00:00 [queued]>
[2024-06-29T22:04:33.354+0000] {taskinstance.py:2306} INFO - Starting attempt 1 of 2
[2024-06-29T22:04:33.358+0000] {taskinstance.py:2330} INFO - Executing <Task(PythonOperator): generate_and_insert_data> on 2023-01-01 21:50:00+00:00
[2024-06-29T22:04:33.360+0000] {standard_task_runner.py:63} INFO - Started process 1947 to run task
[2024-06-29T22:04:33.361+0000] {standard_task_runner.py:90} INFO - Running: ['airflow', 'tasks', 'run', 'ecomm_data_pipeline', 'generate_and_insert_data', 'scheduled__2023-01-01T21:50:00+00:00', '--job-id', '133', '--raw', '--subdir', 'DAGS_FOLDER/ecomm_dag.py', '--cfg-path', '/tmp/tmp_w8j8xva']
[2024-06-29T22:04:33.362+0000] {standard_task_runner.py:91} INFO - Job 133: Subtask generate_and_insert_data
[2024-06-29T22:04:33.379+0000] {task_command.py:426} INFO - Running <TaskInstance: ecomm_data_pipeline.generate_and_insert_data scheduled__2023-01-01T21:50:00+00:00 [running]> on host 799998b0d26e
[2024-06-29T22:04:33.407+0000] {taskinstance.py:2648} INFO - Exporting env vars: AIRFLOW_CTX_DAG_OWNER='airflow' AIRFLOW_CTX_DAG_ID='ecomm_data_pipeline' AIRFLOW_CTX_TASK_ID='generate_and_insert_data' AIRFLOW_CTX_EXECUTION_DATE='2023-01-01T21:50:00+00:00' AIRFLOW_CTX_TRY_NUMBER='1' AIRFLOW_CTX_DAG_RUN_ID='scheduled__2023-01-01T21:50:00+00:00'
[2024-06-29T22:04:33.407+0000] {taskinstance.py:430} INFO - ::endgroup::
[2024-06-29T22:04:33.464+0000] {logging_mixin.py:188} INFO - Error in generate_and_insert_data: Command '['python3', '/opt/airflow/generator/ecomm_generator.py']' returned non-zero exit status 1.
[2024-06-29T22:04:33.465+0000] {logging_mixin.py:188} INFO - stdout: 
[2024-06-29T22:04:33.465+0000] {logging_mixin.py:188} INFO - stderr: Traceback (most recent call last):
  File "/opt/airflow/generator/ecomm_generator.py", line 4, in <module>
    from faker import Faker
ModuleNotFoundError: No module named 'faker'
[2024-06-29T22:04:33.465+0000] {python.py:237} INFO - Done. Returned value was: None
[2024-06-29T22:04:33.465+0000] {taskinstance.py:441} INFO - ::group::Post task execution logs
[2024-06-29T22:04:33.470+0000] {taskinstance.py:1206} INFO - Marking task as SUCCESS. dag_id=ecomm_data_pipeline, task_id=generate_and_insert_data, run_id=scheduled__2023-01-01T21:50:00+00:00, execution_date=20230101T215000, start_date=20240629T220433, end_date=20240629T220433
[2024-06-29T22:04:33.504+0000] {local_task_job_runner.py:240} INFO - Task exited with return code 0
[2024-06-29T22:04:33.511+0000] {taskinstance.py:3503} INFO - 0 downstream tasks scheduled from follow-on schedule check
[2024-06-29T22:04:33.511+0000] {local_task_job_runner.py:222} INFO - ::endgroup::
