[2024-06-27T22:53:02.863+0000] {local_task_job_runner.py:120} INFO - ::group::Pre task execution logs
[2024-06-27T22:53:02.874+0000] {taskinstance.py:2076} INFO - Dependencies all met for dep_context=non-requeueable deps ti=<TaskInstance: example_dag.generate_and_insert_data scheduled__2023-01-01T04:30:00+00:00 [queued]>
[2024-06-27T22:53:02.876+0000] {taskinstance.py:2076} INFO - Dependencies all met for dep_context=requeueable deps ti=<TaskInstance: example_dag.generate_and_insert_data scheduled__2023-01-01T04:30:00+00:00 [queued]>
[2024-06-27T22:53:02.876+0000] {taskinstance.py:2306} INFO - Starting attempt 1 of 2
[2024-06-27T22:53:02.881+0000] {taskinstance.py:2330} INFO - Executing <Task(PythonOperator): generate_and_insert_data> on 2023-01-01 04:30:00+00:00
[2024-06-27T22:53:02.882+0000] {standard_task_runner.py:63} INFO - Started process 792 to run task
[2024-06-27T22:53:02.883+0000] {standard_task_runner.py:90} INFO - Running: ['airflow', 'tasks', 'run', 'example_dag', 'generate_and_insert_data', 'scheduled__2023-01-01T04:30:00+00:00', '--job-id', '56', '--raw', '--subdir', 'DAGS_FOLDER/example_dag.py', '--cfg-path', '/tmp/tmpzms8s6cl']
[2024-06-27T22:53:02.884+0000] {standard_task_runner.py:91} INFO - Job 56: Subtask generate_and_insert_data
[2024-06-27T22:53:02.901+0000] {task_command.py:426} INFO - Running <TaskInstance: example_dag.generate_and_insert_data scheduled__2023-01-01T04:30:00+00:00 [running]> on host a70edf9d8581
[2024-06-27T22:53:02.931+0000] {taskinstance.py:2648} INFO - Exporting env vars: AIRFLOW_CTX_DAG_OWNER='airflow' AIRFLOW_CTX_DAG_ID='example_dag' AIRFLOW_CTX_TASK_ID='generate_and_insert_data' AIRFLOW_CTX_EXECUTION_DATE='2023-01-01T04:30:00+00:00' AIRFLOW_CTX_TRY_NUMBER='1' AIRFLOW_CTX_DAG_RUN_ID='scheduled__2023-01-01T04:30:00+00:00'
[2024-06-27T22:53:02.932+0000] {taskinstance.py:430} INFO - ::endgroup::
[2024-06-27T22:53:02.937+0000] {python.py:237} INFO - Done. Returned value was: None
[2024-06-27T22:53:02.937+0000] {taskinstance.py:441} INFO - ::group::Post task execution logs
[2024-06-27T22:53:02.943+0000] {taskinstance.py:1206} INFO - Marking task as SUCCESS. dag_id=example_dag, task_id=generate_and_insert_data, run_id=scheduled__2023-01-01T04:30:00+00:00, execution_date=20230101T043000, start_date=20240627T225302, end_date=20240627T225302
[2024-06-27T22:53:02.987+0000] {local_task_job_runner.py:240} INFO - Task exited with return code 0
[2024-06-27T22:53:02.996+0000] {taskinstance.py:3503} INFO - 0 downstream tasks scheduled from follow-on schedule check
[2024-06-27T22:53:02.997+0000] {local_task_job_runner.py:222} INFO - ::endgroup::
[2024-06-28T18:14:21.477+0000] {local_task_job_runner.py:120} INFO - ::group::Pre task execution logs
[2024-06-28T18:14:21.488+0000] {taskinstance.py:2076} INFO - Dependencies all met for dep_context=non-requeueable deps ti=<TaskInstance: example_dag.generate_and_insert_data scheduled__2023-01-01T04:30:00+00:00 [queued]>
[2024-06-28T18:14:21.491+0000] {taskinstance.py:2076} INFO - Dependencies all met for dep_context=requeueable deps ti=<TaskInstance: example_dag.generate_and_insert_data scheduled__2023-01-01T04:30:00+00:00 [queued]>
[2024-06-28T18:14:21.491+0000] {taskinstance.py:2306} INFO - Starting attempt 1 of 2
[2024-06-28T18:14:21.495+0000] {taskinstance.py:2330} INFO - Executing <Task(PythonOperator): generate_and_insert_data> on 2023-01-01 04:30:00+00:00
[2024-06-28T18:14:21.497+0000] {standard_task_runner.py:63} INFO - Started process 792 to run task
[2024-06-28T18:14:21.499+0000] {standard_task_runner.py:90} INFO - Running: ['airflow', 'tasks', 'run', 'example_dag', 'generate_and_insert_data', 'scheduled__2023-01-01T04:30:00+00:00', '--job-id', '56', '--raw', '--subdir', 'DAGS_FOLDER/example_dag.py', '--cfg-path', '/tmp/tmp6qc7tbbh']
[2024-06-28T18:14:21.499+0000] {standard_task_runner.py:91} INFO - Job 56: Subtask generate_and_insert_data
[2024-06-28T18:14:21.517+0000] {task_command.py:426} INFO - Running <TaskInstance: example_dag.generate_and_insert_data scheduled__2023-01-01T04:30:00+00:00 [running]> on host 08cefd381a1f
[2024-06-28T18:14:21.547+0000] {taskinstance.py:2648} INFO - Exporting env vars: AIRFLOW_CTX_DAG_OWNER='airflow' AIRFLOW_CTX_DAG_ID='example_dag' AIRFLOW_CTX_TASK_ID='generate_and_insert_data' AIRFLOW_CTX_EXECUTION_DATE='2023-01-01T04:30:00+00:00' AIRFLOW_CTX_TRY_NUMBER='1' AIRFLOW_CTX_DAG_RUN_ID='scheduled__2023-01-01T04:30:00+00:00'
[2024-06-28T18:14:21.547+0000] {taskinstance.py:430} INFO - ::endgroup::
[2024-06-28T18:14:21.552+0000] {python.py:237} INFO - Done. Returned value was: None
[2024-06-28T18:14:21.552+0000] {taskinstance.py:441} INFO - ::group::Post task execution logs
[2024-06-28T18:14:21.556+0000] {taskinstance.py:1206} INFO - Marking task as SUCCESS. dag_id=example_dag, task_id=generate_and_insert_data, run_id=scheduled__2023-01-01T04:30:00+00:00, execution_date=20230101T043000, start_date=20240628T181421, end_date=20240628T181421
[2024-06-28T18:14:21.596+0000] {local_task_job_runner.py:240} INFO - Task exited with return code 0
[2024-06-28T18:14:21.603+0000] {taskinstance.py:3503} INFO - 0 downstream tasks scheduled from follow-on schedule check
[2024-06-28T18:14:21.603+0000] {local_task_job_runner.py:222} INFO - ::endgroup::
