[2024-07-06T18:10:24.929+0000] {taskinstance.py:1103} INFO - Dependencies all met for dep_context=non-requeueable deps ti=<TaskInstance: import_main_data.wait_for_init scheduled__2024-07-05T05:00:00+00:00 [queued]>
[2024-07-06T18:10:24.932+0000] {taskinstance.py:1103} INFO - Dependencies all met for dep_context=requeueable deps ti=<TaskInstance: import_main_data.wait_for_init scheduled__2024-07-05T05:00:00+00:00 [queued]>
[2024-07-06T18:10:24.932+0000] {taskinstance.py:1308} INFO - Starting attempt 1 of 2
[2024-07-06T18:10:24.936+0000] {taskinstance.py:1327} INFO - Executing <Task(ExternalTaskSensor): wait_for_init> on 2024-07-05 05:00:00+00:00
[2024-07-06T18:10:24.937+0000] {standard_task_runner.py:57} INFO - Started process 624 to run task
[2024-07-06T18:10:24.938+0000] {standard_task_runner.py:84} INFO - Running: ['airflow', 'tasks', 'run', 'import_main_data', 'wait_for_init', 'scheduled__2024-07-05T05:00:00+00:00', '--job-id', '807', '--raw', '--subdir', 'DAGS_FOLDER/import_raw_data.py', '--cfg-path', '/tmp/tmpkudr1rru']
[2024-07-06T18:10:24.939+0000] {standard_task_runner.py:85} INFO - Job 807: Subtask wait_for_init
[2024-07-06T18:10:24.960+0000] {task_command.py:410} INFO - Running <TaskInstance: import_main_data.wait_for_init scheduled__2024-07-05T05:00:00+00:00 [running]> on host f6bf59d3e65b
[2024-07-06T18:10:24.992+0000] {taskinstance.py:1545} INFO - Exporting env vars: AIRFLOW_CTX_DAG_EMAIL='airflow@example.com' AIRFLOW_CTX_DAG_OWNER='airflow' AIRFLOW_CTX_DAG_ID='import_main_data' AIRFLOW_CTX_TASK_ID='wait_for_init' AIRFLOW_CTX_EXECUTION_DATE='2024-07-05T05:00:00+00:00' AIRFLOW_CTX_TRY_NUMBER='1' AIRFLOW_CTX_DAG_RUN_ID='scheduled__2024-07-05T05:00:00+00:00'
[2024-07-06T18:10:24.996+0000] {external_task.py:247} INFO - Poking for DAG 'initialize_etl_environment' on 2024-07-05T05:00:00+00:00 ... 
[2024-07-06T18:10:25.007+0000] {taskinstance.py:1784} INFO - Rescheduling task, marking task as UP_FOR_RESCHEDULE
[2024-07-06T18:10:25.038+0000] {local_task_job_runner.py:225} INFO - Task exited with return code 0
[2024-07-06T18:10:25.050+0000] {taskinstance.py:2651} INFO - 0 downstream tasks scheduled from follow-on schedule check
[2024-07-06T18:11:26.404+0000] {taskinstance.py:1103} INFO - Dependencies all met for dep_context=non-requeueable deps ti=<TaskInstance: import_main_data.wait_for_init scheduled__2024-07-05T05:00:00+00:00 [queued]>
[2024-07-06T18:11:26.407+0000] {taskinstance.py:1103} INFO - Dependencies all met for dep_context=requeueable deps ti=<TaskInstance: import_main_data.wait_for_init scheduled__2024-07-05T05:00:00+00:00 [queued]>
[2024-07-06T18:11:26.407+0000] {taskinstance.py:1308} INFO - Starting attempt 1 of 2
[2024-07-06T18:11:26.412+0000] {taskinstance.py:1327} INFO - Executing <Task(ExternalTaskSensor): wait_for_init> on 2024-07-05 05:00:00+00:00
[2024-07-06T18:11:26.413+0000] {standard_task_runner.py:57} INFO - Started process 688 to run task
[2024-07-06T18:11:26.415+0000] {standard_task_runner.py:84} INFO - Running: ['airflow', 'tasks', 'run', 'import_main_data', 'wait_for_init', 'scheduled__2024-07-05T05:00:00+00:00', '--job-id', '823', '--raw', '--subdir', 'DAGS_FOLDER/import_raw_data.py', '--cfg-path', '/tmp/tmpve1biyy8']
[2024-07-06T18:11:26.415+0000] {standard_task_runner.py:85} INFO - Job 823: Subtask wait_for_init
[2024-07-06T18:11:26.442+0000] {task_command.py:410} INFO - Running <TaskInstance: import_main_data.wait_for_init scheduled__2024-07-05T05:00:00+00:00 [running]> on host f6bf59d3e65b
[2024-07-06T18:11:26.475+0000] {taskinstance.py:1545} INFO - Exporting env vars: AIRFLOW_CTX_DAG_EMAIL='airflow@example.com' AIRFLOW_CTX_DAG_OWNER='airflow' AIRFLOW_CTX_DAG_ID='import_main_data' AIRFLOW_CTX_TASK_ID='wait_for_init' AIRFLOW_CTX_EXECUTION_DATE='2024-07-05T05:00:00+00:00' AIRFLOW_CTX_TRY_NUMBER='1' AIRFLOW_CTX_DAG_RUN_ID='scheduled__2024-07-05T05:00:00+00:00'
[2024-07-06T18:11:26.480+0000] {external_task.py:247} INFO - Poking for DAG 'initialize_etl_environment' on 2024-07-05T05:00:00+00:00 ... 
[2024-07-06T18:11:26.491+0000] {taskinstance.py:1784} INFO - Rescheduling task, marking task as UP_FOR_RESCHEDULE
[2024-07-06T18:11:26.519+0000] {local_task_job_runner.py:225} INFO - Task exited with return code 0
[2024-07-06T18:11:26.530+0000] {taskinstance.py:2651} INFO - 0 downstream tasks scheduled from follow-on schedule check
[2024-07-06T18:12:27.902+0000] {taskinstance.py:1103} INFO - Dependencies all met for dep_context=non-requeueable deps ti=<TaskInstance: import_main_data.wait_for_init scheduled__2024-07-05T05:00:00+00:00 [queued]>
[2024-07-06T18:12:27.905+0000] {taskinstance.py:1103} INFO - Dependencies all met for dep_context=requeueable deps ti=<TaskInstance: import_main_data.wait_for_init scheduled__2024-07-05T05:00:00+00:00 [queued]>
[2024-07-06T18:12:27.905+0000] {taskinstance.py:1308} INFO - Starting attempt 1 of 2
[2024-07-06T18:12:27.909+0000] {taskinstance.py:1327} INFO - Executing <Task(ExternalTaskSensor): wait_for_init> on 2024-07-05 05:00:00+00:00
[2024-07-06T18:12:27.910+0000] {standard_task_runner.py:57} INFO - Started process 753 to run task
[2024-07-06T18:12:27.911+0000] {standard_task_runner.py:84} INFO - Running: ['airflow', 'tasks', 'run', 'import_main_data', 'wait_for_init', 'scheduled__2024-07-05T05:00:00+00:00', '--job-id', '839', '--raw', '--subdir', 'DAGS_FOLDER/import_raw_data.py', '--cfg-path', '/tmp/tmpln962l16']
[2024-07-06T18:12:27.912+0000] {standard_task_runner.py:85} INFO - Job 839: Subtask wait_for_init
[2024-07-06T18:12:27.931+0000] {task_command.py:410} INFO - Running <TaskInstance: import_main_data.wait_for_init scheduled__2024-07-05T05:00:00+00:00 [running]> on host f6bf59d3e65b
[2024-07-06T18:12:27.962+0000] {taskinstance.py:1545} INFO - Exporting env vars: AIRFLOW_CTX_DAG_EMAIL='airflow@example.com' AIRFLOW_CTX_DAG_OWNER='airflow' AIRFLOW_CTX_DAG_ID='import_main_data' AIRFLOW_CTX_TASK_ID='wait_for_init' AIRFLOW_CTX_EXECUTION_DATE='2024-07-05T05:00:00+00:00' AIRFLOW_CTX_TRY_NUMBER='1' AIRFLOW_CTX_DAG_RUN_ID='scheduled__2024-07-05T05:00:00+00:00'
[2024-07-06T18:12:27.966+0000] {external_task.py:247} INFO - Poking for DAG 'initialize_etl_environment' on 2024-07-05T05:00:00+00:00 ... 
[2024-07-06T18:12:27.978+0000] {taskinstance.py:1784} INFO - Rescheduling task, marking task as UP_FOR_RESCHEDULE
[2024-07-06T18:12:28.012+0000] {local_task_job_runner.py:225} INFO - Task exited with return code 0
[2024-07-06T18:12:28.024+0000] {taskinstance.py:2651} INFO - 0 downstream tasks scheduled from follow-on schedule check
[2024-07-06T18:13:30.627+0000] {taskinstance.py:1103} INFO - Dependencies all met for dep_context=non-requeueable deps ti=<TaskInstance: import_main_data.wait_for_init scheduled__2024-07-05T05:00:00+00:00 [queued]>
[2024-07-06T18:13:30.631+0000] {taskinstance.py:1103} INFO - Dependencies all met for dep_context=requeueable deps ti=<TaskInstance: import_main_data.wait_for_init scheduled__2024-07-05T05:00:00+00:00 [queued]>
[2024-07-06T18:13:30.631+0000] {taskinstance.py:1308} INFO - Starting attempt 1 of 2
[2024-07-06T18:13:30.636+0000] {taskinstance.py:1327} INFO - Executing <Task(ExternalTaskSensor): wait_for_init> on 2024-07-05 05:00:00+00:00
[2024-07-06T18:13:30.637+0000] {standard_task_runner.py:57} INFO - Started process 817 to run task
[2024-07-06T18:13:30.638+0000] {standard_task_runner.py:84} INFO - Running: ['airflow', 'tasks', 'run', 'import_main_data', 'wait_for_init', 'scheduled__2024-07-05T05:00:00+00:00', '--job-id', '855', '--raw', '--subdir', 'DAGS_FOLDER/import_raw_data.py', '--cfg-path', '/tmp/tmp8b0o81qt']
[2024-07-06T18:13:30.639+0000] {standard_task_runner.py:85} INFO - Job 855: Subtask wait_for_init
[2024-07-06T18:13:30.661+0000] {task_command.py:410} INFO - Running <TaskInstance: import_main_data.wait_for_init scheduled__2024-07-05T05:00:00+00:00 [running]> on host f6bf59d3e65b
[2024-07-06T18:13:30.696+0000] {taskinstance.py:1545} INFO - Exporting env vars: AIRFLOW_CTX_DAG_EMAIL='airflow@example.com' AIRFLOW_CTX_DAG_OWNER='airflow' AIRFLOW_CTX_DAG_ID='import_main_data' AIRFLOW_CTX_TASK_ID='wait_for_init' AIRFLOW_CTX_EXECUTION_DATE='2024-07-05T05:00:00+00:00' AIRFLOW_CTX_TRY_NUMBER='1' AIRFLOW_CTX_DAG_RUN_ID='scheduled__2024-07-05T05:00:00+00:00'
[2024-07-06T18:13:30.702+0000] {external_task.py:247} INFO - Poking for DAG 'initialize_etl_environment' on 2024-07-05T05:00:00+00:00 ... 
[2024-07-06T18:13:30.715+0000] {taskinstance.py:1784} INFO - Rescheduling task, marking task as UP_FOR_RESCHEDULE
[2024-07-06T18:13:30.745+0000] {local_task_job_runner.py:225} INFO - Task exited with return code 0
[2024-07-06T18:13:30.761+0000] {taskinstance.py:2651} INFO - 0 downstream tasks scheduled from follow-on schedule check
[2024-07-06T18:14:32.338+0000] {taskinstance.py:1103} INFO - Dependencies all met for dep_context=non-requeueable deps ti=<TaskInstance: import_main_data.wait_for_init scheduled__2024-07-05T05:00:00+00:00 [queued]>
[2024-07-06T18:14:32.341+0000] {taskinstance.py:1103} INFO - Dependencies all met for dep_context=requeueable deps ti=<TaskInstance: import_main_data.wait_for_init scheduled__2024-07-05T05:00:00+00:00 [queued]>
[2024-07-06T18:14:32.342+0000] {taskinstance.py:1308} INFO - Starting attempt 1 of 2
[2024-07-06T18:14:32.346+0000] {taskinstance.py:1327} INFO - Executing <Task(ExternalTaskSensor): wait_for_init> on 2024-07-05 05:00:00+00:00
[2024-07-06T18:14:32.347+0000] {standard_task_runner.py:57} INFO - Started process 882 to run task
[2024-07-06T18:14:32.348+0000] {standard_task_runner.py:84} INFO - Running: ['airflow', 'tasks', 'run', 'import_main_data', 'wait_for_init', 'scheduled__2024-07-05T05:00:00+00:00', '--job-id', '871', '--raw', '--subdir', 'DAGS_FOLDER/import_raw_data.py', '--cfg-path', '/tmp/tmpngy1wc50']
[2024-07-06T18:14:32.349+0000] {standard_task_runner.py:85} INFO - Job 871: Subtask wait_for_init
[2024-07-06T18:14:32.370+0000] {task_command.py:410} INFO - Running <TaskInstance: import_main_data.wait_for_init scheduled__2024-07-05T05:00:00+00:00 [running]> on host f6bf59d3e65b
[2024-07-06T18:14:32.401+0000] {taskinstance.py:1545} INFO - Exporting env vars: AIRFLOW_CTX_DAG_EMAIL='airflow@example.com' AIRFLOW_CTX_DAG_OWNER='airflow' AIRFLOW_CTX_DAG_ID='import_main_data' AIRFLOW_CTX_TASK_ID='wait_for_init' AIRFLOW_CTX_EXECUTION_DATE='2024-07-05T05:00:00+00:00' AIRFLOW_CTX_TRY_NUMBER='1' AIRFLOW_CTX_DAG_RUN_ID='scheduled__2024-07-05T05:00:00+00:00'
[2024-07-06T18:14:32.405+0000] {external_task.py:247} INFO - Poking for DAG 'initialize_etl_environment' on 2024-07-05T05:00:00+00:00 ... 
[2024-07-06T18:14:32.416+0000] {taskinstance.py:1784} INFO - Rescheduling task, marking task as UP_FOR_RESCHEDULE
[2024-07-06T18:14:32.450+0000] {local_task_job_runner.py:225} INFO - Task exited with return code 0
[2024-07-06T18:14:32.462+0000] {taskinstance.py:2651} INFO - 0 downstream tasks scheduled from follow-on schedule check
