[2024-06-27T22:36:34.057+0000] {local_task_job_runner.py:120} INFO - ::group::Pre task execution logs
[2024-06-27T22:36:34.066+0000] {taskinstance.py:2076} INFO - Dependencies all met for dep_context=non-requeueable deps ti=<TaskInstance: ecomm_data_pipeline.generate_and_insert_data scheduled__2023-01-01T18:00:00+00:00 [queued]>
[2024-06-27T22:36:34.069+0000] {taskinstance.py:2076} INFO - Dependencies all met for dep_context=requeueable deps ti=<TaskInstance: ecomm_data_pipeline.generate_and_insert_data scheduled__2023-01-01T18:00:00+00:00 [queued]>
[2024-06-27T22:36:34.069+0000] {taskinstance.py:2306} INFO - Starting attempt 1 of 2
[2024-06-27T22:36:34.073+0000] {taskinstance.py:2330} INFO - Executing <Task(PythonOperator): generate_and_insert_data> on 2023-01-01 18:00:00+00:00
[2024-06-27T22:36:34.075+0000] {standard_task_runner.py:63} INFO - Started process 1846 to run task
[2024-06-27T22:36:34.076+0000] {standard_task_runner.py:90} INFO - Running: ['airflow', 'tasks', 'run', 'ecomm_data_pipeline', 'generate_and_insert_data', 'scheduled__2023-01-01T18:00:00+00:00', '--job-id', '127', '--raw', '--subdir', 'DAGS_FOLDER/ecomm_dag.py', '--cfg-path', '/tmp/tmpzlmegp1t']
[2024-06-27T22:36:34.076+0000] {standard_task_runner.py:91} INFO - Job 127: Subtask generate_and_insert_data
[2024-06-27T22:36:34.093+0000] {task_command.py:426} INFO - Running <TaskInstance: ecomm_data_pipeline.generate_and_insert_data scheduled__2023-01-01T18:00:00+00:00 [running]> on host 9174587f6b1d
[2024-06-27T22:36:34.123+0000] {taskinstance.py:2648} INFO - Exporting env vars: AIRFLOW_CTX_DAG_OWNER='airflow' AIRFLOW_CTX_DAG_ID='ecomm_data_pipeline' AIRFLOW_CTX_TASK_ID='generate_and_insert_data' AIRFLOW_CTX_EXECUTION_DATE='2023-01-01T18:00:00+00:00' AIRFLOW_CTX_TRY_NUMBER='1' AIRFLOW_CTX_DAG_RUN_ID='scheduled__2023-01-01T18:00:00+00:00'
[2024-06-27T22:36:34.123+0000] {taskinstance.py:430} INFO - ::endgroup::
[2024-06-27T22:36:34.156+0000] {logging_mixin.py:188} INFO - Error in generate_and_insert_data: Command '['python3', './generator/ecomm_generator.py']' returned non-zero exit status 2.
[2024-06-27T22:36:34.156+0000] {python.py:237} INFO - Done. Returned value was: None
[2024-06-27T22:36:34.156+0000] {taskinstance.py:441} INFO - ::group::Post task execution logs
[2024-06-27T22:36:34.162+0000] {taskinstance.py:1206} INFO - Marking task as SUCCESS. dag_id=ecomm_data_pipeline, task_id=generate_and_insert_data, run_id=scheduled__2023-01-01T18:00:00+00:00, execution_date=20230101T180000, start_date=20240627T223634, end_date=20240627T223634
[2024-06-27T22:36:34.178+0000] {local_task_job_runner.py:240} INFO - Task exited with return code 0
[2024-06-27T22:36:34.184+0000] {taskinstance.py:3503} INFO - 0 downstream tasks scheduled from follow-on schedule check
[2024-06-27T22:36:34.185+0000] {local_task_job_runner.py:222} INFO - ::endgroup::
[2024-06-28T18:18:42.494+0000] {local_task_job_runner.py:120} INFO - ::group::Pre task execution logs
[2024-06-28T18:18:42.506+0000] {taskinstance.py:2076} INFO - Dependencies all met for dep_context=non-requeueable deps ti=<TaskInstance: ecomm_data_pipeline.generate_and_insert_data scheduled__2023-01-01T18:00:00+00:00 [queued]>
[2024-06-28T18:18:42.508+0000] {taskinstance.py:2076} INFO - Dependencies all met for dep_context=requeueable deps ti=<TaskInstance: ecomm_data_pipeline.generate_and_insert_data scheduled__2023-01-01T18:00:00+00:00 [queued]>
[2024-06-28T18:18:42.508+0000] {taskinstance.py:2306} INFO - Starting attempt 1 of 2
[2024-06-28T18:18:42.513+0000] {taskinstance.py:2330} INFO - Executing <Task(PythonOperator): generate_and_insert_data> on 2023-01-01 18:00:00+00:00
[2024-06-28T18:18:42.515+0000] {standard_task_runner.py:63} INFO - Started process 3069 to run task
[2024-06-28T18:18:42.516+0000] {standard_task_runner.py:90} INFO - Running: ['airflow', 'tasks', 'run', 'ecomm_data_pipeline', 'generate_and_insert_data', 'scheduled__2023-01-01T18:00:00+00:00', '--job-id', '218', '--raw', '--subdir', 'DAGS_FOLDER/ecomm_dag.py', '--cfg-path', '/tmp/tmpddwqwya6']
[2024-06-28T18:18:42.516+0000] {standard_task_runner.py:91} INFO - Job 218: Subtask generate_and_insert_data
[2024-06-28T18:18:42.534+0000] {task_command.py:426} INFO - Running <TaskInstance: ecomm_data_pipeline.generate_and_insert_data scheduled__2023-01-01T18:00:00+00:00 [running]> on host 08cefd381a1f
[2024-06-28T18:18:42.564+0000] {taskinstance.py:2648} INFO - Exporting env vars: AIRFLOW_CTX_DAG_OWNER='airflow' AIRFLOW_CTX_DAG_ID='ecomm_data_pipeline' AIRFLOW_CTX_TASK_ID='generate_and_insert_data' AIRFLOW_CTX_EXECUTION_DATE='2023-01-01T18:00:00+00:00' AIRFLOW_CTX_TRY_NUMBER='1' AIRFLOW_CTX_DAG_RUN_ID='scheduled__2023-01-01T18:00:00+00:00'
[2024-06-28T18:18:42.564+0000] {taskinstance.py:430} INFO - ::endgroup::
[2024-06-28T18:18:42.622+0000] {logging_mixin.py:188} INFO - Error in generate_and_insert_data: Command '['python3', '/opt/airflow/generator/ecomm_generator.py']' returned non-zero exit status 1.
[2024-06-28T18:18:42.622+0000] {logging_mixin.py:188} INFO - stdout: 
[2024-06-28T18:18:42.622+0000] {logging_mixin.py:188} INFO - stderr: Traceback (most recent call last):
  File "/opt/airflow/generator/ecomm_generator.py", line 4, in <module>
    from faker import Faker
ModuleNotFoundError: No module named 'faker'
[2024-06-28T18:18:42.622+0000] {python.py:237} INFO - Done. Returned value was: None
[2024-06-28T18:18:42.622+0000] {taskinstance.py:441} INFO - ::group::Post task execution logs
[2024-06-28T18:18:42.627+0000] {taskinstance.py:1206} INFO - Marking task as SUCCESS. dag_id=ecomm_data_pipeline, task_id=generate_and_insert_data, run_id=scheduled__2023-01-01T18:00:00+00:00, execution_date=20230101T180000, start_date=20240628T181842, end_date=20240628T181842
[2024-06-28T18:18:42.659+0000] {local_task_job_runner.py:240} INFO - Task exited with return code 0
[2024-06-28T18:18:42.666+0000] {taskinstance.py:3503} INFO - 0 downstream tasks scheduled from follow-on schedule check
[2024-06-28T18:18:42.666+0000] {local_task_job_runner.py:222} INFO - ::endgroup::
