[2024-07-03T00:26:59.703+0000] {taskinstance.py:1103} INFO - Dependencies all met for dep_context=non-requeueable deps ti=<TaskInstance: ecomm_data_pipeline.insert_transactions scheduled__2024-07-02T20:40:00+00:00 [queued]>
[2024-07-03T00:26:59.706+0000] {taskinstance.py:1103} INFO - Dependencies all met for dep_context=requeueable deps ti=<TaskInstance: ecomm_data_pipeline.insert_transactions scheduled__2024-07-02T20:40:00+00:00 [queued]>
[2024-07-03T00:26:59.706+0000] {taskinstance.py:1308} INFO - Starting attempt 1 of 2
[2024-07-03T00:26:59.710+0000] {taskinstance.py:1327} INFO - Executing <Task(PythonOperator): insert_transactions> on 2024-07-02 20:40:00+00:00
[2024-07-03T00:26:59.712+0000] {standard_task_runner.py:57} INFO - Started process 236 to run task
[2024-07-03T00:26:59.713+0000] {standard_task_runner.py:84} INFO - Running: ['airflow', 'tasks', 'run', 'ecomm_data_pipeline', 'insert_transactions', 'scheduled__2024-07-02T20:40:00+00:00', '--job-id', '303', '--raw', '--subdir', 'DAGS_FOLDER/ecomm_dag.py', '--cfg-path', '/tmp/tmp12nvx_3b']
[2024-07-03T00:26:59.714+0000] {standard_task_runner.py:85} INFO - Job 303: Subtask insert_transactions
[2024-07-03T00:26:59.733+0000] {task_command.py:410} INFO - Running <TaskInstance: ecomm_data_pipeline.insert_transactions scheduled__2024-07-02T20:40:00+00:00 [running]> on host e25ac14d8d5f
[2024-07-03T00:26:59.768+0000] {taskinstance.py:1545} INFO - Exporting env vars: AIRFLOW_CTX_DAG_OWNER='airflow' AIRFLOW_CTX_DAG_ID='ecomm_data_pipeline' AIRFLOW_CTX_TASK_ID='insert_transactions' AIRFLOW_CTX_EXECUTION_DATE='2024-07-02T20:40:00+00:00' AIRFLOW_CTX_TRY_NUMBER='1' AIRFLOW_CTX_DAG_RUN_ID='scheduled__2024-07-02T20:40:00+00:00'
[2024-07-03T00:26:59.769+0000] {logging_mixin.py:149} INFO - Inserting data into transactions from /opt/airflow/generator/fake_transaction_data.json...
[2024-07-03T00:26:59.770+0000] {logging_mixin.py:149} INFO - Error inserting data into transactions: not all arguments converted during string formatting
[2024-07-03T00:26:59.770+0000] {python.py:183} INFO - Done. Returned value was: None
[2024-07-03T00:26:59.774+0000] {taskinstance.py:1345} INFO - Marking task as SUCCESS. dag_id=ecomm_data_pipeline, task_id=insert_transactions, execution_date=20240702T204000, start_date=20240703T002659, end_date=20240703T002659
[2024-07-03T00:26:59.815+0000] {local_task_job_runner.py:225} INFO - Task exited with return code 0
[2024-07-03T00:26:59.823+0000] {taskinstance.py:2651} INFO - 0 downstream tasks scheduled from follow-on schedule check
[2024-07-03T00:48:21.646+0000] {taskinstance.py:1103} INFO - Dependencies all met for dep_context=non-requeueable deps ti=<TaskInstance: ecomm_data_pipeline.insert_transactions scheduled__2024-07-02T20:40:00+00:00 [queued]>
[2024-07-03T00:48:21.652+0000] {taskinstance.py:1103} INFO - Dependencies all met for dep_context=requeueable deps ti=<TaskInstance: ecomm_data_pipeline.insert_transactions scheduled__2024-07-02T20:40:00+00:00 [queued]>
[2024-07-03T00:48:21.652+0000] {taskinstance.py:1308} INFO - Starting attempt 1 of 2
[2024-07-03T00:48:21.659+0000] {taskinstance.py:1327} INFO - Executing <Task(PythonOperator): insert_transactions> on 2024-07-02 20:40:00+00:00
[2024-07-03T00:48:21.660+0000] {standard_task_runner.py:57} INFO - Started process 51 to run task
[2024-07-03T00:48:21.663+0000] {standard_task_runner.py:84} INFO - Running: ['airflow', 'tasks', 'run', 'ecomm_data_pipeline', 'insert_transactions', 'scheduled__2024-07-02T20:40:00+00:00', '--job-id', '325', '--raw', '--subdir', 'DAGS_FOLDER/ecomm_dag.py', '--cfg-path', '/tmp/tmpp6zi0ijk']
[2024-07-03T00:48:21.664+0000] {standard_task_runner.py:85} INFO - Job 325: Subtask insert_transactions
[2024-07-03T00:48:21.690+0000] {task_command.py:410} INFO - Running <TaskInstance: ecomm_data_pipeline.insert_transactions scheduled__2024-07-02T20:40:00+00:00 [running]> on host 9ea872201ce6
[2024-07-03T00:48:21.740+0000] {taskinstance.py:1545} INFO - Exporting env vars: AIRFLOW_CTX_DAG_OWNER='airflow' AIRFLOW_CTX_DAG_ID='ecomm_data_pipeline' AIRFLOW_CTX_TASK_ID='insert_transactions' AIRFLOW_CTX_EXECUTION_DATE='2024-07-02T20:40:00+00:00' AIRFLOW_CTX_TRY_NUMBER='1' AIRFLOW_CTX_DAG_RUN_ID='scheduled__2024-07-02T20:40:00+00:00'
[2024-07-03T00:48:21.740+0000] {logging_mixin.py:149} INFO - Inserting data into transactions from /opt/airflow/generator/fake_transaction_data.json...
[2024-07-03T00:48:21.742+0000] {logging_mixin.py:149} INFO - Error inserting data into transactions: not all arguments converted during string formatting
[2024-07-03T00:48:21.742+0000] {python.py:183} INFO - Done. Returned value was: None
[2024-07-03T00:48:21.746+0000] {taskinstance.py:1345} INFO - Marking task as SUCCESS. dag_id=ecomm_data_pipeline, task_id=insert_transactions, execution_date=20240702T204000, start_date=20240703T004821, end_date=20240703T004821
[2024-07-03T00:48:21.763+0000] {local_task_job_runner.py:225} INFO - Task exited with return code 0
[2024-07-03T00:48:21.771+0000] {taskinstance.py:2651} INFO - 0 downstream tasks scheduled from follow-on schedule check
