[2024-06-27T22:34:09.408+0000] {local_task_job_runner.py:120} INFO - ::group::Pre task execution logs
[2024-06-27T22:34:09.418+0000] {taskinstance.py:2076} INFO - Dependencies all met for dep_context=non-requeueable deps ti=<TaskInstance: ecomm_data_pipeline.generate_and_insert_data scheduled__2023-01-01T05:10:00+00:00 [queued]>
[2024-06-27T22:34:09.420+0000] {taskinstance.py:2076} INFO - Dependencies all met for dep_context=requeueable deps ti=<TaskInstance: ecomm_data_pipeline.generate_and_insert_data scheduled__2023-01-01T05:10:00+00:00 [queued]>
[2024-06-27T22:34:09.421+0000] {taskinstance.py:2306} INFO - Starting attempt 1 of 2
[2024-06-27T22:34:09.425+0000] {taskinstance.py:2330} INFO - Executing <Task(PythonOperator): generate_and_insert_data> on 2023-01-01 05:10:00+00:00
[2024-06-27T22:34:09.426+0000] {standard_task_runner.py:63} INFO - Started process 718 to run task
[2024-06-27T22:34:09.427+0000] {standard_task_runner.py:90} INFO - Running: ['airflow', 'tasks', 'run', 'ecomm_data_pipeline', 'generate_and_insert_data', 'scheduled__2023-01-01T05:10:00+00:00', '--job-id', '50', '--raw', '--subdir', 'DAGS_FOLDER/ecomm_dag.py', '--cfg-path', '/tmp/tmpbm1sh_hh']
[2024-06-27T22:34:09.428+0000] {standard_task_runner.py:91} INFO - Job 50: Subtask generate_and_insert_data
[2024-06-27T22:34:09.444+0000] {task_command.py:426} INFO - Running <TaskInstance: ecomm_data_pipeline.generate_and_insert_data scheduled__2023-01-01T05:10:00+00:00 [running]> on host 9174587f6b1d
[2024-06-27T22:34:09.471+0000] {taskinstance.py:2648} INFO - Exporting env vars: AIRFLOW_CTX_DAG_OWNER='airflow' AIRFLOW_CTX_DAG_ID='ecomm_data_pipeline' AIRFLOW_CTX_TASK_ID='generate_and_insert_data' AIRFLOW_CTX_EXECUTION_DATE='2023-01-01T05:10:00+00:00' AIRFLOW_CTX_TRY_NUMBER='1' AIRFLOW_CTX_DAG_RUN_ID='scheduled__2023-01-01T05:10:00+00:00'
[2024-06-27T22:34:09.471+0000] {taskinstance.py:430} INFO - ::endgroup::
[2024-06-27T22:34:09.503+0000] {logging_mixin.py:188} INFO - Error in generate_and_insert_data: Command '['python3', './generator/ecomm_generator.py']' returned non-zero exit status 2.
[2024-06-27T22:34:09.504+0000] {python.py:237} INFO - Done. Returned value was: None
[2024-06-27T22:34:09.504+0000] {taskinstance.py:441} INFO - ::group::Post task execution logs
[2024-06-27T22:34:09.508+0000] {taskinstance.py:1206} INFO - Marking task as SUCCESS. dag_id=ecomm_data_pipeline, task_id=generate_and_insert_data, run_id=scheduled__2023-01-01T05:10:00+00:00, execution_date=20230101T051000, start_date=20240627T223409, end_date=20240627T223409
[2024-06-27T22:34:09.534+0000] {local_task_job_runner.py:240} INFO - Task exited with return code 0
[2024-06-27T22:34:09.540+0000] {taskinstance.py:3503} INFO - 0 downstream tasks scheduled from follow-on schedule check
[2024-06-27T22:34:09.541+0000] {local_task_job_runner.py:222} INFO - ::endgroup::
[2024-06-27T22:53:14.745+0000] {local_task_job_runner.py:120} INFO - ::group::Pre task execution logs
[2024-06-27T22:53:14.755+0000] {taskinstance.py:2076} INFO - Dependencies all met for dep_context=non-requeueable deps ti=<TaskInstance: ecomm_data_pipeline.generate_and_insert_data scheduled__2023-01-01T05:10:00+00:00 [queued]>
[2024-06-27T22:53:14.758+0000] {taskinstance.py:2076} INFO - Dependencies all met for dep_context=requeueable deps ti=<TaskInstance: ecomm_data_pipeline.generate_and_insert_data scheduled__2023-01-01T05:10:00+00:00 [queued]>
[2024-06-27T22:53:14.758+0000] {taskinstance.py:2306} INFO - Starting attempt 1 of 2
[2024-06-27T22:53:14.762+0000] {taskinstance.py:2330} INFO - Executing <Task(PythonOperator): generate_and_insert_data> on 2023-01-01 05:10:00+00:00
[2024-06-27T22:53:14.764+0000] {standard_task_runner.py:63} INFO - Started process 897 to run task
[2024-06-27T22:53:14.765+0000] {standard_task_runner.py:90} INFO - Running: ['airflow', 'tasks', 'run', 'ecomm_data_pipeline', 'generate_and_insert_data', 'scheduled__2023-01-01T05:10:00+00:00', '--job-id', '63', '--raw', '--subdir', 'DAGS_FOLDER/ecomm_dag.py', '--cfg-path', '/tmp/tmpb9v3wy1n']
[2024-06-27T22:53:14.765+0000] {standard_task_runner.py:91} INFO - Job 63: Subtask generate_and_insert_data
[2024-06-27T22:53:14.781+0000] {task_command.py:426} INFO - Running <TaskInstance: ecomm_data_pipeline.generate_and_insert_data scheduled__2023-01-01T05:10:00+00:00 [running]> on host a70edf9d8581
[2024-06-27T22:53:14.817+0000] {taskinstance.py:2648} INFO - Exporting env vars: AIRFLOW_CTX_DAG_OWNER='airflow' AIRFLOW_CTX_DAG_ID='ecomm_data_pipeline' AIRFLOW_CTX_TASK_ID='generate_and_insert_data' AIRFLOW_CTX_EXECUTION_DATE='2023-01-01T05:10:00+00:00' AIRFLOW_CTX_TRY_NUMBER='1' AIRFLOW_CTX_DAG_RUN_ID='scheduled__2023-01-01T05:10:00+00:00'
[2024-06-27T22:53:14.817+0000] {taskinstance.py:430} INFO - ::endgroup::
[2024-06-27T22:53:14.852+0000] {logging_mixin.py:188} INFO - Error in generate_and_insert_data: Command '['python3', './generator/ecomm_generator.py']' returned non-zero exit status 2.
[2024-06-27T22:53:14.852+0000] {logging_mixin.py:188} INFO - stdout: 
[2024-06-27T22:53:14.853+0000] {logging_mixin.py:188} INFO - stderr: python3: can't open file '/opt/airflow/./generator/ecomm_generator.py': [Errno 2] No such file or directory
[2024-06-27T22:53:14.853+0000] {python.py:237} INFO - Done. Returned value was: None
[2024-06-27T22:53:14.853+0000] {taskinstance.py:441} INFO - ::group::Post task execution logs
[2024-06-27T22:53:14.858+0000] {taskinstance.py:1206} INFO - Marking task as SUCCESS. dag_id=ecomm_data_pipeline, task_id=generate_and_insert_data, run_id=scheduled__2023-01-01T05:10:00+00:00, execution_date=20230101T051000, start_date=20240627T225314, end_date=20240627T225314
[2024-06-27T22:53:14.869+0000] {local_task_job_runner.py:240} INFO - Task exited with return code 0
[2024-06-27T22:53:14.876+0000] {taskinstance.py:3503} INFO - 0 downstream tasks scheduled from follow-on schedule check
[2024-06-27T22:53:14.876+0000] {local_task_job_runner.py:222} INFO - ::endgroup::
[2024-06-28T18:14:33.514+0000] {local_task_job_runner.py:120} INFO - ::group::Pre task execution logs
[2024-06-28T18:14:33.525+0000] {taskinstance.py:2076} INFO - Dependencies all met for dep_context=non-requeueable deps ti=<TaskInstance: ecomm_data_pipeline.generate_and_insert_data scheduled__2023-01-01T05:10:00+00:00 [queued]>
[2024-06-28T18:14:33.527+0000] {taskinstance.py:2076} INFO - Dependencies all met for dep_context=requeueable deps ti=<TaskInstance: ecomm_data_pipeline.generate_and_insert_data scheduled__2023-01-01T05:10:00+00:00 [queued]>
[2024-06-28T18:14:33.527+0000] {taskinstance.py:2306} INFO - Starting attempt 1 of 2
[2024-06-28T18:14:33.532+0000] {taskinstance.py:2330} INFO - Executing <Task(PythonOperator): generate_and_insert_data> on 2023-01-01 05:10:00+00:00
[2024-06-28T18:14:33.534+0000] {standard_task_runner.py:63} INFO - Started process 910 to run task
[2024-06-28T18:14:33.535+0000] {standard_task_runner.py:90} INFO - Running: ['airflow', 'tasks', 'run', 'ecomm_data_pipeline', 'generate_and_insert_data', 'scheduled__2023-01-01T05:10:00+00:00', '--job-id', '64', '--raw', '--subdir', 'DAGS_FOLDER/ecomm_dag.py', '--cfg-path', '/tmp/tmp9115se1c']
[2024-06-28T18:14:33.536+0000] {standard_task_runner.py:91} INFO - Job 64: Subtask generate_and_insert_data
[2024-06-28T18:14:33.553+0000] {task_command.py:426} INFO - Running <TaskInstance: ecomm_data_pipeline.generate_and_insert_data scheduled__2023-01-01T05:10:00+00:00 [running]> on host 08cefd381a1f
[2024-06-28T18:14:33.584+0000] {taskinstance.py:2648} INFO - Exporting env vars: AIRFLOW_CTX_DAG_OWNER='airflow' AIRFLOW_CTX_DAG_ID='ecomm_data_pipeline' AIRFLOW_CTX_TASK_ID='generate_and_insert_data' AIRFLOW_CTX_EXECUTION_DATE='2023-01-01T05:10:00+00:00' AIRFLOW_CTX_TRY_NUMBER='1' AIRFLOW_CTX_DAG_RUN_ID='scheduled__2023-01-01T05:10:00+00:00'
[2024-06-28T18:14:33.584+0000] {taskinstance.py:430} INFO - ::endgroup::
[2024-06-28T18:14:33.642+0000] {logging_mixin.py:188} INFO - Error in generate_and_insert_data: Command '['python3', '/opt/airflow/generator/ecomm_generator.py']' returned non-zero exit status 1.
[2024-06-28T18:14:33.643+0000] {logging_mixin.py:188} INFO - stdout: 
[2024-06-28T18:14:33.643+0000] {logging_mixin.py:188} INFO - stderr: Traceback (most recent call last):
  File "/opt/airflow/generator/ecomm_generator.py", line 4, in <module>
    from faker import Faker
ModuleNotFoundError: No module named 'faker'
[2024-06-28T18:14:33.643+0000] {python.py:237} INFO - Done. Returned value was: None
[2024-06-28T18:14:33.643+0000] {taskinstance.py:441} INFO - ::group::Post task execution logs
[2024-06-28T18:14:33.648+0000] {taskinstance.py:1206} INFO - Marking task as SUCCESS. dag_id=ecomm_data_pipeline, task_id=generate_and_insert_data, run_id=scheduled__2023-01-01T05:10:00+00:00, execution_date=20230101T051000, start_date=20240628T181433, end_date=20240628T181433
[2024-06-28T18:14:33.673+0000] {local_task_job_runner.py:240} INFO - Task exited with return code 0
[2024-06-28T18:14:33.679+0000] {taskinstance.py:3503} INFO - 0 downstream tasks scheduled from follow-on schedule check
[2024-06-28T18:14:33.680+0000] {local_task_job_runner.py:222} INFO - ::endgroup::
[2024-06-28T18:21:38.171+0000] {local_task_job_runner.py:120} INFO - ::group::Pre task execution logs
[2024-06-28T18:21:38.181+0000] {taskinstance.py:2076} INFO - Dependencies all met for dep_context=non-requeueable deps ti=<TaskInstance: ecomm_data_pipeline.generate_and_insert_data scheduled__2023-01-01T05:10:00+00:00 [queued]>
[2024-06-28T18:21:38.184+0000] {taskinstance.py:2076} INFO - Dependencies all met for dep_context=requeueable deps ti=<TaskInstance: ecomm_data_pipeline.generate_and_insert_data scheduled__2023-01-01T05:10:00+00:00 [queued]>
[2024-06-28T18:21:38.184+0000] {taskinstance.py:2306} INFO - Starting attempt 1 of 2
[2024-06-28T18:21:38.188+0000] {taskinstance.py:2330} INFO - Executing <Task(PythonOperator): generate_and_insert_data> on 2023-01-01 05:10:00+00:00
[2024-06-28T18:21:38.190+0000] {standard_task_runner.py:63} INFO - Started process 778 to run task
[2024-06-28T18:21:38.191+0000] {standard_task_runner.py:90} INFO - Running: ['airflow', 'tasks', 'run', 'ecomm_data_pipeline', 'generate_and_insert_data', 'scheduled__2023-01-01T05:10:00+00:00', '--job-id', '54', '--raw', '--subdir', 'DAGS_FOLDER/ecomm_dag.py', '--cfg-path', '/tmp/tmps68_6zc3']
[2024-06-28T18:21:38.192+0000] {standard_task_runner.py:91} INFO - Job 54: Subtask generate_and_insert_data
[2024-06-28T18:21:38.208+0000] {task_command.py:426} INFO - Running <TaskInstance: ecomm_data_pipeline.generate_and_insert_data scheduled__2023-01-01T05:10:00+00:00 [running]> on host 6570e5857071
[2024-06-28T18:21:38.236+0000] {taskinstance.py:2648} INFO - Exporting env vars: AIRFLOW_CTX_DAG_OWNER='airflow' AIRFLOW_CTX_DAG_ID='ecomm_data_pipeline' AIRFLOW_CTX_TASK_ID='generate_and_insert_data' AIRFLOW_CTX_EXECUTION_DATE='2023-01-01T05:10:00+00:00' AIRFLOW_CTX_TRY_NUMBER='1' AIRFLOW_CTX_DAG_RUN_ID='scheduled__2023-01-01T05:10:00+00:00'
[2024-06-28T18:21:38.236+0000] {taskinstance.py:430} INFO - ::endgroup::
[2024-06-28T18:21:38.293+0000] {logging_mixin.py:188} INFO - Error in generate_and_insert_data: Command '['python3', '/opt/airflow/generator/ecomm_generator.py']' returned non-zero exit status 1.
[2024-06-28T18:21:38.294+0000] {logging_mixin.py:188} INFO - stdout: 
[2024-06-28T18:21:38.294+0000] {logging_mixin.py:188} INFO - stderr: Traceback (most recent call last):
  File "/opt/airflow/generator/ecomm_generator.py", line 4, in <module>
    from faker import Faker
ModuleNotFoundError: No module named 'faker'
[2024-06-28T18:21:38.294+0000] {python.py:237} INFO - Done. Returned value was: None
[2024-06-28T18:21:38.294+0000] {taskinstance.py:441} INFO - ::group::Post task execution logs
[2024-06-28T18:21:38.299+0000] {taskinstance.py:1206} INFO - Marking task as SUCCESS. dag_id=ecomm_data_pipeline, task_id=generate_and_insert_data, run_id=scheduled__2023-01-01T05:10:00+00:00, execution_date=20230101T051000, start_date=20240628T182138, end_date=20240628T182138
[2024-06-28T18:21:38.336+0000] {local_task_job_runner.py:240} INFO - Task exited with return code 0
[2024-06-28T18:21:38.344+0000] {taskinstance.py:3503} INFO - 0 downstream tasks scheduled from follow-on schedule check
[2024-06-28T18:21:38.344+0000] {local_task_job_runner.py:222} INFO - ::endgroup::
[2024-06-28T18:31:35.121+0000] {local_task_job_runner.py:120} INFO - ::group::Pre task execution logs
[2024-06-28T18:31:35.131+0000] {taskinstance.py:2076} INFO - Dependencies all met for dep_context=non-requeueable deps ti=<TaskInstance: ecomm_data_pipeline.generate_and_insert_data scheduled__2023-01-01T05:10:00+00:00 [queued]>
[2024-06-28T18:31:35.133+0000] {taskinstance.py:2076} INFO - Dependencies all met for dep_context=requeueable deps ti=<TaskInstance: ecomm_data_pipeline.generate_and_insert_data scheduled__2023-01-01T05:10:00+00:00 [queued]>
[2024-06-28T18:31:35.133+0000] {taskinstance.py:2306} INFO - Starting attempt 1 of 2
[2024-06-28T18:31:35.138+0000] {taskinstance.py:2330} INFO - Executing <Task(PythonOperator): generate_and_insert_data> on 2023-01-01 05:10:00+00:00
[2024-06-28T18:31:35.139+0000] {standard_task_runner.py:63} INFO - Started process 718 to run task
[2024-06-28T18:31:35.140+0000] {standard_task_runner.py:90} INFO - Running: ['airflow', 'tasks', 'run', 'ecomm_data_pipeline', 'generate_and_insert_data', 'scheduled__2023-01-01T05:10:00+00:00', '--job-id', '50', '--raw', '--subdir', 'DAGS_FOLDER/ecomm_dag.py', '--cfg-path', '/tmp/tmpuqhazyjm']
[2024-06-28T18:31:35.141+0000] {standard_task_runner.py:91} INFO - Job 50: Subtask generate_and_insert_data
[2024-06-28T18:31:35.157+0000] {task_command.py:426} INFO - Running <TaskInstance: ecomm_data_pipeline.generate_and_insert_data scheduled__2023-01-01T05:10:00+00:00 [running]> on host 50bf780463b8
[2024-06-28T18:31:35.186+0000] {taskinstance.py:2648} INFO - Exporting env vars: AIRFLOW_CTX_DAG_OWNER='airflow' AIRFLOW_CTX_DAG_ID='ecomm_data_pipeline' AIRFLOW_CTX_TASK_ID='generate_and_insert_data' AIRFLOW_CTX_EXECUTION_DATE='2023-01-01T05:10:00+00:00' AIRFLOW_CTX_TRY_NUMBER='1' AIRFLOW_CTX_DAG_RUN_ID='scheduled__2023-01-01T05:10:00+00:00'
[2024-06-28T18:31:35.186+0000] {taskinstance.py:430} INFO - ::endgroup::
[2024-06-28T18:31:35.243+0000] {logging_mixin.py:188} INFO - Error in generate_and_insert_data: Command '['python3', '/opt/airflow/generator/ecomm_generator.py']' returned non-zero exit status 1.
[2024-06-28T18:31:35.243+0000] {logging_mixin.py:188} INFO - stdout: 
[2024-06-28T18:31:35.243+0000] {logging_mixin.py:188} INFO - stderr: Traceback (most recent call last):
  File "/opt/airflow/generator/ecomm_generator.py", line 4, in <module>
    from faker import Faker
ModuleNotFoundError: No module named 'faker'
[2024-06-28T18:31:35.244+0000] {python.py:237} INFO - Done. Returned value was: None
[2024-06-28T18:31:35.244+0000] {taskinstance.py:441} INFO - ::group::Post task execution logs
[2024-06-28T18:31:35.248+0000] {taskinstance.py:1206} INFO - Marking task as SUCCESS. dag_id=ecomm_data_pipeline, task_id=generate_and_insert_data, run_id=scheduled__2023-01-01T05:10:00+00:00, execution_date=20230101T051000, start_date=20240628T183135, end_date=20240628T183135
[2024-06-28T18:31:35.288+0000] {local_task_job_runner.py:240} INFO - Task exited with return code 0
[2024-06-28T18:31:35.295+0000] {taskinstance.py:3503} INFO - 0 downstream tasks scheduled from follow-on schedule check
[2024-06-28T18:31:35.296+0000] {local_task_job_runner.py:222} INFO - ::endgroup::
[2024-06-29T21:37:34.880+0000] {local_task_job_runner.py:120} INFO - ::group::Pre task execution logs
[2024-06-29T21:37:34.890+0000] {taskinstance.py:2076} INFO - Dependencies all met for dep_context=non-requeueable deps ti=<TaskInstance: ecomm_data_pipeline.generate_and_insert_data scheduled__2023-01-01T05:10:00+00:00 [queued]>
[2024-06-29T21:37:34.893+0000] {taskinstance.py:2076} INFO - Dependencies all met for dep_context=requeueable deps ti=<TaskInstance: ecomm_data_pipeline.generate_and_insert_data scheduled__2023-01-01T05:10:00+00:00 [queued]>
[2024-06-29T21:37:34.893+0000] {taskinstance.py:2306} INFO - Starting attempt 1 of 2
[2024-06-29T21:37:34.898+0000] {taskinstance.py:2330} INFO - Executing <Task(PythonOperator): generate_and_insert_data> on 2023-01-01 05:10:00+00:00
[2024-06-29T21:37:34.900+0000] {standard_task_runner.py:63} INFO - Started process 493 to run task
[2024-06-29T21:37:34.901+0000] {standard_task_runner.py:90} INFO - Running: ['airflow', 'tasks', 'run', 'ecomm_data_pipeline', 'generate_and_insert_data', 'scheduled__2023-01-01T05:10:00+00:00', '--job-id', '33', '--raw', '--subdir', 'DAGS_FOLDER/ecomm_dag.py', '--cfg-path', '/tmp/tmpya2lnx8g']
[2024-06-29T21:37:34.902+0000] {standard_task_runner.py:91} INFO - Job 33: Subtask generate_and_insert_data
[2024-06-29T21:37:34.920+0000] {task_command.py:426} INFO - Running <TaskInstance: ecomm_data_pipeline.generate_and_insert_data scheduled__2023-01-01T05:10:00+00:00 [running]> on host afcb6fbf9265
[2024-06-29T21:37:34.952+0000] {taskinstance.py:2648} INFO - Exporting env vars: AIRFLOW_CTX_DAG_OWNER='airflow' AIRFLOW_CTX_DAG_ID='ecomm_data_pipeline' AIRFLOW_CTX_TASK_ID='generate_and_insert_data' AIRFLOW_CTX_EXECUTION_DATE='2023-01-01T05:10:00+00:00' AIRFLOW_CTX_TRY_NUMBER='1' AIRFLOW_CTX_DAG_RUN_ID='scheduled__2023-01-01T05:10:00+00:00'
[2024-06-29T21:37:34.952+0000] {taskinstance.py:430} INFO - ::endgroup::
[2024-06-29T21:37:35.010+0000] {logging_mixin.py:188} INFO - Error in generate_and_insert_data: Command '['python3', '/opt/airflow/generator/ecomm_generator.py']' returned non-zero exit status 1.
[2024-06-29T21:37:35.011+0000] {logging_mixin.py:188} INFO - stdout: 
[2024-06-29T21:37:35.011+0000] {logging_mixin.py:188} INFO - stderr: Traceback (most recent call last):
  File "/opt/airflow/generator/ecomm_generator.py", line 4, in <module>
    from faker import Faker
ModuleNotFoundError: No module named 'faker'
[2024-06-29T21:37:35.011+0000] {python.py:237} INFO - Done. Returned value was: None
[2024-06-29T21:37:35.011+0000] {taskinstance.py:441} INFO - ::group::Post task execution logs
[2024-06-29T21:37:35.016+0000] {taskinstance.py:1206} INFO - Marking task as SUCCESS. dag_id=ecomm_data_pipeline, task_id=generate_and_insert_data, run_id=scheduled__2023-01-01T05:10:00+00:00, execution_date=20230101T051000, start_date=20240629T213734, end_date=20240629T213735
[2024-06-29T21:37:35.048+0000] {local_task_job_runner.py:240} INFO - Task exited with return code 0
[2024-06-29T21:37:35.055+0000] {taskinstance.py:3503} INFO - 0 downstream tasks scheduled from follow-on schedule check
[2024-06-29T21:37:35.055+0000] {local_task_job_runner.py:222} INFO - ::endgroup::
[2024-06-29T21:49:51.663+0000] {local_task_job_runner.py:120} INFO - ::group::Pre task execution logs
[2024-06-29T21:49:51.674+0000] {taskinstance.py:2076} INFO - Dependencies all met for dep_context=non-requeueable deps ti=<TaskInstance: ecomm_data_pipeline.generate_and_insert_data scheduled__2023-01-01T05:10:00+00:00 [queued]>
[2024-06-29T21:49:51.676+0000] {taskinstance.py:2076} INFO - Dependencies all met for dep_context=requeueable deps ti=<TaskInstance: ecomm_data_pipeline.generate_and_insert_data scheduled__2023-01-01T05:10:00+00:00 [queued]>
[2024-06-29T21:49:51.677+0000] {taskinstance.py:2306} INFO - Starting attempt 1 of 2
[2024-06-29T21:49:51.681+0000] {taskinstance.py:2330} INFO - Executing <Task(PythonOperator): generate_and_insert_data> on 2023-01-01 05:10:00+00:00
[2024-06-29T21:49:51.683+0000] {standard_task_runner.py:63} INFO - Started process 494 to run task
[2024-06-29T21:49:51.684+0000] {standard_task_runner.py:90} INFO - Running: ['airflow', 'tasks', 'run', 'ecomm_data_pipeline', 'generate_and_insert_data', 'scheduled__2023-01-01T05:10:00+00:00', '--job-id', '33', '--raw', '--subdir', 'DAGS_FOLDER/ecomm_dag.py', '--cfg-path', '/tmp/tmp52pf_7pn']
[2024-06-29T21:49:51.685+0000] {standard_task_runner.py:91} INFO - Job 33: Subtask generate_and_insert_data
[2024-06-29T21:49:51.702+0000] {task_command.py:426} INFO - Running <TaskInstance: ecomm_data_pipeline.generate_and_insert_data scheduled__2023-01-01T05:10:00+00:00 [running]> on host 0b7af056b90c
[2024-06-29T21:49:51.732+0000] {taskinstance.py:2648} INFO - Exporting env vars: AIRFLOW_CTX_DAG_OWNER='airflow' AIRFLOW_CTX_DAG_ID='ecomm_data_pipeline' AIRFLOW_CTX_TASK_ID='generate_and_insert_data' AIRFLOW_CTX_EXECUTION_DATE='2023-01-01T05:10:00+00:00' AIRFLOW_CTX_TRY_NUMBER='1' AIRFLOW_CTX_DAG_RUN_ID='scheduled__2023-01-01T05:10:00+00:00'
[2024-06-29T21:49:51.733+0000] {taskinstance.py:430} INFO - ::endgroup::
[2024-06-29T21:49:51.791+0000] {logging_mixin.py:188} INFO - Error in generate_and_insert_data: Command '['python3', '/opt/airflow/generator/ecomm_generator.py']' returned non-zero exit status 1.
[2024-06-29T21:49:51.792+0000] {logging_mixin.py:188} INFO - stdout: 
[2024-06-29T21:49:51.792+0000] {logging_mixin.py:188} INFO - stderr: Traceback (most recent call last):
  File "/opt/airflow/generator/ecomm_generator.py", line 4, in <module>
    from faker import Faker
ModuleNotFoundError: No module named 'faker'
[2024-06-29T21:49:51.792+0000] {python.py:237} INFO - Done. Returned value was: None
[2024-06-29T21:49:51.792+0000] {taskinstance.py:441} INFO - ::group::Post task execution logs
[2024-06-29T21:49:51.797+0000] {taskinstance.py:1206} INFO - Marking task as SUCCESS. dag_id=ecomm_data_pipeline, task_id=generate_and_insert_data, run_id=scheduled__2023-01-01T05:10:00+00:00, execution_date=20230101T051000, start_date=20240629T214951, end_date=20240629T214951
[2024-06-29T21:49:51.822+0000] {local_task_job_runner.py:240} INFO - Task exited with return code 0
[2024-06-29T21:49:51.829+0000] {taskinstance.py:3503} INFO - 0 downstream tasks scheduled from follow-on schedule check
[2024-06-29T21:49:51.829+0000] {local_task_job_runner.py:222} INFO - ::endgroup::
[2024-06-29T22:01:24.093+0000] {local_task_job_runner.py:120} INFO - ::group::Pre task execution logs
[2024-06-29T22:01:24.104+0000] {taskinstance.py:2076} INFO - Dependencies all met for dep_context=non-requeueable deps ti=<TaskInstance: ecomm_data_pipeline.generate_and_insert_data scheduled__2023-01-01T05:10:00+00:00 [queued]>
[2024-06-29T22:01:24.106+0000] {taskinstance.py:2076} INFO - Dependencies all met for dep_context=requeueable deps ti=<TaskInstance: ecomm_data_pipeline.generate_and_insert_data scheduled__2023-01-01T05:10:00+00:00 [queued]>
[2024-06-29T22:01:24.106+0000] {taskinstance.py:2306} INFO - Starting attempt 1 of 2
[2024-06-29T22:01:24.111+0000] {taskinstance.py:2330} INFO - Executing <Task(PythonOperator): generate_and_insert_data> on 2023-01-01 05:10:00+00:00
[2024-06-29T22:01:24.113+0000] {standard_task_runner.py:63} INFO - Started process 493 to run task
[2024-06-29T22:01:24.114+0000] {standard_task_runner.py:90} INFO - Running: ['airflow', 'tasks', 'run', 'ecomm_data_pipeline', 'generate_and_insert_data', 'scheduled__2023-01-01T05:10:00+00:00', '--job-id', '33', '--raw', '--subdir', 'DAGS_FOLDER/ecomm_dag.py', '--cfg-path', '/tmp/tmpgen3_9uc']
[2024-06-29T22:01:24.115+0000] {standard_task_runner.py:91} INFO - Job 33: Subtask generate_and_insert_data
[2024-06-29T22:01:24.133+0000] {task_command.py:426} INFO - Running <TaskInstance: ecomm_data_pipeline.generate_and_insert_data scheduled__2023-01-01T05:10:00+00:00 [running]> on host 799998b0d26e
[2024-06-29T22:01:24.163+0000] {taskinstance.py:2648} INFO - Exporting env vars: AIRFLOW_CTX_DAG_OWNER='airflow' AIRFLOW_CTX_DAG_ID='ecomm_data_pipeline' AIRFLOW_CTX_TASK_ID='generate_and_insert_data' AIRFLOW_CTX_EXECUTION_DATE='2023-01-01T05:10:00+00:00' AIRFLOW_CTX_TRY_NUMBER='1' AIRFLOW_CTX_DAG_RUN_ID='scheduled__2023-01-01T05:10:00+00:00'
[2024-06-29T22:01:24.164+0000] {taskinstance.py:430} INFO - ::endgroup::
[2024-06-29T22:01:24.223+0000] {logging_mixin.py:188} INFO - Error in generate_and_insert_data: Command '['python3', '/opt/airflow/generator/ecomm_generator.py']' returned non-zero exit status 1.
[2024-06-29T22:01:24.223+0000] {logging_mixin.py:188} INFO - stdout: 
[2024-06-29T22:01:24.223+0000] {logging_mixin.py:188} INFO - stderr: Traceback (most recent call last):
  File "/opt/airflow/generator/ecomm_generator.py", line 4, in <module>
    from faker import Faker
ModuleNotFoundError: No module named 'faker'
[2024-06-29T22:01:24.224+0000] {python.py:237} INFO - Done. Returned value was: None
[2024-06-29T22:01:24.224+0000] {taskinstance.py:441} INFO - ::group::Post task execution logs
[2024-06-29T22:01:24.229+0000] {taskinstance.py:1206} INFO - Marking task as SUCCESS. dag_id=ecomm_data_pipeline, task_id=generate_and_insert_data, run_id=scheduled__2023-01-01T05:10:00+00:00, execution_date=20230101T051000, start_date=20240629T220124, end_date=20240629T220124
[2024-06-29T22:01:24.262+0000] {local_task_job_runner.py:240} INFO - Task exited with return code 0
[2024-06-29T22:01:24.269+0000] {taskinstance.py:3503} INFO - 0 downstream tasks scheduled from follow-on schedule check
[2024-06-29T22:01:24.270+0000] {local_task_job_runner.py:222} INFO - ::endgroup::
