[2024-06-29T22:05:30.785+0000] {local_task_job_runner.py:120} INFO - ::group::Pre task execution logs
[2024-06-29T22:05:30.797+0000] {taskinstance.py:2076} INFO - Dependencies all met for dep_context=non-requeueable deps ti=<TaskInstance: ecomm_data_pipeline.generate_and_insert_data scheduled__2023-01-02T02:50:00+00:00 [queued]>
[2024-06-29T22:05:30.800+0000] {taskinstance.py:2076} INFO - Dependencies all met for dep_context=requeueable deps ti=<TaskInstance: ecomm_data_pipeline.generate_and_insert_data scheduled__2023-01-02T02:50:00+00:00 [queued]>
[2024-06-29T22:05:30.800+0000] {taskinstance.py:2306} INFO - Starting attempt 1 of 2
[2024-06-29T22:05:30.805+0000] {taskinstance.py:2330} INFO - Executing <Task(PythonOperator): generate_and_insert_data> on 2023-01-02 02:50:00+00:00
[2024-06-29T22:05:30.807+0000] {standard_task_runner.py:63} INFO - Started process 2385 to run task
[2024-06-29T22:05:30.809+0000] {standard_task_runner.py:90} INFO - Running: ['airflow', 'tasks', 'run', 'ecomm_data_pipeline', 'generate_and_insert_data', 'scheduled__2023-01-02T02:50:00+00:00', '--job-id', '163', '--raw', '--subdir', 'DAGS_FOLDER/ecomm_dag.py', '--cfg-path', '/tmp/tmp1m5zvmec']
[2024-06-29T22:05:30.810+0000] {standard_task_runner.py:91} INFO - Job 163: Subtask generate_and_insert_data
[2024-06-29T22:05:30.832+0000] {task_command.py:426} INFO - Running <TaskInstance: ecomm_data_pipeline.generate_and_insert_data scheduled__2023-01-02T02:50:00+00:00 [running]> on host 799998b0d26e
[2024-06-29T22:05:30.871+0000] {taskinstance.py:2648} INFO - Exporting env vars: AIRFLOW_CTX_DAG_OWNER='airflow' AIRFLOW_CTX_DAG_ID='ecomm_data_pipeline' AIRFLOW_CTX_TASK_ID='generate_and_insert_data' AIRFLOW_CTX_EXECUTION_DATE='2023-01-02T02:50:00+00:00' AIRFLOW_CTX_TRY_NUMBER='1' AIRFLOW_CTX_DAG_RUN_ID='scheduled__2023-01-02T02:50:00+00:00'
[2024-06-29T22:05:30.872+0000] {taskinstance.py:430} INFO - ::endgroup::
[2024-06-29T22:05:30.931+0000] {logging_mixin.py:188} INFO - Error in generate_and_insert_data: Command '['python3', '/opt/airflow/generator/ecomm_generator.py']' returned non-zero exit status 1.
[2024-06-29T22:05:30.932+0000] {logging_mixin.py:188} INFO - stdout: 
[2024-06-29T22:05:30.932+0000] {logging_mixin.py:188} INFO - stderr: Traceback (most recent call last):
  File "/opt/airflow/generator/ecomm_generator.py", line 4, in <module>
    from faker import Faker
ModuleNotFoundError: No module named 'faker'
[2024-06-29T22:05:30.932+0000] {python.py:237} INFO - Done. Returned value was: None
[2024-06-29T22:05:30.932+0000] {taskinstance.py:441} INFO - ::group::Post task execution logs
[2024-06-29T22:05:30.937+0000] {taskinstance.py:1206} INFO - Marking task as SUCCESS. dag_id=ecomm_data_pipeline, task_id=generate_and_insert_data, run_id=scheduled__2023-01-02T02:50:00+00:00, execution_date=20230102T025000, start_date=20240629T220530, end_date=20240629T220530
[2024-06-29T22:05:30.952+0000] {local_task_job_runner.py:240} INFO - Task exited with return code 0
[2024-06-29T22:05:30.959+0000] {taskinstance.py:3503} INFO - 0 downstream tasks scheduled from follow-on schedule check
[2024-06-29T22:05:30.960+0000] {local_task_job_runner.py:222} INFO - ::endgroup::
