[2024-06-27T22:35:05.989+0000] {local_task_job_runner.py:120} INFO - ::group::Pre task execution logs
[2024-06-27T22:35:05.999+0000] {taskinstance.py:2076} INFO - Dependencies all met for dep_context=non-requeueable deps ti=<TaskInstance: ecomm_data_pipeline.generate_and_insert_data scheduled__2023-01-01T10:10:00+00:00 [queued]>
[2024-06-27T22:35:06.001+0000] {taskinstance.py:2076} INFO - Dependencies all met for dep_context=requeueable deps ti=<TaskInstance: ecomm_data_pipeline.generate_and_insert_data scheduled__2023-01-01T10:10:00+00:00 [queued]>
[2024-06-27T22:35:06.001+0000] {taskinstance.py:2306} INFO - Starting attempt 1 of 2
[2024-06-27T22:35:06.005+0000] {taskinstance.py:2330} INFO - Executing <Task(PythonOperator): generate_and_insert_data> on 2023-01-01 10:10:00+00:00
[2024-06-27T22:35:06.007+0000] {standard_task_runner.py:63} INFO - Started process 1158 to run task
[2024-06-27T22:35:06.008+0000] {standard_task_runner.py:90} INFO - Running: ['airflow', 'tasks', 'run', 'ecomm_data_pipeline', 'generate_and_insert_data', 'scheduled__2023-01-01T10:10:00+00:00', '--job-id', '80', '--raw', '--subdir', 'DAGS_FOLDER/ecomm_dag.py', '--cfg-path', '/tmp/tmpxhni2mhy']
[2024-06-27T22:35:06.009+0000] {standard_task_runner.py:91} INFO - Job 80: Subtask generate_and_insert_data
[2024-06-27T22:35:06.025+0000] {task_command.py:426} INFO - Running <TaskInstance: ecomm_data_pipeline.generate_and_insert_data scheduled__2023-01-01T10:10:00+00:00 [running]> on host 9174587f6b1d
[2024-06-27T22:35:06.053+0000] {taskinstance.py:2648} INFO - Exporting env vars: AIRFLOW_CTX_DAG_OWNER='airflow' AIRFLOW_CTX_DAG_ID='ecomm_data_pipeline' AIRFLOW_CTX_TASK_ID='generate_and_insert_data' AIRFLOW_CTX_EXECUTION_DATE='2023-01-01T10:10:00+00:00' AIRFLOW_CTX_TRY_NUMBER='1' AIRFLOW_CTX_DAG_RUN_ID='scheduled__2023-01-01T10:10:00+00:00'
[2024-06-27T22:35:06.053+0000] {taskinstance.py:430} INFO - ::endgroup::
[2024-06-27T22:35:06.086+0000] {logging_mixin.py:188} INFO - Error in generate_and_insert_data: Command '['python3', './generator/ecomm_generator.py']' returned non-zero exit status 2.
[2024-06-27T22:35:06.087+0000] {python.py:237} INFO - Done. Returned value was: None
[2024-06-27T22:35:06.087+0000] {taskinstance.py:441} INFO - ::group::Post task execution logs
[2024-06-27T22:35:06.091+0000] {taskinstance.py:1206} INFO - Marking task as SUCCESS. dag_id=ecomm_data_pipeline, task_id=generate_and_insert_data, run_id=scheduled__2023-01-01T10:10:00+00:00, execution_date=20230101T101000, start_date=20240627T223505, end_date=20240627T223506
[2024-06-27T22:35:06.108+0000] {local_task_job_runner.py:240} INFO - Task exited with return code 0
[2024-06-27T22:35:06.115+0000] {taskinstance.py:3503} INFO - 0 downstream tasks scheduled from follow-on schedule check
[2024-06-27T22:35:06.115+0000] {local_task_job_runner.py:222} INFO - ::endgroup::
[2024-06-28T18:16:10.623+0000] {local_task_job_runner.py:120} INFO - ::group::Pre task execution logs
[2024-06-28T18:16:10.633+0000] {taskinstance.py:2076} INFO - Dependencies all met for dep_context=non-requeueable deps ti=<TaskInstance: ecomm_data_pipeline.generate_and_insert_data scheduled__2023-01-01T10:10:00+00:00 [queued]>
[2024-06-28T18:16:10.635+0000] {taskinstance.py:2076} INFO - Dependencies all met for dep_context=requeueable deps ti=<TaskInstance: ecomm_data_pipeline.generate_and_insert_data scheduled__2023-01-01T10:10:00+00:00 [queued]>
[2024-06-28T18:16:10.635+0000] {taskinstance.py:2306} INFO - Starting attempt 1 of 2
[2024-06-28T18:16:10.639+0000] {taskinstance.py:2330} INFO - Executing <Task(PythonOperator): generate_and_insert_data> on 2023-01-01 10:10:00+00:00
[2024-06-28T18:16:10.642+0000] {standard_task_runner.py:63} INFO - Started process 1750 to run task
[2024-06-28T18:16:10.643+0000] {standard_task_runner.py:90} INFO - Running: ['airflow', 'tasks', 'run', 'ecomm_data_pipeline', 'generate_and_insert_data', 'scheduled__2023-01-01T10:10:00+00:00', '--job-id', '124', '--raw', '--subdir', 'DAGS_FOLDER/ecomm_dag.py', '--cfg-path', '/tmp/tmp9t4yzh0t']
[2024-06-28T18:16:10.643+0000] {standard_task_runner.py:91} INFO - Job 124: Subtask generate_and_insert_data
[2024-06-28T18:16:10.661+0000] {task_command.py:426} INFO - Running <TaskInstance: ecomm_data_pipeline.generate_and_insert_data scheduled__2023-01-01T10:10:00+00:00 [running]> on host 08cefd381a1f
[2024-06-28T18:16:10.689+0000] {taskinstance.py:2648} INFO - Exporting env vars: AIRFLOW_CTX_DAG_OWNER='airflow' AIRFLOW_CTX_DAG_ID='ecomm_data_pipeline' AIRFLOW_CTX_TASK_ID='generate_and_insert_data' AIRFLOW_CTX_EXECUTION_DATE='2023-01-01T10:10:00+00:00' AIRFLOW_CTX_TRY_NUMBER='1' AIRFLOW_CTX_DAG_RUN_ID='scheduled__2023-01-01T10:10:00+00:00'
[2024-06-28T18:16:10.689+0000] {taskinstance.py:430} INFO - ::endgroup::
[2024-06-28T18:16:10.746+0000] {logging_mixin.py:188} INFO - Error in generate_and_insert_data: Command '['python3', '/opt/airflow/generator/ecomm_generator.py']' returned non-zero exit status 1.
[2024-06-28T18:16:10.747+0000] {logging_mixin.py:188} INFO - stdout: 
[2024-06-28T18:16:10.747+0000] {logging_mixin.py:188} INFO - stderr: Traceback (most recent call last):
  File "/opt/airflow/generator/ecomm_generator.py", line 4, in <module>
    from faker import Faker
ModuleNotFoundError: No module named 'faker'
[2024-06-28T18:16:10.747+0000] {python.py:237} INFO - Done. Returned value was: None
[2024-06-28T18:16:10.747+0000] {taskinstance.py:441} INFO - ::group::Post task execution logs
[2024-06-28T18:16:10.752+0000] {taskinstance.py:1206} INFO - Marking task as SUCCESS. dag_id=ecomm_data_pipeline, task_id=generate_and_insert_data, run_id=scheduled__2023-01-01T10:10:00+00:00, execution_date=20230101T101000, start_date=20240628T181610, end_date=20240628T181610
[2024-06-28T18:16:10.798+0000] {local_task_job_runner.py:240} INFO - Task exited with return code 0
[2024-06-28T18:16:10.805+0000] {taskinstance.py:3503} INFO - 0 downstream tasks scheduled from follow-on schedule check
[2024-06-28T18:16:10.806+0000] {local_task_job_runner.py:222} INFO - ::endgroup::
