[2024-07-03T23:49:28.485+0000] {taskinstance.py:1103} INFO - Dependencies all met for dep_context=non-requeueable deps ti=<TaskInstance: marketing_generator.generate_data scheduled__2024-07-02T10:00:00+00:00 [queued]>
[2024-07-03T23:49:28.491+0000] {taskinstance.py:1103} INFO - Dependencies all met for dep_context=requeueable deps ti=<TaskInstance: marketing_generator.generate_data scheduled__2024-07-02T10:00:00+00:00 [queued]>
[2024-07-03T23:49:28.491+0000] {taskinstance.py:1308} INFO - Starting attempt 1 of 2
[2024-07-03T23:49:28.499+0000] {taskinstance.py:1327} INFO - Executing <Task(PythonOperator): generate_data> on 2024-07-02 10:00:00+00:00
[2024-07-03T23:49:28.501+0000] {standard_task_runner.py:57} INFO - Started process 787 to run task
[2024-07-03T23:49:28.503+0000] {standard_task_runner.py:84} INFO - Running: ['airflow', 'tasks', 'run', 'marketing_generator', 'generate_data', 'scheduled__2024-07-02T10:00:00+00:00', '--job-id', '561', '--raw', '--subdir', 'DAGS_FOLDER/marketing_generator_dag.py', '--cfg-path', '/tmp/tmp5j7whjx_']
[2024-07-03T23:49:28.505+0000] {standard_task_runner.py:85} INFO - Job 561: Subtask generate_data
[2024-07-03T23:49:28.542+0000] {task_command.py:410} INFO - Running <TaskInstance: marketing_generator.generate_data scheduled__2024-07-02T10:00:00+00:00 [running]> on host a4053733dbc4
[2024-07-03T23:49:28.596+0000] {taskinstance.py:1545} INFO - Exporting env vars: AIRFLOW_CTX_DAG_OWNER='airflow' AIRFLOW_CTX_DAG_ID='marketing_generator' AIRFLOW_CTX_TASK_ID='generate_data' AIRFLOW_CTX_EXECUTION_DATE='2024-07-02T10:00:00+00:00' AIRFLOW_CTX_TRY_NUMBER='1' AIRFLOW_CTX_DAG_RUN_ID='scheduled__2024-07-02T10:00:00+00:00'
[2024-07-03T23:49:28.597+0000] {logging_mixin.py:149} INFO - Running data generation script...
[2024-07-03T23:49:28.958+0000] {logging_mixin.py:149} INFO - 2024-07-03 23:49:28,778 - INFO - Generating fake Google Search marketing data...
2024-07-03 23:49:28,792 - INFO - Generated 1000 Google Search marketing data records.
2024-07-03 23:49:28,792 - INFO - Generating fake Email Marketing data...
2024-07-03 23:49:28,905 - INFO - Generated 1000 Email Marketing data records.
2024-07-03 23:49:28,905 - INFO - Generating fake Facebook data...
2024-07-03 23:49:28,920 - INFO - Generated 1000 Facebook data records.
2024-07-03 23:49:28,920 - INFO - Writing generated data to JSON files...
2024-07-03 23:49:28,951 - INFO - Data generation complete. Sleeping for 10 minutes...
[2024-07-03T23:49:28.958+0000] {python.py:183} INFO - Done. Returned value was: None
[2024-07-03T23:49:28.965+0000] {taskinstance.py:1345} INFO - Marking task as SUCCESS. dag_id=marketing_generator, task_id=generate_data, execution_date=20240702T100000, start_date=20240703T234928, end_date=20240703T234928
[2024-07-03T23:49:28.989+0000] {local_task_job_runner.py:225} INFO - Task exited with return code 0
[2024-07-03T23:49:29.002+0000] {taskinstance.py:2651} INFO - 3 downstream tasks scheduled from follow-on schedule check
