[2024-06-27T22:33:02.245+0000] {local_task_job_runner.py:120} INFO - ::group::Pre task execution logs
[2024-06-27T22:33:02.255+0000] {taskinstance.py:2076} INFO - Dependencies all met for dep_context=non-requeueable deps ti=<TaskInstance: example_dag.generate_and_insert_data scheduled__2023-01-01T00:40:00+00:00 [queued]>
[2024-06-27T22:33:02.257+0000] {taskinstance.py:2076} INFO - Dependencies all met for dep_context=requeueable deps ti=<TaskInstance: example_dag.generate_and_insert_data scheduled__2023-01-01T00:40:00+00:00 [queued]>
[2024-06-27T22:33:02.257+0000] {taskinstance.py:2306} INFO - Starting attempt 1 of 2
[2024-06-27T22:33:02.262+0000] {taskinstance.py:2330} INFO - Executing <Task(PythonOperator): generate_and_insert_data> on 2023-01-01 00:40:00+00:00
[2024-06-27T22:33:02.264+0000] {standard_task_runner.py:63} INFO - Started process 165 to run task
[2024-06-27T22:33:02.265+0000] {standard_task_runner.py:90} INFO - Running: ['airflow', 'tasks', 'run', 'example_dag', 'generate_and_insert_data', 'scheduled__2023-01-01T00:40:00+00:00', '--job-id', '11', '--raw', '--subdir', 'DAGS_FOLDER/example_dag.py', '--cfg-path', '/tmp/tmpof4k2lpy']
[2024-06-27T22:33:02.265+0000] {standard_task_runner.py:91} INFO - Job 11: Subtask generate_and_insert_data
[2024-06-27T22:33:02.281+0000] {task_command.py:426} INFO - Running <TaskInstance: example_dag.generate_and_insert_data scheduled__2023-01-01T00:40:00+00:00 [running]> on host 9174587f6b1d
[2024-06-27T22:33:02.308+0000] {taskinstance.py:2648} INFO - Exporting env vars: AIRFLOW_CTX_DAG_OWNER='airflow' AIRFLOW_CTX_DAG_ID='example_dag' AIRFLOW_CTX_TASK_ID='generate_and_insert_data' AIRFLOW_CTX_EXECUTION_DATE='2023-01-01T00:40:00+00:00' AIRFLOW_CTX_TRY_NUMBER='1' AIRFLOW_CTX_DAG_RUN_ID='scheduled__2023-01-01T00:40:00+00:00'
[2024-06-27T22:33:02.308+0000] {taskinstance.py:430} INFO - ::endgroup::
[2024-06-27T22:33:02.312+0000] {python.py:237} INFO - Done. Returned value was: None
[2024-06-27T22:33:02.313+0000] {taskinstance.py:441} INFO - ::group::Post task execution logs
[2024-06-27T22:33:02.317+0000] {taskinstance.py:1206} INFO - Marking task as SUCCESS. dag_id=example_dag, task_id=generate_and_insert_data, run_id=scheduled__2023-01-01T00:40:00+00:00, execution_date=20230101T004000, start_date=20240627T223302, end_date=20240627T223302
[2024-06-27T22:33:02.324+0000] {local_task_job_runner.py:240} INFO - Task exited with return code 0
[2024-06-27T22:33:02.330+0000] {taskinstance.py:3503} INFO - 0 downstream tasks scheduled from follow-on schedule check
[2024-06-27T22:33:02.331+0000] {local_task_job_runner.py:222} INFO - ::endgroup::
[2024-06-27T22:51:52.423+0000] {local_task_job_runner.py:120} INFO - ::group::Pre task execution logs
[2024-06-27T22:51:52.433+0000] {taskinstance.py:2076} INFO - Dependencies all met for dep_context=non-requeueable deps ti=<TaskInstance: example_dag.generate_and_insert_data scheduled__2023-01-01T00:40:00+00:00 [queued]>
[2024-06-27T22:51:52.435+0000] {taskinstance.py:2076} INFO - Dependencies all met for dep_context=requeueable deps ti=<TaskInstance: example_dag.generate_and_insert_data scheduled__2023-01-01T00:40:00+00:00 [queued]>
[2024-06-27T22:51:52.435+0000] {taskinstance.py:2306} INFO - Starting attempt 1 of 2
[2024-06-27T22:51:52.440+0000] {taskinstance.py:2330} INFO - Executing <Task(PythonOperator): generate_and_insert_data> on 2023-01-01 00:40:00+00:00
[2024-06-27T22:51:52.442+0000] {standard_task_runner.py:63} INFO - Started process 165 to run task
[2024-06-27T22:51:52.443+0000] {standard_task_runner.py:90} INFO - Running: ['airflow', 'tasks', 'run', 'example_dag', 'generate_and_insert_data', 'scheduled__2023-01-01T00:40:00+00:00', '--job-id', '11', '--raw', '--subdir', 'DAGS_FOLDER/example_dag.py', '--cfg-path', '/tmp/tmpr0qawab7']
[2024-06-27T22:51:52.444+0000] {standard_task_runner.py:91} INFO - Job 11: Subtask generate_and_insert_data
[2024-06-27T22:51:52.460+0000] {task_command.py:426} INFO - Running <TaskInstance: example_dag.generate_and_insert_data scheduled__2023-01-01T00:40:00+00:00 [running]> on host a70edf9d8581
[2024-06-27T22:51:52.487+0000] {taskinstance.py:2648} INFO - Exporting env vars: AIRFLOW_CTX_DAG_OWNER='airflow' AIRFLOW_CTX_DAG_ID='example_dag' AIRFLOW_CTX_TASK_ID='generate_and_insert_data' AIRFLOW_CTX_EXECUTION_DATE='2023-01-01T00:40:00+00:00' AIRFLOW_CTX_TRY_NUMBER='1' AIRFLOW_CTX_DAG_RUN_ID='scheduled__2023-01-01T00:40:00+00:00'
[2024-06-27T22:51:52.487+0000] {taskinstance.py:430} INFO - ::endgroup::
[2024-06-27T22:51:52.491+0000] {python.py:237} INFO - Done. Returned value was: None
[2024-06-27T22:51:52.492+0000] {taskinstance.py:441} INFO - ::group::Post task execution logs
[2024-06-27T22:51:52.495+0000] {taskinstance.py:1206} INFO - Marking task as SUCCESS. dag_id=example_dag, task_id=generate_and_insert_data, run_id=scheduled__2023-01-01T00:40:00+00:00, execution_date=20230101T004000, start_date=20240627T225152, end_date=20240627T225152
[2024-06-27T22:51:52.509+0000] {local_task_job_runner.py:240} INFO - Task exited with return code 0
[2024-06-27T22:51:52.515+0000] {taskinstance.py:3503} INFO - 0 downstream tasks scheduled from follow-on schedule check
[2024-06-27T22:51:52.516+0000] {local_task_job_runner.py:222} INFO - ::endgroup::
[2024-06-27T22:59:35.844+0000] {local_task_job_runner.py:120} INFO - ::group::Pre task execution logs
[2024-06-27T22:59:35.854+0000] {taskinstance.py:2076} INFO - Dependencies all met for dep_context=non-requeueable deps ti=<TaskInstance: example_dag.generate_and_insert_data scheduled__2023-01-01T00:40:00+00:00 [queued]>
[2024-06-27T22:59:35.857+0000] {taskinstance.py:2076} INFO - Dependencies all met for dep_context=requeueable deps ti=<TaskInstance: example_dag.generate_and_insert_data scheduled__2023-01-01T00:40:00+00:00 [queued]>
[2024-06-27T22:59:35.857+0000] {taskinstance.py:2306} INFO - Starting attempt 1 of 2
[2024-06-27T22:59:35.861+0000] {taskinstance.py:2330} INFO - Executing <Task(PythonOperator): generate_and_insert_data> on 2023-01-01 00:40:00+00:00
[2024-06-27T22:59:35.863+0000] {standard_task_runner.py:63} INFO - Started process 165 to run task
[2024-06-27T22:59:35.864+0000] {standard_task_runner.py:90} INFO - Running: ['airflow', 'tasks', 'run', 'example_dag', 'generate_and_insert_data', 'scheduled__2023-01-01T00:40:00+00:00', '--job-id', '11', '--raw', '--subdir', 'DAGS_FOLDER/example_dag.py', '--cfg-path', '/tmp/tmp9f09d4y2']
[2024-06-27T22:59:35.865+0000] {standard_task_runner.py:91} INFO - Job 11: Subtask generate_and_insert_data
[2024-06-27T22:59:35.881+0000] {task_command.py:426} INFO - Running <TaskInstance: example_dag.generate_and_insert_data scheduled__2023-01-01T00:40:00+00:00 [running]> on host 5cc71d4b298c
[2024-06-27T22:59:35.908+0000] {taskinstance.py:2648} INFO - Exporting env vars: AIRFLOW_CTX_DAG_OWNER='airflow' AIRFLOW_CTX_DAG_ID='example_dag' AIRFLOW_CTX_TASK_ID='generate_and_insert_data' AIRFLOW_CTX_EXECUTION_DATE='2023-01-01T00:40:00+00:00' AIRFLOW_CTX_TRY_NUMBER='1' AIRFLOW_CTX_DAG_RUN_ID='scheduled__2023-01-01T00:40:00+00:00'
[2024-06-27T22:59:35.908+0000] {taskinstance.py:430} INFO - ::endgroup::
[2024-06-27T22:59:35.912+0000] {python.py:237} INFO - Done. Returned value was: None
[2024-06-27T22:59:35.913+0000] {taskinstance.py:441} INFO - ::group::Post task execution logs
[2024-06-27T22:59:35.917+0000] {taskinstance.py:1206} INFO - Marking task as SUCCESS. dag_id=example_dag, task_id=generate_and_insert_data, run_id=scheduled__2023-01-01T00:40:00+00:00, execution_date=20230101T004000, start_date=20240627T225935, end_date=20240627T225935
[2024-06-27T22:59:35.924+0000] {local_task_job_runner.py:240} INFO - Task exited with return code 0
[2024-06-27T22:59:35.930+0000] {taskinstance.py:3503} INFO - 0 downstream tasks scheduled from follow-on schedule check
[2024-06-27T22:59:35.930+0000] {local_task_job_runner.py:222} INFO - ::endgroup::
[2024-06-27T23:09:15.186+0000] {local_task_job_runner.py:120} INFO - ::group::Pre task execution logs
[2024-06-27T23:09:15.196+0000] {taskinstance.py:2076} INFO - Dependencies all met for dep_context=non-requeueable deps ti=<TaskInstance: example_dag.generate_and_insert_data scheduled__2023-01-01T00:40:00+00:00 [queued]>
[2024-06-27T23:09:15.198+0000] {taskinstance.py:2076} INFO - Dependencies all met for dep_context=requeueable deps ti=<TaskInstance: example_dag.generate_and_insert_data scheduled__2023-01-01T00:40:00+00:00 [queued]>
[2024-06-27T23:09:15.198+0000] {taskinstance.py:2306} INFO - Starting attempt 1 of 2
[2024-06-27T23:09:15.203+0000] {taskinstance.py:2330} INFO - Executing <Task(PythonOperator): generate_and_insert_data> on 2023-01-01 00:40:00+00:00
[2024-06-27T23:09:15.204+0000] {standard_task_runner.py:63} INFO - Started process 165 to run task
[2024-06-27T23:09:15.205+0000] {standard_task_runner.py:90} INFO - Running: ['airflow', 'tasks', 'run', 'example_dag', 'generate_and_insert_data', 'scheduled__2023-01-01T00:40:00+00:00', '--job-id', '11', '--raw', '--subdir', 'DAGS_FOLDER/example_dag.py', '--cfg-path', '/tmp/tmphsacc3pw']
[2024-06-27T23:09:15.206+0000] {standard_task_runner.py:91} INFO - Job 11: Subtask generate_and_insert_data
[2024-06-27T23:09:15.223+0000] {task_command.py:426} INFO - Running <TaskInstance: example_dag.generate_and_insert_data scheduled__2023-01-01T00:40:00+00:00 [running]> on host 7147f8a4dc9f
[2024-06-27T23:09:15.250+0000] {taskinstance.py:2648} INFO - Exporting env vars: AIRFLOW_CTX_DAG_OWNER='airflow' AIRFLOW_CTX_DAG_ID='example_dag' AIRFLOW_CTX_TASK_ID='generate_and_insert_data' AIRFLOW_CTX_EXECUTION_DATE='2023-01-01T00:40:00+00:00' AIRFLOW_CTX_TRY_NUMBER='1' AIRFLOW_CTX_DAG_RUN_ID='scheduled__2023-01-01T00:40:00+00:00'
[2024-06-27T23:09:15.250+0000] {taskinstance.py:430} INFO - ::endgroup::
[2024-06-27T23:09:15.255+0000] {python.py:237} INFO - Done. Returned value was: None
[2024-06-27T23:09:15.255+0000] {taskinstance.py:441} INFO - ::group::Post task execution logs
[2024-06-27T23:09:15.259+0000] {taskinstance.py:1206} INFO - Marking task as SUCCESS. dag_id=example_dag, task_id=generate_and_insert_data, run_id=scheduled__2023-01-01T00:40:00+00:00, execution_date=20230101T004000, start_date=20240627T230915, end_date=20240627T230915
[2024-06-27T23:09:15.267+0000] {local_task_job_runner.py:240} INFO - Task exited with return code 0
[2024-06-27T23:09:15.273+0000] {taskinstance.py:3503} INFO - 0 downstream tasks scheduled from follow-on schedule check
[2024-06-27T23:09:15.274+0000] {local_task_job_runner.py:222} INFO - ::endgroup::
[2024-06-27T23:12:53.156+0000] {local_task_job_runner.py:120} INFO - ::group::Pre task execution logs
[2024-06-27T23:12:53.168+0000] {taskinstance.py:2076} INFO - Dependencies all met for dep_context=non-requeueable deps ti=<TaskInstance: example_dag.generate_and_insert_data scheduled__2023-01-01T00:40:00+00:00 [queued]>
[2024-06-27T23:12:53.171+0000] {taskinstance.py:2076} INFO - Dependencies all met for dep_context=requeueable deps ti=<TaskInstance: example_dag.generate_and_insert_data scheduled__2023-01-01T00:40:00+00:00 [queued]>
[2024-06-27T23:12:53.171+0000] {taskinstance.py:2306} INFO - Starting attempt 1 of 2
[2024-06-27T23:12:53.176+0000] {taskinstance.py:2330} INFO - Executing <Task(PythonOperator): generate_and_insert_data> on 2023-01-01 00:40:00+00:00
[2024-06-27T23:12:53.178+0000] {standard_task_runner.py:63} INFO - Started process 165 to run task
[2024-06-27T23:12:53.179+0000] {standard_task_runner.py:90} INFO - Running: ['airflow', 'tasks', 'run', 'example_dag', 'generate_and_insert_data', 'scheduled__2023-01-01T00:40:00+00:00', '--job-id', '11', '--raw', '--subdir', 'DAGS_FOLDER/example_dag.py', '--cfg-path', '/tmp/tmpjddj3ct2']
[2024-06-27T23:12:53.180+0000] {standard_task_runner.py:91} INFO - Job 11: Subtask generate_and_insert_data
[2024-06-27T23:12:53.197+0000] {task_command.py:426} INFO - Running <TaskInstance: example_dag.generate_and_insert_data scheduled__2023-01-01T00:40:00+00:00 [running]> on host 4bd55eb76a74
[2024-06-27T23:12:53.226+0000] {taskinstance.py:2648} INFO - Exporting env vars: AIRFLOW_CTX_DAG_OWNER='airflow' AIRFLOW_CTX_DAG_ID='example_dag' AIRFLOW_CTX_TASK_ID='generate_and_insert_data' AIRFLOW_CTX_EXECUTION_DATE='2023-01-01T00:40:00+00:00' AIRFLOW_CTX_TRY_NUMBER='1' AIRFLOW_CTX_DAG_RUN_ID='scheduled__2023-01-01T00:40:00+00:00'
[2024-06-27T23:12:53.226+0000] {taskinstance.py:430} INFO - ::endgroup::
[2024-06-27T23:12:53.231+0000] {python.py:237} INFO - Done. Returned value was: None
[2024-06-27T23:12:53.231+0000] {taskinstance.py:441} INFO - ::group::Post task execution logs
[2024-06-27T23:12:53.235+0000] {taskinstance.py:1206} INFO - Marking task as SUCCESS. dag_id=example_dag, task_id=generate_and_insert_data, run_id=scheduled__2023-01-01T00:40:00+00:00, execution_date=20230101T004000, start_date=20240627T231253, end_date=20240627T231253
[2024-06-27T23:12:53.278+0000] {local_task_job_runner.py:240} INFO - Task exited with return code 0
[2024-06-27T23:12:53.286+0000] {taskinstance.py:3503} INFO - 0 downstream tasks scheduled from follow-on schedule check
[2024-06-27T23:12:53.287+0000] {local_task_job_runner.py:222} INFO - ::endgroup::
[2024-06-27T23:18:47.548+0000] {local_task_job_runner.py:120} INFO - ::group::Pre task execution logs
[2024-06-27T23:18:47.561+0000] {taskinstance.py:2076} INFO - Dependencies all met for dep_context=non-requeueable deps ti=<TaskInstance: example_dag.generate_and_insert_data scheduled__2023-01-01T00:40:00+00:00 [queued]>
[2024-06-27T23:18:47.563+0000] {taskinstance.py:2076} INFO - Dependencies all met for dep_context=requeueable deps ti=<TaskInstance: example_dag.generate_and_insert_data scheduled__2023-01-01T00:40:00+00:00 [queued]>
[2024-06-27T23:18:47.564+0000] {taskinstance.py:2306} INFO - Starting attempt 1 of 2
[2024-06-27T23:18:47.570+0000] {taskinstance.py:2330} INFO - Executing <Task(PythonOperator): generate_and_insert_data> on 2023-01-01 00:40:00+00:00
[2024-06-27T23:18:47.572+0000] {standard_task_runner.py:63} INFO - Started process 165 to run task
[2024-06-27T23:18:47.573+0000] {standard_task_runner.py:90} INFO - Running: ['airflow', 'tasks', 'run', 'example_dag', 'generate_and_insert_data', 'scheduled__2023-01-01T00:40:00+00:00', '--job-id', '11', '--raw', '--subdir', 'DAGS_FOLDER/example_dag.py', '--cfg-path', '/tmp/tmptpyfxogu']
[2024-06-27T23:18:47.574+0000] {standard_task_runner.py:91} INFO - Job 11: Subtask generate_and_insert_data
[2024-06-27T23:18:47.597+0000] {task_command.py:426} INFO - Running <TaskInstance: example_dag.generate_and_insert_data scheduled__2023-01-01T00:40:00+00:00 [running]> on host 73964f870a02
[2024-06-27T23:18:47.636+0000] {taskinstance.py:2648} INFO - Exporting env vars: AIRFLOW_CTX_DAG_OWNER='airflow' AIRFLOW_CTX_DAG_ID='example_dag' AIRFLOW_CTX_TASK_ID='generate_and_insert_data' AIRFLOW_CTX_EXECUTION_DATE='2023-01-01T00:40:00+00:00' AIRFLOW_CTX_TRY_NUMBER='1' AIRFLOW_CTX_DAG_RUN_ID='scheduled__2023-01-01T00:40:00+00:00'
[2024-06-27T23:18:47.637+0000] {taskinstance.py:430} INFO - ::endgroup::
[2024-06-27T23:18:47.642+0000] {python.py:237} INFO - Done. Returned value was: None
[2024-06-27T23:18:47.642+0000] {taskinstance.py:441} INFO - ::group::Post task execution logs
[2024-06-27T23:18:47.647+0000] {taskinstance.py:1206} INFO - Marking task as SUCCESS. dag_id=example_dag, task_id=generate_and_insert_data, run_id=scheduled__2023-01-01T00:40:00+00:00, execution_date=20230101T004000, start_date=20240627T231847, end_date=20240627T231847
[2024-06-27T23:18:47.674+0000] {local_task_job_runner.py:240} INFO - Task exited with return code 0
[2024-06-27T23:18:47.681+0000] {taskinstance.py:3503} INFO - 0 downstream tasks scheduled from follow-on schedule check
[2024-06-27T23:18:47.682+0000] {local_task_job_runner.py:222} INFO - ::endgroup::
[2024-06-28T18:13:10.684+0000] {local_task_job_runner.py:120} INFO - ::group::Pre task execution logs
[2024-06-28T18:13:10.694+0000] {taskinstance.py:2076} INFO - Dependencies all met for dep_context=non-requeueable deps ti=<TaskInstance: example_dag.generate_and_insert_data scheduled__2023-01-01T00:40:00+00:00 [queued]>
[2024-06-28T18:13:10.697+0000] {taskinstance.py:2076} INFO - Dependencies all met for dep_context=requeueable deps ti=<TaskInstance: example_dag.generate_and_insert_data scheduled__2023-01-01T00:40:00+00:00 [queued]>
[2024-06-28T18:13:10.697+0000] {taskinstance.py:2306} INFO - Starting attempt 1 of 2
[2024-06-28T18:13:10.701+0000] {taskinstance.py:2330} INFO - Executing <Task(PythonOperator): generate_and_insert_data> on 2023-01-01 00:40:00+00:00
[2024-06-28T18:13:10.703+0000] {standard_task_runner.py:63} INFO - Started process 165 to run task
[2024-06-28T18:13:10.704+0000] {standard_task_runner.py:90} INFO - Running: ['airflow', 'tasks', 'run', 'example_dag', 'generate_and_insert_data', 'scheduled__2023-01-01T00:40:00+00:00', '--job-id', '11', '--raw', '--subdir', 'DAGS_FOLDER/example_dag.py', '--cfg-path', '/tmp/tmp69i2jrg1']
[2024-06-28T18:13:10.705+0000] {standard_task_runner.py:91} INFO - Job 11: Subtask generate_and_insert_data
[2024-06-28T18:13:10.721+0000] {task_command.py:426} INFO - Running <TaskInstance: example_dag.generate_and_insert_data scheduled__2023-01-01T00:40:00+00:00 [running]> on host 08cefd381a1f
[2024-06-28T18:13:10.749+0000] {taskinstance.py:2648} INFO - Exporting env vars: AIRFLOW_CTX_DAG_OWNER='airflow' AIRFLOW_CTX_DAG_ID='example_dag' AIRFLOW_CTX_TASK_ID='generate_and_insert_data' AIRFLOW_CTX_EXECUTION_DATE='2023-01-01T00:40:00+00:00' AIRFLOW_CTX_TRY_NUMBER='1' AIRFLOW_CTX_DAG_RUN_ID='scheduled__2023-01-01T00:40:00+00:00'
[2024-06-28T18:13:10.749+0000] {taskinstance.py:430} INFO - ::endgroup::
[2024-06-28T18:13:10.753+0000] {python.py:237} INFO - Done. Returned value was: None
[2024-06-28T18:13:10.754+0000] {taskinstance.py:441} INFO - ::group::Post task execution logs
[2024-06-28T18:13:10.758+0000] {taskinstance.py:1206} INFO - Marking task as SUCCESS. dag_id=example_dag, task_id=generate_and_insert_data, run_id=scheduled__2023-01-01T00:40:00+00:00, execution_date=20230101T004000, start_date=20240628T181310, end_date=20240628T181310
[2024-06-28T18:13:10.767+0000] {local_task_job_runner.py:240} INFO - Task exited with return code 0
[2024-06-28T18:13:10.774+0000] {taskinstance.py:3503} INFO - 0 downstream tasks scheduled from follow-on schedule check
[2024-06-28T18:13:10.775+0000] {local_task_job_runner.py:222} INFO - ::endgroup::
[2024-06-28T18:20:25.104+0000] {local_task_job_runner.py:120} INFO - ::group::Pre task execution logs
[2024-06-28T18:20:25.115+0000] {taskinstance.py:2076} INFO - Dependencies all met for dep_context=non-requeueable deps ti=<TaskInstance: example_dag.generate_and_insert_data scheduled__2023-01-01T00:40:00+00:00 [queued]>
[2024-06-28T18:20:25.117+0000] {taskinstance.py:2076} INFO - Dependencies all met for dep_context=requeueable deps ti=<TaskInstance: example_dag.generate_and_insert_data scheduled__2023-01-01T00:40:00+00:00 [queued]>
[2024-06-28T18:20:25.118+0000] {taskinstance.py:2306} INFO - Starting attempt 1 of 2
[2024-06-28T18:20:25.122+0000] {taskinstance.py:2330} INFO - Executing <Task(PythonOperator): generate_and_insert_data> on 2023-01-01 00:40:00+00:00
[2024-06-28T18:20:25.124+0000] {standard_task_runner.py:63} INFO - Started process 165 to run task
[2024-06-28T18:20:25.125+0000] {standard_task_runner.py:90} INFO - Running: ['airflow', 'tasks', 'run', 'example_dag', 'generate_and_insert_data', 'scheduled__2023-01-01T00:40:00+00:00', '--job-id', '11', '--raw', '--subdir', 'DAGS_FOLDER/example_dag.py', '--cfg-path', '/tmp/tmpw7av_mnq']
[2024-06-28T18:20:25.125+0000] {standard_task_runner.py:91} INFO - Job 11: Subtask generate_and_insert_data
[2024-06-28T18:20:25.141+0000] {task_command.py:426} INFO - Running <TaskInstance: example_dag.generate_and_insert_data scheduled__2023-01-01T00:40:00+00:00 [running]> on host 6570e5857071
[2024-06-28T18:20:25.169+0000] {taskinstance.py:2648} INFO - Exporting env vars: AIRFLOW_CTX_DAG_OWNER='airflow' AIRFLOW_CTX_DAG_ID='example_dag' AIRFLOW_CTX_TASK_ID='generate_and_insert_data' AIRFLOW_CTX_EXECUTION_DATE='2023-01-01T00:40:00+00:00' AIRFLOW_CTX_TRY_NUMBER='1' AIRFLOW_CTX_DAG_RUN_ID='scheduled__2023-01-01T00:40:00+00:00'
[2024-06-28T18:20:25.169+0000] {taskinstance.py:430} INFO - ::endgroup::
[2024-06-28T18:20:25.173+0000] {python.py:237} INFO - Done. Returned value was: None
[2024-06-28T18:20:25.173+0000] {taskinstance.py:441} INFO - ::group::Post task execution logs
[2024-06-28T18:20:25.178+0000] {taskinstance.py:1206} INFO - Marking task as SUCCESS. dag_id=example_dag, task_id=generate_and_insert_data, run_id=scheduled__2023-01-01T00:40:00+00:00, execution_date=20230101T004000, start_date=20240628T182025, end_date=20240628T182025
[2024-06-28T18:20:25.185+0000] {local_task_job_runner.py:240} INFO - Task exited with return code 0
[2024-06-28T18:20:25.190+0000] {taskinstance.py:3503} INFO - 0 downstream tasks scheduled from follow-on schedule check
[2024-06-28T18:20:25.191+0000] {local_task_job_runner.py:222} INFO - ::endgroup::
[2024-06-28T18:30:27.077+0000] {local_task_job_runner.py:120} INFO - ::group::Pre task execution logs
[2024-06-28T18:30:27.087+0000] {taskinstance.py:2076} INFO - Dependencies all met for dep_context=non-requeueable deps ti=<TaskInstance: example_dag.generate_and_insert_data scheduled__2023-01-01T00:40:00+00:00 [queued]>
[2024-06-28T18:30:27.089+0000] {taskinstance.py:2076} INFO - Dependencies all met for dep_context=requeueable deps ti=<TaskInstance: example_dag.generate_and_insert_data scheduled__2023-01-01T00:40:00+00:00 [queued]>
[2024-06-28T18:30:27.090+0000] {taskinstance.py:2306} INFO - Starting attempt 1 of 2
[2024-06-28T18:30:27.094+0000] {taskinstance.py:2330} INFO - Executing <Task(PythonOperator): generate_and_insert_data> on 2023-01-01 00:40:00+00:00
[2024-06-28T18:30:27.095+0000] {standard_task_runner.py:63} INFO - Started process 165 to run task
[2024-06-28T18:30:27.096+0000] {standard_task_runner.py:90} INFO - Running: ['airflow', 'tasks', 'run', 'example_dag', 'generate_and_insert_data', 'scheduled__2023-01-01T00:40:00+00:00', '--job-id', '11', '--raw', '--subdir', 'DAGS_FOLDER/example_dag.py', '--cfg-path', '/tmp/tmp8gqa96jn']
[2024-06-28T18:30:27.097+0000] {standard_task_runner.py:91} INFO - Job 11: Subtask generate_and_insert_data
[2024-06-28T18:30:27.113+0000] {task_command.py:426} INFO - Running <TaskInstance: example_dag.generate_and_insert_data scheduled__2023-01-01T00:40:00+00:00 [running]> on host 50bf780463b8
[2024-06-28T18:30:27.141+0000] {taskinstance.py:2648} INFO - Exporting env vars: AIRFLOW_CTX_DAG_OWNER='airflow' AIRFLOW_CTX_DAG_ID='example_dag' AIRFLOW_CTX_TASK_ID='generate_and_insert_data' AIRFLOW_CTX_EXECUTION_DATE='2023-01-01T00:40:00+00:00' AIRFLOW_CTX_TRY_NUMBER='1' AIRFLOW_CTX_DAG_RUN_ID='scheduled__2023-01-01T00:40:00+00:00'
[2024-06-28T18:30:27.141+0000] {taskinstance.py:430} INFO - ::endgroup::
[2024-06-28T18:30:27.145+0000] {python.py:237} INFO - Done. Returned value was: None
[2024-06-28T18:30:27.146+0000] {taskinstance.py:441} INFO - ::group::Post task execution logs
[2024-06-28T18:30:27.149+0000] {taskinstance.py:1206} INFO - Marking task as SUCCESS. dag_id=example_dag, task_id=generate_and_insert_data, run_id=scheduled__2023-01-01T00:40:00+00:00, execution_date=20230101T004000, start_date=20240628T183027, end_date=20240628T183027
[2024-06-28T18:30:27.159+0000] {local_task_job_runner.py:240} INFO - Task exited with return code 0
[2024-06-28T18:30:27.165+0000] {taskinstance.py:3503} INFO - 0 downstream tasks scheduled from follow-on schedule check
[2024-06-28T18:30:27.166+0000] {local_task_job_runner.py:222} INFO - ::endgroup::
