[2024-06-27T22:35:02.234+0000] {local_task_job_runner.py:120} INFO - ::group::Pre task execution logs
[2024-06-27T22:35:02.244+0000] {taskinstance.py:2076} INFO - Dependencies all met for dep_context=non-requeueable deps ti=<TaskInstance: ecomm_data_pipeline.generate_and_insert_data scheduled__2023-01-01T09:50:00+00:00 [queued]>
[2024-06-27T22:35:02.247+0000] {taskinstance.py:2076} INFO - Dependencies all met for dep_context=requeueable deps ti=<TaskInstance: ecomm_data_pipeline.generate_and_insert_data scheduled__2023-01-01T09:50:00+00:00 [queued]>
[2024-06-27T22:35:02.247+0000] {taskinstance.py:2306} INFO - Starting attempt 1 of 2
[2024-06-27T22:35:02.251+0000] {taskinstance.py:2330} INFO - Executing <Task(PythonOperator): generate_and_insert_data> on 2023-01-01 09:50:00+00:00
[2024-06-27T22:35:02.252+0000] {standard_task_runner.py:63} INFO - Started process 1130 to run task
[2024-06-27T22:35:02.253+0000] {standard_task_runner.py:90} INFO - Running: ['airflow', 'tasks', 'run', 'ecomm_data_pipeline', 'generate_and_insert_data', 'scheduled__2023-01-01T09:50:00+00:00', '--job-id', '78', '--raw', '--subdir', 'DAGS_FOLDER/ecomm_dag.py', '--cfg-path', '/tmp/tmpngoj45az']
[2024-06-27T22:35:02.254+0000] {standard_task_runner.py:91} INFO - Job 78: Subtask generate_and_insert_data
[2024-06-27T22:35:02.270+0000] {task_command.py:426} INFO - Running <TaskInstance: ecomm_data_pipeline.generate_and_insert_data scheduled__2023-01-01T09:50:00+00:00 [running]> on host 9174587f6b1d
[2024-06-27T22:35:02.297+0000] {taskinstance.py:2648} INFO - Exporting env vars: AIRFLOW_CTX_DAG_OWNER='airflow' AIRFLOW_CTX_DAG_ID='ecomm_data_pipeline' AIRFLOW_CTX_TASK_ID='generate_and_insert_data' AIRFLOW_CTX_EXECUTION_DATE='2023-01-01T09:50:00+00:00' AIRFLOW_CTX_TRY_NUMBER='1' AIRFLOW_CTX_DAG_RUN_ID='scheduled__2023-01-01T09:50:00+00:00'
[2024-06-27T22:35:02.298+0000] {taskinstance.py:430} INFO - ::endgroup::
[2024-06-27T22:35:02.330+0000] {logging_mixin.py:188} INFO - Error in generate_and_insert_data: Command '['python3', './generator/ecomm_generator.py']' returned non-zero exit status 2.
[2024-06-27T22:35:02.331+0000] {python.py:237} INFO - Done. Returned value was: None
[2024-06-27T22:35:02.331+0000] {taskinstance.py:441} INFO - ::group::Post task execution logs
[2024-06-27T22:35:02.335+0000] {taskinstance.py:1206} INFO - Marking task as SUCCESS. dag_id=ecomm_data_pipeline, task_id=generate_and_insert_data, run_id=scheduled__2023-01-01T09:50:00+00:00, execution_date=20230101T095000, start_date=20240627T223502, end_date=20240627T223502
[2024-06-27T22:35:02.358+0000] {local_task_job_runner.py:240} INFO - Task exited with return code 0
[2024-06-27T22:35:02.365+0000] {taskinstance.py:3503} INFO - 0 downstream tasks scheduled from follow-on schedule check
[2024-06-27T22:35:02.365+0000] {local_task_job_runner.py:222} INFO - ::endgroup::
[2024-06-28T18:16:03.938+0000] {local_task_job_runner.py:120} INFO - ::group::Pre task execution logs
[2024-06-28T18:16:03.948+0000] {taskinstance.py:2076} INFO - Dependencies all met for dep_context=non-requeueable deps ti=<TaskInstance: ecomm_data_pipeline.generate_and_insert_data scheduled__2023-01-01T09:50:00+00:00 [queued]>
[2024-06-28T18:16:03.951+0000] {taskinstance.py:2076} INFO - Dependencies all met for dep_context=requeueable deps ti=<TaskInstance: ecomm_data_pipeline.generate_and_insert_data scheduled__2023-01-01T09:50:00+00:00 [queued]>
[2024-06-28T18:16:03.951+0000] {taskinstance.py:2306} INFO - Starting attempt 1 of 2
[2024-06-28T18:16:03.955+0000] {taskinstance.py:2330} INFO - Executing <Task(PythonOperator): generate_and_insert_data> on 2023-01-01 09:50:00+00:00
[2024-06-28T18:16:03.957+0000] {standard_task_runner.py:63} INFO - Started process 1696 to run task
[2024-06-28T18:16:03.958+0000] {standard_task_runner.py:90} INFO - Running: ['airflow', 'tasks', 'run', 'ecomm_data_pipeline', 'generate_and_insert_data', 'scheduled__2023-01-01T09:50:00+00:00', '--job-id', '120', '--raw', '--subdir', 'DAGS_FOLDER/ecomm_dag.py', '--cfg-path', '/tmp/tmpaml9r1qd']
[2024-06-28T18:16:03.959+0000] {standard_task_runner.py:91} INFO - Job 120: Subtask generate_and_insert_data
[2024-06-28T18:16:03.976+0000] {task_command.py:426} INFO - Running <TaskInstance: ecomm_data_pipeline.generate_and_insert_data scheduled__2023-01-01T09:50:00+00:00 [running]> on host 08cefd381a1f
[2024-06-28T18:16:04.004+0000] {taskinstance.py:2648} INFO - Exporting env vars: AIRFLOW_CTX_DAG_OWNER='airflow' AIRFLOW_CTX_DAG_ID='ecomm_data_pipeline' AIRFLOW_CTX_TASK_ID='generate_and_insert_data' AIRFLOW_CTX_EXECUTION_DATE='2023-01-01T09:50:00+00:00' AIRFLOW_CTX_TRY_NUMBER='1' AIRFLOW_CTX_DAG_RUN_ID='scheduled__2023-01-01T09:50:00+00:00'
[2024-06-28T18:16:04.005+0000] {taskinstance.py:430} INFO - ::endgroup::
[2024-06-28T18:16:04.061+0000] {logging_mixin.py:188} INFO - Error in generate_and_insert_data: Command '['python3', '/opt/airflow/generator/ecomm_generator.py']' returned non-zero exit status 1.
[2024-06-28T18:16:04.061+0000] {logging_mixin.py:188} INFO - stdout: 
[2024-06-28T18:16:04.061+0000] {logging_mixin.py:188} INFO - stderr: Traceback (most recent call last):
  File "/opt/airflow/generator/ecomm_generator.py", line 4, in <module>
    from faker import Faker
ModuleNotFoundError: No module named 'faker'
[2024-06-28T18:16:04.061+0000] {python.py:237} INFO - Done. Returned value was: None
[2024-06-28T18:16:04.061+0000] {taskinstance.py:441} INFO - ::group::Post task execution logs
[2024-06-28T18:16:04.066+0000] {taskinstance.py:1206} INFO - Marking task as SUCCESS. dag_id=ecomm_data_pipeline, task_id=generate_and_insert_data, run_id=scheduled__2023-01-01T09:50:00+00:00, execution_date=20230101T095000, start_date=20240628T181603, end_date=20240628T181604
[2024-06-28T18:16:04.105+0000] {local_task_job_runner.py:240} INFO - Task exited with return code 0
[2024-06-28T18:16:04.112+0000] {taskinstance.py:3503} INFO - 0 downstream tasks scheduled from follow-on schedule check
[2024-06-28T18:16:04.112+0000] {local_task_job_runner.py:222} INFO - ::endgroup::
[2024-06-29T21:38:28.323+0000] {local_task_job_runner.py:120} INFO - ::group::Pre task execution logs
[2024-06-29T21:38:28.333+0000] {taskinstance.py:2076} INFO - Dependencies all met for dep_context=non-requeueable deps ti=<TaskInstance: ecomm_data_pipeline.generate_and_insert_data scheduled__2023-01-01T09:50:00+00:00 [queued]>
[2024-06-29T21:38:28.335+0000] {taskinstance.py:2076} INFO - Dependencies all met for dep_context=requeueable deps ti=<TaskInstance: ecomm_data_pipeline.generate_and_insert_data scheduled__2023-01-01T09:50:00+00:00 [queued]>
[2024-06-29T21:38:28.336+0000] {taskinstance.py:2306} INFO - Starting attempt 1 of 2
[2024-06-29T21:38:28.340+0000] {taskinstance.py:2330} INFO - Executing <Task(PythonOperator): generate_and_insert_data> on 2023-01-01 09:50:00+00:00
[2024-06-29T21:38:28.342+0000] {standard_task_runner.py:63} INFO - Started process 894 to run task
[2024-06-29T21:38:28.343+0000] {standard_task_runner.py:90} INFO - Running: ['airflow', 'tasks', 'run', 'ecomm_data_pipeline', 'generate_and_insert_data', 'scheduled__2023-01-01T09:50:00+00:00', '--job-id', '61', '--raw', '--subdir', 'DAGS_FOLDER/ecomm_dag.py', '--cfg-path', '/tmp/tmpxv5_j53e']
[2024-06-29T21:38:28.343+0000] {standard_task_runner.py:91} INFO - Job 61: Subtask generate_and_insert_data
[2024-06-29T21:38:28.360+0000] {task_command.py:426} INFO - Running <TaskInstance: ecomm_data_pipeline.generate_and_insert_data scheduled__2023-01-01T09:50:00+00:00 [running]> on host afcb6fbf9265
[2024-06-29T21:38:28.388+0000] {taskinstance.py:2648} INFO - Exporting env vars: AIRFLOW_CTX_DAG_OWNER='airflow' AIRFLOW_CTX_DAG_ID='ecomm_data_pipeline' AIRFLOW_CTX_TASK_ID='generate_and_insert_data' AIRFLOW_CTX_EXECUTION_DATE='2023-01-01T09:50:00+00:00' AIRFLOW_CTX_TRY_NUMBER='1' AIRFLOW_CTX_DAG_RUN_ID='scheduled__2023-01-01T09:50:00+00:00'
[2024-06-29T21:38:28.388+0000] {taskinstance.py:430} INFO - ::endgroup::
[2024-06-29T21:38:28.444+0000] {logging_mixin.py:188} INFO - Error in generate_and_insert_data: Command '['python3', '/opt/airflow/generator/ecomm_generator.py']' returned non-zero exit status 1.
[2024-06-29T21:38:28.444+0000] {logging_mixin.py:188} INFO - stdout: 
[2024-06-29T21:38:28.444+0000] {logging_mixin.py:188} INFO - stderr: Traceback (most recent call last):
  File "/opt/airflow/generator/ecomm_generator.py", line 4, in <module>
    from faker import Faker
ModuleNotFoundError: No module named 'faker'
[2024-06-29T21:38:28.444+0000] {python.py:237} INFO - Done. Returned value was: None
[2024-06-29T21:38:28.444+0000] {taskinstance.py:441} INFO - ::group::Post task execution logs
[2024-06-29T21:38:28.449+0000] {taskinstance.py:1206} INFO - Marking task as SUCCESS. dag_id=ecomm_data_pipeline, task_id=generate_and_insert_data, run_id=scheduled__2023-01-01T09:50:00+00:00, execution_date=20230101T095000, start_date=20240629T213828, end_date=20240629T213828
[2024-06-29T21:38:28.498+0000] {local_task_job_runner.py:240} INFO - Task exited with return code 0
[2024-06-29T21:38:28.505+0000] {taskinstance.py:3503} INFO - 0 downstream tasks scheduled from follow-on schedule check
[2024-06-29T21:38:28.506+0000] {local_task_job_runner.py:222} INFO - ::endgroup::
[2024-06-29T22:02:15.537+0000] {local_task_job_runner.py:120} INFO - ::group::Pre task execution logs
[2024-06-29T22:02:15.547+0000] {taskinstance.py:2076} INFO - Dependencies all met for dep_context=non-requeueable deps ti=<TaskInstance: ecomm_data_pipeline.generate_and_insert_data scheduled__2023-01-01T09:50:00+00:00 [queued]>
[2024-06-29T22:02:15.549+0000] {taskinstance.py:2076} INFO - Dependencies all met for dep_context=requeueable deps ti=<TaskInstance: ecomm_data_pipeline.generate_and_insert_data scheduled__2023-01-01T09:50:00+00:00 [queued]>
[2024-06-29T22:02:15.550+0000] {taskinstance.py:2306} INFO - Starting attempt 1 of 2
[2024-06-29T22:02:15.554+0000] {taskinstance.py:2330} INFO - Executing <Task(PythonOperator): generate_and_insert_data> on 2023-01-01 09:50:00+00:00
[2024-06-29T22:02:15.556+0000] {standard_task_runner.py:63} INFO - Started process 894 to run task
[2024-06-29T22:02:15.557+0000] {standard_task_runner.py:90} INFO - Running: ['airflow', 'tasks', 'run', 'ecomm_data_pipeline', 'generate_and_insert_data', 'scheduled__2023-01-01T09:50:00+00:00', '--job-id', '61', '--raw', '--subdir', 'DAGS_FOLDER/ecomm_dag.py', '--cfg-path', '/tmp/tmpxh0gn202']
[2024-06-29T22:02:15.558+0000] {standard_task_runner.py:91} INFO - Job 61: Subtask generate_and_insert_data
[2024-06-29T22:02:15.575+0000] {task_command.py:426} INFO - Running <TaskInstance: ecomm_data_pipeline.generate_and_insert_data scheduled__2023-01-01T09:50:00+00:00 [running]> on host 799998b0d26e
[2024-06-29T22:02:15.602+0000] {taskinstance.py:2648} INFO - Exporting env vars: AIRFLOW_CTX_DAG_OWNER='airflow' AIRFLOW_CTX_DAG_ID='ecomm_data_pipeline' AIRFLOW_CTX_TASK_ID='generate_and_insert_data' AIRFLOW_CTX_EXECUTION_DATE='2023-01-01T09:50:00+00:00' AIRFLOW_CTX_TRY_NUMBER='1' AIRFLOW_CTX_DAG_RUN_ID='scheduled__2023-01-01T09:50:00+00:00'
[2024-06-29T22:02:15.603+0000] {taskinstance.py:430} INFO - ::endgroup::
[2024-06-29T22:02:15.659+0000] {logging_mixin.py:188} INFO - Error in generate_and_insert_data: Command '['python3', '/opt/airflow/generator/ecomm_generator.py']' returned non-zero exit status 1.
[2024-06-29T22:02:15.659+0000] {logging_mixin.py:188} INFO - stdout: 
[2024-06-29T22:02:15.660+0000] {logging_mixin.py:188} INFO - stderr: Traceback (most recent call last):
  File "/opt/airflow/generator/ecomm_generator.py", line 4, in <module>
    from faker import Faker
ModuleNotFoundError: No module named 'faker'
[2024-06-29T22:02:15.660+0000] {python.py:237} INFO - Done. Returned value was: None
[2024-06-29T22:02:15.660+0000] {taskinstance.py:441} INFO - ::group::Post task execution logs
[2024-06-29T22:02:15.664+0000] {taskinstance.py:1206} INFO - Marking task as SUCCESS. dag_id=ecomm_data_pipeline, task_id=generate_and_insert_data, run_id=scheduled__2023-01-01T09:50:00+00:00, execution_date=20230101T095000, start_date=20240629T220215, end_date=20240629T220215
[2024-06-29T22:02:15.700+0000] {local_task_job_runner.py:240} INFO - Task exited with return code 0
[2024-06-29T22:02:15.707+0000] {taskinstance.py:3503} INFO - 0 downstream tasks scheduled from follow-on schedule check
[2024-06-29T22:02:15.707+0000] {local_task_job_runner.py:222} INFO - ::endgroup::
