[2024-07-06T18:15:06.059+0000] {taskinstance.py:1103} INFO - Dependencies all met for dep_context=non-requeueable deps ti=<TaskInstance: import_main_data.wait_for_init scheduled__2024-07-06T01:00:00+00:00 [queued]>
[2024-07-06T18:15:06.062+0000] {taskinstance.py:1103} INFO - Dependencies all met for dep_context=requeueable deps ti=<TaskInstance: import_main_data.wait_for_init scheduled__2024-07-06T01:00:00+00:00 [queued]>
[2024-07-06T18:15:06.063+0000] {taskinstance.py:1308} INFO - Starting attempt 1 of 2
[2024-07-06T18:15:06.067+0000] {taskinstance.py:1327} INFO - Executing <Task(ExternalTaskSensor): wait_for_init> on 2024-07-06 01:00:00+00:00
[2024-07-06T18:15:06.068+0000] {standard_task_runner.py:57} INFO - Started process 925 to run task
[2024-07-06T18:15:06.069+0000] {standard_task_runner.py:84} INFO - Running: ['airflow', 'tasks', 'run', 'import_main_data', 'wait_for_init', 'scheduled__2024-07-06T01:00:00+00:00', '--job-id', '885', '--raw', '--subdir', 'DAGS_FOLDER/import_raw_data.py', '--cfg-path', '/tmp/tmprwyuvgbn']
[2024-07-06T18:15:06.070+0000] {standard_task_runner.py:85} INFO - Job 885: Subtask wait_for_init
[2024-07-06T18:15:06.089+0000] {task_command.py:410} INFO - Running <TaskInstance: import_main_data.wait_for_init scheduled__2024-07-06T01:00:00+00:00 [running]> on host f6bf59d3e65b
[2024-07-06T18:15:06.125+0000] {taskinstance.py:1545} INFO - Exporting env vars: AIRFLOW_CTX_DAG_EMAIL='airflow@example.com' AIRFLOW_CTX_DAG_OWNER='airflow' AIRFLOW_CTX_DAG_ID='import_main_data' AIRFLOW_CTX_TASK_ID='wait_for_init' AIRFLOW_CTX_EXECUTION_DATE='2024-07-06T01:00:00+00:00' AIRFLOW_CTX_TRY_NUMBER='1' AIRFLOW_CTX_DAG_RUN_ID='scheduled__2024-07-06T01:00:00+00:00'
[2024-07-06T18:15:06.129+0000] {external_task.py:247} INFO - Poking for DAG 'initialize_etl_environment' on 2024-07-06T01:00:00+00:00 ... 
[2024-07-06T18:15:06.140+0000] {taskinstance.py:1784} INFO - Rescheduling task, marking task as UP_FOR_RESCHEDULE
[2024-07-06T18:15:06.168+0000] {local_task_job_runner.py:225} INFO - Task exited with return code 0
[2024-07-06T18:15:06.179+0000] {taskinstance.py:2651} INFO - 0 downstream tasks scheduled from follow-on schedule check
[2024-07-06T18:43:40.673+0000] {taskinstance.py:1103} INFO - Dependencies all met for dep_context=non-requeueable deps ti=<TaskInstance: import_main_data.wait_for_init scheduled__2024-07-06T01:00:00+00:00 [queued]>
[2024-07-06T18:43:40.680+0000] {taskinstance.py:1103} INFO - Dependencies all met for dep_context=requeueable deps ti=<TaskInstance: import_main_data.wait_for_init scheduled__2024-07-06T01:00:00+00:00 [queued]>
[2024-07-06T18:43:40.681+0000] {taskinstance.py:1308} INFO - Starting attempt 1 of 2
[2024-07-06T18:43:40.689+0000] {taskinstance.py:1327} INFO - Executing <Task(ExternalTaskSensor): wait_for_init> on 2024-07-06 01:00:00+00:00
[2024-07-06T18:43:40.691+0000] {standard_task_runner.py:57} INFO - Started process 1378 to run task
[2024-07-06T18:43:40.693+0000] {standard_task_runner.py:84} INFO - Running: ['airflow', 'tasks', 'run', 'import_main_data', 'wait_for_init', 'scheduled__2024-07-06T01:00:00+00:00', '--job-id', '908', '--raw', '--subdir', 'DAGS_FOLDER/import_raw_data.py', '--cfg-path', '/tmp/tmpt7qh1gyv']
[2024-07-06T18:43:40.694+0000] {standard_task_runner.py:85} INFO - Job 908: Subtask wait_for_init
[2024-07-06T18:43:40.725+0000] {task_command.py:410} INFO - Running <TaskInstance: import_main_data.wait_for_init scheduled__2024-07-06T01:00:00+00:00 [running]> on host f6bf59d3e65b
[2024-07-06T18:43:40.779+0000] {taskinstance.py:1545} INFO - Exporting env vars: AIRFLOW_CTX_DAG_EMAIL='airflow@example.com' AIRFLOW_CTX_DAG_OWNER='airflow' AIRFLOW_CTX_DAG_ID='import_main_data' AIRFLOW_CTX_TASK_ID='wait_for_init' AIRFLOW_CTX_EXECUTION_DATE='2024-07-06T01:00:00+00:00' AIRFLOW_CTX_TRY_NUMBER='1' AIRFLOW_CTX_DAG_RUN_ID='scheduled__2024-07-06T01:00:00+00:00'
[2024-07-06T18:43:40.784+0000] {external_task.py:247} INFO - Poking for DAG 'initialize_etl_environment' on 2024-07-06T01:00:00+00:00 ... 
[2024-07-06T18:43:40.796+0000] {taskinstance.py:1784} INFO - Rescheduling task, marking task as UP_FOR_RESCHEDULE
[2024-07-06T18:43:40.837+0000] {local_task_job_runner.py:225} INFO - Task exited with return code 0
[2024-07-06T18:43:40.850+0000] {taskinstance.py:2651} INFO - 0 downstream tasks scheduled from follow-on schedule check
[2024-07-06T18:44:43.047+0000] {taskinstance.py:1103} INFO - Dependencies all met for dep_context=non-requeueable deps ti=<TaskInstance: import_main_data.wait_for_init scheduled__2024-07-06T01:00:00+00:00 [queued]>
[2024-07-06T18:44:43.050+0000] {taskinstance.py:1103} INFO - Dependencies all met for dep_context=requeueable deps ti=<TaskInstance: import_main_data.wait_for_init scheduled__2024-07-06T01:00:00+00:00 [queued]>
[2024-07-06T18:44:43.050+0000] {taskinstance.py:1308} INFO - Starting attempt 1 of 2
[2024-07-06T18:44:43.054+0000] {taskinstance.py:1327} INFO - Executing <Task(ExternalTaskSensor): wait_for_init> on 2024-07-06 01:00:00+00:00
[2024-07-06T18:44:43.056+0000] {standard_task_runner.py:57} INFO - Started process 1438 to run task
[2024-07-06T18:44:43.057+0000] {standard_task_runner.py:84} INFO - Running: ['airflow', 'tasks', 'run', 'import_main_data', 'wait_for_init', 'scheduled__2024-07-06T01:00:00+00:00', '--job-id', '922', '--raw', '--subdir', 'DAGS_FOLDER/import_raw_data.py', '--cfg-path', '/tmp/tmpx0vjwbgx']
[2024-07-06T18:44:43.057+0000] {standard_task_runner.py:85} INFO - Job 922: Subtask wait_for_init
[2024-07-06T18:44:43.077+0000] {task_command.py:410} INFO - Running <TaskInstance: import_main_data.wait_for_init scheduled__2024-07-06T01:00:00+00:00 [running]> on host f6bf59d3e65b
[2024-07-06T18:44:43.112+0000] {taskinstance.py:1545} INFO - Exporting env vars: AIRFLOW_CTX_DAG_EMAIL='airflow@example.com' AIRFLOW_CTX_DAG_OWNER='airflow' AIRFLOW_CTX_DAG_ID='import_main_data' AIRFLOW_CTX_TASK_ID='wait_for_init' AIRFLOW_CTX_EXECUTION_DATE='2024-07-06T01:00:00+00:00' AIRFLOW_CTX_TRY_NUMBER='1' AIRFLOW_CTX_DAG_RUN_ID='scheduled__2024-07-06T01:00:00+00:00'
[2024-07-06T18:44:43.117+0000] {external_task.py:247} INFO - Poking for DAG 'initialize_etl_environment' on 2024-07-06T01:00:00+00:00 ... 
[2024-07-06T18:44:43.128+0000] {taskinstance.py:1784} INFO - Rescheduling task, marking task as UP_FOR_RESCHEDULE
[2024-07-06T18:44:43.157+0000] {local_task_job_runner.py:225} INFO - Task exited with return code 0
[2024-07-06T18:44:43.169+0000] {taskinstance.py:2651} INFO - 0 downstream tasks scheduled from follow-on schedule check
