[2024-06-27T22:35:39.956+0000] {local_task_job_runner.py:120} INFO - ::group::Pre task execution logs
[2024-06-27T22:35:39.966+0000] {taskinstance.py:2076} INFO - Dependencies all met for dep_context=non-requeueable deps ti=<TaskInstance: ecomm_data_pipeline.generate_and_insert_data scheduled__2023-01-01T13:10:00+00:00 [queued]>
[2024-06-27T22:35:39.968+0000] {taskinstance.py:2076} INFO - Dependencies all met for dep_context=requeueable deps ti=<TaskInstance: ecomm_data_pipeline.generate_and_insert_data scheduled__2023-01-01T13:10:00+00:00 [queued]>
[2024-06-27T22:35:39.969+0000] {taskinstance.py:2306} INFO - Starting attempt 1 of 2
[2024-06-27T22:35:39.973+0000] {taskinstance.py:2330} INFO - Executing <Task(PythonOperator): generate_and_insert_data> on 2023-01-01 13:10:00+00:00
[2024-06-27T22:35:39.974+0000] {standard_task_runner.py:63} INFO - Started process 1420 to run task
[2024-06-27T22:35:39.975+0000] {standard_task_runner.py:90} INFO - Running: ['airflow', 'tasks', 'run', 'ecomm_data_pipeline', 'generate_and_insert_data', 'scheduled__2023-01-01T13:10:00+00:00', '--job-id', '98', '--raw', '--subdir', 'DAGS_FOLDER/ecomm_dag.py', '--cfg-path', '/tmp/tmpei_ciuas']
[2024-06-27T22:35:39.976+0000] {standard_task_runner.py:91} INFO - Job 98: Subtask generate_and_insert_data
[2024-06-27T22:35:39.992+0000] {task_command.py:426} INFO - Running <TaskInstance: ecomm_data_pipeline.generate_and_insert_data scheduled__2023-01-01T13:10:00+00:00 [running]> on host 9174587f6b1d
[2024-06-27T22:35:40.020+0000] {taskinstance.py:2648} INFO - Exporting env vars: AIRFLOW_CTX_DAG_OWNER='airflow' AIRFLOW_CTX_DAG_ID='ecomm_data_pipeline' AIRFLOW_CTX_TASK_ID='generate_and_insert_data' AIRFLOW_CTX_EXECUTION_DATE='2023-01-01T13:10:00+00:00' AIRFLOW_CTX_TRY_NUMBER='1' AIRFLOW_CTX_DAG_RUN_ID='scheduled__2023-01-01T13:10:00+00:00'
[2024-06-27T22:35:40.020+0000] {taskinstance.py:430} INFO - ::endgroup::
[2024-06-27T22:35:40.054+0000] {logging_mixin.py:188} INFO - Error in generate_and_insert_data: Command '['python3', './generator/ecomm_generator.py']' returned non-zero exit status 2.
[2024-06-27T22:35:40.054+0000] {python.py:237} INFO - Done. Returned value was: None
[2024-06-27T22:35:40.054+0000] {taskinstance.py:441} INFO - ::group::Post task execution logs
[2024-06-27T22:35:40.059+0000] {taskinstance.py:1206} INFO - Marking task as SUCCESS. dag_id=ecomm_data_pipeline, task_id=generate_and_insert_data, run_id=scheduled__2023-01-01T13:10:00+00:00, execution_date=20230101T131000, start_date=20240627T223539, end_date=20240627T223540
[2024-06-27T22:35:40.081+0000] {local_task_job_runner.py:240} INFO - Task exited with return code 0
[2024-06-27T22:35:40.087+0000] {taskinstance.py:3503} INFO - 0 downstream tasks scheduled from follow-on schedule check
[2024-06-27T22:35:40.088+0000] {local_task_job_runner.py:222} INFO - ::endgroup::
[2024-06-28T18:17:10.079+0000] {local_task_job_runner.py:120} INFO - ::group::Pre task execution logs
[2024-06-28T18:17:10.090+0000] {taskinstance.py:2076} INFO - Dependencies all met for dep_context=non-requeueable deps ti=<TaskInstance: ecomm_data_pipeline.generate_and_insert_data scheduled__2023-01-01T13:10:00+00:00 [queued]>
[2024-06-28T18:17:10.093+0000] {taskinstance.py:2076} INFO - Dependencies all met for dep_context=requeueable deps ti=<TaskInstance: ecomm_data_pipeline.generate_and_insert_data scheduled__2023-01-01T13:10:00+00:00 [queued]>
[2024-06-28T18:17:10.093+0000] {taskinstance.py:2306} INFO - Starting attempt 1 of 2
[2024-06-28T18:17:10.098+0000] {taskinstance.py:2330} INFO - Executing <Task(PythonOperator): generate_and_insert_data> on 2023-01-01 13:10:00+00:00
[2024-06-28T18:17:10.099+0000] {standard_task_runner.py:63} INFO - Started process 2269 to run task
[2024-06-28T18:17:10.101+0000] {standard_task_runner.py:90} INFO - Running: ['airflow', 'tasks', 'run', 'ecomm_data_pipeline', 'generate_and_insert_data', 'scheduled__2023-01-01T13:10:00+00:00', '--job-id', '161', '--raw', '--subdir', 'DAGS_FOLDER/ecomm_dag.py', '--cfg-path', '/tmp/tmpmnmj796c']
[2024-06-28T18:17:10.101+0000] {standard_task_runner.py:91} INFO - Job 161: Subtask generate_and_insert_data
[2024-06-28T18:17:10.119+0000] {task_command.py:426} INFO - Running <TaskInstance: ecomm_data_pipeline.generate_and_insert_data scheduled__2023-01-01T13:10:00+00:00 [running]> on host 08cefd381a1f
[2024-06-28T18:17:10.151+0000] {taskinstance.py:2648} INFO - Exporting env vars: AIRFLOW_CTX_DAG_OWNER='airflow' AIRFLOW_CTX_DAG_ID='ecomm_data_pipeline' AIRFLOW_CTX_TASK_ID='generate_and_insert_data' AIRFLOW_CTX_EXECUTION_DATE='2023-01-01T13:10:00+00:00' AIRFLOW_CTX_TRY_NUMBER='1' AIRFLOW_CTX_DAG_RUN_ID='scheduled__2023-01-01T13:10:00+00:00'
[2024-06-28T18:17:10.151+0000] {taskinstance.py:430} INFO - ::endgroup::
[2024-06-28T18:17:10.210+0000] {logging_mixin.py:188} INFO - Error in generate_and_insert_data: Command '['python3', '/opt/airflow/generator/ecomm_generator.py']' returned non-zero exit status 1.
[2024-06-28T18:17:10.211+0000] {logging_mixin.py:188} INFO - stdout: 
[2024-06-28T18:17:10.211+0000] {logging_mixin.py:188} INFO - stderr: Traceback (most recent call last):
  File "/opt/airflow/generator/ecomm_generator.py", line 4, in <module>
    from faker import Faker
ModuleNotFoundError: No module named 'faker'
[2024-06-28T18:17:10.211+0000] {python.py:237} INFO - Done. Returned value was: None
[2024-06-28T18:17:10.211+0000] {taskinstance.py:441} INFO - ::group::Post task execution logs
[2024-06-28T18:17:10.216+0000] {taskinstance.py:1206} INFO - Marking task as SUCCESS. dag_id=ecomm_data_pipeline, task_id=generate_and_insert_data, run_id=scheduled__2023-01-01T13:10:00+00:00, execution_date=20230101T131000, start_date=20240628T181710, end_date=20240628T181710
[2024-06-28T18:17:10.241+0000] {local_task_job_runner.py:240} INFO - Task exited with return code 0
[2024-06-28T18:17:10.249+0000] {taskinstance.py:3503} INFO - 0 downstream tasks scheduled from follow-on schedule check
[2024-06-28T18:17:10.249+0000] {local_task_job_runner.py:222} INFO - ::endgroup::
[2024-06-29T21:39:05.613+0000] {local_task_job_runner.py:120} INFO - ::group::Pre task execution logs
[2024-06-29T21:39:05.623+0000] {taskinstance.py:2076} INFO - Dependencies all met for dep_context=non-requeueable deps ti=<TaskInstance: ecomm_data_pipeline.generate_and_insert_data scheduled__2023-01-01T13:10:00+00:00 [queued]>
[2024-06-29T21:39:05.626+0000] {taskinstance.py:2076} INFO - Dependencies all met for dep_context=requeueable deps ti=<TaskInstance: ecomm_data_pipeline.generate_and_insert_data scheduled__2023-01-01T13:10:00+00:00 [queued]>
[2024-06-29T21:39:05.626+0000] {taskinstance.py:2306} INFO - Starting attempt 1 of 2
[2024-06-29T21:39:05.630+0000] {taskinstance.py:2330} INFO - Executing <Task(PythonOperator): generate_and_insert_data> on 2023-01-01 13:10:00+00:00
[2024-06-29T21:39:05.632+0000] {standard_task_runner.py:63} INFO - Started process 1192 to run task
[2024-06-29T21:39:05.633+0000] {standard_task_runner.py:90} INFO - Running: ['airflow', 'tasks', 'run', 'ecomm_data_pipeline', 'generate_and_insert_data', 'scheduled__2023-01-01T13:10:00+00:00', '--job-id', '81', '--raw', '--subdir', 'DAGS_FOLDER/ecomm_dag.py', '--cfg-path', '/tmp/tmpb_7rzuti']
[2024-06-29T21:39:05.634+0000] {standard_task_runner.py:91} INFO - Job 81: Subtask generate_and_insert_data
[2024-06-29T21:39:05.651+0000] {task_command.py:426} INFO - Running <TaskInstance: ecomm_data_pipeline.generate_and_insert_data scheduled__2023-01-01T13:10:00+00:00 [running]> on host afcb6fbf9265
[2024-06-29T21:39:05.680+0000] {taskinstance.py:2648} INFO - Exporting env vars: AIRFLOW_CTX_DAG_OWNER='airflow' AIRFLOW_CTX_DAG_ID='ecomm_data_pipeline' AIRFLOW_CTX_TASK_ID='generate_and_insert_data' AIRFLOW_CTX_EXECUTION_DATE='2023-01-01T13:10:00+00:00' AIRFLOW_CTX_TRY_NUMBER='1' AIRFLOW_CTX_DAG_RUN_ID='scheduled__2023-01-01T13:10:00+00:00'
[2024-06-29T21:39:05.680+0000] {taskinstance.py:430} INFO - ::endgroup::
[2024-06-29T21:39:05.736+0000] {logging_mixin.py:188} INFO - Error in generate_and_insert_data: Command '['python3', '/opt/airflow/generator/ecomm_generator.py']' returned non-zero exit status 1.
[2024-06-29T21:39:05.736+0000] {logging_mixin.py:188} INFO - stdout: 
[2024-06-29T21:39:05.736+0000] {logging_mixin.py:188} INFO - stderr: Traceback (most recent call last):
  File "/opt/airflow/generator/ecomm_generator.py", line 4, in <module>
    from faker import Faker
ModuleNotFoundError: No module named 'faker'
[2024-06-29T21:39:05.736+0000] {python.py:237} INFO - Done. Returned value was: None
[2024-06-29T21:39:05.737+0000] {taskinstance.py:441} INFO - ::group::Post task execution logs
[2024-06-29T21:39:05.742+0000] {taskinstance.py:1206} INFO - Marking task as SUCCESS. dag_id=ecomm_data_pipeline, task_id=generate_and_insert_data, run_id=scheduled__2023-01-01T13:10:00+00:00, execution_date=20230101T131000, start_date=20240629T213905, end_date=20240629T213905
[2024-06-29T21:39:05.781+0000] {local_task_job_runner.py:240} INFO - Task exited with return code 0
[2024-06-29T21:39:05.789+0000] {taskinstance.py:3503} INFO - 0 downstream tasks scheduled from follow-on schedule check
[2024-06-29T21:39:05.790+0000] {local_task_job_runner.py:222} INFO - ::endgroup::
[2024-06-29T22:02:53.954+0000] {local_task_job_runner.py:120} INFO - ::group::Pre task execution logs
[2024-06-29T22:02:53.968+0000] {taskinstance.py:2076} INFO - Dependencies all met for dep_context=non-requeueable deps ti=<TaskInstance: ecomm_data_pipeline.generate_and_insert_data scheduled__2023-01-01T13:10:00+00:00 [queued]>
[2024-06-29T22:02:53.970+0000] {taskinstance.py:2076} INFO - Dependencies all met for dep_context=requeueable deps ti=<TaskInstance: ecomm_data_pipeline.generate_and_insert_data scheduled__2023-01-01T13:10:00+00:00 [queued]>
[2024-06-29T22:02:53.971+0000] {taskinstance.py:2306} INFO - Starting attempt 1 of 2
[2024-06-29T22:02:53.976+0000] {taskinstance.py:2330} INFO - Executing <Task(PythonOperator): generate_and_insert_data> on 2023-01-01 13:10:00+00:00
[2024-06-29T22:02:53.978+0000] {standard_task_runner.py:63} INFO - Started process 1191 to run task
[2024-06-29T22:02:53.979+0000] {standard_task_runner.py:90} INFO - Running: ['airflow', 'tasks', 'run', 'ecomm_data_pipeline', 'generate_and_insert_data', 'scheduled__2023-01-01T13:10:00+00:00', '--job-id', '81', '--raw', '--subdir', 'DAGS_FOLDER/ecomm_dag.py', '--cfg-path', '/tmp/tmp81_tmfxp']
[2024-06-29T22:02:53.980+0000] {standard_task_runner.py:91} INFO - Job 81: Subtask generate_and_insert_data
[2024-06-29T22:02:54.000+0000] {task_command.py:426} INFO - Running <TaskInstance: ecomm_data_pipeline.generate_and_insert_data scheduled__2023-01-01T13:10:00+00:00 [running]> on host 799998b0d26e
[2024-06-29T22:02:54.031+0000] {taskinstance.py:2648} INFO - Exporting env vars: AIRFLOW_CTX_DAG_OWNER='airflow' AIRFLOW_CTX_DAG_ID='ecomm_data_pipeline' AIRFLOW_CTX_TASK_ID='generate_and_insert_data' AIRFLOW_CTX_EXECUTION_DATE='2023-01-01T13:10:00+00:00' AIRFLOW_CTX_TRY_NUMBER='1' AIRFLOW_CTX_DAG_RUN_ID='scheduled__2023-01-01T13:10:00+00:00'
[2024-06-29T22:02:54.032+0000] {taskinstance.py:430} INFO - ::endgroup::
[2024-06-29T22:02:54.093+0000] {logging_mixin.py:188} INFO - Error in generate_and_insert_data: Command '['python3', '/opt/airflow/generator/ecomm_generator.py']' returned non-zero exit status 1.
[2024-06-29T22:02:54.093+0000] {logging_mixin.py:188} INFO - stdout: 
[2024-06-29T22:02:54.093+0000] {logging_mixin.py:188} INFO - stderr: Traceback (most recent call last):
  File "/opt/airflow/generator/ecomm_generator.py", line 4, in <module>
    from faker import Faker
ModuleNotFoundError: No module named 'faker'
[2024-06-29T22:02:54.093+0000] {python.py:237} INFO - Done. Returned value was: None
[2024-06-29T22:02:54.093+0000] {taskinstance.py:441} INFO - ::group::Post task execution logs
[2024-06-29T22:02:54.098+0000] {taskinstance.py:1206} INFO - Marking task as SUCCESS. dag_id=ecomm_data_pipeline, task_id=generate_and_insert_data, run_id=scheduled__2023-01-01T13:10:00+00:00, execution_date=20230101T131000, start_date=20240629T220253, end_date=20240629T220254
[2024-06-29T22:02:54.120+0000] {local_task_job_runner.py:240} INFO - Task exited with return code 0
[2024-06-29T22:02:54.126+0000] {taskinstance.py:3503} INFO - 0 downstream tasks scheduled from follow-on schedule check
[2024-06-29T22:02:54.127+0000] {local_task_job_runner.py:222} INFO - ::endgroup::
