[2024-07-06T22:08:21.902+0000] {taskinstance.py:1103} INFO - Dependencies all met for dep_context=non-requeueable deps ti=<TaskInstance: initialize_etl_environment.create_email_marketing_table scheduled__2024-07-04T00:00:00+00:00 [queued]>
[2024-07-06T22:08:21.906+0000] {taskinstance.py:1103} INFO - Dependencies all met for dep_context=requeueable deps ti=<TaskInstance: initialize_etl_environment.create_email_marketing_table scheduled__2024-07-04T00:00:00+00:00 [queued]>
[2024-07-06T22:08:21.906+0000] {taskinstance.py:1308} INFO - Starting attempt 1 of 2
[2024-07-06T22:08:21.910+0000] {taskinstance.py:1327} INFO - Executing <Task(PostgresOperator): create_email_marketing_table> on 2024-07-04 00:00:00+00:00
[2024-07-06T22:08:21.912+0000] {standard_task_runner.py:57} INFO - Started process 4343 to run task
[2024-07-06T22:08:21.914+0000] {standard_task_runner.py:84} INFO - Running: ['airflow', 'tasks', 'run', 'initialize_etl_environment', 'create_email_marketing_table', 'scheduled__2024-07-04T00:00:00+00:00', '--job-id', '1178', '--raw', '--subdir', 'DAGS_FOLDER/etl_env_init.py', '--cfg-path', '/tmp/tmpminjgbnf']
[2024-07-06T22:08:21.915+0000] {standard_task_runner.py:85} INFO - Job 1178: Subtask create_email_marketing_table
[2024-07-06T22:08:21.941+0000] {task_command.py:410} INFO - Running <TaskInstance: initialize_etl_environment.create_email_marketing_table scheduled__2024-07-04T00:00:00+00:00 [running]> on host c058add182a5
[2024-07-06T22:08:21.984+0000] {taskinstance.py:1545} INFO - Exporting env vars: AIRFLOW_CTX_DAG_EMAIL='airflow@example.com' AIRFLOW_CTX_DAG_OWNER='airflow' AIRFLOW_CTX_DAG_ID='initialize_etl_environment' AIRFLOW_CTX_TASK_ID='create_email_marketing_table' AIRFLOW_CTX_EXECUTION_DATE='2024-07-04T00:00:00+00:00' AIRFLOW_CTX_TRY_NUMBER='1' AIRFLOW_CTX_DAG_RUN_ID='scheduled__2024-07-04T00:00:00+00:00'
[2024-07-06T22:08:21.984+0000] {sql.py:262} INFO - Executing: 
    CREATE TABLE IF NOT EXISTS raw.email_marketing (
        id INT PRIMARY KEY,
        date DATE NOT NULL,
        user_email VARCHAR(100),
        campaign VARCHAR(100),
        ad VARCHAR(100),
        received INT,
        opened INT,
        subscribed INT,
        clicks INT,
        bounces INT,
        unsubscribed INT,
        created_at TIMESTAMP 
    );
        
    
[2024-07-06T22:08:21.989+0000] {base.py:73} INFO - Using connection ID 'company_dw' for task execution.
[2024-07-06T22:08:22.017+0000] {base.py:73} INFO - Using connection ID 'company_dw' for task execution.
[2024-07-06T22:08:22.019+0000] {sql.py:375} INFO - Running statement: 
    CREATE TABLE IF NOT EXISTS raw.email_marketing (
        id INT PRIMARY KEY,
        date DATE NOT NULL,
        user_email VARCHAR(100),
        campaign VARCHAR(100),
        ad VARCHAR(100),
        received INT,
        opened INT,
        subscribed INT,
        clicks INT,
        bounces INT,
        unsubscribed INT,
        created_at TIMESTAMP 
    );
        
    , parameters: None
[2024-07-06T22:08:22.025+0000] {taskinstance.py:1345} INFO - Marking task as SUCCESS. dag_id=initialize_etl_environment, task_id=create_email_marketing_table, execution_date=20240704T000000, start_date=20240706T220821, end_date=20240706T220822
[2024-07-06T22:08:22.055+0000] {local_task_job_runner.py:225} INFO - Task exited with return code 0
[2024-07-06T22:08:22.065+0000] {taskinstance.py:2651} INFO - 0 downstream tasks scheduled from follow-on schedule check
