[2024-06-27T22:33:27.810+0000] {local_task_job_runner.py:120} INFO - ::group::Pre task execution logs
[2024-06-27T22:33:27.820+0000] {taskinstance.py:2076} INFO - Dependencies all met for dep_context=non-requeueable deps ti=<TaskInstance: example_dag.generate_and_insert_data scheduled__2023-01-01T02:00:00+00:00 [queued]>
[2024-06-27T22:33:27.823+0000] {taskinstance.py:2076} INFO - Dependencies all met for dep_context=requeueable deps ti=<TaskInstance: example_dag.generate_and_insert_data scheduled__2023-01-01T02:00:00+00:00 [queued]>
[2024-06-27T22:33:27.824+0000] {taskinstance.py:2306} INFO - Starting attempt 1 of 2
[2024-06-27T22:33:27.828+0000] {taskinstance.py:2330} INFO - Executing <Task(PythonOperator): generate_and_insert_data> on 2023-01-01 02:00:00+00:00
[2024-06-27T22:33:27.830+0000] {standard_task_runner.py:63} INFO - Started process 391 to run task
[2024-06-27T22:33:27.831+0000] {standard_task_runner.py:90} INFO - Running: ['airflow', 'tasks', 'run', 'example_dag', 'generate_and_insert_data', 'scheduled__2023-01-01T02:00:00+00:00', '--job-id', '27', '--raw', '--subdir', 'DAGS_FOLDER/example_dag.py', '--cfg-path', '/tmp/tmpc7gg9br4']
[2024-06-27T22:33:27.832+0000] {standard_task_runner.py:91} INFO - Job 27: Subtask generate_and_insert_data
[2024-06-27T22:33:27.853+0000] {task_command.py:426} INFO - Running <TaskInstance: example_dag.generate_and_insert_data scheduled__2023-01-01T02:00:00+00:00 [running]> on host 9174587f6b1d
[2024-06-27T22:33:27.890+0000] {taskinstance.py:2648} INFO - Exporting env vars: AIRFLOW_CTX_DAG_OWNER='airflow' AIRFLOW_CTX_DAG_ID='example_dag' AIRFLOW_CTX_TASK_ID='generate_and_insert_data' AIRFLOW_CTX_EXECUTION_DATE='2023-01-01T02:00:00+00:00' AIRFLOW_CTX_TRY_NUMBER='1' AIRFLOW_CTX_DAG_RUN_ID='scheduled__2023-01-01T02:00:00+00:00'
[2024-06-27T22:33:27.891+0000] {taskinstance.py:430} INFO - ::endgroup::
[2024-06-27T22:33:27.896+0000] {python.py:237} INFO - Done. Returned value was: None
[2024-06-27T22:33:27.896+0000] {taskinstance.py:441} INFO - ::group::Post task execution logs
[2024-06-27T22:33:27.901+0000] {taskinstance.py:1206} INFO - Marking task as SUCCESS. dag_id=example_dag, task_id=generate_and_insert_data, run_id=scheduled__2023-01-01T02:00:00+00:00, execution_date=20230101T020000, start_date=20240627T223327, end_date=20240627T223327
[2024-06-27T22:33:27.934+0000] {local_task_job_runner.py:240} INFO - Task exited with return code 0
[2024-06-27T22:33:27.941+0000] {taskinstance.py:3503} INFO - 0 downstream tasks scheduled from follow-on schedule check
[2024-06-27T22:33:27.942+0000] {local_task_job_runner.py:222} INFO - ::endgroup::
[2024-06-27T22:52:16.984+0000] {local_task_job_runner.py:120} INFO - ::group::Pre task execution logs
[2024-06-27T22:52:16.996+0000] {taskinstance.py:2076} INFO - Dependencies all met for dep_context=non-requeueable deps ti=<TaskInstance: example_dag.generate_and_insert_data scheduled__2023-01-01T02:00:00+00:00 [queued]>
[2024-06-27T22:52:16.999+0000] {taskinstance.py:2076} INFO - Dependencies all met for dep_context=requeueable deps ti=<TaskInstance: example_dag.generate_and_insert_data scheduled__2023-01-01T02:00:00+00:00 [queued]>
[2024-06-27T22:52:16.999+0000] {taskinstance.py:2306} INFO - Starting attempt 1 of 2
[2024-06-27T22:52:17.004+0000] {taskinstance.py:2330} INFO - Executing <Task(PythonOperator): generate_and_insert_data> on 2023-01-01 02:00:00+00:00
[2024-06-27T22:52:17.005+0000] {standard_task_runner.py:63} INFO - Started process 391 to run task
[2024-06-27T22:52:17.007+0000] {standard_task_runner.py:90} INFO - Running: ['airflow', 'tasks', 'run', 'example_dag', 'generate_and_insert_data', 'scheduled__2023-01-01T02:00:00+00:00', '--job-id', '27', '--raw', '--subdir', 'DAGS_FOLDER/example_dag.py', '--cfg-path', '/tmp/tmpeu1o50e8']
[2024-06-27T22:52:17.007+0000] {standard_task_runner.py:91} INFO - Job 27: Subtask generate_and_insert_data
[2024-06-27T22:52:17.027+0000] {task_command.py:426} INFO - Running <TaskInstance: example_dag.generate_and_insert_data scheduled__2023-01-01T02:00:00+00:00 [running]> on host a70edf9d8581
[2024-06-27T22:52:17.062+0000] {taskinstance.py:2648} INFO - Exporting env vars: AIRFLOW_CTX_DAG_OWNER='airflow' AIRFLOW_CTX_DAG_ID='example_dag' AIRFLOW_CTX_TASK_ID='generate_and_insert_data' AIRFLOW_CTX_EXECUTION_DATE='2023-01-01T02:00:00+00:00' AIRFLOW_CTX_TRY_NUMBER='1' AIRFLOW_CTX_DAG_RUN_ID='scheduled__2023-01-01T02:00:00+00:00'
[2024-06-27T22:52:17.062+0000] {taskinstance.py:430} INFO - ::endgroup::
[2024-06-27T22:52:17.067+0000] {python.py:237} INFO - Done. Returned value was: None
[2024-06-27T22:52:17.068+0000] {taskinstance.py:441} INFO - ::group::Post task execution logs
[2024-06-27T22:52:17.073+0000] {taskinstance.py:1206} INFO - Marking task as SUCCESS. dag_id=example_dag, task_id=generate_and_insert_data, run_id=scheduled__2023-01-01T02:00:00+00:00, execution_date=20230101T020000, start_date=20240627T225216, end_date=20240627T225217
[2024-06-27T22:52:17.109+0000] {local_task_job_runner.py:240} INFO - Task exited with return code 0
[2024-06-27T22:52:17.116+0000] {taskinstance.py:3503} INFO - 0 downstream tasks scheduled from follow-on schedule check
[2024-06-27T22:52:17.116+0000] {local_task_job_runner.py:222} INFO - ::endgroup::
[2024-06-27T23:00:01.650+0000] {local_task_job_runner.py:120} INFO - ::group::Pre task execution logs
[2024-06-27T23:00:01.662+0000] {taskinstance.py:2076} INFO - Dependencies all met for dep_context=non-requeueable deps ti=<TaskInstance: example_dag.generate_and_insert_data scheduled__2023-01-01T02:00:00+00:00 [queued]>
[2024-06-27T23:00:01.664+0000] {taskinstance.py:2076} INFO - Dependencies all met for dep_context=requeueable deps ti=<TaskInstance: example_dag.generate_and_insert_data scheduled__2023-01-01T02:00:00+00:00 [queued]>
[2024-06-27T23:00:01.665+0000] {taskinstance.py:2306} INFO - Starting attempt 1 of 2
[2024-06-27T23:00:01.670+0000] {taskinstance.py:2330} INFO - Executing <Task(PythonOperator): generate_and_insert_data> on 2023-01-01 02:00:00+00:00
[2024-06-27T23:00:01.671+0000] {standard_task_runner.py:63} INFO - Started process 391 to run task
[2024-06-27T23:00:01.673+0000] {standard_task_runner.py:90} INFO - Running: ['airflow', 'tasks', 'run', 'example_dag', 'generate_and_insert_data', 'scheduled__2023-01-01T02:00:00+00:00', '--job-id', '27', '--raw', '--subdir', 'DAGS_FOLDER/example_dag.py', '--cfg-path', '/tmp/tmpay2h_y8k']
[2024-06-27T23:00:01.674+0000] {standard_task_runner.py:91} INFO - Job 27: Subtask generate_and_insert_data
[2024-06-27T23:00:01.695+0000] {task_command.py:426} INFO - Running <TaskInstance: example_dag.generate_and_insert_data scheduled__2023-01-01T02:00:00+00:00 [running]> on host 5cc71d4b298c
[2024-06-27T23:00:01.730+0000] {taskinstance.py:2648} INFO - Exporting env vars: AIRFLOW_CTX_DAG_OWNER='airflow' AIRFLOW_CTX_DAG_ID='example_dag' AIRFLOW_CTX_TASK_ID='generate_and_insert_data' AIRFLOW_CTX_EXECUTION_DATE='2023-01-01T02:00:00+00:00' AIRFLOW_CTX_TRY_NUMBER='1' AIRFLOW_CTX_DAG_RUN_ID='scheduled__2023-01-01T02:00:00+00:00'
[2024-06-27T23:00:01.731+0000] {taskinstance.py:430} INFO - ::endgroup::
[2024-06-27T23:00:01.736+0000] {python.py:237} INFO - Done. Returned value was: None
[2024-06-27T23:00:01.736+0000] {taskinstance.py:441} INFO - ::group::Post task execution logs
[2024-06-27T23:00:01.742+0000] {taskinstance.py:1206} INFO - Marking task as SUCCESS. dag_id=example_dag, task_id=generate_and_insert_data, run_id=scheduled__2023-01-01T02:00:00+00:00, execution_date=20230101T020000, start_date=20240627T230001, end_date=20240627T230001
[2024-06-27T23:00:01.776+0000] {local_task_job_runner.py:240} INFO - Task exited with return code 0
[2024-06-27T23:00:01.783+0000] {taskinstance.py:3503} INFO - 0 downstream tasks scheduled from follow-on schedule check
[2024-06-27T23:00:01.783+0000] {local_task_job_runner.py:222} INFO - ::endgroup::
[2024-06-27T23:09:40.626+0000] {local_task_job_runner.py:120} INFO - ::group::Pre task execution logs
[2024-06-27T23:09:40.637+0000] {taskinstance.py:2076} INFO - Dependencies all met for dep_context=non-requeueable deps ti=<TaskInstance: example_dag.generate_and_insert_data scheduled__2023-01-01T02:00:00+00:00 [queued]>
[2024-06-27T23:09:40.640+0000] {taskinstance.py:2076} INFO - Dependencies all met for dep_context=requeueable deps ti=<TaskInstance: example_dag.generate_and_insert_data scheduled__2023-01-01T02:00:00+00:00 [queued]>
[2024-06-27T23:09:40.640+0000] {taskinstance.py:2306} INFO - Starting attempt 1 of 2
[2024-06-27T23:09:40.644+0000] {taskinstance.py:2330} INFO - Executing <Task(PythonOperator): generate_and_insert_data> on 2023-01-01 02:00:00+00:00
[2024-06-27T23:09:40.646+0000] {standard_task_runner.py:63} INFO - Started process 391 to run task
[2024-06-27T23:09:40.648+0000] {standard_task_runner.py:90} INFO - Running: ['airflow', 'tasks', 'run', 'example_dag', 'generate_and_insert_data', 'scheduled__2023-01-01T02:00:00+00:00', '--job-id', '27', '--raw', '--subdir', 'DAGS_FOLDER/example_dag.py', '--cfg-path', '/tmp/tmpxuox3qc1']
[2024-06-27T23:09:40.648+0000] {standard_task_runner.py:91} INFO - Job 27: Subtask generate_and_insert_data
[2024-06-27T23:09:40.668+0000] {task_command.py:426} INFO - Running <TaskInstance: example_dag.generate_and_insert_data scheduled__2023-01-01T02:00:00+00:00 [running]> on host 7147f8a4dc9f
[2024-06-27T23:09:40.697+0000] {taskinstance.py:2648} INFO - Exporting env vars: AIRFLOW_CTX_DAG_OWNER='airflow' AIRFLOW_CTX_DAG_ID='example_dag' AIRFLOW_CTX_TASK_ID='generate_and_insert_data' AIRFLOW_CTX_EXECUTION_DATE='2023-01-01T02:00:00+00:00' AIRFLOW_CTX_TRY_NUMBER='1' AIRFLOW_CTX_DAG_RUN_ID='scheduled__2023-01-01T02:00:00+00:00'
[2024-06-27T23:09:40.697+0000] {taskinstance.py:430} INFO - ::endgroup::
[2024-06-27T23:09:40.702+0000] {python.py:237} INFO - Done. Returned value was: None
[2024-06-27T23:09:40.702+0000] {taskinstance.py:441} INFO - ::group::Post task execution logs
[2024-06-27T23:09:40.706+0000] {taskinstance.py:1206} INFO - Marking task as SUCCESS. dag_id=example_dag, task_id=generate_and_insert_data, run_id=scheduled__2023-01-01T02:00:00+00:00, execution_date=20230101T020000, start_date=20240627T230940, end_date=20240627T230940
[2024-06-27T23:09:40.755+0000] {local_task_job_runner.py:240} INFO - Task exited with return code 0
[2024-06-27T23:09:40.763+0000] {taskinstance.py:3503} INFO - 0 downstream tasks scheduled from follow-on schedule check
[2024-06-27T23:09:40.764+0000] {local_task_job_runner.py:222} INFO - ::endgroup::
[2024-06-27T23:13:19.076+0000] {local_task_job_runner.py:120} INFO - ::group::Pre task execution logs
[2024-06-27T23:13:19.087+0000] {taskinstance.py:2076} INFO - Dependencies all met for dep_context=non-requeueable deps ti=<TaskInstance: example_dag.generate_and_insert_data scheduled__2023-01-01T02:00:00+00:00 [queued]>
[2024-06-27T23:13:19.089+0000] {taskinstance.py:2076} INFO - Dependencies all met for dep_context=requeueable deps ti=<TaskInstance: example_dag.generate_and_insert_data scheduled__2023-01-01T02:00:00+00:00 [queued]>
[2024-06-27T23:13:19.089+0000] {taskinstance.py:2306} INFO - Starting attempt 1 of 2
[2024-06-27T23:13:19.093+0000] {taskinstance.py:2330} INFO - Executing <Task(PythonOperator): generate_and_insert_data> on 2023-01-01 02:00:00+00:00
[2024-06-27T23:13:19.095+0000] {standard_task_runner.py:63} INFO - Started process 391 to run task
[2024-06-27T23:13:19.096+0000] {standard_task_runner.py:90} INFO - Running: ['airflow', 'tasks', 'run', 'example_dag', 'generate_and_insert_data', 'scheduled__2023-01-01T02:00:00+00:00', '--job-id', '27', '--raw', '--subdir', 'DAGS_FOLDER/example_dag.py', '--cfg-path', '/tmp/tmp27lixx2_']
[2024-06-27T23:13:19.097+0000] {standard_task_runner.py:91} INFO - Job 27: Subtask generate_and_insert_data
[2024-06-27T23:13:19.116+0000] {task_command.py:426} INFO - Running <TaskInstance: example_dag.generate_and_insert_data scheduled__2023-01-01T02:00:00+00:00 [running]> on host 4bd55eb76a74
[2024-06-27T23:13:19.145+0000] {taskinstance.py:2648} INFO - Exporting env vars: AIRFLOW_CTX_DAG_OWNER='airflow' AIRFLOW_CTX_DAG_ID='example_dag' AIRFLOW_CTX_TASK_ID='generate_and_insert_data' AIRFLOW_CTX_EXECUTION_DATE='2023-01-01T02:00:00+00:00' AIRFLOW_CTX_TRY_NUMBER='1' AIRFLOW_CTX_DAG_RUN_ID='scheduled__2023-01-01T02:00:00+00:00'
[2024-06-27T23:13:19.145+0000] {taskinstance.py:430} INFO - ::endgroup::
[2024-06-27T23:13:19.150+0000] {python.py:237} INFO - Done. Returned value was: None
[2024-06-27T23:13:19.150+0000] {taskinstance.py:441} INFO - ::group::Post task execution logs
[2024-06-27T23:13:19.154+0000] {taskinstance.py:1206} INFO - Marking task as SUCCESS. dag_id=example_dag, task_id=generate_and_insert_data, run_id=scheduled__2023-01-01T02:00:00+00:00, execution_date=20230101T020000, start_date=20240627T231319, end_date=20240627T231319
[2024-06-27T23:13:19.159+0000] {local_task_job_runner.py:240} INFO - Task exited with return code 0
[2024-06-27T23:13:19.165+0000] {taskinstance.py:3503} INFO - 0 downstream tasks scheduled from follow-on schedule check
[2024-06-27T23:13:19.165+0000] {local_task_job_runner.py:222} INFO - ::endgroup::
[2024-06-27T23:19:14.587+0000] {local_task_job_runner.py:120} INFO - ::group::Pre task execution logs
[2024-06-27T23:19:14.597+0000] {taskinstance.py:2076} INFO - Dependencies all met for dep_context=non-requeueable deps ti=<TaskInstance: example_dag.generate_and_insert_data scheduled__2023-01-01T02:00:00+00:00 [queued]>
[2024-06-27T23:19:14.600+0000] {taskinstance.py:2076} INFO - Dependencies all met for dep_context=requeueable deps ti=<TaskInstance: example_dag.generate_and_insert_data scheduled__2023-01-01T02:00:00+00:00 [queued]>
[2024-06-27T23:19:14.600+0000] {taskinstance.py:2306} INFO - Starting attempt 1 of 2
[2024-06-27T23:19:14.604+0000] {taskinstance.py:2330} INFO - Executing <Task(PythonOperator): generate_and_insert_data> on 2023-01-01 02:00:00+00:00
[2024-06-27T23:19:14.606+0000] {standard_task_runner.py:63} INFO - Started process 391 to run task
[2024-06-27T23:19:14.607+0000] {standard_task_runner.py:90} INFO - Running: ['airflow', 'tasks', 'run', 'example_dag', 'generate_and_insert_data', 'scheduled__2023-01-01T02:00:00+00:00', '--job-id', '27', '--raw', '--subdir', 'DAGS_FOLDER/example_dag.py', '--cfg-path', '/tmp/tmpx58hd794']
[2024-06-27T23:19:14.608+0000] {standard_task_runner.py:91} INFO - Job 27: Subtask generate_and_insert_data
[2024-06-27T23:19:14.625+0000] {task_command.py:426} INFO - Running <TaskInstance: example_dag.generate_and_insert_data scheduled__2023-01-01T02:00:00+00:00 [running]> on host 73964f870a02
[2024-06-27T23:19:14.656+0000] {taskinstance.py:2648} INFO - Exporting env vars: AIRFLOW_CTX_DAG_OWNER='airflow' AIRFLOW_CTX_DAG_ID='example_dag' AIRFLOW_CTX_TASK_ID='generate_and_insert_data' AIRFLOW_CTX_EXECUTION_DATE='2023-01-01T02:00:00+00:00' AIRFLOW_CTX_TRY_NUMBER='1' AIRFLOW_CTX_DAG_RUN_ID='scheduled__2023-01-01T02:00:00+00:00'
[2024-06-27T23:19:14.657+0000] {taskinstance.py:430} INFO - ::endgroup::
[2024-06-27T23:19:14.661+0000] {python.py:237} INFO - Done. Returned value was: None
[2024-06-27T23:19:14.661+0000] {taskinstance.py:441} INFO - ::group::Post task execution logs
[2024-06-27T23:19:14.666+0000] {taskinstance.py:1206} INFO - Marking task as SUCCESS. dag_id=example_dag, task_id=generate_and_insert_data, run_id=scheduled__2023-01-01T02:00:00+00:00, execution_date=20230101T020000, start_date=20240627T231914, end_date=20240627T231914
[2024-06-27T23:19:14.706+0000] {local_task_job_runner.py:240} INFO - Task exited with return code 0
[2024-06-27T23:19:14.713+0000] {taskinstance.py:3503} INFO - 0 downstream tasks scheduled from follow-on schedule check
[2024-06-27T23:19:14.713+0000] {local_task_job_runner.py:222} INFO - ::endgroup::
[2024-06-28T18:13:35.015+0000] {local_task_job_runner.py:120} INFO - ::group::Pre task execution logs
[2024-06-28T18:13:35.026+0000] {taskinstance.py:2076} INFO - Dependencies all met for dep_context=non-requeueable deps ti=<TaskInstance: example_dag.generate_and_insert_data scheduled__2023-01-01T02:00:00+00:00 [queued]>
[2024-06-28T18:13:35.028+0000] {taskinstance.py:2076} INFO - Dependencies all met for dep_context=requeueable deps ti=<TaskInstance: example_dag.generate_and_insert_data scheduled__2023-01-01T02:00:00+00:00 [queued]>
[2024-06-28T18:13:35.028+0000] {taskinstance.py:2306} INFO - Starting attempt 1 of 2
[2024-06-28T18:13:35.032+0000] {taskinstance.py:2330} INFO - Executing <Task(PythonOperator): generate_and_insert_data> on 2023-01-01 02:00:00+00:00
[2024-06-28T18:13:35.034+0000] {standard_task_runner.py:63} INFO - Started process 391 to run task
[2024-06-28T18:13:35.035+0000] {standard_task_runner.py:90} INFO - Running: ['airflow', 'tasks', 'run', 'example_dag', 'generate_and_insert_data', 'scheduled__2023-01-01T02:00:00+00:00', '--job-id', '27', '--raw', '--subdir', 'DAGS_FOLDER/example_dag.py', '--cfg-path', '/tmp/tmp8_4nvhke']
[2024-06-28T18:13:35.036+0000] {standard_task_runner.py:91} INFO - Job 27: Subtask generate_and_insert_data
[2024-06-28T18:13:35.053+0000] {task_command.py:426} INFO - Running <TaskInstance: example_dag.generate_and_insert_data scheduled__2023-01-01T02:00:00+00:00 [running]> on host 08cefd381a1f
[2024-06-28T18:13:35.080+0000] {taskinstance.py:2648} INFO - Exporting env vars: AIRFLOW_CTX_DAG_OWNER='airflow' AIRFLOW_CTX_DAG_ID='example_dag' AIRFLOW_CTX_TASK_ID='generate_and_insert_data' AIRFLOW_CTX_EXECUTION_DATE='2023-01-01T02:00:00+00:00' AIRFLOW_CTX_TRY_NUMBER='1' AIRFLOW_CTX_DAG_RUN_ID='scheduled__2023-01-01T02:00:00+00:00'
[2024-06-28T18:13:35.081+0000] {taskinstance.py:430} INFO - ::endgroup::
[2024-06-28T18:13:35.085+0000] {python.py:237} INFO - Done. Returned value was: None
[2024-06-28T18:13:35.085+0000] {taskinstance.py:441} INFO - ::group::Post task execution logs
[2024-06-28T18:13:35.089+0000] {taskinstance.py:1206} INFO - Marking task as SUCCESS. dag_id=example_dag, task_id=generate_and_insert_data, run_id=scheduled__2023-01-01T02:00:00+00:00, execution_date=20230101T020000, start_date=20240628T181335, end_date=20240628T181335
[2024-06-28T18:13:35.097+0000] {local_task_job_runner.py:240} INFO - Task exited with return code 0
[2024-06-28T18:13:35.103+0000] {taskinstance.py:3503} INFO - 0 downstream tasks scheduled from follow-on schedule check
[2024-06-28T18:13:35.104+0000] {local_task_job_runner.py:222} INFO - ::endgroup::
[2024-06-28T18:20:50.838+0000] {local_task_job_runner.py:120} INFO - ::group::Pre task execution logs
[2024-06-28T18:20:50.848+0000] {taskinstance.py:2076} INFO - Dependencies all met for dep_context=non-requeueable deps ti=<TaskInstance: example_dag.generate_and_insert_data scheduled__2023-01-01T02:00:00+00:00 [queued]>
[2024-06-28T18:20:50.850+0000] {taskinstance.py:2076} INFO - Dependencies all met for dep_context=requeueable deps ti=<TaskInstance: example_dag.generate_and_insert_data scheduled__2023-01-01T02:00:00+00:00 [queued]>
[2024-06-28T18:20:50.851+0000] {taskinstance.py:2306} INFO - Starting attempt 1 of 2
[2024-06-28T18:20:50.855+0000] {taskinstance.py:2330} INFO - Executing <Task(PythonOperator): generate_and_insert_data> on 2023-01-01 02:00:00+00:00
[2024-06-28T18:20:50.857+0000] {standard_task_runner.py:63} INFO - Started process 391 to run task
[2024-06-28T18:20:50.858+0000] {standard_task_runner.py:90} INFO - Running: ['airflow', 'tasks', 'run', 'example_dag', 'generate_and_insert_data', 'scheduled__2023-01-01T02:00:00+00:00', '--job-id', '27', '--raw', '--subdir', 'DAGS_FOLDER/example_dag.py', '--cfg-path', '/tmp/tmpim34w907']
[2024-06-28T18:20:50.859+0000] {standard_task_runner.py:91} INFO - Job 27: Subtask generate_and_insert_data
[2024-06-28T18:20:50.879+0000] {task_command.py:426} INFO - Running <TaskInstance: example_dag.generate_and_insert_data scheduled__2023-01-01T02:00:00+00:00 [running]> on host 6570e5857071
[2024-06-28T18:20:50.909+0000] {taskinstance.py:2648} INFO - Exporting env vars: AIRFLOW_CTX_DAG_OWNER='airflow' AIRFLOW_CTX_DAG_ID='example_dag' AIRFLOW_CTX_TASK_ID='generate_and_insert_data' AIRFLOW_CTX_EXECUTION_DATE='2023-01-01T02:00:00+00:00' AIRFLOW_CTX_TRY_NUMBER='1' AIRFLOW_CTX_DAG_RUN_ID='scheduled__2023-01-01T02:00:00+00:00'
[2024-06-28T18:20:50.910+0000] {taskinstance.py:430} INFO - ::endgroup::
[2024-06-28T18:20:50.915+0000] {python.py:237} INFO - Done. Returned value was: None
[2024-06-28T18:20:50.915+0000] {taskinstance.py:441} INFO - ::group::Post task execution logs
[2024-06-28T18:20:50.919+0000] {taskinstance.py:1206} INFO - Marking task as SUCCESS. dag_id=example_dag, task_id=generate_and_insert_data, run_id=scheduled__2023-01-01T02:00:00+00:00, execution_date=20230101T020000, start_date=20240628T182050, end_date=20240628T182050
[2024-06-28T18:20:50.961+0000] {local_task_job_runner.py:240} INFO - Task exited with return code 0
[2024-06-28T18:20:50.968+0000] {taskinstance.py:3503} INFO - 0 downstream tasks scheduled from follow-on schedule check
[2024-06-28T18:20:50.969+0000] {local_task_job_runner.py:222} INFO - ::endgroup::
[2024-06-28T18:30:52.669+0000] {local_task_job_runner.py:120} INFO - ::group::Pre task execution logs
[2024-06-28T18:30:52.680+0000] {taskinstance.py:2076} INFO - Dependencies all met for dep_context=non-requeueable deps ti=<TaskInstance: example_dag.generate_and_insert_data scheduled__2023-01-01T02:00:00+00:00 [queued]>
[2024-06-28T18:30:52.683+0000] {taskinstance.py:2076} INFO - Dependencies all met for dep_context=requeueable deps ti=<TaskInstance: example_dag.generate_and_insert_data scheduled__2023-01-01T02:00:00+00:00 [queued]>
[2024-06-28T18:30:52.683+0000] {taskinstance.py:2306} INFO - Starting attempt 1 of 2
[2024-06-28T18:30:52.687+0000] {taskinstance.py:2330} INFO - Executing <Task(PythonOperator): generate_and_insert_data> on 2023-01-01 02:00:00+00:00
[2024-06-28T18:30:52.689+0000] {standard_task_runner.py:63} INFO - Started process 391 to run task
[2024-06-28T18:30:52.690+0000] {standard_task_runner.py:90} INFO - Running: ['airflow', 'tasks', 'run', 'example_dag', 'generate_and_insert_data', 'scheduled__2023-01-01T02:00:00+00:00', '--job-id', '27', '--raw', '--subdir', 'DAGS_FOLDER/example_dag.py', '--cfg-path', '/tmp/tmpp49yp1ux']
[2024-06-28T18:30:52.691+0000] {standard_task_runner.py:91} INFO - Job 27: Subtask generate_and_insert_data
[2024-06-28T18:30:52.710+0000] {task_command.py:426} INFO - Running <TaskInstance: example_dag.generate_and_insert_data scheduled__2023-01-01T02:00:00+00:00 [running]> on host 50bf780463b8
[2024-06-28T18:30:52.745+0000] {taskinstance.py:2648} INFO - Exporting env vars: AIRFLOW_CTX_DAG_OWNER='airflow' AIRFLOW_CTX_DAG_ID='example_dag' AIRFLOW_CTX_TASK_ID='generate_and_insert_data' AIRFLOW_CTX_EXECUTION_DATE='2023-01-01T02:00:00+00:00' AIRFLOW_CTX_TRY_NUMBER='1' AIRFLOW_CTX_DAG_RUN_ID='scheduled__2023-01-01T02:00:00+00:00'
[2024-06-28T18:30:52.746+0000] {taskinstance.py:430} INFO - ::endgroup::
[2024-06-28T18:30:52.751+0000] {python.py:237} INFO - Done. Returned value was: None
[2024-06-28T18:30:52.751+0000] {taskinstance.py:441} INFO - ::group::Post task execution logs
[2024-06-28T18:30:52.755+0000] {taskinstance.py:1206} INFO - Marking task as SUCCESS. dag_id=example_dag, task_id=generate_and_insert_data, run_id=scheduled__2023-01-01T02:00:00+00:00, execution_date=20230101T020000, start_date=20240628T183052, end_date=20240628T183052
[2024-06-28T18:30:52.789+0000] {local_task_job_runner.py:240} INFO - Task exited with return code 0
[2024-06-28T18:30:52.796+0000] {taskinstance.py:3503} INFO - 0 downstream tasks scheduled from follow-on schedule check
[2024-06-28T18:30:52.796+0000] {local_task_job_runner.py:222} INFO - ::endgroup::
