[2024-07-06T18:10:32.278+0000] {taskinstance.py:1103} INFO - Dependencies all met for dep_context=non-requeueable deps ti=<TaskInstance: import_main_data.wait_for_init scheduled__2024-07-05T10:00:00+00:00 [queued]>
[2024-07-06T18:10:32.281+0000] {taskinstance.py:1103} INFO - Dependencies all met for dep_context=requeueable deps ti=<TaskInstance: import_main_data.wait_for_init scheduled__2024-07-05T10:00:00+00:00 [queued]>
[2024-07-06T18:10:32.281+0000] {taskinstance.py:1308} INFO - Starting attempt 1 of 2
[2024-07-06T18:10:32.285+0000] {taskinstance.py:1327} INFO - Executing <Task(ExternalTaskSensor): wait_for_init> on 2024-07-05 10:00:00+00:00
[2024-07-06T18:10:32.287+0000] {standard_task_runner.py:57} INFO - Started process 635 to run task
[2024-07-06T18:10:32.288+0000] {standard_task_runner.py:84} INFO - Running: ['airflow', 'tasks', 'run', 'import_main_data', 'wait_for_init', 'scheduled__2024-07-05T10:00:00+00:00', '--job-id', '812', '--raw', '--subdir', 'DAGS_FOLDER/import_raw_data.py', '--cfg-path', '/tmp/tmp67zvyd_7']
[2024-07-06T18:10:32.289+0000] {standard_task_runner.py:85} INFO - Job 812: Subtask wait_for_init
[2024-07-06T18:10:32.311+0000] {task_command.py:410} INFO - Running <TaskInstance: import_main_data.wait_for_init scheduled__2024-07-05T10:00:00+00:00 [running]> on host f6bf59d3e65b
[2024-07-06T18:10:32.364+0000] {taskinstance.py:1545} INFO - Exporting env vars: AIRFLOW_CTX_DAG_EMAIL='airflow@example.com' AIRFLOW_CTX_DAG_OWNER='airflow' AIRFLOW_CTX_DAG_ID='import_main_data' AIRFLOW_CTX_TASK_ID='wait_for_init' AIRFLOW_CTX_EXECUTION_DATE='2024-07-05T10:00:00+00:00' AIRFLOW_CTX_TRY_NUMBER='1' AIRFLOW_CTX_DAG_RUN_ID='scheduled__2024-07-05T10:00:00+00:00'
[2024-07-06T18:10:32.378+0000] {external_task.py:247} INFO - Poking for DAG 'initialize_etl_environment' on 2024-07-05T10:00:00+00:00 ... 
[2024-07-06T18:10:32.400+0000] {taskinstance.py:1784} INFO - Rescheduling task, marking task as UP_FOR_RESCHEDULE
[2024-07-06T18:10:32.429+0000] {local_task_job_runner.py:225} INFO - Task exited with return code 0
[2024-07-06T18:10:32.448+0000] {taskinstance.py:2651} INFO - 0 downstream tasks scheduled from follow-on schedule check
[2024-07-06T18:11:34.217+0000] {taskinstance.py:1103} INFO - Dependencies all met for dep_context=non-requeueable deps ti=<TaskInstance: import_main_data.wait_for_init scheduled__2024-07-05T10:00:00+00:00 [queued]>
[2024-07-06T18:11:34.220+0000] {taskinstance.py:1103} INFO - Dependencies all met for dep_context=requeueable deps ti=<TaskInstance: import_main_data.wait_for_init scheduled__2024-07-05T10:00:00+00:00 [queued]>
[2024-07-06T18:11:34.220+0000] {taskinstance.py:1308} INFO - Starting attempt 1 of 2
[2024-07-06T18:11:34.224+0000] {taskinstance.py:1327} INFO - Executing <Task(ExternalTaskSensor): wait_for_init> on 2024-07-05 10:00:00+00:00
[2024-07-06T18:11:34.226+0000] {standard_task_runner.py:57} INFO - Started process 699 to run task
[2024-07-06T18:11:34.227+0000] {standard_task_runner.py:84} INFO - Running: ['airflow', 'tasks', 'run', 'import_main_data', 'wait_for_init', 'scheduled__2024-07-05T10:00:00+00:00', '--job-id', '828', '--raw', '--subdir', 'DAGS_FOLDER/import_raw_data.py', '--cfg-path', '/tmp/tmpczyelwad']
[2024-07-06T18:11:34.228+0000] {standard_task_runner.py:85} INFO - Job 828: Subtask wait_for_init
[2024-07-06T18:11:34.247+0000] {task_command.py:410} INFO - Running <TaskInstance: import_main_data.wait_for_init scheduled__2024-07-05T10:00:00+00:00 [running]> on host f6bf59d3e65b
[2024-07-06T18:11:34.279+0000] {taskinstance.py:1545} INFO - Exporting env vars: AIRFLOW_CTX_DAG_EMAIL='airflow@example.com' AIRFLOW_CTX_DAG_OWNER='airflow' AIRFLOW_CTX_DAG_ID='import_main_data' AIRFLOW_CTX_TASK_ID='wait_for_init' AIRFLOW_CTX_EXECUTION_DATE='2024-07-05T10:00:00+00:00' AIRFLOW_CTX_TRY_NUMBER='1' AIRFLOW_CTX_DAG_RUN_ID='scheduled__2024-07-05T10:00:00+00:00'
[2024-07-06T18:11:34.284+0000] {external_task.py:247} INFO - Poking for DAG 'initialize_etl_environment' on 2024-07-05T10:00:00+00:00 ... 
[2024-07-06T18:11:34.295+0000] {taskinstance.py:1784} INFO - Rescheduling task, marking task as UP_FOR_RESCHEDULE
[2024-07-06T18:11:34.328+0000] {local_task_job_runner.py:225} INFO - Task exited with return code 0
[2024-07-06T18:11:34.340+0000] {taskinstance.py:2651} INFO - 0 downstream tasks scheduled from follow-on schedule check
[2024-07-06T18:12:35.434+0000] {taskinstance.py:1103} INFO - Dependencies all met for dep_context=non-requeueable deps ti=<TaskInstance: import_main_data.wait_for_init scheduled__2024-07-05T10:00:00+00:00 [queued]>
[2024-07-06T18:12:35.437+0000] {taskinstance.py:1103} INFO - Dependencies all met for dep_context=requeueable deps ti=<TaskInstance: import_main_data.wait_for_init scheduled__2024-07-05T10:00:00+00:00 [queued]>
[2024-07-06T18:12:35.437+0000] {taskinstance.py:1308} INFO - Starting attempt 1 of 2
[2024-07-06T18:12:35.441+0000] {taskinstance.py:1327} INFO - Executing <Task(ExternalTaskSensor): wait_for_init> on 2024-07-05 10:00:00+00:00
[2024-07-06T18:12:35.443+0000] {standard_task_runner.py:57} INFO - Started process 763 to run task
[2024-07-06T18:12:35.444+0000] {standard_task_runner.py:84} INFO - Running: ['airflow', 'tasks', 'run', 'import_main_data', 'wait_for_init', 'scheduled__2024-07-05T10:00:00+00:00', '--job-id', '844', '--raw', '--subdir', 'DAGS_FOLDER/import_raw_data.py', '--cfg-path', '/tmp/tmps01vyiv5']
[2024-07-06T18:12:35.445+0000] {standard_task_runner.py:85} INFO - Job 844: Subtask wait_for_init
[2024-07-06T18:12:35.464+0000] {task_command.py:410} INFO - Running <TaskInstance: import_main_data.wait_for_init scheduled__2024-07-05T10:00:00+00:00 [running]> on host f6bf59d3e65b
[2024-07-06T18:12:35.495+0000] {taskinstance.py:1545} INFO - Exporting env vars: AIRFLOW_CTX_DAG_EMAIL='airflow@example.com' AIRFLOW_CTX_DAG_OWNER='airflow' AIRFLOW_CTX_DAG_ID='import_main_data' AIRFLOW_CTX_TASK_ID='wait_for_init' AIRFLOW_CTX_EXECUTION_DATE='2024-07-05T10:00:00+00:00' AIRFLOW_CTX_TRY_NUMBER='1' AIRFLOW_CTX_DAG_RUN_ID='scheduled__2024-07-05T10:00:00+00:00'
[2024-07-06T18:12:35.499+0000] {external_task.py:247} INFO - Poking for DAG 'initialize_etl_environment' on 2024-07-05T10:00:00+00:00 ... 
[2024-07-06T18:12:35.510+0000] {taskinstance.py:1784} INFO - Rescheduling task, marking task as UP_FOR_RESCHEDULE
[2024-07-06T18:12:35.552+0000] {local_task_job_runner.py:225} INFO - Task exited with return code 0
[2024-07-06T18:12:35.565+0000] {taskinstance.py:2651} INFO - 0 downstream tasks scheduled from follow-on schedule check
[2024-07-06T18:13:37.554+0000] {taskinstance.py:1103} INFO - Dependencies all met for dep_context=non-requeueable deps ti=<TaskInstance: import_main_data.wait_for_init scheduled__2024-07-05T10:00:00+00:00 [queued]>
[2024-07-06T18:13:37.557+0000] {taskinstance.py:1103} INFO - Dependencies all met for dep_context=requeueable deps ti=<TaskInstance: import_main_data.wait_for_init scheduled__2024-07-05T10:00:00+00:00 [queued]>
[2024-07-06T18:13:37.557+0000] {taskinstance.py:1308} INFO - Starting attempt 1 of 2
[2024-07-06T18:13:37.561+0000] {taskinstance.py:1327} INFO - Executing <Task(ExternalTaskSensor): wait_for_init> on 2024-07-05 10:00:00+00:00
[2024-07-06T18:13:37.563+0000] {standard_task_runner.py:57} INFO - Started process 828 to run task
[2024-07-06T18:13:37.564+0000] {standard_task_runner.py:84} INFO - Running: ['airflow', 'tasks', 'run', 'import_main_data', 'wait_for_init', 'scheduled__2024-07-05T10:00:00+00:00', '--job-id', '860', '--raw', '--subdir', 'DAGS_FOLDER/import_raw_data.py', '--cfg-path', '/tmp/tmpn6pk4zgq']
[2024-07-06T18:13:37.564+0000] {standard_task_runner.py:85} INFO - Job 860: Subtask wait_for_init
[2024-07-06T18:13:37.585+0000] {task_command.py:410} INFO - Running <TaskInstance: import_main_data.wait_for_init scheduled__2024-07-05T10:00:00+00:00 [running]> on host f6bf59d3e65b
[2024-07-06T18:13:37.619+0000] {taskinstance.py:1545} INFO - Exporting env vars: AIRFLOW_CTX_DAG_EMAIL='airflow@example.com' AIRFLOW_CTX_DAG_OWNER='airflow' AIRFLOW_CTX_DAG_ID='import_main_data' AIRFLOW_CTX_TASK_ID='wait_for_init' AIRFLOW_CTX_EXECUTION_DATE='2024-07-05T10:00:00+00:00' AIRFLOW_CTX_TRY_NUMBER='1' AIRFLOW_CTX_DAG_RUN_ID='scheduled__2024-07-05T10:00:00+00:00'
[2024-07-06T18:13:37.623+0000] {external_task.py:247} INFO - Poking for DAG 'initialize_etl_environment' on 2024-07-05T10:00:00+00:00 ... 
[2024-07-06T18:13:37.637+0000] {taskinstance.py:1784} INFO - Rescheduling task, marking task as UP_FOR_RESCHEDULE
[2024-07-06T18:13:37.665+0000] {local_task_job_runner.py:225} INFO - Task exited with return code 0
[2024-07-06T18:13:37.677+0000] {taskinstance.py:2651} INFO - 0 downstream tasks scheduled from follow-on schedule check
