[2024-06-27T22:52:45.343+0000] {local_task_job_runner.py:120} INFO - ::group::Pre task execution logs
[2024-06-27T22:52:45.353+0000] {taskinstance.py:2076} INFO - Dependencies all met for dep_context=non-requeueable deps ti=<TaskInstance: example_dag.generate_and_insert_data scheduled__2023-01-01T03:30:00+00:00 [queued]>
[2024-06-27T22:52:45.355+0000] {taskinstance.py:2076} INFO - Dependencies all met for dep_context=requeueable deps ti=<TaskInstance: example_dag.generate_and_insert_data scheduled__2023-01-01T03:30:00+00:00 [queued]>
[2024-06-27T22:52:45.355+0000] {taskinstance.py:2306} INFO - Starting attempt 1 of 2
[2024-06-27T22:52:45.359+0000] {taskinstance.py:2330} INFO - Executing <Task(PythonOperator): generate_and_insert_data> on 2023-01-01 03:30:00+00:00
[2024-06-27T22:52:45.361+0000] {standard_task_runner.py:63} INFO - Started process 644 to run task
[2024-06-27T22:52:45.362+0000] {standard_task_runner.py:90} INFO - Running: ['airflow', 'tasks', 'run', 'example_dag', 'generate_and_insert_data', 'scheduled__2023-01-01T03:30:00+00:00', '--job-id', '45', '--raw', '--subdir', 'DAGS_FOLDER/example_dag.py', '--cfg-path', '/tmp/tmp0zkx6ek0']
[2024-06-27T22:52:45.362+0000] {standard_task_runner.py:91} INFO - Job 45: Subtask generate_and_insert_data
[2024-06-27T22:52:45.378+0000] {task_command.py:426} INFO - Running <TaskInstance: example_dag.generate_and_insert_data scheduled__2023-01-01T03:30:00+00:00 [running]> on host a70edf9d8581
[2024-06-27T22:52:45.406+0000] {taskinstance.py:2648} INFO - Exporting env vars: AIRFLOW_CTX_DAG_OWNER='airflow' AIRFLOW_CTX_DAG_ID='example_dag' AIRFLOW_CTX_TASK_ID='generate_and_insert_data' AIRFLOW_CTX_EXECUTION_DATE='2023-01-01T03:30:00+00:00' AIRFLOW_CTX_TRY_NUMBER='1' AIRFLOW_CTX_DAG_RUN_ID='scheduled__2023-01-01T03:30:00+00:00'
[2024-06-27T22:52:45.406+0000] {taskinstance.py:430} INFO - ::endgroup::
[2024-06-27T22:52:45.411+0000] {python.py:237} INFO - Done. Returned value was: None
[2024-06-27T22:52:45.411+0000] {taskinstance.py:441} INFO - ::group::Post task execution logs
[2024-06-27T22:52:45.415+0000] {taskinstance.py:1206} INFO - Marking task as SUCCESS. dag_id=example_dag, task_id=generate_and_insert_data, run_id=scheduled__2023-01-01T03:30:00+00:00, execution_date=20230101T033000, start_date=20240627T225245, end_date=20240627T225245
[2024-06-27T22:52:45.421+0000] {local_task_job_runner.py:240} INFO - Task exited with return code 0
[2024-06-27T22:52:45.427+0000] {taskinstance.py:3503} INFO - 0 downstream tasks scheduled from follow-on schedule check
[2024-06-27T22:52:45.427+0000] {local_task_job_runner.py:222} INFO - ::endgroup::
[2024-06-27T23:10:08.207+0000] {local_task_job_runner.py:120} INFO - ::group::Pre task execution logs
[2024-06-27T23:10:08.217+0000] {taskinstance.py:2076} INFO - Dependencies all met for dep_context=non-requeueable deps ti=<TaskInstance: example_dag.generate_and_insert_data scheduled__2023-01-01T03:30:00+00:00 [queued]>
[2024-06-27T23:10:08.220+0000] {taskinstance.py:2076} INFO - Dependencies all met for dep_context=requeueable deps ti=<TaskInstance: example_dag.generate_and_insert_data scheduled__2023-01-01T03:30:00+00:00 [queued]>
[2024-06-27T23:10:08.220+0000] {taskinstance.py:2306} INFO - Starting attempt 1 of 2
[2024-06-27T23:10:08.224+0000] {taskinstance.py:2330} INFO - Executing <Task(PythonOperator): generate_and_insert_data> on 2023-01-01 03:30:00+00:00
[2024-06-27T23:10:08.226+0000] {standard_task_runner.py:63} INFO - Started process 630 to run task
[2024-06-27T23:10:08.227+0000] {standard_task_runner.py:90} INFO - Running: ['airflow', 'tasks', 'run', 'example_dag', 'generate_and_insert_data', 'scheduled__2023-01-01T03:30:00+00:00', '--job-id', '44', '--raw', '--subdir', 'DAGS_FOLDER/example_dag.py', '--cfg-path', '/tmp/tmpcos69x3q']
[2024-06-27T23:10:08.227+0000] {standard_task_runner.py:91} INFO - Job 44: Subtask generate_and_insert_data
[2024-06-27T23:10:08.243+0000] {task_command.py:426} INFO - Running <TaskInstance: example_dag.generate_and_insert_data scheduled__2023-01-01T03:30:00+00:00 [running]> on host 7147f8a4dc9f
[2024-06-27T23:10:08.271+0000] {taskinstance.py:2648} INFO - Exporting env vars: AIRFLOW_CTX_DAG_OWNER='airflow' AIRFLOW_CTX_DAG_ID='example_dag' AIRFLOW_CTX_TASK_ID='generate_and_insert_data' AIRFLOW_CTX_EXECUTION_DATE='2023-01-01T03:30:00+00:00' AIRFLOW_CTX_TRY_NUMBER='1' AIRFLOW_CTX_DAG_RUN_ID='scheduled__2023-01-01T03:30:00+00:00'
[2024-06-27T23:10:08.272+0000] {taskinstance.py:430} INFO - ::endgroup::
[2024-06-27T23:10:08.276+0000] {python.py:237} INFO - Done. Returned value was: None
[2024-06-27T23:10:08.276+0000] {taskinstance.py:441} INFO - ::group::Post task execution logs
[2024-06-27T23:10:08.280+0000] {taskinstance.py:1206} INFO - Marking task as SUCCESS. dag_id=example_dag, task_id=generate_and_insert_data, run_id=scheduled__2023-01-01T03:30:00+00:00, execution_date=20230101T033000, start_date=20240627T231008, end_date=20240627T231008
[2024-06-27T23:10:08.329+0000] {local_task_job_runner.py:240} INFO - Task exited with return code 0
[2024-06-27T23:10:08.337+0000] {taskinstance.py:3503} INFO - 0 downstream tasks scheduled from follow-on schedule check
[2024-06-27T23:10:08.337+0000] {local_task_job_runner.py:222} INFO - ::endgroup::
[2024-06-28T18:14:03.730+0000] {local_task_job_runner.py:120} INFO - ::group::Pre task execution logs
[2024-06-28T18:14:03.740+0000] {taskinstance.py:2076} INFO - Dependencies all met for dep_context=non-requeueable deps ti=<TaskInstance: example_dag.generate_and_insert_data scheduled__2023-01-01T03:30:00+00:00 [queued]>
[2024-06-28T18:14:03.742+0000] {taskinstance.py:2076} INFO - Dependencies all met for dep_context=requeueable deps ti=<TaskInstance: example_dag.generate_and_insert_data scheduled__2023-01-01T03:30:00+00:00 [queued]>
[2024-06-28T18:14:03.743+0000] {taskinstance.py:2306} INFO - Starting attempt 1 of 2
[2024-06-28T18:14:03.747+0000] {taskinstance.py:2330} INFO - Executing <Task(PythonOperator): generate_and_insert_data> on 2023-01-01 03:30:00+00:00
[2024-06-28T18:14:03.749+0000] {standard_task_runner.py:63} INFO - Started process 644 to run task
[2024-06-28T18:14:03.750+0000] {standard_task_runner.py:90} INFO - Running: ['airflow', 'tasks', 'run', 'example_dag', 'generate_and_insert_data', 'scheduled__2023-01-01T03:30:00+00:00', '--job-id', '45', '--raw', '--subdir', 'DAGS_FOLDER/example_dag.py', '--cfg-path', '/tmp/tmpsn3lx5aq']
[2024-06-28T18:14:03.751+0000] {standard_task_runner.py:91} INFO - Job 45: Subtask generate_and_insert_data
[2024-06-28T18:14:03.767+0000] {task_command.py:426} INFO - Running <TaskInstance: example_dag.generate_and_insert_data scheduled__2023-01-01T03:30:00+00:00 [running]> on host 08cefd381a1f
[2024-06-28T18:14:03.795+0000] {taskinstance.py:2648} INFO - Exporting env vars: AIRFLOW_CTX_DAG_OWNER='airflow' AIRFLOW_CTX_DAG_ID='example_dag' AIRFLOW_CTX_TASK_ID='generate_and_insert_data' AIRFLOW_CTX_EXECUTION_DATE='2023-01-01T03:30:00+00:00' AIRFLOW_CTX_TRY_NUMBER='1' AIRFLOW_CTX_DAG_RUN_ID='scheduled__2023-01-01T03:30:00+00:00'
[2024-06-28T18:14:03.795+0000] {taskinstance.py:430} INFO - ::endgroup::
[2024-06-28T18:14:03.799+0000] {python.py:237} INFO - Done. Returned value was: None
[2024-06-28T18:14:03.800+0000] {taskinstance.py:441} INFO - ::group::Post task execution logs
[2024-06-28T18:14:03.804+0000] {taskinstance.py:1206} INFO - Marking task as SUCCESS. dag_id=example_dag, task_id=generate_and_insert_data, run_id=scheduled__2023-01-01T03:30:00+00:00, execution_date=20230101T033000, start_date=20240628T181403, end_date=20240628T181403
[2024-06-28T18:14:03.809+0000] {local_task_job_runner.py:240} INFO - Task exited with return code 0
[2024-06-28T18:14:03.815+0000] {taskinstance.py:3503} INFO - 0 downstream tasks scheduled from follow-on schedule check
[2024-06-28T18:14:03.816+0000] {local_task_job_runner.py:222} INFO - ::endgroup::
