[2024-07-06T18:49:10.735+0000] {taskinstance.py:1103} INFO - Dependencies all met for dep_context=non-requeueable deps ti=<TaskInstance: import_main_data.generate_user_sql scheduled__2024-07-06T04:00:00+00:00 [queued]>
[2024-07-06T18:49:10.739+0000] {taskinstance.py:1103} INFO - Dependencies all met for dep_context=requeueable deps ti=<TaskInstance: import_main_data.generate_user_sql scheduled__2024-07-06T04:00:00+00:00 [queued]>
[2024-07-06T18:49:10.739+0000] {taskinstance.py:1308} INFO - Starting attempt 1 of 2
[2024-07-06T18:49:10.744+0000] {taskinstance.py:1327} INFO - Executing <Task(PythonOperator): generate_user_sql> on 2024-07-06 04:00:00+00:00
[2024-07-06T18:49:10.745+0000] {standard_task_runner.py:57} INFO - Started process 1601 to run task
[2024-07-06T18:49:10.747+0000] {standard_task_runner.py:84} INFO - Running: ['airflow', 'tasks', 'run', 'import_main_data', 'generate_user_sql', 'scheduled__2024-07-06T04:00:00+00:00', '--job-id', '928', '--raw', '--subdir', 'DAGS_FOLDER/import_raw_data.py', '--cfg-path', '/tmp/tmp82o58_hq']
[2024-07-06T18:49:10.747+0000] {standard_task_runner.py:85} INFO - Job 928: Subtask generate_user_sql
[2024-07-06T18:49:10.769+0000] {task_command.py:410} INFO - Running <TaskInstance: import_main_data.generate_user_sql scheduled__2024-07-06T04:00:00+00:00 [running]> on host f6bf59d3e65b
[2024-07-06T18:49:10.806+0000] {taskinstance.py:1545} INFO - Exporting env vars: AIRFLOW_CTX_DAG_EMAIL='airflow@example.com' AIRFLOW_CTX_DAG_OWNER='airflow' AIRFLOW_CTX_DAG_ID='import_main_data' AIRFLOW_CTX_TASK_ID='generate_user_sql' AIRFLOW_CTX_EXECUTION_DATE='2024-07-06T04:00:00+00:00' AIRFLOW_CTX_TRY_NUMBER='1' AIRFLOW_CTX_DAG_RUN_ID='scheduled__2024-07-06T04:00:00+00:00'
[2024-07-06T18:49:10.807+0000] {python.py:183} INFO - Done. Returned value was: 
        LAST_TRANSFER=$(psql ***ql://***:***@company_dw:5432/company_dw -t -c "SELECT last_transfer FROM ops.last_transfer WHERE table_name = users")
        psql ***ql://***:***@company_db:5432/company_db -c "\copy (SELECT * FROM users WHERE created_at > '$LAST_TRANSFER') TO stdout" | psql ***ql://***:***@company_dw:5432/company_dw -c "
        CREATE TEMP TABLE temp_users (LIKE raw.users INCLUDING DEFAULTS);
        \copy temp_users FROM stdin;
        INSERT INTO raw.users(user_id, username, email, address, phone_number, created_at)
        SELECT user_id, username, email, address, phone_number, created_at
        FROM temp_users
        WHERE temp_users.user_id NOT IN (SELECT user_id FROM raw.users);
        DROP TABLE temp_users;"
        
[2024-07-06T18:49:10.819+0000] {taskinstance.py:1345} INFO - Marking task as SUCCESS. dag_id=import_main_data, task_id=generate_user_sql, execution_date=20240706T040000, start_date=20240706T184910, end_date=20240706T184910
[2024-07-06T18:49:10.849+0000] {local_task_job_runner.py:225} INFO - Task exited with return code 0
[2024-07-06T18:49:10.861+0000] {taskinstance.py:2651} INFO - 1 downstream tasks scheduled from follow-on schedule check
