[2024-06-27T22:36:19.000+0000] {local_task_job_runner.py:120} INFO - ::group::Pre task execution logs
[2024-06-27T22:36:19.010+0000] {taskinstance.py:2076} INFO - Dependencies all met for dep_context=non-requeueable deps ti=<TaskInstance: ecomm_data_pipeline.generate_and_insert_data scheduled__2023-01-01T16:40:00+00:00 [queued]>
[2024-06-27T22:36:19.013+0000] {taskinstance.py:2076} INFO - Dependencies all met for dep_context=requeueable deps ti=<TaskInstance: ecomm_data_pipeline.generate_and_insert_data scheduled__2023-01-01T16:40:00+00:00 [queued]>
[2024-06-27T22:36:19.013+0000] {taskinstance.py:2306} INFO - Starting attempt 1 of 2
[2024-06-27T22:36:19.018+0000] {taskinstance.py:2330} INFO - Executing <Task(PythonOperator): generate_and_insert_data> on 2023-01-01 16:40:00+00:00
[2024-06-27T22:36:19.019+0000] {standard_task_runner.py:63} INFO - Started process 1734 to run task
[2024-06-27T22:36:19.021+0000] {standard_task_runner.py:90} INFO - Running: ['airflow', 'tasks', 'run', 'ecomm_data_pipeline', 'generate_and_insert_data', 'scheduled__2023-01-01T16:40:00+00:00', '--job-id', '119', '--raw', '--subdir', 'DAGS_FOLDER/ecomm_dag.py', '--cfg-path', '/tmp/tmp6qipu_2m']
[2024-06-27T22:36:19.021+0000] {standard_task_runner.py:91} INFO - Job 119: Subtask generate_and_insert_data
[2024-06-27T22:36:19.038+0000] {task_command.py:426} INFO - Running <TaskInstance: ecomm_data_pipeline.generate_and_insert_data scheduled__2023-01-01T16:40:00+00:00 [running]> on host 9174587f6b1d
[2024-06-27T22:36:19.071+0000] {taskinstance.py:2648} INFO - Exporting env vars: AIRFLOW_CTX_DAG_OWNER='airflow' AIRFLOW_CTX_DAG_ID='ecomm_data_pipeline' AIRFLOW_CTX_TASK_ID='generate_and_insert_data' AIRFLOW_CTX_EXECUTION_DATE='2023-01-01T16:40:00+00:00' AIRFLOW_CTX_TRY_NUMBER='1' AIRFLOW_CTX_DAG_RUN_ID='scheduled__2023-01-01T16:40:00+00:00'
[2024-06-27T22:36:19.071+0000] {taskinstance.py:430} INFO - ::endgroup::
[2024-06-27T22:36:19.107+0000] {logging_mixin.py:188} INFO - Error in generate_and_insert_data: Command '['python3', './generator/ecomm_generator.py']' returned non-zero exit status 2.
[2024-06-27T22:36:19.107+0000] {python.py:237} INFO - Done. Returned value was: None
[2024-06-27T22:36:19.107+0000] {taskinstance.py:441} INFO - ::group::Post task execution logs
[2024-06-27T22:36:19.113+0000] {taskinstance.py:1206} INFO - Marking task as SUCCESS. dag_id=ecomm_data_pipeline, task_id=generate_and_insert_data, run_id=scheduled__2023-01-01T16:40:00+00:00, execution_date=20230101T164000, start_date=20240627T223619, end_date=20240627T223619
[2024-06-27T22:36:19.123+0000] {local_task_job_runner.py:240} INFO - Task exited with return code 0
[2024-06-27T22:36:19.131+0000] {taskinstance.py:3503} INFO - 0 downstream tasks scheduled from follow-on schedule check
[2024-06-27T22:36:19.132+0000] {local_task_job_runner.py:222} INFO - ::endgroup::
[2024-06-28T18:18:16.648+0000] {local_task_job_runner.py:120} INFO - ::group::Pre task execution logs
[2024-06-28T18:18:16.658+0000] {taskinstance.py:2076} INFO - Dependencies all met for dep_context=non-requeueable deps ti=<TaskInstance: ecomm_data_pipeline.generate_and_insert_data scheduled__2023-01-01T16:40:00+00:00 [queued]>
[2024-06-28T18:18:16.661+0000] {taskinstance.py:2076} INFO - Dependencies all met for dep_context=requeueable deps ti=<TaskInstance: ecomm_data_pipeline.generate_and_insert_data scheduled__2023-01-01T16:40:00+00:00 [queued]>
[2024-06-28T18:18:16.661+0000] {taskinstance.py:2306} INFO - Starting attempt 1 of 2
[2024-06-28T18:18:16.665+0000] {taskinstance.py:2330} INFO - Executing <Task(PythonOperator): generate_and_insert_data> on 2023-01-01 16:40:00+00:00
[2024-06-28T18:18:16.667+0000] {standard_task_runner.py:63} INFO - Started process 2843 to run task
[2024-06-28T18:18:16.668+0000] {standard_task_runner.py:90} INFO - Running: ['airflow', 'tasks', 'run', 'ecomm_data_pipeline', 'generate_and_insert_data', 'scheduled__2023-01-01T16:40:00+00:00', '--job-id', '202', '--raw', '--subdir', 'DAGS_FOLDER/ecomm_dag.py', '--cfg-path', '/tmp/tmp3erzohac']
[2024-06-28T18:18:16.669+0000] {standard_task_runner.py:91} INFO - Job 202: Subtask generate_and_insert_data
[2024-06-28T18:18:16.686+0000] {task_command.py:426} INFO - Running <TaskInstance: ecomm_data_pipeline.generate_and_insert_data scheduled__2023-01-01T16:40:00+00:00 [running]> on host 08cefd381a1f
[2024-06-28T18:18:16.716+0000] {taskinstance.py:2648} INFO - Exporting env vars: AIRFLOW_CTX_DAG_OWNER='airflow' AIRFLOW_CTX_DAG_ID='ecomm_data_pipeline' AIRFLOW_CTX_TASK_ID='generate_and_insert_data' AIRFLOW_CTX_EXECUTION_DATE='2023-01-01T16:40:00+00:00' AIRFLOW_CTX_TRY_NUMBER='1' AIRFLOW_CTX_DAG_RUN_ID='scheduled__2023-01-01T16:40:00+00:00'
[2024-06-28T18:18:16.717+0000] {taskinstance.py:430} INFO - ::endgroup::
[2024-06-28T18:18:16.773+0000] {logging_mixin.py:188} INFO - Error in generate_and_insert_data: Command '['python3', '/opt/airflow/generator/ecomm_generator.py']' returned non-zero exit status 1.
[2024-06-28T18:18:16.774+0000] {logging_mixin.py:188} INFO - stdout: 
[2024-06-28T18:18:16.774+0000] {logging_mixin.py:188} INFO - stderr: Traceback (most recent call last):
  File "/opt/airflow/generator/ecomm_generator.py", line 4, in <module>
    from faker import Faker
ModuleNotFoundError: No module named 'faker'
[2024-06-28T18:18:16.774+0000] {python.py:237} INFO - Done. Returned value was: None
[2024-06-28T18:18:16.774+0000] {taskinstance.py:441} INFO - ::group::Post task execution logs
[2024-06-28T18:18:16.779+0000] {taskinstance.py:1206} INFO - Marking task as SUCCESS. dag_id=ecomm_data_pipeline, task_id=generate_and_insert_data, run_id=scheduled__2023-01-01T16:40:00+00:00, execution_date=20230101T164000, start_date=20240628T181816, end_date=20240628T181816
[2024-06-28T18:18:16.810+0000] {local_task_job_runner.py:240} INFO - Task exited with return code 0
[2024-06-28T18:18:16.817+0000] {taskinstance.py:3503} INFO - 0 downstream tasks scheduled from follow-on schedule check
[2024-06-28T18:18:16.817+0000] {local_task_job_runner.py:222} INFO - ::endgroup::
[2024-06-29T21:39:45.068+0000] {local_task_job_runner.py:120} INFO - ::group::Pre task execution logs
[2024-06-29T21:39:45.079+0000] {taskinstance.py:2076} INFO - Dependencies all met for dep_context=non-requeueable deps ti=<TaskInstance: ecomm_data_pipeline.generate_and_insert_data scheduled__2023-01-01T16:40:00+00:00 [queued]>
[2024-06-29T21:39:45.082+0000] {taskinstance.py:2076} INFO - Dependencies all met for dep_context=requeueable deps ti=<TaskInstance: ecomm_data_pipeline.generate_and_insert_data scheduled__2023-01-01T16:40:00+00:00 [queued]>
[2024-06-29T21:39:45.082+0000] {taskinstance.py:2306} INFO - Starting attempt 1 of 2
[2024-06-29T21:39:45.086+0000] {taskinstance.py:2330} INFO - Executing <Task(PythonOperator): generate_and_insert_data> on 2023-01-01 16:40:00+00:00
[2024-06-29T21:39:45.088+0000] {standard_task_runner.py:63} INFO - Started process 1495 to run task
[2024-06-29T21:39:45.089+0000] {standard_task_runner.py:90} INFO - Running: ['airflow', 'tasks', 'run', 'ecomm_data_pipeline', 'generate_and_insert_data', 'scheduled__2023-01-01T16:40:00+00:00', '--job-id', '102', '--raw', '--subdir', 'DAGS_FOLDER/ecomm_dag.py', '--cfg-path', '/tmp/tmpkcll69mp']
[2024-06-29T21:39:45.090+0000] {standard_task_runner.py:91} INFO - Job 102: Subtask generate_and_insert_data
[2024-06-29T21:39:45.107+0000] {task_command.py:426} INFO - Running <TaskInstance: ecomm_data_pipeline.generate_and_insert_data scheduled__2023-01-01T16:40:00+00:00 [running]> on host afcb6fbf9265
[2024-06-29T21:39:45.136+0000] {taskinstance.py:2648} INFO - Exporting env vars: AIRFLOW_CTX_DAG_OWNER='airflow' AIRFLOW_CTX_DAG_ID='ecomm_data_pipeline' AIRFLOW_CTX_TASK_ID='generate_and_insert_data' AIRFLOW_CTX_EXECUTION_DATE='2023-01-01T16:40:00+00:00' AIRFLOW_CTX_TRY_NUMBER='1' AIRFLOW_CTX_DAG_RUN_ID='scheduled__2023-01-01T16:40:00+00:00'
[2024-06-29T21:39:45.136+0000] {taskinstance.py:430} INFO - ::endgroup::
[2024-06-29T21:39:45.194+0000] {logging_mixin.py:188} INFO - Error in generate_and_insert_data: Command '['python3', '/opt/airflow/generator/ecomm_generator.py']' returned non-zero exit status 1.
[2024-06-29T21:39:45.194+0000] {logging_mixin.py:188} INFO - stdout: 
[2024-06-29T21:39:45.194+0000] {logging_mixin.py:188} INFO - stderr: Traceback (most recent call last):
  File "/opt/airflow/generator/ecomm_generator.py", line 4, in <module>
    from faker import Faker
ModuleNotFoundError: No module named 'faker'
[2024-06-29T21:39:45.195+0000] {python.py:237} INFO - Done. Returned value was: None
[2024-06-29T21:39:45.195+0000] {taskinstance.py:441} INFO - ::group::Post task execution logs
[2024-06-29T21:39:45.200+0000] {taskinstance.py:1206} INFO - Marking task as SUCCESS. dag_id=ecomm_data_pipeline, task_id=generate_and_insert_data, run_id=scheduled__2023-01-01T16:40:00+00:00, execution_date=20230101T164000, start_date=20240629T213945, end_date=20240629T213945
[2024-06-29T21:39:45.236+0000] {local_task_job_runner.py:240} INFO - Task exited with return code 0
[2024-06-29T21:39:45.244+0000] {taskinstance.py:3503} INFO - 0 downstream tasks scheduled from follow-on schedule check
[2024-06-29T21:39:45.245+0000] {local_task_job_runner.py:222} INFO - ::endgroup::
[2024-06-29T22:03:33.544+0000] {local_task_job_runner.py:120} INFO - ::group::Pre task execution logs
[2024-06-29T22:03:33.554+0000] {taskinstance.py:2076} INFO - Dependencies all met for dep_context=non-requeueable deps ti=<TaskInstance: ecomm_data_pipeline.generate_and_insert_data scheduled__2023-01-01T16:40:00+00:00 [queued]>
[2024-06-29T22:03:33.557+0000] {taskinstance.py:2076} INFO - Dependencies all met for dep_context=requeueable deps ti=<TaskInstance: ecomm_data_pipeline.generate_and_insert_data scheduled__2023-01-01T16:40:00+00:00 [queued]>
[2024-06-29T22:03:33.557+0000] {taskinstance.py:2306} INFO - Starting attempt 1 of 2
[2024-06-29T22:03:33.561+0000] {taskinstance.py:2330} INFO - Executing <Task(PythonOperator): generate_and_insert_data> on 2023-01-01 16:40:00+00:00
[2024-06-29T22:03:33.563+0000] {standard_task_runner.py:63} INFO - Started process 1495 to run task
[2024-06-29T22:03:33.564+0000] {standard_task_runner.py:90} INFO - Running: ['airflow', 'tasks', 'run', 'ecomm_data_pipeline', 'generate_and_insert_data', 'scheduled__2023-01-01T16:40:00+00:00', '--job-id', '102', '--raw', '--subdir', 'DAGS_FOLDER/ecomm_dag.py', '--cfg-path', '/tmp/tmpgeefcfre']
[2024-06-29T22:03:33.565+0000] {standard_task_runner.py:91} INFO - Job 102: Subtask generate_and_insert_data
[2024-06-29T22:03:33.582+0000] {task_command.py:426} INFO - Running <TaskInstance: ecomm_data_pipeline.generate_and_insert_data scheduled__2023-01-01T16:40:00+00:00 [running]> on host 799998b0d26e
[2024-06-29T22:03:33.610+0000] {taskinstance.py:2648} INFO - Exporting env vars: AIRFLOW_CTX_DAG_OWNER='airflow' AIRFLOW_CTX_DAG_ID='ecomm_data_pipeline' AIRFLOW_CTX_TASK_ID='generate_and_insert_data' AIRFLOW_CTX_EXECUTION_DATE='2023-01-01T16:40:00+00:00' AIRFLOW_CTX_TRY_NUMBER='1' AIRFLOW_CTX_DAG_RUN_ID='scheduled__2023-01-01T16:40:00+00:00'
[2024-06-29T22:03:33.610+0000] {taskinstance.py:430} INFO - ::endgroup::
[2024-06-29T22:03:33.668+0000] {logging_mixin.py:188} INFO - Error in generate_and_insert_data: Command '['python3', '/opt/airflow/generator/ecomm_generator.py']' returned non-zero exit status 1.
[2024-06-29T22:03:33.668+0000] {logging_mixin.py:188} INFO - stdout: 
[2024-06-29T22:03:33.668+0000] {logging_mixin.py:188} INFO - stderr: Traceback (most recent call last):
  File "/opt/airflow/generator/ecomm_generator.py", line 4, in <module>
    from faker import Faker
ModuleNotFoundError: No module named 'faker'
[2024-06-29T22:03:33.668+0000] {python.py:237} INFO - Done. Returned value was: None
[2024-06-29T22:03:33.668+0000] {taskinstance.py:441} INFO - ::group::Post task execution logs
[2024-06-29T22:03:33.673+0000] {taskinstance.py:1206} INFO - Marking task as SUCCESS. dag_id=ecomm_data_pipeline, task_id=generate_and_insert_data, run_id=scheduled__2023-01-01T16:40:00+00:00, execution_date=20230101T164000, start_date=20240629T220333, end_date=20240629T220333
[2024-06-29T22:03:33.713+0000] {local_task_job_runner.py:240} INFO - Task exited with return code 0
[2024-06-29T22:03:33.719+0000] {taskinstance.py:3503} INFO - 0 downstream tasks scheduled from follow-on schedule check
[2024-06-29T22:03:33.720+0000] {local_task_job_runner.py:222} INFO - ::endgroup::
