[2024-06-27T22:32:48.345+0000] {local_task_job_runner.py:120} INFO - ::group::Pre task execution logs
[2024-06-27T22:32:48.356+0000] {taskinstance.py:2076} INFO - Dependencies all met for dep_context=non-requeueable deps ti=<TaskInstance: ecomm_data_pipeline.generate_and_insert_data scheduled__2023-01-01T00:00:00+00:00 [queued]>
[2024-06-27T22:32:48.358+0000] {taskinstance.py:2076} INFO - Dependencies all met for dep_context=requeueable deps ti=<TaskInstance: ecomm_data_pipeline.generate_and_insert_data scheduled__2023-01-01T00:00:00+00:00 [queued]>
[2024-06-27T22:32:48.358+0000] {taskinstance.py:2306} INFO - Starting attempt 1 of 2
[2024-06-27T22:32:48.363+0000] {taskinstance.py:2330} INFO - Executing <Task(PythonOperator): generate_and_insert_data> on 2023-01-01 00:00:00+00:00
[2024-06-27T22:32:48.364+0000] {standard_task_runner.py:63} INFO - Started process 43 to run task
[2024-06-27T22:32:48.365+0000] {standard_task_runner.py:90} INFO - Running: ['airflow', 'tasks', 'run', 'ecomm_data_pipeline', 'generate_and_insert_data', 'scheduled__2023-01-01T00:00:00+00:00', '--job-id', '2', '--raw', '--subdir', 'DAGS_FOLDER/ecomm_dag.py', '--cfg-path', '/tmp/tmp61k2vhqo']
[2024-06-27T22:32:48.366+0000] {standard_task_runner.py:91} INFO - Job 2: Subtask generate_and_insert_data
[2024-06-27T22:32:48.385+0000] {task_command.py:426} INFO - Running <TaskInstance: ecomm_data_pipeline.generate_and_insert_data scheduled__2023-01-01T00:00:00+00:00 [running]> on host 9174587f6b1d
[2024-06-27T22:32:48.415+0000] {taskinstance.py:2648} INFO - Exporting env vars: AIRFLOW_CTX_DAG_OWNER='airflow' AIRFLOW_CTX_DAG_ID='ecomm_data_pipeline' AIRFLOW_CTX_TASK_ID='generate_and_insert_data' AIRFLOW_CTX_EXECUTION_DATE='2023-01-01T00:00:00+00:00' AIRFLOW_CTX_TRY_NUMBER='1' AIRFLOW_CTX_DAG_RUN_ID='scheduled__2023-01-01T00:00:00+00:00'
[2024-06-27T22:32:48.416+0000] {taskinstance.py:430} INFO - ::endgroup::
[2024-06-27T22:32:48.458+0000] {logging_mixin.py:188} INFO - Error in generate_and_insert_data: Command '['python3', './generator/ecomm_generator.py']' returned non-zero exit status 2.
[2024-06-27T22:32:48.458+0000] {python.py:237} INFO - Done. Returned value was: None
[2024-06-27T22:32:48.459+0000] {taskinstance.py:441} INFO - ::group::Post task execution logs
[2024-06-27T22:32:48.463+0000] {taskinstance.py:1206} INFO - Marking task as SUCCESS. dag_id=ecomm_data_pipeline, task_id=generate_and_insert_data, run_id=scheduled__2023-01-01T00:00:00+00:00, execution_date=20230101T000000, start_date=20240627T223248, end_date=20240627T223248
[2024-06-27T22:32:48.553+0000] {local_task_job_runner.py:240} INFO - Task exited with return code 0
[2024-06-27T22:32:48.560+0000] {taskinstance.py:3503} INFO - 0 downstream tasks scheduled from follow-on schedule check
[2024-06-27T22:32:48.561+0000] {local_task_job_runner.py:222} INFO - ::endgroup::
[2024-06-27T22:51:38.759+0000] {local_task_job_runner.py:120} INFO - ::group::Pre task execution logs
[2024-06-27T22:51:38.769+0000] {taskinstance.py:2076} INFO - Dependencies all met for dep_context=non-requeueable deps ti=<TaskInstance: ecomm_data_pipeline.generate_and_insert_data scheduled__2023-01-01T00:00:00+00:00 [queued]>
[2024-06-27T22:51:38.772+0000] {taskinstance.py:2076} INFO - Dependencies all met for dep_context=requeueable deps ti=<TaskInstance: ecomm_data_pipeline.generate_and_insert_data scheduled__2023-01-01T00:00:00+00:00 [queued]>
[2024-06-27T22:51:38.772+0000] {taskinstance.py:2306} INFO - Starting attempt 1 of 2
[2024-06-27T22:51:38.776+0000] {taskinstance.py:2330} INFO - Executing <Task(PythonOperator): generate_and_insert_data> on 2023-01-01 00:00:00+00:00
[2024-06-27T22:51:38.778+0000] {standard_task_runner.py:63} INFO - Started process 43 to run task
[2024-06-27T22:51:38.779+0000] {standard_task_runner.py:90} INFO - Running: ['airflow', 'tasks', 'run', 'ecomm_data_pipeline', 'generate_and_insert_data', 'scheduled__2023-01-01T00:00:00+00:00', '--job-id', '2', '--raw', '--subdir', 'DAGS_FOLDER/ecomm_dag.py', '--cfg-path', '/tmp/tmpjkun8ewm']
[2024-06-27T22:51:38.780+0000] {standard_task_runner.py:91} INFO - Job 2: Subtask generate_and_insert_data
[2024-06-27T22:51:38.798+0000] {task_command.py:426} INFO - Running <TaskInstance: ecomm_data_pipeline.generate_and_insert_data scheduled__2023-01-01T00:00:00+00:00 [running]> on host a70edf9d8581
[2024-06-27T22:51:38.828+0000] {taskinstance.py:2648} INFO - Exporting env vars: AIRFLOW_CTX_DAG_OWNER='airflow' AIRFLOW_CTX_DAG_ID='ecomm_data_pipeline' AIRFLOW_CTX_TASK_ID='generate_and_insert_data' AIRFLOW_CTX_EXECUTION_DATE='2023-01-01T00:00:00+00:00' AIRFLOW_CTX_TRY_NUMBER='1' AIRFLOW_CTX_DAG_RUN_ID='scheduled__2023-01-01T00:00:00+00:00'
[2024-06-27T22:51:38.829+0000] {taskinstance.py:430} INFO - ::endgroup::
[2024-06-27T22:51:38.867+0000] {logging_mixin.py:188} INFO - Error in generate_and_insert_data: Command '['python3', './generator/ecomm_generator.py']' returned non-zero exit status 2.
[2024-06-27T22:51:38.867+0000] {logging_mixin.py:188} INFO - stdout: 
[2024-06-27T22:51:38.867+0000] {logging_mixin.py:188} INFO - stderr: python3: can't open file '/opt/airflow/./generator/ecomm_generator.py': [Errno 2] No such file or directory
[2024-06-27T22:51:38.867+0000] {python.py:237} INFO - Done. Returned value was: None
[2024-06-27T22:51:38.868+0000] {taskinstance.py:441} INFO - ::group::Post task execution logs
[2024-06-27T22:51:38.872+0000] {taskinstance.py:1206} INFO - Marking task as SUCCESS. dag_id=ecomm_data_pipeline, task_id=generate_and_insert_data, run_id=scheduled__2023-01-01T00:00:00+00:00, execution_date=20230101T000000, start_date=20240627T225138, end_date=20240627T225138
[2024-06-27T22:51:38.976+0000] {local_task_job_runner.py:240} INFO - Task exited with return code 0
[2024-06-27T22:51:38.984+0000] {taskinstance.py:3503} INFO - 0 downstream tasks scheduled from follow-on schedule check
[2024-06-27T22:51:38.984+0000] {local_task_job_runner.py:222} INFO - ::endgroup::
[2024-06-27T22:59:21.667+0000] {local_task_job_runner.py:120} INFO - ::group::Pre task execution logs
[2024-06-27T22:59:21.677+0000] {taskinstance.py:2076} INFO - Dependencies all met for dep_context=non-requeueable deps ti=<TaskInstance: ecomm_data_pipeline.generate_and_insert_data scheduled__2023-01-01T00:00:00+00:00 [queued]>
[2024-06-27T22:59:21.679+0000] {taskinstance.py:2076} INFO - Dependencies all met for dep_context=requeueable deps ti=<TaskInstance: ecomm_data_pipeline.generate_and_insert_data scheduled__2023-01-01T00:00:00+00:00 [queued]>
[2024-06-27T22:59:21.679+0000] {taskinstance.py:2306} INFO - Starting attempt 1 of 2
[2024-06-27T22:59:21.684+0000] {taskinstance.py:2330} INFO - Executing <Task(PythonOperator): generate_and_insert_data> on 2023-01-01 00:00:00+00:00
[2024-06-27T22:59:21.685+0000] {standard_task_runner.py:63} INFO - Started process 43 to run task
[2024-06-27T22:59:21.686+0000] {standard_task_runner.py:90} INFO - Running: ['airflow', 'tasks', 'run', 'ecomm_data_pipeline', 'generate_and_insert_data', 'scheduled__2023-01-01T00:00:00+00:00', '--job-id', '2', '--raw', '--subdir', 'DAGS_FOLDER/ecomm_dag.py', '--cfg-path', '/tmp/tmpplxe3sdi']
[2024-06-27T22:59:21.687+0000] {standard_task_runner.py:91} INFO - Job 2: Subtask generate_and_insert_data
[2024-06-27T22:59:21.707+0000] {task_command.py:426} INFO - Running <TaskInstance: ecomm_data_pipeline.generate_and_insert_data scheduled__2023-01-01T00:00:00+00:00 [running]> on host 5cc71d4b298c
[2024-06-27T22:59:21.736+0000] {taskinstance.py:2648} INFO - Exporting env vars: AIRFLOW_CTX_DAG_OWNER='airflow' AIRFLOW_CTX_DAG_ID='ecomm_data_pipeline' AIRFLOW_CTX_TASK_ID='generate_and_insert_data' AIRFLOW_CTX_EXECUTION_DATE='2023-01-01T00:00:00+00:00' AIRFLOW_CTX_TRY_NUMBER='1' AIRFLOW_CTX_DAG_RUN_ID='scheduled__2023-01-01T00:00:00+00:00'
[2024-06-27T22:59:21.737+0000] {taskinstance.py:430} INFO - ::endgroup::
[2024-06-27T22:59:21.796+0000] {logging_mixin.py:188} INFO - Error in generate_and_insert_data: Command '['python3', '/opt/airflow/generator/ecomm_generator.py']' returned non-zero exit status 1.
[2024-06-27T22:59:21.796+0000] {logging_mixin.py:188} INFO - stdout: 
[2024-06-27T22:59:21.796+0000] {logging_mixin.py:188} INFO - stderr: Traceback (most recent call last):
  File "/opt/airflow/generator/ecomm_generator.py", line 4, in <module>
    from faker import Faker
ModuleNotFoundError: No module named 'faker'
[2024-06-27T22:59:21.797+0000] {python.py:237} INFO - Done. Returned value was: None
[2024-06-27T22:59:21.798+0000] {taskinstance.py:441} INFO - ::group::Post task execution logs
[2024-06-27T22:59:21.801+0000] {taskinstance.py:1206} INFO - Marking task as SUCCESS. dag_id=ecomm_data_pipeline, task_id=generate_and_insert_data, run_id=scheduled__2023-01-01T00:00:00+00:00, execution_date=20230101T000000, start_date=20240627T225921, end_date=20240627T225921
[2024-06-27T22:59:21.869+0000] {local_task_job_runner.py:240} INFO - Task exited with return code 0
[2024-06-27T22:59:21.879+0000] {taskinstance.py:3503} INFO - 0 downstream tasks scheduled from follow-on schedule check
[2024-06-27T22:59:21.880+0000] {local_task_job_runner.py:222} INFO - ::endgroup::
[2024-06-27T23:09:01.260+0000] {local_task_job_runner.py:120} INFO - ::group::Pre task execution logs
[2024-06-27T23:09:01.270+0000] {taskinstance.py:2076} INFO - Dependencies all met for dep_context=non-requeueable deps ti=<TaskInstance: ecomm_data_pipeline.generate_and_insert_data scheduled__2023-01-01T00:00:00+00:00 [queued]>
[2024-06-27T23:09:01.273+0000] {taskinstance.py:2076} INFO - Dependencies all met for dep_context=requeueable deps ti=<TaskInstance: ecomm_data_pipeline.generate_and_insert_data scheduled__2023-01-01T00:00:00+00:00 [queued]>
[2024-06-27T23:09:01.273+0000] {taskinstance.py:2306} INFO - Starting attempt 1 of 2
[2024-06-27T23:09:01.277+0000] {taskinstance.py:2330} INFO - Executing <Task(PythonOperator): generate_and_insert_data> on 2023-01-01 00:00:00+00:00
[2024-06-27T23:09:01.279+0000] {standard_task_runner.py:63} INFO - Started process 43 to run task
[2024-06-27T23:09:01.280+0000] {standard_task_runner.py:90} INFO - Running: ['airflow', 'tasks', 'run', 'ecomm_data_pipeline', 'generate_and_insert_data', 'scheduled__2023-01-01T00:00:00+00:00', '--job-id', '2', '--raw', '--subdir', 'DAGS_FOLDER/ecomm_dag.py', '--cfg-path', '/tmp/tmpe786fidk']
[2024-06-27T23:09:01.281+0000] {standard_task_runner.py:91} INFO - Job 2: Subtask generate_and_insert_data
[2024-06-27T23:09:01.302+0000] {task_command.py:426} INFO - Running <TaskInstance: ecomm_data_pipeline.generate_and_insert_data scheduled__2023-01-01T00:00:00+00:00 [running]> on host 7147f8a4dc9f
[2024-06-27T23:09:01.332+0000] {taskinstance.py:2648} INFO - Exporting env vars: AIRFLOW_CTX_DAG_OWNER='airflow' AIRFLOW_CTX_DAG_ID='ecomm_data_pipeline' AIRFLOW_CTX_TASK_ID='generate_and_insert_data' AIRFLOW_CTX_EXECUTION_DATE='2023-01-01T00:00:00+00:00' AIRFLOW_CTX_TRY_NUMBER='1' AIRFLOW_CTX_DAG_RUN_ID='scheduled__2023-01-01T00:00:00+00:00'
[2024-06-27T23:09:01.333+0000] {taskinstance.py:430} INFO - ::endgroup::
[2024-06-27T23:09:01.395+0000] {logging_mixin.py:188} INFO - Error in generate_and_insert_data: Command '['python3', '/opt/airflow/generator/ecomm_generator.py']' returned non-zero exit status 1.
[2024-06-27T23:09:01.395+0000] {logging_mixin.py:188} INFO - stdout: 
[2024-06-27T23:09:01.396+0000] {logging_mixin.py:188} INFO - stderr: Traceback (most recent call last):
  File "/opt/airflow/generator/ecomm_generator.py", line 4, in <module>
    from faker import Faker
ModuleNotFoundError: No module named 'faker'
[2024-06-27T23:09:01.396+0000] {python.py:237} INFO - Done. Returned value was: None
[2024-06-27T23:09:01.397+0000] {taskinstance.py:441} INFO - ::group::Post task execution logs
[2024-06-27T23:09:01.401+0000] {taskinstance.py:1206} INFO - Marking task as SUCCESS. dag_id=ecomm_data_pipeline, task_id=generate_and_insert_data, run_id=scheduled__2023-01-01T00:00:00+00:00, execution_date=20230101T000000, start_date=20240627T230901, end_date=20240627T230901
[2024-06-27T23:09:01.469+0000] {local_task_job_runner.py:240} INFO - Task exited with return code 0
[2024-06-27T23:09:01.475+0000] {taskinstance.py:3503} INFO - 0 downstream tasks scheduled from follow-on schedule check
[2024-06-27T23:09:01.476+0000] {local_task_job_runner.py:222} INFO - ::endgroup::
[2024-06-27T23:12:38.837+0000] {local_task_job_runner.py:120} INFO - ::group::Pre task execution logs
[2024-06-27T23:12:38.848+0000] {taskinstance.py:2076} INFO - Dependencies all met for dep_context=non-requeueable deps ti=<TaskInstance: ecomm_data_pipeline.generate_and_insert_data scheduled__2023-01-01T00:00:00+00:00 [queued]>
[2024-06-27T23:12:38.850+0000] {taskinstance.py:2076} INFO - Dependencies all met for dep_context=requeueable deps ti=<TaskInstance: ecomm_data_pipeline.generate_and_insert_data scheduled__2023-01-01T00:00:00+00:00 [queued]>
[2024-06-27T23:12:38.850+0000] {taskinstance.py:2306} INFO - Starting attempt 1 of 2
[2024-06-27T23:12:38.855+0000] {taskinstance.py:2330} INFO - Executing <Task(PythonOperator): generate_and_insert_data> on 2023-01-01 00:00:00+00:00
[2024-06-27T23:12:38.856+0000] {standard_task_runner.py:63} INFO - Started process 43 to run task
[2024-06-27T23:12:38.858+0000] {standard_task_runner.py:90} INFO - Running: ['airflow', 'tasks', 'run', 'ecomm_data_pipeline', 'generate_and_insert_data', 'scheduled__2023-01-01T00:00:00+00:00', '--job-id', '2', '--raw', '--subdir', 'DAGS_FOLDER/ecomm_dag.py', '--cfg-path', '/tmp/tmp6puhh1n1']
[2024-06-27T23:12:38.859+0000] {standard_task_runner.py:91} INFO - Job 2: Subtask generate_and_insert_data
[2024-06-27T23:12:38.879+0000] {task_command.py:426} INFO - Running <TaskInstance: ecomm_data_pipeline.generate_and_insert_data scheduled__2023-01-01T00:00:00+00:00 [running]> on host 4bd55eb76a74
[2024-06-27T23:12:38.910+0000] {taskinstance.py:2648} INFO - Exporting env vars: AIRFLOW_CTX_DAG_OWNER='airflow' AIRFLOW_CTX_DAG_ID='ecomm_data_pipeline' AIRFLOW_CTX_TASK_ID='generate_and_insert_data' AIRFLOW_CTX_EXECUTION_DATE='2023-01-01T00:00:00+00:00' AIRFLOW_CTX_TRY_NUMBER='1' AIRFLOW_CTX_DAG_RUN_ID='scheduled__2023-01-01T00:00:00+00:00'
[2024-06-27T23:12:38.911+0000] {taskinstance.py:430} INFO - ::endgroup::
[2024-06-27T23:12:38.974+0000] {logging_mixin.py:188} INFO - Error in generate_and_insert_data: Command '['python3', '/opt/airflow/generator/ecomm_generator.py']' returned non-zero exit status 1.
[2024-06-27T23:12:38.974+0000] {logging_mixin.py:188} INFO - stdout: 
[2024-06-27T23:12:38.974+0000] {logging_mixin.py:188} INFO - stderr: Traceback (most recent call last):
  File "/opt/airflow/generator/ecomm_generator.py", line 4, in <module>
    from faker import Faker
ModuleNotFoundError: No module named 'faker'
[2024-06-27T23:12:38.974+0000] {python.py:237} INFO - Done. Returned value was: None
[2024-06-27T23:12:38.975+0000] {taskinstance.py:441} INFO - ::group::Post task execution logs
[2024-06-27T23:12:38.979+0000] {taskinstance.py:1206} INFO - Marking task as SUCCESS. dag_id=ecomm_data_pipeline, task_id=generate_and_insert_data, run_id=scheduled__2023-01-01T00:00:00+00:00, execution_date=20230101T000000, start_date=20240627T231238, end_date=20240627T231238
[2024-06-27T23:12:39.053+0000] {local_task_job_runner.py:240} INFO - Task exited with return code 0
[2024-06-27T23:12:39.059+0000] {taskinstance.py:3503} INFO - 0 downstream tasks scheduled from follow-on schedule check
[2024-06-27T23:12:39.060+0000] {local_task_job_runner.py:222} INFO - ::endgroup::
[2024-06-27T23:18:32.419+0000] {local_task_job_runner.py:120} INFO - ::group::Pre task execution logs
[2024-06-27T23:18:32.430+0000] {taskinstance.py:2076} INFO - Dependencies all met for dep_context=non-requeueable deps ti=<TaskInstance: ecomm_data_pipeline.generate_and_insert_data scheduled__2023-01-01T00:00:00+00:00 [queued]>
[2024-06-27T23:18:32.433+0000] {taskinstance.py:2076} INFO - Dependencies all met for dep_context=requeueable deps ti=<TaskInstance: ecomm_data_pipeline.generate_and_insert_data scheduled__2023-01-01T00:00:00+00:00 [queued]>
[2024-06-27T23:18:32.433+0000] {taskinstance.py:2306} INFO - Starting attempt 1 of 2
[2024-06-27T23:18:32.437+0000] {taskinstance.py:2330} INFO - Executing <Task(PythonOperator): generate_and_insert_data> on 2023-01-01 00:00:00+00:00
[2024-06-27T23:18:32.439+0000] {standard_task_runner.py:63} INFO - Started process 43 to run task
[2024-06-27T23:18:32.441+0000] {standard_task_runner.py:90} INFO - Running: ['airflow', 'tasks', 'run', 'ecomm_data_pipeline', 'generate_and_insert_data', 'scheduled__2023-01-01T00:00:00+00:00', '--job-id', '2', '--raw', '--subdir', 'DAGS_FOLDER/ecomm_dag.py', '--cfg-path', '/tmp/tmpm5k51kju']
[2024-06-27T23:18:32.442+0000] {standard_task_runner.py:91} INFO - Job 2: Subtask generate_and_insert_data
[2024-06-27T23:18:32.463+0000] {task_command.py:426} INFO - Running <TaskInstance: ecomm_data_pipeline.generate_and_insert_data scheduled__2023-01-01T00:00:00+00:00 [running]> on host 73964f870a02
[2024-06-27T23:18:32.497+0000] {taskinstance.py:2648} INFO - Exporting env vars: AIRFLOW_CTX_DAG_OWNER='airflow' AIRFLOW_CTX_DAG_ID='ecomm_data_pipeline' AIRFLOW_CTX_TASK_ID='generate_and_insert_data' AIRFLOW_CTX_EXECUTION_DATE='2023-01-01T00:00:00+00:00' AIRFLOW_CTX_TRY_NUMBER='1' AIRFLOW_CTX_DAG_RUN_ID='scheduled__2023-01-01T00:00:00+00:00'
[2024-06-27T23:18:32.497+0000] {taskinstance.py:430} INFO - ::endgroup::
[2024-06-27T23:18:32.565+0000] {logging_mixin.py:188} INFO - Error in generate_and_insert_data: Command '['python3', '/opt/airflow/generator/ecomm_generator.py']' returned non-zero exit status 1.
[2024-06-27T23:18:32.565+0000] {logging_mixin.py:188} INFO - stdout: 
[2024-06-27T23:18:32.566+0000] {logging_mixin.py:188} INFO - stderr: Traceback (most recent call last):
  File "/opt/airflow/generator/ecomm_generator.py", line 4, in <module>
    from faker import Faker
ModuleNotFoundError: No module named 'faker'
[2024-06-27T23:18:32.566+0000] {python.py:237} INFO - Done. Returned value was: None
[2024-06-27T23:18:32.567+0000] {taskinstance.py:441} INFO - ::group::Post task execution logs
[2024-06-27T23:18:32.571+0000] {taskinstance.py:1206} INFO - Marking task as SUCCESS. dag_id=ecomm_data_pipeline, task_id=generate_and_insert_data, run_id=scheduled__2023-01-01T00:00:00+00:00, execution_date=20230101T000000, start_date=20240627T231832, end_date=20240627T231832
[2024-06-27T23:18:32.636+0000] {local_task_job_runner.py:240} INFO - Task exited with return code 0
[2024-06-27T23:18:32.643+0000] {taskinstance.py:3503} INFO - 0 downstream tasks scheduled from follow-on schedule check
[2024-06-27T23:18:32.644+0000] {local_task_job_runner.py:222} INFO - ::endgroup::
[2024-06-28T18:12:56.803+0000] {local_task_job_runner.py:120} INFO - ::group::Pre task execution logs
[2024-06-28T18:12:56.813+0000] {taskinstance.py:2076} INFO - Dependencies all met for dep_context=non-requeueable deps ti=<TaskInstance: ecomm_data_pipeline.generate_and_insert_data scheduled__2023-01-01T00:00:00+00:00 [queued]>
[2024-06-28T18:12:56.816+0000] {taskinstance.py:2076} INFO - Dependencies all met for dep_context=requeueable deps ti=<TaskInstance: ecomm_data_pipeline.generate_and_insert_data scheduled__2023-01-01T00:00:00+00:00 [queued]>
[2024-06-28T18:12:56.816+0000] {taskinstance.py:2306} INFO - Starting attempt 1 of 2
[2024-06-28T18:12:56.820+0000] {taskinstance.py:2330} INFO - Executing <Task(PythonOperator): generate_and_insert_data> on 2023-01-01 00:00:00+00:00
[2024-06-28T18:12:56.822+0000] {standard_task_runner.py:63} INFO - Started process 43 to run task
[2024-06-28T18:12:56.823+0000] {standard_task_runner.py:90} INFO - Running: ['airflow', 'tasks', 'run', 'ecomm_data_pipeline', 'generate_and_insert_data', 'scheduled__2023-01-01T00:00:00+00:00', '--job-id', '2', '--raw', '--subdir', 'DAGS_FOLDER/ecomm_dag.py', '--cfg-path', '/tmp/tmpsvmoh_z6']
[2024-06-28T18:12:56.824+0000] {standard_task_runner.py:91} INFO - Job 2: Subtask generate_and_insert_data
[2024-06-28T18:12:56.843+0000] {task_command.py:426} INFO - Running <TaskInstance: ecomm_data_pipeline.generate_and_insert_data scheduled__2023-01-01T00:00:00+00:00 [running]> on host 08cefd381a1f
[2024-06-28T18:12:56.874+0000] {taskinstance.py:2648} INFO - Exporting env vars: AIRFLOW_CTX_DAG_OWNER='airflow' AIRFLOW_CTX_DAG_ID='ecomm_data_pipeline' AIRFLOW_CTX_TASK_ID='generate_and_insert_data' AIRFLOW_CTX_EXECUTION_DATE='2023-01-01T00:00:00+00:00' AIRFLOW_CTX_TRY_NUMBER='1' AIRFLOW_CTX_DAG_RUN_ID='scheduled__2023-01-01T00:00:00+00:00'
[2024-06-28T18:12:56.874+0000] {taskinstance.py:430} INFO - ::endgroup::
[2024-06-28T18:12:56.938+0000] {logging_mixin.py:188} INFO - Error in generate_and_insert_data: Command '['python3', '/opt/airflow/generator/ecomm_generator.py']' returned non-zero exit status 1.
[2024-06-28T18:12:56.938+0000] {logging_mixin.py:188} INFO - stdout: 
[2024-06-28T18:12:56.938+0000] {logging_mixin.py:188} INFO - stderr: Traceback (most recent call last):
  File "/opt/airflow/generator/ecomm_generator.py", line 4, in <module>
    from faker import Faker
ModuleNotFoundError: No module named 'faker'
[2024-06-28T18:12:56.939+0000] {python.py:237} INFO - Done. Returned value was: None
[2024-06-28T18:12:56.940+0000] {taskinstance.py:441} INFO - ::group::Post task execution logs
[2024-06-28T18:12:56.944+0000] {taskinstance.py:1206} INFO - Marking task as SUCCESS. dag_id=ecomm_data_pipeline, task_id=generate_and_insert_data, run_id=scheduled__2023-01-01T00:00:00+00:00, execution_date=20230101T000000, start_date=20240628T181256, end_date=20240628T181256
[2024-06-28T18:12:57.047+0000] {local_task_job_runner.py:240} INFO - Task exited with return code 0
[2024-06-28T18:12:57.054+0000] {taskinstance.py:3503} INFO - 0 downstream tasks scheduled from follow-on schedule check
[2024-06-28T18:12:57.055+0000] {local_task_job_runner.py:222} INFO - ::endgroup::
[2024-06-28T18:20:10.864+0000] {local_task_job_runner.py:120} INFO - ::group::Pre task execution logs
[2024-06-28T18:20:10.875+0000] {taskinstance.py:2076} INFO - Dependencies all met for dep_context=non-requeueable deps ti=<TaskInstance: ecomm_data_pipeline.generate_and_insert_data scheduled__2023-01-01T00:00:00+00:00 [queued]>
[2024-06-28T18:20:10.877+0000] {taskinstance.py:2076} INFO - Dependencies all met for dep_context=requeueable deps ti=<TaskInstance: ecomm_data_pipeline.generate_and_insert_data scheduled__2023-01-01T00:00:00+00:00 [queued]>
[2024-06-28T18:20:10.877+0000] {taskinstance.py:2306} INFO - Starting attempt 1 of 2
[2024-06-28T18:20:10.882+0000] {taskinstance.py:2330} INFO - Executing <Task(PythonOperator): generate_and_insert_data> on 2023-01-01 00:00:00+00:00
[2024-06-28T18:20:10.883+0000] {standard_task_runner.py:63} INFO - Started process 43 to run task
[2024-06-28T18:20:10.885+0000] {standard_task_runner.py:90} INFO - Running: ['airflow', 'tasks', 'run', 'ecomm_data_pipeline', 'generate_and_insert_data', 'scheduled__2023-01-01T00:00:00+00:00', '--job-id', '2', '--raw', '--subdir', 'DAGS_FOLDER/ecomm_dag.py', '--cfg-path', '/tmp/tmppfvxix_9']
[2024-06-28T18:20:10.885+0000] {standard_task_runner.py:91} INFO - Job 2: Subtask generate_and_insert_data
[2024-06-28T18:20:10.905+0000] {task_command.py:426} INFO - Running <TaskInstance: ecomm_data_pipeline.generate_and_insert_data scheduled__2023-01-01T00:00:00+00:00 [running]> on host 6570e5857071
[2024-06-28T18:20:10.936+0000] {taskinstance.py:2648} INFO - Exporting env vars: AIRFLOW_CTX_DAG_OWNER='airflow' AIRFLOW_CTX_DAG_ID='ecomm_data_pipeline' AIRFLOW_CTX_TASK_ID='generate_and_insert_data' AIRFLOW_CTX_EXECUTION_DATE='2023-01-01T00:00:00+00:00' AIRFLOW_CTX_TRY_NUMBER='1' AIRFLOW_CTX_DAG_RUN_ID='scheduled__2023-01-01T00:00:00+00:00'
[2024-06-28T18:20:10.937+0000] {taskinstance.py:430} INFO - ::endgroup::
[2024-06-28T18:20:11.008+0000] {logging_mixin.py:188} INFO - Error in generate_and_insert_data: Command '['python3', '/opt/airflow/generator/ecomm_generator.py']' returned non-zero exit status 1.
[2024-06-28T18:20:11.008+0000] {logging_mixin.py:188} INFO - stdout: 
[2024-06-28T18:20:11.009+0000] {logging_mixin.py:188} INFO - stderr: Traceback (most recent call last):
  File "/opt/airflow/generator/ecomm_generator.py", line 4, in <module>
    from faker import Faker
ModuleNotFoundError: No module named 'faker'
[2024-06-28T18:20:11.009+0000] {python.py:237} INFO - Done. Returned value was: None
[2024-06-28T18:20:11.010+0000] {taskinstance.py:441} INFO - ::group::Post task execution logs
[2024-06-28T18:20:11.014+0000] {taskinstance.py:1206} INFO - Marking task as SUCCESS. dag_id=ecomm_data_pipeline, task_id=generate_and_insert_data, run_id=scheduled__2023-01-01T00:00:00+00:00, execution_date=20230101T000000, start_date=20240628T182010, end_date=20240628T182011
[2024-06-28T18:20:11.110+0000] {local_task_job_runner.py:240} INFO - Task exited with return code 0
[2024-06-28T18:20:11.116+0000] {taskinstance.py:3503} INFO - 0 downstream tasks scheduled from follow-on schedule check
[2024-06-28T18:20:11.117+0000] {local_task_job_runner.py:222} INFO - ::endgroup::
[2024-06-28T18:30:12.978+0000] {local_task_job_runner.py:120} INFO - ::group::Pre task execution logs
[2024-06-28T18:30:12.988+0000] {taskinstance.py:2076} INFO - Dependencies all met for dep_context=non-requeueable deps ti=<TaskInstance: ecomm_data_pipeline.generate_and_insert_data scheduled__2023-01-01T00:00:00+00:00 [queued]>
[2024-06-28T18:30:12.990+0000] {taskinstance.py:2076} INFO - Dependencies all met for dep_context=requeueable deps ti=<TaskInstance: ecomm_data_pipeline.generate_and_insert_data scheduled__2023-01-01T00:00:00+00:00 [queued]>
[2024-06-28T18:30:12.991+0000] {taskinstance.py:2306} INFO - Starting attempt 1 of 2
[2024-06-28T18:30:12.995+0000] {taskinstance.py:2330} INFO - Executing <Task(PythonOperator): generate_and_insert_data> on 2023-01-01 00:00:00+00:00
[2024-06-28T18:30:12.996+0000] {standard_task_runner.py:63} INFO - Started process 43 to run task
[2024-06-28T18:30:12.997+0000] {standard_task_runner.py:90} INFO - Running: ['airflow', 'tasks', 'run', 'ecomm_data_pipeline', 'generate_and_insert_data', 'scheduled__2023-01-01T00:00:00+00:00', '--job-id', '2', '--raw', '--subdir', 'DAGS_FOLDER/ecomm_dag.py', '--cfg-path', '/tmp/tmpe6u53l7_']
[2024-06-28T18:30:12.998+0000] {standard_task_runner.py:91} INFO - Job 2: Subtask generate_and_insert_data
[2024-06-28T18:30:13.021+0000] {task_command.py:426} INFO - Running <TaskInstance: ecomm_data_pipeline.generate_and_insert_data scheduled__2023-01-01T00:00:00+00:00 [running]> on host 50bf780463b8
[2024-06-28T18:30:13.055+0000] {taskinstance.py:2648} INFO - Exporting env vars: AIRFLOW_CTX_DAG_OWNER='airflow' AIRFLOW_CTX_DAG_ID='ecomm_data_pipeline' AIRFLOW_CTX_TASK_ID='generate_and_insert_data' AIRFLOW_CTX_EXECUTION_DATE='2023-01-01T00:00:00+00:00' AIRFLOW_CTX_TRY_NUMBER='1' AIRFLOW_CTX_DAG_RUN_ID='scheduled__2023-01-01T00:00:00+00:00'
[2024-06-28T18:30:13.056+0000] {taskinstance.py:430} INFO - ::endgroup::
[2024-06-28T18:30:13.119+0000] {logging_mixin.py:188} INFO - Error in generate_and_insert_data: Command '['python3', '/opt/airflow/generator/ecomm_generator.py']' returned non-zero exit status 1.
[2024-06-28T18:30:13.119+0000] {logging_mixin.py:188} INFO - stdout: 
[2024-06-28T18:30:13.119+0000] {logging_mixin.py:188} INFO - stderr: Traceback (most recent call last):
  File "/opt/airflow/generator/ecomm_generator.py", line 4, in <module>
    from faker import Faker
ModuleNotFoundError: No module named 'faker'
[2024-06-28T18:30:13.120+0000] {python.py:237} INFO - Done. Returned value was: None
[2024-06-28T18:30:13.121+0000] {taskinstance.py:441} INFO - ::group::Post task execution logs
[2024-06-28T18:30:13.125+0000] {taskinstance.py:1206} INFO - Marking task as SUCCESS. dag_id=ecomm_data_pipeline, task_id=generate_and_insert_data, run_id=scheduled__2023-01-01T00:00:00+00:00, execution_date=20230101T000000, start_date=20240628T183012, end_date=20240628T183013
[2024-06-28T18:30:13.227+0000] {local_task_job_runner.py:240} INFO - Task exited with return code 0
[2024-06-28T18:30:13.234+0000] {taskinstance.py:3503} INFO - 0 downstream tasks scheduled from follow-on schedule check
[2024-06-28T18:30:13.235+0000] {local_task_job_runner.py:222} INFO - ::endgroup::
[2024-06-28T22:13:22.556+0000] {local_task_job_runner.py:120} INFO - ::group::Pre task execution logs
[2024-06-28T22:13:22.567+0000] {taskinstance.py:2076} INFO - Dependencies all met for dep_context=non-requeueable deps ti=<TaskInstance: ecomm_data_pipeline.generate_and_insert_data scheduled__2023-01-01T00:00:00+00:00 [queued]>
[2024-06-28T22:13:22.570+0000] {taskinstance.py:2076} INFO - Dependencies all met for dep_context=requeueable deps ti=<TaskInstance: ecomm_data_pipeline.generate_and_insert_data scheduled__2023-01-01T00:00:00+00:00 [queued]>
[2024-06-28T22:13:22.570+0000] {taskinstance.py:2306} INFO - Starting attempt 1 of 2
[2024-06-28T22:13:22.574+0000] {taskinstance.py:2330} INFO - Executing <Task(PythonOperator): generate_and_insert_data> on 2023-01-01 00:00:00+00:00
[2024-06-28T22:13:22.576+0000] {standard_task_runner.py:63} INFO - Started process 43 to run task
[2024-06-28T22:13:22.577+0000] {standard_task_runner.py:90} INFO - Running: ['airflow', 'tasks', 'run', 'ecomm_data_pipeline', 'generate_and_insert_data', 'scheduled__2023-01-01T00:00:00+00:00', '--job-id', '2', '--raw', '--subdir', 'DAGS_FOLDER/ecomm_dag.py', '--cfg-path', '/tmp/tmpo5ule042']
[2024-06-28T22:13:22.578+0000] {standard_task_runner.py:91} INFO - Job 2: Subtask generate_and_insert_data
[2024-06-28T22:13:22.600+0000] {task_command.py:426} INFO - Running <TaskInstance: ecomm_data_pipeline.generate_and_insert_data scheduled__2023-01-01T00:00:00+00:00 [running]> on host 619125b6796e
[2024-06-28T22:13:22.634+0000] {taskinstance.py:2648} INFO - Exporting env vars: AIRFLOW_CTX_DAG_OWNER='airflow' AIRFLOW_CTX_DAG_ID='ecomm_data_pipeline' AIRFLOW_CTX_TASK_ID='generate_and_insert_data' AIRFLOW_CTX_EXECUTION_DATE='2023-01-01T00:00:00+00:00' AIRFLOW_CTX_TRY_NUMBER='1' AIRFLOW_CTX_DAG_RUN_ID='scheduled__2023-01-01T00:00:00+00:00'
[2024-06-28T22:13:22.634+0000] {taskinstance.py:430} INFO - ::endgroup::
[2024-06-28T22:13:22.700+0000] {logging_mixin.py:188} INFO - Error in generate_and_insert_data: Command '['python3', '/opt/airflow/generator/ecomm_generator.py']' returned non-zero exit status 1.
[2024-06-28T22:13:22.700+0000] {logging_mixin.py:188} INFO - stdout: 
[2024-06-28T22:13:22.701+0000] {logging_mixin.py:188} INFO - stderr: Traceback (most recent call last):
  File "/opt/airflow/generator/ecomm_generator.py", line 4, in <module>
    from faker import Faker
ModuleNotFoundError: No module named 'faker'
[2024-06-28T22:13:22.701+0000] {python.py:237} INFO - Done. Returned value was: None
[2024-06-28T22:13:22.703+0000] {taskinstance.py:441} INFO - ::group::Post task execution logs
[2024-06-28T22:13:22.712+0000] {taskinstance.py:1206} INFO - Marking task as SUCCESS. dag_id=ecomm_data_pipeline, task_id=generate_and_insert_data, run_id=scheduled__2023-01-01T00:00:00+00:00, execution_date=20230101T000000, start_date=20240628T221322, end_date=20240628T221322
[2024-06-28T22:13:22.769+0000] {local_task_job_runner.py:240} INFO - Task exited with return code 0
[2024-06-28T22:13:22.777+0000] {taskinstance.py:3503} INFO - 0 downstream tasks scheduled from follow-on schedule check
[2024-06-28T22:13:22.777+0000] {local_task_job_runner.py:222} INFO - ::endgroup::
[2024-06-29T21:36:36.127+0000] {local_task_job_runner.py:120} INFO - ::group::Pre task execution logs
[2024-06-29T21:36:36.138+0000] {taskinstance.py:2076} INFO - Dependencies all met for dep_context=non-requeueable deps ti=<TaskInstance: ecomm_data_pipeline.generate_and_insert_data scheduled__2023-01-01T00:00:00+00:00 [queued]>
[2024-06-29T21:36:36.140+0000] {taskinstance.py:2076} INFO - Dependencies all met for dep_context=requeueable deps ti=<TaskInstance: ecomm_data_pipeline.generate_and_insert_data scheduled__2023-01-01T00:00:00+00:00 [queued]>
[2024-06-29T21:36:36.140+0000] {taskinstance.py:2306} INFO - Starting attempt 1 of 2
[2024-06-29T21:36:36.145+0000] {taskinstance.py:2330} INFO - Executing <Task(PythonOperator): generate_and_insert_data> on 2023-01-01 00:00:00+00:00
[2024-06-29T21:36:36.146+0000] {standard_task_runner.py:63} INFO - Started process 41 to run task
[2024-06-29T21:36:36.148+0000] {standard_task_runner.py:90} INFO - Running: ['airflow', 'tasks', 'run', 'ecomm_data_pipeline', 'generate_and_insert_data', 'scheduled__2023-01-01T00:00:00+00:00', '--job-id', '2', '--raw', '--subdir', 'DAGS_FOLDER/ecomm_dag.py', '--cfg-path', '/tmp/tmpm0uvm35b']
[2024-06-29T21:36:36.149+0000] {standard_task_runner.py:91} INFO - Job 2: Subtask generate_and_insert_data
[2024-06-29T21:36:36.174+0000] {task_command.py:426} INFO - Running <TaskInstance: ecomm_data_pipeline.generate_and_insert_data scheduled__2023-01-01T00:00:00+00:00 [running]> on host afcb6fbf9265
[2024-06-29T21:36:36.205+0000] {taskinstance.py:2648} INFO - Exporting env vars: AIRFLOW_CTX_DAG_OWNER='airflow' AIRFLOW_CTX_DAG_ID='ecomm_data_pipeline' AIRFLOW_CTX_TASK_ID='generate_and_insert_data' AIRFLOW_CTX_EXECUTION_DATE='2023-01-01T00:00:00+00:00' AIRFLOW_CTX_TRY_NUMBER='1' AIRFLOW_CTX_DAG_RUN_ID='scheduled__2023-01-01T00:00:00+00:00'
[2024-06-29T21:36:36.205+0000] {taskinstance.py:430} INFO - ::endgroup::
[2024-06-29T21:36:36.272+0000] {logging_mixin.py:188} INFO - Error in generate_and_insert_data: Command '['python3', '/opt/airflow/generator/ecomm_generator.py']' returned non-zero exit status 1.
[2024-06-29T21:36:36.272+0000] {logging_mixin.py:188} INFO - stdout: 
[2024-06-29T21:36:36.272+0000] {logging_mixin.py:188} INFO - stderr: Traceback (most recent call last):
  File "/opt/airflow/generator/ecomm_generator.py", line 4, in <module>
    from faker import Faker
ModuleNotFoundError: No module named 'faker'
[2024-06-29T21:36:36.272+0000] {python.py:237} INFO - Done. Returned value was: None
[2024-06-29T21:36:36.273+0000] {taskinstance.py:441} INFO - ::group::Post task execution logs
[2024-06-29T21:36:36.277+0000] {taskinstance.py:1206} INFO - Marking task as SUCCESS. dag_id=ecomm_data_pipeline, task_id=generate_and_insert_data, run_id=scheduled__2023-01-01T00:00:00+00:00, execution_date=20230101T000000, start_date=20240629T213636, end_date=20240629T213636
[2024-06-29T21:36:36.385+0000] {local_task_job_runner.py:240} INFO - Task exited with return code 0
[2024-06-29T21:36:36.392+0000] {taskinstance.py:3503} INFO - 0 downstream tasks scheduled from follow-on schedule check
[2024-06-29T21:36:36.393+0000] {local_task_job_runner.py:222} INFO - ::endgroup::
[2024-06-29T21:48:52.728+0000] {local_task_job_runner.py:120} INFO - ::group::Pre task execution logs
[2024-06-29T21:48:52.739+0000] {taskinstance.py:2076} INFO - Dependencies all met for dep_context=non-requeueable deps ti=<TaskInstance: ecomm_data_pipeline.generate_and_insert_data scheduled__2023-01-01T00:00:00+00:00 [queued]>
[2024-06-29T21:48:52.741+0000] {taskinstance.py:2076} INFO - Dependencies all met for dep_context=requeueable deps ti=<TaskInstance: ecomm_data_pipeline.generate_and_insert_data scheduled__2023-01-01T00:00:00+00:00 [queued]>
[2024-06-29T21:48:52.741+0000] {taskinstance.py:2306} INFO - Starting attempt 1 of 2
[2024-06-29T21:48:52.746+0000] {taskinstance.py:2330} INFO - Executing <Task(PythonOperator): generate_and_insert_data> on 2023-01-01 00:00:00+00:00
[2024-06-29T21:48:52.748+0000] {standard_task_runner.py:63} INFO - Started process 42 to run task
[2024-06-29T21:48:52.749+0000] {standard_task_runner.py:90} INFO - Running: ['airflow', 'tasks', 'run', 'ecomm_data_pipeline', 'generate_and_insert_data', 'scheduled__2023-01-01T00:00:00+00:00', '--job-id', '2', '--raw', '--subdir', 'DAGS_FOLDER/ecomm_dag.py', '--cfg-path', '/tmp/tmps_uxn1oc']
[2024-06-29T21:48:52.750+0000] {standard_task_runner.py:91} INFO - Job 2: Subtask generate_and_insert_data
[2024-06-29T21:48:52.770+0000] {task_command.py:426} INFO - Running <TaskInstance: ecomm_data_pipeline.generate_and_insert_data scheduled__2023-01-01T00:00:00+00:00 [running]> on host 0b7af056b90c
[2024-06-29T21:48:52.801+0000] {taskinstance.py:2648} INFO - Exporting env vars: AIRFLOW_CTX_DAG_OWNER='airflow' AIRFLOW_CTX_DAG_ID='ecomm_data_pipeline' AIRFLOW_CTX_TASK_ID='generate_and_insert_data' AIRFLOW_CTX_EXECUTION_DATE='2023-01-01T00:00:00+00:00' AIRFLOW_CTX_TRY_NUMBER='1' AIRFLOW_CTX_DAG_RUN_ID='scheduled__2023-01-01T00:00:00+00:00'
[2024-06-29T21:48:52.802+0000] {taskinstance.py:430} INFO - ::endgroup::
[2024-06-29T21:48:52.867+0000] {logging_mixin.py:188} INFO - Error in generate_and_insert_data: Command '['python3', '/opt/airflow/generator/ecomm_generator.py']' returned non-zero exit status 1.
[2024-06-29T21:48:52.867+0000] {logging_mixin.py:188} INFO - stdout: 
[2024-06-29T21:48:52.868+0000] {logging_mixin.py:188} INFO - stderr: Traceback (most recent call last):
  File "/opt/airflow/generator/ecomm_generator.py", line 4, in <module>
    from faker import Faker
ModuleNotFoundError: No module named 'faker'
[2024-06-29T21:48:52.868+0000] {python.py:237} INFO - Done. Returned value was: None
[2024-06-29T21:48:52.869+0000] {taskinstance.py:441} INFO - ::group::Post task execution logs
[2024-06-29T21:48:52.873+0000] {taskinstance.py:1206} INFO - Marking task as SUCCESS. dag_id=ecomm_data_pipeline, task_id=generate_and_insert_data, run_id=scheduled__2023-01-01T00:00:00+00:00, execution_date=20230101T000000, start_date=20240629T214852, end_date=20240629T214852
[2024-06-29T21:48:52.938+0000] {local_task_job_runner.py:240} INFO - Task exited with return code 0
[2024-06-29T21:48:52.945+0000] {taskinstance.py:3503} INFO - 0 downstream tasks scheduled from follow-on schedule check
[2024-06-29T21:48:52.946+0000] {local_task_job_runner.py:222} INFO - ::endgroup::
[2024-06-29T22:00:25.170+0000] {local_task_job_runner.py:120} INFO - ::group::Pre task execution logs
[2024-06-29T22:00:25.181+0000] {taskinstance.py:2076} INFO - Dependencies all met for dep_context=non-requeueable deps ti=<TaskInstance: ecomm_data_pipeline.generate_and_insert_data scheduled__2023-01-01T00:00:00+00:00 [queued]>
[2024-06-29T22:00:25.183+0000] {taskinstance.py:2076} INFO - Dependencies all met for dep_context=requeueable deps ti=<TaskInstance: ecomm_data_pipeline.generate_and_insert_data scheduled__2023-01-01T00:00:00+00:00 [queued]>
[2024-06-29T22:00:25.183+0000] {taskinstance.py:2306} INFO - Starting attempt 1 of 2
[2024-06-29T22:00:25.188+0000] {taskinstance.py:2330} INFO - Executing <Task(PythonOperator): generate_and_insert_data> on 2023-01-01 00:00:00+00:00
[2024-06-29T22:00:25.189+0000] {standard_task_runner.py:63} INFO - Started process 42 to run task
[2024-06-29T22:00:25.190+0000] {standard_task_runner.py:90} INFO - Running: ['airflow', 'tasks', 'run', 'ecomm_data_pipeline', 'generate_and_insert_data', 'scheduled__2023-01-01T00:00:00+00:00', '--job-id', '2', '--raw', '--subdir', 'DAGS_FOLDER/ecomm_dag.py', '--cfg-path', '/tmp/tmpwlmz4jyx']
[2024-06-29T22:00:25.191+0000] {standard_task_runner.py:91} INFO - Job 2: Subtask generate_and_insert_data
[2024-06-29T22:00:25.210+0000] {task_command.py:426} INFO - Running <TaskInstance: ecomm_data_pipeline.generate_and_insert_data scheduled__2023-01-01T00:00:00+00:00 [running]> on host 799998b0d26e
[2024-06-29T22:00:25.242+0000] {taskinstance.py:2648} INFO - Exporting env vars: AIRFLOW_CTX_DAG_OWNER='airflow' AIRFLOW_CTX_DAG_ID='ecomm_data_pipeline' AIRFLOW_CTX_TASK_ID='generate_and_insert_data' AIRFLOW_CTX_EXECUTION_DATE='2023-01-01T00:00:00+00:00' AIRFLOW_CTX_TRY_NUMBER='1' AIRFLOW_CTX_DAG_RUN_ID='scheduled__2023-01-01T00:00:00+00:00'
[2024-06-29T22:00:25.242+0000] {taskinstance.py:430} INFO - ::endgroup::
[2024-06-29T22:00:25.310+0000] {logging_mixin.py:188} INFO - Error in generate_and_insert_data: Command '['python3', '/opt/airflow/generator/ecomm_generator.py']' returned non-zero exit status 1.
[2024-06-29T22:00:25.310+0000] {logging_mixin.py:188} INFO - stdout: 
[2024-06-29T22:00:25.310+0000] {logging_mixin.py:188} INFO - stderr: Traceback (most recent call last):
  File "/opt/airflow/generator/ecomm_generator.py", line 4, in <module>
    from faker import Faker
ModuleNotFoundError: No module named 'faker'
[2024-06-29T22:00:25.311+0000] {python.py:237} INFO - Done. Returned value was: None
[2024-06-29T22:00:25.312+0000] {taskinstance.py:441} INFO - ::group::Post task execution logs
[2024-06-29T22:00:25.316+0000] {taskinstance.py:1206} INFO - Marking task as SUCCESS. dag_id=ecomm_data_pipeline, task_id=generate_and_insert_data, run_id=scheduled__2023-01-01T00:00:00+00:00, execution_date=20230101T000000, start_date=20240629T220025, end_date=20240629T220025
[2024-06-29T22:00:25.423+0000] {local_task_job_runner.py:240} INFO - Task exited with return code 0
[2024-06-29T22:00:25.430+0000] {taskinstance.py:3503} INFO - 0 downstream tasks scheduled from follow-on schedule check
[2024-06-29T22:00:25.430+0000] {local_task_job_runner.py:222} INFO - ::endgroup::
[2024-07-02T21:59:41.989+0000] {taskinstance.py:1103} INFO - Dependencies all met for dep_context=non-requeueable deps ti=<TaskInstance: ecomm_data_pipeline.generate_and_insert_data scheduled__2023-01-01T00:00:00+00:00 [queued]>
[2024-07-02T21:59:41.992+0000] {taskinstance.py:1103} INFO - Dependencies all met for dep_context=requeueable deps ti=<TaskInstance: ecomm_data_pipeline.generate_and_insert_data scheduled__2023-01-01T00:00:00+00:00 [queued]>
[2024-07-02T21:59:41.992+0000] {taskinstance.py:1308} INFO - Starting attempt 1 of 2
[2024-07-02T21:59:41.996+0000] {taskinstance.py:1327} INFO - Executing <Task(PythonOperator): generate_and_insert_data> on 2023-01-01 00:00:00+00:00
[2024-07-02T21:59:41.997+0000] {standard_task_runner.py:57} INFO - Started process 13 to run task
[2024-07-02T21:59:41.999+0000] {standard_task_runner.py:84} INFO - Running: ['airflow', 'tasks', 'run', 'ecomm_data_pipeline', 'generate_and_insert_data', 'scheduled__2023-01-01T00:00:00+00:00', '--job-id', '2', '--raw', '--subdir', 'DAGS_FOLDER/ecomm_dag.py', '--cfg-path', '/tmp/tmpq6tg7wzm']
[2024-07-02T21:59:42.000+0000] {standard_task_runner.py:85} INFO - Job 2: Subtask generate_and_insert_data
[2024-07-02T21:59:42.019+0000] {task_command.py:410} INFO - Running <TaskInstance: ecomm_data_pipeline.generate_and_insert_data scheduled__2023-01-01T00:00:00+00:00 [running]> on host 17b176e084bc
[2024-07-02T21:59:42.053+0000] {taskinstance.py:1545} INFO - Exporting env vars: AIRFLOW_CTX_DAG_OWNER='airflow' AIRFLOW_CTX_DAG_ID='ecomm_data_pipeline' AIRFLOW_CTX_TASK_ID='generate_and_insert_data' AIRFLOW_CTX_EXECUTION_DATE='2023-01-01T00:00:00+00:00' AIRFLOW_CTX_TRY_NUMBER='1' AIRFLOW_CTX_DAG_RUN_ID='scheduled__2023-01-01T00:00:00+00:00'
[2024-07-02T22:06:43.813+0000] {taskinstance.py:1093} INFO - Dependencies not met for <TaskInstance: ecomm_data_pipeline.generate_and_insert_data scheduled__2023-01-01T00:00:00+00:00 [running]>, dependency 'Task Instance Not Running' FAILED: Task is in the running state
[2024-07-02T22:06:43.814+0000] {taskinstance.py:1093} INFO - Dependencies not met for <TaskInstance: ecomm_data_pipeline.generate_and_insert_data scheduled__2023-01-01T00:00:00+00:00 [running]>, dependency 'Task Instance State' FAILED: Task is in the 'running' state.
[2024-07-02T22:06:43.814+0000] {local_task_job_runner.py:154} INFO - Task is not able to be run
