[2024-07-06T18:14:59.523+0000] {taskinstance.py:1103} INFO - Dependencies all met for dep_context=non-requeueable deps ti=<TaskInstance: import_main_data.wait_for_init scheduled__2024-07-05T20:00:00+00:00 [queued]>
[2024-07-06T18:14:59.526+0000] {taskinstance.py:1103} INFO - Dependencies all met for dep_context=requeueable deps ti=<TaskInstance: import_main_data.wait_for_init scheduled__2024-07-05T20:00:00+00:00 [queued]>
[2024-07-06T18:14:59.526+0000] {taskinstance.py:1308} INFO - Starting attempt 1 of 2
[2024-07-06T18:14:59.530+0000] {taskinstance.py:1327} INFO - Executing <Task(ExternalTaskSensor): wait_for_init> on 2024-07-05 20:00:00+00:00
[2024-07-06T18:14:59.532+0000] {standard_task_runner.py:57} INFO - Started process 914 to run task
[2024-07-06T18:14:59.533+0000] {standard_task_runner.py:84} INFO - Running: ['airflow', 'tasks', 'run', 'import_main_data', 'wait_for_init', 'scheduled__2024-07-05T20:00:00+00:00', '--job-id', '880', '--raw', '--subdir', 'DAGS_FOLDER/import_raw_data.py', '--cfg-path', '/tmp/tmpyf0uqqkk']
[2024-07-06T18:14:59.534+0000] {standard_task_runner.py:85} INFO - Job 880: Subtask wait_for_init
[2024-07-06T18:14:59.554+0000] {task_command.py:410} INFO - Running <TaskInstance: import_main_data.wait_for_init scheduled__2024-07-05T20:00:00+00:00 [running]> on host f6bf59d3e65b
[2024-07-06T18:14:59.590+0000] {taskinstance.py:1545} INFO - Exporting env vars: AIRFLOW_CTX_DAG_EMAIL='airflow@example.com' AIRFLOW_CTX_DAG_OWNER='airflow' AIRFLOW_CTX_DAG_ID='import_main_data' AIRFLOW_CTX_TASK_ID='wait_for_init' AIRFLOW_CTX_EXECUTION_DATE='2024-07-05T20:00:00+00:00' AIRFLOW_CTX_TRY_NUMBER='1' AIRFLOW_CTX_DAG_RUN_ID='scheduled__2024-07-05T20:00:00+00:00'
[2024-07-06T18:14:59.594+0000] {external_task.py:247} INFO - Poking for DAG 'initialize_etl_environment' on 2024-07-05T20:00:00+00:00 ... 
[2024-07-06T18:14:59.606+0000] {taskinstance.py:1784} INFO - Rescheduling task, marking task as UP_FOR_RESCHEDULE
[2024-07-06T18:14:59.635+0000] {local_task_job_runner.py:225} INFO - Task exited with return code 0
[2024-07-06T18:14:59.646+0000] {taskinstance.py:2651} INFO - 0 downstream tasks scheduled from follow-on schedule check
[2024-07-06T18:43:34.572+0000] {taskinstance.py:1103} INFO - Dependencies all met for dep_context=non-requeueable deps ti=<TaskInstance: import_main_data.wait_for_init scheduled__2024-07-05T20:00:00+00:00 [queued]>
[2024-07-06T18:43:34.575+0000] {taskinstance.py:1103} INFO - Dependencies all met for dep_context=requeueable deps ti=<TaskInstance: import_main_data.wait_for_init scheduled__2024-07-05T20:00:00+00:00 [queued]>
[2024-07-06T18:43:34.575+0000] {taskinstance.py:1308} INFO - Starting attempt 1 of 2
[2024-07-06T18:43:34.579+0000] {taskinstance.py:1327} INFO - Executing <Task(ExternalTaskSensor): wait_for_init> on 2024-07-05 20:00:00+00:00
[2024-07-06T18:43:34.581+0000] {standard_task_runner.py:57} INFO - Started process 1368 to run task
[2024-07-06T18:43:34.582+0000] {standard_task_runner.py:84} INFO - Running: ['airflow', 'tasks', 'run', 'import_main_data', 'wait_for_init', 'scheduled__2024-07-05T20:00:00+00:00', '--job-id', '903', '--raw', '--subdir', 'DAGS_FOLDER/import_raw_data.py', '--cfg-path', '/tmp/tmpc5sadl7p']
[2024-07-06T18:43:34.583+0000] {standard_task_runner.py:85} INFO - Job 903: Subtask wait_for_init
[2024-07-06T18:43:34.602+0000] {task_command.py:410} INFO - Running <TaskInstance: import_main_data.wait_for_init scheduled__2024-07-05T20:00:00+00:00 [running]> on host f6bf59d3e65b
[2024-07-06T18:43:34.637+0000] {taskinstance.py:1545} INFO - Exporting env vars: AIRFLOW_CTX_DAG_EMAIL='airflow@example.com' AIRFLOW_CTX_DAG_OWNER='airflow' AIRFLOW_CTX_DAG_ID='import_main_data' AIRFLOW_CTX_TASK_ID='wait_for_init' AIRFLOW_CTX_EXECUTION_DATE='2024-07-05T20:00:00+00:00' AIRFLOW_CTX_TRY_NUMBER='1' AIRFLOW_CTX_DAG_RUN_ID='scheduled__2024-07-05T20:00:00+00:00'
[2024-07-06T18:43:34.641+0000] {external_task.py:247} INFO - Poking for DAG 'initialize_etl_environment' on 2024-07-05T20:00:00+00:00 ... 
[2024-07-06T18:43:34.652+0000] {taskinstance.py:1784} INFO - Rescheduling task, marking task as UP_FOR_RESCHEDULE
[2024-07-06T18:43:34.681+0000] {local_task_job_runner.py:225} INFO - Task exited with return code 0
[2024-07-06T18:43:34.693+0000] {taskinstance.py:2651} INFO - 0 downstream tasks scheduled from follow-on schedule check
[2024-07-06T18:44:36.689+0000] {taskinstance.py:1103} INFO - Dependencies all met for dep_context=non-requeueable deps ti=<TaskInstance: import_main_data.wait_for_init scheduled__2024-07-05T20:00:00+00:00 [queued]>
[2024-07-06T18:44:36.692+0000] {taskinstance.py:1103} INFO - Dependencies all met for dep_context=requeueable deps ti=<TaskInstance: import_main_data.wait_for_init scheduled__2024-07-05T20:00:00+00:00 [queued]>
[2024-07-06T18:44:36.692+0000] {taskinstance.py:1308} INFO - Starting attempt 1 of 2
[2024-07-06T18:44:36.696+0000] {taskinstance.py:1327} INFO - Executing <Task(ExternalTaskSensor): wait_for_init> on 2024-07-05 20:00:00+00:00
[2024-07-06T18:44:36.697+0000] {standard_task_runner.py:57} INFO - Started process 1428 to run task
[2024-07-06T18:44:36.699+0000] {standard_task_runner.py:84} INFO - Running: ['airflow', 'tasks', 'run', 'import_main_data', 'wait_for_init', 'scheduled__2024-07-05T20:00:00+00:00', '--job-id', '917', '--raw', '--subdir', 'DAGS_FOLDER/import_raw_data.py', '--cfg-path', '/tmp/tmpirkamaie']
[2024-07-06T18:44:36.699+0000] {standard_task_runner.py:85} INFO - Job 917: Subtask wait_for_init
[2024-07-06T18:44:36.720+0000] {task_command.py:410} INFO - Running <TaskInstance: import_main_data.wait_for_init scheduled__2024-07-05T20:00:00+00:00 [running]> on host f6bf59d3e65b
[2024-07-06T18:44:36.757+0000] {taskinstance.py:1545} INFO - Exporting env vars: AIRFLOW_CTX_DAG_EMAIL='airflow@example.com' AIRFLOW_CTX_DAG_OWNER='airflow' AIRFLOW_CTX_DAG_ID='import_main_data' AIRFLOW_CTX_TASK_ID='wait_for_init' AIRFLOW_CTX_EXECUTION_DATE='2024-07-05T20:00:00+00:00' AIRFLOW_CTX_TRY_NUMBER='1' AIRFLOW_CTX_DAG_RUN_ID='scheduled__2024-07-05T20:00:00+00:00'
[2024-07-06T18:44:36.762+0000] {external_task.py:247} INFO - Poking for DAG 'initialize_etl_environment' on 2024-07-05T20:00:00+00:00 ... 
[2024-07-06T18:44:36.773+0000] {taskinstance.py:1784} INFO - Rescheduling task, marking task as UP_FOR_RESCHEDULE
[2024-07-06T18:44:36.800+0000] {local_task_job_runner.py:225} INFO - Task exited with return code 0
[2024-07-06T18:44:36.812+0000] {taskinstance.py:2651} INFO - 0 downstream tasks scheduled from follow-on schedule check
