[2024-07-06T21:58:35.680+0000] {taskinstance.py:1103} INFO - Dependencies all met for dep_context=non-requeueable deps ti=<TaskInstance: user_generator.generate_data scheduled__2024-07-04T03:00:00+00:00 [queued]>
[2024-07-06T21:58:35.684+0000] {taskinstance.py:1103} INFO - Dependencies all met for dep_context=requeueable deps ti=<TaskInstance: user_generator.generate_data scheduled__2024-07-04T03:00:00+00:00 [queued]>
[2024-07-06T21:58:35.684+0000] {taskinstance.py:1308} INFO - Starting attempt 1 of 2
[2024-07-06T21:58:35.688+0000] {taskinstance.py:1327} INFO - Executing <Task(PythonOperator): generate_data> on 2024-07-04 03:00:00+00:00
[2024-07-06T21:58:35.690+0000] {standard_task_runner.py:57} INFO - Started process 3685 to run task
[2024-07-06T21:58:35.691+0000] {standard_task_runner.py:84} INFO - Running: ['airflow', 'tasks', 'run', 'user_generator', 'generate_data', 'scheduled__2024-07-04T03:00:00+00:00', '--job-id', '1073', '--raw', '--subdir', 'DAGS_FOLDER/user_generator_dag.py', '--cfg-path', '/tmp/tmpmxgjc8xo']
[2024-07-06T21:58:35.692+0000] {standard_task_runner.py:85} INFO - Job 1073: Subtask generate_data
[2024-07-06T21:58:35.711+0000] {task_command.py:410} INFO - Running <TaskInstance: user_generator.generate_data scheduled__2024-07-04T03:00:00+00:00 [running]> on host c058add182a5
[2024-07-06T21:58:35.745+0000] {taskinstance.py:1545} INFO - Exporting env vars: AIRFLOW_CTX_DAG_OWNER='airflow' AIRFLOW_CTX_DAG_ID='user_generator' AIRFLOW_CTX_TASK_ID='generate_data' AIRFLOW_CTX_EXECUTION_DATE='2024-07-04T03:00:00+00:00' AIRFLOW_CTX_TRY_NUMBER='1' AIRFLOW_CTX_DAG_RUN_ID='scheduled__2024-07-04T03:00:00+00:00'
[2024-07-06T21:58:35.745+0000] {logging_mixin.py:149} INFO - Running data generation script...
[2024-07-06T21:58:35.805+0000] {logging_mixin.py:149} INFO - Error in generate_data: Command '['python3', '/opt/airflow/generator/user_generator.py']' returned non-zero exit status 2.
[2024-07-06T21:58:35.805+0000] {logging_mixin.py:149} INFO - stdout: 
[2024-07-06T21:58:35.805+0000] {logging_mixin.py:149} INFO - stderr: python3: can't open file '/opt/airflow/generator/user_generator.py': [Errno 2] No such file or directory
[2024-07-06T21:58:35.805+0000] {error_handling_decorator.py:10} ERROR - Error: Task did not return a successful result.
[2024-07-06T21:58:35.806+0000] {error_handling_decorator.py:11} ERROR - Traceback (most recent call last):
  File "/opt/airflow/dags/error_handling_decorator.py", line 21, in wrapper
    raise ValueError("Task did not return a successful result.")
ValueError: Task did not return a successful result.

[2024-07-06T21:58:35.806+0000] {taskinstance.py:1824} ERROR - Task failed with exception
Traceback (most recent call last):
  File "/home/airflow/.local/lib/python3.9/site-packages/airflow/operators/python.py", line 181, in execute
    return_value = self.execute_callable()
  File "/home/airflow/.local/lib/python3.9/site-packages/airflow/operators/python.py", line 198, in execute_callable
    return self.python_callable(*self.op_args, **self.op_kwargs)
  File "/opt/airflow/dags/error_handling_decorator.py", line 24, in wrapper
    error_handler.log_and_raise(exc)
  File "/opt/airflow/dags/error_handling_decorator.py", line 12, in log_and_raise
    raise exc
  File "/opt/airflow/dags/error_handling_decorator.py", line 21, in wrapper
    raise ValueError("Task did not return a successful result.")
ValueError: Task did not return a successful result.
[2024-07-06T21:58:35.811+0000] {taskinstance.py:1345} INFO - Marking task as UP_FOR_RETRY. dag_id=user_generator, task_id=generate_data, execution_date=20240704T030000, start_date=20240706T215835, end_date=20240706T215835
[2024-07-06T21:58:35.817+0000] {standard_task_runner.py:104} ERROR - Failed to execute job 1073 for task generate_data (Task did not return a successful result.; 3685)
[2024-07-06T21:58:35.833+0000] {local_task_job_runner.py:225} INFO - Task exited with return code 1
[2024-07-06T21:58:35.845+0000] {taskinstance.py:2651} INFO - 0 downstream tasks scheduled from follow-on schedule check
