[2024-07-06T22:03:41.863+0000] {taskinstance.py:1103} INFO - Dependencies all met for dep_context=non-requeueable deps ti=<TaskInstance: user_generator.generate_data scheduled__2024-07-04T03:00:00+00:00 [queued]>
[2024-07-06T22:03:41.868+0000] {taskinstance.py:1103} INFO - Dependencies all met for dep_context=requeueable deps ti=<TaskInstance: user_generator.generate_data scheduled__2024-07-04T03:00:00+00:00 [queued]>
[2024-07-06T22:03:41.868+0000] {taskinstance.py:1308} INFO - Starting attempt 2 of 3
[2024-07-06T22:03:41.872+0000] {taskinstance.py:1327} INFO - Executing <Task(PythonOperator): generate_data> on 2024-07-04 03:00:00+00:00
[2024-07-06T22:03:41.874+0000] {standard_task_runner.py:57} INFO - Started process 4046 to run task
[2024-07-06T22:03:41.876+0000] {standard_task_runner.py:84} INFO - Running: ['airflow', 'tasks', 'run', 'user_generator', 'generate_data', 'scheduled__2024-07-04T03:00:00+00:00', '--job-id', '1124', '--raw', '--subdir', 'DAGS_FOLDER/user_generator_dag.py', '--cfg-path', '/tmp/tmpq9wghl7o']
[2024-07-06T22:03:41.877+0000] {standard_task_runner.py:85} INFO - Job 1124: Subtask generate_data
[2024-07-06T22:03:41.900+0000] {task_command.py:410} INFO - Running <TaskInstance: user_generator.generate_data scheduled__2024-07-04T03:00:00+00:00 [running]> on host c058add182a5
[2024-07-06T22:03:41.941+0000] {taskinstance.py:1545} INFO - Exporting env vars: AIRFLOW_CTX_DAG_OWNER='airflow' AIRFLOW_CTX_DAG_ID='user_generator' AIRFLOW_CTX_TASK_ID='generate_data' AIRFLOW_CTX_EXECUTION_DATE='2024-07-04T03:00:00+00:00' AIRFLOW_CTX_TRY_NUMBER='2' AIRFLOW_CTX_DAG_RUN_ID='scheduled__2024-07-04T03:00:00+00:00'
[2024-07-06T22:03:41.941+0000] {logging_mixin.py:149} INFO - Running data generation script...
[2024-07-06T22:03:42.145+0000] {logging_mixin.py:149} INFO - 2024-07-06 22:03:42,134 - INFO - Generating fake user data...
2024-07-06 22:03:42,136 - INFO - Generated 8 users.
[2024-07-06T22:03:42.146+0000] {error_handling_decorator.py:10} ERROR - Error: Task did not return a successful result.
[2024-07-06T22:03:42.146+0000] {error_handling_decorator.py:11} ERROR - Traceback (most recent call last):
  File "/opt/airflow/dags/error_handling_decorator.py", line 21, in wrapper
    raise ValueError("Task did not return a successful result.")
ValueError: Task did not return a successful result.

[2024-07-06T22:03:42.146+0000] {taskinstance.py:1824} ERROR - Task failed with exception
Traceback (most recent call last):
  File "/home/airflow/.local/lib/python3.9/site-packages/airflow/operators/python.py", line 181, in execute
    return_value = self.execute_callable()
  File "/home/airflow/.local/lib/python3.9/site-packages/airflow/operators/python.py", line 198, in execute_callable
    return self.python_callable(*self.op_args, **self.op_kwargs)
  File "/opt/airflow/dags/error_handling_decorator.py", line 24, in wrapper
    error_handler.log_and_raise(exc)
  File "/opt/airflow/dags/error_handling_decorator.py", line 12, in log_and_raise
    raise exc
  File "/opt/airflow/dags/error_handling_decorator.py", line 21, in wrapper
    raise ValueError("Task did not return a successful result.")
ValueError: Task did not return a successful result.
[2024-07-06T22:03:42.152+0000] {taskinstance.py:1345} INFO - Marking task as UP_FOR_RETRY. dag_id=user_generator, task_id=generate_data, execution_date=20240704T030000, start_date=20240706T220341, end_date=20240706T220342
[2024-07-06T22:03:42.158+0000] {standard_task_runner.py:104} ERROR - Failed to execute job 1124 for task generate_data (Task did not return a successful result.; 4046)
[2024-07-06T22:03:42.202+0000] {local_task_job_runner.py:225} INFO - Task exited with return code 1
[2024-07-06T22:03:42.216+0000] {taskinstance.py:2651} INFO - 0 downstream tasks scheduled from follow-on schedule check
