[2024-06-27T22:34:39.649+0000] {local_task_job_runner.py:120} INFO - ::group::Pre task execution logs
[2024-06-27T22:34:39.659+0000] {taskinstance.py:2076} INFO - Dependencies all met for dep_context=non-requeueable deps ti=<TaskInstance: ecomm_data_pipeline.generate_and_insert_data scheduled__2023-01-01T07:50:00+00:00 [queued]>
[2024-06-27T22:34:39.662+0000] {taskinstance.py:2076} INFO - Dependencies all met for dep_context=requeueable deps ti=<TaskInstance: ecomm_data_pipeline.generate_and_insert_data scheduled__2023-01-01T07:50:00+00:00 [queued]>
[2024-06-27T22:34:39.662+0000] {taskinstance.py:2306} INFO - Starting attempt 1 of 2
[2024-06-27T22:34:39.667+0000] {taskinstance.py:2330} INFO - Executing <Task(PythonOperator): generate_and_insert_data> on 2023-01-01 07:50:00+00:00
[2024-06-27T22:34:39.668+0000] {standard_task_runner.py:63} INFO - Started process 952 to run task
[2024-06-27T22:34:39.669+0000] {standard_task_runner.py:90} INFO - Running: ['airflow', 'tasks', 'run', 'ecomm_data_pipeline', 'generate_and_insert_data', 'scheduled__2023-01-01T07:50:00+00:00', '--job-id', '66', '--raw', '--subdir', 'DAGS_FOLDER/ecomm_dag.py', '--cfg-path', '/tmp/tmpozj9m38e']
[2024-06-27T22:34:39.670+0000] {standard_task_runner.py:91} INFO - Job 66: Subtask generate_and_insert_data
[2024-06-27T22:34:39.686+0000] {task_command.py:426} INFO - Running <TaskInstance: ecomm_data_pipeline.generate_and_insert_data scheduled__2023-01-01T07:50:00+00:00 [running]> on host 9174587f6b1d
[2024-06-27T22:34:39.714+0000] {taskinstance.py:2648} INFO - Exporting env vars: AIRFLOW_CTX_DAG_OWNER='airflow' AIRFLOW_CTX_DAG_ID='ecomm_data_pipeline' AIRFLOW_CTX_TASK_ID='generate_and_insert_data' AIRFLOW_CTX_EXECUTION_DATE='2023-01-01T07:50:00+00:00' AIRFLOW_CTX_TRY_NUMBER='1' AIRFLOW_CTX_DAG_RUN_ID='scheduled__2023-01-01T07:50:00+00:00'
[2024-06-27T22:34:39.715+0000] {taskinstance.py:430} INFO - ::endgroup::
[2024-06-27T22:34:39.747+0000] {logging_mixin.py:188} INFO - Error in generate_and_insert_data: Command '['python3', './generator/ecomm_generator.py']' returned non-zero exit status 2.
[2024-06-27T22:34:39.747+0000] {python.py:237} INFO - Done. Returned value was: None
[2024-06-27T22:34:39.747+0000] {taskinstance.py:441} INFO - ::group::Post task execution logs
[2024-06-27T22:34:39.752+0000] {taskinstance.py:1206} INFO - Marking task as SUCCESS. dag_id=ecomm_data_pipeline, task_id=generate_and_insert_data, run_id=scheduled__2023-01-01T07:50:00+00:00, execution_date=20230101T075000, start_date=20240627T223439, end_date=20240627T223439
[2024-06-27T22:34:39.772+0000] {local_task_job_runner.py:240} INFO - Task exited with return code 0
[2024-06-27T22:34:39.778+0000] {taskinstance.py:3503} INFO - 0 downstream tasks scheduled from follow-on schedule check
[2024-06-27T22:34:39.779+0000] {local_task_job_runner.py:222} INFO - ::endgroup::
[2024-06-28T18:15:24.881+0000] {local_task_job_runner.py:120} INFO - ::group::Pre task execution logs
[2024-06-28T18:15:24.893+0000] {taskinstance.py:2076} INFO - Dependencies all met for dep_context=non-requeueable deps ti=<TaskInstance: ecomm_data_pipeline.generate_and_insert_data scheduled__2023-01-01T07:50:00+00:00 [queued]>
[2024-06-28T18:15:24.896+0000] {taskinstance.py:2076} INFO - Dependencies all met for dep_context=requeueable deps ti=<TaskInstance: ecomm_data_pipeline.generate_and_insert_data scheduled__2023-01-01T07:50:00+00:00 [queued]>
[2024-06-28T18:15:24.896+0000] {taskinstance.py:2306} INFO - Starting attempt 1 of 2
[2024-06-28T18:15:24.901+0000] {taskinstance.py:2330} INFO - Executing <Task(PythonOperator): generate_and_insert_data> on 2023-01-01 07:50:00+00:00
[2024-06-28T18:15:24.903+0000] {standard_task_runner.py:63} INFO - Started process 1360 to run task
[2024-06-28T18:15:24.904+0000] {standard_task_runner.py:90} INFO - Running: ['airflow', 'tasks', 'run', 'ecomm_data_pipeline', 'generate_and_insert_data', 'scheduled__2023-01-01T07:50:00+00:00', '--job-id', '96', '--raw', '--subdir', 'DAGS_FOLDER/ecomm_dag.py', '--cfg-path', '/tmp/tmpwhckw7b5']
[2024-06-28T18:15:24.905+0000] {standard_task_runner.py:91} INFO - Job 96: Subtask generate_and_insert_data
[2024-06-28T18:15:24.924+0000] {task_command.py:426} INFO - Running <TaskInstance: ecomm_data_pipeline.generate_and_insert_data scheduled__2023-01-01T07:50:00+00:00 [running]> on host 08cefd381a1f
[2024-06-28T18:15:24.958+0000] {taskinstance.py:2648} INFO - Exporting env vars: AIRFLOW_CTX_DAG_OWNER='airflow' AIRFLOW_CTX_DAG_ID='ecomm_data_pipeline' AIRFLOW_CTX_TASK_ID='generate_and_insert_data' AIRFLOW_CTX_EXECUTION_DATE='2023-01-01T07:50:00+00:00' AIRFLOW_CTX_TRY_NUMBER='1' AIRFLOW_CTX_DAG_RUN_ID='scheduled__2023-01-01T07:50:00+00:00'
[2024-06-28T18:15:24.958+0000] {taskinstance.py:430} INFO - ::endgroup::
[2024-06-28T18:15:25.020+0000] {logging_mixin.py:188} INFO - Error in generate_and_insert_data: Command '['python3', '/opt/airflow/generator/ecomm_generator.py']' returned non-zero exit status 1.
[2024-06-28T18:15:25.020+0000] {logging_mixin.py:188} INFO - stdout: 
[2024-06-28T18:15:25.020+0000] {logging_mixin.py:188} INFO - stderr: Traceback (most recent call last):
  File "/opt/airflow/generator/ecomm_generator.py", line 4, in <module>
    from faker import Faker
ModuleNotFoundError: No module named 'faker'
[2024-06-28T18:15:25.020+0000] {python.py:237} INFO - Done. Returned value was: None
[2024-06-28T18:15:25.021+0000] {taskinstance.py:441} INFO - ::group::Post task execution logs
[2024-06-28T18:15:25.026+0000] {taskinstance.py:1206} INFO - Marking task as SUCCESS. dag_id=ecomm_data_pipeline, task_id=generate_and_insert_data, run_id=scheduled__2023-01-01T07:50:00+00:00, execution_date=20230101T075000, start_date=20240628T181524, end_date=20240628T181525
[2024-06-28T18:15:25.044+0000] {local_task_job_runner.py:240} INFO - Task exited with return code 0
[2024-06-28T18:15:25.052+0000] {taskinstance.py:3503} INFO - 0 downstream tasks scheduled from follow-on schedule check
[2024-06-28T18:15:25.052+0000] {local_task_job_runner.py:222} INFO - ::endgroup::
[2024-06-28T18:22:07.608+0000] {local_task_job_runner.py:120} INFO - ::group::Pre task execution logs
[2024-06-28T18:22:07.620+0000] {taskinstance.py:2076} INFO - Dependencies all met for dep_context=non-requeueable deps ti=<TaskInstance: ecomm_data_pipeline.generate_and_insert_data scheduled__2023-01-01T07:50:00+00:00 [queued]>
[2024-06-28T18:22:07.622+0000] {taskinstance.py:2076} INFO - Dependencies all met for dep_context=requeueable deps ti=<TaskInstance: ecomm_data_pipeline.generate_and_insert_data scheduled__2023-01-01T07:50:00+00:00 [queued]>
[2024-06-28T18:22:07.623+0000] {taskinstance.py:2306} INFO - Starting attempt 1 of 2
[2024-06-28T18:22:07.628+0000] {taskinstance.py:2330} INFO - Executing <Task(PythonOperator): generate_and_insert_data> on 2023-01-01 07:50:00+00:00
[2024-06-28T18:22:07.629+0000] {standard_task_runner.py:63} INFO - Started process 1012 to run task
[2024-06-28T18:22:07.630+0000] {standard_task_runner.py:90} INFO - Running: ['airflow', 'tasks', 'run', 'ecomm_data_pipeline', 'generate_and_insert_data', 'scheduled__2023-01-01T07:50:00+00:00', '--job-id', '70', '--raw', '--subdir', 'DAGS_FOLDER/ecomm_dag.py', '--cfg-path', '/tmp/tmpa83rjs9w']
[2024-06-28T18:22:07.631+0000] {standard_task_runner.py:91} INFO - Job 70: Subtask generate_and_insert_data
[2024-06-28T18:22:07.649+0000] {task_command.py:426} INFO - Running <TaskInstance: ecomm_data_pipeline.generate_and_insert_data scheduled__2023-01-01T07:50:00+00:00 [running]> on host 6570e5857071
[2024-06-28T18:22:07.681+0000] {taskinstance.py:2648} INFO - Exporting env vars: AIRFLOW_CTX_DAG_OWNER='airflow' AIRFLOW_CTX_DAG_ID='ecomm_data_pipeline' AIRFLOW_CTX_TASK_ID='generate_and_insert_data' AIRFLOW_CTX_EXECUTION_DATE='2023-01-01T07:50:00+00:00' AIRFLOW_CTX_TRY_NUMBER='1' AIRFLOW_CTX_DAG_RUN_ID='scheduled__2023-01-01T07:50:00+00:00'
[2024-06-28T18:22:07.681+0000] {taskinstance.py:430} INFO - ::endgroup::
[2024-06-28T18:22:07.742+0000] {logging_mixin.py:188} INFO - Error in generate_and_insert_data: Command '['python3', '/opt/airflow/generator/ecomm_generator.py']' returned non-zero exit status 1.
[2024-06-28T18:22:07.742+0000] {logging_mixin.py:188} INFO - stdout: 
[2024-06-28T18:22:07.742+0000] {logging_mixin.py:188} INFO - stderr: Traceback (most recent call last):
  File "/opt/airflow/generator/ecomm_generator.py", line 4, in <module>
    from faker import Faker
ModuleNotFoundError: No module named 'faker'
[2024-06-28T18:22:07.742+0000] {python.py:237} INFO - Done. Returned value was: None
[2024-06-28T18:22:07.743+0000] {taskinstance.py:441} INFO - ::group::Post task execution logs
[2024-06-28T18:22:07.748+0000] {taskinstance.py:1206} INFO - Marking task as SUCCESS. dag_id=ecomm_data_pipeline, task_id=generate_and_insert_data, run_id=scheduled__2023-01-01T07:50:00+00:00, execution_date=20230101T075000, start_date=20240628T182207, end_date=20240628T182207
[2024-06-28T18:22:07.775+0000] {local_task_job_runner.py:240} INFO - Task exited with return code 0
[2024-06-28T18:22:07.782+0000] {taskinstance.py:3503} INFO - 0 downstream tasks scheduled from follow-on schedule check
[2024-06-28T18:22:07.782+0000] {local_task_job_runner.py:222} INFO - ::endgroup::
[2024-06-29T21:38:05.335+0000] {local_task_job_runner.py:120} INFO - ::group::Pre task execution logs
[2024-06-29T21:38:05.344+0000] {taskinstance.py:2076} INFO - Dependencies all met for dep_context=non-requeueable deps ti=<TaskInstance: ecomm_data_pipeline.generate_and_insert_data scheduled__2023-01-01T07:50:00+00:00 [queued]>
[2024-06-29T21:38:05.347+0000] {taskinstance.py:2076} INFO - Dependencies all met for dep_context=requeueable deps ti=<TaskInstance: ecomm_data_pipeline.generate_and_insert_data scheduled__2023-01-01T07:50:00+00:00 [queued]>
[2024-06-29T21:38:05.347+0000] {taskinstance.py:2306} INFO - Starting attempt 1 of 2
[2024-06-29T21:38:05.351+0000] {taskinstance.py:2330} INFO - Executing <Task(PythonOperator): generate_and_insert_data> on 2023-01-01 07:50:00+00:00
[2024-06-29T21:38:05.353+0000] {standard_task_runner.py:63} INFO - Started process 726 to run task
[2024-06-29T21:38:05.354+0000] {standard_task_runner.py:90} INFO - Running: ['airflow', 'tasks', 'run', 'ecomm_data_pipeline', 'generate_and_insert_data', 'scheduled__2023-01-01T07:50:00+00:00', '--job-id', '49', '--raw', '--subdir', 'DAGS_FOLDER/ecomm_dag.py', '--cfg-path', '/tmp/tmpo4fnlje2']
[2024-06-29T21:38:05.355+0000] {standard_task_runner.py:91} INFO - Job 49: Subtask generate_and_insert_data
[2024-06-29T21:38:05.372+0000] {task_command.py:426} INFO - Running <TaskInstance: ecomm_data_pipeline.generate_and_insert_data scheduled__2023-01-01T07:50:00+00:00 [running]> on host afcb6fbf9265
[2024-06-29T21:38:05.400+0000] {taskinstance.py:2648} INFO - Exporting env vars: AIRFLOW_CTX_DAG_OWNER='airflow' AIRFLOW_CTX_DAG_ID='ecomm_data_pipeline' AIRFLOW_CTX_TASK_ID='generate_and_insert_data' AIRFLOW_CTX_EXECUTION_DATE='2023-01-01T07:50:00+00:00' AIRFLOW_CTX_TRY_NUMBER='1' AIRFLOW_CTX_DAG_RUN_ID='scheduled__2023-01-01T07:50:00+00:00'
[2024-06-29T21:38:05.401+0000] {taskinstance.py:430} INFO - ::endgroup::
[2024-06-29T21:38:05.457+0000] {logging_mixin.py:188} INFO - Error in generate_and_insert_data: Command '['python3', '/opt/airflow/generator/ecomm_generator.py']' returned non-zero exit status 1.
[2024-06-29T21:38:05.457+0000] {logging_mixin.py:188} INFO - stdout: 
[2024-06-29T21:38:05.457+0000] {logging_mixin.py:188} INFO - stderr: Traceback (most recent call last):
  File "/opt/airflow/generator/ecomm_generator.py", line 4, in <module>
    from faker import Faker
ModuleNotFoundError: No module named 'faker'
[2024-06-29T21:38:05.457+0000] {python.py:237} INFO - Done. Returned value was: None
[2024-06-29T21:38:05.457+0000] {taskinstance.py:441} INFO - ::group::Post task execution logs
[2024-06-29T21:38:05.462+0000] {taskinstance.py:1206} INFO - Marking task as SUCCESS. dag_id=ecomm_data_pipeline, task_id=generate_and_insert_data, run_id=scheduled__2023-01-01T07:50:00+00:00, execution_date=20230101T075000, start_date=20240629T213805, end_date=20240629T213805
[2024-06-29T21:38:05.505+0000] {local_task_job_runner.py:240} INFO - Task exited with return code 0
[2024-06-29T21:38:05.512+0000] {taskinstance.py:3503} INFO - 0 downstream tasks scheduled from follow-on schedule check
[2024-06-29T21:38:05.513+0000] {local_task_job_runner.py:222} INFO - ::endgroup::
[2024-06-29T21:50:22.137+0000] {local_task_job_runner.py:120} INFO - ::group::Pre task execution logs
[2024-06-29T21:50:22.146+0000] {taskinstance.py:2076} INFO - Dependencies all met for dep_context=non-requeueable deps ti=<TaskInstance: ecomm_data_pipeline.generate_and_insert_data scheduled__2023-01-01T07:50:00+00:00 [queued]>
[2024-06-29T21:50:22.149+0000] {taskinstance.py:2076} INFO - Dependencies all met for dep_context=requeueable deps ti=<TaskInstance: ecomm_data_pipeline.generate_and_insert_data scheduled__2023-01-01T07:50:00+00:00 [queued]>
[2024-06-29T21:50:22.149+0000] {taskinstance.py:2306} INFO - Starting attempt 1 of 2
[2024-06-29T21:50:22.153+0000] {taskinstance.py:2330} INFO - Executing <Task(PythonOperator): generate_and_insert_data> on 2023-01-01 07:50:00+00:00
[2024-06-29T21:50:22.155+0000] {standard_task_runner.py:63} INFO - Started process 727 to run task
[2024-06-29T21:50:22.156+0000] {standard_task_runner.py:90} INFO - Running: ['airflow', 'tasks', 'run', 'ecomm_data_pipeline', 'generate_and_insert_data', 'scheduled__2023-01-01T07:50:00+00:00', '--job-id', '49', '--raw', '--subdir', 'DAGS_FOLDER/ecomm_dag.py', '--cfg-path', '/tmp/tmpto_f3tj0']
[2024-06-29T21:50:22.156+0000] {standard_task_runner.py:91} INFO - Job 49: Subtask generate_and_insert_data
[2024-06-29T21:50:22.173+0000] {task_command.py:426} INFO - Running <TaskInstance: ecomm_data_pipeline.generate_and_insert_data scheduled__2023-01-01T07:50:00+00:00 [running]> on host 0b7af056b90c
[2024-06-29T21:50:22.201+0000] {taskinstance.py:2648} INFO - Exporting env vars: AIRFLOW_CTX_DAG_OWNER='airflow' AIRFLOW_CTX_DAG_ID='ecomm_data_pipeline' AIRFLOW_CTX_TASK_ID='generate_and_insert_data' AIRFLOW_CTX_EXECUTION_DATE='2023-01-01T07:50:00+00:00' AIRFLOW_CTX_TRY_NUMBER='1' AIRFLOW_CTX_DAG_RUN_ID='scheduled__2023-01-01T07:50:00+00:00'
[2024-06-29T21:50:22.201+0000] {taskinstance.py:430} INFO - ::endgroup::
[2024-06-29T21:50:22.257+0000] {logging_mixin.py:188} INFO - Error in generate_and_insert_data: Command '['python3', '/opt/airflow/generator/ecomm_generator.py']' returned non-zero exit status 1.
[2024-06-29T21:50:22.257+0000] {logging_mixin.py:188} INFO - stdout: 
[2024-06-29T21:50:22.257+0000] {logging_mixin.py:188} INFO - stderr: Traceback (most recent call last):
  File "/opt/airflow/generator/ecomm_generator.py", line 4, in <module>
    from faker import Faker
ModuleNotFoundError: No module named 'faker'
[2024-06-29T21:50:22.258+0000] {python.py:237} INFO - Done. Returned value was: None
[2024-06-29T21:50:22.258+0000] {taskinstance.py:441} INFO - ::group::Post task execution logs
[2024-06-29T21:50:22.262+0000] {taskinstance.py:1206} INFO - Marking task as SUCCESS. dag_id=ecomm_data_pipeline, task_id=generate_and_insert_data, run_id=scheduled__2023-01-01T07:50:00+00:00, execution_date=20230101T075000, start_date=20240629T215022, end_date=20240629T215022
[2024-06-29T21:50:22.309+0000] {local_task_job_runner.py:240} INFO - Task exited with return code 0
[2024-06-29T21:50:22.316+0000] {taskinstance.py:3503} INFO - 0 downstream tasks scheduled from follow-on schedule check
[2024-06-29T21:50:22.317+0000] {local_task_job_runner.py:222} INFO - ::endgroup::
[2024-06-29T22:01:53.260+0000] {local_task_job_runner.py:120} INFO - ::group::Pre task execution logs
[2024-06-29T22:01:53.269+0000] {taskinstance.py:2076} INFO - Dependencies all met for dep_context=non-requeueable deps ti=<TaskInstance: ecomm_data_pipeline.generate_and_insert_data scheduled__2023-01-01T07:50:00+00:00 [queued]>
[2024-06-29T22:01:53.272+0000] {taskinstance.py:2076} INFO - Dependencies all met for dep_context=requeueable deps ti=<TaskInstance: ecomm_data_pipeline.generate_and_insert_data scheduled__2023-01-01T07:50:00+00:00 [queued]>
[2024-06-29T22:01:53.272+0000] {taskinstance.py:2306} INFO - Starting attempt 1 of 2
[2024-06-29T22:01:53.277+0000] {taskinstance.py:2330} INFO - Executing <Task(PythonOperator): generate_and_insert_data> on 2023-01-01 07:50:00+00:00
[2024-06-29T22:01:53.279+0000] {standard_task_runner.py:63} INFO - Started process 725 to run task
[2024-06-29T22:01:53.280+0000] {standard_task_runner.py:90} INFO - Running: ['airflow', 'tasks', 'run', 'ecomm_data_pipeline', 'generate_and_insert_data', 'scheduled__2023-01-01T07:50:00+00:00', '--job-id', '49', '--raw', '--subdir', 'DAGS_FOLDER/ecomm_dag.py', '--cfg-path', '/tmp/tmphkm_0_xl']
[2024-06-29T22:01:53.280+0000] {standard_task_runner.py:91} INFO - Job 49: Subtask generate_and_insert_data
[2024-06-29T22:01:53.297+0000] {task_command.py:426} INFO - Running <TaskInstance: ecomm_data_pipeline.generate_and_insert_data scheduled__2023-01-01T07:50:00+00:00 [running]> on host 799998b0d26e
[2024-06-29T22:01:53.325+0000] {taskinstance.py:2648} INFO - Exporting env vars: AIRFLOW_CTX_DAG_OWNER='airflow' AIRFLOW_CTX_DAG_ID='ecomm_data_pipeline' AIRFLOW_CTX_TASK_ID='generate_and_insert_data' AIRFLOW_CTX_EXECUTION_DATE='2023-01-01T07:50:00+00:00' AIRFLOW_CTX_TRY_NUMBER='1' AIRFLOW_CTX_DAG_RUN_ID='scheduled__2023-01-01T07:50:00+00:00'
[2024-06-29T22:01:53.326+0000] {taskinstance.py:430} INFO - ::endgroup::
[2024-06-29T22:01:53.381+0000] {logging_mixin.py:188} INFO - Error in generate_and_insert_data: Command '['python3', '/opt/airflow/generator/ecomm_generator.py']' returned non-zero exit status 1.
[2024-06-29T22:01:53.382+0000] {logging_mixin.py:188} INFO - stdout: 
[2024-06-29T22:01:53.382+0000] {logging_mixin.py:188} INFO - stderr: Traceback (most recent call last):
  File "/opt/airflow/generator/ecomm_generator.py", line 4, in <module>
    from faker import Faker
ModuleNotFoundError: No module named 'faker'
[2024-06-29T22:01:53.382+0000] {python.py:237} INFO - Done. Returned value was: None
[2024-06-29T22:01:53.382+0000] {taskinstance.py:441} INFO - ::group::Post task execution logs
[2024-06-29T22:01:53.387+0000] {taskinstance.py:1206} INFO - Marking task as SUCCESS. dag_id=ecomm_data_pipeline, task_id=generate_and_insert_data, run_id=scheduled__2023-01-01T07:50:00+00:00, execution_date=20230101T075000, start_date=20240629T220153, end_date=20240629T220153
[2024-06-29T22:01:53.427+0000] {local_task_job_runner.py:240} INFO - Task exited with return code 0
[2024-06-29T22:01:53.434+0000] {taskinstance.py:3503} INFO - 0 downstream tasks scheduled from follow-on schedule check
[2024-06-29T22:01:53.435+0000] {local_task_job_runner.py:222} INFO - ::endgroup::
