[2024-07-06T18:10:35.315+0000] {taskinstance.py:1103} INFO - Dependencies all met for dep_context=non-requeueable deps ti=<TaskInstance: import_main_data.wait_for_init scheduled__2024-07-05T12:00:00+00:00 [queued]>
[2024-07-06T18:10:35.324+0000] {taskinstance.py:1103} INFO - Dependencies all met for dep_context=requeueable deps ti=<TaskInstance: import_main_data.wait_for_init scheduled__2024-07-05T12:00:00+00:00 [queued]>
[2024-07-06T18:10:35.324+0000] {taskinstance.py:1308} INFO - Starting attempt 1 of 2
[2024-07-06T18:10:35.335+0000] {taskinstance.py:1327} INFO - Executing <Task(ExternalTaskSensor): wait_for_init> on 2024-07-05 12:00:00+00:00
[2024-07-06T18:10:35.338+0000] {standard_task_runner.py:57} INFO - Started process 648 to run task
[2024-07-06T18:10:35.341+0000] {standard_task_runner.py:84} INFO - Running: ['airflow', 'tasks', 'run', 'import_main_data', 'wait_for_init', 'scheduled__2024-07-05T12:00:00+00:00', '--job-id', '814', '--raw', '--subdir', 'DAGS_FOLDER/import_raw_data.py', '--cfg-path', '/tmp/tmph0s7zaw1']
[2024-07-06T18:10:35.342+0000] {standard_task_runner.py:85} INFO - Job 814: Subtask wait_for_init
[2024-07-06T18:10:35.372+0000] {task_command.py:410} INFO - Running <TaskInstance: import_main_data.wait_for_init scheduled__2024-07-05T12:00:00+00:00 [running]> on host f6bf59d3e65b
[2024-07-06T18:10:35.421+0000] {taskinstance.py:1545} INFO - Exporting env vars: AIRFLOW_CTX_DAG_EMAIL='airflow@example.com' AIRFLOW_CTX_DAG_OWNER='airflow' AIRFLOW_CTX_DAG_ID='import_main_data' AIRFLOW_CTX_TASK_ID='wait_for_init' AIRFLOW_CTX_EXECUTION_DATE='2024-07-05T12:00:00+00:00' AIRFLOW_CTX_TRY_NUMBER='1' AIRFLOW_CTX_DAG_RUN_ID='scheduled__2024-07-05T12:00:00+00:00'
[2024-07-06T18:10:35.429+0000] {external_task.py:247} INFO - Poking for DAG 'initialize_etl_environment' on 2024-07-05T12:00:00+00:00 ... 
[2024-07-06T18:10:35.474+0000] {taskinstance.py:1784} INFO - Rescheduling task, marking task as UP_FOR_RESCHEDULE
[2024-07-06T18:10:35.486+0000] {local_task_job_runner.py:225} INFO - Task exited with return code 0
[2024-07-06T18:10:35.499+0000] {taskinstance.py:2651} INFO - 0 downstream tasks scheduled from follow-on schedule check
[2024-07-06T18:11:36.928+0000] {taskinstance.py:1103} INFO - Dependencies all met for dep_context=non-requeueable deps ti=<TaskInstance: import_main_data.wait_for_init scheduled__2024-07-05T12:00:00+00:00 [queued]>
[2024-07-06T18:11:36.931+0000] {taskinstance.py:1103} INFO - Dependencies all met for dep_context=requeueable deps ti=<TaskInstance: import_main_data.wait_for_init scheduled__2024-07-05T12:00:00+00:00 [queued]>
[2024-07-06T18:11:36.931+0000] {taskinstance.py:1308} INFO - Starting attempt 1 of 2
[2024-07-06T18:11:36.935+0000] {taskinstance.py:1327} INFO - Executing <Task(ExternalTaskSensor): wait_for_init> on 2024-07-05 12:00:00+00:00
[2024-07-06T18:11:36.936+0000] {standard_task_runner.py:57} INFO - Started process 712 to run task
[2024-07-06T18:11:36.937+0000] {standard_task_runner.py:84} INFO - Running: ['airflow', 'tasks', 'run', 'import_main_data', 'wait_for_init', 'scheduled__2024-07-05T12:00:00+00:00', '--job-id', '830', '--raw', '--subdir', 'DAGS_FOLDER/import_raw_data.py', '--cfg-path', '/tmp/tmp782znv13']
[2024-07-06T18:11:36.938+0000] {standard_task_runner.py:85} INFO - Job 830: Subtask wait_for_init
[2024-07-06T18:11:36.956+0000] {task_command.py:410} INFO - Running <TaskInstance: import_main_data.wait_for_init scheduled__2024-07-05T12:00:00+00:00 [running]> on host f6bf59d3e65b
[2024-07-06T18:11:36.988+0000] {taskinstance.py:1545} INFO - Exporting env vars: AIRFLOW_CTX_DAG_EMAIL='airflow@example.com' AIRFLOW_CTX_DAG_OWNER='airflow' AIRFLOW_CTX_DAG_ID='import_main_data' AIRFLOW_CTX_TASK_ID='wait_for_init' AIRFLOW_CTX_EXECUTION_DATE='2024-07-05T12:00:00+00:00' AIRFLOW_CTX_TRY_NUMBER='1' AIRFLOW_CTX_DAG_RUN_ID='scheduled__2024-07-05T12:00:00+00:00'
[2024-07-06T18:11:36.992+0000] {external_task.py:247} INFO - Poking for DAG 'initialize_etl_environment' on 2024-07-05T12:00:00+00:00 ... 
[2024-07-06T18:11:37.003+0000] {taskinstance.py:1784} INFO - Rescheduling task, marking task as UP_FOR_RESCHEDULE
[2024-07-06T18:11:37.037+0000] {local_task_job_runner.py:225} INFO - Task exited with return code 0
[2024-07-06T18:11:37.050+0000] {taskinstance.py:2651} INFO - 0 downstream tasks scheduled from follow-on schedule check
[2024-07-06T18:12:38.079+0000] {taskinstance.py:1103} INFO - Dependencies all met for dep_context=non-requeueable deps ti=<TaskInstance: import_main_data.wait_for_init scheduled__2024-07-05T12:00:00+00:00 [queued]>
[2024-07-06T18:12:38.082+0000] {taskinstance.py:1103} INFO - Dependencies all met for dep_context=requeueable deps ti=<TaskInstance: import_main_data.wait_for_init scheduled__2024-07-05T12:00:00+00:00 [queued]>
[2024-07-06T18:12:38.083+0000] {taskinstance.py:1308} INFO - Starting attempt 1 of 2
[2024-07-06T18:12:38.086+0000] {taskinstance.py:1327} INFO - Executing <Task(ExternalTaskSensor): wait_for_init> on 2024-07-05 12:00:00+00:00
[2024-07-06T18:12:38.088+0000] {standard_task_runner.py:57} INFO - Started process 776 to run task
[2024-07-06T18:12:38.089+0000] {standard_task_runner.py:84} INFO - Running: ['airflow', 'tasks', 'run', 'import_main_data', 'wait_for_init', 'scheduled__2024-07-05T12:00:00+00:00', '--job-id', '846', '--raw', '--subdir', 'DAGS_FOLDER/import_raw_data.py', '--cfg-path', '/tmp/tmprkqa61q1']
[2024-07-06T18:12:38.090+0000] {standard_task_runner.py:85} INFO - Job 846: Subtask wait_for_init
[2024-07-06T18:12:38.110+0000] {task_command.py:410} INFO - Running <TaskInstance: import_main_data.wait_for_init scheduled__2024-07-05T12:00:00+00:00 [running]> on host f6bf59d3e65b
[2024-07-06T18:12:38.141+0000] {taskinstance.py:1545} INFO - Exporting env vars: AIRFLOW_CTX_DAG_EMAIL='airflow@example.com' AIRFLOW_CTX_DAG_OWNER='airflow' AIRFLOW_CTX_DAG_ID='import_main_data' AIRFLOW_CTX_TASK_ID='wait_for_init' AIRFLOW_CTX_EXECUTION_DATE='2024-07-05T12:00:00+00:00' AIRFLOW_CTX_TRY_NUMBER='1' AIRFLOW_CTX_DAG_RUN_ID='scheduled__2024-07-05T12:00:00+00:00'
[2024-07-06T18:12:38.145+0000] {external_task.py:247} INFO - Poking for DAG 'initialize_etl_environment' on 2024-07-05T12:00:00+00:00 ... 
[2024-07-06T18:12:38.156+0000] {taskinstance.py:1784} INFO - Rescheduling task, marking task as UP_FOR_RESCHEDULE
[2024-07-06T18:12:38.190+0000] {local_task_job_runner.py:225} INFO - Task exited with return code 0
[2024-07-06T18:12:38.201+0000] {taskinstance.py:2651} INFO - 0 downstream tasks scheduled from follow-on schedule check
[2024-07-06T18:13:40.325+0000] {taskinstance.py:1103} INFO - Dependencies all met for dep_context=non-requeueable deps ti=<TaskInstance: import_main_data.wait_for_init scheduled__2024-07-05T12:00:00+00:00 [queued]>
[2024-07-06T18:13:40.328+0000] {taskinstance.py:1103} INFO - Dependencies all met for dep_context=requeueable deps ti=<TaskInstance: import_main_data.wait_for_init scheduled__2024-07-05T12:00:00+00:00 [queued]>
[2024-07-06T18:13:40.329+0000] {taskinstance.py:1308} INFO - Starting attempt 1 of 2
[2024-07-06T18:13:40.333+0000] {taskinstance.py:1327} INFO - Executing <Task(ExternalTaskSensor): wait_for_init> on 2024-07-05 12:00:00+00:00
[2024-07-06T18:13:40.334+0000] {standard_task_runner.py:57} INFO - Started process 840 to run task
[2024-07-06T18:13:40.336+0000] {standard_task_runner.py:84} INFO - Running: ['airflow', 'tasks', 'run', 'import_main_data', 'wait_for_init', 'scheduled__2024-07-05T12:00:00+00:00', '--job-id', '862', '--raw', '--subdir', 'DAGS_FOLDER/import_raw_data.py', '--cfg-path', '/tmp/tmp93sw0jj7']
[2024-07-06T18:13:40.336+0000] {standard_task_runner.py:85} INFO - Job 862: Subtask wait_for_init
[2024-07-06T18:13:40.356+0000] {task_command.py:410} INFO - Running <TaskInstance: import_main_data.wait_for_init scheduled__2024-07-05T12:00:00+00:00 [running]> on host f6bf59d3e65b
[2024-07-06T18:13:40.389+0000] {taskinstance.py:1545} INFO - Exporting env vars: AIRFLOW_CTX_DAG_EMAIL='airflow@example.com' AIRFLOW_CTX_DAG_OWNER='airflow' AIRFLOW_CTX_DAG_ID='import_main_data' AIRFLOW_CTX_TASK_ID='wait_for_init' AIRFLOW_CTX_EXECUTION_DATE='2024-07-05T12:00:00+00:00' AIRFLOW_CTX_TRY_NUMBER='1' AIRFLOW_CTX_DAG_RUN_ID='scheduled__2024-07-05T12:00:00+00:00'
[2024-07-06T18:13:40.394+0000] {external_task.py:247} INFO - Poking for DAG 'initialize_etl_environment' on 2024-07-05T12:00:00+00:00 ... 
[2024-07-06T18:13:40.405+0000] {taskinstance.py:1784} INFO - Rescheduling task, marking task as UP_FOR_RESCHEDULE
[2024-07-06T18:13:40.436+0000] {local_task_job_runner.py:225} INFO - Task exited with return code 0
[2024-07-06T18:13:40.448+0000] {taskinstance.py:2651} INFO - 0 downstream tasks scheduled from follow-on schedule check
