[2024-07-03T00:19:42.232+0000] {taskinstance.py:1103} INFO - Dependencies all met for dep_context=non-requeueable deps ti=<TaskInstance: ecomm_data_pipeline.generate_data scheduled__2024-07-02T03:40:00+00:00 [queued]>
[2024-07-03T00:19:42.235+0000] {taskinstance.py:1103} INFO - Dependencies all met for dep_context=requeueable deps ti=<TaskInstance: ecomm_data_pipeline.generate_data scheduled__2024-07-02T03:40:00+00:00 [queued]>
[2024-07-03T00:19:42.236+0000] {taskinstance.py:1308} INFO - Starting attempt 1 of 2
[2024-07-03T00:19:42.240+0000] {taskinstance.py:1327} INFO - Executing <Task(PythonOperator): generate_data> on 2024-07-02 03:40:00+00:00
[2024-07-03T00:19:42.241+0000] {standard_task_runner.py:57} INFO - Started process 476 to run task
[2024-07-03T00:19:42.242+0000] {standard_task_runner.py:84} INFO - Running: ['airflow', 'tasks', 'run', 'ecomm_data_pipeline', 'generate_data', 'scheduled__2024-07-02T03:40:00+00:00', '--job-id', '207', '--raw', '--subdir', 'DAGS_FOLDER/ecomm_dag.py', '--cfg-path', '/tmp/tmpxbth4ohd']
[2024-07-03T00:19:42.243+0000] {standard_task_runner.py:85} INFO - Job 207: Subtask generate_data
[2024-07-03T00:19:42.262+0000] {task_command.py:410} INFO - Running <TaskInstance: ecomm_data_pipeline.generate_data scheduled__2024-07-02T03:40:00+00:00 [running]> on host a91436ab9950
[2024-07-03T00:19:42.300+0000] {taskinstance.py:1545} INFO - Exporting env vars: AIRFLOW_CTX_DAG_OWNER='airflow' AIRFLOW_CTX_DAG_ID='ecomm_data_pipeline' AIRFLOW_CTX_TASK_ID='generate_data' AIRFLOW_CTX_EXECUTION_DATE='2024-07-02T03:40:00+00:00' AIRFLOW_CTX_TRY_NUMBER='1' AIRFLOW_CTX_DAG_RUN_ID='scheduled__2024-07-02T03:40:00+00:00'
[2024-07-03T00:19:42.300+0000] {logging_mixin.py:149} INFO - Running data generation script...
[2024-07-03T00:19:42.808+0000] {logging_mixin.py:149} INFO - 2024-07-03 00:19:42,539 - INFO - Generating fake user data...
2024-07-03 00:19:42,625 - INFO - Generated 343 users.
2024-07-03 00:19:42,625 - INFO - Generating fake clickstream events...
2024-07-03 00:19:42,626 - INFO - Generated 48 clickstream events.
2024-07-03 00:19:42,626 - INFO - Generating fake transaction data...
2024-07-03 00:19:42,627 - INFO - Generated 94 transaction data records.
2024-07-03 00:19:42,627 - INFO - Generating fake Google Search marketing data...
2024-07-03 00:19:42,642 - INFO - Generated 1000 Google Search marketing data records.
2024-07-03 00:19:42,642 - INFO - Generating fake Email Marketing data...
2024-07-03 00:19:42,752 - INFO - Generated 1000 Email Marketing data records.
2024-07-03 00:19:42,752 - INFO - Generating fake Facebook data...
2024-07-03 00:19:42,769 - INFO - Generated 1000 Facebook data records.
2024-07-03 00:19:42,769 - INFO - Writing generated data to JSON files...
2024-07-03 00:19:42,801 - INFO - Data generation complete. Sleeping for 10 minutes...
[2024-07-03T00:19:42.808+0000] {python.py:183} INFO - Done. Returned value was: None
[2024-07-03T00:19:42.815+0000] {taskinstance.py:1345} INFO - Marking task as SUCCESS. dag_id=ecomm_data_pipeline, task_id=generate_data, execution_date=20240702T034000, start_date=20240703T001942, end_date=20240703T001942
[2024-07-03T00:19:42.858+0000] {local_task_job_runner.py:225} INFO - Task exited with return code 0
[2024-07-03T00:19:42.870+0000] {taskinstance.py:2651} INFO - 6 downstream tasks scheduled from follow-on schedule check
