[2024-06-27T22:36:41.626+0000] {local_task_job_runner.py:120} INFO - ::group::Pre task execution logs
[2024-06-27T22:36:41.636+0000] {taskinstance.py:2076} INFO - Dependencies all met for dep_context=non-requeueable deps ti=<TaskInstance: ecomm_data_pipeline.generate_and_insert_data scheduled__2023-01-01T18:40:00+00:00 [queued]>
[2024-06-27T22:36:41.639+0000] {taskinstance.py:2076} INFO - Dependencies all met for dep_context=requeueable deps ti=<TaskInstance: ecomm_data_pipeline.generate_and_insert_data scheduled__2023-01-01T18:40:00+00:00 [queued]>
[2024-06-27T22:36:41.639+0000] {taskinstance.py:2306} INFO - Starting attempt 1 of 2
[2024-06-27T22:36:41.644+0000] {taskinstance.py:2330} INFO - Executing <Task(PythonOperator): generate_and_insert_data> on 2023-01-01 18:40:00+00:00
[2024-06-27T22:36:41.645+0000] {standard_task_runner.py:63} INFO - Started process 1902 to run task
[2024-06-27T22:36:41.646+0000] {standard_task_runner.py:90} INFO - Running: ['airflow', 'tasks', 'run', 'ecomm_data_pipeline', 'generate_and_insert_data', 'scheduled__2023-01-01T18:40:00+00:00', '--job-id', '131', '--raw', '--subdir', 'DAGS_FOLDER/ecomm_dag.py', '--cfg-path', '/tmp/tmptp6ddnlt']
[2024-06-27T22:36:41.647+0000] {standard_task_runner.py:91} INFO - Job 131: Subtask generate_and_insert_data
[2024-06-27T22:36:41.664+0000] {task_command.py:426} INFO - Running <TaskInstance: ecomm_data_pipeline.generate_and_insert_data scheduled__2023-01-01T18:40:00+00:00 [running]> on host 9174587f6b1d
[2024-06-27T22:36:41.693+0000] {taskinstance.py:2648} INFO - Exporting env vars: AIRFLOW_CTX_DAG_OWNER='airflow' AIRFLOW_CTX_DAG_ID='ecomm_data_pipeline' AIRFLOW_CTX_TASK_ID='generate_and_insert_data' AIRFLOW_CTX_EXECUTION_DATE='2023-01-01T18:40:00+00:00' AIRFLOW_CTX_TRY_NUMBER='1' AIRFLOW_CTX_DAG_RUN_ID='scheduled__2023-01-01T18:40:00+00:00'
[2024-06-27T22:36:41.693+0000] {taskinstance.py:430} INFO - ::endgroup::
[2024-06-27T22:36:41.726+0000] {logging_mixin.py:188} INFO - Error in generate_and_insert_data: Command '['python3', './generator/ecomm_generator.py']' returned non-zero exit status 2.
[2024-06-27T22:36:41.726+0000] {python.py:237} INFO - Done. Returned value was: None
[2024-06-27T22:36:41.727+0000] {taskinstance.py:441} INFO - ::group::Post task execution logs
[2024-06-27T22:36:41.731+0000] {taskinstance.py:1206} INFO - Marking task as SUCCESS. dag_id=ecomm_data_pipeline, task_id=generate_and_insert_data, run_id=scheduled__2023-01-01T18:40:00+00:00, execution_date=20230101T184000, start_date=20240627T223641, end_date=20240627T223641
[2024-06-27T22:36:41.755+0000] {local_task_job_runner.py:240} INFO - Task exited with return code 0
[2024-06-27T22:36:41.762+0000] {taskinstance.py:3503} INFO - 0 downstream tasks scheduled from follow-on schedule check
[2024-06-27T22:36:41.763+0000] {local_task_job_runner.py:222} INFO - ::endgroup::
[2024-06-29T21:40:08.081+0000] {local_task_job_runner.py:120} INFO - ::group::Pre task execution logs
[2024-06-29T21:40:08.093+0000] {taskinstance.py:2076} INFO - Dependencies all met for dep_context=non-requeueable deps ti=<TaskInstance: ecomm_data_pipeline.generate_and_insert_data scheduled__2023-01-01T18:40:00+00:00 [queued]>
[2024-06-29T21:40:08.096+0000] {taskinstance.py:2076} INFO - Dependencies all met for dep_context=requeueable deps ti=<TaskInstance: ecomm_data_pipeline.generate_and_insert_data scheduled__2023-01-01T18:40:00+00:00 [queued]>
[2024-06-29T21:40:08.096+0000] {taskinstance.py:2306} INFO - Starting attempt 1 of 2
[2024-06-29T21:40:08.102+0000] {taskinstance.py:2330} INFO - Executing <Task(PythonOperator): generate_and_insert_data> on 2023-01-01 18:40:00+00:00
[2024-06-29T21:40:08.104+0000] {standard_task_runner.py:63} INFO - Started process 1672 to run task
[2024-06-29T21:40:08.105+0000] {standard_task_runner.py:90} INFO - Running: ['airflow', 'tasks', 'run', 'ecomm_data_pipeline', 'generate_and_insert_data', 'scheduled__2023-01-01T18:40:00+00:00', '--job-id', '114', '--raw', '--subdir', 'DAGS_FOLDER/ecomm_dag.py', '--cfg-path', '/tmp/tmphfqffadz']
[2024-06-29T21:40:08.106+0000] {standard_task_runner.py:91} INFO - Job 114: Subtask generate_and_insert_data
[2024-06-29T21:40:08.126+0000] {task_command.py:426} INFO - Running <TaskInstance: ecomm_data_pipeline.generate_and_insert_data scheduled__2023-01-01T18:40:00+00:00 [running]> on host afcb6fbf9265
[2024-06-29T21:40:08.156+0000] {taskinstance.py:2648} INFO - Exporting env vars: AIRFLOW_CTX_DAG_OWNER='airflow' AIRFLOW_CTX_DAG_ID='ecomm_data_pipeline' AIRFLOW_CTX_TASK_ID='generate_and_insert_data' AIRFLOW_CTX_EXECUTION_DATE='2023-01-01T18:40:00+00:00' AIRFLOW_CTX_TRY_NUMBER='1' AIRFLOW_CTX_DAG_RUN_ID='scheduled__2023-01-01T18:40:00+00:00'
[2024-06-29T21:40:08.157+0000] {taskinstance.py:430} INFO - ::endgroup::
[2024-06-29T21:40:08.213+0000] {logging_mixin.py:188} INFO - Error in generate_and_insert_data: Command '['python3', '/opt/airflow/generator/ecomm_generator.py']' returned non-zero exit status 1.
[2024-06-29T21:40:08.213+0000] {logging_mixin.py:188} INFO - stdout: 
[2024-06-29T21:40:08.214+0000] {logging_mixin.py:188} INFO - stderr: Traceback (most recent call last):
  File "/opt/airflow/generator/ecomm_generator.py", line 4, in <module>
    from faker import Faker
ModuleNotFoundError: No module named 'faker'
[2024-06-29T21:40:08.214+0000] {python.py:237} INFO - Done. Returned value was: None
[2024-06-29T21:40:08.214+0000] {taskinstance.py:441} INFO - ::group::Post task execution logs
[2024-06-29T21:40:08.219+0000] {taskinstance.py:1206} INFO - Marking task as SUCCESS. dag_id=ecomm_data_pipeline, task_id=generate_and_insert_data, run_id=scheduled__2023-01-01T18:40:00+00:00, execution_date=20230101T184000, start_date=20240629T214008, end_date=20240629T214008
[2024-06-29T21:40:08.251+0000] {local_task_job_runner.py:240} INFO - Task exited with return code 0
[2024-06-29T21:40:08.259+0000] {taskinstance.py:3503} INFO - 0 downstream tasks scheduled from follow-on schedule check
[2024-06-29T21:40:08.259+0000] {local_task_job_runner.py:222} INFO - ::endgroup::
[2024-06-29T22:03:56.470+0000] {local_task_job_runner.py:120} INFO - ::group::Pre task execution logs
[2024-06-29T22:03:56.482+0000] {taskinstance.py:2076} INFO - Dependencies all met for dep_context=non-requeueable deps ti=<TaskInstance: ecomm_data_pipeline.generate_and_insert_data scheduled__2023-01-01T18:40:00+00:00 [queued]>
[2024-06-29T22:03:56.485+0000] {taskinstance.py:2076} INFO - Dependencies all met for dep_context=requeueable deps ti=<TaskInstance: ecomm_data_pipeline.generate_and_insert_data scheduled__2023-01-01T18:40:00+00:00 [queued]>
[2024-06-29T22:03:56.485+0000] {taskinstance.py:2306} INFO - Starting attempt 1 of 2
[2024-06-29T22:03:56.489+0000] {taskinstance.py:2330} INFO - Executing <Task(PythonOperator): generate_and_insert_data> on 2023-01-01 18:40:00+00:00
[2024-06-29T22:03:56.492+0000] {standard_task_runner.py:63} INFO - Started process 1672 to run task
[2024-06-29T22:03:56.493+0000] {standard_task_runner.py:90} INFO - Running: ['airflow', 'tasks', 'run', 'ecomm_data_pipeline', 'generate_and_insert_data', 'scheduled__2023-01-01T18:40:00+00:00', '--job-id', '114', '--raw', '--subdir', 'DAGS_FOLDER/ecomm_dag.py', '--cfg-path', '/tmp/tmpalcwf0r9']
[2024-06-29T22:03:56.494+0000] {standard_task_runner.py:91} INFO - Job 114: Subtask generate_and_insert_data
[2024-06-29T22:03:56.514+0000] {task_command.py:426} INFO - Running <TaskInstance: ecomm_data_pipeline.generate_and_insert_data scheduled__2023-01-01T18:40:00+00:00 [running]> on host 799998b0d26e
[2024-06-29T22:03:56.563+0000] {taskinstance.py:2648} INFO - Exporting env vars: AIRFLOW_CTX_DAG_OWNER='airflow' AIRFLOW_CTX_DAG_ID='ecomm_data_pipeline' AIRFLOW_CTX_TASK_ID='generate_and_insert_data' AIRFLOW_CTX_EXECUTION_DATE='2023-01-01T18:40:00+00:00' AIRFLOW_CTX_TRY_NUMBER='1' AIRFLOW_CTX_DAG_RUN_ID='scheduled__2023-01-01T18:40:00+00:00'
[2024-06-29T22:03:56.563+0000] {taskinstance.py:430} INFO - ::endgroup::
[2024-06-29T22:03:56.625+0000] {logging_mixin.py:188} INFO - Error in generate_and_insert_data: Command '['python3', '/opt/airflow/generator/ecomm_generator.py']' returned non-zero exit status 1.
[2024-06-29T22:03:56.625+0000] {logging_mixin.py:188} INFO - stdout: 
[2024-06-29T22:03:56.625+0000] {logging_mixin.py:188} INFO - stderr: Traceback (most recent call last):
  File "/opt/airflow/generator/ecomm_generator.py", line 4, in <module>
    from faker import Faker
ModuleNotFoundError: No module named 'faker'
[2024-06-29T22:03:56.626+0000] {python.py:237} INFO - Done. Returned value was: None
[2024-06-29T22:03:56.626+0000] {taskinstance.py:441} INFO - ::group::Post task execution logs
[2024-06-29T22:03:56.631+0000] {taskinstance.py:1206} INFO - Marking task as SUCCESS. dag_id=ecomm_data_pipeline, task_id=generate_and_insert_data, run_id=scheduled__2023-01-01T18:40:00+00:00, execution_date=20230101T184000, start_date=20240629T220356, end_date=20240629T220356
[2024-06-29T22:03:56.678+0000] {local_task_job_runner.py:240} INFO - Task exited with return code 0
[2024-06-29T22:03:56.685+0000] {taskinstance.py:3503} INFO - 0 downstream tasks scheduled from follow-on schedule check
[2024-06-29T22:03:56.686+0000] {local_task_job_runner.py:222} INFO - ::endgroup::
