[2024-06-27T22:52:35.844+0000] {local_task_job_runner.py:120} INFO - ::group::Pre task execution logs
[2024-06-27T22:52:35.854+0000] {taskinstance.py:2076} INFO - Dependencies all met for dep_context=non-requeueable deps ti=<TaskInstance: example_dag.generate_and_insert_data scheduled__2023-01-01T03:00:00+00:00 [queued]>
[2024-06-27T22:52:35.856+0000] {taskinstance.py:2076} INFO - Dependencies all met for dep_context=requeueable deps ti=<TaskInstance: example_dag.generate_and_insert_data scheduled__2023-01-01T03:00:00+00:00 [queued]>
[2024-06-27T22:52:35.856+0000] {taskinstance.py:2306} INFO - Starting attempt 1 of 2
[2024-06-27T22:52:35.861+0000] {taskinstance.py:2330} INFO - Executing <Task(PythonOperator): generate_and_insert_data> on 2023-01-01 03:00:00+00:00
[2024-06-27T22:52:35.862+0000] {standard_task_runner.py:63} INFO - Started process 561 to run task
[2024-06-27T22:52:35.863+0000] {standard_task_runner.py:90} INFO - Running: ['airflow', 'tasks', 'run', 'example_dag', 'generate_and_insert_data', 'scheduled__2023-01-01T03:00:00+00:00', '--job-id', '39', '--raw', '--subdir', 'DAGS_FOLDER/example_dag.py', '--cfg-path', '/tmp/tmp4hzdjddz']
[2024-06-27T22:52:35.864+0000] {standard_task_runner.py:91} INFO - Job 39: Subtask generate_and_insert_data
[2024-06-27T22:52:35.880+0000] {task_command.py:426} INFO - Running <TaskInstance: example_dag.generate_and_insert_data scheduled__2023-01-01T03:00:00+00:00 [running]> on host a70edf9d8581
[2024-06-27T22:52:35.908+0000] {taskinstance.py:2648} INFO - Exporting env vars: AIRFLOW_CTX_DAG_OWNER='airflow' AIRFLOW_CTX_DAG_ID='example_dag' AIRFLOW_CTX_TASK_ID='generate_and_insert_data' AIRFLOW_CTX_EXECUTION_DATE='2023-01-01T03:00:00+00:00' AIRFLOW_CTX_TRY_NUMBER='1' AIRFLOW_CTX_DAG_RUN_ID='scheduled__2023-01-01T03:00:00+00:00'
[2024-06-27T22:52:35.909+0000] {taskinstance.py:430} INFO - ::endgroup::
[2024-06-27T22:52:35.913+0000] {python.py:237} INFO - Done. Returned value was: None
[2024-06-27T22:52:35.913+0000] {taskinstance.py:441} INFO - ::group::Post task execution logs
[2024-06-27T22:52:35.917+0000] {taskinstance.py:1206} INFO - Marking task as SUCCESS. dag_id=example_dag, task_id=generate_and_insert_data, run_id=scheduled__2023-01-01T03:00:00+00:00, execution_date=20230101T030000, start_date=20240627T225235, end_date=20240627T225235
[2024-06-27T22:52:35.924+0000] {local_task_job_runner.py:240} INFO - Task exited with return code 0
[2024-06-27T22:52:35.930+0000] {taskinstance.py:3503} INFO - 0 downstream tasks scheduled from follow-on schedule check
[2024-06-27T22:52:35.930+0000] {local_task_job_runner.py:222} INFO - ::endgroup::
[2024-06-27T23:09:58.813+0000] {local_task_job_runner.py:120} INFO - ::group::Pre task execution logs
[2024-06-27T23:09:58.824+0000] {taskinstance.py:2076} INFO - Dependencies all met for dep_context=non-requeueable deps ti=<TaskInstance: example_dag.generate_and_insert_data scheduled__2023-01-01T03:00:00+00:00 [queued]>
[2024-06-27T23:09:58.827+0000] {taskinstance.py:2076} INFO - Dependencies all met for dep_context=requeueable deps ti=<TaskInstance: example_dag.generate_and_insert_data scheduled__2023-01-01T03:00:00+00:00 [queued]>
[2024-06-27T23:09:58.827+0000] {taskinstance.py:2306} INFO - Starting attempt 1 of 2
[2024-06-27T23:09:58.832+0000] {taskinstance.py:2330} INFO - Executing <Task(PythonOperator): generate_and_insert_data> on 2023-01-01 03:00:00+00:00
[2024-06-27T23:09:58.833+0000] {standard_task_runner.py:63} INFO - Started process 547 to run task
[2024-06-27T23:09:58.834+0000] {standard_task_runner.py:90} INFO - Running: ['airflow', 'tasks', 'run', 'example_dag', 'generate_and_insert_data', 'scheduled__2023-01-01T03:00:00+00:00', '--job-id', '38', '--raw', '--subdir', 'DAGS_FOLDER/example_dag.py', '--cfg-path', '/tmp/tmpzolrv2oe']
[2024-06-27T23:09:58.835+0000] {standard_task_runner.py:91} INFO - Job 38: Subtask generate_and_insert_data
[2024-06-27T23:09:58.852+0000] {task_command.py:426} INFO - Running <TaskInstance: example_dag.generate_and_insert_data scheduled__2023-01-01T03:00:00+00:00 [running]> on host 7147f8a4dc9f
[2024-06-27T23:09:58.883+0000] {taskinstance.py:2648} INFO - Exporting env vars: AIRFLOW_CTX_DAG_OWNER='airflow' AIRFLOW_CTX_DAG_ID='example_dag' AIRFLOW_CTX_TASK_ID='generate_and_insert_data' AIRFLOW_CTX_EXECUTION_DATE='2023-01-01T03:00:00+00:00' AIRFLOW_CTX_TRY_NUMBER='1' AIRFLOW_CTX_DAG_RUN_ID='scheduled__2023-01-01T03:00:00+00:00'
[2024-06-27T23:09:58.883+0000] {taskinstance.py:430} INFO - ::endgroup::
[2024-06-27T23:09:58.887+0000] {python.py:237} INFO - Done. Returned value was: None
[2024-06-27T23:09:58.888+0000] {taskinstance.py:441} INFO - ::group::Post task execution logs
[2024-06-27T23:09:58.892+0000] {taskinstance.py:1206} INFO - Marking task as SUCCESS. dag_id=example_dag, task_id=generate_and_insert_data, run_id=scheduled__2023-01-01T03:00:00+00:00, execution_date=20230101T030000, start_date=20240627T230958, end_date=20240627T230958
[2024-06-27T23:09:58.938+0000] {local_task_job_runner.py:240} INFO - Task exited with return code 0
[2024-06-27T23:09:58.946+0000] {taskinstance.py:3503} INFO - 0 downstream tasks scheduled from follow-on schedule check
[2024-06-27T23:09:58.946+0000] {local_task_job_runner.py:222} INFO - ::endgroup::
[2024-06-28T18:13:54.246+0000] {local_task_job_runner.py:120} INFO - ::group::Pre task execution logs
[2024-06-28T18:13:54.256+0000] {taskinstance.py:2076} INFO - Dependencies all met for dep_context=non-requeueable deps ti=<TaskInstance: example_dag.generate_and_insert_data scheduled__2023-01-01T03:00:00+00:00 [queued]>
[2024-06-28T18:13:54.259+0000] {taskinstance.py:2076} INFO - Dependencies all met for dep_context=requeueable deps ti=<TaskInstance: example_dag.generate_and_insert_data scheduled__2023-01-01T03:00:00+00:00 [queued]>
[2024-06-28T18:13:54.259+0000] {taskinstance.py:2306} INFO - Starting attempt 1 of 2
[2024-06-28T18:13:54.263+0000] {taskinstance.py:2330} INFO - Executing <Task(PythonOperator): generate_and_insert_data> on 2023-01-01 03:00:00+00:00
[2024-06-28T18:13:54.265+0000] {standard_task_runner.py:63} INFO - Started process 561 to run task
[2024-06-28T18:13:54.266+0000] {standard_task_runner.py:90} INFO - Running: ['airflow', 'tasks', 'run', 'example_dag', 'generate_and_insert_data', 'scheduled__2023-01-01T03:00:00+00:00', '--job-id', '39', '--raw', '--subdir', 'DAGS_FOLDER/example_dag.py', '--cfg-path', '/tmp/tmpxbx4e0bd']
[2024-06-28T18:13:54.266+0000] {standard_task_runner.py:91} INFO - Job 39: Subtask generate_and_insert_data
[2024-06-28T18:13:54.283+0000] {task_command.py:426} INFO - Running <TaskInstance: example_dag.generate_and_insert_data scheduled__2023-01-01T03:00:00+00:00 [running]> on host 08cefd381a1f
[2024-06-28T18:13:54.310+0000] {taskinstance.py:2648} INFO - Exporting env vars: AIRFLOW_CTX_DAG_OWNER='airflow' AIRFLOW_CTX_DAG_ID='example_dag' AIRFLOW_CTX_TASK_ID='generate_and_insert_data' AIRFLOW_CTX_EXECUTION_DATE='2023-01-01T03:00:00+00:00' AIRFLOW_CTX_TRY_NUMBER='1' AIRFLOW_CTX_DAG_RUN_ID='scheduled__2023-01-01T03:00:00+00:00'
[2024-06-28T18:13:54.310+0000] {taskinstance.py:430} INFO - ::endgroup::
[2024-06-28T18:13:54.315+0000] {python.py:237} INFO - Done. Returned value was: None
[2024-06-28T18:13:54.315+0000] {taskinstance.py:441} INFO - ::group::Post task execution logs
[2024-06-28T18:13:54.319+0000] {taskinstance.py:1206} INFO - Marking task as SUCCESS. dag_id=example_dag, task_id=generate_and_insert_data, run_id=scheduled__2023-01-01T03:00:00+00:00, execution_date=20230101T030000, start_date=20240628T181354, end_date=20240628T181354
[2024-06-28T18:13:54.326+0000] {local_task_job_runner.py:240} INFO - Task exited with return code 0
[2024-06-28T18:13:54.333+0000] {taskinstance.py:3503} INFO - 0 downstream tasks scheduled from follow-on schedule check
[2024-06-28T18:13:54.334+0000] {local_task_job_runner.py:222} INFO - ::endgroup::
[2024-06-28T18:21:10.299+0000] {local_task_job_runner.py:120} INFO - ::group::Pre task execution logs
[2024-06-28T18:21:10.310+0000] {taskinstance.py:2076} INFO - Dependencies all met for dep_context=non-requeueable deps ti=<TaskInstance: example_dag.generate_and_insert_data scheduled__2023-01-01T03:00:00+00:00 [queued]>
[2024-06-28T18:21:10.312+0000] {taskinstance.py:2076} INFO - Dependencies all met for dep_context=requeueable deps ti=<TaskInstance: example_dag.generate_and_insert_data scheduled__2023-01-01T03:00:00+00:00 [queued]>
[2024-06-28T18:21:10.312+0000] {taskinstance.py:2306} INFO - Starting attempt 1 of 2
[2024-06-28T18:21:10.317+0000] {taskinstance.py:2330} INFO - Executing <Task(PythonOperator): generate_and_insert_data> on 2023-01-01 03:00:00+00:00
[2024-06-28T18:21:10.318+0000] {standard_task_runner.py:63} INFO - Started process 563 to run task
[2024-06-28T18:21:10.320+0000] {standard_task_runner.py:90} INFO - Running: ['airflow', 'tasks', 'run', 'example_dag', 'generate_and_insert_data', 'scheduled__2023-01-01T03:00:00+00:00', '--job-id', '39', '--raw', '--subdir', 'DAGS_FOLDER/example_dag.py', '--cfg-path', '/tmp/tmpw92ksoi1']
[2024-06-28T18:21:10.320+0000] {standard_task_runner.py:91} INFO - Job 39: Subtask generate_and_insert_data
[2024-06-28T18:21:10.337+0000] {task_command.py:426} INFO - Running <TaskInstance: example_dag.generate_and_insert_data scheduled__2023-01-01T03:00:00+00:00 [running]> on host 6570e5857071
[2024-06-28T18:21:10.364+0000] {taskinstance.py:2648} INFO - Exporting env vars: AIRFLOW_CTX_DAG_OWNER='airflow' AIRFLOW_CTX_DAG_ID='example_dag' AIRFLOW_CTX_TASK_ID='generate_and_insert_data' AIRFLOW_CTX_EXECUTION_DATE='2023-01-01T03:00:00+00:00' AIRFLOW_CTX_TRY_NUMBER='1' AIRFLOW_CTX_DAG_RUN_ID='scheduled__2023-01-01T03:00:00+00:00'
[2024-06-28T18:21:10.365+0000] {taskinstance.py:430} INFO - ::endgroup::
[2024-06-28T18:21:10.369+0000] {python.py:237} INFO - Done. Returned value was: None
[2024-06-28T18:21:10.369+0000] {taskinstance.py:441} INFO - ::group::Post task execution logs
[2024-06-28T18:21:10.373+0000] {taskinstance.py:1206} INFO - Marking task as SUCCESS. dag_id=example_dag, task_id=generate_and_insert_data, run_id=scheduled__2023-01-01T03:00:00+00:00, execution_date=20230101T030000, start_date=20240628T182110, end_date=20240628T182110
[2024-06-28T18:21:10.382+0000] {local_task_job_runner.py:240} INFO - Task exited with return code 0
[2024-06-28T18:21:10.389+0000] {taskinstance.py:3503} INFO - 0 downstream tasks scheduled from follow-on schedule check
[2024-06-28T18:21:10.389+0000] {local_task_job_runner.py:222} INFO - ::endgroup::
