[2024-07-06T17:38:39.512+0000] {taskinstance.py:1103} INFO - Dependencies all met for dep_context=non-requeueable deps ti=<TaskInstance: initialize_etl_environment.create_schemas scheduled__2024-07-02T00:00:00+00:00 [queued]>
[2024-07-06T17:38:39.515+0000] {taskinstance.py:1103} INFO - Dependencies all met for dep_context=requeueable deps ti=<TaskInstance: initialize_etl_environment.create_schemas scheduled__2024-07-02T00:00:00+00:00 [queued]>
[2024-07-06T17:38:39.515+0000] {taskinstance.py:1308} INFO - Starting attempt 1 of 2
[2024-07-06T17:38:39.520+0000] {taskinstance.py:1327} INFO - Executing <Task(PostgresOperator): create_schemas> on 2024-07-02 00:00:00+00:00
[2024-07-06T17:38:39.522+0000] {standard_task_runner.py:57} INFO - Started process 42 to run task
[2024-07-06T17:38:39.524+0000] {standard_task_runner.py:84} INFO - Running: ['airflow', 'tasks', 'run', 'initialize_etl_environment', 'create_schemas', 'scheduled__2024-07-02T00:00:00+00:00', '--job-id', '779', '--raw', '--subdir', 'DAGS_FOLDER/etl_env_init.py', '--cfg-path', '/tmp/tmprl7jf22c']
[2024-07-06T17:38:39.525+0000] {standard_task_runner.py:85} INFO - Job 779: Subtask create_schemas
[2024-07-06T17:38:39.552+0000] {task_command.py:410} INFO - Running <TaskInstance: initialize_etl_environment.create_schemas scheduled__2024-07-02T00:00:00+00:00 [running]> on host 4a9cef5c0de7
[2024-07-06T17:38:39.589+0000] {taskinstance.py:1545} INFO - Exporting env vars: AIRFLOW_CTX_DAG_EMAIL='airflow@example.com' AIRFLOW_CTX_DAG_OWNER='airflow' AIRFLOW_CTX_DAG_ID='initialize_etl_environment' AIRFLOW_CTX_TASK_ID='create_schemas' AIRFLOW_CTX_EXECUTION_DATE='2024-07-02T00:00:00+00:00' AIRFLOW_CTX_TRY_NUMBER='1' AIRFLOW_CTX_DAG_RUN_ID='scheduled__2024-07-02T00:00:00+00:00'
[2024-07-06T17:38:39.589+0000] {sql.py:262} INFO - Executing: 
    Create schema if not exists raw;
    Create schema if not exists staging;
    Create schema if not exists analytics;  
    Create schema if not exists ops;     
    
[2024-07-06T17:38:39.595+0000] {base.py:73} INFO - Using connection ID 'company_dw' for task execution.
[2024-07-06T17:38:39.630+0000] {base.py:73} INFO - Using connection ID 'company_dw' for task execution.
[2024-07-06T17:38:39.643+0000] {taskinstance.py:1824} ERROR - Task failed with exception
Traceback (most recent call last):
  File "/home/airflow/.local/lib/python3.9/site-packages/airflow/providers/common/sql/operators/sql.py", line 268, in execute
    output = hook.run(
  File "/home/airflow/.local/lib/python3.9/site-packages/airflow/providers/common/sql/hooks/sql.py", line 342, in run
    with closing(self.get_conn()) as conn:
  File "/home/airflow/.local/lib/python3.9/site-packages/airflow/providers/postgres/hooks/postgres.py", line 144, in get_conn
    self.conn = psycopg2.connect(**conn_args)
  File "/home/airflow/.local/lib/python3.9/site-packages/psycopg2/__init__.py", line 122, in connect
    conn = _connect(dsn, connection_factory=connection_factory, **kwasync)
psycopg2.OperationalError: could not translate host name "dw" to address: Name or service not known

[2024-07-06T17:38:39.648+0000] {taskinstance.py:1345} INFO - Marking task as UP_FOR_RETRY. dag_id=initialize_etl_environment, task_id=create_schemas, execution_date=20240702T000000, start_date=20240706T173839, end_date=20240706T173839
[2024-07-06T17:38:39.654+0000] {standard_task_runner.py:104} ERROR - Failed to execute job 779 for task create_schemas (could not translate host name "dw" to address: Name or service not known
; 42)
[2024-07-06T17:38:39.666+0000] {local_task_job_runner.py:225} INFO - Task exited with return code 1
[2024-07-06T17:38:39.679+0000] {taskinstance.py:2651} INFO - 0 downstream tasks scheduled from follow-on schedule check
