[2024-07-06T17:55:53.779+0000] {taskinstance.py:1103} INFO - Dependencies all met for dep_context=non-requeueable deps ti=<TaskInstance: initialize_etl_environment.create_schemas scheduled__2024-07-02T00:00:00+00:00 [queued]>
[2024-07-06T17:55:53.782+0000] {taskinstance.py:1103} INFO - Dependencies all met for dep_context=requeueable deps ti=<TaskInstance: initialize_etl_environment.create_schemas scheduled__2024-07-02T00:00:00+00:00 [queued]>
[2024-07-06T17:55:53.782+0000] {taskinstance.py:1308} INFO - Starting attempt 3 of 4
[2024-07-06T17:55:53.786+0000] {taskinstance.py:1327} INFO - Executing <Task(PostgresOperator): create_schemas> on 2024-07-02 00:00:00+00:00
[2024-07-06T17:55:53.787+0000] {standard_task_runner.py:57} INFO - Started process 145 to run task
[2024-07-06T17:55:53.789+0000] {standard_task_runner.py:84} INFO - Running: ['airflow', 'tasks', 'run', 'initialize_etl_environment', 'create_schemas', 'scheduled__2024-07-02T00:00:00+00:00', '--job-id', '791', '--raw', '--subdir', 'DAGS_FOLDER/etl_env_init.py', '--cfg-path', '/tmp/tmpxngyeycu']
[2024-07-06T17:55:53.790+0000] {standard_task_runner.py:85} INFO - Job 791: Subtask create_schemas
[2024-07-06T17:55:53.814+0000] {task_command.py:410} INFO - Running <TaskInstance: initialize_etl_environment.create_schemas scheduled__2024-07-02T00:00:00+00:00 [running]> on host f6bf59d3e65b
[2024-07-06T17:55:53.847+0000] {taskinstance.py:1545} INFO - Exporting env vars: AIRFLOW_CTX_DAG_EMAIL='airflow@example.com' AIRFLOW_CTX_DAG_OWNER='airflow' AIRFLOW_CTX_DAG_ID='initialize_etl_environment' AIRFLOW_CTX_TASK_ID='create_schemas' AIRFLOW_CTX_EXECUTION_DATE='2024-07-02T00:00:00+00:00' AIRFLOW_CTX_TRY_NUMBER='3' AIRFLOW_CTX_DAG_RUN_ID='scheduled__2024-07-02T00:00:00+00:00'
[2024-07-06T17:55:53.847+0000] {sql.py:262} INFO - Executing: 
    Create schema if not exists raw;
    Create schema if not exists staging;
    Create schema if not exists analytics;  
    Create schema if not exists ops;     
    
[2024-07-06T17:55:53.856+0000] {base.py:73} INFO - Using connection ID 'company_dw' for task execution.
[2024-07-06T17:55:53.884+0000] {base.py:73} INFO - Using connection ID 'company_dw' for task execution.
[2024-07-06T17:55:53.886+0000] {sql.py:375} INFO - Running statement: 
    Create schema if not exists raw;
    Create schema if not exists staging;
    Create schema if not exists analytics;  
    Create schema if not exists ops;     
    , parameters: None
[2024-07-06T17:55:53.891+0000] {taskinstance.py:1345} INFO - Marking task as SUCCESS. dag_id=initialize_etl_environment, task_id=create_schemas, execution_date=20240702T000000, start_date=20240706T175553, end_date=20240706T175553
[2024-07-06T17:55:53.934+0000] {local_task_job_runner.py:225} INFO - Task exited with return code 0
[2024-07-06T17:55:53.948+0000] {taskinstance.py:2651} INFO - 1 downstream tasks scheduled from follow-on schedule check
