[2024-07-03T23:32:58.655+0000] {processor.py:157} INFO - Started process (PID=10) to work on /opt/airflow/dags/product_generator_dag.py
[2024-07-03T23:32:58.655+0000] {processor.py:826} INFO - Processing file /opt/airflow/dags/product_generator_dag.py for tasks to queue
[2024-07-03T23:32:58.656+0000] {logging_mixin.py:149} INFO - [2024-07-03T23:32:58.656+0000] {dagbag.py:541} INFO - Filling up the DagBag from /opt/airflow/dags/product_generator_dag.py
[2024-07-03T23:32:58.664+0000] {processor.py:836} INFO - DAG(s) dict_keys(['product_generator']) retrieved from /opt/airflow/dags/product_generator_dag.py
[2024-07-03T23:32:58.716+0000] {logging_mixin.py:149} INFO - [2024-07-03T23:32:58.716+0000] {manager.py:504} INFO - Created Permission View: can delete on DAG:product_generator
[2024-07-03T23:32:58.719+0000] {logging_mixin.py:149} INFO - [2024-07-03T23:32:58.719+0000] {manager.py:504} INFO - Created Permission View: can read on DAG:product_generator
[2024-07-03T23:32:58.722+0000] {logging_mixin.py:149} INFO - [2024-07-03T23:32:58.722+0000] {manager.py:504} INFO - Created Permission View: can edit on DAG:product_generator
[2024-07-03T23:32:58.723+0000] {logging_mixin.py:149} INFO - [2024-07-03T23:32:58.723+0000] {dag.py:2726} INFO - Sync 1 DAGs
[2024-07-03T23:32:58.727+0000] {logging_mixin.py:149} INFO - [2024-07-03T23:32:58.727+0000] {dag.py:2747} INFO - Creating ORM DAG for product_generator
[2024-07-03T23:32:58.732+0000] {logging_mixin.py:149} INFO - [2024-07-03T23:32:58.732+0000] {dag.py:3486} INFO - Setting next_dagrun for product_generator to None, run_after=None
[2024-07-03T23:32:58.738+0000] {processor.py:179} INFO - Processing /opt/airflow/dags/product_generator_dag.py took 0.085 seconds
[2024-07-03T23:33:29.152+0000] {processor.py:157} INFO - Started process (PID=24) to work on /opt/airflow/dags/product_generator_dag.py
[2024-07-03T23:33:29.153+0000] {processor.py:826} INFO - Processing file /opt/airflow/dags/product_generator_dag.py for tasks to queue
[2024-07-03T23:33:29.154+0000] {logging_mixin.py:149} INFO - [2024-07-03T23:33:29.154+0000] {dagbag.py:541} INFO - Filling up the DagBag from /opt/airflow/dags/product_generator_dag.py
[2024-07-03T23:33:29.161+0000] {processor.py:836} INFO - DAG(s) dict_keys(['product_generator']) retrieved from /opt/airflow/dags/product_generator_dag.py
[2024-07-03T23:33:29.175+0000] {logging_mixin.py:149} INFO - [2024-07-03T23:33:29.175+0000] {dag.py:2726} INFO - Sync 1 DAGs
[2024-07-03T23:33:29.186+0000] {logging_mixin.py:149} INFO - [2024-07-03T23:33:29.186+0000] {dag.py:3486} INFO - Setting next_dagrun for product_generator to None, run_after=None
[2024-07-03T23:33:29.193+0000] {processor.py:179} INFO - Processing /opt/airflow/dags/product_generator_dag.py took 0.042 seconds
[2024-07-03T23:33:59.577+0000] {processor.py:157} INFO - Started process (PID=42) to work on /opt/airflow/dags/product_generator_dag.py
[2024-07-03T23:33:59.577+0000] {processor.py:826} INFO - Processing file /opt/airflow/dags/product_generator_dag.py for tasks to queue
[2024-07-03T23:33:59.579+0000] {logging_mixin.py:149} INFO - [2024-07-03T23:33:59.579+0000] {dagbag.py:541} INFO - Filling up the DagBag from /opt/airflow/dags/product_generator_dag.py
[2024-07-03T23:33:59.586+0000] {processor.py:836} INFO - DAG(s) dict_keys(['product_generator']) retrieved from /opt/airflow/dags/product_generator_dag.py
[2024-07-03T23:33:59.594+0000] {logging_mixin.py:149} INFO - [2024-07-03T23:33:59.594+0000] {dag.py:2726} INFO - Sync 1 DAGs
[2024-07-03T23:33:59.607+0000] {logging_mixin.py:149} INFO - [2024-07-03T23:33:59.607+0000] {dag.py:3486} INFO - Setting next_dagrun for product_generator to None, run_after=None
[2024-07-03T23:33:59.614+0000] {processor.py:179} INFO - Processing /opt/airflow/dags/product_generator_dag.py took 0.040 seconds
[2024-07-03T23:34:30.040+0000] {processor.py:157} INFO - Started process (PID=55) to work on /opt/airflow/dags/product_generator_dag.py
[2024-07-03T23:34:30.041+0000] {processor.py:826} INFO - Processing file /opt/airflow/dags/product_generator_dag.py for tasks to queue
[2024-07-03T23:34:30.042+0000] {logging_mixin.py:149} INFO - [2024-07-03T23:34:30.042+0000] {dagbag.py:541} INFO - Filling up the DagBag from /opt/airflow/dags/product_generator_dag.py
[2024-07-03T23:34:30.050+0000] {processor.py:836} INFO - DAG(s) dict_keys(['product_generator']) retrieved from /opt/airflow/dags/product_generator_dag.py
[2024-07-03T23:34:30.067+0000] {logging_mixin.py:149} INFO - [2024-07-03T23:34:30.067+0000] {dag.py:2726} INFO - Sync 1 DAGs
[2024-07-03T23:34:30.080+0000] {logging_mixin.py:149} INFO - [2024-07-03T23:34:30.080+0000] {dag.py:3486} INFO - Setting next_dagrun for product_generator to None, run_after=None
[2024-07-03T23:34:30.089+0000] {processor.py:179} INFO - Processing /opt/airflow/dags/product_generator_dag.py took 0.051 seconds
[2024-07-03T23:35:00.515+0000] {processor.py:157} INFO - Started process (PID=70) to work on /opt/airflow/dags/product_generator_dag.py
[2024-07-03T23:35:00.516+0000] {processor.py:826} INFO - Processing file /opt/airflow/dags/product_generator_dag.py for tasks to queue
[2024-07-03T23:35:00.517+0000] {logging_mixin.py:149} INFO - [2024-07-03T23:35:00.517+0000] {dagbag.py:541} INFO - Filling up the DagBag from /opt/airflow/dags/product_generator_dag.py
[2024-07-03T23:35:00.524+0000] {processor.py:836} INFO - DAG(s) dict_keys(['product_generator']) retrieved from /opt/airflow/dags/product_generator_dag.py
[2024-07-03T23:35:00.540+0000] {logging_mixin.py:149} INFO - [2024-07-03T23:35:00.540+0000] {dag.py:2726} INFO - Sync 1 DAGs
[2024-07-03T23:35:00.553+0000] {logging_mixin.py:149} INFO - [2024-07-03T23:35:00.553+0000] {dag.py:3486} INFO - Setting next_dagrun for product_generator to None, run_after=None
[2024-07-03T23:35:00.560+0000] {processor.py:179} INFO - Processing /opt/airflow/dags/product_generator_dag.py took 0.047 seconds
[2024-07-03T23:35:31.023+0000] {processor.py:157} INFO - Started process (PID=75) to work on /opt/airflow/dags/product_generator_dag.py
[2024-07-03T23:35:31.025+0000] {processor.py:826} INFO - Processing file /opt/airflow/dags/product_generator_dag.py for tasks to queue
[2024-07-03T23:35:31.026+0000] {logging_mixin.py:149} INFO - [2024-07-03T23:35:31.026+0000] {dagbag.py:541} INFO - Filling up the DagBag from /opt/airflow/dags/product_generator_dag.py
[2024-07-03T23:35:31.041+0000] {processor.py:836} INFO - DAG(s) dict_keys(['product_generator']) retrieved from /opt/airflow/dags/product_generator_dag.py
[2024-07-03T23:35:31.063+0000] {logging_mixin.py:149} INFO - [2024-07-03T23:35:31.063+0000] {dag.py:2726} INFO - Sync 1 DAGs
[2024-07-03T23:35:31.076+0000] {logging_mixin.py:149} INFO - [2024-07-03T23:35:31.076+0000] {dag.py:3486} INFO - Setting next_dagrun for product_generator to None, run_after=None
[2024-07-03T23:35:31.085+0000] {processor.py:179} INFO - Processing /opt/airflow/dags/product_generator_dag.py took 0.067 seconds
[2024-07-03T23:36:01.513+0000] {processor.py:157} INFO - Started process (PID=88) to work on /opt/airflow/dags/product_generator_dag.py
[2024-07-03T23:36:01.515+0000] {processor.py:826} INFO - Processing file /opt/airflow/dags/product_generator_dag.py for tasks to queue
[2024-07-03T23:36:01.516+0000] {logging_mixin.py:149} INFO - [2024-07-03T23:36:01.516+0000] {dagbag.py:541} INFO - Filling up the DagBag from /opt/airflow/dags/product_generator_dag.py
[2024-07-03T23:36:01.529+0000] {processor.py:836} INFO - DAG(s) dict_keys(['product_generator']) retrieved from /opt/airflow/dags/product_generator_dag.py
[2024-07-03T23:36:01.550+0000] {logging_mixin.py:149} INFO - [2024-07-03T23:36:01.550+0000] {dag.py:2726} INFO - Sync 1 DAGs
[2024-07-03T23:36:01.563+0000] {logging_mixin.py:149} INFO - [2024-07-03T23:36:01.563+0000] {dag.py:3486} INFO - Setting next_dagrun for product_generator to None, run_after=None
[2024-07-03T23:36:01.572+0000] {processor.py:179} INFO - Processing /opt/airflow/dags/product_generator_dag.py took 0.063 seconds
[2024-07-03T23:36:31.988+0000] {processor.py:157} INFO - Started process (PID=101) to work on /opt/airflow/dags/product_generator_dag.py
[2024-07-03T23:36:31.992+0000] {processor.py:826} INFO - Processing file /opt/airflow/dags/product_generator_dag.py for tasks to queue
[2024-07-03T23:36:31.994+0000] {logging_mixin.py:149} INFO - [2024-07-03T23:36:31.993+0000] {dagbag.py:541} INFO - Filling up the DagBag from /opt/airflow/dags/product_generator_dag.py
[2024-07-03T23:36:32.005+0000] {processor.py:836} INFO - DAG(s) dict_keys(['product_generator']) retrieved from /opt/airflow/dags/product_generator_dag.py
[2024-07-03T23:36:32.024+0000] {logging_mixin.py:149} INFO - [2024-07-03T23:36:32.024+0000] {dag.py:2726} INFO - Sync 1 DAGs
[2024-07-03T23:36:32.037+0000] {logging_mixin.py:149} INFO - [2024-07-03T23:36:32.037+0000] {dag.py:3486} INFO - Setting next_dagrun for product_generator to None, run_after=None
[2024-07-03T23:36:32.045+0000] {processor.py:179} INFO - Processing /opt/airflow/dags/product_generator_dag.py took 0.063 seconds
[2024-07-03T23:37:02.518+0000] {processor.py:157} INFO - Started process (PID=119) to work on /opt/airflow/dags/product_generator_dag.py
[2024-07-03T23:37:02.519+0000] {processor.py:826} INFO - Processing file /opt/airflow/dags/product_generator_dag.py for tasks to queue
[2024-07-03T23:37:02.520+0000] {logging_mixin.py:149} INFO - [2024-07-03T23:37:02.520+0000] {dagbag.py:541} INFO - Filling up the DagBag from /opt/airflow/dags/product_generator_dag.py
[2024-07-03T23:37:02.529+0000] {processor.py:836} INFO - DAG(s) dict_keys(['product_generator']) retrieved from /opt/airflow/dags/product_generator_dag.py
[2024-07-03T23:37:02.549+0000] {logging_mixin.py:149} INFO - [2024-07-03T23:37:02.549+0000] {dag.py:2726} INFO - Sync 1 DAGs
[2024-07-03T23:37:02.562+0000] {logging_mixin.py:149} INFO - [2024-07-03T23:37:02.562+0000] {dag.py:3486} INFO - Setting next_dagrun for product_generator to None, run_after=None
[2024-07-03T23:37:02.570+0000] {processor.py:179} INFO - Processing /opt/airflow/dags/product_generator_dag.py took 0.055 seconds
[2024-07-03T23:37:32.971+0000] {processor.py:157} INFO - Started process (PID=132) to work on /opt/airflow/dags/product_generator_dag.py
[2024-07-03T23:37:32.973+0000] {processor.py:826} INFO - Processing file /opt/airflow/dags/product_generator_dag.py for tasks to queue
[2024-07-03T23:37:32.974+0000] {logging_mixin.py:149} INFO - [2024-07-03T23:37:32.974+0000] {dagbag.py:541} INFO - Filling up the DagBag from /opt/airflow/dags/product_generator_dag.py
[2024-07-03T23:37:32.983+0000] {processor.py:836} INFO - DAG(s) dict_keys(['product_generator']) retrieved from /opt/airflow/dags/product_generator_dag.py
[2024-07-03T23:37:33.002+0000] {logging_mixin.py:149} INFO - [2024-07-03T23:37:33.002+0000] {dag.py:2726} INFO - Sync 1 DAGs
[2024-07-03T23:37:33.014+0000] {logging_mixin.py:149} INFO - [2024-07-03T23:37:33.014+0000] {dag.py:3486} INFO - Setting next_dagrun for product_generator to None, run_after=None
[2024-07-03T23:37:33.022+0000] {processor.py:179} INFO - Processing /opt/airflow/dags/product_generator_dag.py took 0.056 seconds
[2024-07-03T23:38:03.423+0000] {processor.py:157} INFO - Started process (PID=147) to work on /opt/airflow/dags/product_generator_dag.py
[2024-07-03T23:38:03.424+0000] {processor.py:826} INFO - Processing file /opt/airflow/dags/product_generator_dag.py for tasks to queue
[2024-07-03T23:38:03.425+0000] {logging_mixin.py:149} INFO - [2024-07-03T23:38:03.425+0000] {dagbag.py:541} INFO - Filling up the DagBag from /opt/airflow/dags/product_generator_dag.py
[2024-07-03T23:38:03.433+0000] {processor.py:836} INFO - DAG(s) dict_keys(['product_generator']) retrieved from /opt/airflow/dags/product_generator_dag.py
[2024-07-03T23:38:03.452+0000] {logging_mixin.py:149} INFO - [2024-07-03T23:38:03.452+0000] {dag.py:2726} INFO - Sync 1 DAGs
[2024-07-03T23:38:03.465+0000] {logging_mixin.py:149} INFO - [2024-07-03T23:38:03.465+0000] {dag.py:3486} INFO - Setting next_dagrun for product_generator to None, run_after=None
[2024-07-03T23:38:03.474+0000] {processor.py:179} INFO - Processing /opt/airflow/dags/product_generator_dag.py took 0.055 seconds
[2024-07-03T23:38:33.830+0000] {processor.py:157} INFO - Started process (PID=165) to work on /opt/airflow/dags/product_generator_dag.py
[2024-07-03T23:38:33.832+0000] {processor.py:826} INFO - Processing file /opt/airflow/dags/product_generator_dag.py for tasks to queue
[2024-07-03T23:38:33.833+0000] {logging_mixin.py:149} INFO - [2024-07-03T23:38:33.832+0000] {dagbag.py:541} INFO - Filling up the DagBag from /opt/airflow/dags/product_generator_dag.py
[2024-07-03T23:38:33.843+0000] {processor.py:836} INFO - DAG(s) dict_keys(['product_generator']) retrieved from /opt/airflow/dags/product_generator_dag.py
[2024-07-03T23:38:33.862+0000] {logging_mixin.py:149} INFO - [2024-07-03T23:38:33.862+0000] {dag.py:2726} INFO - Sync 1 DAGs
[2024-07-03T23:38:33.875+0000] {logging_mixin.py:149} INFO - [2024-07-03T23:38:33.875+0000] {dag.py:3486} INFO - Setting next_dagrun for product_generator to None, run_after=None
[2024-07-03T23:38:33.883+0000] {processor.py:179} INFO - Processing /opt/airflow/dags/product_generator_dag.py took 0.057 seconds
[2024-07-03T23:39:04.270+0000] {processor.py:157} INFO - Started process (PID=179) to work on /opt/airflow/dags/product_generator_dag.py
[2024-07-03T23:39:04.271+0000] {processor.py:826} INFO - Processing file /opt/airflow/dags/product_generator_dag.py for tasks to queue
[2024-07-03T23:39:04.272+0000] {logging_mixin.py:149} INFO - [2024-07-03T23:39:04.272+0000] {dagbag.py:541} INFO - Filling up the DagBag from /opt/airflow/dags/product_generator_dag.py
[2024-07-03T23:39:04.278+0000] {processor.py:836} INFO - DAG(s) dict_keys(['product_generator']) retrieved from /opt/airflow/dags/product_generator_dag.py
[2024-07-03T23:39:04.293+0000] {logging_mixin.py:149} INFO - [2024-07-03T23:39:04.293+0000] {dag.py:2726} INFO - Sync 1 DAGs
[2024-07-03T23:39:04.304+0000] {logging_mixin.py:149} INFO - [2024-07-03T23:39:04.304+0000] {dag.py:3486} INFO - Setting next_dagrun for product_generator to None, run_after=None
[2024-07-03T23:39:04.312+0000] {processor.py:179} INFO - Processing /opt/airflow/dags/product_generator_dag.py took 0.043 seconds
[2024-07-03T23:39:34.534+0000] {processor.py:157} INFO - Started process (PID=242) to work on /opt/airflow/dags/product_generator_dag.py
[2024-07-03T23:39:34.535+0000] {processor.py:826} INFO - Processing file /opt/airflow/dags/product_generator_dag.py for tasks to queue
[2024-07-03T23:39:34.535+0000] {logging_mixin.py:149} INFO - [2024-07-03T23:39:34.535+0000] {dagbag.py:541} INFO - Filling up the DagBag from /opt/airflow/dags/product_generator_dag.py
[2024-07-03T23:39:34.542+0000] {processor.py:836} INFO - DAG(s) dict_keys(['product_generator']) retrieved from /opt/airflow/dags/product_generator_dag.py
[2024-07-03T23:39:34.556+0000] {logging_mixin.py:149} INFO - [2024-07-03T23:39:34.556+0000] {dag.py:2726} INFO - Sync 1 DAGs
[2024-07-03T23:39:34.568+0000] {logging_mixin.py:149} INFO - [2024-07-03T23:39:34.568+0000] {dag.py:3486} INFO - Setting next_dagrun for product_generator to None, run_after=None
[2024-07-03T23:39:34.576+0000] {processor.py:179} INFO - Processing /opt/airflow/dags/product_generator_dag.py took 0.043 seconds
[2024-07-03T23:40:04.811+0000] {processor.py:157} INFO - Started process (PID=306) to work on /opt/airflow/dags/product_generator_dag.py
[2024-07-03T23:40:04.811+0000] {processor.py:826} INFO - Processing file /opt/airflow/dags/product_generator_dag.py for tasks to queue
[2024-07-03T23:40:04.812+0000] {logging_mixin.py:149} INFO - [2024-07-03T23:40:04.812+0000] {dagbag.py:541} INFO - Filling up the DagBag from /opt/airflow/dags/product_generator_dag.py
[2024-07-03T23:40:04.819+0000] {processor.py:836} INFO - DAG(s) dict_keys(['product_generator']) retrieved from /opt/airflow/dags/product_generator_dag.py
[2024-07-03T23:40:04.834+0000] {logging_mixin.py:149} INFO - [2024-07-03T23:40:04.833+0000] {dag.py:2726} INFO - Sync 1 DAGs
[2024-07-03T23:40:04.847+0000] {logging_mixin.py:149} INFO - [2024-07-03T23:40:04.847+0000] {dag.py:3486} INFO - Setting next_dagrun for product_generator to None, run_after=None
[2024-07-03T23:40:04.855+0000] {processor.py:179} INFO - Processing /opt/airflow/dags/product_generator_dag.py took 0.046 seconds
[2024-07-03T23:40:35.087+0000] {processor.py:157} INFO - Started process (PID=372) to work on /opt/airflow/dags/product_generator_dag.py
[2024-07-03T23:40:35.088+0000] {processor.py:826} INFO - Processing file /opt/airflow/dags/product_generator_dag.py for tasks to queue
[2024-07-03T23:40:35.089+0000] {logging_mixin.py:149} INFO - [2024-07-03T23:40:35.089+0000] {dagbag.py:541} INFO - Filling up the DagBag from /opt/airflow/dags/product_generator_dag.py
[2024-07-03T23:40:35.095+0000] {processor.py:836} INFO - DAG(s) dict_keys(['product_generator']) retrieved from /opt/airflow/dags/product_generator_dag.py
[2024-07-03T23:40:35.110+0000] {logging_mixin.py:149} INFO - [2024-07-03T23:40:35.110+0000] {dag.py:2726} INFO - Sync 1 DAGs
[2024-07-03T23:40:35.122+0000] {logging_mixin.py:149} INFO - [2024-07-03T23:40:35.122+0000] {dag.py:3486} INFO - Setting next_dagrun for product_generator to None, run_after=None
[2024-07-03T23:40:35.130+0000] {processor.py:179} INFO - Processing /opt/airflow/dags/product_generator_dag.py took 0.044 seconds
[2024-07-03T23:41:05.387+0000] {processor.py:157} INFO - Started process (PID=435) to work on /opt/airflow/dags/product_generator_dag.py
[2024-07-03T23:41:05.387+0000] {processor.py:826} INFO - Processing file /opt/airflow/dags/product_generator_dag.py for tasks to queue
[2024-07-03T23:41:05.388+0000] {logging_mixin.py:149} INFO - [2024-07-03T23:41:05.388+0000] {dagbag.py:541} INFO - Filling up the DagBag from /opt/airflow/dags/product_generator_dag.py
[2024-07-03T23:41:05.395+0000] {processor.py:836} INFO - DAG(s) dict_keys(['product_generator']) retrieved from /opt/airflow/dags/product_generator_dag.py
[2024-07-03T23:41:05.409+0000] {logging_mixin.py:149} INFO - [2024-07-03T23:41:05.409+0000] {dag.py:2726} INFO - Sync 1 DAGs
[2024-07-03T23:41:05.430+0000] {logging_mixin.py:149} INFO - [2024-07-03T23:41:05.430+0000] {dag.py:3486} INFO - Setting next_dagrun for product_generator to None, run_after=None
[2024-07-03T23:41:05.448+0000] {processor.py:179} INFO - Processing /opt/airflow/dags/product_generator_dag.py took 0.063 seconds
[2024-07-03T23:41:35.746+0000] {processor.py:157} INFO - Started process (PID=495) to work on /opt/airflow/dags/product_generator_dag.py
[2024-07-03T23:41:35.747+0000] {processor.py:826} INFO - Processing file /opt/airflow/dags/product_generator_dag.py for tasks to queue
[2024-07-03T23:41:35.747+0000] {logging_mixin.py:149} INFO - [2024-07-03T23:41:35.747+0000] {dagbag.py:541} INFO - Filling up the DagBag from /opt/airflow/dags/product_generator_dag.py
[2024-07-03T23:41:35.757+0000] {processor.py:836} INFO - DAG(s) dict_keys(['product_generator']) retrieved from /opt/airflow/dags/product_generator_dag.py
[2024-07-03T23:41:35.787+0000] {logging_mixin.py:149} INFO - [2024-07-03T23:41:35.786+0000] {dag.py:2726} INFO - Sync 1 DAGs
[2024-07-03T23:41:35.810+0000] {logging_mixin.py:149} INFO - [2024-07-03T23:41:35.809+0000] {dag.py:3486} INFO - Setting next_dagrun for product_generator to None, run_after=None
[2024-07-03T23:41:35.830+0000] {processor.py:179} INFO - Processing /opt/airflow/dags/product_generator_dag.py took 0.088 seconds
[2024-07-03T23:42:06.284+0000] {processor.py:157} INFO - Started process (PID=508) to work on /opt/airflow/dags/product_generator_dag.py
[2024-07-03T23:42:06.286+0000] {processor.py:826} INFO - Processing file /opt/airflow/dags/product_generator_dag.py for tasks to queue
[2024-07-03T23:42:06.286+0000] {logging_mixin.py:149} INFO - [2024-07-03T23:42:06.286+0000] {dagbag.py:541} INFO - Filling up the DagBag from /opt/airflow/dags/product_generator_dag.py
[2024-07-03T23:42:06.296+0000] {processor.py:836} INFO - DAG(s) dict_keys(['product_generator']) retrieved from /opt/airflow/dags/product_generator_dag.py
[2024-07-03T23:42:06.315+0000] {logging_mixin.py:149} INFO - [2024-07-03T23:42:06.314+0000] {dag.py:2726} INFO - Sync 1 DAGs
[2024-07-03T23:42:06.327+0000] {logging_mixin.py:149} INFO - [2024-07-03T23:42:06.327+0000] {dag.py:3486} INFO - Setting next_dagrun for product_generator to None, run_after=None
[2024-07-03T23:42:06.335+0000] {processor.py:179} INFO - Processing /opt/airflow/dags/product_generator_dag.py took 0.055 seconds
[2024-07-03T23:42:36.616+0000] {processor.py:157} INFO - Started process (PID=555) to work on /opt/airflow/dags/product_generator_dag.py
[2024-07-03T23:42:36.617+0000] {processor.py:826} INFO - Processing file /opt/airflow/dags/product_generator_dag.py for tasks to queue
[2024-07-03T23:42:36.618+0000] {logging_mixin.py:149} INFO - [2024-07-03T23:42:36.618+0000] {dagbag.py:541} INFO - Filling up the DagBag from /opt/airflow/dags/product_generator_dag.py
[2024-07-03T23:42:36.624+0000] {processor.py:836} INFO - DAG(s) dict_keys(['product_generator']) retrieved from /opt/airflow/dags/product_generator_dag.py
[2024-07-03T23:42:36.638+0000] {logging_mixin.py:149} INFO - [2024-07-03T23:42:36.638+0000] {dag.py:2726} INFO - Sync 1 DAGs
[2024-07-03T23:42:36.650+0000] {logging_mixin.py:149} INFO - [2024-07-03T23:42:36.650+0000] {dag.py:3486} INFO - Setting next_dagrun for product_generator to None, run_after=None
[2024-07-03T23:42:36.658+0000] {processor.py:179} INFO - Processing /opt/airflow/dags/product_generator_dag.py took 0.043 seconds
[2024-07-03T23:43:07.055+0000] {processor.py:157} INFO - Started process (PID=579) to work on /opt/airflow/dags/product_generator_dag.py
[2024-07-03T23:43:07.056+0000] {processor.py:826} INFO - Processing file /opt/airflow/dags/product_generator_dag.py for tasks to queue
[2024-07-03T23:43:07.057+0000] {logging_mixin.py:149} INFO - [2024-07-03T23:43:07.057+0000] {dagbag.py:541} INFO - Filling up the DagBag from /opt/airflow/dags/product_generator_dag.py
[2024-07-03T23:43:07.067+0000] {processor.py:836} INFO - DAG(s) dict_keys(['product_generator']) retrieved from /opt/airflow/dags/product_generator_dag.py
[2024-07-03T23:43:07.086+0000] {logging_mixin.py:149} INFO - [2024-07-03T23:43:07.086+0000] {dag.py:2726} INFO - Sync 1 DAGs
[2024-07-03T23:43:07.098+0000] {logging_mixin.py:149} INFO - [2024-07-03T23:43:07.098+0000] {dag.py:3486} INFO - Setting next_dagrun for product_generator to None, run_after=None
[2024-07-03T23:43:07.107+0000] {processor.py:179} INFO - Processing /opt/airflow/dags/product_generator_dag.py took 0.056 seconds
[2024-07-03T23:43:37.561+0000] {processor.py:157} INFO - Started process (PID=592) to work on /opt/airflow/dags/product_generator_dag.py
[2024-07-03T23:43:37.563+0000] {processor.py:826} INFO - Processing file /opt/airflow/dags/product_generator_dag.py for tasks to queue
[2024-07-03T23:43:37.563+0000] {logging_mixin.py:149} INFO - [2024-07-03T23:43:37.563+0000] {dagbag.py:541} INFO - Filling up the DagBag from /opt/airflow/dags/product_generator_dag.py
[2024-07-03T23:43:37.572+0000] {processor.py:836} INFO - DAG(s) dict_keys(['product_generator']) retrieved from /opt/airflow/dags/product_generator_dag.py
[2024-07-03T23:43:37.590+0000] {logging_mixin.py:149} INFO - [2024-07-03T23:43:37.590+0000] {dag.py:2726} INFO - Sync 1 DAGs
[2024-07-03T23:43:37.602+0000] {logging_mixin.py:149} INFO - [2024-07-03T23:43:37.602+0000] {dag.py:3486} INFO - Setting next_dagrun for product_generator to None, run_after=None
[2024-07-03T23:43:37.611+0000] {processor.py:179} INFO - Processing /opt/airflow/dags/product_generator_dag.py took 0.053 seconds
[2024-07-03T23:44:08.055+0000] {processor.py:157} INFO - Started process (PID=607) to work on /opt/airflow/dags/product_generator_dag.py
[2024-07-03T23:44:08.056+0000] {processor.py:826} INFO - Processing file /opt/airflow/dags/product_generator_dag.py for tasks to queue
[2024-07-03T23:44:08.057+0000] {logging_mixin.py:149} INFO - [2024-07-03T23:44:08.056+0000] {dagbag.py:541} INFO - Filling up the DagBag from /opt/airflow/dags/product_generator_dag.py
[2024-07-03T23:44:08.067+0000] {processor.py:836} INFO - DAG(s) dict_keys(['product_generator']) retrieved from /opt/airflow/dags/product_generator_dag.py
[2024-07-03T23:44:08.086+0000] {logging_mixin.py:149} INFO - [2024-07-03T23:44:08.086+0000] {dag.py:2726} INFO - Sync 1 DAGs
[2024-07-03T23:44:08.098+0000] {logging_mixin.py:149} INFO - [2024-07-03T23:44:08.098+0000] {dag.py:3486} INFO - Setting next_dagrun for product_generator to None, run_after=None
[2024-07-03T23:44:08.107+0000] {processor.py:179} INFO - Processing /opt/airflow/dags/product_generator_dag.py took 0.056 seconds
[2024-07-03T23:44:38.526+0000] {processor.py:157} INFO - Started process (PID=623) to work on /opt/airflow/dags/product_generator_dag.py
[2024-07-03T23:44:38.527+0000] {processor.py:826} INFO - Processing file /opt/airflow/dags/product_generator_dag.py for tasks to queue
[2024-07-03T23:44:38.527+0000] {logging_mixin.py:149} INFO - [2024-07-03T23:44:38.527+0000] {dagbag.py:541} INFO - Filling up the DagBag from /opt/airflow/dags/product_generator_dag.py
[2024-07-03T23:44:38.536+0000] {processor.py:836} INFO - DAG(s) dict_keys(['product_generator']) retrieved from /opt/airflow/dags/product_generator_dag.py
[2024-07-03T23:44:38.554+0000] {logging_mixin.py:149} INFO - [2024-07-03T23:44:38.554+0000] {dag.py:2726} INFO - Sync 1 DAGs
[2024-07-03T23:44:38.566+0000] {logging_mixin.py:149} INFO - [2024-07-03T23:44:38.565+0000] {dag.py:3486} INFO - Setting next_dagrun for product_generator to None, run_after=None
[2024-07-03T23:44:38.574+0000] {processor.py:179} INFO - Processing /opt/airflow/dags/product_generator_dag.py took 0.051 seconds
[2024-07-03T23:45:08.950+0000] {processor.py:157} INFO - Started process (PID=640) to work on /opt/airflow/dags/product_generator_dag.py
[2024-07-03T23:45:08.951+0000] {processor.py:826} INFO - Processing file /opt/airflow/dags/product_generator_dag.py for tasks to queue
[2024-07-03T23:45:08.952+0000] {logging_mixin.py:149} INFO - [2024-07-03T23:45:08.952+0000] {dagbag.py:541} INFO - Filling up the DagBag from /opt/airflow/dags/product_generator_dag.py
[2024-07-03T23:45:08.962+0000] {processor.py:836} INFO - DAG(s) dict_keys(['product_generator']) retrieved from /opt/airflow/dags/product_generator_dag.py
[2024-07-03T23:45:08.981+0000] {logging_mixin.py:149} INFO - [2024-07-03T23:45:08.981+0000] {dag.py:2726} INFO - Sync 1 DAGs
[2024-07-03T23:45:08.994+0000] {logging_mixin.py:149} INFO - [2024-07-03T23:45:08.994+0000] {dag.py:3486} INFO - Setting next_dagrun for product_generator to None, run_after=None
[2024-07-03T23:45:09.002+0000] {processor.py:179} INFO - Processing /opt/airflow/dags/product_generator_dag.py took 0.056 seconds
[2024-07-03T23:45:39.374+0000] {processor.py:157} INFO - Started process (PID=653) to work on /opt/airflow/dags/product_generator_dag.py
[2024-07-03T23:45:39.375+0000] {processor.py:826} INFO - Processing file /opt/airflow/dags/product_generator_dag.py for tasks to queue
[2024-07-03T23:45:39.376+0000] {logging_mixin.py:149} INFO - [2024-07-03T23:45:39.376+0000] {dagbag.py:541} INFO - Filling up the DagBag from /opt/airflow/dags/product_generator_dag.py
[2024-07-03T23:45:39.388+0000] {processor.py:836} INFO - DAG(s) dict_keys(['product_generator']) retrieved from /opt/airflow/dags/product_generator_dag.py
[2024-07-03T23:45:39.409+0000] {logging_mixin.py:149} INFO - [2024-07-03T23:45:39.409+0000] {dag.py:2726} INFO - Sync 1 DAGs
[2024-07-03T23:45:39.423+0000] {logging_mixin.py:149} INFO - [2024-07-03T23:45:39.423+0000] {dag.py:3486} INFO - Setting next_dagrun for product_generator to None, run_after=None
[2024-07-03T23:45:39.432+0000] {processor.py:179} INFO - Processing /opt/airflow/dags/product_generator_dag.py took 0.063 seconds
[2024-07-03T23:46:09.732+0000] {processor.py:157} INFO - Started process (PID=686) to work on /opt/airflow/dags/product_generator_dag.py
[2024-07-03T23:46:09.733+0000] {processor.py:826} INFO - Processing file /opt/airflow/dags/product_generator_dag.py for tasks to queue
[2024-07-03T23:46:09.733+0000] {logging_mixin.py:149} INFO - [2024-07-03T23:46:09.733+0000] {dagbag.py:541} INFO - Filling up the DagBag from /opt/airflow/dags/product_generator_dag.py
[2024-07-03T23:46:09.739+0000] {processor.py:836} INFO - DAG(s) dict_keys(['product_generator']) retrieved from /opt/airflow/dags/product_generator_dag.py
[2024-07-03T23:46:09.753+0000] {logging_mixin.py:149} INFO - [2024-07-03T23:46:09.753+0000] {dag.py:2726} INFO - Sync 1 DAGs
[2024-07-03T23:46:09.764+0000] {logging_mixin.py:149} INFO - [2024-07-03T23:46:09.764+0000] {dag.py:3486} INFO - Setting next_dagrun for product_generator to None, run_after=None
[2024-07-03T23:46:09.771+0000] {processor.py:179} INFO - Processing /opt/airflow/dags/product_generator_dag.py took 0.041 seconds
[2024-07-03T23:46:40.208+0000] {processor.py:157} INFO - Started process (PID=700) to work on /opt/airflow/dags/product_generator_dag.py
[2024-07-03T23:46:40.209+0000] {processor.py:826} INFO - Processing file /opt/airflow/dags/product_generator_dag.py for tasks to queue
[2024-07-03T23:46:40.210+0000] {logging_mixin.py:149} INFO - [2024-07-03T23:46:40.210+0000] {dagbag.py:541} INFO - Filling up the DagBag from /opt/airflow/dags/product_generator_dag.py
[2024-07-03T23:46:40.220+0000] {processor.py:836} INFO - DAG(s) dict_keys(['product_generator']) retrieved from /opt/airflow/dags/product_generator_dag.py
[2024-07-03T23:46:40.238+0000] {logging_mixin.py:149} INFO - [2024-07-03T23:46:40.238+0000] {dag.py:2726} INFO - Sync 1 DAGs
[2024-07-03T23:46:40.250+0000] {logging_mixin.py:149} INFO - [2024-07-03T23:46:40.250+0000] {dag.py:3486} INFO - Setting next_dagrun for product_generator to None, run_after=None
[2024-07-03T23:46:40.257+0000] {processor.py:179} INFO - Processing /opt/airflow/dags/product_generator_dag.py took 0.052 seconds
[2024-07-03T23:47:10.748+0000] {processor.py:157} INFO - Started process (PID=715) to work on /opt/airflow/dags/product_generator_dag.py
[2024-07-03T23:47:10.749+0000] {processor.py:826} INFO - Processing file /opt/airflow/dags/product_generator_dag.py for tasks to queue
[2024-07-03T23:47:10.750+0000] {logging_mixin.py:149} INFO - [2024-07-03T23:47:10.750+0000] {dagbag.py:541} INFO - Filling up the DagBag from /opt/airflow/dags/product_generator_dag.py
[2024-07-03T23:47:10.761+0000] {processor.py:836} INFO - DAG(s) dict_keys(['product_generator']) retrieved from /opt/airflow/dags/product_generator_dag.py
[2024-07-03T23:47:10.781+0000] {logging_mixin.py:149} INFO - [2024-07-03T23:47:10.781+0000] {dag.py:2726} INFO - Sync 1 DAGs
[2024-07-03T23:47:10.794+0000] {logging_mixin.py:149} INFO - [2024-07-03T23:47:10.794+0000] {dag.py:3486} INFO - Setting next_dagrun for product_generator to None, run_after=None
[2024-07-03T23:47:10.802+0000] {processor.py:179} INFO - Processing /opt/airflow/dags/product_generator_dag.py took 0.059 seconds
[2024-07-03T23:47:41.233+0000] {processor.py:157} INFO - Started process (PID=728) to work on /opt/airflow/dags/product_generator_dag.py
[2024-07-03T23:47:41.234+0000] {processor.py:826} INFO - Processing file /opt/airflow/dags/product_generator_dag.py for tasks to queue
[2024-07-03T23:47:41.235+0000] {logging_mixin.py:149} INFO - [2024-07-03T23:47:41.235+0000] {dagbag.py:541} INFO - Filling up the DagBag from /opt/airflow/dags/product_generator_dag.py
[2024-07-03T23:47:41.245+0000] {processor.py:836} INFO - DAG(s) dict_keys(['product_generator']) retrieved from /opt/airflow/dags/product_generator_dag.py
[2024-07-03T23:47:41.264+0000] {logging_mixin.py:149} INFO - [2024-07-03T23:47:41.264+0000] {dag.py:2726} INFO - Sync 1 DAGs
[2024-07-03T23:47:41.276+0000] {logging_mixin.py:149} INFO - [2024-07-03T23:47:41.276+0000] {dag.py:3486} INFO - Setting next_dagrun for product_generator to None, run_after=None
[2024-07-03T23:47:41.284+0000] {processor.py:179} INFO - Processing /opt/airflow/dags/product_generator_dag.py took 0.055 seconds
[2024-07-03T23:48:11.730+0000] {processor.py:157} INFO - Started process (PID=740) to work on /opt/airflow/dags/product_generator_dag.py
[2024-07-03T23:48:11.730+0000] {processor.py:826} INFO - Processing file /opt/airflow/dags/product_generator_dag.py for tasks to queue
[2024-07-03T23:48:11.731+0000] {logging_mixin.py:149} INFO - [2024-07-03T23:48:11.731+0000] {dagbag.py:541} INFO - Filling up the DagBag from /opt/airflow/dags/product_generator_dag.py
[2024-07-03T23:48:11.740+0000] {processor.py:836} INFO - DAG(s) dict_keys(['product_generator']) retrieved from /opt/airflow/dags/product_generator_dag.py
[2024-07-03T23:48:11.758+0000] {logging_mixin.py:149} INFO - [2024-07-03T23:48:11.758+0000] {dag.py:2726} INFO - Sync 1 DAGs
[2024-07-03T23:48:11.770+0000] {logging_mixin.py:149} INFO - [2024-07-03T23:48:11.770+0000] {dag.py:3486} INFO - Setting next_dagrun for product_generator to None, run_after=None
[2024-07-03T23:48:11.777+0000] {processor.py:179} INFO - Processing /opt/airflow/dags/product_generator_dag.py took 0.051 seconds
[2024-07-03T23:48:42.345+0000] {processor.py:157} INFO - Started process (PID=758) to work on /opt/airflow/dags/product_generator_dag.py
[2024-07-03T23:48:42.347+0000] {processor.py:826} INFO - Processing file /opt/airflow/dags/product_generator_dag.py for tasks to queue
[2024-07-03T23:48:42.348+0000] {logging_mixin.py:149} INFO - [2024-07-03T23:48:42.348+0000] {dagbag.py:541} INFO - Filling up the DagBag from /opt/airflow/dags/product_generator_dag.py
[2024-07-03T23:48:42.356+0000] {processor.py:836} INFO - DAG(s) dict_keys(['product_generator']) retrieved from /opt/airflow/dags/product_generator_dag.py
[2024-07-03T23:48:42.374+0000] {logging_mixin.py:149} INFO - [2024-07-03T23:48:42.374+0000] {dag.py:2726} INFO - Sync 1 DAGs
[2024-07-03T23:48:42.386+0000] {logging_mixin.py:149} INFO - [2024-07-03T23:48:42.386+0000] {dag.py:3486} INFO - Setting next_dagrun for product_generator to None, run_after=None
[2024-07-03T23:48:42.394+0000] {processor.py:179} INFO - Processing /opt/airflow/dags/product_generator_dag.py took 0.053 seconds
[2024-07-03T23:49:12.817+0000] {processor.py:157} INFO - Started process (PID=771) to work on /opt/airflow/dags/product_generator_dag.py
[2024-07-03T23:49:12.819+0000] {processor.py:826} INFO - Processing file /opt/airflow/dags/product_generator_dag.py for tasks to queue
[2024-07-03T23:49:12.820+0000] {logging_mixin.py:149} INFO - [2024-07-03T23:49:12.819+0000] {dagbag.py:541} INFO - Filling up the DagBag from /opt/airflow/dags/product_generator_dag.py
[2024-07-03T23:49:12.832+0000] {processor.py:836} INFO - DAG(s) dict_keys(['product_generator']) retrieved from /opt/airflow/dags/product_generator_dag.py
[2024-07-03T23:49:12.854+0000] {logging_mixin.py:149} INFO - [2024-07-03T23:49:12.854+0000] {dag.py:2726} INFO - Sync 1 DAGs
[2024-07-03T23:49:12.868+0000] {logging_mixin.py:149} INFO - [2024-07-03T23:49:12.867+0000] {dag.py:3486} INFO - Setting next_dagrun for product_generator to None, run_after=None
[2024-07-03T23:49:12.877+0000] {processor.py:179} INFO - Processing /opt/airflow/dags/product_generator_dag.py took 0.066 seconds
[2024-07-03T23:49:43.188+0000] {processor.py:157} INFO - Started process (PID=805) to work on /opt/airflow/dags/product_generator_dag.py
[2024-07-03T23:49:43.190+0000] {processor.py:826} INFO - Processing file /opt/airflow/dags/product_generator_dag.py for tasks to queue
[2024-07-03T23:49:43.191+0000] {logging_mixin.py:149} INFO - [2024-07-03T23:49:43.191+0000] {dagbag.py:541} INFO - Filling up the DagBag from /opt/airflow/dags/product_generator_dag.py
[2024-07-03T23:49:43.204+0000] {processor.py:836} INFO - DAG(s) dict_keys(['product_generator']) retrieved from /opt/airflow/dags/product_generator_dag.py
[2024-07-03T23:49:43.225+0000] {logging_mixin.py:149} INFO - [2024-07-03T23:49:43.225+0000] {dag.py:2726} INFO - Sync 1 DAGs
[2024-07-03T23:49:43.238+0000] {logging_mixin.py:149} INFO - [2024-07-03T23:49:43.238+0000] {dag.py:3486} INFO - Setting next_dagrun for product_generator to None, run_after=None
[2024-07-03T23:49:43.246+0000] {processor.py:179} INFO - Processing /opt/airflow/dags/product_generator_dag.py took 0.062 seconds
[2024-07-03T23:50:13.645+0000] {processor.py:157} INFO - Started process (PID=818) to work on /opt/airflow/dags/product_generator_dag.py
[2024-07-03T23:50:13.646+0000] {processor.py:826} INFO - Processing file /opt/airflow/dags/product_generator_dag.py for tasks to queue
[2024-07-03T23:50:13.647+0000] {logging_mixin.py:149} INFO - [2024-07-03T23:50:13.647+0000] {dagbag.py:541} INFO - Filling up the DagBag from /opt/airflow/dags/product_generator_dag.py
[2024-07-03T23:50:13.657+0000] {processor.py:836} INFO - DAG(s) dict_keys(['product_generator']) retrieved from /opt/airflow/dags/product_generator_dag.py
[2024-07-03T23:50:13.676+0000] {logging_mixin.py:149} INFO - [2024-07-03T23:50:13.675+0000] {dag.py:2726} INFO - Sync 1 DAGs
[2024-07-03T23:50:13.688+0000] {logging_mixin.py:149} INFO - [2024-07-03T23:50:13.688+0000] {dag.py:3486} INFO - Setting next_dagrun for product_generator to None, run_after=None
[2024-07-03T23:50:13.697+0000] {processor.py:179} INFO - Processing /opt/airflow/dags/product_generator_dag.py took 0.055 seconds
[2024-07-03T23:50:44.105+0000] {processor.py:157} INFO - Started process (PID=831) to work on /opt/airflow/dags/product_generator_dag.py
[2024-07-03T23:50:44.106+0000] {processor.py:826} INFO - Processing file /opt/airflow/dags/product_generator_dag.py for tasks to queue
[2024-07-03T23:50:44.107+0000] {logging_mixin.py:149} INFO - [2024-07-03T23:50:44.107+0000] {dagbag.py:541} INFO - Filling up the DagBag from /opt/airflow/dags/product_generator_dag.py
[2024-07-03T23:50:44.116+0000] {processor.py:836} INFO - DAG(s) dict_keys(['product_generator']) retrieved from /opt/airflow/dags/product_generator_dag.py
[2024-07-03T23:50:44.135+0000] {logging_mixin.py:149} INFO - [2024-07-03T23:50:44.135+0000] {dag.py:2726} INFO - Sync 1 DAGs
[2024-07-03T23:50:44.147+0000] {logging_mixin.py:149} INFO - [2024-07-03T23:50:44.147+0000] {dag.py:3486} INFO - Setting next_dagrun for product_generator to None, run_after=None
[2024-07-03T23:50:44.156+0000] {processor.py:179} INFO - Processing /opt/airflow/dags/product_generator_dag.py took 0.055 seconds
[2024-07-03T23:51:14.571+0000] {processor.py:157} INFO - Started process (PID=844) to work on /opt/airflow/dags/product_generator_dag.py
[2024-07-03T23:51:14.572+0000] {processor.py:826} INFO - Processing file /opt/airflow/dags/product_generator_dag.py for tasks to queue
[2024-07-03T23:51:14.573+0000] {logging_mixin.py:149} INFO - [2024-07-03T23:51:14.573+0000] {dagbag.py:541} INFO - Filling up the DagBag from /opt/airflow/dags/product_generator_dag.py
[2024-07-03T23:51:14.584+0000] {processor.py:836} INFO - DAG(s) dict_keys(['product_generator']) retrieved from /opt/airflow/dags/product_generator_dag.py
[2024-07-03T23:51:14.606+0000] {logging_mixin.py:149} INFO - [2024-07-03T23:51:14.606+0000] {dag.py:2726} INFO - Sync 1 DAGs
[2024-07-03T23:51:14.623+0000] {logging_mixin.py:149} INFO - [2024-07-03T23:51:14.623+0000] {dag.py:3486} INFO - Setting next_dagrun for product_generator to None, run_after=None
[2024-07-03T23:51:14.634+0000] {processor.py:179} INFO - Processing /opt/airflow/dags/product_generator_dag.py took 0.066 seconds
[2024-07-03T23:51:45.028+0000] {processor.py:157} INFO - Started process (PID=857) to work on /opt/airflow/dags/product_generator_dag.py
[2024-07-03T23:51:45.029+0000] {processor.py:826} INFO - Processing file /opt/airflow/dags/product_generator_dag.py for tasks to queue
[2024-07-03T23:51:45.029+0000] {logging_mixin.py:149} INFO - [2024-07-03T23:51:45.029+0000] {dagbag.py:541} INFO - Filling up the DagBag from /opt/airflow/dags/product_generator_dag.py
[2024-07-03T23:51:45.037+0000] {processor.py:836} INFO - DAG(s) dict_keys(['product_generator']) retrieved from /opt/airflow/dags/product_generator_dag.py
[2024-07-03T23:51:45.054+0000] {logging_mixin.py:149} INFO - [2024-07-03T23:51:45.054+0000] {dag.py:2726} INFO - Sync 1 DAGs
[2024-07-03T23:51:45.066+0000] {logging_mixin.py:149} INFO - [2024-07-03T23:51:45.065+0000] {dag.py:3486} INFO - Setting next_dagrun for product_generator to None, run_after=None
[2024-07-03T23:51:45.073+0000] {processor.py:179} INFO - Processing /opt/airflow/dags/product_generator_dag.py took 0.047 seconds
[2024-07-03T23:52:15.433+0000] {processor.py:157} INFO - Started process (PID=870) to work on /opt/airflow/dags/product_generator_dag.py
[2024-07-03T23:52:15.434+0000] {processor.py:826} INFO - Processing file /opt/airflow/dags/product_generator_dag.py for tasks to queue
[2024-07-03T23:52:15.434+0000] {logging_mixin.py:149} INFO - [2024-07-03T23:52:15.434+0000] {dagbag.py:541} INFO - Filling up the DagBag from /opt/airflow/dags/product_generator_dag.py
[2024-07-03T23:52:15.442+0000] {processor.py:836} INFO - DAG(s) dict_keys(['product_generator']) retrieved from /opt/airflow/dags/product_generator_dag.py
[2024-07-03T23:52:15.459+0000] {logging_mixin.py:149} INFO - [2024-07-03T23:52:15.458+0000] {dag.py:2726} INFO - Sync 1 DAGs
[2024-07-03T23:52:15.470+0000] {logging_mixin.py:149} INFO - [2024-07-03T23:52:15.470+0000] {dag.py:3486} INFO - Setting next_dagrun for product_generator to None, run_after=None
[2024-07-03T23:52:15.477+0000] {processor.py:179} INFO - Processing /opt/airflow/dags/product_generator_dag.py took 0.047 seconds
[2024-07-03T23:52:45.878+0000] {processor.py:157} INFO - Started process (PID=883) to work on /opt/airflow/dags/product_generator_dag.py
[2024-07-03T23:52:45.879+0000] {processor.py:826} INFO - Processing file /opt/airflow/dags/product_generator_dag.py for tasks to queue
[2024-07-03T23:52:45.880+0000] {logging_mixin.py:149} INFO - [2024-07-03T23:52:45.880+0000] {dagbag.py:541} INFO - Filling up the DagBag from /opt/airflow/dags/product_generator_dag.py
[2024-07-03T23:52:45.890+0000] {processor.py:836} INFO - DAG(s) dict_keys(['product_generator']) retrieved from /opt/airflow/dags/product_generator_dag.py
[2024-07-03T23:52:45.908+0000] {logging_mixin.py:149} INFO - [2024-07-03T23:52:45.908+0000] {dag.py:2726} INFO - Sync 1 DAGs
[2024-07-03T23:52:45.920+0000] {logging_mixin.py:149} INFO - [2024-07-03T23:52:45.920+0000] {dag.py:3486} INFO - Setting next_dagrun for product_generator to None, run_after=None
[2024-07-03T23:52:45.929+0000] {processor.py:179} INFO - Processing /opt/airflow/dags/product_generator_dag.py took 0.055 seconds
[2024-07-03T23:53:16.369+0000] {processor.py:157} INFO - Started process (PID=896) to work on /opt/airflow/dags/product_generator_dag.py
[2024-07-03T23:53:16.370+0000] {processor.py:826} INFO - Processing file /opt/airflow/dags/product_generator_dag.py for tasks to queue
[2024-07-03T23:53:16.371+0000] {logging_mixin.py:149} INFO - [2024-07-03T23:53:16.371+0000] {dagbag.py:541} INFO - Filling up the DagBag from /opt/airflow/dags/product_generator_dag.py
[2024-07-03T23:53:16.380+0000] {processor.py:836} INFO - DAG(s) dict_keys(['product_generator']) retrieved from /opt/airflow/dags/product_generator_dag.py
[2024-07-03T23:53:16.399+0000] {logging_mixin.py:149} INFO - [2024-07-03T23:53:16.399+0000] {dag.py:2726} INFO - Sync 1 DAGs
[2024-07-03T23:53:16.411+0000] {logging_mixin.py:149} INFO - [2024-07-03T23:53:16.411+0000] {dag.py:3486} INFO - Setting next_dagrun for product_generator to None, run_after=None
[2024-07-03T23:53:16.419+0000] {processor.py:179} INFO - Processing /opt/airflow/dags/product_generator_dag.py took 0.053 seconds
[2024-07-03T23:53:46.839+0000] {processor.py:157} INFO - Started process (PID=909) to work on /opt/airflow/dags/product_generator_dag.py
[2024-07-03T23:53:46.840+0000] {processor.py:826} INFO - Processing file /opt/airflow/dags/product_generator_dag.py for tasks to queue
[2024-07-03T23:53:46.842+0000] {logging_mixin.py:149} INFO - [2024-07-03T23:53:46.842+0000] {dagbag.py:541} INFO - Filling up the DagBag from /opt/airflow/dags/product_generator_dag.py
[2024-07-03T23:53:46.851+0000] {processor.py:836} INFO - DAG(s) dict_keys(['product_generator']) retrieved from /opt/airflow/dags/product_generator_dag.py
[2024-07-03T23:53:46.870+0000] {logging_mixin.py:149} INFO - [2024-07-03T23:53:46.870+0000] {dag.py:2726} INFO - Sync 1 DAGs
[2024-07-03T23:53:46.883+0000] {logging_mixin.py:149} INFO - [2024-07-03T23:53:46.882+0000] {dag.py:3486} INFO - Setting next_dagrun for product_generator to None, run_after=None
[2024-07-03T23:53:46.890+0000] {processor.py:179} INFO - Processing /opt/airflow/dags/product_generator_dag.py took 0.056 seconds
[2024-07-03T23:54:17.317+0000] {processor.py:157} INFO - Started process (PID=922) to work on /opt/airflow/dags/product_generator_dag.py
[2024-07-03T23:54:17.318+0000] {processor.py:826} INFO - Processing file /opt/airflow/dags/product_generator_dag.py for tasks to queue
[2024-07-03T23:54:17.319+0000] {logging_mixin.py:149} INFO - [2024-07-03T23:54:17.319+0000] {dagbag.py:541} INFO - Filling up the DagBag from /opt/airflow/dags/product_generator_dag.py
[2024-07-03T23:54:17.327+0000] {processor.py:836} INFO - DAG(s) dict_keys(['product_generator']) retrieved from /opt/airflow/dags/product_generator_dag.py
[2024-07-03T23:54:17.344+0000] {logging_mixin.py:149} INFO - [2024-07-03T23:54:17.344+0000] {dag.py:2726} INFO - Sync 1 DAGs
[2024-07-03T23:54:17.356+0000] {logging_mixin.py:149} INFO - [2024-07-03T23:54:17.356+0000] {dag.py:3486} INFO - Setting next_dagrun for product_generator to None, run_after=None
[2024-07-03T23:54:17.364+0000] {processor.py:179} INFO - Processing /opt/airflow/dags/product_generator_dag.py took 0.050 seconds
[2024-07-03T23:54:47.739+0000] {processor.py:157} INFO - Started process (PID=935) to work on /opt/airflow/dags/product_generator_dag.py
[2024-07-03T23:54:47.740+0000] {processor.py:826} INFO - Processing file /opt/airflow/dags/product_generator_dag.py for tasks to queue
[2024-07-03T23:54:47.741+0000] {logging_mixin.py:149} INFO - [2024-07-03T23:54:47.740+0000] {dagbag.py:541} INFO - Filling up the DagBag from /opt/airflow/dags/product_generator_dag.py
[2024-07-03T23:54:47.750+0000] {processor.py:836} INFO - DAG(s) dict_keys(['product_generator']) retrieved from /opt/airflow/dags/product_generator_dag.py
[2024-07-03T23:54:47.769+0000] {logging_mixin.py:149} INFO - [2024-07-03T23:54:47.769+0000] {dag.py:2726} INFO - Sync 1 DAGs
[2024-07-03T23:54:47.781+0000] {logging_mixin.py:149} INFO - [2024-07-03T23:54:47.781+0000] {dag.py:3486} INFO - Setting next_dagrun for product_generator to None, run_after=None
[2024-07-03T23:54:47.790+0000] {processor.py:179} INFO - Processing /opt/airflow/dags/product_generator_dag.py took 0.056 seconds
[2024-07-03T23:55:18.245+0000] {processor.py:157} INFO - Started process (PID=948) to work on /opt/airflow/dags/product_generator_dag.py
[2024-07-03T23:55:18.246+0000] {processor.py:826} INFO - Processing file /opt/airflow/dags/product_generator_dag.py for tasks to queue
[2024-07-03T23:55:18.247+0000] {logging_mixin.py:149} INFO - [2024-07-03T23:55:18.247+0000] {dagbag.py:541} INFO - Filling up the DagBag from /opt/airflow/dags/product_generator_dag.py
[2024-07-03T23:55:18.255+0000] {processor.py:836} INFO - DAG(s) dict_keys(['product_generator']) retrieved from /opt/airflow/dags/product_generator_dag.py
[2024-07-03T23:55:18.274+0000] {logging_mixin.py:149} INFO - [2024-07-03T23:55:18.274+0000] {dag.py:2726} INFO - Sync 1 DAGs
[2024-07-03T23:55:18.286+0000] {logging_mixin.py:149} INFO - [2024-07-03T23:55:18.285+0000] {dag.py:3486} INFO - Setting next_dagrun for product_generator to None, run_after=None
[2024-07-03T23:55:18.294+0000] {processor.py:179} INFO - Processing /opt/airflow/dags/product_generator_dag.py took 0.051 seconds
[2024-07-03T23:55:48.694+0000] {processor.py:157} INFO - Started process (PID=961) to work on /opt/airflow/dags/product_generator_dag.py
[2024-07-03T23:55:48.695+0000] {processor.py:826} INFO - Processing file /opt/airflow/dags/product_generator_dag.py for tasks to queue
[2024-07-03T23:55:48.695+0000] {logging_mixin.py:149} INFO - [2024-07-03T23:55:48.695+0000] {dagbag.py:541} INFO - Filling up the DagBag from /opt/airflow/dags/product_generator_dag.py
[2024-07-03T23:55:48.705+0000] {processor.py:836} INFO - DAG(s) dict_keys(['product_generator']) retrieved from /opt/airflow/dags/product_generator_dag.py
[2024-07-03T23:55:48.724+0000] {logging_mixin.py:149} INFO - [2024-07-03T23:55:48.724+0000] {dag.py:2726} INFO - Sync 1 DAGs
[2024-07-03T23:55:48.736+0000] {logging_mixin.py:149} INFO - [2024-07-03T23:55:48.736+0000] {dag.py:3486} INFO - Setting next_dagrun for product_generator to None, run_after=None
[2024-07-03T23:55:48.744+0000] {processor.py:179} INFO - Processing /opt/airflow/dags/product_generator_dag.py took 0.054 seconds
[2024-07-03T23:56:19.177+0000] {processor.py:157} INFO - Started process (PID=974) to work on /opt/airflow/dags/product_generator_dag.py
[2024-07-03T23:56:19.178+0000] {processor.py:826} INFO - Processing file /opt/airflow/dags/product_generator_dag.py for tasks to queue
[2024-07-03T23:56:19.179+0000] {logging_mixin.py:149} INFO - [2024-07-03T23:56:19.179+0000] {dagbag.py:541} INFO - Filling up the DagBag from /opt/airflow/dags/product_generator_dag.py
[2024-07-03T23:56:19.191+0000] {processor.py:836} INFO - DAG(s) dict_keys(['product_generator']) retrieved from /opt/airflow/dags/product_generator_dag.py
[2024-07-03T23:56:19.210+0000] {logging_mixin.py:149} INFO - [2024-07-03T23:56:19.210+0000] {dag.py:2726} INFO - Sync 1 DAGs
[2024-07-03T23:56:19.222+0000] {logging_mixin.py:149} INFO - [2024-07-03T23:56:19.222+0000] {dag.py:3486} INFO - Setting next_dagrun for product_generator to None, run_after=None
[2024-07-03T23:56:19.230+0000] {processor.py:179} INFO - Processing /opt/airflow/dags/product_generator_dag.py took 0.058 seconds
[2024-07-03T23:56:49.625+0000] {processor.py:157} INFO - Started process (PID=987) to work on /opt/airflow/dags/product_generator_dag.py
[2024-07-03T23:56:49.626+0000] {processor.py:826} INFO - Processing file /opt/airflow/dags/product_generator_dag.py for tasks to queue
[2024-07-03T23:56:49.627+0000] {logging_mixin.py:149} INFO - [2024-07-03T23:56:49.626+0000] {dagbag.py:541} INFO - Filling up the DagBag from /opt/airflow/dags/product_generator_dag.py
[2024-07-03T23:56:49.637+0000] {processor.py:836} INFO - DAG(s) dict_keys(['product_generator']) retrieved from /opt/airflow/dags/product_generator_dag.py
[2024-07-03T23:56:49.655+0000] {logging_mixin.py:149} INFO - [2024-07-03T23:56:49.655+0000] {dag.py:2726} INFO - Sync 1 DAGs
[2024-07-03T23:56:49.667+0000] {logging_mixin.py:149} INFO - [2024-07-03T23:56:49.667+0000] {dag.py:3486} INFO - Setting next_dagrun for product_generator to None, run_after=None
[2024-07-03T23:56:49.676+0000] {processor.py:179} INFO - Processing /opt/airflow/dags/product_generator_dag.py took 0.055 seconds
[2024-07-03T23:57:20.059+0000] {processor.py:157} INFO - Started process (PID=1000) to work on /opt/airflow/dags/product_generator_dag.py
[2024-07-03T23:57:20.059+0000] {processor.py:826} INFO - Processing file /opt/airflow/dags/product_generator_dag.py for tasks to queue
[2024-07-03T23:57:20.060+0000] {logging_mixin.py:149} INFO - [2024-07-03T23:57:20.060+0000] {dagbag.py:541} INFO - Filling up the DagBag from /opt/airflow/dags/product_generator_dag.py
[2024-07-03T23:57:20.069+0000] {processor.py:836} INFO - DAG(s) dict_keys(['product_generator']) retrieved from /opt/airflow/dags/product_generator_dag.py
[2024-07-03T23:57:20.088+0000] {logging_mixin.py:149} INFO - [2024-07-03T23:57:20.088+0000] {dag.py:2726} INFO - Sync 1 DAGs
[2024-07-03T23:57:20.101+0000] {logging_mixin.py:149} INFO - [2024-07-03T23:57:20.101+0000] {dag.py:3486} INFO - Setting next_dagrun for product_generator to None, run_after=None
[2024-07-03T23:57:20.109+0000] {processor.py:179} INFO - Processing /opt/airflow/dags/product_generator_dag.py took 0.053 seconds
[2024-07-03T23:57:50.521+0000] {processor.py:157} INFO - Started process (PID=1013) to work on /opt/airflow/dags/product_generator_dag.py
[2024-07-03T23:57:50.521+0000] {processor.py:826} INFO - Processing file /opt/airflow/dags/product_generator_dag.py for tasks to queue
[2024-07-03T23:57:50.523+0000] {logging_mixin.py:149} INFO - [2024-07-03T23:57:50.523+0000] {dagbag.py:541} INFO - Filling up the DagBag from /opt/airflow/dags/product_generator_dag.py
[2024-07-03T23:57:50.531+0000] {processor.py:836} INFO - DAG(s) dict_keys(['product_generator']) retrieved from /opt/airflow/dags/product_generator_dag.py
[2024-07-03T23:57:50.550+0000] {logging_mixin.py:149} INFO - [2024-07-03T23:57:50.550+0000] {dag.py:2726} INFO - Sync 1 DAGs
[2024-07-03T23:57:50.562+0000] {logging_mixin.py:149} INFO - [2024-07-03T23:57:50.562+0000] {dag.py:3486} INFO - Setting next_dagrun for product_generator to None, run_after=None
[2024-07-03T23:57:50.569+0000] {processor.py:179} INFO - Processing /opt/airflow/dags/product_generator_dag.py took 0.052 seconds
[2024-07-03T23:58:20.938+0000] {processor.py:157} INFO - Started process (PID=1040) to work on /opt/airflow/dags/product_generator_dag.py
[2024-07-03T23:58:20.939+0000] {processor.py:826} INFO - Processing file /opt/airflow/dags/product_generator_dag.py for tasks to queue
[2024-07-03T23:58:20.939+0000] {logging_mixin.py:149} INFO - [2024-07-03T23:58:20.939+0000] {dagbag.py:541} INFO - Filling up the DagBag from /opt/airflow/dags/product_generator_dag.py
[2024-07-03T23:58:20.947+0000] {processor.py:836} INFO - DAG(s) dict_keys(['product_generator']) retrieved from /opt/airflow/dags/product_generator_dag.py
[2024-07-03T23:58:20.962+0000] {logging_mixin.py:149} INFO - [2024-07-03T23:58:20.962+0000] {dag.py:2726} INFO - Sync 1 DAGs
[2024-07-03T23:58:20.974+0000] {logging_mixin.py:149} INFO - [2024-07-03T23:58:20.974+0000] {dag.py:3486} INFO - Setting next_dagrun for product_generator to None, run_after=None
[2024-07-03T23:58:20.983+0000] {processor.py:179} INFO - Processing /opt/airflow/dags/product_generator_dag.py took 0.047 seconds
[2024-07-03T23:58:51.289+0000] {processor.py:157} INFO - Started process (PID=1078) to work on /opt/airflow/dags/product_generator_dag.py
[2024-07-03T23:58:51.290+0000] {processor.py:826} INFO - Processing file /opt/airflow/dags/product_generator_dag.py for tasks to queue
[2024-07-03T23:58:51.290+0000] {logging_mixin.py:149} INFO - [2024-07-03T23:58:51.290+0000] {dagbag.py:541} INFO - Filling up the DagBag from /opt/airflow/dags/product_generator_dag.py
[2024-07-03T23:58:51.298+0000] {processor.py:836} INFO - DAG(s) dict_keys(['product_generator']) retrieved from /opt/airflow/dags/product_generator_dag.py
[2024-07-03T23:58:51.315+0000] {logging_mixin.py:149} INFO - [2024-07-03T23:58:51.315+0000] {dag.py:2726} INFO - Sync 1 DAGs
[2024-07-03T23:58:51.327+0000] {logging_mixin.py:149} INFO - [2024-07-03T23:58:51.327+0000] {dag.py:3486} INFO - Setting next_dagrun for product_generator to None, run_after=None
[2024-07-03T23:58:51.339+0000] {processor.py:179} INFO - Processing /opt/airflow/dags/product_generator_dag.py took 0.052 seconds
[2024-07-03T23:59:21.729+0000] {processor.py:157} INFO - Started process (PID=1091) to work on /opt/airflow/dags/product_generator_dag.py
[2024-07-03T23:59:21.730+0000] {processor.py:826} INFO - Processing file /opt/airflow/dags/product_generator_dag.py for tasks to queue
[2024-07-03T23:59:21.730+0000] {logging_mixin.py:149} INFO - [2024-07-03T23:59:21.730+0000] {dagbag.py:541} INFO - Filling up the DagBag from /opt/airflow/dags/product_generator_dag.py
[2024-07-03T23:59:21.738+0000] {processor.py:836} INFO - DAG(s) dict_keys(['product_generator']) retrieved from /opt/airflow/dags/product_generator_dag.py
[2024-07-03T23:59:21.756+0000] {logging_mixin.py:149} INFO - [2024-07-03T23:59:21.756+0000] {dag.py:2726} INFO - Sync 1 DAGs
[2024-07-03T23:59:21.769+0000] {logging_mixin.py:149} INFO - [2024-07-03T23:59:21.768+0000] {dag.py:3486} INFO - Setting next_dagrun for product_generator to None, run_after=None
[2024-07-03T23:59:21.776+0000] {processor.py:179} INFO - Processing /opt/airflow/dags/product_generator_dag.py took 0.050 seconds
[2024-07-03T23:59:52.192+0000] {processor.py:157} INFO - Started process (PID=1104) to work on /opt/airflow/dags/product_generator_dag.py
[2024-07-03T23:59:52.193+0000] {processor.py:826} INFO - Processing file /opt/airflow/dags/product_generator_dag.py for tasks to queue
[2024-07-03T23:59:52.194+0000] {logging_mixin.py:149} INFO - [2024-07-03T23:59:52.193+0000] {dagbag.py:541} INFO - Filling up the DagBag from /opt/airflow/dags/product_generator_dag.py
[2024-07-03T23:59:52.202+0000] {processor.py:836} INFO - DAG(s) dict_keys(['product_generator']) retrieved from /opt/airflow/dags/product_generator_dag.py
[2024-07-03T23:59:52.220+0000] {logging_mixin.py:149} INFO - [2024-07-03T23:59:52.220+0000] {dag.py:2726} INFO - Sync 1 DAGs
[2024-07-03T23:59:52.231+0000] {logging_mixin.py:149} INFO - [2024-07-03T23:59:52.231+0000] {dag.py:3486} INFO - Setting next_dagrun for product_generator to None, run_after=None
[2024-07-03T23:59:52.240+0000] {processor.py:179} INFO - Processing /opt/airflow/dags/product_generator_dag.py took 0.051 seconds
