[2024-07-04T00:23:38.737+0000] {taskinstance.py:1103} INFO - Dependencies all met for dep_context=non-requeueable deps ti=<TaskInstance: marketing_generator.inser_email_marketing scheduled__2024-07-02T19:00:00+00:00 [queued]>
[2024-07-04T00:23:38.740+0000] {taskinstance.py:1103} INFO - Dependencies all met for dep_context=requeueable deps ti=<TaskInstance: marketing_generator.inser_email_marketing scheduled__2024-07-02T19:00:00+00:00 [queued]>
[2024-07-04T00:23:38.740+0000] {taskinstance.py:1308} INFO - Starting attempt 1 of 2
[2024-07-04T00:23:38.745+0000] {taskinstance.py:1327} INFO - Executing <Task(PythonOperator): inser_email_marketing> on 2024-07-02 19:00:00+00:00
[2024-07-04T00:23:38.746+0000] {standard_task_runner.py:57} INFO - Started process 1736 to run task
[2024-07-04T00:23:38.747+0000] {standard_task_runner.py:84} INFO - Running: ['airflow', 'tasks', 'run', 'marketing_generator', 'inser_email_marketing', 'scheduled__2024-07-02T19:00:00+00:00', '--job-id', '598', '--raw', '--subdir', 'DAGS_FOLDER/marketing_generator_dag.py', '--cfg-path', '/tmp/tmp9exqlp08']
[2024-07-04T00:23:38.748+0000] {standard_task_runner.py:85} INFO - Job 598: Subtask inser_email_marketing
[2024-07-04T00:23:38.768+0000] {task_command.py:410} INFO - Running <TaskInstance: marketing_generator.inser_email_marketing scheduled__2024-07-02T19:00:00+00:00 [running]> on host a4053733dbc4
[2024-07-04T00:23:38.803+0000] {taskinstance.py:1545} INFO - Exporting env vars: AIRFLOW_CTX_DAG_OWNER='airflow' AIRFLOW_CTX_DAG_ID='marketing_generator' AIRFLOW_CTX_TASK_ID='inser_email_marketing' AIRFLOW_CTX_EXECUTION_DATE='2024-07-02T19:00:00+00:00' AIRFLOW_CTX_TRY_NUMBER='1' AIRFLOW_CTX_DAG_RUN_ID='scheduled__2024-07-02T19:00:00+00:00'
[2024-07-04T00:23:38.803+0000] {logging_mixin.py:149} INFO - Inserting data into email_marketing from /opt/airflow/generator/fake_email_marketing_data.json...
[2024-07-04T00:23:38.816+0000] {logging_mixin.py:149} INFO - Error inserting data into email_marketing: not all arguments converted during string formatting
[2024-07-04T00:23:38.816+0000] {taskinstance.py:1824} ERROR - Task failed with exception
Traceback (most recent call last):
  File "/home/airflow/.local/lib/python3.9/site-packages/airflow/operators/python.py", line 181, in execute
    return_value = self.execute_callable()
  File "/home/airflow/.local/lib/python3.9/site-packages/airflow/operators/python.py", line 198, in execute_callable
    return self.python_callable(*self.op_args, **self.op_kwargs)
  File "/opt/airflow/dags/marketing_generator_dag.py", line 66, in insert_email_marketing
    insert_data("/opt/airflow/generator/fake_email_marketing_data.json", "email_marketing", insert_email_marketing_query)
  File "/opt/airflow/dags/marketing_generator_dag.py", line 60, in insert_data
    raise e
  File "/opt/airflow/dags/marketing_generator_dag.py", line 52, in insert_data
    cursor.execute(insert_query, tuple(record.values()))
TypeError: not all arguments converted during string formatting
[2024-07-04T00:23:38.821+0000] {taskinstance.py:1345} INFO - Marking task as UP_FOR_RETRY. dag_id=marketing_generator, task_id=inser_email_marketing, execution_date=20240702T190000, start_date=20240704T002338, end_date=20240704T002338
[2024-07-04T00:23:38.825+0000] {standard_task_runner.py:104} ERROR - Failed to execute job 598 for task inser_email_marketing (not all arguments converted during string formatting; 1736)
[2024-07-04T00:23:38.851+0000] {local_task_job_runner.py:225} INFO - Task exited with return code 1
[2024-07-04T00:23:38.860+0000] {taskinstance.py:2651} INFO - 0 downstream tasks scheduled from follow-on schedule check
