[2024-07-02T22:55:14.638+0000] {taskinstance.py:1103} INFO - Dependencies all met for dep_context=non-requeueable deps ti=<TaskInstance: ecomm_data_pipeline.generate_data scheduled__2024-07-02T02:30:00+00:00 [queued]>
[2024-07-02T22:55:14.642+0000] {taskinstance.py:1103} INFO - Dependencies all met for dep_context=requeueable deps ti=<TaskInstance: ecomm_data_pipeline.generate_data scheduled__2024-07-02T02:30:00+00:00 [queued]>
[2024-07-02T22:55:14.643+0000] {taskinstance.py:1308} INFO - Starting attempt 1 of 2
[2024-07-02T22:55:14.647+0000] {taskinstance.py:1327} INFO - Executing <Task(PythonOperator): generate_data> on 2024-07-02 02:30:00+00:00
[2024-07-02T22:55:14.648+0000] {standard_task_runner.py:57} INFO - Started process 62 to run task
[2024-07-02T22:55:14.650+0000] {standard_task_runner.py:84} INFO - Running: ['airflow', 'tasks', 'run', 'ecomm_data_pipeline', 'generate_data', 'scheduled__2024-07-02T02:30:00+00:00', '--job-id', '71', '--raw', '--subdir', 'DAGS_FOLDER/ecomm_dag.py', '--cfg-path', '/tmp/tmpab2vb3zi']
[2024-07-02T22:55:14.651+0000] {standard_task_runner.py:85} INFO - Job 71: Subtask generate_data
[2024-07-02T22:55:14.671+0000] {task_command.py:410} INFO - Running <TaskInstance: ecomm_data_pipeline.generate_data scheduled__2024-07-02T02:30:00+00:00 [running]> on host 5b8fb0180af8
[2024-07-02T22:55:14.705+0000] {taskinstance.py:1545} INFO - Exporting env vars: AIRFLOW_CTX_DAG_OWNER='airflow' AIRFLOW_CTX_DAG_ID='ecomm_data_pipeline' AIRFLOW_CTX_TASK_ID='generate_data' AIRFLOW_CTX_EXECUTION_DATE='2024-07-02T02:30:00+00:00' AIRFLOW_CTX_TRY_NUMBER='1' AIRFLOW_CTX_DAG_RUN_ID='scheduled__2024-07-02T02:30:00+00:00'
[2024-07-02T22:55:14.932+0000] {local_task_job_runner.py:225} INFO - Task exited with return code 1
[2024-07-02T22:55:14.941+0000] {taskinstance.py:2651} INFO - 0 downstream tasks scheduled from follow-on schedule check
[2024-07-03T00:14:51.333+0000] {taskinstance.py:1103} INFO - Dependencies all met for dep_context=non-requeueable deps ti=<TaskInstance: ecomm_data_pipeline.generate_data scheduled__2024-07-02T02:30:00+00:00 [queued]>
[2024-07-03T00:14:51.340+0000] {taskinstance.py:1103} INFO - Dependencies all met for dep_context=requeueable deps ti=<TaskInstance: ecomm_data_pipeline.generate_data scheduled__2024-07-02T02:30:00+00:00 [queued]>
[2024-07-03T00:14:51.341+0000] {taskinstance.py:1308} INFO - Starting attempt 1 of 2
[2024-07-03T00:14:51.351+0000] {taskinstance.py:1327} INFO - Executing <Task(PythonOperator): generate_data> on 2024-07-02 02:30:00+00:00
[2024-07-03T00:14:51.353+0000] {standard_task_runner.py:57} INFO - Started process 292 to run task
[2024-07-03T00:14:51.355+0000] {standard_task_runner.py:84} INFO - Running: ['airflow', 'tasks', 'run', 'ecomm_data_pipeline', 'generate_data', 'scheduled__2024-07-02T02:30:00+00:00', '--job-id', '164', '--raw', '--subdir', 'DAGS_FOLDER/ecomm_dag.py', '--cfg-path', '/tmp/tmpd38hsnov']
[2024-07-03T00:14:51.357+0000] {standard_task_runner.py:85} INFO - Job 164: Subtask generate_data
[2024-07-03T00:14:51.399+0000] {task_command.py:410} INFO - Running <TaskInstance: ecomm_data_pipeline.generate_data scheduled__2024-07-02T02:30:00+00:00 [running]> on host a91436ab9950
[2024-07-03T00:14:51.453+0000] {taskinstance.py:1545} INFO - Exporting env vars: AIRFLOW_CTX_DAG_OWNER='airflow' AIRFLOW_CTX_DAG_ID='ecomm_data_pipeline' AIRFLOW_CTX_TASK_ID='generate_data' AIRFLOW_CTX_EXECUTION_DATE='2024-07-02T02:30:00+00:00' AIRFLOW_CTX_TRY_NUMBER='1' AIRFLOW_CTX_DAG_RUN_ID='scheduled__2024-07-02T02:30:00+00:00'
[2024-07-03T00:14:51.457+0000] {logging_mixin.py:149} INFO - Running data generation script...
[2024-07-03T00:14:51.921+0000] {logging_mixin.py:149} INFO - 2024-07-03 00:14:51,672 - INFO - Generating fake user data...
2024-07-03 00:14:51,742 - INFO - Generated 288 users.
2024-07-03 00:14:51,742 - INFO - Generating fake clickstream events...
2024-07-03 00:14:51,742 - INFO - Generated 24 clickstream events.
2024-07-03 00:14:51,742 - INFO - Generating fake transaction data...
2024-07-03 00:14:51,743 - INFO - Generated 37 transaction data records.
2024-07-03 00:14:51,743 - INFO - Generating fake Google Search marketing data...
2024-07-03 00:14:51,757 - INFO - Generated 1000 Google Search marketing data records.
2024-07-03 00:14:51,757 - INFO - Generating fake Email Marketing data...
2024-07-03 00:14:51,866 - INFO - Generated 1000 Email Marketing data records.
2024-07-03 00:14:51,866 - INFO - Generating fake Facebook data...
2024-07-03 00:14:51,882 - INFO - Generated 1000 Facebook data records.
2024-07-03 00:14:51,882 - INFO - Writing generated data to JSON files...
2024-07-03 00:14:51,914 - INFO - Data generation complete. Sleeping for 10 minutes...
[2024-07-03T00:14:51.922+0000] {python.py:183} INFO - Done. Returned value was: None
[2024-07-03T00:14:51.927+0000] {taskinstance.py:1345} INFO - Marking task as SUCCESS. dag_id=ecomm_data_pipeline, task_id=generate_data, execution_date=20240702T023000, start_date=20240703T001451, end_date=20240703T001451
[2024-07-03T00:14:51.969+0000] {local_task_job_runner.py:225} INFO - Task exited with return code 0
[2024-07-03T00:14:51.981+0000] {taskinstance.py:2651} INFO - 6 downstream tasks scheduled from follow-on schedule check
