[2024-07-03T00:10:25.867+0000] {taskinstance.py:1103} INFO - Dependencies all met for dep_context=non-requeueable deps ti=<TaskInstance: ecomm_data_pipeline.insert_email_marketing scheduled__2024-07-02T01:00:00+00:00 [queued]>
[2024-07-03T00:10:25.870+0000] {taskinstance.py:1103} INFO - Dependencies all met for dep_context=requeueable deps ti=<TaskInstance: ecomm_data_pipeline.insert_email_marketing scheduled__2024-07-02T01:00:00+00:00 [queued]>
[2024-07-03T00:10:25.870+0000] {taskinstance.py:1308} INFO - Starting attempt 1 of 2
[2024-07-03T00:10:25.874+0000] {taskinstance.py:1327} INFO - Executing <Task(PythonOperator): insert_email_marketing> on 2024-07-02 01:00:00+00:00
[2024-07-03T00:10:25.875+0000] {standard_task_runner.py:57} INFO - Started process 102 to run task
[2024-07-03T00:10:25.877+0000] {standard_task_runner.py:84} INFO - Running: ['airflow', 'tasks', 'run', 'ecomm_data_pipeline', 'insert_email_marketing', 'scheduled__2024-07-02T01:00:00+00:00', '--job-id', '118', '--raw', '--subdir', 'DAGS_FOLDER/ecomm_dag.py', '--cfg-path', '/tmp/tmp6rfxn_9c']
[2024-07-03T00:10:25.877+0000] {standard_task_runner.py:85} INFO - Job 118: Subtask insert_email_marketing
[2024-07-03T00:10:25.896+0000] {task_command.py:410} INFO - Running <TaskInstance: ecomm_data_pipeline.insert_email_marketing scheduled__2024-07-02T01:00:00+00:00 [running]> on host a91436ab9950
[2024-07-03T00:10:25.930+0000] {taskinstance.py:1545} INFO - Exporting env vars: AIRFLOW_CTX_DAG_OWNER='airflow' AIRFLOW_CTX_DAG_ID='ecomm_data_pipeline' AIRFLOW_CTX_TASK_ID='insert_email_marketing' AIRFLOW_CTX_EXECUTION_DATE='2024-07-02T01:00:00+00:00' AIRFLOW_CTX_TRY_NUMBER='1' AIRFLOW_CTX_DAG_RUN_ID='scheduled__2024-07-02T01:00:00+00:00'
[2024-07-03T00:10:25.931+0000] {logging_mixin.py:149} INFO - Inserting data into email_marketing from /opt/airflow/generator/fake_email_marketing_data.json...
[2024-07-03T00:10:25.933+0000] {logging_mixin.py:149} INFO - Error inserting data into email_marketing: could not connect to server: Connection refused
	Is the server running on host "localhost" (::1) and accepting
	TCP/IP connections on port 5432?
could not connect to server: Connection refused
	Is the server running on host "localhost" (127.0.0.1) and accepting
	TCP/IP connections on port 5432?
[2024-07-03T00:10:25.933+0000] {python.py:183} INFO - Done. Returned value was: None
[2024-07-03T00:10:25.937+0000] {taskinstance.py:1345} INFO - Marking task as SUCCESS. dag_id=ecomm_data_pipeline, task_id=insert_email_marketing, execution_date=20240702T010000, start_date=20240703T001025, end_date=20240703T001025
[2024-07-03T00:10:25.984+0000] {local_task_job_runner.py:225} INFO - Task exited with return code 0
[2024-07-03T00:10:25.992+0000] {taskinstance.py:2651} INFO - 0 downstream tasks scheduled from follow-on schedule check
