[2024-06-27T22:37:14.727+0000] {local_task_job_runner.py:120} INFO - ::group::Pre task execution logs
[2024-06-27T22:37:14.737+0000] {taskinstance.py:2076} INFO - Dependencies all met for dep_context=non-requeueable deps ti=<TaskInstance: ecomm_data_pipeline.generate_and_insert_data scheduled__2023-01-01T21:40:00+00:00 [queued]>
[2024-06-27T22:37:14.739+0000] {taskinstance.py:2076} INFO - Dependencies all met for dep_context=requeueable deps ti=<TaskInstance: ecomm_data_pipeline.generate_and_insert_data scheduled__2023-01-01T21:40:00+00:00 [queued]>
[2024-06-27T22:37:14.740+0000] {taskinstance.py:2306} INFO - Starting attempt 1 of 2
[2024-06-27T22:37:14.744+0000] {taskinstance.py:2330} INFO - Executing <Task(PythonOperator): generate_and_insert_data> on 2023-01-01 21:40:00+00:00
[2024-06-27T22:37:14.746+0000] {standard_task_runner.py:63} INFO - Started process 2164 to run task
[2024-06-27T22:37:14.747+0000] {standard_task_runner.py:90} INFO - Running: ['airflow', 'tasks', 'run', 'ecomm_data_pipeline', 'generate_and_insert_data', 'scheduled__2023-01-01T21:40:00+00:00', '--job-id', '149', '--raw', '--subdir', 'DAGS_FOLDER/ecomm_dag.py', '--cfg-path', '/tmp/tmppy3hrl1c']
[2024-06-27T22:37:14.747+0000] {standard_task_runner.py:91} INFO - Job 149: Subtask generate_and_insert_data
[2024-06-27T22:37:14.764+0000] {task_command.py:426} INFO - Running <TaskInstance: ecomm_data_pipeline.generate_and_insert_data scheduled__2023-01-01T21:40:00+00:00 [running]> on host 9174587f6b1d
[2024-06-27T22:37:14.793+0000] {taskinstance.py:2648} INFO - Exporting env vars: AIRFLOW_CTX_DAG_OWNER='airflow' AIRFLOW_CTX_DAG_ID='ecomm_data_pipeline' AIRFLOW_CTX_TASK_ID='generate_and_insert_data' AIRFLOW_CTX_EXECUTION_DATE='2023-01-01T21:40:00+00:00' AIRFLOW_CTX_TRY_NUMBER='1' AIRFLOW_CTX_DAG_RUN_ID='scheduled__2023-01-01T21:40:00+00:00'
[2024-06-27T22:37:14.793+0000] {taskinstance.py:430} INFO - ::endgroup::
[2024-06-27T22:37:14.830+0000] {logging_mixin.py:188} INFO - Error in generate_and_insert_data: Command '['python3', './generator/ecomm_generator.py']' returned non-zero exit status 2.
[2024-06-27T22:37:14.830+0000] {python.py:237} INFO - Done. Returned value was: None
[2024-06-27T22:37:14.831+0000] {taskinstance.py:441} INFO - ::group::Post task execution logs
[2024-06-27T22:37:14.835+0000] {taskinstance.py:1206} INFO - Marking task as SUCCESS. dag_id=ecomm_data_pipeline, task_id=generate_and_insert_data, run_id=scheduled__2023-01-01T21:40:00+00:00, execution_date=20230101T214000, start_date=20240627T223714, end_date=20240627T223714
[2024-06-27T22:37:14.850+0000] {local_task_job_runner.py:240} INFO - Task exited with return code 0
[2024-06-27T22:37:14.857+0000] {taskinstance.py:3503} INFO - 0 downstream tasks scheduled from follow-on schedule check
[2024-06-27T22:37:14.857+0000] {local_task_job_runner.py:222} INFO - ::endgroup::
[2024-06-29T21:40:41.196+0000] {local_task_job_runner.py:120} INFO - ::group::Pre task execution logs
[2024-06-29T21:40:41.206+0000] {taskinstance.py:2076} INFO - Dependencies all met for dep_context=non-requeueable deps ti=<TaskInstance: ecomm_data_pipeline.generate_and_insert_data scheduled__2023-01-01T21:40:00+00:00 [queued]>
[2024-06-29T21:40:41.208+0000] {taskinstance.py:2076} INFO - Dependencies all met for dep_context=requeueable deps ti=<TaskInstance: ecomm_data_pipeline.generate_and_insert_data scheduled__2023-01-01T21:40:00+00:00 [queued]>
[2024-06-29T21:40:41.208+0000] {taskinstance.py:2306} INFO - Starting attempt 1 of 2
[2024-06-29T21:40:41.212+0000] {taskinstance.py:2330} INFO - Executing <Task(PythonOperator): generate_and_insert_data> on 2023-01-01 21:40:00+00:00
[2024-06-29T21:40:41.214+0000] {standard_task_runner.py:63} INFO - Started process 1933 to run task
[2024-06-29T21:40:41.215+0000] {standard_task_runner.py:90} INFO - Running: ['airflow', 'tasks', 'run', 'ecomm_data_pipeline', 'generate_and_insert_data', 'scheduled__2023-01-01T21:40:00+00:00', '--job-id', '132', '--raw', '--subdir', 'DAGS_FOLDER/ecomm_dag.py', '--cfg-path', '/tmp/tmpfg2ebnsw']
[2024-06-29T21:40:41.216+0000] {standard_task_runner.py:91} INFO - Job 132: Subtask generate_and_insert_data
[2024-06-29T21:40:41.233+0000] {task_command.py:426} INFO - Running <TaskInstance: ecomm_data_pipeline.generate_and_insert_data scheduled__2023-01-01T21:40:00+00:00 [running]> on host afcb6fbf9265
[2024-06-29T21:40:41.261+0000] {taskinstance.py:2648} INFO - Exporting env vars: AIRFLOW_CTX_DAG_OWNER='airflow' AIRFLOW_CTX_DAG_ID='ecomm_data_pipeline' AIRFLOW_CTX_TASK_ID='generate_and_insert_data' AIRFLOW_CTX_EXECUTION_DATE='2023-01-01T21:40:00+00:00' AIRFLOW_CTX_TRY_NUMBER='1' AIRFLOW_CTX_DAG_RUN_ID='scheduled__2023-01-01T21:40:00+00:00'
[2024-06-29T21:40:41.261+0000] {taskinstance.py:430} INFO - ::endgroup::
[2024-06-29T21:40:41.318+0000] {logging_mixin.py:188} INFO - Error in generate_and_insert_data: Command '['python3', '/opt/airflow/generator/ecomm_generator.py']' returned non-zero exit status 1.
[2024-06-29T21:40:41.318+0000] {logging_mixin.py:188} INFO - stdout: 
[2024-06-29T21:40:41.318+0000] {logging_mixin.py:188} INFO - stderr: Traceback (most recent call last):
  File "/opt/airflow/generator/ecomm_generator.py", line 4, in <module>
    from faker import Faker
ModuleNotFoundError: No module named 'faker'
[2024-06-29T21:40:41.318+0000] {python.py:237} INFO - Done. Returned value was: None
[2024-06-29T21:40:41.318+0000] {taskinstance.py:441} INFO - ::group::Post task execution logs
[2024-06-29T21:40:41.323+0000] {taskinstance.py:1206} INFO - Marking task as SUCCESS. dag_id=ecomm_data_pipeline, task_id=generate_and_insert_data, run_id=scheduled__2023-01-01T21:40:00+00:00, execution_date=20230101T214000, start_date=20240629T214041, end_date=20240629T214041
[2024-06-29T21:40:41.362+0000] {local_task_job_runner.py:240} INFO - Task exited with return code 0
[2024-06-29T21:40:41.369+0000] {taskinstance.py:3503} INFO - 0 downstream tasks scheduled from follow-on schedule check
[2024-06-29T21:40:41.370+0000] {local_task_job_runner.py:222} INFO - ::endgroup::
[2024-06-29T22:04:30.839+0000] {local_task_job_runner.py:120} INFO - ::group::Pre task execution logs
[2024-06-29T22:04:30.849+0000] {taskinstance.py:2076} INFO - Dependencies all met for dep_context=non-requeueable deps ti=<TaskInstance: ecomm_data_pipeline.generate_and_insert_data scheduled__2023-01-01T21:40:00+00:00 [queued]>
[2024-06-29T22:04:30.852+0000] {taskinstance.py:2076} INFO - Dependencies all met for dep_context=requeueable deps ti=<TaskInstance: ecomm_data_pipeline.generate_and_insert_data scheduled__2023-01-01T21:40:00+00:00 [queued]>
[2024-06-29T22:04:30.852+0000] {taskinstance.py:2306} INFO - Starting attempt 1 of 2
[2024-06-29T22:04:30.857+0000] {taskinstance.py:2330} INFO - Executing <Task(PythonOperator): generate_and_insert_data> on 2023-01-01 21:40:00+00:00
[2024-06-29T22:04:30.859+0000] {standard_task_runner.py:63} INFO - Started process 1933 to run task
[2024-06-29T22:04:30.860+0000] {standard_task_runner.py:90} INFO - Running: ['airflow', 'tasks', 'run', 'ecomm_data_pipeline', 'generate_and_insert_data', 'scheduled__2023-01-01T21:40:00+00:00', '--job-id', '132', '--raw', '--subdir', 'DAGS_FOLDER/ecomm_dag.py', '--cfg-path', '/tmp/tmp_vkc6oxh']
[2024-06-29T22:04:30.861+0000] {standard_task_runner.py:91} INFO - Job 132: Subtask generate_and_insert_data
[2024-06-29T22:04:30.879+0000] {task_command.py:426} INFO - Running <TaskInstance: ecomm_data_pipeline.generate_and_insert_data scheduled__2023-01-01T21:40:00+00:00 [running]> on host 799998b0d26e
[2024-06-29T22:04:30.910+0000] {taskinstance.py:2648} INFO - Exporting env vars: AIRFLOW_CTX_DAG_OWNER='airflow' AIRFLOW_CTX_DAG_ID='ecomm_data_pipeline' AIRFLOW_CTX_TASK_ID='generate_and_insert_data' AIRFLOW_CTX_EXECUTION_DATE='2023-01-01T21:40:00+00:00' AIRFLOW_CTX_TRY_NUMBER='1' AIRFLOW_CTX_DAG_RUN_ID='scheduled__2023-01-01T21:40:00+00:00'
[2024-06-29T22:04:30.911+0000] {taskinstance.py:430} INFO - ::endgroup::
[2024-06-29T22:04:30.970+0000] {logging_mixin.py:188} INFO - Error in generate_and_insert_data: Command '['python3', '/opt/airflow/generator/ecomm_generator.py']' returned non-zero exit status 1.
[2024-06-29T22:04:30.970+0000] {logging_mixin.py:188} INFO - stdout: 
[2024-06-29T22:04:30.970+0000] {logging_mixin.py:188} INFO - stderr: Traceback (most recent call last):
  File "/opt/airflow/generator/ecomm_generator.py", line 4, in <module>
    from faker import Faker
ModuleNotFoundError: No module named 'faker'
[2024-06-29T22:04:30.970+0000] {python.py:237} INFO - Done. Returned value was: None
[2024-06-29T22:04:30.971+0000] {taskinstance.py:441} INFO - ::group::Post task execution logs
[2024-06-29T22:04:30.976+0000] {taskinstance.py:1206} INFO - Marking task as SUCCESS. dag_id=ecomm_data_pipeline, task_id=generate_and_insert_data, run_id=scheduled__2023-01-01T21:40:00+00:00, execution_date=20230101T214000, start_date=20240629T220430, end_date=20240629T220430
[2024-06-29T22:04:31.010+0000] {local_task_job_runner.py:240} INFO - Task exited with return code 0
[2024-06-29T22:04:31.017+0000] {taskinstance.py:3503} INFO - 0 downstream tasks scheduled from follow-on schedule check
[2024-06-29T22:04:31.018+0000] {local_task_job_runner.py:222} INFO - ::endgroup::
