[2024-06-27T22:36:56.879+0000] {local_task_job_runner.py:120} INFO - ::group::Pre task execution logs
[2024-06-27T22:36:56.889+0000] {taskinstance.py:2076} INFO - Dependencies all met for dep_context=non-requeueable deps ti=<TaskInstance: ecomm_data_pipeline.generate_and_insert_data scheduled__2023-01-01T20:00:00+00:00 [queued]>
[2024-06-27T22:36:56.891+0000] {taskinstance.py:2076} INFO - Dependencies all met for dep_context=requeueable deps ti=<TaskInstance: ecomm_data_pipeline.generate_and_insert_data scheduled__2023-01-01T20:00:00+00:00 [queued]>
[2024-06-27T22:36:56.891+0000] {taskinstance.py:2306} INFO - Starting attempt 1 of 2
[2024-06-27T22:36:56.896+0000] {taskinstance.py:2330} INFO - Executing <Task(PythonOperator): generate_and_insert_data> on 2023-01-01 20:00:00+00:00
[2024-06-27T22:36:56.897+0000] {standard_task_runner.py:63} INFO - Started process 2024 to run task
[2024-06-27T22:36:56.898+0000] {standard_task_runner.py:90} INFO - Running: ['airflow', 'tasks', 'run', 'ecomm_data_pipeline', 'generate_and_insert_data', 'scheduled__2023-01-01T20:00:00+00:00', '--job-id', '139', '--raw', '--subdir', 'DAGS_FOLDER/ecomm_dag.py', '--cfg-path', '/tmp/tmpxdzztkcy']
[2024-06-27T22:36:56.899+0000] {standard_task_runner.py:91} INFO - Job 139: Subtask generate_and_insert_data
[2024-06-27T22:36:56.915+0000] {task_command.py:426} INFO - Running <TaskInstance: ecomm_data_pipeline.generate_and_insert_data scheduled__2023-01-01T20:00:00+00:00 [running]> on host 9174587f6b1d
[2024-06-27T22:36:56.943+0000] {taskinstance.py:2648} INFO - Exporting env vars: AIRFLOW_CTX_DAG_OWNER='airflow' AIRFLOW_CTX_DAG_ID='ecomm_data_pipeline' AIRFLOW_CTX_TASK_ID='generate_and_insert_data' AIRFLOW_CTX_EXECUTION_DATE='2023-01-01T20:00:00+00:00' AIRFLOW_CTX_TRY_NUMBER='1' AIRFLOW_CTX_DAG_RUN_ID='scheduled__2023-01-01T20:00:00+00:00'
[2024-06-27T22:36:56.943+0000] {taskinstance.py:430} INFO - ::endgroup::
[2024-06-27T22:36:56.977+0000] {logging_mixin.py:188} INFO - Error in generate_and_insert_data: Command '['python3', './generator/ecomm_generator.py']' returned non-zero exit status 2.
[2024-06-27T22:36:56.977+0000] {python.py:237} INFO - Done. Returned value was: None
[2024-06-27T22:36:56.977+0000] {taskinstance.py:441} INFO - ::group::Post task execution logs
[2024-06-27T22:36:56.982+0000] {taskinstance.py:1206} INFO - Marking task as SUCCESS. dag_id=ecomm_data_pipeline, task_id=generate_and_insert_data, run_id=scheduled__2023-01-01T20:00:00+00:00, execution_date=20230101T200000, start_date=20240627T223656, end_date=20240627T223656
[2024-06-27T22:36:57.005+0000] {local_task_job_runner.py:240} INFO - Task exited with return code 0
[2024-06-27T22:36:57.012+0000] {taskinstance.py:3503} INFO - 0 downstream tasks scheduled from follow-on schedule check
[2024-06-27T22:36:57.012+0000] {local_task_job_runner.py:222} INFO - ::endgroup::
[2024-06-29T21:40:23.378+0000] {local_task_job_runner.py:120} INFO - ::group::Pre task execution logs
[2024-06-29T21:40:23.387+0000] {taskinstance.py:2076} INFO - Dependencies all met for dep_context=non-requeueable deps ti=<TaskInstance: ecomm_data_pipeline.generate_and_insert_data scheduled__2023-01-01T20:00:00+00:00 [queued]>
[2024-06-29T21:40:23.390+0000] {taskinstance.py:2076} INFO - Dependencies all met for dep_context=requeueable deps ti=<TaskInstance: ecomm_data_pipeline.generate_and_insert_data scheduled__2023-01-01T20:00:00+00:00 [queued]>
[2024-06-29T21:40:23.390+0000] {taskinstance.py:2306} INFO - Starting attempt 1 of 2
[2024-06-29T21:40:23.394+0000] {taskinstance.py:2330} INFO - Executing <Task(PythonOperator): generate_and_insert_data> on 2023-01-01 20:00:00+00:00
[2024-06-29T21:40:23.396+0000] {standard_task_runner.py:63} INFO - Started process 1784 to run task
[2024-06-29T21:40:23.397+0000] {standard_task_runner.py:90} INFO - Running: ['airflow', 'tasks', 'run', 'ecomm_data_pipeline', 'generate_and_insert_data', 'scheduled__2023-01-01T20:00:00+00:00', '--job-id', '122', '--raw', '--subdir', 'DAGS_FOLDER/ecomm_dag.py', '--cfg-path', '/tmp/tmpo7tiqt9m']
[2024-06-29T21:40:23.398+0000] {standard_task_runner.py:91} INFO - Job 122: Subtask generate_and_insert_data
[2024-06-29T21:40:23.414+0000] {task_command.py:426} INFO - Running <TaskInstance: ecomm_data_pipeline.generate_and_insert_data scheduled__2023-01-01T20:00:00+00:00 [running]> on host afcb6fbf9265
[2024-06-29T21:40:23.443+0000] {taskinstance.py:2648} INFO - Exporting env vars: AIRFLOW_CTX_DAG_OWNER='airflow' AIRFLOW_CTX_DAG_ID='ecomm_data_pipeline' AIRFLOW_CTX_TASK_ID='generate_and_insert_data' AIRFLOW_CTX_EXECUTION_DATE='2023-01-01T20:00:00+00:00' AIRFLOW_CTX_TRY_NUMBER='1' AIRFLOW_CTX_DAG_RUN_ID='scheduled__2023-01-01T20:00:00+00:00'
[2024-06-29T21:40:23.443+0000] {taskinstance.py:430} INFO - ::endgroup::
[2024-06-29T21:40:23.499+0000] {logging_mixin.py:188} INFO - Error in generate_and_insert_data: Command '['python3', '/opt/airflow/generator/ecomm_generator.py']' returned non-zero exit status 1.
[2024-06-29T21:40:23.499+0000] {logging_mixin.py:188} INFO - stdout: 
[2024-06-29T21:40:23.499+0000] {logging_mixin.py:188} INFO - stderr: Traceback (most recent call last):
  File "/opt/airflow/generator/ecomm_generator.py", line 4, in <module>
    from faker import Faker
ModuleNotFoundError: No module named 'faker'
[2024-06-29T21:40:23.499+0000] {python.py:237} INFO - Done. Returned value was: None
[2024-06-29T21:40:23.499+0000] {taskinstance.py:441} INFO - ::group::Post task execution logs
[2024-06-29T21:40:23.504+0000] {taskinstance.py:1206} INFO - Marking task as SUCCESS. dag_id=ecomm_data_pipeline, task_id=generate_and_insert_data, run_id=scheduled__2023-01-01T20:00:00+00:00, execution_date=20230101T200000, start_date=20240629T214023, end_date=20240629T214023
[2024-06-29T21:40:23.549+0000] {local_task_job_runner.py:240} INFO - Task exited with return code 0
[2024-06-29T21:40:23.556+0000] {taskinstance.py:3503} INFO - 0 downstream tasks scheduled from follow-on schedule check
[2024-06-29T21:40:23.556+0000] {local_task_job_runner.py:222} INFO - ::endgroup::
[2024-06-29T22:04:11.758+0000] {local_task_job_runner.py:120} INFO - ::group::Pre task execution logs
[2024-06-29T22:04:11.769+0000] {taskinstance.py:2076} INFO - Dependencies all met for dep_context=non-requeueable deps ti=<TaskInstance: ecomm_data_pipeline.generate_and_insert_data scheduled__2023-01-01T20:00:00+00:00 [queued]>
[2024-06-29T22:04:11.772+0000] {taskinstance.py:2076} INFO - Dependencies all met for dep_context=requeueable deps ti=<TaskInstance: ecomm_data_pipeline.generate_and_insert_data scheduled__2023-01-01T20:00:00+00:00 [queued]>
[2024-06-29T22:04:11.772+0000] {taskinstance.py:2306} INFO - Starting attempt 1 of 2
[2024-06-29T22:04:11.777+0000] {taskinstance.py:2330} INFO - Executing <Task(PythonOperator): generate_and_insert_data> on 2023-01-01 20:00:00+00:00
[2024-06-29T22:04:11.779+0000] {standard_task_runner.py:63} INFO - Started process 1784 to run task
[2024-06-29T22:04:11.780+0000] {standard_task_runner.py:90} INFO - Running: ['airflow', 'tasks', 'run', 'ecomm_data_pipeline', 'generate_and_insert_data', 'scheduled__2023-01-01T20:00:00+00:00', '--job-id', '122', '--raw', '--subdir', 'DAGS_FOLDER/ecomm_dag.py', '--cfg-path', '/tmp/tmp9ca2o34b']
[2024-06-29T22:04:11.781+0000] {standard_task_runner.py:91} INFO - Job 122: Subtask generate_and_insert_data
[2024-06-29T22:04:11.799+0000] {task_command.py:426} INFO - Running <TaskInstance: ecomm_data_pipeline.generate_and_insert_data scheduled__2023-01-01T20:00:00+00:00 [running]> on host 799998b0d26e
[2024-06-29T22:04:11.831+0000] {taskinstance.py:2648} INFO - Exporting env vars: AIRFLOW_CTX_DAG_OWNER='airflow' AIRFLOW_CTX_DAG_ID='ecomm_data_pipeline' AIRFLOW_CTX_TASK_ID='generate_and_insert_data' AIRFLOW_CTX_EXECUTION_DATE='2023-01-01T20:00:00+00:00' AIRFLOW_CTX_TRY_NUMBER='1' AIRFLOW_CTX_DAG_RUN_ID='scheduled__2023-01-01T20:00:00+00:00'
[2024-06-29T22:04:11.831+0000] {taskinstance.py:430} INFO - ::endgroup::
[2024-06-29T22:04:11.890+0000] {logging_mixin.py:188} INFO - Error in generate_and_insert_data: Command '['python3', '/opt/airflow/generator/ecomm_generator.py']' returned non-zero exit status 1.
[2024-06-29T22:04:11.891+0000] {logging_mixin.py:188} INFO - stdout: 
[2024-06-29T22:04:11.891+0000] {logging_mixin.py:188} INFO - stderr: Traceback (most recent call last):
  File "/opt/airflow/generator/ecomm_generator.py", line 4, in <module>
    from faker import Faker
ModuleNotFoundError: No module named 'faker'
[2024-06-29T22:04:11.891+0000] {python.py:237} INFO - Done. Returned value was: None
[2024-06-29T22:04:11.891+0000] {taskinstance.py:441} INFO - ::group::Post task execution logs
[2024-06-29T22:04:11.896+0000] {taskinstance.py:1206} INFO - Marking task as SUCCESS. dag_id=ecomm_data_pipeline, task_id=generate_and_insert_data, run_id=scheduled__2023-01-01T20:00:00+00:00, execution_date=20230101T200000, start_date=20240629T220411, end_date=20240629T220411
[2024-06-29T22:04:11.919+0000] {local_task_job_runner.py:240} INFO - Task exited with return code 0
[2024-06-29T22:04:11.926+0000] {taskinstance.py:3503} INFO - 0 downstream tasks scheduled from follow-on schedule check
[2024-06-29T22:04:11.927+0000] {local_task_job_runner.py:222} INFO - ::endgroup::
