[2024-06-27T22:35:26.296+0000] {local_task_job_runner.py:120} INFO - ::group::Pre task execution logs
[2024-06-27T22:35:26.305+0000] {taskinstance.py:2076} INFO - Dependencies all met for dep_context=non-requeueable deps ti=<TaskInstance: ecomm_data_pipeline.generate_and_insert_data scheduled__2023-01-01T12:00:00+00:00 [queued]>
[2024-06-27T22:35:26.308+0000] {taskinstance.py:2076} INFO - Dependencies all met for dep_context=requeueable deps ti=<TaskInstance: ecomm_data_pipeline.generate_and_insert_data scheduled__2023-01-01T12:00:00+00:00 [queued]>
[2024-06-27T22:35:26.308+0000] {taskinstance.py:2306} INFO - Starting attempt 1 of 2
[2024-06-27T22:35:26.312+0000] {taskinstance.py:2330} INFO - Executing <Task(PythonOperator): generate_and_insert_data> on 2023-01-01 12:00:00+00:00
[2024-06-27T22:35:26.313+0000] {standard_task_runner.py:63} INFO - Started process 1322 to run task
[2024-06-27T22:35:26.314+0000] {standard_task_runner.py:90} INFO - Running: ['airflow', 'tasks', 'run', 'ecomm_data_pipeline', 'generate_and_insert_data', 'scheduled__2023-01-01T12:00:00+00:00', '--job-id', '91', '--raw', '--subdir', 'DAGS_FOLDER/ecomm_dag.py', '--cfg-path', '/tmp/tmpsgbtmyld']
[2024-06-27T22:35:26.315+0000] {standard_task_runner.py:91} INFO - Job 91: Subtask generate_and_insert_data
[2024-06-27T22:35:26.331+0000] {task_command.py:426} INFO - Running <TaskInstance: ecomm_data_pipeline.generate_and_insert_data scheduled__2023-01-01T12:00:00+00:00 [running]> on host 9174587f6b1d
[2024-06-27T22:35:26.359+0000] {taskinstance.py:2648} INFO - Exporting env vars: AIRFLOW_CTX_DAG_OWNER='airflow' AIRFLOW_CTX_DAG_ID='ecomm_data_pipeline' AIRFLOW_CTX_TASK_ID='generate_and_insert_data' AIRFLOW_CTX_EXECUTION_DATE='2023-01-01T12:00:00+00:00' AIRFLOW_CTX_TRY_NUMBER='1' AIRFLOW_CTX_DAG_RUN_ID='scheduled__2023-01-01T12:00:00+00:00'
[2024-06-27T22:35:26.359+0000] {taskinstance.py:430} INFO - ::endgroup::
[2024-06-27T22:35:26.392+0000] {logging_mixin.py:188} INFO - Error in generate_and_insert_data: Command '['python3', './generator/ecomm_generator.py']' returned non-zero exit status 2.
[2024-06-27T22:35:26.392+0000] {python.py:237} INFO - Done. Returned value was: None
[2024-06-27T22:35:26.392+0000] {taskinstance.py:441} INFO - ::group::Post task execution logs
[2024-06-27T22:35:26.397+0000] {taskinstance.py:1206} INFO - Marking task as SUCCESS. dag_id=ecomm_data_pipeline, task_id=generate_and_insert_data, run_id=scheduled__2023-01-01T12:00:00+00:00, execution_date=20230101T120000, start_date=20240627T223526, end_date=20240627T223526
[2024-06-27T22:35:26.415+0000] {local_task_job_runner.py:240} INFO - Task exited with return code 0
[2024-06-27T22:35:26.421+0000] {taskinstance.py:3503} INFO - 0 downstream tasks scheduled from follow-on schedule check
[2024-06-27T22:35:26.422+0000] {local_task_job_runner.py:222} INFO - ::endgroup::
[2024-06-28T18:16:46.566+0000] {local_task_job_runner.py:120} INFO - ::group::Pre task execution logs
[2024-06-28T18:16:46.577+0000] {taskinstance.py:2076} INFO - Dependencies all met for dep_context=non-requeueable deps ti=<TaskInstance: ecomm_data_pipeline.generate_and_insert_data scheduled__2023-01-01T12:00:00+00:00 [queued]>
[2024-06-28T18:16:46.580+0000] {taskinstance.py:2076} INFO - Dependencies all met for dep_context=requeueable deps ti=<TaskInstance: ecomm_data_pipeline.generate_and_insert_data scheduled__2023-01-01T12:00:00+00:00 [queued]>
[2024-06-28T18:16:46.580+0000] {taskinstance.py:2306} INFO - Starting attempt 1 of 2
[2024-06-28T18:16:46.584+0000] {taskinstance.py:2330} INFO - Executing <Task(PythonOperator): generate_and_insert_data> on 2023-01-01 12:00:00+00:00
[2024-06-28T18:16:46.586+0000] {standard_task_runner.py:63} INFO - Started process 2057 to run task
[2024-06-28T18:16:46.587+0000] {standard_task_runner.py:90} INFO - Running: ['airflow', 'tasks', 'run', 'ecomm_data_pipeline', 'generate_and_insert_data', 'scheduled__2023-01-01T12:00:00+00:00', '--job-id', '146', '--raw', '--subdir', 'DAGS_FOLDER/ecomm_dag.py', '--cfg-path', '/tmp/tmpwf97uqi7']
[2024-06-28T18:16:46.588+0000] {standard_task_runner.py:91} INFO - Job 146: Subtask generate_and_insert_data
[2024-06-28T18:16:46.605+0000] {task_command.py:426} INFO - Running <TaskInstance: ecomm_data_pipeline.generate_and_insert_data scheduled__2023-01-01T12:00:00+00:00 [running]> on host 08cefd381a1f
[2024-06-28T18:16:46.633+0000] {taskinstance.py:2648} INFO - Exporting env vars: AIRFLOW_CTX_DAG_OWNER='airflow' AIRFLOW_CTX_DAG_ID='ecomm_data_pipeline' AIRFLOW_CTX_TASK_ID='generate_and_insert_data' AIRFLOW_CTX_EXECUTION_DATE='2023-01-01T12:00:00+00:00' AIRFLOW_CTX_TRY_NUMBER='1' AIRFLOW_CTX_DAG_RUN_ID='scheduled__2023-01-01T12:00:00+00:00'
[2024-06-28T18:16:46.633+0000] {taskinstance.py:430} INFO - ::endgroup::
[2024-06-28T18:16:46.691+0000] {logging_mixin.py:188} INFO - Error in generate_and_insert_data: Command '['python3', '/opt/airflow/generator/ecomm_generator.py']' returned non-zero exit status 1.
[2024-06-28T18:16:46.691+0000] {logging_mixin.py:188} INFO - stdout: 
[2024-06-28T18:16:46.691+0000] {logging_mixin.py:188} INFO - stderr: Traceback (most recent call last):
  File "/opt/airflow/generator/ecomm_generator.py", line 4, in <module>
    from faker import Faker
ModuleNotFoundError: No module named 'faker'
[2024-06-28T18:16:46.691+0000] {python.py:237} INFO - Done. Returned value was: None
[2024-06-28T18:16:46.692+0000] {taskinstance.py:441} INFO - ::group::Post task execution logs
[2024-06-28T18:16:46.697+0000] {taskinstance.py:1206} INFO - Marking task as SUCCESS. dag_id=ecomm_data_pipeline, task_id=generate_and_insert_data, run_id=scheduled__2023-01-01T12:00:00+00:00, execution_date=20230101T120000, start_date=20240628T181646, end_date=20240628T181646
[2024-06-28T18:16:46.737+0000] {local_task_job_runner.py:240} INFO - Task exited with return code 0
[2024-06-28T18:16:46.744+0000] {taskinstance.py:3503} INFO - 0 downstream tasks scheduled from follow-on schedule check
[2024-06-28T18:16:46.745+0000] {local_task_job_runner.py:222} INFO - ::endgroup::
[2024-06-29T21:38:51.744+0000] {local_task_job_runner.py:120} INFO - ::group::Pre task execution logs
[2024-06-29T21:38:51.754+0000] {taskinstance.py:2076} INFO - Dependencies all met for dep_context=non-requeueable deps ti=<TaskInstance: ecomm_data_pipeline.generate_and_insert_data scheduled__2023-01-01T12:00:00+00:00 [queued]>
[2024-06-29T21:38:51.757+0000] {taskinstance.py:2076} INFO - Dependencies all met for dep_context=requeueable deps ti=<TaskInstance: ecomm_data_pipeline.generate_and_insert_data scheduled__2023-01-01T12:00:00+00:00 [queued]>
[2024-06-29T21:38:51.757+0000] {taskinstance.py:2306} INFO - Starting attempt 1 of 2
[2024-06-29T21:38:51.761+0000] {taskinstance.py:2330} INFO - Executing <Task(PythonOperator): generate_and_insert_data> on 2023-01-01 12:00:00+00:00
[2024-06-29T21:38:51.763+0000] {standard_task_runner.py:63} INFO - Started process 1085 to run task
[2024-06-29T21:38:51.764+0000] {standard_task_runner.py:90} INFO - Running: ['airflow', 'tasks', 'run', 'ecomm_data_pipeline', 'generate_and_insert_data', 'scheduled__2023-01-01T12:00:00+00:00', '--job-id', '74', '--raw', '--subdir', 'DAGS_FOLDER/ecomm_dag.py', '--cfg-path', '/tmp/tmplmwk1_mb']
[2024-06-29T21:38:51.765+0000] {standard_task_runner.py:91} INFO - Job 74: Subtask generate_and_insert_data
[2024-06-29T21:38:51.781+0000] {task_command.py:426} INFO - Running <TaskInstance: ecomm_data_pipeline.generate_and_insert_data scheduled__2023-01-01T12:00:00+00:00 [running]> on host afcb6fbf9265
[2024-06-29T21:38:51.810+0000] {taskinstance.py:2648} INFO - Exporting env vars: AIRFLOW_CTX_DAG_OWNER='airflow' AIRFLOW_CTX_DAG_ID='ecomm_data_pipeline' AIRFLOW_CTX_TASK_ID='generate_and_insert_data' AIRFLOW_CTX_EXECUTION_DATE='2023-01-01T12:00:00+00:00' AIRFLOW_CTX_TRY_NUMBER='1' AIRFLOW_CTX_DAG_RUN_ID='scheduled__2023-01-01T12:00:00+00:00'
[2024-06-29T21:38:51.810+0000] {taskinstance.py:430} INFO - ::endgroup::
[2024-06-29T21:38:51.866+0000] {logging_mixin.py:188} INFO - Error in generate_and_insert_data: Command '['python3', '/opt/airflow/generator/ecomm_generator.py']' returned non-zero exit status 1.
[2024-06-29T21:38:51.866+0000] {logging_mixin.py:188} INFO - stdout: 
[2024-06-29T21:38:51.866+0000] {logging_mixin.py:188} INFO - stderr: Traceback (most recent call last):
  File "/opt/airflow/generator/ecomm_generator.py", line 4, in <module>
    from faker import Faker
ModuleNotFoundError: No module named 'faker'
[2024-06-29T21:38:51.866+0000] {python.py:237} INFO - Done. Returned value was: None
[2024-06-29T21:38:51.867+0000] {taskinstance.py:441} INFO - ::group::Post task execution logs
[2024-06-29T21:38:51.871+0000] {taskinstance.py:1206} INFO - Marking task as SUCCESS. dag_id=ecomm_data_pipeline, task_id=generate_and_insert_data, run_id=scheduled__2023-01-01T12:00:00+00:00, execution_date=20230101T120000, start_date=20240629T213851, end_date=20240629T213851
[2024-06-29T21:38:51.909+0000] {local_task_job_runner.py:240} INFO - Task exited with return code 0
[2024-06-29T21:38:51.916+0000] {taskinstance.py:3503} INFO - 0 downstream tasks scheduled from follow-on schedule check
[2024-06-29T21:38:51.917+0000] {local_task_job_runner.py:222} INFO - ::endgroup::
[2024-06-29T22:02:40.959+0000] {local_task_job_runner.py:120} INFO - ::group::Pre task execution logs
[2024-06-29T22:02:40.968+0000] {taskinstance.py:2076} INFO - Dependencies all met for dep_context=non-requeueable deps ti=<TaskInstance: ecomm_data_pipeline.generate_and_insert_data scheduled__2023-01-01T12:00:00+00:00 [queued]>
[2024-06-29T22:02:40.971+0000] {taskinstance.py:2076} INFO - Dependencies all met for dep_context=requeueable deps ti=<TaskInstance: ecomm_data_pipeline.generate_and_insert_data scheduled__2023-01-01T12:00:00+00:00 [queued]>
[2024-06-29T22:02:40.971+0000] {taskinstance.py:2306} INFO - Starting attempt 1 of 2
[2024-06-29T22:02:40.975+0000] {taskinstance.py:2330} INFO - Executing <Task(PythonOperator): generate_and_insert_data> on 2023-01-01 12:00:00+00:00
[2024-06-29T22:02:40.977+0000] {standard_task_runner.py:63} INFO - Started process 1085 to run task
[2024-06-29T22:02:40.978+0000] {standard_task_runner.py:90} INFO - Running: ['airflow', 'tasks', 'run', 'ecomm_data_pipeline', 'generate_and_insert_data', 'scheduled__2023-01-01T12:00:00+00:00', '--job-id', '74', '--raw', '--subdir', 'DAGS_FOLDER/ecomm_dag.py', '--cfg-path', '/tmp/tmpx0ifpjje']
[2024-06-29T22:02:40.979+0000] {standard_task_runner.py:91} INFO - Job 74: Subtask generate_and_insert_data
[2024-06-29T22:02:40.996+0000] {task_command.py:426} INFO - Running <TaskInstance: ecomm_data_pipeline.generate_and_insert_data scheduled__2023-01-01T12:00:00+00:00 [running]> on host 799998b0d26e
[2024-06-29T22:02:41.025+0000] {taskinstance.py:2648} INFO - Exporting env vars: AIRFLOW_CTX_DAG_OWNER='airflow' AIRFLOW_CTX_DAG_ID='ecomm_data_pipeline' AIRFLOW_CTX_TASK_ID='generate_and_insert_data' AIRFLOW_CTX_EXECUTION_DATE='2023-01-01T12:00:00+00:00' AIRFLOW_CTX_TRY_NUMBER='1' AIRFLOW_CTX_DAG_RUN_ID='scheduled__2023-01-01T12:00:00+00:00'
[2024-06-29T22:02:41.025+0000] {taskinstance.py:430} INFO - ::endgroup::
[2024-06-29T22:02:41.081+0000] {logging_mixin.py:188} INFO - Error in generate_and_insert_data: Command '['python3', '/opt/airflow/generator/ecomm_generator.py']' returned non-zero exit status 1.
[2024-06-29T22:02:41.082+0000] {logging_mixin.py:188} INFO - stdout: 
[2024-06-29T22:02:41.082+0000] {logging_mixin.py:188} INFO - stderr: Traceback (most recent call last):
  File "/opt/airflow/generator/ecomm_generator.py", line 4, in <module>
    from faker import Faker
ModuleNotFoundError: No module named 'faker'
[2024-06-29T22:02:41.082+0000] {python.py:237} INFO - Done. Returned value was: None
[2024-06-29T22:02:41.082+0000] {taskinstance.py:441} INFO - ::group::Post task execution logs
[2024-06-29T22:02:41.087+0000] {taskinstance.py:1206} INFO - Marking task as SUCCESS. dag_id=ecomm_data_pipeline, task_id=generate_and_insert_data, run_id=scheduled__2023-01-01T12:00:00+00:00, execution_date=20230101T120000, start_date=20240629T220240, end_date=20240629T220241
[2024-06-29T22:02:41.116+0000] {local_task_job_runner.py:240} INFO - Task exited with return code 0
[2024-06-29T22:02:41.122+0000] {taskinstance.py:3503} INFO - 0 downstream tasks scheduled from follow-on schedule check
[2024-06-29T22:02:41.123+0000] {local_task_job_runner.py:222} INFO - ::endgroup::
