[2024-06-27T22:33:11.125+0000] {local_task_job_runner.py:120} INFO - ::group::Pre task execution logs
[2024-06-27T22:33:11.136+0000] {taskinstance.py:2076} INFO - Dependencies all met for dep_context=non-requeueable deps ti=<TaskInstance: example_dag.generate_and_insert_data scheduled__2023-01-01T01:10:00+00:00 [queued]>
[2024-06-27T22:33:11.138+0000] {taskinstance.py:2076} INFO - Dependencies all met for dep_context=requeueable deps ti=<TaskInstance: example_dag.generate_and_insert_data scheduled__2023-01-01T01:10:00+00:00 [queued]>
[2024-06-27T22:33:11.138+0000] {taskinstance.py:2306} INFO - Starting attempt 1 of 2
[2024-06-27T22:33:11.143+0000] {taskinstance.py:2330} INFO - Executing <Task(PythonOperator): generate_and_insert_data> on 2023-01-01 01:10:00+00:00
[2024-06-27T22:33:11.144+0000] {standard_task_runner.py:63} INFO - Started process 254 to run task
[2024-06-27T22:33:11.146+0000] {standard_task_runner.py:90} INFO - Running: ['airflow', 'tasks', 'run', 'example_dag', 'generate_and_insert_data', 'scheduled__2023-01-01T01:10:00+00:00', '--job-id', '17', '--raw', '--subdir', 'DAGS_FOLDER/example_dag.py', '--cfg-path', '/tmp/tmppqmwidj1']
[2024-06-27T22:33:11.146+0000] {standard_task_runner.py:91} INFO - Job 17: Subtask generate_and_insert_data
[2024-06-27T22:33:11.163+0000] {task_command.py:426} INFO - Running <TaskInstance: example_dag.generate_and_insert_data scheduled__2023-01-01T01:10:00+00:00 [running]> on host 9174587f6b1d
[2024-06-27T22:33:11.192+0000] {taskinstance.py:2648} INFO - Exporting env vars: AIRFLOW_CTX_DAG_OWNER='airflow' AIRFLOW_CTX_DAG_ID='example_dag' AIRFLOW_CTX_TASK_ID='generate_and_insert_data' AIRFLOW_CTX_EXECUTION_DATE='2023-01-01T01:10:00+00:00' AIRFLOW_CTX_TRY_NUMBER='1' AIRFLOW_CTX_DAG_RUN_ID='scheduled__2023-01-01T01:10:00+00:00'
[2024-06-27T22:33:11.193+0000] {taskinstance.py:430} INFO - ::endgroup::
[2024-06-27T22:33:11.197+0000] {python.py:237} INFO - Done. Returned value was: None
[2024-06-27T22:33:11.197+0000] {taskinstance.py:441} INFO - ::group::Post task execution logs
[2024-06-27T22:33:11.202+0000] {taskinstance.py:1206} INFO - Marking task as SUCCESS. dag_id=example_dag, task_id=generate_and_insert_data, run_id=scheduled__2023-01-01T01:10:00+00:00, execution_date=20230101T011000, start_date=20240627T223311, end_date=20240627T223311
[2024-06-27T22:33:11.243+0000] {local_task_job_runner.py:240} INFO - Task exited with return code 0
[2024-06-27T22:33:11.250+0000] {taskinstance.py:3503} INFO - 0 downstream tasks scheduled from follow-on schedule check
[2024-06-27T22:33:11.250+0000] {local_task_job_runner.py:222} INFO - ::endgroup::
[2024-06-27T22:52:01.207+0000] {local_task_job_runner.py:120} INFO - ::group::Pre task execution logs
[2024-06-27T22:52:01.217+0000] {taskinstance.py:2076} INFO - Dependencies all met for dep_context=non-requeueable deps ti=<TaskInstance: example_dag.generate_and_insert_data scheduled__2023-01-01T01:10:00+00:00 [queued]>
[2024-06-27T22:52:01.220+0000] {taskinstance.py:2076} INFO - Dependencies all met for dep_context=requeueable deps ti=<TaskInstance: example_dag.generate_and_insert_data scheduled__2023-01-01T01:10:00+00:00 [queued]>
[2024-06-27T22:52:01.220+0000] {taskinstance.py:2306} INFO - Starting attempt 1 of 2
[2024-06-27T22:52:01.224+0000] {taskinstance.py:2330} INFO - Executing <Task(PythonOperator): generate_and_insert_data> on 2023-01-01 01:10:00+00:00
[2024-06-27T22:52:01.226+0000] {standard_task_runner.py:63} INFO - Started process 246 to run task
[2024-06-27T22:52:01.227+0000] {standard_task_runner.py:90} INFO - Running: ['airflow', 'tasks', 'run', 'example_dag', 'generate_and_insert_data', 'scheduled__2023-01-01T01:10:00+00:00', '--job-id', '17', '--raw', '--subdir', 'DAGS_FOLDER/example_dag.py', '--cfg-path', '/tmp/tmpxm9k66o3']
[2024-06-27T22:52:01.227+0000] {standard_task_runner.py:91} INFO - Job 17: Subtask generate_and_insert_data
[2024-06-27T22:52:01.243+0000] {task_command.py:426} INFO - Running <TaskInstance: example_dag.generate_and_insert_data scheduled__2023-01-01T01:10:00+00:00 [running]> on host a70edf9d8581
[2024-06-27T22:52:01.271+0000] {taskinstance.py:2648} INFO - Exporting env vars: AIRFLOW_CTX_DAG_OWNER='airflow' AIRFLOW_CTX_DAG_ID='example_dag' AIRFLOW_CTX_TASK_ID='generate_and_insert_data' AIRFLOW_CTX_EXECUTION_DATE='2023-01-01T01:10:00+00:00' AIRFLOW_CTX_TRY_NUMBER='1' AIRFLOW_CTX_DAG_RUN_ID='scheduled__2023-01-01T01:10:00+00:00'
[2024-06-27T22:52:01.271+0000] {taskinstance.py:430} INFO - ::endgroup::
[2024-06-27T22:52:01.275+0000] {python.py:237} INFO - Done. Returned value was: None
[2024-06-27T22:52:01.275+0000] {taskinstance.py:441} INFO - ::group::Post task execution logs
[2024-06-27T22:52:01.279+0000] {taskinstance.py:1206} INFO - Marking task as SUCCESS. dag_id=example_dag, task_id=generate_and_insert_data, run_id=scheduled__2023-01-01T01:10:00+00:00, execution_date=20230101T011000, start_date=20240627T225201, end_date=20240627T225201
[2024-06-27T22:52:01.285+0000] {local_task_job_runner.py:240} INFO - Task exited with return code 0
[2024-06-27T22:52:01.291+0000] {taskinstance.py:3503} INFO - 0 downstream tasks scheduled from follow-on schedule check
[2024-06-27T22:52:01.291+0000] {local_task_job_runner.py:222} INFO - ::endgroup::
[2024-06-27T22:59:44.764+0000] {local_task_job_runner.py:120} INFO - ::group::Pre task execution logs
[2024-06-27T22:59:44.775+0000] {taskinstance.py:2076} INFO - Dependencies all met for dep_context=non-requeueable deps ti=<TaskInstance: example_dag.generate_and_insert_data scheduled__2023-01-01T01:10:00+00:00 [queued]>
[2024-06-27T22:59:44.778+0000] {taskinstance.py:2076} INFO - Dependencies all met for dep_context=requeueable deps ti=<TaskInstance: example_dag.generate_and_insert_data scheduled__2023-01-01T01:10:00+00:00 [queued]>
[2024-06-27T22:59:44.778+0000] {taskinstance.py:2306} INFO - Starting attempt 1 of 2
[2024-06-27T22:59:44.783+0000] {taskinstance.py:2330} INFO - Executing <Task(PythonOperator): generate_and_insert_data> on 2023-01-01 01:10:00+00:00
[2024-06-27T22:59:44.784+0000] {standard_task_runner.py:63} INFO - Started process 254 to run task
[2024-06-27T22:59:44.785+0000] {standard_task_runner.py:90} INFO - Running: ['airflow', 'tasks', 'run', 'example_dag', 'generate_and_insert_data', 'scheduled__2023-01-01T01:10:00+00:00', '--job-id', '17', '--raw', '--subdir', 'DAGS_FOLDER/example_dag.py', '--cfg-path', '/tmp/tmpmvqmq_ur']
[2024-06-27T22:59:44.786+0000] {standard_task_runner.py:91} INFO - Job 17: Subtask generate_and_insert_data
[2024-06-27T22:59:44.803+0000] {task_command.py:426} INFO - Running <TaskInstance: example_dag.generate_and_insert_data scheduled__2023-01-01T01:10:00+00:00 [running]> on host 5cc71d4b298c
[2024-06-27T22:59:44.834+0000] {taskinstance.py:2648} INFO - Exporting env vars: AIRFLOW_CTX_DAG_OWNER='airflow' AIRFLOW_CTX_DAG_ID='example_dag' AIRFLOW_CTX_TASK_ID='generate_and_insert_data' AIRFLOW_CTX_EXECUTION_DATE='2023-01-01T01:10:00+00:00' AIRFLOW_CTX_TRY_NUMBER='1' AIRFLOW_CTX_DAG_RUN_ID='scheduled__2023-01-01T01:10:00+00:00'
[2024-06-27T22:59:44.834+0000] {taskinstance.py:430} INFO - ::endgroup::
[2024-06-27T22:59:44.839+0000] {python.py:237} INFO - Done. Returned value was: None
[2024-06-27T22:59:44.839+0000] {taskinstance.py:441} INFO - ::group::Post task execution logs
[2024-06-27T22:59:44.844+0000] {taskinstance.py:1206} INFO - Marking task as SUCCESS. dag_id=example_dag, task_id=generate_and_insert_data, run_id=scheduled__2023-01-01T01:10:00+00:00, execution_date=20230101T011000, start_date=20240627T225944, end_date=20240627T225944
[2024-06-27T22:59:44.886+0000] {local_task_job_runner.py:240} INFO - Task exited with return code 0
[2024-06-27T22:59:44.894+0000] {taskinstance.py:3503} INFO - 0 downstream tasks scheduled from follow-on schedule check
[2024-06-27T22:59:44.894+0000] {local_task_job_runner.py:222} INFO - ::endgroup::
[2024-06-27T23:09:24.100+0000] {local_task_job_runner.py:120} INFO - ::group::Pre task execution logs
[2024-06-27T23:09:24.110+0000] {taskinstance.py:2076} INFO - Dependencies all met for dep_context=non-requeueable deps ti=<TaskInstance: example_dag.generate_and_insert_data scheduled__2023-01-01T01:10:00+00:00 [queued]>
[2024-06-27T23:09:24.112+0000] {taskinstance.py:2076} INFO - Dependencies all met for dep_context=requeueable deps ti=<TaskInstance: example_dag.generate_and_insert_data scheduled__2023-01-01T01:10:00+00:00 [queued]>
[2024-06-27T23:09:24.113+0000] {taskinstance.py:2306} INFO - Starting attempt 1 of 2
[2024-06-27T23:09:24.117+0000] {taskinstance.py:2330} INFO - Executing <Task(PythonOperator): generate_and_insert_data> on 2023-01-01 01:10:00+00:00
[2024-06-27T23:09:24.119+0000] {standard_task_runner.py:63} INFO - Started process 246 to run task
[2024-06-27T23:09:24.120+0000] {standard_task_runner.py:90} INFO - Running: ['airflow', 'tasks', 'run', 'example_dag', 'generate_and_insert_data', 'scheduled__2023-01-01T01:10:00+00:00', '--job-id', '17', '--raw', '--subdir', 'DAGS_FOLDER/example_dag.py', '--cfg-path', '/tmp/tmpinypd3pz']
[2024-06-27T23:09:24.120+0000] {standard_task_runner.py:91} INFO - Job 17: Subtask generate_and_insert_data
[2024-06-27T23:09:24.136+0000] {task_command.py:426} INFO - Running <TaskInstance: example_dag.generate_and_insert_data scheduled__2023-01-01T01:10:00+00:00 [running]> on host 7147f8a4dc9f
[2024-06-27T23:09:24.163+0000] {taskinstance.py:2648} INFO - Exporting env vars: AIRFLOW_CTX_DAG_OWNER='airflow' AIRFLOW_CTX_DAG_ID='example_dag' AIRFLOW_CTX_TASK_ID='generate_and_insert_data' AIRFLOW_CTX_EXECUTION_DATE='2023-01-01T01:10:00+00:00' AIRFLOW_CTX_TRY_NUMBER='1' AIRFLOW_CTX_DAG_RUN_ID='scheduled__2023-01-01T01:10:00+00:00'
[2024-06-27T23:09:24.164+0000] {taskinstance.py:430} INFO - ::endgroup::
[2024-06-27T23:09:24.168+0000] {python.py:237} INFO - Done. Returned value was: None
[2024-06-27T23:09:24.168+0000] {taskinstance.py:441} INFO - ::group::Post task execution logs
[2024-06-27T23:09:24.172+0000] {taskinstance.py:1206} INFO - Marking task as SUCCESS. dag_id=example_dag, task_id=generate_and_insert_data, run_id=scheduled__2023-01-01T01:10:00+00:00, execution_date=20230101T011000, start_date=20240627T230924, end_date=20240627T230924
[2024-06-27T23:09:24.181+0000] {local_task_job_runner.py:240} INFO - Task exited with return code 0
[2024-06-27T23:09:24.188+0000] {taskinstance.py:3503} INFO - 0 downstream tasks scheduled from follow-on schedule check
[2024-06-27T23:09:24.188+0000] {local_task_job_runner.py:222} INFO - ::endgroup::
[2024-06-27T23:13:02.138+0000] {local_task_job_runner.py:120} INFO - ::group::Pre task execution logs
[2024-06-27T23:13:02.150+0000] {taskinstance.py:2076} INFO - Dependencies all met for dep_context=non-requeueable deps ti=<TaskInstance: example_dag.generate_and_insert_data scheduled__2023-01-01T01:10:00+00:00 [queued]>
[2024-06-27T23:13:02.153+0000] {taskinstance.py:2076} INFO - Dependencies all met for dep_context=requeueable deps ti=<TaskInstance: example_dag.generate_and_insert_data scheduled__2023-01-01T01:10:00+00:00 [queued]>
[2024-06-27T23:13:02.153+0000] {taskinstance.py:2306} INFO - Starting attempt 1 of 2
[2024-06-27T23:13:02.159+0000] {taskinstance.py:2330} INFO - Executing <Task(PythonOperator): generate_and_insert_data> on 2023-01-01 01:10:00+00:00
[2024-06-27T23:13:02.160+0000] {standard_task_runner.py:63} INFO - Started process 254 to run task
[2024-06-27T23:13:02.162+0000] {standard_task_runner.py:90} INFO - Running: ['airflow', 'tasks', 'run', 'example_dag', 'generate_and_insert_data', 'scheduled__2023-01-01T01:10:00+00:00', '--job-id', '17', '--raw', '--subdir', 'DAGS_FOLDER/example_dag.py', '--cfg-path', '/tmp/tmp1h9jzmwj']
[2024-06-27T23:13:02.163+0000] {standard_task_runner.py:91} INFO - Job 17: Subtask generate_and_insert_data
[2024-06-27T23:13:02.186+0000] {task_command.py:426} INFO - Running <TaskInstance: example_dag.generate_and_insert_data scheduled__2023-01-01T01:10:00+00:00 [running]> on host 4bd55eb76a74
[2024-06-27T23:13:02.219+0000] {taskinstance.py:2648} INFO - Exporting env vars: AIRFLOW_CTX_DAG_OWNER='airflow' AIRFLOW_CTX_DAG_ID='example_dag' AIRFLOW_CTX_TASK_ID='generate_and_insert_data' AIRFLOW_CTX_EXECUTION_DATE='2023-01-01T01:10:00+00:00' AIRFLOW_CTX_TRY_NUMBER='1' AIRFLOW_CTX_DAG_RUN_ID='scheduled__2023-01-01T01:10:00+00:00'
[2024-06-27T23:13:02.220+0000] {taskinstance.py:430} INFO - ::endgroup::
[2024-06-27T23:13:02.225+0000] {python.py:237} INFO - Done. Returned value was: None
[2024-06-27T23:13:02.225+0000] {taskinstance.py:441} INFO - ::group::Post task execution logs
[2024-06-27T23:13:02.230+0000] {taskinstance.py:1206} INFO - Marking task as SUCCESS. dag_id=example_dag, task_id=generate_and_insert_data, run_id=scheduled__2023-01-01T01:10:00+00:00, execution_date=20230101T011000, start_date=20240627T231302, end_date=20240627T231302
[2024-06-27T23:13:02.261+0000] {local_task_job_runner.py:240} INFO - Task exited with return code 0
[2024-06-27T23:13:02.268+0000] {taskinstance.py:3503} INFO - 0 downstream tasks scheduled from follow-on schedule check
[2024-06-27T23:13:02.268+0000] {local_task_job_runner.py:222} INFO - ::endgroup::
[2024-06-27T23:18:56.596+0000] {local_task_job_runner.py:120} INFO - ::group::Pre task execution logs
[2024-06-27T23:18:56.607+0000] {taskinstance.py:2076} INFO - Dependencies all met for dep_context=non-requeueable deps ti=<TaskInstance: example_dag.generate_and_insert_data scheduled__2023-01-01T01:10:00+00:00 [queued]>
[2024-06-27T23:18:56.610+0000] {taskinstance.py:2076} INFO - Dependencies all met for dep_context=requeueable deps ti=<TaskInstance: example_dag.generate_and_insert_data scheduled__2023-01-01T01:10:00+00:00 [queued]>
[2024-06-27T23:18:56.610+0000] {taskinstance.py:2306} INFO - Starting attempt 1 of 2
[2024-06-27T23:18:56.615+0000] {taskinstance.py:2330} INFO - Executing <Task(PythonOperator): generate_and_insert_data> on 2023-01-01 01:10:00+00:00
[2024-06-27T23:18:56.617+0000] {standard_task_runner.py:63} INFO - Started process 254 to run task
[2024-06-27T23:18:56.618+0000] {standard_task_runner.py:90} INFO - Running: ['airflow', 'tasks', 'run', 'example_dag', 'generate_and_insert_data', 'scheduled__2023-01-01T01:10:00+00:00', '--job-id', '17', '--raw', '--subdir', 'DAGS_FOLDER/example_dag.py', '--cfg-path', '/tmp/tmpwy5prppg']
[2024-06-27T23:18:56.619+0000] {standard_task_runner.py:91} INFO - Job 17: Subtask generate_and_insert_data
[2024-06-27T23:18:56.636+0000] {task_command.py:426} INFO - Running <TaskInstance: example_dag.generate_and_insert_data scheduled__2023-01-01T01:10:00+00:00 [running]> on host 73964f870a02
[2024-06-27T23:18:56.668+0000] {taskinstance.py:2648} INFO - Exporting env vars: AIRFLOW_CTX_DAG_OWNER='airflow' AIRFLOW_CTX_DAG_ID='example_dag' AIRFLOW_CTX_TASK_ID='generate_and_insert_data' AIRFLOW_CTX_EXECUTION_DATE='2023-01-01T01:10:00+00:00' AIRFLOW_CTX_TRY_NUMBER='1' AIRFLOW_CTX_DAG_RUN_ID='scheduled__2023-01-01T01:10:00+00:00'
[2024-06-27T23:18:56.668+0000] {taskinstance.py:430} INFO - ::endgroup::
[2024-06-27T23:18:56.673+0000] {python.py:237} INFO - Done. Returned value was: None
[2024-06-27T23:18:56.674+0000] {taskinstance.py:441} INFO - ::group::Post task execution logs
[2024-06-27T23:18:56.679+0000] {taskinstance.py:1206} INFO - Marking task as SUCCESS. dag_id=example_dag, task_id=generate_and_insert_data, run_id=scheduled__2023-01-01T01:10:00+00:00, execution_date=20230101T011000, start_date=20240627T231856, end_date=20240627T231856
[2024-06-27T23:18:56.716+0000] {local_task_job_runner.py:240} INFO - Task exited with return code 0
[2024-06-27T23:18:56.723+0000] {taskinstance.py:3503} INFO - 0 downstream tasks scheduled from follow-on schedule check
[2024-06-27T23:18:56.723+0000] {local_task_job_runner.py:222} INFO - ::endgroup::
[2024-06-28T18:13:19.610+0000] {local_task_job_runner.py:120} INFO - ::group::Pre task execution logs
[2024-06-28T18:13:19.620+0000] {taskinstance.py:2076} INFO - Dependencies all met for dep_context=non-requeueable deps ti=<TaskInstance: example_dag.generate_and_insert_data scheduled__2023-01-01T01:10:00+00:00 [queued]>
[2024-06-28T18:13:19.622+0000] {taskinstance.py:2076} INFO - Dependencies all met for dep_context=requeueable deps ti=<TaskInstance: example_dag.generate_and_insert_data scheduled__2023-01-01T01:10:00+00:00 [queued]>
[2024-06-28T18:13:19.623+0000] {taskinstance.py:2306} INFO - Starting attempt 1 of 2
[2024-06-28T18:13:19.627+0000] {taskinstance.py:2330} INFO - Executing <Task(PythonOperator): generate_and_insert_data> on 2023-01-01 01:10:00+00:00
[2024-06-28T18:13:19.629+0000] {standard_task_runner.py:63} INFO - Started process 246 to run task
[2024-06-28T18:13:19.630+0000] {standard_task_runner.py:90} INFO - Running: ['airflow', 'tasks', 'run', 'example_dag', 'generate_and_insert_data', 'scheduled__2023-01-01T01:10:00+00:00', '--job-id', '17', '--raw', '--subdir', 'DAGS_FOLDER/example_dag.py', '--cfg-path', '/tmp/tmp_ybxuj49']
[2024-06-28T18:13:19.630+0000] {standard_task_runner.py:91} INFO - Job 17: Subtask generate_and_insert_data
[2024-06-28T18:13:19.647+0000] {task_command.py:426} INFO - Running <TaskInstance: example_dag.generate_and_insert_data scheduled__2023-01-01T01:10:00+00:00 [running]> on host 08cefd381a1f
[2024-06-28T18:13:19.675+0000] {taskinstance.py:2648} INFO - Exporting env vars: AIRFLOW_CTX_DAG_OWNER='airflow' AIRFLOW_CTX_DAG_ID='example_dag' AIRFLOW_CTX_TASK_ID='generate_and_insert_data' AIRFLOW_CTX_EXECUTION_DATE='2023-01-01T01:10:00+00:00' AIRFLOW_CTX_TRY_NUMBER='1' AIRFLOW_CTX_DAG_RUN_ID='scheduled__2023-01-01T01:10:00+00:00'
[2024-06-28T18:13:19.675+0000] {taskinstance.py:430} INFO - ::endgroup::
[2024-06-28T18:13:19.679+0000] {python.py:237} INFO - Done. Returned value was: None
[2024-06-28T18:13:19.680+0000] {taskinstance.py:441} INFO - ::group::Post task execution logs
[2024-06-28T18:13:19.684+0000] {taskinstance.py:1206} INFO - Marking task as SUCCESS. dag_id=example_dag, task_id=generate_and_insert_data, run_id=scheduled__2023-01-01T01:10:00+00:00, execution_date=20230101T011000, start_date=20240628T181319, end_date=20240628T181319
[2024-06-28T18:13:19.689+0000] {local_task_job_runner.py:240} INFO - Task exited with return code 0
[2024-06-28T18:13:19.695+0000] {taskinstance.py:3503} INFO - 0 downstream tasks scheduled from follow-on schedule check
[2024-06-28T18:13:19.696+0000] {local_task_job_runner.py:222} INFO - ::endgroup::
[2024-06-28T18:20:34.147+0000] {local_task_job_runner.py:120} INFO - ::group::Pre task execution logs
[2024-06-28T18:20:34.158+0000] {taskinstance.py:2076} INFO - Dependencies all met for dep_context=non-requeueable deps ti=<TaskInstance: example_dag.generate_and_insert_data scheduled__2023-01-01T01:10:00+00:00 [queued]>
[2024-06-28T18:20:34.160+0000] {taskinstance.py:2076} INFO - Dependencies all met for dep_context=requeueable deps ti=<TaskInstance: example_dag.generate_and_insert_data scheduled__2023-01-01T01:10:00+00:00 [queued]>
[2024-06-28T18:20:34.161+0000] {taskinstance.py:2306} INFO - Starting attempt 1 of 2
[2024-06-28T18:20:34.166+0000] {taskinstance.py:2330} INFO - Executing <Task(PythonOperator): generate_and_insert_data> on 2023-01-01 01:10:00+00:00
[2024-06-28T18:20:34.167+0000] {standard_task_runner.py:63} INFO - Started process 254 to run task
[2024-06-28T18:20:34.168+0000] {standard_task_runner.py:90} INFO - Running: ['airflow', 'tasks', 'run', 'example_dag', 'generate_and_insert_data', 'scheduled__2023-01-01T01:10:00+00:00', '--job-id', '17', '--raw', '--subdir', 'DAGS_FOLDER/example_dag.py', '--cfg-path', '/tmp/tmplpxtblp9']
[2024-06-28T18:20:34.169+0000] {standard_task_runner.py:91} INFO - Job 17: Subtask generate_and_insert_data
[2024-06-28T18:20:34.187+0000] {task_command.py:426} INFO - Running <TaskInstance: example_dag.generate_and_insert_data scheduled__2023-01-01T01:10:00+00:00 [running]> on host 6570e5857071
[2024-06-28T18:20:34.218+0000] {taskinstance.py:2648} INFO - Exporting env vars: AIRFLOW_CTX_DAG_OWNER='airflow' AIRFLOW_CTX_DAG_ID='example_dag' AIRFLOW_CTX_TASK_ID='generate_and_insert_data' AIRFLOW_CTX_EXECUTION_DATE='2023-01-01T01:10:00+00:00' AIRFLOW_CTX_TRY_NUMBER='1' AIRFLOW_CTX_DAG_RUN_ID='scheduled__2023-01-01T01:10:00+00:00'
[2024-06-28T18:20:34.219+0000] {taskinstance.py:430} INFO - ::endgroup::
[2024-06-28T18:20:34.223+0000] {python.py:237} INFO - Done. Returned value was: None
[2024-06-28T18:20:34.224+0000] {taskinstance.py:441} INFO - ::group::Post task execution logs
[2024-06-28T18:20:34.228+0000] {taskinstance.py:1206} INFO - Marking task as SUCCESS. dag_id=example_dag, task_id=generate_and_insert_data, run_id=scheduled__2023-01-01T01:10:00+00:00, execution_date=20230101T011000, start_date=20240628T182034, end_date=20240628T182034
[2024-06-28T18:20:34.267+0000] {local_task_job_runner.py:240} INFO - Task exited with return code 0
[2024-06-28T18:20:34.275+0000] {taskinstance.py:3503} INFO - 0 downstream tasks scheduled from follow-on schedule check
[2024-06-28T18:20:34.275+0000] {local_task_job_runner.py:222} INFO - ::endgroup::
[2024-06-28T18:30:36.003+0000] {local_task_job_runner.py:120} INFO - ::group::Pre task execution logs
[2024-06-28T18:30:36.014+0000] {taskinstance.py:2076} INFO - Dependencies all met for dep_context=non-requeueable deps ti=<TaskInstance: example_dag.generate_and_insert_data scheduled__2023-01-01T01:10:00+00:00 [queued]>
[2024-06-28T18:30:36.016+0000] {taskinstance.py:2076} INFO - Dependencies all met for dep_context=requeueable deps ti=<TaskInstance: example_dag.generate_and_insert_data scheduled__2023-01-01T01:10:00+00:00 [queued]>
[2024-06-28T18:30:36.017+0000] {taskinstance.py:2306} INFO - Starting attempt 1 of 2
[2024-06-28T18:30:36.021+0000] {taskinstance.py:2330} INFO - Executing <Task(PythonOperator): generate_and_insert_data> on 2023-01-01 01:10:00+00:00
[2024-06-28T18:30:36.023+0000] {standard_task_runner.py:63} INFO - Started process 254 to run task
[2024-06-28T18:30:36.024+0000] {standard_task_runner.py:90} INFO - Running: ['airflow', 'tasks', 'run', 'example_dag', 'generate_and_insert_data', 'scheduled__2023-01-01T01:10:00+00:00', '--job-id', '17', '--raw', '--subdir', 'DAGS_FOLDER/example_dag.py', '--cfg-path', '/tmp/tmpvh0a1kgs']
[2024-06-28T18:30:36.024+0000] {standard_task_runner.py:91} INFO - Job 17: Subtask generate_and_insert_data
[2024-06-28T18:30:36.041+0000] {task_command.py:426} INFO - Running <TaskInstance: example_dag.generate_and_insert_data scheduled__2023-01-01T01:10:00+00:00 [running]> on host 50bf780463b8
[2024-06-28T18:30:36.071+0000] {taskinstance.py:2648} INFO - Exporting env vars: AIRFLOW_CTX_DAG_OWNER='airflow' AIRFLOW_CTX_DAG_ID='example_dag' AIRFLOW_CTX_TASK_ID='generate_and_insert_data' AIRFLOW_CTX_EXECUTION_DATE='2023-01-01T01:10:00+00:00' AIRFLOW_CTX_TRY_NUMBER='1' AIRFLOW_CTX_DAG_RUN_ID='scheduled__2023-01-01T01:10:00+00:00'
[2024-06-28T18:30:36.071+0000] {taskinstance.py:430} INFO - ::endgroup::
[2024-06-28T18:30:36.075+0000] {python.py:237} INFO - Done. Returned value was: None
[2024-06-28T18:30:36.076+0000] {taskinstance.py:441} INFO - ::group::Post task execution logs
[2024-06-28T18:30:36.080+0000] {taskinstance.py:1206} INFO - Marking task as SUCCESS. dag_id=example_dag, task_id=generate_and_insert_data, run_id=scheduled__2023-01-01T01:10:00+00:00, execution_date=20230101T011000, start_date=20240628T183036, end_date=20240628T183036
[2024-06-28T18:30:36.126+0000] {local_task_job_runner.py:240} INFO - Task exited with return code 0
[2024-06-28T18:30:36.133+0000] {taskinstance.py:3503} INFO - 0 downstream tasks scheduled from follow-on schedule check
[2024-06-28T18:30:36.136+0000] {local_task_job_runner.py:222} INFO - ::endgroup::
[2024-06-28T22:13:45.919+0000] {local_task_job_runner.py:120} INFO - ::group::Pre task execution logs
[2024-06-28T22:13:45.930+0000] {taskinstance.py:2076} INFO - Dependencies all met for dep_context=non-requeueable deps ti=<TaskInstance: example_dag.generate_and_insert_data scheduled__2023-01-01T01:10:00+00:00 [queued]>
[2024-06-28T22:13:45.933+0000] {taskinstance.py:2076} INFO - Dependencies all met for dep_context=requeueable deps ti=<TaskInstance: example_dag.generate_and_insert_data scheduled__2023-01-01T01:10:00+00:00 [queued]>
[2024-06-28T22:13:45.933+0000] {taskinstance.py:2306} INFO - Starting attempt 1 of 2
[2024-06-28T22:13:45.937+0000] {taskinstance.py:2330} INFO - Executing <Task(PythonOperator): generate_and_insert_data> on 2023-01-01 01:10:00+00:00
[2024-06-28T22:13:45.939+0000] {standard_task_runner.py:63} INFO - Started process 254 to run task
[2024-06-28T22:13:45.941+0000] {standard_task_runner.py:90} INFO - Running: ['airflow', 'tasks', 'run', 'example_dag', 'generate_and_insert_data', 'scheduled__2023-01-01T01:10:00+00:00', '--job-id', '17', '--raw', '--subdir', 'DAGS_FOLDER/example_dag.py', '--cfg-path', '/tmp/tmpmhbh2jx3']
[2024-06-28T22:13:45.942+0000] {standard_task_runner.py:91} INFO - Job 17: Subtask generate_and_insert_data
[2024-06-28T22:13:45.963+0000] {task_command.py:426} INFO - Running <TaskInstance: example_dag.generate_and_insert_data scheduled__2023-01-01T01:10:00+00:00 [running]> on host 619125b6796e
[2024-06-28T22:13:45.998+0000] {taskinstance.py:2648} INFO - Exporting env vars: AIRFLOW_CTX_DAG_OWNER='airflow' AIRFLOW_CTX_DAG_ID='example_dag' AIRFLOW_CTX_TASK_ID='generate_and_insert_data' AIRFLOW_CTX_EXECUTION_DATE='2023-01-01T01:10:00+00:00' AIRFLOW_CTX_TRY_NUMBER='1' AIRFLOW_CTX_DAG_RUN_ID='scheduled__2023-01-01T01:10:00+00:00'
[2024-06-28T22:13:45.998+0000] {taskinstance.py:430} INFO - ::endgroup::
[2024-06-28T22:13:46.004+0000] {python.py:237} INFO - Done. Returned value was: None
[2024-06-28T22:13:46.004+0000] {taskinstance.py:441} INFO - ::group::Post task execution logs
[2024-06-28T22:13:46.009+0000] {taskinstance.py:1206} INFO - Marking task as SUCCESS. dag_id=example_dag, task_id=generate_and_insert_data, run_id=scheduled__2023-01-01T01:10:00+00:00, execution_date=20230101T011000, start_date=20240628T221345, end_date=20240628T221346
[2024-06-28T22:13:46.039+0000] {local_task_job_runner.py:240} INFO - Task exited with return code 0
[2024-06-28T22:13:46.047+0000] {taskinstance.py:3503} INFO - 0 downstream tasks scheduled from follow-on schedule check
[2024-06-28T22:13:46.047+0000] {local_task_job_runner.py:222} INFO - ::endgroup::
