[2024-06-27T22:52:54.218+0000] {local_task_job_runner.py:120} INFO - ::group::Pre task execution logs
[2024-06-27T22:52:54.228+0000] {taskinstance.py:2076} INFO - Dependencies all met for dep_context=non-requeueable deps ti=<TaskInstance: example_dag.generate_and_insert_data scheduled__2023-01-01T04:00:00+00:00 [queued]>
[2024-06-27T22:52:54.230+0000] {taskinstance.py:2076} INFO - Dependencies all met for dep_context=requeueable deps ti=<TaskInstance: example_dag.generate_and_insert_data scheduled__2023-01-01T04:00:00+00:00 [queued]>
[2024-06-27T22:52:54.230+0000] {taskinstance.py:2306} INFO - Starting attempt 1 of 2
[2024-06-27T22:52:54.234+0000] {taskinstance.py:2330} INFO - Executing <Task(PythonOperator): generate_and_insert_data> on 2023-01-01 04:00:00+00:00
[2024-06-27T22:52:54.236+0000] {standard_task_runner.py:63} INFO - Started process 725 to run task
[2024-06-27T22:52:54.237+0000] {standard_task_runner.py:90} INFO - Running: ['airflow', 'tasks', 'run', 'example_dag', 'generate_and_insert_data', 'scheduled__2023-01-01T04:00:00+00:00', '--job-id', '51', '--raw', '--subdir', 'DAGS_FOLDER/example_dag.py', '--cfg-path', '/tmp/tmp_hf9mtd0']
[2024-06-27T22:52:54.238+0000] {standard_task_runner.py:91} INFO - Job 51: Subtask generate_and_insert_data
[2024-06-27T22:52:54.255+0000] {task_command.py:426} INFO - Running <TaskInstance: example_dag.generate_and_insert_data scheduled__2023-01-01T04:00:00+00:00 [running]> on host a70edf9d8581
[2024-06-27T22:52:54.284+0000] {taskinstance.py:2648} INFO - Exporting env vars: AIRFLOW_CTX_DAG_OWNER='airflow' AIRFLOW_CTX_DAG_ID='example_dag' AIRFLOW_CTX_TASK_ID='generate_and_insert_data' AIRFLOW_CTX_EXECUTION_DATE='2023-01-01T04:00:00+00:00' AIRFLOW_CTX_TRY_NUMBER='1' AIRFLOW_CTX_DAG_RUN_ID='scheduled__2023-01-01T04:00:00+00:00'
[2024-06-27T22:52:54.285+0000] {taskinstance.py:430} INFO - ::endgroup::
[2024-06-27T22:52:54.289+0000] {python.py:237} INFO - Done. Returned value was: None
[2024-06-27T22:52:54.289+0000] {taskinstance.py:441} INFO - ::group::Post task execution logs
[2024-06-27T22:52:54.293+0000] {taskinstance.py:1206} INFO - Marking task as SUCCESS. dag_id=example_dag, task_id=generate_and_insert_data, run_id=scheduled__2023-01-01T04:00:00+00:00, execution_date=20230101T040000, start_date=20240627T225254, end_date=20240627T225254
[2024-06-27T22:52:54.302+0000] {local_task_job_runner.py:240} INFO - Task exited with return code 0
[2024-06-27T22:52:54.308+0000] {taskinstance.py:3503} INFO - 0 downstream tasks scheduled from follow-on schedule check
[2024-06-27T22:52:54.308+0000] {local_task_job_runner.py:222} INFO - ::endgroup::
[2024-06-28T18:14:11.488+0000] {local_task_job_runner.py:120} INFO - ::group::Pre task execution logs
[2024-06-28T18:14:11.497+0000] {taskinstance.py:2076} INFO - Dependencies all met for dep_context=non-requeueable deps ti=<TaskInstance: example_dag.generate_and_insert_data scheduled__2023-01-01T04:00:00+00:00 [queued]>
[2024-06-28T18:14:11.500+0000] {taskinstance.py:2076} INFO - Dependencies all met for dep_context=requeueable deps ti=<TaskInstance: example_dag.generate_and_insert_data scheduled__2023-01-01T04:00:00+00:00 [queued]>
[2024-06-28T18:14:11.500+0000] {taskinstance.py:2306} INFO - Starting attempt 1 of 2
[2024-06-28T18:14:11.504+0000] {taskinstance.py:2330} INFO - Executing <Task(PythonOperator): generate_and_insert_data> on 2023-01-01 04:00:00+00:00
[2024-06-28T18:14:11.506+0000] {standard_task_runner.py:63} INFO - Started process 711 to run task
[2024-06-28T18:14:11.507+0000] {standard_task_runner.py:90} INFO - Running: ['airflow', 'tasks', 'run', 'example_dag', 'generate_and_insert_data', 'scheduled__2023-01-01T04:00:00+00:00', '--job-id', '50', '--raw', '--subdir', 'DAGS_FOLDER/example_dag.py', '--cfg-path', '/tmp/tmp2ghsocoa']
[2024-06-28T18:14:11.507+0000] {standard_task_runner.py:91} INFO - Job 50: Subtask generate_and_insert_data
[2024-06-28T18:14:11.524+0000] {task_command.py:426} INFO - Running <TaskInstance: example_dag.generate_and_insert_data scheduled__2023-01-01T04:00:00+00:00 [running]> on host 08cefd381a1f
[2024-06-28T18:14:11.552+0000] {taskinstance.py:2648} INFO - Exporting env vars: AIRFLOW_CTX_DAG_OWNER='airflow' AIRFLOW_CTX_DAG_ID='example_dag' AIRFLOW_CTX_TASK_ID='generate_and_insert_data' AIRFLOW_CTX_EXECUTION_DATE='2023-01-01T04:00:00+00:00' AIRFLOW_CTX_TRY_NUMBER='1' AIRFLOW_CTX_DAG_RUN_ID='scheduled__2023-01-01T04:00:00+00:00'
[2024-06-28T18:14:11.552+0000] {taskinstance.py:430} INFO - ::endgroup::
[2024-06-28T18:14:11.557+0000] {python.py:237} INFO - Done. Returned value was: None
[2024-06-28T18:14:11.557+0000] {taskinstance.py:441} INFO - ::group::Post task execution logs
[2024-06-28T18:14:11.561+0000] {taskinstance.py:1206} INFO - Marking task as SUCCESS. dag_id=example_dag, task_id=generate_and_insert_data, run_id=scheduled__2023-01-01T04:00:00+00:00, execution_date=20230101T040000, start_date=20240628T181411, end_date=20240628T181411
[2024-06-28T18:14:11.568+0000] {local_task_job_runner.py:240} INFO - Task exited with return code 0
[2024-06-28T18:14:11.573+0000] {taskinstance.py:3503} INFO - 0 downstream tasks scheduled from follow-on schedule check
[2024-06-28T18:14:11.574+0000] {local_task_job_runner.py:222} INFO - ::endgroup::
