[2024-06-27T22:52:59.182+0000] {local_task_job_runner.py:120} INFO - ::group::Pre task execution logs
[2024-06-27T22:52:59.192+0000] {taskinstance.py:2076} INFO - Dependencies all met for dep_context=non-requeueable deps ti=<TaskInstance: example_dag.generate_and_insert_data scheduled__2023-01-01T04:20:00+00:00 [queued]>
[2024-06-27T22:52:59.194+0000] {taskinstance.py:2076} INFO - Dependencies all met for dep_context=requeueable deps ti=<TaskInstance: example_dag.generate_and_insert_data scheduled__2023-01-01T04:20:00+00:00 [queued]>
[2024-06-27T22:52:59.195+0000] {taskinstance.py:2306} INFO - Starting attempt 1 of 2
[2024-06-27T22:52:59.199+0000] {taskinstance.py:2330} INFO - Executing <Task(PythonOperator): generate_and_insert_data> on 2023-01-01 04:20:00+00:00
[2024-06-27T22:52:59.200+0000] {standard_task_runner.py:63} INFO - Started process 765 to run task
[2024-06-27T22:52:59.201+0000] {standard_task_runner.py:90} INFO - Running: ['airflow', 'tasks', 'run', 'example_dag', 'generate_and_insert_data', 'scheduled__2023-01-01T04:20:00+00:00', '--job-id', '54', '--raw', '--subdir', 'DAGS_FOLDER/example_dag.py', '--cfg-path', '/tmp/tmpjbyqquww']
[2024-06-27T22:52:59.202+0000] {standard_task_runner.py:91} INFO - Job 54: Subtask generate_and_insert_data
[2024-06-27T22:52:59.218+0000] {task_command.py:426} INFO - Running <TaskInstance: example_dag.generate_and_insert_data scheduled__2023-01-01T04:20:00+00:00 [running]> on host a70edf9d8581
[2024-06-27T22:52:59.246+0000] {taskinstance.py:2648} INFO - Exporting env vars: AIRFLOW_CTX_DAG_OWNER='airflow' AIRFLOW_CTX_DAG_ID='example_dag' AIRFLOW_CTX_TASK_ID='generate_and_insert_data' AIRFLOW_CTX_EXECUTION_DATE='2023-01-01T04:20:00+00:00' AIRFLOW_CTX_TRY_NUMBER='1' AIRFLOW_CTX_DAG_RUN_ID='scheduled__2023-01-01T04:20:00+00:00'
[2024-06-27T22:52:59.247+0000] {taskinstance.py:430} INFO - ::endgroup::
[2024-06-27T22:52:59.251+0000] {python.py:237} INFO - Done. Returned value was: None
[2024-06-27T22:52:59.251+0000] {taskinstance.py:441} INFO - ::group::Post task execution logs
[2024-06-27T22:52:59.256+0000] {taskinstance.py:1206} INFO - Marking task as SUCCESS. dag_id=example_dag, task_id=generate_and_insert_data, run_id=scheduled__2023-01-01T04:20:00+00:00, execution_date=20230101T042000, start_date=20240627T225259, end_date=20240627T225259
[2024-06-27T22:52:59.263+0000] {local_task_job_runner.py:240} INFO - Task exited with return code 0
[2024-06-27T22:52:59.269+0000] {taskinstance.py:3503} INFO - 0 downstream tasks scheduled from follow-on schedule check
[2024-06-27T22:52:59.270+0000] {local_task_job_runner.py:222} INFO - ::endgroup::
[2024-06-28T18:14:19.117+0000] {local_task_job_runner.py:120} INFO - ::group::Pre task execution logs
[2024-06-28T18:14:19.127+0000] {taskinstance.py:2076} INFO - Dependencies all met for dep_context=non-requeueable deps ti=<TaskInstance: example_dag.generate_and_insert_data scheduled__2023-01-01T04:20:00+00:00 [queued]>
[2024-06-28T18:14:19.129+0000] {taskinstance.py:2076} INFO - Dependencies all met for dep_context=requeueable deps ti=<TaskInstance: example_dag.generate_and_insert_data scheduled__2023-01-01T04:20:00+00:00 [queued]>
[2024-06-28T18:14:19.129+0000] {taskinstance.py:2306} INFO - Starting attempt 1 of 2
[2024-06-28T18:14:19.133+0000] {taskinstance.py:2330} INFO - Executing <Task(PythonOperator): generate_and_insert_data> on 2023-01-01 04:20:00+00:00
[2024-06-28T18:14:19.135+0000] {standard_task_runner.py:63} INFO - Started process 779 to run task
[2024-06-28T18:14:19.136+0000] {standard_task_runner.py:90} INFO - Running: ['airflow', 'tasks', 'run', 'example_dag', 'generate_and_insert_data', 'scheduled__2023-01-01T04:20:00+00:00', '--job-id', '55', '--raw', '--subdir', 'DAGS_FOLDER/example_dag.py', '--cfg-path', '/tmp/tmpn_9xiehh']
[2024-06-28T18:14:19.137+0000] {standard_task_runner.py:91} INFO - Job 55: Subtask generate_and_insert_data
[2024-06-28T18:14:19.153+0000] {task_command.py:426} INFO - Running <TaskInstance: example_dag.generate_and_insert_data scheduled__2023-01-01T04:20:00+00:00 [running]> on host 08cefd381a1f
[2024-06-28T18:14:19.181+0000] {taskinstance.py:2648} INFO - Exporting env vars: AIRFLOW_CTX_DAG_OWNER='airflow' AIRFLOW_CTX_DAG_ID='example_dag' AIRFLOW_CTX_TASK_ID='generate_and_insert_data' AIRFLOW_CTX_EXECUTION_DATE='2023-01-01T04:20:00+00:00' AIRFLOW_CTX_TRY_NUMBER='1' AIRFLOW_CTX_DAG_RUN_ID='scheduled__2023-01-01T04:20:00+00:00'
[2024-06-28T18:14:19.182+0000] {taskinstance.py:430} INFO - ::endgroup::
[2024-06-28T18:14:19.186+0000] {python.py:237} INFO - Done. Returned value was: None
[2024-06-28T18:14:19.186+0000] {taskinstance.py:441} INFO - ::group::Post task execution logs
[2024-06-28T18:14:19.190+0000] {taskinstance.py:1206} INFO - Marking task as SUCCESS. dag_id=example_dag, task_id=generate_and_insert_data, run_id=scheduled__2023-01-01T04:20:00+00:00, execution_date=20230101T042000, start_date=20240628T181419, end_date=20240628T181419
[2024-06-28T18:14:19.195+0000] {local_task_job_runner.py:240} INFO - Task exited with return code 0
[2024-06-28T18:14:19.201+0000] {taskinstance.py:3503} INFO - 0 downstream tasks scheduled from follow-on schedule check
[2024-06-28T18:14:19.202+0000] {local_task_job_runner.py:222} INFO - ::endgroup::
