[2024-06-27T22:52:41.674+0000] {local_task_job_runner.py:120} INFO - ::group::Pre task execution logs
[2024-06-27T22:52:41.683+0000] {taskinstance.py:2076} INFO - Dependencies all met for dep_context=non-requeueable deps ti=<TaskInstance: example_dag.generate_and_insert_data scheduled__2023-01-01T03:20:00+00:00 [queued]>
[2024-06-27T22:52:41.686+0000] {taskinstance.py:2076} INFO - Dependencies all met for dep_context=requeueable deps ti=<TaskInstance: example_dag.generate_and_insert_data scheduled__2023-01-01T03:20:00+00:00 [queued]>
[2024-06-27T22:52:41.686+0000] {taskinstance.py:2306} INFO - Starting attempt 1 of 2
[2024-06-27T22:52:41.690+0000] {taskinstance.py:2330} INFO - Executing <Task(PythonOperator): generate_and_insert_data> on 2023-01-01 03:20:00+00:00
[2024-06-27T22:52:41.691+0000] {standard_task_runner.py:63} INFO - Started process 617 to run task
[2024-06-27T22:52:41.693+0000] {standard_task_runner.py:90} INFO - Running: ['airflow', 'tasks', 'run', 'example_dag', 'generate_and_insert_data', 'scheduled__2023-01-01T03:20:00+00:00', '--job-id', '43', '--raw', '--subdir', 'DAGS_FOLDER/example_dag.py', '--cfg-path', '/tmp/tmp1wdu3wgq']
[2024-06-27T22:52:41.693+0000] {standard_task_runner.py:91} INFO - Job 43: Subtask generate_and_insert_data
[2024-06-27T22:52:41.709+0000] {task_command.py:426} INFO - Running <TaskInstance: example_dag.generate_and_insert_data scheduled__2023-01-01T03:20:00+00:00 [running]> on host a70edf9d8581
[2024-06-27T22:52:41.736+0000] {taskinstance.py:2648} INFO - Exporting env vars: AIRFLOW_CTX_DAG_OWNER='airflow' AIRFLOW_CTX_DAG_ID='example_dag' AIRFLOW_CTX_TASK_ID='generate_and_insert_data' AIRFLOW_CTX_EXECUTION_DATE='2023-01-01T03:20:00+00:00' AIRFLOW_CTX_TRY_NUMBER='1' AIRFLOW_CTX_DAG_RUN_ID='scheduled__2023-01-01T03:20:00+00:00'
[2024-06-27T22:52:41.737+0000] {taskinstance.py:430} INFO - ::endgroup::
[2024-06-27T22:52:41.741+0000] {python.py:237} INFO - Done. Returned value was: None
[2024-06-27T22:52:41.741+0000] {taskinstance.py:441} INFO - ::group::Post task execution logs
[2024-06-27T22:52:41.745+0000] {taskinstance.py:1206} INFO - Marking task as SUCCESS. dag_id=example_dag, task_id=generate_and_insert_data, run_id=scheduled__2023-01-01T03:20:00+00:00, execution_date=20230101T032000, start_date=20240627T225241, end_date=20240627T225241
[2024-06-27T22:52:41.752+0000] {local_task_job_runner.py:240} INFO - Task exited with return code 0
[2024-06-27T22:52:41.758+0000] {taskinstance.py:3503} INFO - 0 downstream tasks scheduled from follow-on schedule check
[2024-06-27T22:52:41.758+0000] {local_task_job_runner.py:222} INFO - ::endgroup::
[2024-06-27T23:10:05.435+0000] {local_task_job_runner.py:120} INFO - ::group::Pre task execution logs
[2024-06-27T23:10:05.445+0000] {taskinstance.py:2076} INFO - Dependencies all met for dep_context=non-requeueable deps ti=<TaskInstance: example_dag.generate_and_insert_data scheduled__2023-01-01T03:20:00+00:00 [queued]>
[2024-06-27T23:10:05.447+0000] {taskinstance.py:2076} INFO - Dependencies all met for dep_context=requeueable deps ti=<TaskInstance: example_dag.generate_and_insert_data scheduled__2023-01-01T03:20:00+00:00 [queued]>
[2024-06-27T23:10:05.447+0000] {taskinstance.py:2306} INFO - Starting attempt 1 of 2
[2024-06-27T23:10:05.452+0000] {taskinstance.py:2330} INFO - Executing <Task(PythonOperator): generate_and_insert_data> on 2023-01-01 03:20:00+00:00
[2024-06-27T23:10:05.453+0000] {standard_task_runner.py:63} INFO - Started process 603 to run task
[2024-06-27T23:10:05.454+0000] {standard_task_runner.py:90} INFO - Running: ['airflow', 'tasks', 'run', 'example_dag', 'generate_and_insert_data', 'scheduled__2023-01-01T03:20:00+00:00', '--job-id', '42', '--raw', '--subdir', 'DAGS_FOLDER/example_dag.py', '--cfg-path', '/tmp/tmpbnz6zr0q']
[2024-06-27T23:10:05.455+0000] {standard_task_runner.py:91} INFO - Job 42: Subtask generate_and_insert_data
[2024-06-27T23:10:05.471+0000] {task_command.py:426} INFO - Running <TaskInstance: example_dag.generate_and_insert_data scheduled__2023-01-01T03:20:00+00:00 [running]> on host 7147f8a4dc9f
[2024-06-27T23:10:05.498+0000] {taskinstance.py:2648} INFO - Exporting env vars: AIRFLOW_CTX_DAG_OWNER='airflow' AIRFLOW_CTX_DAG_ID='example_dag' AIRFLOW_CTX_TASK_ID='generate_and_insert_data' AIRFLOW_CTX_EXECUTION_DATE='2023-01-01T03:20:00+00:00' AIRFLOW_CTX_TRY_NUMBER='1' AIRFLOW_CTX_DAG_RUN_ID='scheduled__2023-01-01T03:20:00+00:00'
[2024-06-27T23:10:05.499+0000] {taskinstance.py:430} INFO - ::endgroup::
[2024-06-27T23:10:05.503+0000] {python.py:237} INFO - Done. Returned value was: None
[2024-06-27T23:10:05.503+0000] {taskinstance.py:441} INFO - ::group::Post task execution logs
[2024-06-27T23:10:05.507+0000] {taskinstance.py:1206} INFO - Marking task as SUCCESS. dag_id=example_dag, task_id=generate_and_insert_data, run_id=scheduled__2023-01-01T03:20:00+00:00, execution_date=20230101T032000, start_date=20240627T231005, end_date=20240627T231005
[2024-06-27T23:10:05.517+0000] {local_task_job_runner.py:240} INFO - Task exited with return code 0
[2024-06-27T23:10:05.523+0000] {taskinstance.py:3503} INFO - 0 downstream tasks scheduled from follow-on schedule check
[2024-06-27T23:10:05.524+0000] {local_task_job_runner.py:222} INFO - ::endgroup::
[2024-06-28T18:13:59.926+0000] {local_task_job_runner.py:120} INFO - ::group::Pre task execution logs
[2024-06-28T18:13:59.936+0000] {taskinstance.py:2076} INFO - Dependencies all met for dep_context=non-requeueable deps ti=<TaskInstance: example_dag.generate_and_insert_data scheduled__2023-01-01T03:20:00+00:00 [queued]>
[2024-06-28T18:13:59.939+0000] {taskinstance.py:2076} INFO - Dependencies all met for dep_context=requeueable deps ti=<TaskInstance: example_dag.generate_and_insert_data scheduled__2023-01-01T03:20:00+00:00 [queued]>
[2024-06-28T18:13:59.939+0000] {taskinstance.py:2306} INFO - Starting attempt 1 of 2
[2024-06-28T18:13:59.943+0000] {taskinstance.py:2330} INFO - Executing <Task(PythonOperator): generate_and_insert_data> on 2023-01-01 03:20:00+00:00
[2024-06-28T18:13:59.945+0000] {standard_task_runner.py:63} INFO - Started process 617 to run task
[2024-06-28T18:13:59.946+0000] {standard_task_runner.py:90} INFO - Running: ['airflow', 'tasks', 'run', 'example_dag', 'generate_and_insert_data', 'scheduled__2023-01-01T03:20:00+00:00', '--job-id', '43', '--raw', '--subdir', 'DAGS_FOLDER/example_dag.py', '--cfg-path', '/tmp/tmp865giqa3']
[2024-06-28T18:13:59.947+0000] {standard_task_runner.py:91} INFO - Job 43: Subtask generate_and_insert_data
[2024-06-28T18:13:59.964+0000] {task_command.py:426} INFO - Running <TaskInstance: example_dag.generate_and_insert_data scheduled__2023-01-01T03:20:00+00:00 [running]> on host 08cefd381a1f
[2024-06-28T18:13:59.991+0000] {taskinstance.py:2648} INFO - Exporting env vars: AIRFLOW_CTX_DAG_OWNER='airflow' AIRFLOW_CTX_DAG_ID='example_dag' AIRFLOW_CTX_TASK_ID='generate_and_insert_data' AIRFLOW_CTX_EXECUTION_DATE='2023-01-01T03:20:00+00:00' AIRFLOW_CTX_TRY_NUMBER='1' AIRFLOW_CTX_DAG_RUN_ID='scheduled__2023-01-01T03:20:00+00:00'
[2024-06-28T18:13:59.992+0000] {taskinstance.py:430} INFO - ::endgroup::
[2024-06-28T18:13:59.996+0000] {python.py:237} INFO - Done. Returned value was: None
[2024-06-28T18:13:59.996+0000] {taskinstance.py:441} INFO - ::group::Post task execution logs
[2024-06-28T18:14:00.000+0000] {taskinstance.py:1206} INFO - Marking task as SUCCESS. dag_id=example_dag, task_id=generate_and_insert_data, run_id=scheduled__2023-01-01T03:20:00+00:00, execution_date=20230101T032000, start_date=20240628T181359, end_date=20240628T181400
[2024-06-28T18:14:00.049+0000] {local_task_job_runner.py:240} INFO - Task exited with return code 0
[2024-06-28T18:14:00.057+0000] {taskinstance.py:3503} INFO - 0 downstream tasks scheduled from follow-on schedule check
[2024-06-28T18:14:00.057+0000] {local_task_job_runner.py:222} INFO - ::endgroup::
[2024-06-28T18:21:15.571+0000] {local_task_job_runner.py:120} INFO - ::group::Pre task execution logs
[2024-06-28T18:21:15.582+0000] {taskinstance.py:2076} INFO - Dependencies all met for dep_context=non-requeueable deps ti=<TaskInstance: example_dag.generate_and_insert_data scheduled__2023-01-01T03:20:00+00:00 [queued]>
[2024-06-28T18:21:15.585+0000] {taskinstance.py:2076} INFO - Dependencies all met for dep_context=requeueable deps ti=<TaskInstance: example_dag.generate_and_insert_data scheduled__2023-01-01T03:20:00+00:00 [queued]>
[2024-06-28T18:21:15.585+0000] {taskinstance.py:2306} INFO - Starting attempt 1 of 2
[2024-06-28T18:21:15.590+0000] {taskinstance.py:2330} INFO - Executing <Task(PythonOperator): generate_and_insert_data> on 2023-01-01 03:20:00+00:00
[2024-06-28T18:21:15.592+0000] {standard_task_runner.py:63} INFO - Started process 603 to run task
[2024-06-28T18:21:15.593+0000] {standard_task_runner.py:90} INFO - Running: ['airflow', 'tasks', 'run', 'example_dag', 'generate_and_insert_data', 'scheduled__2023-01-01T03:20:00+00:00', '--job-id', '42', '--raw', '--subdir', 'DAGS_FOLDER/example_dag.py', '--cfg-path', '/tmp/tmpm9isq6gq']
[2024-06-28T18:21:15.594+0000] {standard_task_runner.py:91} INFO - Job 42: Subtask generate_and_insert_data
[2024-06-28T18:21:15.612+0000] {task_command.py:426} INFO - Running <TaskInstance: example_dag.generate_and_insert_data scheduled__2023-01-01T03:20:00+00:00 [running]> on host 6570e5857071
[2024-06-28T18:21:15.644+0000] {taskinstance.py:2648} INFO - Exporting env vars: AIRFLOW_CTX_DAG_OWNER='airflow' AIRFLOW_CTX_DAG_ID='example_dag' AIRFLOW_CTX_TASK_ID='generate_and_insert_data' AIRFLOW_CTX_EXECUTION_DATE='2023-01-01T03:20:00+00:00' AIRFLOW_CTX_TRY_NUMBER='1' AIRFLOW_CTX_DAG_RUN_ID='scheduled__2023-01-01T03:20:00+00:00'
[2024-06-28T18:21:15.644+0000] {taskinstance.py:430} INFO - ::endgroup::
[2024-06-28T18:21:15.649+0000] {python.py:237} INFO - Done. Returned value was: None
[2024-06-28T18:21:15.649+0000] {taskinstance.py:441} INFO - ::group::Post task execution logs
[2024-06-28T18:21:15.654+0000] {taskinstance.py:1206} INFO - Marking task as SUCCESS. dag_id=example_dag, task_id=generate_and_insert_data, run_id=scheduled__2023-01-01T03:20:00+00:00, execution_date=20230101T032000, start_date=20240628T182115, end_date=20240628T182115
[2024-06-28T18:21:15.694+0000] {local_task_job_runner.py:240} INFO - Task exited with return code 0
[2024-06-28T18:21:15.709+0000] {taskinstance.py:3503} INFO - 0 downstream tasks scheduled from follow-on schedule check
[2024-06-28T18:21:15.710+0000] {local_task_job_runner.py:222} INFO - ::endgroup::
