[2024-06-27T22:35:51.349+0000] {local_task_job_runner.py:120} INFO - ::group::Pre task execution logs
[2024-06-27T22:35:51.359+0000] {taskinstance.py:2076} INFO - Dependencies all met for dep_context=non-requeueable deps ti=<TaskInstance: ecomm_data_pipeline.generate_and_insert_data scheduled__2023-01-01T14:10:00+00:00 [queued]>
[2024-06-27T22:35:51.362+0000] {taskinstance.py:2076} INFO - Dependencies all met for dep_context=requeueable deps ti=<TaskInstance: ecomm_data_pipeline.generate_and_insert_data scheduled__2023-01-01T14:10:00+00:00 [queued]>
[2024-06-27T22:35:51.362+0000] {taskinstance.py:2306} INFO - Starting attempt 1 of 2
[2024-06-27T22:35:51.367+0000] {taskinstance.py:2330} INFO - Executing <Task(PythonOperator): generate_and_insert_data> on 2023-01-01 14:10:00+00:00
[2024-06-27T22:35:51.368+0000] {standard_task_runner.py:63} INFO - Started process 1514 to run task
[2024-06-27T22:35:51.369+0000] {standard_task_runner.py:90} INFO - Running: ['airflow', 'tasks', 'run', 'ecomm_data_pipeline', 'generate_and_insert_data', 'scheduled__2023-01-01T14:10:00+00:00', '--job-id', '104', '--raw', '--subdir', 'DAGS_FOLDER/ecomm_dag.py', '--cfg-path', '/tmp/tmpnagy6hga']
[2024-06-27T22:35:51.370+0000] {standard_task_runner.py:91} INFO - Job 104: Subtask generate_and_insert_data
[2024-06-27T22:35:51.386+0000] {task_command.py:426} INFO - Running <TaskInstance: ecomm_data_pipeline.generate_and_insert_data scheduled__2023-01-01T14:10:00+00:00 [running]> on host 9174587f6b1d
[2024-06-27T22:35:51.415+0000] {taskinstance.py:2648} INFO - Exporting env vars: AIRFLOW_CTX_DAG_OWNER='airflow' AIRFLOW_CTX_DAG_ID='ecomm_data_pipeline' AIRFLOW_CTX_TASK_ID='generate_and_insert_data' AIRFLOW_CTX_EXECUTION_DATE='2023-01-01T14:10:00+00:00' AIRFLOW_CTX_TRY_NUMBER='1' AIRFLOW_CTX_DAG_RUN_ID='scheduled__2023-01-01T14:10:00+00:00'
[2024-06-27T22:35:51.416+0000] {taskinstance.py:430} INFO - ::endgroup::
[2024-06-27T22:35:51.449+0000] {logging_mixin.py:188} INFO - Error in generate_and_insert_data: Command '['python3', './generator/ecomm_generator.py']' returned non-zero exit status 2.
[2024-06-27T22:35:51.449+0000] {python.py:237} INFO - Done. Returned value was: None
[2024-06-27T22:35:51.449+0000] {taskinstance.py:441} INFO - ::group::Post task execution logs
[2024-06-27T22:35:51.454+0000] {taskinstance.py:1206} INFO - Marking task as SUCCESS. dag_id=ecomm_data_pipeline, task_id=generate_and_insert_data, run_id=scheduled__2023-01-01T14:10:00+00:00, execution_date=20230101T141000, start_date=20240627T223551, end_date=20240627T223551
[2024-06-27T22:35:51.468+0000] {local_task_job_runner.py:240} INFO - Task exited with return code 0
[2024-06-27T22:35:51.474+0000] {taskinstance.py:3503} INFO - 0 downstream tasks scheduled from follow-on schedule check
[2024-06-27T22:35:51.475+0000] {local_task_job_runner.py:222} INFO - ::endgroup::
[2024-06-28T18:17:27.982+0000] {local_task_job_runner.py:120} INFO - ::group::Pre task execution logs
[2024-06-28T18:17:27.992+0000] {taskinstance.py:2076} INFO - Dependencies all met for dep_context=non-requeueable deps ti=<TaskInstance: ecomm_data_pipeline.generate_and_insert_data scheduled__2023-01-01T14:10:00+00:00 [queued]>
[2024-06-28T18:17:27.994+0000] {taskinstance.py:2076} INFO - Dependencies all met for dep_context=requeueable deps ti=<TaskInstance: ecomm_data_pipeline.generate_and_insert_data scheduled__2023-01-01T14:10:00+00:00 [queued]>
[2024-06-28T18:17:27.994+0000] {taskinstance.py:2306} INFO - Starting attempt 1 of 2
[2024-06-28T18:17:27.999+0000] {taskinstance.py:2330} INFO - Executing <Task(PythonOperator): generate_and_insert_data> on 2023-01-01 14:10:00+00:00
[2024-06-28T18:17:28.001+0000] {standard_task_runner.py:63} INFO - Started process 2420 to run task
[2024-06-28T18:17:28.002+0000] {standard_task_runner.py:90} INFO - Running: ['airflow', 'tasks', 'run', 'ecomm_data_pipeline', 'generate_and_insert_data', 'scheduled__2023-01-01T14:10:00+00:00', '--job-id', '172', '--raw', '--subdir', 'DAGS_FOLDER/ecomm_dag.py', '--cfg-path', '/tmp/tmpdracu4r9']
[2024-06-28T18:17:28.002+0000] {standard_task_runner.py:91} INFO - Job 172: Subtask generate_and_insert_data
[2024-06-28T18:17:28.019+0000] {task_command.py:426} INFO - Running <TaskInstance: ecomm_data_pipeline.generate_and_insert_data scheduled__2023-01-01T14:10:00+00:00 [running]> on host 08cefd381a1f
[2024-06-28T18:17:28.048+0000] {taskinstance.py:2648} INFO - Exporting env vars: AIRFLOW_CTX_DAG_OWNER='airflow' AIRFLOW_CTX_DAG_ID='ecomm_data_pipeline' AIRFLOW_CTX_TASK_ID='generate_and_insert_data' AIRFLOW_CTX_EXECUTION_DATE='2023-01-01T14:10:00+00:00' AIRFLOW_CTX_TRY_NUMBER='1' AIRFLOW_CTX_DAG_RUN_ID='scheduled__2023-01-01T14:10:00+00:00'
[2024-06-28T18:17:28.048+0000] {taskinstance.py:430} INFO - ::endgroup::
[2024-06-28T18:17:28.116+0000] {logging_mixin.py:188} INFO - Error in generate_and_insert_data: Command '['python3', '/opt/airflow/generator/ecomm_generator.py']' returned non-zero exit status 1.
[2024-06-28T18:17:28.116+0000] {logging_mixin.py:188} INFO - stdout: 
[2024-06-28T18:17:28.116+0000] {logging_mixin.py:188} INFO - stderr: Traceback (most recent call last):
  File "/opt/airflow/generator/ecomm_generator.py", line 4, in <module>
    from faker import Faker
ModuleNotFoundError: No module named 'faker'
[2024-06-28T18:17:28.117+0000] {python.py:237} INFO - Done. Returned value was: None
[2024-06-28T18:17:28.117+0000] {taskinstance.py:441} INFO - ::group::Post task execution logs
[2024-06-28T18:17:28.122+0000] {taskinstance.py:1206} INFO - Marking task as SUCCESS. dag_id=ecomm_data_pipeline, task_id=generate_and_insert_data, run_id=scheduled__2023-01-01T14:10:00+00:00, execution_date=20230101T141000, start_date=20240628T181727, end_date=20240628T181728
[2024-06-28T18:17:28.146+0000] {local_task_job_runner.py:240} INFO - Task exited with return code 0
[2024-06-28T18:17:28.153+0000] {taskinstance.py:3503} INFO - 0 downstream tasks scheduled from follow-on schedule check
[2024-06-28T18:17:28.154+0000] {local_task_job_runner.py:222} INFO - ::endgroup::
