[2024-06-27T22:35:28.689+0000] {local_task_job_runner.py:120} INFO - ::group::Pre task execution logs
[2024-06-27T22:35:28.699+0000] {taskinstance.py:2076} INFO - Dependencies all met for dep_context=non-requeueable deps ti=<TaskInstance: ecomm_data_pipeline.generate_and_insert_data scheduled__2023-01-01T12:10:00+00:00 [queued]>
[2024-06-27T22:35:28.701+0000] {taskinstance.py:2076} INFO - Dependencies all met for dep_context=requeueable deps ti=<TaskInstance: ecomm_data_pipeline.generate_and_insert_data scheduled__2023-01-01T12:10:00+00:00 [queued]>
[2024-06-27T22:35:28.702+0000] {taskinstance.py:2306} INFO - Starting attempt 1 of 2
[2024-06-27T22:35:28.706+0000] {taskinstance.py:2330} INFO - Executing <Task(PythonOperator): generate_and_insert_data> on 2023-01-01 12:10:00+00:00
[2024-06-27T22:35:28.707+0000] {standard_task_runner.py:63} INFO - Started process 1336 to run task
[2024-06-27T22:35:28.708+0000] {standard_task_runner.py:90} INFO - Running: ['airflow', 'tasks', 'run', 'ecomm_data_pipeline', 'generate_and_insert_data', 'scheduled__2023-01-01T12:10:00+00:00', '--job-id', '92', '--raw', '--subdir', 'DAGS_FOLDER/ecomm_dag.py', '--cfg-path', '/tmp/tmpz2swc2eb']
[2024-06-27T22:35:28.709+0000] {standard_task_runner.py:91} INFO - Job 92: Subtask generate_and_insert_data
[2024-06-27T22:35:28.725+0000] {task_command.py:426} INFO - Running <TaskInstance: ecomm_data_pipeline.generate_and_insert_data scheduled__2023-01-01T12:10:00+00:00 [running]> on host 9174587f6b1d
[2024-06-27T22:35:28.753+0000] {taskinstance.py:2648} INFO - Exporting env vars: AIRFLOW_CTX_DAG_OWNER='airflow' AIRFLOW_CTX_DAG_ID='ecomm_data_pipeline' AIRFLOW_CTX_TASK_ID='generate_and_insert_data' AIRFLOW_CTX_EXECUTION_DATE='2023-01-01T12:10:00+00:00' AIRFLOW_CTX_TRY_NUMBER='1' AIRFLOW_CTX_DAG_RUN_ID='scheduled__2023-01-01T12:10:00+00:00'
[2024-06-27T22:35:28.753+0000] {taskinstance.py:430} INFO - ::endgroup::
[2024-06-27T22:35:28.786+0000] {logging_mixin.py:188} INFO - Error in generate_and_insert_data: Command '['python3', './generator/ecomm_generator.py']' returned non-zero exit status 2.
[2024-06-27T22:35:28.786+0000] {python.py:237} INFO - Done. Returned value was: None
[2024-06-27T22:35:28.786+0000] {taskinstance.py:441} INFO - ::group::Post task execution logs
[2024-06-27T22:35:28.791+0000] {taskinstance.py:1206} INFO - Marking task as SUCCESS. dag_id=ecomm_data_pipeline, task_id=generate_and_insert_data, run_id=scheduled__2023-01-01T12:10:00+00:00, execution_date=20230101T121000, start_date=20240627T223528, end_date=20240627T223528
[2024-06-27T22:35:28.807+0000] {local_task_job_runner.py:240} INFO - Task exited with return code 0
[2024-06-27T22:35:28.813+0000] {taskinstance.py:3503} INFO - 0 downstream tasks scheduled from follow-on schedule check
[2024-06-27T22:35:28.814+0000] {local_task_job_runner.py:222} INFO - ::endgroup::
[2024-06-28T18:16:50.723+0000] {local_task_job_runner.py:120} INFO - ::group::Pre task execution logs
[2024-06-28T18:16:50.734+0000] {taskinstance.py:2076} INFO - Dependencies all met for dep_context=non-requeueable deps ti=<TaskInstance: ecomm_data_pipeline.generate_and_insert_data scheduled__2023-01-01T12:10:00+00:00 [queued]>
[2024-06-28T18:16:50.737+0000] {taskinstance.py:2076} INFO - Dependencies all met for dep_context=requeueable deps ti=<TaskInstance: ecomm_data_pipeline.generate_and_insert_data scheduled__2023-01-01T12:10:00+00:00 [queued]>
[2024-06-28T18:16:50.737+0000] {taskinstance.py:2306} INFO - Starting attempt 1 of 2
[2024-06-28T18:16:50.742+0000] {taskinstance.py:2330} INFO - Executing <Task(PythonOperator): generate_and_insert_data> on 2023-01-01 12:10:00+00:00
[2024-06-28T18:16:50.745+0000] {standard_task_runner.py:63} INFO - Started process 2097 to run task
[2024-06-28T18:16:50.746+0000] {standard_task_runner.py:90} INFO - Running: ['airflow', 'tasks', 'run', 'ecomm_data_pipeline', 'generate_and_insert_data', 'scheduled__2023-01-01T12:10:00+00:00', '--job-id', '149', '--raw', '--subdir', 'DAGS_FOLDER/ecomm_dag.py', '--cfg-path', '/tmp/tmpdf6e_jm9']
[2024-06-28T18:16:50.746+0000] {standard_task_runner.py:91} INFO - Job 149: Subtask generate_and_insert_data
[2024-06-28T18:16:50.765+0000] {task_command.py:426} INFO - Running <TaskInstance: ecomm_data_pipeline.generate_and_insert_data scheduled__2023-01-01T12:10:00+00:00 [running]> on host 08cefd381a1f
[2024-06-28T18:16:50.797+0000] {taskinstance.py:2648} INFO - Exporting env vars: AIRFLOW_CTX_DAG_OWNER='airflow' AIRFLOW_CTX_DAG_ID='ecomm_data_pipeline' AIRFLOW_CTX_TASK_ID='generate_and_insert_data' AIRFLOW_CTX_EXECUTION_DATE='2023-01-01T12:10:00+00:00' AIRFLOW_CTX_TRY_NUMBER='1' AIRFLOW_CTX_DAG_RUN_ID='scheduled__2023-01-01T12:10:00+00:00'
[2024-06-28T18:16:50.797+0000] {taskinstance.py:430} INFO - ::endgroup::
[2024-06-28T18:16:50.856+0000] {logging_mixin.py:188} INFO - Error in generate_and_insert_data: Command '['python3', '/opt/airflow/generator/ecomm_generator.py']' returned non-zero exit status 1.
[2024-06-28T18:16:50.857+0000] {logging_mixin.py:188} INFO - stdout: 
[2024-06-28T18:16:50.857+0000] {logging_mixin.py:188} INFO - stderr: Traceback (most recent call last):
  File "/opt/airflow/generator/ecomm_generator.py", line 4, in <module>
    from faker import Faker
ModuleNotFoundError: No module named 'faker'
[2024-06-28T18:16:50.857+0000] {python.py:237} INFO - Done. Returned value was: None
[2024-06-28T18:16:50.857+0000] {taskinstance.py:441} INFO - ::group::Post task execution logs
[2024-06-28T18:16:50.862+0000] {taskinstance.py:1206} INFO - Marking task as SUCCESS. dag_id=ecomm_data_pipeline, task_id=generate_and_insert_data, run_id=scheduled__2023-01-01T12:10:00+00:00, execution_date=20230101T121000, start_date=20240628T181650, end_date=20240628T181650
[2024-06-28T18:16:50.893+0000] {local_task_job_runner.py:240} INFO - Task exited with return code 0
[2024-06-28T18:16:50.900+0000] {taskinstance.py:3503} INFO - 0 downstream tasks scheduled from follow-on schedule check
[2024-06-28T18:16:50.901+0000] {local_task_job_runner.py:222} INFO - ::endgroup::
[2024-06-29T21:38:54.156+0000] {local_task_job_runner.py:120} INFO - ::group::Pre task execution logs
[2024-06-29T21:38:54.166+0000] {taskinstance.py:2076} INFO - Dependencies all met for dep_context=non-requeueable deps ti=<TaskInstance: ecomm_data_pipeline.generate_and_insert_data scheduled__2023-01-01T12:10:00+00:00 [queued]>
[2024-06-29T21:38:54.168+0000] {taskinstance.py:2076} INFO - Dependencies all met for dep_context=requeueable deps ti=<TaskInstance: ecomm_data_pipeline.generate_and_insert_data scheduled__2023-01-01T12:10:00+00:00 [queued]>
[2024-06-29T21:38:54.168+0000] {taskinstance.py:2306} INFO - Starting attempt 1 of 2
[2024-06-29T21:38:54.172+0000] {taskinstance.py:2330} INFO - Executing <Task(PythonOperator): generate_and_insert_data> on 2023-01-01 12:10:00+00:00
[2024-06-29T21:38:54.174+0000] {standard_task_runner.py:63} INFO - Started process 1099 to run task
[2024-06-29T21:38:54.175+0000] {standard_task_runner.py:90} INFO - Running: ['airflow', 'tasks', 'run', 'ecomm_data_pipeline', 'generate_and_insert_data', 'scheduled__2023-01-01T12:10:00+00:00', '--job-id', '75', '--raw', '--subdir', 'DAGS_FOLDER/ecomm_dag.py', '--cfg-path', '/tmp/tmpvg9xq5a3']
[2024-06-29T21:38:54.176+0000] {standard_task_runner.py:91} INFO - Job 75: Subtask generate_and_insert_data
[2024-06-29T21:38:54.193+0000] {task_command.py:426} INFO - Running <TaskInstance: ecomm_data_pipeline.generate_and_insert_data scheduled__2023-01-01T12:10:00+00:00 [running]> on host afcb6fbf9265
[2024-06-29T21:38:54.221+0000] {taskinstance.py:2648} INFO - Exporting env vars: AIRFLOW_CTX_DAG_OWNER='airflow' AIRFLOW_CTX_DAG_ID='ecomm_data_pipeline' AIRFLOW_CTX_TASK_ID='generate_and_insert_data' AIRFLOW_CTX_EXECUTION_DATE='2023-01-01T12:10:00+00:00' AIRFLOW_CTX_TRY_NUMBER='1' AIRFLOW_CTX_DAG_RUN_ID='scheduled__2023-01-01T12:10:00+00:00'
[2024-06-29T21:38:54.221+0000] {taskinstance.py:430} INFO - ::endgroup::
[2024-06-29T21:38:54.276+0000] {logging_mixin.py:188} INFO - Error in generate_and_insert_data: Command '['python3', '/opt/airflow/generator/ecomm_generator.py']' returned non-zero exit status 1.
[2024-06-29T21:38:54.276+0000] {logging_mixin.py:188} INFO - stdout: 
[2024-06-29T21:38:54.276+0000] {logging_mixin.py:188} INFO - stderr: Traceback (most recent call last):
  File "/opt/airflow/generator/ecomm_generator.py", line 4, in <module>
    from faker import Faker
ModuleNotFoundError: No module named 'faker'
[2024-06-29T21:38:54.276+0000] {python.py:237} INFO - Done. Returned value was: None
[2024-06-29T21:38:54.277+0000] {taskinstance.py:441} INFO - ::group::Post task execution logs
[2024-06-29T21:38:54.282+0000] {taskinstance.py:1206} INFO - Marking task as SUCCESS. dag_id=ecomm_data_pipeline, task_id=generate_and_insert_data, run_id=scheduled__2023-01-01T12:10:00+00:00, execution_date=20230101T121000, start_date=20240629T213854, end_date=20240629T213854
[2024-06-29T21:38:54.319+0000] {local_task_job_runner.py:240} INFO - Task exited with return code 0
[2024-06-29T21:38:54.327+0000] {taskinstance.py:3503} INFO - 0 downstream tasks scheduled from follow-on schedule check
[2024-06-29T21:38:54.327+0000] {local_task_job_runner.py:222} INFO - ::endgroup::
[2024-06-29T22:02:42.358+0000] {local_task_job_runner.py:120} INFO - ::group::Pre task execution logs
[2024-06-29T22:02:42.369+0000] {taskinstance.py:2076} INFO - Dependencies all met for dep_context=non-requeueable deps ti=<TaskInstance: ecomm_data_pipeline.generate_and_insert_data scheduled__2023-01-01T12:10:00+00:00 [queued]>
[2024-06-29T22:02:42.372+0000] {taskinstance.py:2076} INFO - Dependencies all met for dep_context=requeueable deps ti=<TaskInstance: ecomm_data_pipeline.generate_and_insert_data scheduled__2023-01-01T12:10:00+00:00 [queued]>
[2024-06-29T22:02:42.372+0000] {taskinstance.py:2306} INFO - Starting attempt 1 of 2
[2024-06-29T22:02:42.377+0000] {taskinstance.py:2330} INFO - Executing <Task(PythonOperator): generate_and_insert_data> on 2023-01-01 12:10:00+00:00
[2024-06-29T22:02:42.379+0000] {standard_task_runner.py:63} INFO - Started process 1099 to run task
[2024-06-29T22:02:42.380+0000] {standard_task_runner.py:90} INFO - Running: ['airflow', 'tasks', 'run', 'ecomm_data_pipeline', 'generate_and_insert_data', 'scheduled__2023-01-01T12:10:00+00:00', '--job-id', '75', '--raw', '--subdir', 'DAGS_FOLDER/ecomm_dag.py', '--cfg-path', '/tmp/tmpxsb6vwkv']
[2024-06-29T22:02:42.381+0000] {standard_task_runner.py:91} INFO - Job 75: Subtask generate_and_insert_data
[2024-06-29T22:02:42.399+0000] {task_command.py:426} INFO - Running <TaskInstance: ecomm_data_pipeline.generate_and_insert_data scheduled__2023-01-01T12:10:00+00:00 [running]> on host 799998b0d26e
[2024-06-29T22:02:42.432+0000] {taskinstance.py:2648} INFO - Exporting env vars: AIRFLOW_CTX_DAG_OWNER='airflow' AIRFLOW_CTX_DAG_ID='ecomm_data_pipeline' AIRFLOW_CTX_TASK_ID='generate_and_insert_data' AIRFLOW_CTX_EXECUTION_DATE='2023-01-01T12:10:00+00:00' AIRFLOW_CTX_TRY_NUMBER='1' AIRFLOW_CTX_DAG_RUN_ID='scheduled__2023-01-01T12:10:00+00:00'
[2024-06-29T22:02:42.433+0000] {taskinstance.py:430} INFO - ::endgroup::
[2024-06-29T22:02:42.493+0000] {logging_mixin.py:188} INFO - Error in generate_and_insert_data: Command '['python3', '/opt/airflow/generator/ecomm_generator.py']' returned non-zero exit status 1.
[2024-06-29T22:02:42.493+0000] {logging_mixin.py:188} INFO - stdout: 
[2024-06-29T22:02:42.493+0000] {logging_mixin.py:188} INFO - stderr: Traceback (most recent call last):
  File "/opt/airflow/generator/ecomm_generator.py", line 4, in <module>
    from faker import Faker
ModuleNotFoundError: No module named 'faker'
[2024-06-29T22:02:42.493+0000] {python.py:237} INFO - Done. Returned value was: None
[2024-06-29T22:02:42.493+0000] {taskinstance.py:441} INFO - ::group::Post task execution logs
[2024-06-29T22:02:42.499+0000] {taskinstance.py:1206} INFO - Marking task as SUCCESS. dag_id=ecomm_data_pipeline, task_id=generate_and_insert_data, run_id=scheduled__2023-01-01T12:10:00+00:00, execution_date=20230101T121000, start_date=20240629T220242, end_date=20240629T220242
[2024-06-29T22:02:42.521+0000] {local_task_job_runner.py:240} INFO - Task exited with return code 0
[2024-06-29T22:02:42.528+0000] {taskinstance.py:3503} INFO - 0 downstream tasks scheduled from follow-on schedule check
[2024-06-29T22:02:42.528+0000] {local_task_job_runner.py:222} INFO - ::endgroup::
