[2024-06-27T22:32:54.566+0000] {local_task_job_runner.py:120} INFO - ::group::Pre task execution logs
[2024-06-27T22:32:54.576+0000] {taskinstance.py:2076} INFO - Dependencies all met for dep_context=non-requeueable deps ti=<TaskInstance: ecomm_data_pipeline.generate_and_insert_data scheduled__2023-01-01T00:20:00+00:00 [queued]>
[2024-06-27T22:32:54.578+0000] {taskinstance.py:2076} INFO - Dependencies all met for dep_context=requeueable deps ti=<TaskInstance: ecomm_data_pipeline.generate_and_insert_data scheduled__2023-01-01T00:20:00+00:00 [queued]>
[2024-06-27T22:32:54.578+0000] {taskinstance.py:2306} INFO - Starting attempt 1 of 2
[2024-06-27T22:32:54.583+0000] {taskinstance.py:2330} INFO - Executing <Task(PythonOperator): generate_and_insert_data> on 2023-01-01 00:20:00+00:00
[2024-06-27T22:32:54.584+0000] {standard_task_runner.py:63} INFO - Started process 97 to run task
[2024-06-27T22:32:54.585+0000] {standard_task_runner.py:90} INFO - Running: ['airflow', 'tasks', 'run', 'ecomm_data_pipeline', 'generate_and_insert_data', 'scheduled__2023-01-01T00:20:00+00:00', '--job-id', '6', '--raw', '--subdir', 'DAGS_FOLDER/ecomm_dag.py', '--cfg-path', '/tmp/tmpq8r4h0gs']
[2024-06-27T22:32:54.586+0000] {standard_task_runner.py:91} INFO - Job 6: Subtask generate_and_insert_data
[2024-06-27T22:32:54.602+0000] {task_command.py:426} INFO - Running <TaskInstance: ecomm_data_pipeline.generate_and_insert_data scheduled__2023-01-01T00:20:00+00:00 [running]> on host 9174587f6b1d
[2024-06-27T22:32:54.630+0000] {taskinstance.py:2648} INFO - Exporting env vars: AIRFLOW_CTX_DAG_OWNER='airflow' AIRFLOW_CTX_DAG_ID='ecomm_data_pipeline' AIRFLOW_CTX_TASK_ID='generate_and_insert_data' AIRFLOW_CTX_EXECUTION_DATE='2023-01-01T00:20:00+00:00' AIRFLOW_CTX_TRY_NUMBER='1' AIRFLOW_CTX_DAG_RUN_ID='scheduled__2023-01-01T00:20:00+00:00'
[2024-06-27T22:32:54.630+0000] {taskinstance.py:430} INFO - ::endgroup::
[2024-06-27T22:32:54.661+0000] {logging_mixin.py:188} INFO - Error in generate_and_insert_data: Command '['python3', './generator/ecomm_generator.py']' returned non-zero exit status 2.
[2024-06-27T22:32:54.662+0000] {python.py:237} INFO - Done. Returned value was: None
[2024-06-27T22:32:54.662+0000] {taskinstance.py:441} INFO - ::group::Post task execution logs
[2024-06-27T22:32:54.666+0000] {taskinstance.py:1206} INFO - Marking task as SUCCESS. dag_id=ecomm_data_pipeline, task_id=generate_and_insert_data, run_id=scheduled__2023-01-01T00:20:00+00:00, execution_date=20230101T002000, start_date=20240627T223254, end_date=20240627T223254
[2024-06-27T22:32:54.693+0000] {local_task_job_runner.py:240} INFO - Task exited with return code 0
[2024-06-27T22:32:54.700+0000] {taskinstance.py:3503} INFO - 0 downstream tasks scheduled from follow-on schedule check
[2024-06-27T22:32:54.700+0000] {local_task_job_runner.py:222} INFO - ::endgroup::
[2024-06-27T22:51:44.985+0000] {local_task_job_runner.py:120} INFO - ::group::Pre task execution logs
[2024-06-27T22:51:44.995+0000] {taskinstance.py:2076} INFO - Dependencies all met for dep_context=non-requeueable deps ti=<TaskInstance: ecomm_data_pipeline.generate_and_insert_data scheduled__2023-01-01T00:20:00+00:00 [queued]>
[2024-06-27T22:51:44.998+0000] {taskinstance.py:2076} INFO - Dependencies all met for dep_context=requeueable deps ti=<TaskInstance: ecomm_data_pipeline.generate_and_insert_data scheduled__2023-01-01T00:20:00+00:00 [queued]>
[2024-06-27T22:51:44.998+0000] {taskinstance.py:2306} INFO - Starting attempt 1 of 2
[2024-06-27T22:51:45.002+0000] {taskinstance.py:2330} INFO - Executing <Task(PythonOperator): generate_and_insert_data> on 2023-01-01 00:20:00+00:00
[2024-06-27T22:51:45.003+0000] {standard_task_runner.py:63} INFO - Started process 97 to run task
[2024-06-27T22:51:45.004+0000] {standard_task_runner.py:90} INFO - Running: ['airflow', 'tasks', 'run', 'ecomm_data_pipeline', 'generate_and_insert_data', 'scheduled__2023-01-01T00:20:00+00:00', '--job-id', '6', '--raw', '--subdir', 'DAGS_FOLDER/ecomm_dag.py', '--cfg-path', '/tmp/tmpk_18sgst']
[2024-06-27T22:51:45.005+0000] {standard_task_runner.py:91} INFO - Job 6: Subtask generate_and_insert_data
[2024-06-27T22:51:45.021+0000] {task_command.py:426} INFO - Running <TaskInstance: ecomm_data_pipeline.generate_and_insert_data scheduled__2023-01-01T00:20:00+00:00 [running]> on host a70edf9d8581
[2024-06-27T22:51:45.048+0000] {taskinstance.py:2648} INFO - Exporting env vars: AIRFLOW_CTX_DAG_OWNER='airflow' AIRFLOW_CTX_DAG_ID='ecomm_data_pipeline' AIRFLOW_CTX_TASK_ID='generate_and_insert_data' AIRFLOW_CTX_EXECUTION_DATE='2023-01-01T00:20:00+00:00' AIRFLOW_CTX_TRY_NUMBER='1' AIRFLOW_CTX_DAG_RUN_ID='scheduled__2023-01-01T00:20:00+00:00'
[2024-06-27T22:51:45.048+0000] {taskinstance.py:430} INFO - ::endgroup::
[2024-06-27T22:51:45.080+0000] {logging_mixin.py:188} INFO - Error in generate_and_insert_data: Command '['python3', './generator/ecomm_generator.py']' returned non-zero exit status 2.
[2024-06-27T22:51:45.080+0000] {logging_mixin.py:188} INFO - stdout: 
[2024-06-27T22:51:45.080+0000] {logging_mixin.py:188} INFO - stderr: python3: can't open file '/opt/airflow/./generator/ecomm_generator.py': [Errno 2] No such file or directory
[2024-06-27T22:51:45.080+0000] {python.py:237} INFO - Done. Returned value was: None
[2024-06-27T22:51:45.080+0000] {taskinstance.py:441} INFO - ::group::Post task execution logs
[2024-06-27T22:51:45.085+0000] {taskinstance.py:1206} INFO - Marking task as SUCCESS. dag_id=ecomm_data_pipeline, task_id=generate_and_insert_data, run_id=scheduled__2023-01-01T00:20:00+00:00, execution_date=20230101T002000, start_date=20240627T225144, end_date=20240627T225145
[2024-06-27T22:51:45.104+0000] {local_task_job_runner.py:240} INFO - Task exited with return code 0
[2024-06-27T22:51:45.111+0000] {taskinstance.py:3503} INFO - 0 downstream tasks scheduled from follow-on schedule check
[2024-06-27T22:51:45.111+0000] {local_task_job_runner.py:222} INFO - ::endgroup::
[2024-06-27T22:59:28.010+0000] {local_task_job_runner.py:120} INFO - ::group::Pre task execution logs
[2024-06-27T22:59:28.023+0000] {taskinstance.py:2076} INFO - Dependencies all met for dep_context=non-requeueable deps ti=<TaskInstance: ecomm_data_pipeline.generate_and_insert_data scheduled__2023-01-01T00:20:00+00:00 [queued]>
[2024-06-27T22:59:28.027+0000] {taskinstance.py:2076} INFO - Dependencies all met for dep_context=requeueable deps ti=<TaskInstance: ecomm_data_pipeline.generate_and_insert_data scheduled__2023-01-01T00:20:00+00:00 [queued]>
[2024-06-27T22:59:28.027+0000] {taskinstance.py:2306} INFO - Starting attempt 1 of 2
[2024-06-27T22:59:28.032+0000] {taskinstance.py:2330} INFO - Executing <Task(PythonOperator): generate_and_insert_data> on 2023-01-01 00:20:00+00:00
[2024-06-27T22:59:28.033+0000] {standard_task_runner.py:63} INFO - Started process 97 to run task
[2024-06-27T22:59:28.035+0000] {standard_task_runner.py:90} INFO - Running: ['airflow', 'tasks', 'run', 'ecomm_data_pipeline', 'generate_and_insert_data', 'scheduled__2023-01-01T00:20:00+00:00', '--job-id', '6', '--raw', '--subdir', 'DAGS_FOLDER/ecomm_dag.py', '--cfg-path', '/tmp/tmpn83j4rcm']
[2024-06-27T22:59:28.035+0000] {standard_task_runner.py:91} INFO - Job 6: Subtask generate_and_insert_data
[2024-06-27T22:59:28.053+0000] {task_command.py:426} INFO - Running <TaskInstance: ecomm_data_pipeline.generate_and_insert_data scheduled__2023-01-01T00:20:00+00:00 [running]> on host 5cc71d4b298c
[2024-06-27T22:59:28.081+0000] {taskinstance.py:2648} INFO - Exporting env vars: AIRFLOW_CTX_DAG_OWNER='airflow' AIRFLOW_CTX_DAG_ID='ecomm_data_pipeline' AIRFLOW_CTX_TASK_ID='generate_and_insert_data' AIRFLOW_CTX_EXECUTION_DATE='2023-01-01T00:20:00+00:00' AIRFLOW_CTX_TRY_NUMBER='1' AIRFLOW_CTX_DAG_RUN_ID='scheduled__2023-01-01T00:20:00+00:00'
[2024-06-27T22:59:28.082+0000] {taskinstance.py:430} INFO - ::endgroup::
[2024-06-27T22:59:28.137+0000] {logging_mixin.py:188} INFO - Error in generate_and_insert_data: Command '['python3', '/opt/airflow/generator/ecomm_generator.py']' returned non-zero exit status 1.
[2024-06-27T22:59:28.138+0000] {logging_mixin.py:188} INFO - stdout: 
[2024-06-27T22:59:28.138+0000] {logging_mixin.py:188} INFO - stderr: Traceback (most recent call last):
  File "/opt/airflow/generator/ecomm_generator.py", line 4, in <module>
    from faker import Faker
ModuleNotFoundError: No module named 'faker'
[2024-06-27T22:59:28.138+0000] {python.py:237} INFO - Done. Returned value was: None
[2024-06-27T22:59:28.138+0000] {taskinstance.py:441} INFO - ::group::Post task execution logs
[2024-06-27T22:59:28.143+0000] {taskinstance.py:1206} INFO - Marking task as SUCCESS. dag_id=ecomm_data_pipeline, task_id=generate_and_insert_data, run_id=scheduled__2023-01-01T00:20:00+00:00, execution_date=20230101T002000, start_date=20240627T225928, end_date=20240627T225928
[2024-06-27T22:59:28.180+0000] {local_task_job_runner.py:240} INFO - Task exited with return code 0
[2024-06-27T22:59:28.187+0000] {taskinstance.py:3503} INFO - 0 downstream tasks scheduled from follow-on schedule check
[2024-06-27T22:59:28.188+0000] {local_task_job_runner.py:222} INFO - ::endgroup::
[2024-06-27T23:09:07.601+0000] {local_task_job_runner.py:120} INFO - ::group::Pre task execution logs
[2024-06-27T23:09:07.611+0000] {taskinstance.py:2076} INFO - Dependencies all met for dep_context=non-requeueable deps ti=<TaskInstance: ecomm_data_pipeline.generate_and_insert_data scheduled__2023-01-01T00:20:00+00:00 [queued]>
[2024-06-27T23:09:07.613+0000] {taskinstance.py:2076} INFO - Dependencies all met for dep_context=requeueable deps ti=<TaskInstance: ecomm_data_pipeline.generate_and_insert_data scheduled__2023-01-01T00:20:00+00:00 [queued]>
[2024-06-27T23:09:07.613+0000] {taskinstance.py:2306} INFO - Starting attempt 1 of 2
[2024-06-27T23:09:07.618+0000] {taskinstance.py:2330} INFO - Executing <Task(PythonOperator): generate_and_insert_data> on 2023-01-01 00:20:00+00:00
[2024-06-27T23:09:07.619+0000] {standard_task_runner.py:63} INFO - Started process 97 to run task
[2024-06-27T23:09:07.620+0000] {standard_task_runner.py:90} INFO - Running: ['airflow', 'tasks', 'run', 'ecomm_data_pipeline', 'generate_and_insert_data', 'scheduled__2023-01-01T00:20:00+00:00', '--job-id', '6', '--raw', '--subdir', 'DAGS_FOLDER/ecomm_dag.py', '--cfg-path', '/tmp/tmp8bic94cg']
[2024-06-27T23:09:07.621+0000] {standard_task_runner.py:91} INFO - Job 6: Subtask generate_and_insert_data
[2024-06-27T23:09:07.637+0000] {task_command.py:426} INFO - Running <TaskInstance: ecomm_data_pipeline.generate_and_insert_data scheduled__2023-01-01T00:20:00+00:00 [running]> on host 7147f8a4dc9f
[2024-06-27T23:09:07.666+0000] {taskinstance.py:2648} INFO - Exporting env vars: AIRFLOW_CTX_DAG_OWNER='airflow' AIRFLOW_CTX_DAG_ID='ecomm_data_pipeline' AIRFLOW_CTX_TASK_ID='generate_and_insert_data' AIRFLOW_CTX_EXECUTION_DATE='2023-01-01T00:20:00+00:00' AIRFLOW_CTX_TRY_NUMBER='1' AIRFLOW_CTX_DAG_RUN_ID='scheduled__2023-01-01T00:20:00+00:00'
[2024-06-27T23:09:07.666+0000] {taskinstance.py:430} INFO - ::endgroup::
[2024-06-27T23:09:07.720+0000] {logging_mixin.py:188} INFO - Error in generate_and_insert_data: Command '['python3', '/opt/airflow/generator/ecomm_generator.py']' returned non-zero exit status 1.
[2024-06-27T23:09:07.721+0000] {logging_mixin.py:188} INFO - stdout: 
[2024-06-27T23:09:07.721+0000] {logging_mixin.py:188} INFO - stderr: Traceback (most recent call last):
  File "/opt/airflow/generator/ecomm_generator.py", line 4, in <module>
    from faker import Faker
ModuleNotFoundError: No module named 'faker'
[2024-06-27T23:09:07.721+0000] {python.py:237} INFO - Done. Returned value was: None
[2024-06-27T23:09:07.721+0000] {taskinstance.py:441} INFO - ::group::Post task execution logs
[2024-06-27T23:09:07.726+0000] {taskinstance.py:1206} INFO - Marking task as SUCCESS. dag_id=ecomm_data_pipeline, task_id=generate_and_insert_data, run_id=scheduled__2023-01-01T00:20:00+00:00, execution_date=20230101T002000, start_date=20240627T230907, end_date=20240627T230907
[2024-06-27T23:09:07.761+0000] {local_task_job_runner.py:240} INFO - Task exited with return code 0
[2024-06-27T23:09:07.767+0000] {taskinstance.py:3503} INFO - 0 downstream tasks scheduled from follow-on schedule check
[2024-06-27T23:09:07.768+0000] {local_task_job_runner.py:222} INFO - ::endgroup::
[2024-06-27T23:12:45.376+0000] {local_task_job_runner.py:120} INFO - ::group::Pre task execution logs
[2024-06-27T23:12:45.386+0000] {taskinstance.py:2076} INFO - Dependencies all met for dep_context=non-requeueable deps ti=<TaskInstance: ecomm_data_pipeline.generate_and_insert_data scheduled__2023-01-01T00:20:00+00:00 [queued]>
[2024-06-27T23:12:45.388+0000] {taskinstance.py:2076} INFO - Dependencies all met for dep_context=requeueable deps ti=<TaskInstance: ecomm_data_pipeline.generate_and_insert_data scheduled__2023-01-01T00:20:00+00:00 [queued]>
[2024-06-27T23:12:45.389+0000] {taskinstance.py:2306} INFO - Starting attempt 1 of 2
[2024-06-27T23:12:45.393+0000] {taskinstance.py:2330} INFO - Executing <Task(PythonOperator): generate_and_insert_data> on 2023-01-01 00:20:00+00:00
[2024-06-27T23:12:45.395+0000] {standard_task_runner.py:63} INFO - Started process 97 to run task
[2024-06-27T23:12:45.396+0000] {standard_task_runner.py:90} INFO - Running: ['airflow', 'tasks', 'run', 'ecomm_data_pipeline', 'generate_and_insert_data', 'scheduled__2023-01-01T00:20:00+00:00', '--job-id', '6', '--raw', '--subdir', 'DAGS_FOLDER/ecomm_dag.py', '--cfg-path', '/tmp/tmprtf__tbd']
[2024-06-27T23:12:45.397+0000] {standard_task_runner.py:91} INFO - Job 6: Subtask generate_and_insert_data
[2024-06-27T23:12:45.414+0000] {task_command.py:426} INFO - Running <TaskInstance: ecomm_data_pipeline.generate_and_insert_data scheduled__2023-01-01T00:20:00+00:00 [running]> on host 4bd55eb76a74
[2024-06-27T23:12:45.442+0000] {taskinstance.py:2648} INFO - Exporting env vars: AIRFLOW_CTX_DAG_OWNER='airflow' AIRFLOW_CTX_DAG_ID='ecomm_data_pipeline' AIRFLOW_CTX_TASK_ID='generate_and_insert_data' AIRFLOW_CTX_EXECUTION_DATE='2023-01-01T00:20:00+00:00' AIRFLOW_CTX_TRY_NUMBER='1' AIRFLOW_CTX_DAG_RUN_ID='scheduled__2023-01-01T00:20:00+00:00'
[2024-06-27T23:12:45.442+0000] {taskinstance.py:430} INFO - ::endgroup::
[2024-06-27T23:12:45.498+0000] {logging_mixin.py:188} INFO - Error in generate_and_insert_data: Command '['python3', '/opt/airflow/generator/ecomm_generator.py']' returned non-zero exit status 1.
[2024-06-27T23:12:45.498+0000] {logging_mixin.py:188} INFO - stdout: 
[2024-06-27T23:12:45.499+0000] {logging_mixin.py:188} INFO - stderr: Traceback (most recent call last):
  File "/opt/airflow/generator/ecomm_generator.py", line 4, in <module>
    from faker import Faker
ModuleNotFoundError: No module named 'faker'
[2024-06-27T23:12:45.499+0000] {python.py:237} INFO - Done. Returned value was: None
[2024-06-27T23:12:45.499+0000] {taskinstance.py:441} INFO - ::group::Post task execution logs
[2024-06-27T23:12:45.504+0000] {taskinstance.py:1206} INFO - Marking task as SUCCESS. dag_id=ecomm_data_pipeline, task_id=generate_and_insert_data, run_id=scheduled__2023-01-01T00:20:00+00:00, execution_date=20230101T002000, start_date=20240627T231245, end_date=20240627T231245
[2024-06-27T23:12:45.536+0000] {local_task_job_runner.py:240} INFO - Task exited with return code 0
[2024-06-27T23:12:45.542+0000] {taskinstance.py:3503} INFO - 0 downstream tasks scheduled from follow-on schedule check
[2024-06-27T23:12:45.543+0000] {local_task_job_runner.py:222} INFO - ::endgroup::
[2024-06-27T23:18:39.221+0000] {local_task_job_runner.py:120} INFO - ::group::Pre task execution logs
[2024-06-27T23:18:39.233+0000] {taskinstance.py:2076} INFO - Dependencies all met for dep_context=non-requeueable deps ti=<TaskInstance: ecomm_data_pipeline.generate_and_insert_data scheduled__2023-01-01T00:20:00+00:00 [queued]>
[2024-06-27T23:18:39.235+0000] {taskinstance.py:2076} INFO - Dependencies all met for dep_context=requeueable deps ti=<TaskInstance: ecomm_data_pipeline.generate_and_insert_data scheduled__2023-01-01T00:20:00+00:00 [queued]>
[2024-06-27T23:18:39.235+0000] {taskinstance.py:2306} INFO - Starting attempt 1 of 2
[2024-06-27T23:18:39.240+0000] {taskinstance.py:2330} INFO - Executing <Task(PythonOperator): generate_and_insert_data> on 2023-01-01 00:20:00+00:00
[2024-06-27T23:18:39.242+0000] {standard_task_runner.py:63} INFO - Started process 97 to run task
[2024-06-27T23:18:39.243+0000] {standard_task_runner.py:90} INFO - Running: ['airflow', 'tasks', 'run', 'ecomm_data_pipeline', 'generate_and_insert_data', 'scheduled__2023-01-01T00:20:00+00:00', '--job-id', '6', '--raw', '--subdir', 'DAGS_FOLDER/ecomm_dag.py', '--cfg-path', '/tmp/tmp1abedwjd']
[2024-06-27T23:18:39.244+0000] {standard_task_runner.py:91} INFO - Job 6: Subtask generate_and_insert_data
[2024-06-27T23:18:39.262+0000] {task_command.py:426} INFO - Running <TaskInstance: ecomm_data_pipeline.generate_and_insert_data scheduled__2023-01-01T00:20:00+00:00 [running]> on host 73964f870a02
[2024-06-27T23:18:39.295+0000] {taskinstance.py:2648} INFO - Exporting env vars: AIRFLOW_CTX_DAG_OWNER='airflow' AIRFLOW_CTX_DAG_ID='ecomm_data_pipeline' AIRFLOW_CTX_TASK_ID='generate_and_insert_data' AIRFLOW_CTX_EXECUTION_DATE='2023-01-01T00:20:00+00:00' AIRFLOW_CTX_TRY_NUMBER='1' AIRFLOW_CTX_DAG_RUN_ID='scheduled__2023-01-01T00:20:00+00:00'
[2024-06-27T23:18:39.295+0000] {taskinstance.py:430} INFO - ::endgroup::
[2024-06-27T23:18:39.357+0000] {logging_mixin.py:188} INFO - Error in generate_and_insert_data: Command '['python3', '/opt/airflow/generator/ecomm_generator.py']' returned non-zero exit status 1.
[2024-06-27T23:18:39.357+0000] {logging_mixin.py:188} INFO - stdout: 
[2024-06-27T23:18:39.358+0000] {logging_mixin.py:188} INFO - stderr: Traceback (most recent call last):
  File "/opt/airflow/generator/ecomm_generator.py", line 4, in <module>
    from faker import Faker
ModuleNotFoundError: No module named 'faker'
[2024-06-27T23:18:39.358+0000] {python.py:237} INFO - Done. Returned value was: None
[2024-06-27T23:18:39.358+0000] {taskinstance.py:441} INFO - ::group::Post task execution logs
[2024-06-27T23:18:39.363+0000] {taskinstance.py:1206} INFO - Marking task as SUCCESS. dag_id=ecomm_data_pipeline, task_id=generate_and_insert_data, run_id=scheduled__2023-01-01T00:20:00+00:00, execution_date=20230101T002000, start_date=20240627T231839, end_date=20240627T231839
[2024-06-27T23:18:39.383+0000] {local_task_job_runner.py:240} INFO - Task exited with return code 0
[2024-06-27T23:18:39.392+0000] {taskinstance.py:3503} INFO - 0 downstream tasks scheduled from follow-on schedule check
[2024-06-27T23:18:39.392+0000] {local_task_job_runner.py:222} INFO - ::endgroup::
[2024-06-28T18:13:03.131+0000] {local_task_job_runner.py:120} INFO - ::group::Pre task execution logs
[2024-06-28T18:13:03.141+0000] {taskinstance.py:2076} INFO - Dependencies all met for dep_context=non-requeueable deps ti=<TaskInstance: ecomm_data_pipeline.generate_and_insert_data scheduled__2023-01-01T00:20:00+00:00 [queued]>
[2024-06-28T18:13:03.143+0000] {taskinstance.py:2076} INFO - Dependencies all met for dep_context=requeueable deps ti=<TaskInstance: ecomm_data_pipeline.generate_and_insert_data scheduled__2023-01-01T00:20:00+00:00 [queued]>
[2024-06-28T18:13:03.143+0000] {taskinstance.py:2306} INFO - Starting attempt 1 of 2
[2024-06-28T18:13:03.148+0000] {taskinstance.py:2330} INFO - Executing <Task(PythonOperator): generate_and_insert_data> on 2023-01-01 00:20:00+00:00
[2024-06-28T18:13:03.149+0000] {standard_task_runner.py:63} INFO - Started process 97 to run task
[2024-06-28T18:13:03.150+0000] {standard_task_runner.py:90} INFO - Running: ['airflow', 'tasks', 'run', 'ecomm_data_pipeline', 'generate_and_insert_data', 'scheduled__2023-01-01T00:20:00+00:00', '--job-id', '6', '--raw', '--subdir', 'DAGS_FOLDER/ecomm_dag.py', '--cfg-path', '/tmp/tmpottvlc_t']
[2024-06-28T18:13:03.151+0000] {standard_task_runner.py:91} INFO - Job 6: Subtask generate_and_insert_data
[2024-06-28T18:13:03.167+0000] {task_command.py:426} INFO - Running <TaskInstance: ecomm_data_pipeline.generate_and_insert_data scheduled__2023-01-01T00:20:00+00:00 [running]> on host 08cefd381a1f
[2024-06-28T18:13:03.195+0000] {taskinstance.py:2648} INFO - Exporting env vars: AIRFLOW_CTX_DAG_OWNER='airflow' AIRFLOW_CTX_DAG_ID='ecomm_data_pipeline' AIRFLOW_CTX_TASK_ID='generate_and_insert_data' AIRFLOW_CTX_EXECUTION_DATE='2023-01-01T00:20:00+00:00' AIRFLOW_CTX_TRY_NUMBER='1' AIRFLOW_CTX_DAG_RUN_ID='scheduled__2023-01-01T00:20:00+00:00'
[2024-06-28T18:13:03.195+0000] {taskinstance.py:430} INFO - ::endgroup::
[2024-06-28T18:13:03.249+0000] {logging_mixin.py:188} INFO - Error in generate_and_insert_data: Command '['python3', '/opt/airflow/generator/ecomm_generator.py']' returned non-zero exit status 1.
[2024-06-28T18:13:03.249+0000] {logging_mixin.py:188} INFO - stdout: 
[2024-06-28T18:13:03.249+0000] {logging_mixin.py:188} INFO - stderr: Traceback (most recent call last):
  File "/opt/airflow/generator/ecomm_generator.py", line 4, in <module>
    from faker import Faker
ModuleNotFoundError: No module named 'faker'
[2024-06-28T18:13:03.250+0000] {python.py:237} INFO - Done. Returned value was: None
[2024-06-28T18:13:03.250+0000] {taskinstance.py:441} INFO - ::group::Post task execution logs
[2024-06-28T18:13:03.254+0000] {taskinstance.py:1206} INFO - Marking task as SUCCESS. dag_id=ecomm_data_pipeline, task_id=generate_and_insert_data, run_id=scheduled__2023-01-01T00:20:00+00:00, execution_date=20230101T002000, start_date=20240628T181303, end_date=20240628T181303
[2024-06-28T18:13:03.304+0000] {local_task_job_runner.py:240} INFO - Task exited with return code 0
[2024-06-28T18:13:03.311+0000] {taskinstance.py:3503} INFO - 0 downstream tasks scheduled from follow-on schedule check
[2024-06-28T18:13:03.312+0000] {local_task_job_runner.py:222} INFO - ::endgroup::
[2024-06-28T18:20:17.345+0000] {local_task_job_runner.py:120} INFO - ::group::Pre task execution logs
[2024-06-28T18:20:17.354+0000] {taskinstance.py:2076} INFO - Dependencies all met for dep_context=non-requeueable deps ti=<TaskInstance: ecomm_data_pipeline.generate_and_insert_data scheduled__2023-01-01T00:20:00+00:00 [queued]>
[2024-06-28T18:20:17.357+0000] {taskinstance.py:2076} INFO - Dependencies all met for dep_context=requeueable deps ti=<TaskInstance: ecomm_data_pipeline.generate_and_insert_data scheduled__2023-01-01T00:20:00+00:00 [queued]>
[2024-06-28T18:20:17.357+0000] {taskinstance.py:2306} INFO - Starting attempt 1 of 2
[2024-06-28T18:20:17.361+0000] {taskinstance.py:2330} INFO - Executing <Task(PythonOperator): generate_and_insert_data> on 2023-01-01 00:20:00+00:00
[2024-06-28T18:20:17.362+0000] {standard_task_runner.py:63} INFO - Started process 97 to run task
[2024-06-28T18:20:17.363+0000] {standard_task_runner.py:90} INFO - Running: ['airflow', 'tasks', 'run', 'ecomm_data_pipeline', 'generate_and_insert_data', 'scheduled__2023-01-01T00:20:00+00:00', '--job-id', '6', '--raw', '--subdir', 'DAGS_FOLDER/ecomm_dag.py', '--cfg-path', '/tmp/tmpzk5ije54']
[2024-06-28T18:20:17.364+0000] {standard_task_runner.py:91} INFO - Job 6: Subtask generate_and_insert_data
[2024-06-28T18:20:17.380+0000] {task_command.py:426} INFO - Running <TaskInstance: ecomm_data_pipeline.generate_and_insert_data scheduled__2023-01-01T00:20:00+00:00 [running]> on host 6570e5857071
[2024-06-28T18:20:17.408+0000] {taskinstance.py:2648} INFO - Exporting env vars: AIRFLOW_CTX_DAG_OWNER='airflow' AIRFLOW_CTX_DAG_ID='ecomm_data_pipeline' AIRFLOW_CTX_TASK_ID='generate_and_insert_data' AIRFLOW_CTX_EXECUTION_DATE='2023-01-01T00:20:00+00:00' AIRFLOW_CTX_TRY_NUMBER='1' AIRFLOW_CTX_DAG_RUN_ID='scheduled__2023-01-01T00:20:00+00:00'
[2024-06-28T18:20:17.408+0000] {taskinstance.py:430} INFO - ::endgroup::
[2024-06-28T18:20:17.464+0000] {logging_mixin.py:188} INFO - Error in generate_and_insert_data: Command '['python3', '/opt/airflow/generator/ecomm_generator.py']' returned non-zero exit status 1.
[2024-06-28T18:20:17.464+0000] {logging_mixin.py:188} INFO - stdout: 
[2024-06-28T18:20:17.464+0000] {logging_mixin.py:188} INFO - stderr: Traceback (most recent call last):
  File "/opt/airflow/generator/ecomm_generator.py", line 4, in <module>
    from faker import Faker
ModuleNotFoundError: No module named 'faker'
[2024-06-28T18:20:17.465+0000] {python.py:237} INFO - Done. Returned value was: None
[2024-06-28T18:20:17.465+0000] {taskinstance.py:441} INFO - ::group::Post task execution logs
[2024-06-28T18:20:17.469+0000] {taskinstance.py:1206} INFO - Marking task as SUCCESS. dag_id=ecomm_data_pipeline, task_id=generate_and_insert_data, run_id=scheduled__2023-01-01T00:20:00+00:00, execution_date=20230101T002000, start_date=20240628T182017, end_date=20240628T182017
[2024-06-28T18:20:17.508+0000] {local_task_job_runner.py:240} INFO - Task exited with return code 0
[2024-06-28T18:20:17.515+0000] {taskinstance.py:3503} INFO - 0 downstream tasks scheduled from follow-on schedule check
[2024-06-28T18:20:17.515+0000] {local_task_job_runner.py:222} INFO - ::endgroup::
[2024-06-28T18:30:19.384+0000] {local_task_job_runner.py:120} INFO - ::group::Pre task execution logs
[2024-06-28T18:30:19.394+0000] {taskinstance.py:2076} INFO - Dependencies all met for dep_context=non-requeueable deps ti=<TaskInstance: ecomm_data_pipeline.generate_and_insert_data scheduled__2023-01-01T00:20:00+00:00 [queued]>
[2024-06-28T18:30:19.397+0000] {taskinstance.py:2076} INFO - Dependencies all met for dep_context=requeueable deps ti=<TaskInstance: ecomm_data_pipeline.generate_and_insert_data scheduled__2023-01-01T00:20:00+00:00 [queued]>
[2024-06-28T18:30:19.397+0000] {taskinstance.py:2306} INFO - Starting attempt 1 of 2
[2024-06-28T18:30:19.401+0000] {taskinstance.py:2330} INFO - Executing <Task(PythonOperator): generate_and_insert_data> on 2023-01-01 00:20:00+00:00
[2024-06-28T18:30:19.403+0000] {standard_task_runner.py:63} INFO - Started process 97 to run task
[2024-06-28T18:30:19.404+0000] {standard_task_runner.py:90} INFO - Running: ['airflow', 'tasks', 'run', 'ecomm_data_pipeline', 'generate_and_insert_data', 'scheduled__2023-01-01T00:20:00+00:00', '--job-id', '6', '--raw', '--subdir', 'DAGS_FOLDER/ecomm_dag.py', '--cfg-path', '/tmp/tmpxs2ns0tl']
[2024-06-28T18:30:19.404+0000] {standard_task_runner.py:91} INFO - Job 6: Subtask generate_and_insert_data
[2024-06-28T18:30:19.420+0000] {task_command.py:426} INFO - Running <TaskInstance: ecomm_data_pipeline.generate_and_insert_data scheduled__2023-01-01T00:20:00+00:00 [running]> on host 50bf780463b8
[2024-06-28T18:30:19.448+0000] {taskinstance.py:2648} INFO - Exporting env vars: AIRFLOW_CTX_DAG_OWNER='airflow' AIRFLOW_CTX_DAG_ID='ecomm_data_pipeline' AIRFLOW_CTX_TASK_ID='generate_and_insert_data' AIRFLOW_CTX_EXECUTION_DATE='2023-01-01T00:20:00+00:00' AIRFLOW_CTX_TRY_NUMBER='1' AIRFLOW_CTX_DAG_RUN_ID='scheduled__2023-01-01T00:20:00+00:00'
[2024-06-28T18:30:19.448+0000] {taskinstance.py:430} INFO - ::endgroup::
[2024-06-28T18:30:19.503+0000] {logging_mixin.py:188} INFO - Error in generate_and_insert_data: Command '['python3', '/opt/airflow/generator/ecomm_generator.py']' returned non-zero exit status 1.
[2024-06-28T18:30:19.503+0000] {logging_mixin.py:188} INFO - stdout: 
[2024-06-28T18:30:19.503+0000] {logging_mixin.py:188} INFO - stderr: Traceback (most recent call last):
  File "/opt/airflow/generator/ecomm_generator.py", line 4, in <module>
    from faker import Faker
ModuleNotFoundError: No module named 'faker'
[2024-06-28T18:30:19.504+0000] {python.py:237} INFO - Done. Returned value was: None
[2024-06-28T18:30:19.504+0000] {taskinstance.py:441} INFO - ::group::Post task execution logs
[2024-06-28T18:30:19.508+0000] {taskinstance.py:1206} INFO - Marking task as SUCCESS. dag_id=ecomm_data_pipeline, task_id=generate_and_insert_data, run_id=scheduled__2023-01-01T00:20:00+00:00, execution_date=20230101T002000, start_date=20240628T183019, end_date=20240628T183019
[2024-06-28T18:30:19.547+0000] {local_task_job_runner.py:240} INFO - Task exited with return code 0
[2024-06-28T18:30:19.554+0000] {taskinstance.py:3503} INFO - 0 downstream tasks scheduled from follow-on schedule check
[2024-06-28T18:30:19.554+0000] {local_task_job_runner.py:222} INFO - ::endgroup::
[2024-06-28T22:13:29.244+0000] {local_task_job_runner.py:120} INFO - ::group::Pre task execution logs
[2024-06-28T22:13:29.253+0000] {taskinstance.py:2076} INFO - Dependencies all met for dep_context=non-requeueable deps ti=<TaskInstance: ecomm_data_pipeline.generate_and_insert_data scheduled__2023-01-01T00:20:00+00:00 [queued]>
[2024-06-28T22:13:29.256+0000] {taskinstance.py:2076} INFO - Dependencies all met for dep_context=requeueable deps ti=<TaskInstance: ecomm_data_pipeline.generate_and_insert_data scheduled__2023-01-01T00:20:00+00:00 [queued]>
[2024-06-28T22:13:29.256+0000] {taskinstance.py:2306} INFO - Starting attempt 1 of 2
[2024-06-28T22:13:29.260+0000] {taskinstance.py:2330} INFO - Executing <Task(PythonOperator): generate_and_insert_data> on 2023-01-01 00:20:00+00:00
[2024-06-28T22:13:29.262+0000] {standard_task_runner.py:63} INFO - Started process 97 to run task
[2024-06-28T22:13:29.263+0000] {standard_task_runner.py:90} INFO - Running: ['airflow', 'tasks', 'run', 'ecomm_data_pipeline', 'generate_and_insert_data', 'scheduled__2023-01-01T00:20:00+00:00', '--job-id', '6', '--raw', '--subdir', 'DAGS_FOLDER/ecomm_dag.py', '--cfg-path', '/tmp/tmpha0god64']
[2024-06-28T22:13:29.264+0000] {standard_task_runner.py:91} INFO - Job 6: Subtask generate_and_insert_data
[2024-06-28T22:13:29.280+0000] {task_command.py:426} INFO - Running <TaskInstance: ecomm_data_pipeline.generate_and_insert_data scheduled__2023-01-01T00:20:00+00:00 [running]> on host 619125b6796e
[2024-06-28T22:13:29.307+0000] {taskinstance.py:2648} INFO - Exporting env vars: AIRFLOW_CTX_DAG_OWNER='airflow' AIRFLOW_CTX_DAG_ID='ecomm_data_pipeline' AIRFLOW_CTX_TASK_ID='generate_and_insert_data' AIRFLOW_CTX_EXECUTION_DATE='2023-01-01T00:20:00+00:00' AIRFLOW_CTX_TRY_NUMBER='1' AIRFLOW_CTX_DAG_RUN_ID='scheduled__2023-01-01T00:20:00+00:00'
[2024-06-28T22:13:29.308+0000] {taskinstance.py:430} INFO - ::endgroup::
[2024-06-28T22:13:29.363+0000] {logging_mixin.py:188} INFO - Error in generate_and_insert_data: Command '['python3', '/opt/airflow/generator/ecomm_generator.py']' returned non-zero exit status 1.
[2024-06-28T22:13:29.363+0000] {logging_mixin.py:188} INFO - stdout: 
[2024-06-28T22:13:29.363+0000] {logging_mixin.py:188} INFO - stderr: Traceback (most recent call last):
  File "/opt/airflow/generator/ecomm_generator.py", line 4, in <module>
    from faker import Faker
ModuleNotFoundError: No module named 'faker'
[2024-06-28T22:13:29.363+0000] {python.py:237} INFO - Done. Returned value was: None
[2024-06-28T22:13:29.363+0000] {taskinstance.py:441} INFO - ::group::Post task execution logs
[2024-06-28T22:13:29.368+0000] {taskinstance.py:1206} INFO - Marking task as SUCCESS. dag_id=ecomm_data_pipeline, task_id=generate_and_insert_data, run_id=scheduled__2023-01-01T00:20:00+00:00, execution_date=20230101T002000, start_date=20240628T221329, end_date=20240628T221329
[2024-06-28T22:13:29.402+0000] {local_task_job_runner.py:240} INFO - Task exited with return code 0
[2024-06-28T22:13:29.409+0000] {taskinstance.py:3503} INFO - 0 downstream tasks scheduled from follow-on schedule check
[2024-06-28T22:13:29.410+0000] {local_task_job_runner.py:222} INFO - ::endgroup::
[2024-06-29T21:36:39.984+0000] {local_task_job_runner.py:120} INFO - ::group::Pre task execution logs
[2024-06-29T21:36:39.994+0000] {taskinstance.py:2076} INFO - Dependencies all met for dep_context=non-requeueable deps ti=<TaskInstance: ecomm_data_pipeline.generate_and_insert_data scheduled__2023-01-01T00:20:00+00:00 [queued]>
[2024-06-29T21:36:39.997+0000] {taskinstance.py:2076} INFO - Dependencies all met for dep_context=requeueable deps ti=<TaskInstance: ecomm_data_pipeline.generate_and_insert_data scheduled__2023-01-01T00:20:00+00:00 [queued]>
[2024-06-29T21:36:39.997+0000] {taskinstance.py:2306} INFO - Starting attempt 1 of 2
[2024-06-29T21:36:40.001+0000] {taskinstance.py:2330} INFO - Executing <Task(PythonOperator): generate_and_insert_data> on 2023-01-01 00:20:00+00:00
[2024-06-29T21:36:40.003+0000] {standard_task_runner.py:63} INFO - Started process 69 to run task
[2024-06-29T21:36:40.004+0000] {standard_task_runner.py:90} INFO - Running: ['airflow', 'tasks', 'run', 'ecomm_data_pipeline', 'generate_and_insert_data', 'scheduled__2023-01-01T00:20:00+00:00', '--job-id', '4', '--raw', '--subdir', 'DAGS_FOLDER/ecomm_dag.py', '--cfg-path', '/tmp/tmp88xx7a91']
[2024-06-29T21:36:40.004+0000] {standard_task_runner.py:91} INFO - Job 4: Subtask generate_and_insert_data
[2024-06-29T21:36:40.020+0000] {task_command.py:426} INFO - Running <TaskInstance: ecomm_data_pipeline.generate_and_insert_data scheduled__2023-01-01T00:20:00+00:00 [running]> on host afcb6fbf9265
[2024-06-29T21:36:40.047+0000] {taskinstance.py:2648} INFO - Exporting env vars: AIRFLOW_CTX_DAG_OWNER='airflow' AIRFLOW_CTX_DAG_ID='ecomm_data_pipeline' AIRFLOW_CTX_TASK_ID='generate_and_insert_data' AIRFLOW_CTX_EXECUTION_DATE='2023-01-01T00:20:00+00:00' AIRFLOW_CTX_TRY_NUMBER='1' AIRFLOW_CTX_DAG_RUN_ID='scheduled__2023-01-01T00:20:00+00:00'
[2024-06-29T21:36:40.048+0000] {taskinstance.py:430} INFO - ::endgroup::
[2024-06-29T21:36:40.103+0000] {logging_mixin.py:188} INFO - Error in generate_and_insert_data: Command '['python3', '/opt/airflow/generator/ecomm_generator.py']' returned non-zero exit status 1.
[2024-06-29T21:36:40.103+0000] {logging_mixin.py:188} INFO - stdout: 
[2024-06-29T21:36:40.103+0000] {logging_mixin.py:188} INFO - stderr: Traceback (most recent call last):
  File "/opt/airflow/generator/ecomm_generator.py", line 4, in <module>
    from faker import Faker
ModuleNotFoundError: No module named 'faker'
[2024-06-29T21:36:40.103+0000] {python.py:237} INFO - Done. Returned value was: None
[2024-06-29T21:36:40.103+0000] {taskinstance.py:441} INFO - ::group::Post task execution logs
[2024-06-29T21:36:40.108+0000] {taskinstance.py:1206} INFO - Marking task as SUCCESS. dag_id=ecomm_data_pipeline, task_id=generate_and_insert_data, run_id=scheduled__2023-01-01T00:20:00+00:00, execution_date=20230101T002000, start_date=20240629T213639, end_date=20240629T213640
[2024-06-29T21:36:40.151+0000] {local_task_job_runner.py:240} INFO - Task exited with return code 0
[2024-06-29T21:36:40.158+0000] {taskinstance.py:3503} INFO - 0 downstream tasks scheduled from follow-on schedule check
[2024-06-29T21:36:40.159+0000] {local_task_job_runner.py:222} INFO - ::endgroup::
[2024-06-29T21:48:56.552+0000] {local_task_job_runner.py:120} INFO - ::group::Pre task execution logs
[2024-06-29T21:48:56.562+0000] {taskinstance.py:2076} INFO - Dependencies all met for dep_context=non-requeueable deps ti=<TaskInstance: ecomm_data_pipeline.generate_and_insert_data scheduled__2023-01-01T00:20:00+00:00 [queued]>
[2024-06-29T21:48:56.564+0000] {taskinstance.py:2076} INFO - Dependencies all met for dep_context=requeueable deps ti=<TaskInstance: ecomm_data_pipeline.generate_and_insert_data scheduled__2023-01-01T00:20:00+00:00 [queued]>
[2024-06-29T21:48:56.564+0000] {taskinstance.py:2306} INFO - Starting attempt 1 of 2
[2024-06-29T21:48:56.569+0000] {taskinstance.py:2330} INFO - Executing <Task(PythonOperator): generate_and_insert_data> on 2023-01-01 00:20:00+00:00
[2024-06-29T21:48:56.570+0000] {standard_task_runner.py:63} INFO - Started process 70 to run task
[2024-06-29T21:48:56.571+0000] {standard_task_runner.py:90} INFO - Running: ['airflow', 'tasks', 'run', 'ecomm_data_pipeline', 'generate_and_insert_data', 'scheduled__2023-01-01T00:20:00+00:00', '--job-id', '4', '--raw', '--subdir', 'DAGS_FOLDER/ecomm_dag.py', '--cfg-path', '/tmp/tmpcdkc767u']
[2024-06-29T21:48:56.572+0000] {standard_task_runner.py:91} INFO - Job 4: Subtask generate_and_insert_data
[2024-06-29T21:48:56.588+0000] {task_command.py:426} INFO - Running <TaskInstance: ecomm_data_pipeline.generate_and_insert_data scheduled__2023-01-01T00:20:00+00:00 [running]> on host 0b7af056b90c
[2024-06-29T21:48:56.615+0000] {taskinstance.py:2648} INFO - Exporting env vars: AIRFLOW_CTX_DAG_OWNER='airflow' AIRFLOW_CTX_DAG_ID='ecomm_data_pipeline' AIRFLOW_CTX_TASK_ID='generate_and_insert_data' AIRFLOW_CTX_EXECUTION_DATE='2023-01-01T00:20:00+00:00' AIRFLOW_CTX_TRY_NUMBER='1' AIRFLOW_CTX_DAG_RUN_ID='scheduled__2023-01-01T00:20:00+00:00'
[2024-06-29T21:48:56.616+0000] {taskinstance.py:430} INFO - ::endgroup::
[2024-06-29T21:48:56.671+0000] {logging_mixin.py:188} INFO - Error in generate_and_insert_data: Command '['python3', '/opt/airflow/generator/ecomm_generator.py']' returned non-zero exit status 1.
[2024-06-29T21:48:56.671+0000] {logging_mixin.py:188} INFO - stdout: 
[2024-06-29T21:48:56.671+0000] {logging_mixin.py:188} INFO - stderr: Traceback (most recent call last):
  File "/opt/airflow/generator/ecomm_generator.py", line 4, in <module>
    from faker import Faker
ModuleNotFoundError: No module named 'faker'
[2024-06-29T21:48:56.671+0000] {python.py:237} INFO - Done. Returned value was: None
[2024-06-29T21:48:56.672+0000] {taskinstance.py:441} INFO - ::group::Post task execution logs
[2024-06-29T21:48:56.676+0000] {taskinstance.py:1206} INFO - Marking task as SUCCESS. dag_id=ecomm_data_pipeline, task_id=generate_and_insert_data, run_id=scheduled__2023-01-01T00:20:00+00:00, execution_date=20230101T002000, start_date=20240629T214856, end_date=20240629T214856
[2024-06-29T21:48:56.723+0000] {local_task_job_runner.py:240} INFO - Task exited with return code 0
[2024-06-29T21:48:56.730+0000] {taskinstance.py:3503} INFO - 0 downstream tasks scheduled from follow-on schedule check
[2024-06-29T21:48:56.731+0000] {local_task_job_runner.py:222} INFO - ::endgroup::
[2024-06-29T22:00:29.032+0000] {local_task_job_runner.py:120} INFO - ::group::Pre task execution logs
[2024-06-29T22:00:29.042+0000] {taskinstance.py:2076} INFO - Dependencies all met for dep_context=non-requeueable deps ti=<TaskInstance: ecomm_data_pipeline.generate_and_insert_data scheduled__2023-01-01T00:20:00+00:00 [queued]>
[2024-06-29T22:00:29.044+0000] {taskinstance.py:2076} INFO - Dependencies all met for dep_context=requeueable deps ti=<TaskInstance: ecomm_data_pipeline.generate_and_insert_data scheduled__2023-01-01T00:20:00+00:00 [queued]>
[2024-06-29T22:00:29.044+0000] {taskinstance.py:2306} INFO - Starting attempt 1 of 2
[2024-06-29T22:00:29.049+0000] {taskinstance.py:2330} INFO - Executing <Task(PythonOperator): generate_and_insert_data> on 2023-01-01 00:20:00+00:00
[2024-06-29T22:00:29.050+0000] {standard_task_runner.py:63} INFO - Started process 70 to run task
[2024-06-29T22:00:29.051+0000] {standard_task_runner.py:90} INFO - Running: ['airflow', 'tasks', 'run', 'ecomm_data_pipeline', 'generate_and_insert_data', 'scheduled__2023-01-01T00:20:00+00:00', '--job-id', '4', '--raw', '--subdir', 'DAGS_FOLDER/ecomm_dag.py', '--cfg-path', '/tmp/tmpxb48tz1w']
[2024-06-29T22:00:29.052+0000] {standard_task_runner.py:91} INFO - Job 4: Subtask generate_and_insert_data
[2024-06-29T22:00:29.069+0000] {task_command.py:426} INFO - Running <TaskInstance: ecomm_data_pipeline.generate_and_insert_data scheduled__2023-01-01T00:20:00+00:00 [running]> on host 799998b0d26e
[2024-06-29T22:00:29.096+0000] {taskinstance.py:2648} INFO - Exporting env vars: AIRFLOW_CTX_DAG_OWNER='airflow' AIRFLOW_CTX_DAG_ID='ecomm_data_pipeline' AIRFLOW_CTX_TASK_ID='generate_and_insert_data' AIRFLOW_CTX_EXECUTION_DATE='2023-01-01T00:20:00+00:00' AIRFLOW_CTX_TRY_NUMBER='1' AIRFLOW_CTX_DAG_RUN_ID='scheduled__2023-01-01T00:20:00+00:00'
[2024-06-29T22:00:29.096+0000] {taskinstance.py:430} INFO - ::endgroup::
[2024-06-29T22:00:29.153+0000] {logging_mixin.py:188} INFO - Error in generate_and_insert_data: Command '['python3', '/opt/airflow/generator/ecomm_generator.py']' returned non-zero exit status 1.
[2024-06-29T22:00:29.153+0000] {logging_mixin.py:188} INFO - stdout: 
[2024-06-29T22:00:29.153+0000] {logging_mixin.py:188} INFO - stderr: Traceback (most recent call last):
  File "/opt/airflow/generator/ecomm_generator.py", line 4, in <module>
    from faker import Faker
ModuleNotFoundError: No module named 'faker'
[2024-06-29T22:00:29.153+0000] {python.py:237} INFO - Done. Returned value was: None
[2024-06-29T22:00:29.154+0000] {taskinstance.py:441} INFO - ::group::Post task execution logs
[2024-06-29T22:00:29.158+0000] {taskinstance.py:1206} INFO - Marking task as SUCCESS. dag_id=ecomm_data_pipeline, task_id=generate_and_insert_data, run_id=scheduled__2023-01-01T00:20:00+00:00, execution_date=20230101T002000, start_date=20240629T220029, end_date=20240629T220029
[2024-06-29T22:00:29.193+0000] {local_task_job_runner.py:240} INFO - Task exited with return code 0
[2024-06-29T22:00:29.200+0000] {taskinstance.py:3503} INFO - 0 downstream tasks scheduled from follow-on schedule check
[2024-06-29T22:00:29.200+0000] {local_task_job_runner.py:222} INFO - ::endgroup::
[2024-07-02T22:16:15.991+0000] {taskinstance.py:1103} INFO - Dependencies all met for dep_context=non-requeueable deps ti=<TaskInstance: ecomm_data_pipeline.generate_and_insert_data scheduled__2023-01-01T00:20:00+00:00 [None]>
[2024-07-02T22:16:15.995+0000] {taskinstance.py:1103} INFO - Dependencies all met for dep_context=requeueable deps ti=<TaskInstance: ecomm_data_pipeline.generate_and_insert_data scheduled__2023-01-01T00:20:00+00:00 [None]>
[2024-07-02T22:16:15.995+0000] {taskinstance.py:1308} INFO - Starting attempt 1 of 2
[2024-07-02T22:16:15.999+0000] {taskinstance.py:1327} INFO - Executing <Task(PythonOperator): generate_and_insert_data> on 2023-01-01 00:20:00+00:00
[2024-07-02T22:16:16.000+0000] {standard_task_runner.py:57} INFO - Started process 106 to run task
[2024-07-02T22:16:16.001+0000] {standard_task_runner.py:84} INFO - Running: ['airflow', 'tasks', 'run', 'ecomm_data_pipeline', 'generate_and_insert_data', 'scheduled__2023-01-01T00:20:00+00:00', '--job-id', '12', '--raw', '--subdir', 'DAGS_FOLDER/ecomm_dag.py', '--cfg-path', '/tmp/tmp4h5thlb2']
[2024-07-02T22:16:16.002+0000] {standard_task_runner.py:85} INFO - Job 12: Subtask generate_and_insert_data
[2024-07-02T22:16:16.021+0000] {task_command.py:410} INFO - Running <TaskInstance: ecomm_data_pipeline.generate_and_insert_data scheduled__2023-01-01T00:20:00+00:00 [running]> on host f142d1e711e7
[2024-07-02T22:16:16.053+0000] {taskinstance.py:1545} INFO - Exporting env vars: AIRFLOW_CTX_DAG_OWNER='airflow' AIRFLOW_CTX_DAG_ID='ecomm_data_pipeline' AIRFLOW_CTX_TASK_ID='generate_and_insert_data' AIRFLOW_CTX_EXECUTION_DATE='2023-01-01T00:20:00+00:00' AIRFLOW_CTX_TRY_NUMBER='1' AIRFLOW_CTX_DAG_RUN_ID='scheduled__2023-01-01T00:20:00+00:00'
