[2024-06-27T22:37:09.966+0000] {local_task_job_runner.py:120} INFO - ::group::Pre task execution logs
[2024-06-27T22:37:09.977+0000] {taskinstance.py:2076} INFO - Dependencies all met for dep_context=non-requeueable deps ti=<TaskInstance: ecomm_data_pipeline.generate_and_insert_data scheduled__2023-01-01T21:10:00+00:00 [queued]>
[2024-06-27T22:37:09.980+0000] {taskinstance.py:2076} INFO - Dependencies all met for dep_context=requeueable deps ti=<TaskInstance: ecomm_data_pipeline.generate_and_insert_data scheduled__2023-01-01T21:10:00+00:00 [queued]>
[2024-06-27T22:37:09.980+0000] {taskinstance.py:2306} INFO - Starting attempt 1 of 2
[2024-06-27T22:37:09.984+0000] {taskinstance.py:2330} INFO - Executing <Task(PythonOperator): generate_and_insert_data> on 2023-01-01 21:10:00+00:00
[2024-06-27T22:37:09.986+0000] {standard_task_runner.py:63} INFO - Started process 2122 to run task
[2024-06-27T22:37:09.987+0000] {standard_task_runner.py:90} INFO - Running: ['airflow', 'tasks', 'run', 'ecomm_data_pipeline', 'generate_and_insert_data', 'scheduled__2023-01-01T21:10:00+00:00', '--job-id', '146', '--raw', '--subdir', 'DAGS_FOLDER/ecomm_dag.py', '--cfg-path', '/tmp/tmpk22bmkib']
[2024-06-27T22:37:09.988+0000] {standard_task_runner.py:91} INFO - Job 146: Subtask generate_and_insert_data
[2024-06-27T22:37:10.008+0000] {task_command.py:426} INFO - Running <TaskInstance: ecomm_data_pipeline.generate_and_insert_data scheduled__2023-01-01T21:10:00+00:00 [running]> on host 9174587f6b1d
[2024-06-27T22:37:10.043+0000] {taskinstance.py:2648} INFO - Exporting env vars: AIRFLOW_CTX_DAG_OWNER='airflow' AIRFLOW_CTX_DAG_ID='ecomm_data_pipeline' AIRFLOW_CTX_TASK_ID='generate_and_insert_data' AIRFLOW_CTX_EXECUTION_DATE='2023-01-01T21:10:00+00:00' AIRFLOW_CTX_TRY_NUMBER='1' AIRFLOW_CTX_DAG_RUN_ID='scheduled__2023-01-01T21:10:00+00:00'
[2024-06-27T22:37:10.043+0000] {taskinstance.py:430} INFO - ::endgroup::
[2024-06-27T22:37:10.089+0000] {logging_mixin.py:188} INFO - Error in generate_and_insert_data: Command '['python3', './generator/ecomm_generator.py']' returned non-zero exit status 2.
[2024-06-27T22:37:10.089+0000] {python.py:237} INFO - Done. Returned value was: None
[2024-06-27T22:37:10.089+0000] {taskinstance.py:441} INFO - ::group::Post task execution logs
[2024-06-27T22:37:10.095+0000] {taskinstance.py:1206} INFO - Marking task as SUCCESS. dag_id=ecomm_data_pipeline, task_id=generate_and_insert_data, run_id=scheduled__2023-01-01T21:10:00+00:00, execution_date=20230101T211000, start_date=20240627T223709, end_date=20240627T223710
[2024-06-27T22:37:10.129+0000] {local_task_job_runner.py:240} INFO - Task exited with return code 0
[2024-06-27T22:37:10.136+0000] {taskinstance.py:3503} INFO - 0 downstream tasks scheduled from follow-on schedule check
[2024-06-27T22:37:10.137+0000] {local_task_job_runner.py:222} INFO - ::endgroup::
[2024-06-29T21:40:36.488+0000] {local_task_job_runner.py:120} INFO - ::group::Pre task execution logs
[2024-06-29T21:40:36.498+0000] {taskinstance.py:2076} INFO - Dependencies all met for dep_context=non-requeueable deps ti=<TaskInstance: ecomm_data_pipeline.generate_and_insert_data scheduled__2023-01-01T21:10:00+00:00 [queued]>
[2024-06-29T21:40:36.500+0000] {taskinstance.py:2076} INFO - Dependencies all met for dep_context=requeueable deps ti=<TaskInstance: ecomm_data_pipeline.generate_and_insert_data scheduled__2023-01-01T21:10:00+00:00 [queued]>
[2024-06-29T21:40:36.501+0000] {taskinstance.py:2306} INFO - Starting attempt 1 of 2
[2024-06-29T21:40:36.505+0000] {taskinstance.py:2330} INFO - Executing <Task(PythonOperator): generate_and_insert_data> on 2023-01-01 21:10:00+00:00
[2024-06-29T21:40:36.507+0000] {standard_task_runner.py:63} INFO - Started process 1883 to run task
[2024-06-29T21:40:36.508+0000] {standard_task_runner.py:90} INFO - Running: ['airflow', 'tasks', 'run', 'ecomm_data_pipeline', 'generate_and_insert_data', 'scheduled__2023-01-01T21:10:00+00:00', '--job-id', '129', '--raw', '--subdir', 'DAGS_FOLDER/ecomm_dag.py', '--cfg-path', '/tmp/tmpw83zpjex']
[2024-06-29T21:40:36.508+0000] {standard_task_runner.py:91} INFO - Job 129: Subtask generate_and_insert_data
[2024-06-29T21:40:36.525+0000] {task_command.py:426} INFO - Running <TaskInstance: ecomm_data_pipeline.generate_and_insert_data scheduled__2023-01-01T21:10:00+00:00 [running]> on host afcb6fbf9265
[2024-06-29T21:40:36.554+0000] {taskinstance.py:2648} INFO - Exporting env vars: AIRFLOW_CTX_DAG_OWNER='airflow' AIRFLOW_CTX_DAG_ID='ecomm_data_pipeline' AIRFLOW_CTX_TASK_ID='generate_and_insert_data' AIRFLOW_CTX_EXECUTION_DATE='2023-01-01T21:10:00+00:00' AIRFLOW_CTX_TRY_NUMBER='1' AIRFLOW_CTX_DAG_RUN_ID='scheduled__2023-01-01T21:10:00+00:00'
[2024-06-29T21:40:36.555+0000] {taskinstance.py:430} INFO - ::endgroup::
[2024-06-29T21:40:36.611+0000] {logging_mixin.py:188} INFO - Error in generate_and_insert_data: Command '['python3', '/opt/airflow/generator/ecomm_generator.py']' returned non-zero exit status 1.
[2024-06-29T21:40:36.611+0000] {logging_mixin.py:188} INFO - stdout: 
[2024-06-29T21:40:36.611+0000] {logging_mixin.py:188} INFO - stderr: Traceback (most recent call last):
  File "/opt/airflow/generator/ecomm_generator.py", line 4, in <module>
    from faker import Faker
ModuleNotFoundError: No module named 'faker'
[2024-06-29T21:40:36.611+0000] {python.py:237} INFO - Done. Returned value was: None
[2024-06-29T21:40:36.612+0000] {taskinstance.py:441} INFO - ::group::Post task execution logs
[2024-06-29T21:40:36.616+0000] {taskinstance.py:1206} INFO - Marking task as SUCCESS. dag_id=ecomm_data_pipeline, task_id=generate_and_insert_data, run_id=scheduled__2023-01-01T21:10:00+00:00, execution_date=20230101T211000, start_date=20240629T214036, end_date=20240629T214036
[2024-06-29T21:40:36.651+0000] {local_task_job_runner.py:240} INFO - Task exited with return code 0
[2024-06-29T21:40:36.658+0000] {taskinstance.py:3503} INFO - 0 downstream tasks scheduled from follow-on schedule check
[2024-06-29T21:40:36.659+0000] {local_task_job_runner.py:222} INFO - ::endgroup::
[2024-06-29T22:04:25.423+0000] {local_task_job_runner.py:120} INFO - ::group::Pre task execution logs
[2024-06-29T22:04:25.433+0000] {taskinstance.py:2076} INFO - Dependencies all met for dep_context=non-requeueable deps ti=<TaskInstance: ecomm_data_pipeline.generate_and_insert_data scheduled__2023-01-01T21:10:00+00:00 [queued]>
[2024-06-29T22:04:25.435+0000] {taskinstance.py:2076} INFO - Dependencies all met for dep_context=requeueable deps ti=<TaskInstance: ecomm_data_pipeline.generate_and_insert_data scheduled__2023-01-01T21:10:00+00:00 [queued]>
[2024-06-29T22:04:25.436+0000] {taskinstance.py:2306} INFO - Starting attempt 1 of 2
[2024-06-29T22:04:25.440+0000] {taskinstance.py:2330} INFO - Executing <Task(PythonOperator): generate_and_insert_data> on 2023-01-01 21:10:00+00:00
[2024-06-29T22:04:25.442+0000] {standard_task_runner.py:63} INFO - Started process 1883 to run task
[2024-06-29T22:04:25.443+0000] {standard_task_runner.py:90} INFO - Running: ['airflow', 'tasks', 'run', 'ecomm_data_pipeline', 'generate_and_insert_data', 'scheduled__2023-01-01T21:10:00+00:00', '--job-id', '129', '--raw', '--subdir', 'DAGS_FOLDER/ecomm_dag.py', '--cfg-path', '/tmp/tmpe3lr09fq']
[2024-06-29T22:04:25.444+0000] {standard_task_runner.py:91} INFO - Job 129: Subtask generate_and_insert_data
[2024-06-29T22:04:25.464+0000] {task_command.py:426} INFO - Running <TaskInstance: ecomm_data_pipeline.generate_and_insert_data scheduled__2023-01-01T21:10:00+00:00 [running]> on host 799998b0d26e
[2024-06-29T22:04:25.493+0000] {taskinstance.py:2648} INFO - Exporting env vars: AIRFLOW_CTX_DAG_OWNER='airflow' AIRFLOW_CTX_DAG_ID='ecomm_data_pipeline' AIRFLOW_CTX_TASK_ID='generate_and_insert_data' AIRFLOW_CTX_EXECUTION_DATE='2023-01-01T21:10:00+00:00' AIRFLOW_CTX_TRY_NUMBER='1' AIRFLOW_CTX_DAG_RUN_ID='scheduled__2023-01-01T21:10:00+00:00'
[2024-06-29T22:04:25.494+0000] {taskinstance.py:430} INFO - ::endgroup::
[2024-06-29T22:04:25.551+0000] {logging_mixin.py:188} INFO - Error in generate_and_insert_data: Command '['python3', '/opt/airflow/generator/ecomm_generator.py']' returned non-zero exit status 1.
[2024-06-29T22:04:25.551+0000] {logging_mixin.py:188} INFO - stdout: 
[2024-06-29T22:04:25.552+0000] {logging_mixin.py:188} INFO - stderr: Traceback (most recent call last):
  File "/opt/airflow/generator/ecomm_generator.py", line 4, in <module>
    from faker import Faker
ModuleNotFoundError: No module named 'faker'
[2024-06-29T22:04:25.552+0000] {python.py:237} INFO - Done. Returned value was: None
[2024-06-29T22:04:25.552+0000] {taskinstance.py:441} INFO - ::group::Post task execution logs
[2024-06-29T22:04:25.557+0000] {taskinstance.py:1206} INFO - Marking task as SUCCESS. dag_id=ecomm_data_pipeline, task_id=generate_and_insert_data, run_id=scheduled__2023-01-01T21:10:00+00:00, execution_date=20230101T211000, start_date=20240629T220425, end_date=20240629T220425
[2024-06-29T22:04:25.582+0000] {local_task_job_runner.py:240} INFO - Task exited with return code 0
[2024-06-29T22:04:25.589+0000] {taskinstance.py:3503} INFO - 0 downstream tasks scheduled from follow-on schedule check
[2024-06-29T22:04:25.589+0000] {local_task_job_runner.py:222} INFO - ::endgroup::
