[2024-07-03T00:19:53.304+0000] {taskinstance.py:1103} INFO - Dependencies all met for dep_context=non-requeueable deps ti=<TaskInstance: ecomm_data_pipeline.generate_data scheduled__2024-07-02T04:00:00+00:00 [queued]>
[2024-07-03T00:19:53.307+0000] {taskinstance.py:1103} INFO - Dependencies all met for dep_context=requeueable deps ti=<TaskInstance: ecomm_data_pipeline.generate_data scheduled__2024-07-02T04:00:00+00:00 [queued]>
[2024-07-03T00:19:53.307+0000] {taskinstance.py:1308} INFO - Starting attempt 1 of 2
[2024-07-03T00:19:53.311+0000] {taskinstance.py:1327} INFO - Executing <Task(PythonOperator): generate_data> on 2024-07-02 04:00:00+00:00
[2024-07-03T00:19:53.312+0000] {standard_task_runner.py:57} INFO - Started process 495 to run task
[2024-07-03T00:19:53.314+0000] {standard_task_runner.py:84} INFO - Running: ['airflow', 'tasks', 'run', 'ecomm_data_pipeline', 'generate_data', 'scheduled__2024-07-02T04:00:00+00:00', '--job-id', '215', '--raw', '--subdir', 'DAGS_FOLDER/ecomm_dag.py', '--cfg-path', '/tmp/tmpp48f1ug1']
[2024-07-03T00:19:53.314+0000] {standard_task_runner.py:85} INFO - Job 215: Subtask generate_data
[2024-07-03T00:19:53.333+0000] {task_command.py:410} INFO - Running <TaskInstance: ecomm_data_pipeline.generate_data scheduled__2024-07-02T04:00:00+00:00 [running]> on host a91436ab9950
[2024-07-03T00:19:53.368+0000] {taskinstance.py:1545} INFO - Exporting env vars: AIRFLOW_CTX_DAG_OWNER='airflow' AIRFLOW_CTX_DAG_ID='ecomm_data_pipeline' AIRFLOW_CTX_TASK_ID='generate_data' AIRFLOW_CTX_EXECUTION_DATE='2024-07-02T04:00:00+00:00' AIRFLOW_CTX_TRY_NUMBER='1' AIRFLOW_CTX_DAG_RUN_ID='scheduled__2024-07-02T04:00:00+00:00'
[2024-07-03T00:19:53.368+0000] {logging_mixin.py:149} INFO - Running data generation script...
[2024-07-03T00:19:53.772+0000] {logging_mixin.py:149} INFO - 2024-07-03 00:19:53,542 - INFO - Generating fake user data...
2024-07-03 00:19:53,592 - INFO - Generated 201 users.
2024-07-03 00:19:53,592 - INFO - Generating fake clickstream events...
2024-07-03 00:19:53,592 - INFO - Generated 20 clickstream events.
2024-07-03 00:19:53,592 - INFO - Generating fake transaction data...
2024-07-03 00:19:53,593 - INFO - Generated 66 transaction data records.
2024-07-03 00:19:53,593 - INFO - Generating fake Google Search marketing data...
2024-07-03 00:19:53,607 - INFO - Generated 1000 Google Search marketing data records.
2024-07-03 00:19:53,607 - INFO - Generating fake Email Marketing data...
2024-07-03 00:19:53,717 - INFO - Generated 1000 Email Marketing data records.
2024-07-03 00:19:53,717 - INFO - Generating fake Facebook data...
2024-07-03 00:19:53,733 - INFO - Generated 1000 Facebook data records.
2024-07-03 00:19:53,733 - INFO - Writing generated data to JSON files...
2024-07-03 00:19:53,764 - INFO - Data generation complete. Sleeping for 10 minutes...
[2024-07-03T00:19:53.772+0000] {python.py:183} INFO - Done. Returned value was: None
[2024-07-03T00:19:53.778+0000] {taskinstance.py:1345} INFO - Marking task as SUCCESS. dag_id=ecomm_data_pipeline, task_id=generate_data, execution_date=20240702T040000, start_date=20240703T001953, end_date=20240703T001953
[2024-07-03T00:19:53.794+0000] {local_task_job_runner.py:225} INFO - Task exited with return code 0
[2024-07-03T00:19:53.804+0000] {taskinstance.py:2651} INFO - 6 downstream tasks scheduled from follow-on schedule check
