[2024-07-06T18:10:38.150+0000] {taskinstance.py:1103} INFO - Dependencies all met for dep_context=non-requeueable deps ti=<TaskInstance: import_main_data.wait_for_init scheduled__2024-07-05T14:00:00+00:00 [queued]>
[2024-07-06T18:10:38.153+0000] {taskinstance.py:1103} INFO - Dependencies all met for dep_context=requeueable deps ti=<TaskInstance: import_main_data.wait_for_init scheduled__2024-07-05T14:00:00+00:00 [queued]>
[2024-07-06T18:10:38.153+0000] {taskinstance.py:1308} INFO - Starting attempt 1 of 2
[2024-07-06T18:10:38.157+0000] {taskinstance.py:1327} INFO - Executing <Task(ExternalTaskSensor): wait_for_init> on 2024-07-05 14:00:00+00:00
[2024-07-06T18:10:38.159+0000] {standard_task_runner.py:57} INFO - Started process 652 to run task
[2024-07-06T18:10:38.160+0000] {standard_task_runner.py:84} INFO - Running: ['airflow', 'tasks', 'run', 'import_main_data', 'wait_for_init', 'scheduled__2024-07-05T14:00:00+00:00', '--job-id', '816', '--raw', '--subdir', 'DAGS_FOLDER/import_raw_data.py', '--cfg-path', '/tmp/tmphrqof_hd']
[2024-07-06T18:10:38.161+0000] {standard_task_runner.py:85} INFO - Job 816: Subtask wait_for_init
[2024-07-06T18:10:38.181+0000] {task_command.py:410} INFO - Running <TaskInstance: import_main_data.wait_for_init scheduled__2024-07-05T14:00:00+00:00 [running]> on host f6bf59d3e65b
[2024-07-06T18:10:38.214+0000] {taskinstance.py:1545} INFO - Exporting env vars: AIRFLOW_CTX_DAG_EMAIL='airflow@example.com' AIRFLOW_CTX_DAG_OWNER='airflow' AIRFLOW_CTX_DAG_ID='import_main_data' AIRFLOW_CTX_TASK_ID='wait_for_init' AIRFLOW_CTX_EXECUTION_DATE='2024-07-05T14:00:00+00:00' AIRFLOW_CTX_TRY_NUMBER='1' AIRFLOW_CTX_DAG_RUN_ID='scheduled__2024-07-05T14:00:00+00:00'
[2024-07-06T18:10:38.218+0000] {external_task.py:247} INFO - Poking for DAG 'initialize_etl_environment' on 2024-07-05T14:00:00+00:00 ... 
[2024-07-06T18:10:38.230+0000] {taskinstance.py:1784} INFO - Rescheduling task, marking task as UP_FOR_RESCHEDULE
[2024-07-06T18:10:38.261+0000] {local_task_job_runner.py:225} INFO - Task exited with return code 0
[2024-07-06T18:10:38.273+0000] {taskinstance.py:2651} INFO - 0 downstream tasks scheduled from follow-on schedule check
[2024-07-06T18:11:39.605+0000] {taskinstance.py:1103} INFO - Dependencies all met for dep_context=non-requeueable deps ti=<TaskInstance: import_main_data.wait_for_init scheduled__2024-07-05T14:00:00+00:00 [queued]>
[2024-07-06T18:11:39.608+0000] {taskinstance.py:1103} INFO - Dependencies all met for dep_context=requeueable deps ti=<TaskInstance: import_main_data.wait_for_init scheduled__2024-07-05T14:00:00+00:00 [queued]>
[2024-07-06T18:11:39.609+0000] {taskinstance.py:1308} INFO - Starting attempt 1 of 2
[2024-07-06T18:11:39.613+0000] {taskinstance.py:1327} INFO - Executing <Task(ExternalTaskSensor): wait_for_init> on 2024-07-05 14:00:00+00:00
[2024-07-06T18:11:39.614+0000] {standard_task_runner.py:57} INFO - Started process 716 to run task
[2024-07-06T18:11:39.615+0000] {standard_task_runner.py:84} INFO - Running: ['airflow', 'tasks', 'run', 'import_main_data', 'wait_for_init', 'scheduled__2024-07-05T14:00:00+00:00', '--job-id', '832', '--raw', '--subdir', 'DAGS_FOLDER/import_raw_data.py', '--cfg-path', '/tmp/tmpdesxylf_']
[2024-07-06T18:11:39.616+0000] {standard_task_runner.py:85} INFO - Job 832: Subtask wait_for_init
[2024-07-06T18:11:39.635+0000] {task_command.py:410} INFO - Running <TaskInstance: import_main_data.wait_for_init scheduled__2024-07-05T14:00:00+00:00 [running]> on host f6bf59d3e65b
[2024-07-06T18:11:39.666+0000] {taskinstance.py:1545} INFO - Exporting env vars: AIRFLOW_CTX_DAG_EMAIL='airflow@example.com' AIRFLOW_CTX_DAG_OWNER='airflow' AIRFLOW_CTX_DAG_ID='import_main_data' AIRFLOW_CTX_TASK_ID='wait_for_init' AIRFLOW_CTX_EXECUTION_DATE='2024-07-05T14:00:00+00:00' AIRFLOW_CTX_TRY_NUMBER='1' AIRFLOW_CTX_DAG_RUN_ID='scheduled__2024-07-05T14:00:00+00:00'
[2024-07-06T18:11:39.671+0000] {external_task.py:247} INFO - Poking for DAG 'initialize_etl_environment' on 2024-07-05T14:00:00+00:00 ... 
[2024-07-06T18:11:39.682+0000] {taskinstance.py:1784} INFO - Rescheduling task, marking task as UP_FOR_RESCHEDULE
[2024-07-06T18:11:39.720+0000] {local_task_job_runner.py:225} INFO - Task exited with return code 0
[2024-07-06T18:11:39.732+0000] {taskinstance.py:2651} INFO - 0 downstream tasks scheduled from follow-on schedule check
[2024-07-06T18:12:41.762+0000] {taskinstance.py:1103} INFO - Dependencies all met for dep_context=non-requeueable deps ti=<TaskInstance: import_main_data.wait_for_init scheduled__2024-07-05T14:00:00+00:00 [queued]>
[2024-07-06T18:12:41.765+0000] {taskinstance.py:1103} INFO - Dependencies all met for dep_context=requeueable deps ti=<TaskInstance: import_main_data.wait_for_init scheduled__2024-07-05T14:00:00+00:00 [queued]>
[2024-07-06T18:12:41.765+0000] {taskinstance.py:1308} INFO - Starting attempt 1 of 2
[2024-07-06T18:12:41.770+0000] {taskinstance.py:1327} INFO - Executing <Task(ExternalTaskSensor): wait_for_init> on 2024-07-05 14:00:00+00:00
[2024-07-06T18:12:41.771+0000] {standard_task_runner.py:57} INFO - Started process 780 to run task
[2024-07-06T18:12:41.773+0000] {standard_task_runner.py:84} INFO - Running: ['airflow', 'tasks', 'run', 'import_main_data', 'wait_for_init', 'scheduled__2024-07-05T14:00:00+00:00', '--job-id', '848', '--raw', '--subdir', 'DAGS_FOLDER/import_raw_data.py', '--cfg-path', '/tmp/tmpk3zbd6cb']
[2024-07-06T18:12:41.774+0000] {standard_task_runner.py:85} INFO - Job 848: Subtask wait_for_init
[2024-07-06T18:12:41.795+0000] {task_command.py:410} INFO - Running <TaskInstance: import_main_data.wait_for_init scheduled__2024-07-05T14:00:00+00:00 [running]> on host f6bf59d3e65b
[2024-07-06T18:12:41.826+0000] {taskinstance.py:1545} INFO - Exporting env vars: AIRFLOW_CTX_DAG_EMAIL='airflow@example.com' AIRFLOW_CTX_DAG_OWNER='airflow' AIRFLOW_CTX_DAG_ID='import_main_data' AIRFLOW_CTX_TASK_ID='wait_for_init' AIRFLOW_CTX_EXECUTION_DATE='2024-07-05T14:00:00+00:00' AIRFLOW_CTX_TRY_NUMBER='1' AIRFLOW_CTX_DAG_RUN_ID='scheduled__2024-07-05T14:00:00+00:00'
[2024-07-06T18:12:41.830+0000] {external_task.py:247} INFO - Poking for DAG 'initialize_etl_environment' on 2024-07-05T14:00:00+00:00 ... 
[2024-07-06T18:12:41.841+0000] {taskinstance.py:1784} INFO - Rescheduling task, marking task as UP_FOR_RESCHEDULE
[2024-07-06T18:12:41.873+0000] {local_task_job_runner.py:225} INFO - Task exited with return code 0
[2024-07-06T18:12:41.884+0000] {taskinstance.py:2651} INFO - 0 downstream tasks scheduled from follow-on schedule check
[2024-07-06T18:13:43.094+0000] {taskinstance.py:1103} INFO - Dependencies all met for dep_context=non-requeueable deps ti=<TaskInstance: import_main_data.wait_for_init scheduled__2024-07-05T14:00:00+00:00 [queued]>
[2024-07-06T18:13:43.098+0000] {taskinstance.py:1103} INFO - Dependencies all met for dep_context=requeueable deps ti=<TaskInstance: import_main_data.wait_for_init scheduled__2024-07-05T14:00:00+00:00 [queued]>
[2024-07-06T18:13:43.098+0000] {taskinstance.py:1308} INFO - Starting attempt 1 of 2
[2024-07-06T18:13:43.109+0000] {taskinstance.py:1327} INFO - Executing <Task(ExternalTaskSensor): wait_for_init> on 2024-07-05 14:00:00+00:00
[2024-07-06T18:13:43.111+0000] {standard_task_runner.py:57} INFO - Started process 844 to run task
[2024-07-06T18:13:43.113+0000] {standard_task_runner.py:84} INFO - Running: ['airflow', 'tasks', 'run', 'import_main_data', 'wait_for_init', 'scheduled__2024-07-05T14:00:00+00:00', '--job-id', '864', '--raw', '--subdir', 'DAGS_FOLDER/import_raw_data.py', '--cfg-path', '/tmp/tmp7d69prmi']
[2024-07-06T18:13:43.114+0000] {standard_task_runner.py:85} INFO - Job 864: Subtask wait_for_init
[2024-07-06T18:13:43.138+0000] {task_command.py:410} INFO - Running <TaskInstance: import_main_data.wait_for_init scheduled__2024-07-05T14:00:00+00:00 [running]> on host f6bf59d3e65b
[2024-07-06T18:13:43.174+0000] {taskinstance.py:1545} INFO - Exporting env vars: AIRFLOW_CTX_DAG_EMAIL='airflow@example.com' AIRFLOW_CTX_DAG_OWNER='airflow' AIRFLOW_CTX_DAG_ID='import_main_data' AIRFLOW_CTX_TASK_ID='wait_for_init' AIRFLOW_CTX_EXECUTION_DATE='2024-07-05T14:00:00+00:00' AIRFLOW_CTX_TRY_NUMBER='1' AIRFLOW_CTX_DAG_RUN_ID='scheduled__2024-07-05T14:00:00+00:00'
[2024-07-06T18:13:43.179+0000] {external_task.py:247} INFO - Poking for DAG 'initialize_etl_environment' on 2024-07-05T14:00:00+00:00 ... 
[2024-07-06T18:13:43.190+0000] {taskinstance.py:1784} INFO - Rescheduling task, marking task as UP_FOR_RESCHEDULE
[2024-07-06T18:13:43.218+0000] {local_task_job_runner.py:225} INFO - Task exited with return code 0
[2024-07-06T18:13:43.229+0000] {taskinstance.py:2651} INFO - 0 downstream tasks scheduled from follow-on schedule check
