[2024-06-27T22:34:44.899+0000] {local_task_job_runner.py:120} INFO - ::group::Pre task execution logs
[2024-06-27T22:34:44.910+0000] {taskinstance.py:2076} INFO - Dependencies all met for dep_context=non-requeueable deps ti=<TaskInstance: ecomm_data_pipeline.generate_and_insert_data scheduled__2023-01-01T08:20:00+00:00 [queued]>
[2024-06-27T22:34:44.912+0000] {taskinstance.py:2076} INFO - Dependencies all met for dep_context=requeueable deps ti=<TaskInstance: ecomm_data_pipeline.generate_and_insert_data scheduled__2023-01-01T08:20:00+00:00 [queued]>
[2024-06-27T22:34:44.913+0000] {taskinstance.py:2306} INFO - Starting attempt 1 of 2
[2024-06-27T22:34:44.917+0000] {taskinstance.py:2330} INFO - Executing <Task(PythonOperator): generate_and_insert_data> on 2023-01-01 08:20:00+00:00
[2024-06-27T22:34:44.919+0000] {standard_task_runner.py:63} INFO - Started process 1002 to run task
[2024-06-27T22:34:44.920+0000] {standard_task_runner.py:90} INFO - Running: ['airflow', 'tasks', 'run', 'ecomm_data_pipeline', 'generate_and_insert_data', 'scheduled__2023-01-01T08:20:00+00:00', '--job-id', '69', '--raw', '--subdir', 'DAGS_FOLDER/ecomm_dag.py', '--cfg-path', '/tmp/tmpg3l5nh_k']
[2024-06-27T22:34:44.921+0000] {standard_task_runner.py:91} INFO - Job 69: Subtask generate_and_insert_data
[2024-06-27T22:34:44.939+0000] {task_command.py:426} INFO - Running <TaskInstance: ecomm_data_pipeline.generate_and_insert_data scheduled__2023-01-01T08:20:00+00:00 [running]> on host 9174587f6b1d
[2024-06-27T22:34:44.970+0000] {taskinstance.py:2648} INFO - Exporting env vars: AIRFLOW_CTX_DAG_OWNER='airflow' AIRFLOW_CTX_DAG_ID='ecomm_data_pipeline' AIRFLOW_CTX_TASK_ID='generate_and_insert_data' AIRFLOW_CTX_EXECUTION_DATE='2023-01-01T08:20:00+00:00' AIRFLOW_CTX_TRY_NUMBER='1' AIRFLOW_CTX_DAG_RUN_ID='scheduled__2023-01-01T08:20:00+00:00'
[2024-06-27T22:34:44.971+0000] {taskinstance.py:430} INFO - ::endgroup::
[2024-06-27T22:34:45.005+0000] {logging_mixin.py:188} INFO - Error in generate_and_insert_data: Command '['python3', './generator/ecomm_generator.py']' returned non-zero exit status 2.
[2024-06-27T22:34:45.005+0000] {python.py:237} INFO - Done. Returned value was: None
[2024-06-27T22:34:45.006+0000] {taskinstance.py:441} INFO - ::group::Post task execution logs
[2024-06-27T22:34:45.011+0000] {taskinstance.py:1206} INFO - Marking task as SUCCESS. dag_id=ecomm_data_pipeline, task_id=generate_and_insert_data, run_id=scheduled__2023-01-01T08:20:00+00:00, execution_date=20230101T082000, start_date=20240627T223444, end_date=20240627T223445
[2024-06-27T22:34:45.021+0000] {local_task_job_runner.py:240} INFO - Task exited with return code 0
[2024-06-27T22:34:45.028+0000] {taskinstance.py:3503} INFO - 0 downstream tasks scheduled from follow-on schedule check
[2024-06-27T22:34:45.028+0000] {local_task_job_runner.py:222} INFO - ::endgroup::
[2024-06-28T18:15:34.335+0000] {local_task_job_runner.py:120} INFO - ::group::Pre task execution logs
[2024-06-28T18:15:34.346+0000] {taskinstance.py:2076} INFO - Dependencies all met for dep_context=non-requeueable deps ti=<TaskInstance: ecomm_data_pipeline.generate_and_insert_data scheduled__2023-01-01T08:20:00+00:00 [queued]>
[2024-06-28T18:15:34.348+0000] {taskinstance.py:2076} INFO - Dependencies all met for dep_context=requeueable deps ti=<TaskInstance: ecomm_data_pipeline.generate_and_insert_data scheduled__2023-01-01T08:20:00+00:00 [queued]>
[2024-06-28T18:15:34.348+0000] {taskinstance.py:2306} INFO - Starting attempt 1 of 2
[2024-06-28T18:15:34.353+0000] {taskinstance.py:2330} INFO - Executing <Task(PythonOperator): generate_and_insert_data> on 2023-01-01 08:20:00+00:00
[2024-06-28T18:15:34.354+0000] {standard_task_runner.py:63} INFO - Started process 1443 to run task
[2024-06-28T18:15:34.355+0000] {standard_task_runner.py:90} INFO - Running: ['airflow', 'tasks', 'run', 'ecomm_data_pipeline', 'generate_and_insert_data', 'scheduled__2023-01-01T08:20:00+00:00', '--job-id', '102', '--raw', '--subdir', 'DAGS_FOLDER/ecomm_dag.py', '--cfg-path', '/tmp/tmpcoqeqk0i']
[2024-06-28T18:15:34.356+0000] {standard_task_runner.py:91} INFO - Job 102: Subtask generate_and_insert_data
[2024-06-28T18:15:34.372+0000] {task_command.py:426} INFO - Running <TaskInstance: ecomm_data_pipeline.generate_and_insert_data scheduled__2023-01-01T08:20:00+00:00 [running]> on host 08cefd381a1f
[2024-06-28T18:15:34.400+0000] {taskinstance.py:2648} INFO - Exporting env vars: AIRFLOW_CTX_DAG_OWNER='airflow' AIRFLOW_CTX_DAG_ID='ecomm_data_pipeline' AIRFLOW_CTX_TASK_ID='generate_and_insert_data' AIRFLOW_CTX_EXECUTION_DATE='2023-01-01T08:20:00+00:00' AIRFLOW_CTX_TRY_NUMBER='1' AIRFLOW_CTX_DAG_RUN_ID='scheduled__2023-01-01T08:20:00+00:00'
[2024-06-28T18:15:34.400+0000] {taskinstance.py:430} INFO - ::endgroup::
[2024-06-28T18:15:34.456+0000] {logging_mixin.py:188} INFO - Error in generate_and_insert_data: Command '['python3', '/opt/airflow/generator/ecomm_generator.py']' returned non-zero exit status 1.
[2024-06-28T18:15:34.456+0000] {logging_mixin.py:188} INFO - stdout: 
[2024-06-28T18:15:34.457+0000] {logging_mixin.py:188} INFO - stderr: Traceback (most recent call last):
  File "/opt/airflow/generator/ecomm_generator.py", line 4, in <module>
    from faker import Faker
ModuleNotFoundError: No module named 'faker'
[2024-06-28T18:15:34.457+0000] {python.py:237} INFO - Done. Returned value was: None
[2024-06-28T18:15:34.457+0000] {taskinstance.py:441} INFO - ::group::Post task execution logs
[2024-06-28T18:15:34.462+0000] {taskinstance.py:1206} INFO - Marking task as SUCCESS. dag_id=ecomm_data_pipeline, task_id=generate_and_insert_data, run_id=scheduled__2023-01-01T08:20:00+00:00, execution_date=20230101T082000, start_date=20240628T181534, end_date=20240628T181534
[2024-06-28T18:15:34.503+0000] {local_task_job_runner.py:240} INFO - Task exited with return code 0
[2024-06-28T18:15:34.510+0000] {taskinstance.py:3503} INFO - 0 downstream tasks scheduled from follow-on schedule check
[2024-06-28T18:15:34.511+0000] {local_task_job_runner.py:222} INFO - ::endgroup::
[2024-06-28T18:22:13.733+0000] {local_task_job_runner.py:120} INFO - ::group::Pre task execution logs
[2024-06-28T18:22:13.743+0000] {taskinstance.py:2076} INFO - Dependencies all met for dep_context=non-requeueable deps ti=<TaskInstance: ecomm_data_pipeline.generate_and_insert_data scheduled__2023-01-01T08:20:00+00:00 [queued]>
[2024-06-28T18:22:13.746+0000] {taskinstance.py:2076} INFO - Dependencies all met for dep_context=requeueable deps ti=<TaskInstance: ecomm_data_pipeline.generate_and_insert_data scheduled__2023-01-01T08:20:00+00:00 [queued]>
[2024-06-28T18:22:13.746+0000] {taskinstance.py:2306} INFO - Starting attempt 1 of 2
[2024-06-28T18:22:13.750+0000] {taskinstance.py:2330} INFO - Executing <Task(PythonOperator): generate_and_insert_data> on 2023-01-01 08:20:00+00:00
[2024-06-28T18:22:13.752+0000] {standard_task_runner.py:63} INFO - Started process 1056 to run task
[2024-06-28T18:22:13.753+0000] {standard_task_runner.py:90} INFO - Running: ['airflow', 'tasks', 'run', 'ecomm_data_pipeline', 'generate_and_insert_data', 'scheduled__2023-01-01T08:20:00+00:00', '--job-id', '73', '--raw', '--subdir', 'DAGS_FOLDER/ecomm_dag.py', '--cfg-path', '/tmp/tmpibgn6epd']
[2024-06-28T18:22:13.754+0000] {standard_task_runner.py:91} INFO - Job 73: Subtask generate_and_insert_data
[2024-06-28T18:22:13.770+0000] {task_command.py:426} INFO - Running <TaskInstance: ecomm_data_pipeline.generate_and_insert_data scheduled__2023-01-01T08:20:00+00:00 [running]> on host 6570e5857071
[2024-06-28T18:22:13.800+0000] {taskinstance.py:2648} INFO - Exporting env vars: AIRFLOW_CTX_DAG_OWNER='airflow' AIRFLOW_CTX_DAG_ID='ecomm_data_pipeline' AIRFLOW_CTX_TASK_ID='generate_and_insert_data' AIRFLOW_CTX_EXECUTION_DATE='2023-01-01T08:20:00+00:00' AIRFLOW_CTX_TRY_NUMBER='1' AIRFLOW_CTX_DAG_RUN_ID='scheduled__2023-01-01T08:20:00+00:00'
[2024-06-28T18:22:13.800+0000] {taskinstance.py:430} INFO - ::endgroup::
[2024-06-28T18:22:13.857+0000] {logging_mixin.py:188} INFO - Error in generate_and_insert_data: Command '['python3', '/opt/airflow/generator/ecomm_generator.py']' returned non-zero exit status 1.
[2024-06-28T18:22:13.857+0000] {logging_mixin.py:188} INFO - stdout: 
[2024-06-28T18:22:13.857+0000] {logging_mixin.py:188} INFO - stderr: Traceback (most recent call last):
  File "/opt/airflow/generator/ecomm_generator.py", line 4, in <module>
    from faker import Faker
ModuleNotFoundError: No module named 'faker'
[2024-06-28T18:22:13.857+0000] {python.py:237} INFO - Done. Returned value was: None
[2024-06-28T18:22:13.858+0000] {taskinstance.py:441} INFO - ::group::Post task execution logs
[2024-06-28T18:22:13.862+0000] {taskinstance.py:1206} INFO - Marking task as SUCCESS. dag_id=ecomm_data_pipeline, task_id=generate_and_insert_data, run_id=scheduled__2023-01-01T08:20:00+00:00, execution_date=20230101T082000, start_date=20240628T182213, end_date=20240628T182213
[2024-06-28T18:22:13.899+0000] {local_task_job_runner.py:240} INFO - Task exited with return code 0
[2024-06-28T18:22:13.906+0000] {taskinstance.py:3503} INFO - 0 downstream tasks scheduled from follow-on schedule check
[2024-06-28T18:22:13.907+0000] {local_task_job_runner.py:222} INFO - ::endgroup::
[2024-06-29T21:38:10.533+0000] {local_task_job_runner.py:120} INFO - ::group::Pre task execution logs
[2024-06-29T21:38:10.542+0000] {taskinstance.py:2076} INFO - Dependencies all met for dep_context=non-requeueable deps ti=<TaskInstance: ecomm_data_pipeline.generate_and_insert_data scheduled__2023-01-01T08:20:00+00:00 [queued]>
[2024-06-29T21:38:10.545+0000] {taskinstance.py:2076} INFO - Dependencies all met for dep_context=requeueable deps ti=<TaskInstance: ecomm_data_pipeline.generate_and_insert_data scheduled__2023-01-01T08:20:00+00:00 [queued]>
[2024-06-29T21:38:10.545+0000] {taskinstance.py:2306} INFO - Starting attempt 1 of 2
[2024-06-29T21:38:10.550+0000] {taskinstance.py:2330} INFO - Executing <Task(PythonOperator): generate_and_insert_data> on 2023-01-01 08:20:00+00:00
[2024-06-29T21:38:10.551+0000] {standard_task_runner.py:63} INFO - Started process 768 to run task
[2024-06-29T21:38:10.552+0000] {standard_task_runner.py:90} INFO - Running: ['airflow', 'tasks', 'run', 'ecomm_data_pipeline', 'generate_and_insert_data', 'scheduled__2023-01-01T08:20:00+00:00', '--job-id', '52', '--raw', '--subdir', 'DAGS_FOLDER/ecomm_dag.py', '--cfg-path', '/tmp/tmp9xtbeecu']
[2024-06-29T21:38:10.553+0000] {standard_task_runner.py:91} INFO - Job 52: Subtask generate_and_insert_data
[2024-06-29T21:38:10.570+0000] {task_command.py:426} INFO - Running <TaskInstance: ecomm_data_pipeline.generate_and_insert_data scheduled__2023-01-01T08:20:00+00:00 [running]> on host afcb6fbf9265
[2024-06-29T21:38:10.597+0000] {taskinstance.py:2648} INFO - Exporting env vars: AIRFLOW_CTX_DAG_OWNER='airflow' AIRFLOW_CTX_DAG_ID='ecomm_data_pipeline' AIRFLOW_CTX_TASK_ID='generate_and_insert_data' AIRFLOW_CTX_EXECUTION_DATE='2023-01-01T08:20:00+00:00' AIRFLOW_CTX_TRY_NUMBER='1' AIRFLOW_CTX_DAG_RUN_ID='scheduled__2023-01-01T08:20:00+00:00'
[2024-06-29T21:38:10.598+0000] {taskinstance.py:430} INFO - ::endgroup::
[2024-06-29T21:38:10.653+0000] {logging_mixin.py:188} INFO - Error in generate_and_insert_data: Command '['python3', '/opt/airflow/generator/ecomm_generator.py']' returned non-zero exit status 1.
[2024-06-29T21:38:10.653+0000] {logging_mixin.py:188} INFO - stdout: 
[2024-06-29T21:38:10.653+0000] {logging_mixin.py:188} INFO - stderr: Traceback (most recent call last):
  File "/opt/airflow/generator/ecomm_generator.py", line 4, in <module>
    from faker import Faker
ModuleNotFoundError: No module named 'faker'
[2024-06-29T21:38:10.653+0000] {python.py:237} INFO - Done. Returned value was: None
[2024-06-29T21:38:10.654+0000] {taskinstance.py:441} INFO - ::group::Post task execution logs
[2024-06-29T21:38:10.658+0000] {taskinstance.py:1206} INFO - Marking task as SUCCESS. dag_id=ecomm_data_pipeline, task_id=generate_and_insert_data, run_id=scheduled__2023-01-01T08:20:00+00:00, execution_date=20230101T082000, start_date=20240629T213810, end_date=20240629T213810
[2024-06-29T21:38:10.696+0000] {local_task_job_runner.py:240} INFO - Task exited with return code 0
[2024-06-29T21:38:10.703+0000] {taskinstance.py:3503} INFO - 0 downstream tasks scheduled from follow-on schedule check
[2024-06-29T21:38:10.704+0000] {local_task_job_runner.py:222} INFO - ::endgroup::
[2024-06-29T21:50:27.308+0000] {local_task_job_runner.py:120} INFO - ::group::Pre task execution logs
[2024-06-29T21:50:27.317+0000] {taskinstance.py:2076} INFO - Dependencies all met for dep_context=non-requeueable deps ti=<TaskInstance: ecomm_data_pipeline.generate_and_insert_data scheduled__2023-01-01T08:20:00+00:00 [queued]>
[2024-06-29T21:50:27.320+0000] {taskinstance.py:2076} INFO - Dependencies all met for dep_context=requeueable deps ti=<TaskInstance: ecomm_data_pipeline.generate_and_insert_data scheduled__2023-01-01T08:20:00+00:00 [queued]>
[2024-06-29T21:50:27.320+0000] {taskinstance.py:2306} INFO - Starting attempt 1 of 2
[2024-06-29T21:50:27.324+0000] {taskinstance.py:2330} INFO - Executing <Task(PythonOperator): generate_and_insert_data> on 2023-01-01 08:20:00+00:00
[2024-06-29T21:50:27.325+0000] {standard_task_runner.py:63} INFO - Started process 769 to run task
[2024-06-29T21:50:27.327+0000] {standard_task_runner.py:90} INFO - Running: ['airflow', 'tasks', 'run', 'ecomm_data_pipeline', 'generate_and_insert_data', 'scheduled__2023-01-01T08:20:00+00:00', '--job-id', '52', '--raw', '--subdir', 'DAGS_FOLDER/ecomm_dag.py', '--cfg-path', '/tmp/tmp_8oelptw']
[2024-06-29T21:50:27.327+0000] {standard_task_runner.py:91} INFO - Job 52: Subtask generate_and_insert_data
[2024-06-29T21:50:27.344+0000] {task_command.py:426} INFO - Running <TaskInstance: ecomm_data_pipeline.generate_and_insert_data scheduled__2023-01-01T08:20:00+00:00 [running]> on host 0b7af056b90c
[2024-06-29T21:50:27.372+0000] {taskinstance.py:2648} INFO - Exporting env vars: AIRFLOW_CTX_DAG_OWNER='airflow' AIRFLOW_CTX_DAG_ID='ecomm_data_pipeline' AIRFLOW_CTX_TASK_ID='generate_and_insert_data' AIRFLOW_CTX_EXECUTION_DATE='2023-01-01T08:20:00+00:00' AIRFLOW_CTX_TRY_NUMBER='1' AIRFLOW_CTX_DAG_RUN_ID='scheduled__2023-01-01T08:20:00+00:00'
[2024-06-29T21:50:27.372+0000] {taskinstance.py:430} INFO - ::endgroup::
[2024-06-29T21:50:27.427+0000] {logging_mixin.py:188} INFO - Error in generate_and_insert_data: Command '['python3', '/opt/airflow/generator/ecomm_generator.py']' returned non-zero exit status 1.
[2024-06-29T21:50:27.428+0000] {logging_mixin.py:188} INFO - stdout: 
[2024-06-29T21:50:27.428+0000] {logging_mixin.py:188} INFO - stderr: Traceback (most recent call last):
  File "/opt/airflow/generator/ecomm_generator.py", line 4, in <module>
    from faker import Faker
ModuleNotFoundError: No module named 'faker'
[2024-06-29T21:50:27.428+0000] {python.py:237} INFO - Done. Returned value was: None
[2024-06-29T21:50:27.428+0000] {taskinstance.py:441} INFO - ::group::Post task execution logs
[2024-06-29T21:50:27.433+0000] {taskinstance.py:1206} INFO - Marking task as SUCCESS. dag_id=ecomm_data_pipeline, task_id=generate_and_insert_data, run_id=scheduled__2023-01-01T08:20:00+00:00, execution_date=20230101T082000, start_date=20240629T215027, end_date=20240629T215027
[2024-06-29T21:50:27.474+0000] {local_task_job_runner.py:240} INFO - Task exited with return code 0
[2024-06-29T21:50:27.481+0000] {taskinstance.py:3503} INFO - 0 downstream tasks scheduled from follow-on schedule check
[2024-06-29T21:50:27.481+0000] {local_task_job_runner.py:222} INFO - ::endgroup::
[2024-06-29T22:01:58.460+0000] {local_task_job_runner.py:120} INFO - ::group::Pre task execution logs
[2024-06-29T22:01:58.470+0000] {taskinstance.py:2076} INFO - Dependencies all met for dep_context=non-requeueable deps ti=<TaskInstance: ecomm_data_pipeline.generate_and_insert_data scheduled__2023-01-01T08:20:00+00:00 [queued]>
[2024-06-29T22:01:58.472+0000] {taskinstance.py:2076} INFO - Dependencies all met for dep_context=requeueable deps ti=<TaskInstance: ecomm_data_pipeline.generate_and_insert_data scheduled__2023-01-01T08:20:00+00:00 [queued]>
[2024-06-29T22:01:58.472+0000] {taskinstance.py:2306} INFO - Starting attempt 1 of 2
[2024-06-29T22:01:58.477+0000] {taskinstance.py:2330} INFO - Executing <Task(PythonOperator): generate_and_insert_data> on 2023-01-01 08:20:00+00:00
[2024-06-29T22:01:58.479+0000] {standard_task_runner.py:63} INFO - Started process 768 to run task
[2024-06-29T22:01:58.480+0000] {standard_task_runner.py:90} INFO - Running: ['airflow', 'tasks', 'run', 'ecomm_data_pipeline', 'generate_and_insert_data', 'scheduled__2023-01-01T08:20:00+00:00', '--job-id', '52', '--raw', '--subdir', 'DAGS_FOLDER/ecomm_dag.py', '--cfg-path', '/tmp/tmpemlu7fbs']
[2024-06-29T22:01:58.480+0000] {standard_task_runner.py:91} INFO - Job 52: Subtask generate_and_insert_data
[2024-06-29T22:01:58.497+0000] {task_command.py:426} INFO - Running <TaskInstance: ecomm_data_pipeline.generate_and_insert_data scheduled__2023-01-01T08:20:00+00:00 [running]> on host 799998b0d26e
[2024-06-29T22:01:58.526+0000] {taskinstance.py:2648} INFO - Exporting env vars: AIRFLOW_CTX_DAG_OWNER='airflow' AIRFLOW_CTX_DAG_ID='ecomm_data_pipeline' AIRFLOW_CTX_TASK_ID='generate_and_insert_data' AIRFLOW_CTX_EXECUTION_DATE='2023-01-01T08:20:00+00:00' AIRFLOW_CTX_TRY_NUMBER='1' AIRFLOW_CTX_DAG_RUN_ID='scheduled__2023-01-01T08:20:00+00:00'
[2024-06-29T22:01:58.526+0000] {taskinstance.py:430} INFO - ::endgroup::
[2024-06-29T22:01:58.582+0000] {logging_mixin.py:188} INFO - Error in generate_and_insert_data: Command '['python3', '/opt/airflow/generator/ecomm_generator.py']' returned non-zero exit status 1.
[2024-06-29T22:01:58.582+0000] {logging_mixin.py:188} INFO - stdout: 
[2024-06-29T22:01:58.582+0000] {logging_mixin.py:188} INFO - stderr: Traceback (most recent call last):
  File "/opt/airflow/generator/ecomm_generator.py", line 4, in <module>
    from faker import Faker
ModuleNotFoundError: No module named 'faker'
[2024-06-29T22:01:58.582+0000] {python.py:237} INFO - Done. Returned value was: None
[2024-06-29T22:01:58.583+0000] {taskinstance.py:441} INFO - ::group::Post task execution logs
[2024-06-29T22:01:58.587+0000] {taskinstance.py:1206} INFO - Marking task as SUCCESS. dag_id=ecomm_data_pipeline, task_id=generate_and_insert_data, run_id=scheduled__2023-01-01T08:20:00+00:00, execution_date=20230101T082000, start_date=20240629T220158, end_date=20240629T220158
[2024-06-29T22:01:58.629+0000] {local_task_job_runner.py:240} INFO - Task exited with return code 0
[2024-06-29T22:01:58.636+0000] {taskinstance.py:3503} INFO - 0 downstream tasks scheduled from follow-on schedule check
[2024-06-29T22:01:58.637+0000] {local_task_job_runner.py:222} INFO - ::endgroup::
