[2024-07-06T22:08:29.875+0000] {taskinstance.py:1103} INFO - Dependencies all met for dep_context=non-requeueable deps ti=<TaskInstance: initialize_etl_environment.create_facebook_table scheduled__2024-07-04T00:00:00+00:00 [queued]>
[2024-07-06T22:08:29.879+0000] {taskinstance.py:1103} INFO - Dependencies all met for dep_context=requeueable deps ti=<TaskInstance: initialize_etl_environment.create_facebook_table scheduled__2024-07-04T00:00:00+00:00 [queued]>
[2024-07-06T22:08:29.879+0000] {taskinstance.py:1308} INFO - Starting attempt 1 of 2
[2024-07-06T22:08:29.883+0000] {taskinstance.py:1327} INFO - Executing <Task(PostgresOperator): create_facebook_table> on 2024-07-04 00:00:00+00:00
[2024-07-06T22:08:29.885+0000] {standard_task_runner.py:57} INFO - Started process 4357 to run task
[2024-07-06T22:08:29.886+0000] {standard_task_runner.py:84} INFO - Running: ['airflow', 'tasks', 'run', 'initialize_etl_environment', 'create_facebook_table', 'scheduled__2024-07-04T00:00:00+00:00', '--job-id', '1184', '--raw', '--subdir', 'DAGS_FOLDER/etl_env_init.py', '--cfg-path', '/tmp/tmphz2rg5db']
[2024-07-06T22:08:29.887+0000] {standard_task_runner.py:85} INFO - Job 1184: Subtask create_facebook_table
[2024-07-06T22:08:29.907+0000] {task_command.py:410} INFO - Running <TaskInstance: initialize_etl_environment.create_facebook_table scheduled__2024-07-04T00:00:00+00:00 [running]> on host c058add182a5
[2024-07-06T22:08:29.944+0000] {taskinstance.py:1545} INFO - Exporting env vars: AIRFLOW_CTX_DAG_EMAIL='airflow@example.com' AIRFLOW_CTX_DAG_OWNER='airflow' AIRFLOW_CTX_DAG_ID='initialize_etl_environment' AIRFLOW_CTX_TASK_ID='create_facebook_table' AIRFLOW_CTX_EXECUTION_DATE='2024-07-04T00:00:00+00:00' AIRFLOW_CTX_TRY_NUMBER='1' AIRFLOW_CTX_DAG_RUN_ID='scheduled__2024-07-04T00:00:00+00:00'
[2024-07-06T22:08:29.944+0000] {sql.py:262} INFO - Executing: 
    CREATE TABLE IF NOT EXISTS raw.facebook (
        id INT PRIMARY KEY,
        platform VARCHAR(50), -- 'Instagram' or 'Facebook'
        date DATE NOT NULL,
        campaign VARCHAR(100),
        ad_unit VARCHAR(100),
        impressions INT,
        percent_watched DECIMAL(5, 2),
        clicks INT,
        cost DECIMAL(10, 2),
        conversions INT,
        likes INT,
        shares INT,
        comments INT,
        created_at TIMESTAMP 
    );
        
    
[2024-07-06T22:08:29.947+0000] {base.py:73} INFO - Using connection ID 'company_dw' for task execution.
[2024-07-06T22:08:29.968+0000] {base.py:73} INFO - Using connection ID 'company_dw' for task execution.
[2024-07-06T22:08:29.970+0000] {sql.py:375} INFO - Running statement: 
    CREATE TABLE IF NOT EXISTS raw.facebook (
        id INT PRIMARY KEY,
        platform VARCHAR(50), -- 'Instagram' or 'Facebook'
        date DATE NOT NULL,
        campaign VARCHAR(100),
        ad_unit VARCHAR(100),
        impressions INT,
        percent_watched DECIMAL(5, 2),
        clicks INT,
        cost DECIMAL(10, 2),
        conversions INT,
        likes INT,
        shares INT,
        comments INT,
        created_at TIMESTAMP 
    );
        
    , parameters: None
[2024-07-06T22:08:29.975+0000] {taskinstance.py:1345} INFO - Marking task as SUCCESS. dag_id=initialize_etl_environment, task_id=create_facebook_table, execution_date=20240704T000000, start_date=20240706T220829, end_date=20240706T220829
[2024-07-06T22:08:29.992+0000] {local_task_job_runner.py:225} INFO - Task exited with return code 0
[2024-07-06T22:08:29.999+0000] {taskinstance.py:2651} INFO - 0 downstream tasks scheduled from follow-on schedule check
