[2024-06-27T22:35:14.940+0000] {local_task_job_runner.py:120} INFO - ::group::Pre task execution logs
[2024-06-27T22:35:14.950+0000] {taskinstance.py:2076} INFO - Dependencies all met for dep_context=non-requeueable deps ti=<TaskInstance: ecomm_data_pipeline.generate_and_insert_data scheduled__2023-01-01T11:00:00+00:00 [queued]>
[2024-06-27T22:35:14.952+0000] {taskinstance.py:2076} INFO - Dependencies all met for dep_context=requeueable deps ti=<TaskInstance: ecomm_data_pipeline.generate_and_insert_data scheduled__2023-01-01T11:00:00+00:00 [queued]>
[2024-06-27T22:35:14.953+0000] {taskinstance.py:2306} INFO - Starting attempt 1 of 2
[2024-06-27T22:35:14.957+0000] {taskinstance.py:2330} INFO - Executing <Task(PythonOperator): generate_and_insert_data> on 2023-01-01 11:00:00+00:00
[2024-06-27T22:35:14.959+0000] {standard_task_runner.py:63} INFO - Started process 1228 to run task
[2024-06-27T22:35:14.960+0000] {standard_task_runner.py:90} INFO - Running: ['airflow', 'tasks', 'run', 'ecomm_data_pipeline', 'generate_and_insert_data', 'scheduled__2023-01-01T11:00:00+00:00', '--job-id', '85', '--raw', '--subdir', 'DAGS_FOLDER/ecomm_dag.py', '--cfg-path', '/tmp/tmpengqf_mh']
[2024-06-27T22:35:14.961+0000] {standard_task_runner.py:91} INFO - Job 85: Subtask generate_and_insert_data
[2024-06-27T22:35:14.978+0000] {task_command.py:426} INFO - Running <TaskInstance: ecomm_data_pipeline.generate_and_insert_data scheduled__2023-01-01T11:00:00+00:00 [running]> on host 9174587f6b1d
[2024-06-27T22:35:15.007+0000] {taskinstance.py:2648} INFO - Exporting env vars: AIRFLOW_CTX_DAG_OWNER='airflow' AIRFLOW_CTX_DAG_ID='ecomm_data_pipeline' AIRFLOW_CTX_TASK_ID='generate_and_insert_data' AIRFLOW_CTX_EXECUTION_DATE='2023-01-01T11:00:00+00:00' AIRFLOW_CTX_TRY_NUMBER='1' AIRFLOW_CTX_DAG_RUN_ID='scheduled__2023-01-01T11:00:00+00:00'
[2024-06-27T22:35:15.007+0000] {taskinstance.py:430} INFO - ::endgroup::
[2024-06-27T22:35:15.040+0000] {logging_mixin.py:188} INFO - Error in generate_and_insert_data: Command '['python3', './generator/ecomm_generator.py']' returned non-zero exit status 2.
[2024-06-27T22:35:15.041+0000] {python.py:237} INFO - Done. Returned value was: None
[2024-06-27T22:35:15.041+0000] {taskinstance.py:441} INFO - ::group::Post task execution logs
[2024-06-27T22:35:15.046+0000] {taskinstance.py:1206} INFO - Marking task as SUCCESS. dag_id=ecomm_data_pipeline, task_id=generate_and_insert_data, run_id=scheduled__2023-01-01T11:00:00+00:00, execution_date=20230101T110000, start_date=20240627T223514, end_date=20240627T223515
[2024-06-27T22:35:15.060+0000] {local_task_job_runner.py:240} INFO - Task exited with return code 0
[2024-06-27T22:35:15.067+0000] {taskinstance.py:3503} INFO - 0 downstream tasks scheduled from follow-on schedule check
[2024-06-27T22:35:15.067+0000] {local_task_job_runner.py:222} INFO - ::endgroup::
[2024-06-28T18:16:27.917+0000] {local_task_job_runner.py:120} INFO - ::group::Pre task execution logs
[2024-06-28T18:16:27.927+0000] {taskinstance.py:2076} INFO - Dependencies all met for dep_context=non-requeueable deps ti=<TaskInstance: ecomm_data_pipeline.generate_and_insert_data scheduled__2023-01-01T11:00:00+00:00 [queued]>
[2024-06-28T18:16:27.929+0000] {taskinstance.py:2076} INFO - Dependencies all met for dep_context=requeueable deps ti=<TaskInstance: ecomm_data_pipeline.generate_and_insert_data scheduled__2023-01-01T11:00:00+00:00 [queued]>
[2024-06-28T18:16:27.929+0000] {taskinstance.py:2306} INFO - Starting attempt 1 of 2
[2024-06-28T18:16:27.934+0000] {taskinstance.py:2330} INFO - Executing <Task(PythonOperator): generate_and_insert_data> on 2023-01-01 11:00:00+00:00
[2024-06-28T18:16:27.935+0000] {standard_task_runner.py:63} INFO - Started process 1908 to run task
[2024-06-28T18:16:27.936+0000] {standard_task_runner.py:90} INFO - Running: ['airflow', 'tasks', 'run', 'ecomm_data_pipeline', 'generate_and_insert_data', 'scheduled__2023-01-01T11:00:00+00:00', '--job-id', '135', '--raw', '--subdir', 'DAGS_FOLDER/ecomm_dag.py', '--cfg-path', '/tmp/tmpm6twsdbo']
[2024-06-28T18:16:27.937+0000] {standard_task_runner.py:91} INFO - Job 135: Subtask generate_and_insert_data
[2024-06-28T18:16:27.954+0000] {task_command.py:426} INFO - Running <TaskInstance: ecomm_data_pipeline.generate_and_insert_data scheduled__2023-01-01T11:00:00+00:00 [running]> on host 08cefd381a1f
[2024-06-28T18:16:27.985+0000] {taskinstance.py:2648} INFO - Exporting env vars: AIRFLOW_CTX_DAG_OWNER='airflow' AIRFLOW_CTX_DAG_ID='ecomm_data_pipeline' AIRFLOW_CTX_TASK_ID='generate_and_insert_data' AIRFLOW_CTX_EXECUTION_DATE='2023-01-01T11:00:00+00:00' AIRFLOW_CTX_TRY_NUMBER='1' AIRFLOW_CTX_DAG_RUN_ID='scheduled__2023-01-01T11:00:00+00:00'
[2024-06-28T18:16:27.985+0000] {taskinstance.py:430} INFO - ::endgroup::
[2024-06-28T18:16:28.043+0000] {logging_mixin.py:188} INFO - Error in generate_and_insert_data: Command '['python3', '/opt/airflow/generator/ecomm_generator.py']' returned non-zero exit status 1.
[2024-06-28T18:16:28.044+0000] {logging_mixin.py:188} INFO - stdout: 
[2024-06-28T18:16:28.044+0000] {logging_mixin.py:188} INFO - stderr: Traceback (most recent call last):
  File "/opt/airflow/generator/ecomm_generator.py", line 4, in <module>
    from faker import Faker
ModuleNotFoundError: No module named 'faker'
[2024-06-28T18:16:28.044+0000] {python.py:237} INFO - Done. Returned value was: None
[2024-06-28T18:16:28.044+0000] {taskinstance.py:441} INFO - ::group::Post task execution logs
[2024-06-28T18:16:28.050+0000] {taskinstance.py:1206} INFO - Marking task as SUCCESS. dag_id=ecomm_data_pipeline, task_id=generate_and_insert_data, run_id=scheduled__2023-01-01T11:00:00+00:00, execution_date=20230101T110000, start_date=20240628T181627, end_date=20240628T181628
[2024-06-28T18:16:28.079+0000] {local_task_job_runner.py:240} INFO - Task exited with return code 0
[2024-06-28T18:16:28.088+0000] {taskinstance.py:3503} INFO - 0 downstream tasks scheduled from follow-on schedule check
[2024-06-28T18:16:28.090+0000] {local_task_job_runner.py:222} INFO - ::endgroup::
[2024-06-29T21:38:40.347+0000] {local_task_job_runner.py:120} INFO - ::group::Pre task execution logs
[2024-06-29T21:38:40.357+0000] {taskinstance.py:2076} INFO - Dependencies all met for dep_context=non-requeueable deps ti=<TaskInstance: ecomm_data_pipeline.generate_and_insert_data scheduled__2023-01-01T11:00:00+00:00 [queued]>
[2024-06-29T21:38:40.359+0000] {taskinstance.py:2076} INFO - Dependencies all met for dep_context=requeueable deps ti=<TaskInstance: ecomm_data_pipeline.generate_and_insert_data scheduled__2023-01-01T11:00:00+00:00 [queued]>
[2024-06-29T21:38:40.359+0000] {taskinstance.py:2306} INFO - Starting attempt 1 of 2
[2024-06-29T21:38:40.363+0000] {taskinstance.py:2330} INFO - Executing <Task(PythonOperator): generate_and_insert_data> on 2023-01-01 11:00:00+00:00
[2024-06-29T21:38:40.365+0000] {standard_task_runner.py:63} INFO - Started process 1001 to run task
[2024-06-29T21:38:40.366+0000] {standard_task_runner.py:90} INFO - Running: ['airflow', 'tasks', 'run', 'ecomm_data_pipeline', 'generate_and_insert_data', 'scheduled__2023-01-01T11:00:00+00:00', '--job-id', '68', '--raw', '--subdir', 'DAGS_FOLDER/ecomm_dag.py', '--cfg-path', '/tmp/tmpjhakap2y']
[2024-06-29T21:38:40.367+0000] {standard_task_runner.py:91} INFO - Job 68: Subtask generate_and_insert_data
[2024-06-29T21:38:40.383+0000] {task_command.py:426} INFO - Running <TaskInstance: ecomm_data_pipeline.generate_and_insert_data scheduled__2023-01-01T11:00:00+00:00 [running]> on host afcb6fbf9265
[2024-06-29T21:38:40.411+0000] {taskinstance.py:2648} INFO - Exporting env vars: AIRFLOW_CTX_DAG_OWNER='airflow' AIRFLOW_CTX_DAG_ID='ecomm_data_pipeline' AIRFLOW_CTX_TASK_ID='generate_and_insert_data' AIRFLOW_CTX_EXECUTION_DATE='2023-01-01T11:00:00+00:00' AIRFLOW_CTX_TRY_NUMBER='1' AIRFLOW_CTX_DAG_RUN_ID='scheduled__2023-01-01T11:00:00+00:00'
[2024-06-29T21:38:40.412+0000] {taskinstance.py:430} INFO - ::endgroup::
[2024-06-29T21:38:40.468+0000] {logging_mixin.py:188} INFO - Error in generate_and_insert_data: Command '['python3', '/opt/airflow/generator/ecomm_generator.py']' returned non-zero exit status 1.
[2024-06-29T21:38:40.468+0000] {logging_mixin.py:188} INFO - stdout: 
[2024-06-29T21:38:40.468+0000] {logging_mixin.py:188} INFO - stderr: Traceback (most recent call last):
  File "/opt/airflow/generator/ecomm_generator.py", line 4, in <module>
    from faker import Faker
ModuleNotFoundError: No module named 'faker'
[2024-06-29T21:38:40.469+0000] {python.py:237} INFO - Done. Returned value was: None
[2024-06-29T21:38:40.469+0000] {taskinstance.py:441} INFO - ::group::Post task execution logs
[2024-06-29T21:38:40.474+0000] {taskinstance.py:1206} INFO - Marking task as SUCCESS. dag_id=ecomm_data_pipeline, task_id=generate_and_insert_data, run_id=scheduled__2023-01-01T11:00:00+00:00, execution_date=20230101T110000, start_date=20240629T213840, end_date=20240629T213840
[2024-06-29T21:38:40.507+0000] {local_task_job_runner.py:240} INFO - Task exited with return code 0
[2024-06-29T21:38:40.514+0000] {taskinstance.py:3503} INFO - 0 downstream tasks scheduled from follow-on schedule check
[2024-06-29T21:38:40.515+0000] {local_task_job_runner.py:222} INFO - ::endgroup::
[2024-06-29T22:02:29.391+0000] {local_task_job_runner.py:120} INFO - ::group::Pre task execution logs
[2024-06-29T22:02:29.401+0000] {taskinstance.py:2076} INFO - Dependencies all met for dep_context=non-requeueable deps ti=<TaskInstance: ecomm_data_pipeline.generate_and_insert_data scheduled__2023-01-01T11:00:00+00:00 [queued]>
[2024-06-29T22:02:29.403+0000] {taskinstance.py:2076} INFO - Dependencies all met for dep_context=requeueable deps ti=<TaskInstance: ecomm_data_pipeline.generate_and_insert_data scheduled__2023-01-01T11:00:00+00:00 [queued]>
[2024-06-29T22:02:29.403+0000] {taskinstance.py:2306} INFO - Starting attempt 1 of 2
[2024-06-29T22:02:29.408+0000] {taskinstance.py:2330} INFO - Executing <Task(PythonOperator): generate_and_insert_data> on 2023-01-01 11:00:00+00:00
[2024-06-29T22:02:29.410+0000] {standard_task_runner.py:63} INFO - Started process 1001 to run task
[2024-06-29T22:02:29.411+0000] {standard_task_runner.py:90} INFO - Running: ['airflow', 'tasks', 'run', 'ecomm_data_pipeline', 'generate_and_insert_data', 'scheduled__2023-01-01T11:00:00+00:00', '--job-id', '68', '--raw', '--subdir', 'DAGS_FOLDER/ecomm_dag.py', '--cfg-path', '/tmp/tmpj4q1uy8x']
[2024-06-29T22:02:29.411+0000] {standard_task_runner.py:91} INFO - Job 68: Subtask generate_and_insert_data
[2024-06-29T22:02:29.428+0000] {task_command.py:426} INFO - Running <TaskInstance: ecomm_data_pipeline.generate_and_insert_data scheduled__2023-01-01T11:00:00+00:00 [running]> on host 799998b0d26e
[2024-06-29T22:02:29.456+0000] {taskinstance.py:2648} INFO - Exporting env vars: AIRFLOW_CTX_DAG_OWNER='airflow' AIRFLOW_CTX_DAG_ID='ecomm_data_pipeline' AIRFLOW_CTX_TASK_ID='generate_and_insert_data' AIRFLOW_CTX_EXECUTION_DATE='2023-01-01T11:00:00+00:00' AIRFLOW_CTX_TRY_NUMBER='1' AIRFLOW_CTX_DAG_RUN_ID='scheduled__2023-01-01T11:00:00+00:00'
[2024-06-29T22:02:29.457+0000] {taskinstance.py:430} INFO - ::endgroup::
[2024-06-29T22:02:29.514+0000] {logging_mixin.py:188} INFO - Error in generate_and_insert_data: Command '['python3', '/opt/airflow/generator/ecomm_generator.py']' returned non-zero exit status 1.
[2024-06-29T22:02:29.514+0000] {logging_mixin.py:188} INFO - stdout: 
[2024-06-29T22:02:29.514+0000] {logging_mixin.py:188} INFO - stderr: Traceback (most recent call last):
  File "/opt/airflow/generator/ecomm_generator.py", line 4, in <module>
    from faker import Faker
ModuleNotFoundError: No module named 'faker'
[2024-06-29T22:02:29.514+0000] {python.py:237} INFO - Done. Returned value was: None
[2024-06-29T22:02:29.514+0000] {taskinstance.py:441} INFO - ::group::Post task execution logs
[2024-06-29T22:02:29.519+0000] {taskinstance.py:1206} INFO - Marking task as SUCCESS. dag_id=ecomm_data_pipeline, task_id=generate_and_insert_data, run_id=scheduled__2023-01-01T11:00:00+00:00, execution_date=20230101T110000, start_date=20240629T220229, end_date=20240629T220229
[2024-06-29T22:02:29.553+0000] {local_task_job_runner.py:240} INFO - Task exited with return code 0
[2024-06-29T22:02:29.559+0000] {taskinstance.py:3503} INFO - 0 downstream tasks scheduled from follow-on schedule check
[2024-06-29T22:02:29.560+0000] {local_task_job_runner.py:222} INFO - ::endgroup::
