[2024-07-15T23:31:29.892+0000] {taskinstance.py:1037} DEBUG - previous_execution_date was called
[2024-07-15T23:31:29.904+0000] {__init__.py:51} DEBUG - Loading core task runner: StandardTaskRunner
[2024-07-15T23:31:29.910+0000] {taskinstance.py:1037} DEBUG - previous_execution_date was called
[2024-07-15T23:31:29.912+0000] {base_task_runner.py:68} DEBUG - Planning to run as the  user
[2024-07-15T23:31:29.914+0000] {taskinstance.py:789} DEBUG - Refreshing TaskInstance <TaskInstance: run_dbt_init_tasks.dbt_deps manual__2024-07-15T23:31:28.683097+00:00 [queued]> from DB
[2024-07-15T23:31:29.926+0000] {taskinstance.py:1112} DEBUG - <TaskInstance: run_dbt_init_tasks.dbt_deps manual__2024-07-15T23:31:28.683097+00:00 [queued]> dependency 'Not In Retry Period' PASSED: True, The task instance was not marked for retrying.
[2024-07-15T23:31:29.930+0000] {taskinstance.py:1112} DEBUG - <TaskInstance: run_dbt_init_tasks.dbt_deps manual__2024-07-15T23:31:28.683097+00:00 [queued]> dependency 'Task Instance State' PASSED: True, Task state queued was valid.
[2024-07-15T23:31:29.930+0000] {taskinstance.py:1112} DEBUG - <TaskInstance: run_dbt_init_tasks.dbt_deps manual__2024-07-15T23:31:28.683097+00:00 [queued]> dependency 'Trigger Rule' PASSED: True, The task instance did not have any upstream tasks.
[2024-07-15T23:31:29.930+0000] {taskinstance.py:1112} DEBUG - <TaskInstance: run_dbt_init_tasks.dbt_deps manual__2024-07-15T23:31:28.683097+00:00 [queued]> dependency 'Previous Dagrun State' PASSED: True, The task did not have depends_on_past set.
[2024-07-15T23:31:29.930+0000] {taskinstance.py:1112} DEBUG - <TaskInstance: run_dbt_init_tasks.dbt_deps manual__2024-07-15T23:31:28.683097+00:00 [queued]> dependency 'Task Instance Not Running' PASSED: True, Task is not in running state.
[2024-07-15T23:31:29.930+0000] {taskinstance.py:1103} INFO - Dependencies all met for dep_context=non-requeueable deps ti=<TaskInstance: run_dbt_init_tasks.dbt_deps manual__2024-07-15T23:31:28.683097+00:00 [queued]>
[2024-07-15T23:31:29.930+0000] {taskinstance.py:1112} DEBUG - <TaskInstance: run_dbt_init_tasks.dbt_deps manual__2024-07-15T23:31:28.683097+00:00 [queued]> dependency 'Not In Retry Period' PASSED: True, The task instance was not marked for retrying.
[2024-07-15T23:31:29.933+0000] {taskinstance.py:1112} DEBUG - <TaskInstance: run_dbt_init_tasks.dbt_deps manual__2024-07-15T23:31:28.683097+00:00 [queued]> dependency 'Pool Slots Available' PASSED: True, There are enough open slots in default_pool to execute the task
[2024-07-15T23:31:29.934+0000] {taskinstance.py:1112} DEBUG - <TaskInstance: run_dbt_init_tasks.dbt_deps manual__2024-07-15T23:31:28.683097+00:00 [queued]> dependency 'Trigger Rule' PASSED: True, The task instance did not have any upstream tasks.
[2024-07-15T23:31:29.934+0000] {taskinstance.py:1112} DEBUG - <TaskInstance: run_dbt_init_tasks.dbt_deps manual__2024-07-15T23:31:28.683097+00:00 [queued]> dependency 'Previous Dagrun State' PASSED: True, The task did not have depends_on_past set.
[2024-07-15T23:31:29.934+0000] {taskinstance.py:1112} DEBUG - <TaskInstance: run_dbt_init_tasks.dbt_deps manual__2024-07-15T23:31:28.683097+00:00 [queued]> dependency 'Task Concurrency' PASSED: True, Task concurrency is not set.
[2024-07-15T23:31:29.934+0000] {taskinstance.py:1103} INFO - Dependencies all met for dep_context=requeueable deps ti=<TaskInstance: run_dbt_init_tasks.dbt_deps manual__2024-07-15T23:31:28.683097+00:00 [queued]>
[2024-07-15T23:31:29.935+0000] {taskinstance.py:1308} INFO - Starting attempt 1 of 1
[2024-07-15T23:31:29.939+0000] {taskinstance.py:1327} INFO - Executing <Task(DbtDepsOperator): dbt_deps> on 2024-07-15 23:31:28.683097+00:00
[2024-07-15T23:31:29.941+0000] {standard_task_runner.py:57} INFO - Started process 150 to run task
[2024-07-15T23:31:29.942+0000] {standard_task_runner.py:84} INFO - Running: ['airflow', 'tasks', 'run', 'run_dbt_init_tasks', 'dbt_deps', 'manual__2024-07-15T23:31:28.683097+00:00', '--job-id', '82', '--raw', '--subdir', 'DAGS_FOLDER/run_dbt_init_tasks.py', '--cfg-path', '/tmp/tmpqo7gb2pq']
[2024-07-15T23:31:29.944+0000] {standard_task_runner.py:85} INFO - Job 82: Subtask dbt_deps
[2024-07-15T23:31:29.944+0000] {cli_action_loggers.py:65} DEBUG - Calling callbacks: [<function default_action_log at 0xffff7ee0a550>]
[2024-07-15T23:31:29.964+0000] {taskinstance.py:1037} DEBUG - previous_execution_date was called
[2024-07-15T23:31:29.967+0000] {task_command.py:410} INFO - Running <TaskInstance: run_dbt_init_tasks.dbt_deps manual__2024-07-15T23:31:28.683097+00:00 [running]> on host f934d9af8cb8
[2024-07-15T23:31:29.967+0000] {settings.py:353} DEBUG - Disposing DB connection pool (PID 150)
[2024-07-15T23:31:29.967+0000] {settings.py:212} DEBUG - Setting up DB connection pool (PID 150)
[2024-07-15T23:31:29.968+0000] {settings.py:285} DEBUG - settings.prepare_engine_args(): Using NullPool
[2024-07-15T23:31:29.968+0000] {taskinstance.py:789} DEBUG - Refreshing TaskInstance <TaskInstance: run_dbt_init_tasks.dbt_deps manual__2024-07-15T23:31:28.683097+00:00 [running]> from DB
[2024-07-15T23:31:29.984+0000] {taskinstance.py:1037} DEBUG - previous_execution_date was called
[2024-07-15T23:31:29.987+0000] {taskinstance.py:868} DEBUG - Clearing XCom data
[2024-07-15T23:31:30.000+0000] {retries.py:80} DEBUG - Running RenderedTaskInstanceFields._do_delete_old_records with retries. Try 1 of 3
[2024-07-15T23:31:30.005+0000] {taskinstance.py:1545} INFO - Exporting env vars: AIRFLOW_CTX_DAG_OWNER='airflow' AIRFLOW_CTX_DAG_ID='run_dbt_init_tasks' AIRFLOW_CTX_TASK_ID='dbt_deps' AIRFLOW_CTX_EXECUTION_DATE='2024-07-15T23:31:28.683097+00:00' AIRFLOW_CTX_TRY_NUMBER='1' AIRFLOW_CTX_DAG_RUN_ID='manual__2024-07-15T23:31:28.683097+00:00'
[2024-07-15T23:31:30.005+0000] {__init__.py:117} DEBUG - Preparing lineage inlets and outlets
[2024-07-15T23:31:30.005+0000] {__init__.py:155} DEBUG - inlets: [], outlets: []
[2024-07-15T23:31:30.005+0000] {dbt_hook.py:117} INFO - /home/airflow/.local/bin/dbt deps
[2024-07-15T23:31:30.008+0000] {dbt_hook.py:126} INFO - Output:
[2024-07-15T23:31:30.955+0000] {dbt_hook.py:130} INFO - [0m23:31:30  Running with dbt=1.8.3
[2024-07-15T23:31:31.282+0000] {dbt_hook.py:130} INFO - [0m23:31:31  Installing dbt-labs/dbt_utils
[2024-07-15T23:31:31.941+0000] {dbt_hook.py:130} INFO - [0m23:31:31  Installed from version 0.8.6
[2024-07-15T23:31:31.941+0000] {dbt_hook.py:130} INFO - [0m23:31:31  Updated version available: 1.2.0
[2024-07-15T23:31:31.942+0000] {dbt_hook.py:130} INFO - [0m23:31:31
[2024-07-15T23:31:31.943+0000] {dbt_hook.py:130} INFO - [0m23:31:31  Updates available for packages: ['dbt-labs/dbt_utils']
[2024-07-15T23:31:31.944+0000] {dbt_hook.py:130} INFO - Update your versions in packages.yml, then run dbt deps
[2024-07-15T23:31:32.443+0000] {dbt_hook.py:132} INFO - Command exited with return code 0
[2024-07-15T23:31:32.444+0000] {__init__.py:75} DEBUG - Lineage called with inlets: [], outlets: []
[2024-07-15T23:31:32.445+0000] {taskinstance.py:789} DEBUG - Refreshing TaskInstance <TaskInstance: run_dbt_init_tasks.dbt_deps manual__2024-07-15T23:31:28.683097+00:00 [running]> from DB
[2024-07-15T23:31:32.453+0000] {taskinstance.py:1356} DEBUG - Clearing next_method and next_kwargs.
[2024-07-15T23:31:32.453+0000] {taskinstance.py:1345} INFO - Marking task as SUCCESS. dag_id=run_dbt_init_tasks, task_id=dbt_deps, execution_date=20240715T233128, start_date=20240715T233129, end_date=20240715T233132
[2024-07-15T23:31:32.454+0000] {taskinstance.py:2305} DEBUG - Task Duration set to 2.522918
[2024-07-15T23:31:32.461+0000] {cli_action_loggers.py:83} DEBUG - Calling callbacks: []
[2024-07-15T23:31:32.489+0000] {local_task_job_runner.py:225} INFO - Task exited with return code 0
[2024-07-15T23:31:32.502+0000] {dagrun.py:697} DEBUG - number of tis tasks for <DagRun run_dbt_init_tasks @ 2024-07-15 23:31:28.683097+00:00: manual__2024-07-15T23:31:28.683097+00:00, state:running, queued_at: 2024-07-15 23:31:28.690136+00:00. externally triggered: True>: 5 task(s)
[2024-07-15T23:31:32.502+0000] {dagrun.py:718} DEBUG - number of scheduleable tasks for <DagRun run_dbt_init_tasks @ 2024-07-15 23:31:28.683097+00:00: manual__2024-07-15T23:31:28.683097+00:00, state:running, queued_at: 2024-07-15 23:31:28.690136+00:00. externally triggered: True>: 4 task(s)
[2024-07-15T23:31:32.502+0000] {taskinstance.py:1112} DEBUG - <TaskInstance: run_dbt_init_tasks.dbt_seed manual__2024-07-15T23:31:28.683097+00:00 [None]> dependency 'Not In Retry Period' PASSED: True, The task instance was not marked for retrying.
[2024-07-15T23:31:32.503+0000] {taskinstance.py:1112} DEBUG - <TaskInstance: run_dbt_init_tasks.dbt_seed manual__2024-07-15T23:31:28.683097+00:00 [None]> dependency 'Previous Dagrun State' PASSED: True, The task did not have depends_on_past set.
[2024-07-15T23:31:32.503+0000] {taskinstance.py:1103} DEBUG - Dependencies all met for dep_context=None ti=<TaskInstance: run_dbt_init_tasks.dbt_seed manual__2024-07-15T23:31:28.683097+00:00 [None]>
[2024-07-15T23:31:32.503+0000] {taskinstance.py:1112} DEBUG - <TaskInstance: run_dbt_init_tasks.model.matt_demo.dim_date manual__2024-07-15T23:31:28.683097+00:00 [None]> dependency 'Not In Retry Period' PASSED: True, The task instance was not marked for retrying.
[2024-07-15T23:31:32.503+0000] {taskinstance.py:1112} DEBUG - <TaskInstance: run_dbt_init_tasks.model.matt_demo.dim_date manual__2024-07-15T23:31:28.683097+00:00 [None]> dependency 'Trigger Rule' PASSED: False, Task's trigger rule 'all_success' requires all upstream tasks to have succeeded, but found 1 non-success(es). upstream_states=_UpstreamTIStates(success=0, skipped=0, failed=0, upstream_failed=0, removed=0, done=0), upstream_task_ids={'dbt_seed'}
[2024-07-15T23:31:32.504+0000] {taskinstance.py:1093} DEBUG - Dependencies not met for <TaskInstance: run_dbt_init_tasks.model.matt_demo.dim_date manual__2024-07-15T23:31:28.683097+00:00 [None]>, dependency 'Trigger Rule' FAILED: Task's trigger rule 'all_success' requires all upstream tasks to have succeeded, but found 1 non-success(es). upstream_states=_UpstreamTIStates(success=0, skipped=0, failed=0, upstream_failed=0, removed=0, done=0), upstream_task_ids={'dbt_seed'}
[2024-07-15T23:31:32.504+0000] {taskinstance.py:1112} DEBUG - <TaskInstance: run_dbt_init_tasks.model.matt_demo.dim_date manual__2024-07-15T23:31:28.683097+00:00 [None]> dependency 'Previous Dagrun State' PASSED: True, The task did not have depends_on_past set.
[2024-07-15T23:31:32.504+0000] {taskinstance.py:1112} DEBUG - <TaskInstance: run_dbt_init_tasks.test.matt_demo.dim_date manual__2024-07-15T23:31:28.683097+00:00 [None]> dependency 'Not In Retry Period' PASSED: True, The task instance was not marked for retrying.
[2024-07-15T23:31:32.504+0000] {taskinstance.py:1112} DEBUG - <TaskInstance: run_dbt_init_tasks.test.matt_demo.dim_date manual__2024-07-15T23:31:28.683097+00:00 [None]> dependency 'Trigger Rule' PASSED: False, Task's trigger rule 'all_success' requires all upstream tasks to have succeeded, but found 2 non-success(es). upstream_states=_UpstreamTIStates(success=0, skipped=0, failed=0, upstream_failed=0, removed=0, done=0), upstream_task_ids={'dbt_seed', 'model.matt_demo.dim_date'}
[2024-07-15T23:31:32.504+0000] {taskinstance.py:1093} DEBUG - Dependencies not met for <TaskInstance: run_dbt_init_tasks.test.matt_demo.dim_date manual__2024-07-15T23:31:28.683097+00:00 [None]>, dependency 'Trigger Rule' FAILED: Task's trigger rule 'all_success' requires all upstream tasks to have succeeded, but found 2 non-success(es). upstream_states=_UpstreamTIStates(success=0, skipped=0, failed=0, upstream_failed=0, removed=0, done=0), upstream_task_ids={'dbt_seed', 'model.matt_demo.dim_date'}
[2024-07-15T23:31:32.504+0000] {taskinstance.py:1112} DEBUG - <TaskInstance: run_dbt_init_tasks.test.matt_demo.dim_date manual__2024-07-15T23:31:28.683097+00:00 [None]> dependency 'Previous Dagrun State' PASSED: True, The task did not have depends_on_past set.
[2024-07-15T23:31:32.505+0000] {taskinstance.py:1112} DEBUG - <TaskInstance: run_dbt_init_tasks.generate_dbt_docs manual__2024-07-15T23:31:28.683097+00:00 [None]> dependency 'Not In Retry Period' PASSED: True, The task instance was not marked for retrying.
[2024-07-15T23:31:32.505+0000] {taskinstance.py:1112} DEBUG - <TaskInstance: run_dbt_init_tasks.generate_dbt_docs manual__2024-07-15T23:31:28.683097+00:00 [None]> dependency 'Trigger Rule' PASSED: False, Task's trigger rule 'all_success' requires all upstream tasks to have succeeded, but found 2 non-success(es). upstream_states=_UpstreamTIStates(success=0, skipped=0, failed=0, upstream_failed=0, removed=0, done=0), upstream_task_ids={'test.matt_demo.dim_date', 'model.matt_demo.dim_date'}
[2024-07-15T23:31:32.505+0000] {taskinstance.py:1093} DEBUG - Dependencies not met for <TaskInstance: run_dbt_init_tasks.generate_dbt_docs manual__2024-07-15T23:31:28.683097+00:00 [None]>, dependency 'Trigger Rule' FAILED: Task's trigger rule 'all_success' requires all upstream tasks to have succeeded, but found 2 non-success(es). upstream_states=_UpstreamTIStates(success=0, skipped=0, failed=0, upstream_failed=0, removed=0, done=0), upstream_task_ids={'test.matt_demo.dim_date', 'model.matt_demo.dim_date'}
[2024-07-15T23:31:32.505+0000] {taskinstance.py:1112} DEBUG - <TaskInstance: run_dbt_init_tasks.generate_dbt_docs manual__2024-07-15T23:31:28.683097+00:00 [None]> dependency 'Previous Dagrun State' PASSED: True, The task did not have depends_on_past set.
[2024-07-15T23:31:32.509+0000] {taskinstance.py:2651} INFO - 1 downstream tasks scheduled from follow-on schedule check
