[2024-06-27T22:34:47.333+0000] {local_task_job_runner.py:120} INFO - ::group::Pre task execution logs
[2024-06-27T22:34:47.343+0000] {taskinstance.py:2076} INFO - Dependencies all met for dep_context=non-requeueable deps ti=<TaskInstance: ecomm_data_pipeline.generate_and_insert_data scheduled__2023-01-01T08:30:00+00:00 [queued]>
[2024-06-27T22:34:47.345+0000] {taskinstance.py:2076} INFO - Dependencies all met for dep_context=requeueable deps ti=<TaskInstance: ecomm_data_pipeline.generate_and_insert_data scheduled__2023-01-01T08:30:00+00:00 [queued]>
[2024-06-27T22:34:47.345+0000] {taskinstance.py:2306} INFO - Starting attempt 1 of 2
[2024-06-27T22:34:47.350+0000] {taskinstance.py:2330} INFO - Executing <Task(PythonOperator): generate_and_insert_data> on 2023-01-01 08:30:00+00:00
[2024-06-27T22:34:47.351+0000] {standard_task_runner.py:63} INFO - Started process 1018 to run task
[2024-06-27T22:34:47.352+0000] {standard_task_runner.py:90} INFO - Running: ['airflow', 'tasks', 'run', 'ecomm_data_pipeline', 'generate_and_insert_data', 'scheduled__2023-01-01T08:30:00+00:00', '--job-id', '70', '--raw', '--subdir', 'DAGS_FOLDER/ecomm_dag.py', '--cfg-path', '/tmp/tmpvnetipq5']
[2024-06-27T22:34:47.353+0000] {standard_task_runner.py:91} INFO - Job 70: Subtask generate_and_insert_data
[2024-06-27T22:34:47.369+0000] {task_command.py:426} INFO - Running <TaskInstance: ecomm_data_pipeline.generate_and_insert_data scheduled__2023-01-01T08:30:00+00:00 [running]> on host 9174587f6b1d
[2024-06-27T22:34:47.396+0000] {taskinstance.py:2648} INFO - Exporting env vars: AIRFLOW_CTX_DAG_OWNER='airflow' AIRFLOW_CTX_DAG_ID='ecomm_data_pipeline' AIRFLOW_CTX_TASK_ID='generate_and_insert_data' AIRFLOW_CTX_EXECUTION_DATE='2023-01-01T08:30:00+00:00' AIRFLOW_CTX_TRY_NUMBER='1' AIRFLOW_CTX_DAG_RUN_ID='scheduled__2023-01-01T08:30:00+00:00'
[2024-06-27T22:34:47.397+0000] {taskinstance.py:430} INFO - ::endgroup::
[2024-06-27T22:34:47.430+0000] {logging_mixin.py:188} INFO - Error in generate_and_insert_data: Command '['python3', './generator/ecomm_generator.py']' returned non-zero exit status 2.
[2024-06-27T22:34:47.430+0000] {python.py:237} INFO - Done. Returned value was: None
[2024-06-27T22:34:47.430+0000] {taskinstance.py:441} INFO - ::group::Post task execution logs
[2024-06-27T22:34:47.435+0000] {taskinstance.py:1206} INFO - Marking task as SUCCESS. dag_id=ecomm_data_pipeline, task_id=generate_and_insert_data, run_id=scheduled__2023-01-01T08:30:00+00:00, execution_date=20230101T083000, start_date=20240627T223447, end_date=20240627T223447
[2024-06-27T22:34:47.452+0000] {local_task_job_runner.py:240} INFO - Task exited with return code 0
[2024-06-27T22:34:47.458+0000] {taskinstance.py:3503} INFO - 0 downstream tasks scheduled from follow-on schedule check
[2024-06-27T22:34:47.459+0000] {local_task_job_runner.py:222} INFO - ::endgroup::
[2024-06-28T18:15:39.667+0000] {local_task_job_runner.py:120} INFO - ::group::Pre task execution logs
[2024-06-28T18:15:39.685+0000] {taskinstance.py:2076} INFO - Dependencies all met for dep_context=non-requeueable deps ti=<TaskInstance: ecomm_data_pipeline.generate_and_insert_data scheduled__2023-01-01T08:30:00+00:00 [queued]>
[2024-06-28T18:15:39.688+0000] {taskinstance.py:2076} INFO - Dependencies all met for dep_context=requeueable deps ti=<TaskInstance: ecomm_data_pipeline.generate_and_insert_data scheduled__2023-01-01T08:30:00+00:00 [queued]>
[2024-06-28T18:15:39.688+0000] {taskinstance.py:2306} INFO - Starting attempt 1 of 2
[2024-06-28T18:15:39.694+0000] {taskinstance.py:2330} INFO - Executing <Task(PythonOperator): generate_and_insert_data> on 2023-01-01 08:30:00+00:00
[2024-06-28T18:15:39.696+0000] {standard_task_runner.py:63} INFO - Started process 1483 to run task
[2024-06-28T18:15:39.697+0000] {standard_task_runner.py:90} INFO - Running: ['airflow', 'tasks', 'run', 'ecomm_data_pipeline', 'generate_and_insert_data', 'scheduled__2023-01-01T08:30:00+00:00', '--job-id', '105', '--raw', '--subdir', 'DAGS_FOLDER/ecomm_dag.py', '--cfg-path', '/tmp/tmpng6ont8h']
[2024-06-28T18:15:39.698+0000] {standard_task_runner.py:91} INFO - Job 105: Subtask generate_and_insert_data
[2024-06-28T18:15:39.718+0000] {task_command.py:426} INFO - Running <TaskInstance: ecomm_data_pipeline.generate_and_insert_data scheduled__2023-01-01T08:30:00+00:00 [running]> on host 08cefd381a1f
[2024-06-28T18:15:39.753+0000] {taskinstance.py:2648} INFO - Exporting env vars: AIRFLOW_CTX_DAG_OWNER='airflow' AIRFLOW_CTX_DAG_ID='ecomm_data_pipeline' AIRFLOW_CTX_TASK_ID='generate_and_insert_data' AIRFLOW_CTX_EXECUTION_DATE='2023-01-01T08:30:00+00:00' AIRFLOW_CTX_TRY_NUMBER='1' AIRFLOW_CTX_DAG_RUN_ID='scheduled__2023-01-01T08:30:00+00:00'
[2024-06-28T18:15:39.753+0000] {taskinstance.py:430} INFO - ::endgroup::
[2024-06-28T18:15:39.814+0000] {logging_mixin.py:188} INFO - Error in generate_and_insert_data: Command '['python3', '/opt/airflow/generator/ecomm_generator.py']' returned non-zero exit status 1.
[2024-06-28T18:15:39.814+0000] {logging_mixin.py:188} INFO - stdout: 
[2024-06-28T18:15:39.815+0000] {logging_mixin.py:188} INFO - stderr: Traceback (most recent call last):
  File "/opt/airflow/generator/ecomm_generator.py", line 4, in <module>
    from faker import Faker
ModuleNotFoundError: No module named 'faker'
[2024-06-28T18:15:39.815+0000] {python.py:237} INFO - Done. Returned value was: None
[2024-06-28T18:15:39.815+0000] {taskinstance.py:441} INFO - ::group::Post task execution logs
[2024-06-28T18:15:39.820+0000] {taskinstance.py:1206} INFO - Marking task as SUCCESS. dag_id=ecomm_data_pipeline, task_id=generate_and_insert_data, run_id=scheduled__2023-01-01T08:30:00+00:00, execution_date=20230101T083000, start_date=20240628T181539, end_date=20240628T181539
[2024-06-28T18:15:39.838+0000] {local_task_job_runner.py:240} INFO - Task exited with return code 0
[2024-06-28T18:15:39.845+0000] {taskinstance.py:3503} INFO - 0 downstream tasks scheduled from follow-on schedule check
[2024-06-28T18:15:39.846+0000] {local_task_job_runner.py:222} INFO - ::endgroup::
[2024-06-28T18:22:15.147+0000] {local_task_job_runner.py:120} INFO - ::group::Pre task execution logs
[2024-06-28T18:22:15.157+0000] {taskinstance.py:2076} INFO - Dependencies all met for dep_context=non-requeueable deps ti=<TaskInstance: ecomm_data_pipeline.generate_and_insert_data scheduled__2023-01-01T08:30:00+00:00 [queued]>
[2024-06-28T18:22:15.159+0000] {taskinstance.py:2076} INFO - Dependencies all met for dep_context=requeueable deps ti=<TaskInstance: ecomm_data_pipeline.generate_and_insert_data scheduled__2023-01-01T08:30:00+00:00 [queued]>
[2024-06-28T18:22:15.159+0000] {taskinstance.py:2306} INFO - Starting attempt 1 of 2
[2024-06-28T18:22:15.164+0000] {taskinstance.py:2330} INFO - Executing <Task(PythonOperator): generate_and_insert_data> on 2023-01-01 08:30:00+00:00
[2024-06-28T18:22:15.166+0000] {standard_task_runner.py:63} INFO - Started process 1070 to run task
[2024-06-28T18:22:15.167+0000] {standard_task_runner.py:90} INFO - Running: ['airflow', 'tasks', 'run', 'ecomm_data_pipeline', 'generate_and_insert_data', 'scheduled__2023-01-01T08:30:00+00:00', '--job-id', '74', '--raw', '--subdir', 'DAGS_FOLDER/ecomm_dag.py', '--cfg-path', '/tmp/tmp8dhlfm7r']
[2024-06-28T18:22:15.168+0000] {standard_task_runner.py:91} INFO - Job 74: Subtask generate_and_insert_data
[2024-06-28T18:22:15.185+0000] {task_command.py:426} INFO - Running <TaskInstance: ecomm_data_pipeline.generate_and_insert_data scheduled__2023-01-01T08:30:00+00:00 [running]> on host 6570e5857071
[2024-06-28T18:22:15.214+0000] {taskinstance.py:2648} INFO - Exporting env vars: AIRFLOW_CTX_DAG_OWNER='airflow' AIRFLOW_CTX_DAG_ID='ecomm_data_pipeline' AIRFLOW_CTX_TASK_ID='generate_and_insert_data' AIRFLOW_CTX_EXECUTION_DATE='2023-01-01T08:30:00+00:00' AIRFLOW_CTX_TRY_NUMBER='1' AIRFLOW_CTX_DAG_RUN_ID='scheduled__2023-01-01T08:30:00+00:00'
[2024-06-28T18:22:15.214+0000] {taskinstance.py:430} INFO - ::endgroup::
[2024-06-28T18:22:15.271+0000] {logging_mixin.py:188} INFO - Error in generate_and_insert_data: Command '['python3', '/opt/airflow/generator/ecomm_generator.py']' returned non-zero exit status 1.
[2024-06-28T18:22:15.272+0000] {logging_mixin.py:188} INFO - stdout: 
[2024-06-28T18:22:15.272+0000] {logging_mixin.py:188} INFO - stderr: Traceback (most recent call last):
  File "/opt/airflow/generator/ecomm_generator.py", line 4, in <module>
    from faker import Faker
ModuleNotFoundError: No module named 'faker'
[2024-06-28T18:22:15.272+0000] {python.py:237} INFO - Done. Returned value was: None
[2024-06-28T18:22:15.272+0000] {taskinstance.py:441} INFO - ::group::Post task execution logs
[2024-06-28T18:22:15.277+0000] {taskinstance.py:1206} INFO - Marking task as SUCCESS. dag_id=ecomm_data_pipeline, task_id=generate_and_insert_data, run_id=scheduled__2023-01-01T08:30:00+00:00, execution_date=20230101T083000, start_date=20240628T182215, end_date=20240628T182215
[2024-06-28T18:22:15.319+0000] {local_task_job_runner.py:240} INFO - Task exited with return code 0
[2024-06-28T18:22:15.327+0000] {taskinstance.py:3503} INFO - 0 downstream tasks scheduled from follow-on schedule check
[2024-06-28T18:22:15.327+0000] {local_task_job_runner.py:222} INFO - ::endgroup::
