[2024-07-02T22:47:09.111+0000] {taskinstance.py:1103} INFO - Dependencies all met for dep_context=non-requeueable deps ti=<TaskInstance: ecomm_data_pipeline.generate_data scheduled__2024-07-02T00:20:00+00:00 [queued]>
[2024-07-02T22:47:09.114+0000] {taskinstance.py:1103} INFO - Dependencies all met for dep_context=requeueable deps ti=<TaskInstance: ecomm_data_pipeline.generate_data scheduled__2024-07-02T00:20:00+00:00 [queued]>
[2024-07-02T22:47:09.114+0000] {taskinstance.py:1308} INFO - Starting attempt 1 of 2
[2024-07-02T22:47:09.118+0000] {taskinstance.py:1327} INFO - Executing <Task(PythonOperator): generate_data> on 2024-07-02 00:20:00+00:00
[2024-07-02T22:47:09.120+0000] {standard_task_runner.py:57} INFO - Started process 14 to run task
[2024-07-02T22:47:09.121+0000] {standard_task_runner.py:84} INFO - Running: ['airflow', 'tasks', 'run', 'ecomm_data_pipeline', 'generate_data', 'scheduled__2024-07-02T00:20:00+00:00', '--job-id', '55', '--raw', '--subdir', 'DAGS_FOLDER/ecomm_dag.py', '--cfg-path', '/tmp/tmpqkqnulth']
[2024-07-02T22:47:09.122+0000] {standard_task_runner.py:85} INFO - Job 55: Subtask generate_data
[2024-07-02T22:47:09.141+0000] {task_command.py:410} INFO - Running <TaskInstance: ecomm_data_pipeline.generate_data scheduled__2024-07-02T00:20:00+00:00 [running]> on host 4a2fcc95fd99
[2024-07-02T22:47:09.175+0000] {taskinstance.py:1545} INFO - Exporting env vars: AIRFLOW_CTX_DAG_OWNER='airflow' AIRFLOW_CTX_DAG_ID='ecomm_data_pipeline' AIRFLOW_CTX_TASK_ID='generate_data' AIRFLOW_CTX_EXECUTION_DATE='2024-07-02T00:20:00+00:00' AIRFLOW_CTX_TRY_NUMBER='1' AIRFLOW_CTX_DAG_RUN_ID='scheduled__2024-07-02T00:20:00+00:00'
[2024-07-02T22:47:09.176+0000] {logging_mixin.py:149} INFO - Running data generation script...
[2024-07-02T22:54:55.880+0000] {taskinstance.py:1103} INFO - Dependencies all met for dep_context=non-requeueable deps ti=<TaskInstance: ecomm_data_pipeline.generate_data scheduled__2024-07-02T00:20:00+00:00 [queued]>
[2024-07-02T22:54:55.883+0000] {taskinstance.py:1103} INFO - Dependencies all met for dep_context=requeueable deps ti=<TaskInstance: ecomm_data_pipeline.generate_data scheduled__2024-07-02T00:20:00+00:00 [queued]>
[2024-07-02T22:54:55.883+0000] {taskinstance.py:1308} INFO - Starting attempt 1 of 2
[2024-07-02T22:54:55.887+0000] {taskinstance.py:1327} INFO - Executing <Task(PythonOperator): generate_data> on 2024-07-02 00:20:00+00:00
[2024-07-02T22:54:55.888+0000] {standard_task_runner.py:57} INFO - Started process 34 to run task
[2024-07-02T22:54:55.890+0000] {standard_task_runner.py:84} INFO - Running: ['airflow', 'tasks', 'run', 'ecomm_data_pipeline', 'generate_data', 'scheduled__2024-07-02T00:20:00+00:00', '--job-id', '58', '--raw', '--subdir', 'DAGS_FOLDER/ecomm_dag.py', '--cfg-path', '/tmp/tmpt77eyk66']
[2024-07-02T22:54:55.891+0000] {standard_task_runner.py:85} INFO - Job 58: Subtask generate_data
[2024-07-02T22:54:55.913+0000] {task_command.py:410} INFO - Running <TaskInstance: ecomm_data_pipeline.generate_data scheduled__2024-07-02T00:20:00+00:00 [running]> on host 5b8fb0180af8
[2024-07-02T22:54:55.953+0000] {taskinstance.py:1545} INFO - Exporting env vars: AIRFLOW_CTX_DAG_OWNER='airflow' AIRFLOW_CTX_DAG_ID='ecomm_data_pipeline' AIRFLOW_CTX_TASK_ID='generate_data' AIRFLOW_CTX_EXECUTION_DATE='2024-07-02T00:20:00+00:00' AIRFLOW_CTX_TRY_NUMBER='1' AIRFLOW_CTX_DAG_RUN_ID='scheduled__2024-07-02T00:20:00+00:00'
[2024-07-02T22:54:56.211+0000] {local_task_job_runner.py:225} INFO - Task exited with return code 1
[2024-07-02T22:54:56.220+0000] {taskinstance.py:2651} INFO - 0 downstream tasks scheduled from follow-on schedule check
[2024-07-02T23:15:28.157+0000] {taskinstance.py:1103} INFO - Dependencies all met for dep_context=non-requeueable deps ti=<TaskInstance: ecomm_data_pipeline.generate_data scheduled__2024-07-02T00:20:00+00:00 [queued]>
[2024-07-02T23:15:28.161+0000] {taskinstance.py:1103} INFO - Dependencies all met for dep_context=requeueable deps ti=<TaskInstance: ecomm_data_pipeline.generate_data scheduled__2024-07-02T00:20:00+00:00 [queued]>
[2024-07-02T23:15:28.161+0000] {taskinstance.py:1308} INFO - Starting attempt 1 of 2
[2024-07-02T23:15:28.165+0000] {taskinstance.py:1327} INFO - Executing <Task(PythonOperator): generate_data> on 2024-07-02 00:20:00+00:00
[2024-07-02T23:15:28.166+0000] {standard_task_runner.py:57} INFO - Started process 275 to run task
[2024-07-02T23:15:28.168+0000] {standard_task_runner.py:84} INFO - Running: ['airflow', 'tasks', 'run', 'ecomm_data_pipeline', 'generate_data', 'scheduled__2024-07-02T00:20:00+00:00', '--job-id', '83', '--raw', '--subdir', 'DAGS_FOLDER/ecomm_dag.py', '--cfg-path', '/tmp/tmp91tpuu3s']
[2024-07-02T23:15:28.169+0000] {standard_task_runner.py:85} INFO - Job 83: Subtask generate_data
[2024-07-02T23:15:28.190+0000] {task_command.py:410} INFO - Running <TaskInstance: ecomm_data_pipeline.generate_data scheduled__2024-07-02T00:20:00+00:00 [running]> on host 5b8fb0180af8
[2024-07-02T23:15:28.227+0000] {taskinstance.py:1545} INFO - Exporting env vars: AIRFLOW_CTX_DAG_OWNER='airflow' AIRFLOW_CTX_DAG_ID='ecomm_data_pipeline' AIRFLOW_CTX_TASK_ID='generate_data' AIRFLOW_CTX_EXECUTION_DATE='2024-07-02T00:20:00+00:00' AIRFLOW_CTX_TRY_NUMBER='1' AIRFLOW_CTX_DAG_RUN_ID='scheduled__2024-07-02T00:20:00+00:00'
[2024-07-02T23:15:28.227+0000] {logging_mixin.py:149} INFO - Running data generation script...
[2024-07-02T23:15:43.349+0000] {local_task_job_runner.py:291} WARNING - State of this instance has been externally set to success. Terminating instance.
[2024-07-02T23:15:43.351+0000] {process_utils.py:131} INFO - Sending Signals.SIGTERM to group 275. PIDs of all processes in the group: [276, 275]
[2024-07-02T23:15:43.351+0000] {process_utils.py:86} INFO - Sending the signal Signals.SIGTERM to group 275
[2024-07-02T23:15:43.352+0000] {taskinstance.py:1517} ERROR - Received SIGTERM. Terminating subprocesses.
[2024-07-02T23:15:43.353+0000] {logging_mixin.py:149} INFO - General error in generate_data: Task received SIGTERM signal
[2024-07-02T23:15:43.354+0000] {python.py:183} INFO - Done. Returned value was: None
[2024-07-02T23:15:43.363+0000] {taskinstance.py:1345} INFO - Marking task as SUCCESS. dag_id=ecomm_data_pipeline, task_id=generate_data, execution_date=20240702T002000, start_date=20240702T231528, end_date=20240702T231543
[2024-07-02T23:15:43.383+0000] {process_utils.py:79} INFO - Process psutil.Process(pid=275, status='terminated', exitcode=0, started='23:15:27') (275) terminated with exit code 0
[2024-07-02T23:15:43.383+0000] {process_utils.py:79} INFO - Process psutil.Process(pid=276, status='terminated', started='23:15:27') (276) terminated with exit code None
