[2024-07-04T02:25:52.205+0000] {taskinstance.py:1103} INFO - Dependencies all met for dep_context=non-requeueable deps ti=<TaskInstance: dbt_run_dag.run_dbt manual__2024-07-04T02:16:03.677533+00:00 [queued]>
[2024-07-04T02:25:52.208+0000] {taskinstance.py:1103} INFO - Dependencies all met for dep_context=requeueable deps ti=<TaskInstance: dbt_run_dag.run_dbt manual__2024-07-04T02:16:03.677533+00:00 [queued]>
[2024-07-04T02:25:52.208+0000] {taskinstance.py:1308} INFO - Starting attempt 3 of 4
[2024-07-04T02:25:52.213+0000] {taskinstance.py:1327} INFO - Executing <Task(BashOperator): run_dbt> on 2024-07-04 02:16:03.677533+00:00
[2024-07-04T02:25:52.214+0000] {standard_task_runner.py:57} INFO - Started process 160 to run task
[2024-07-04T02:25:52.216+0000] {standard_task_runner.py:84} INFO - Running: ['airflow', 'tasks', 'run', 'dbt_run_dag', 'run_dbt', 'manual__2024-07-04T02:16:03.677533+00:00', '--job-id', '737', '--raw', '--subdir', 'DAGS_FOLDER/dbt_run_dag.py', '--cfg-path', '/tmp/tmpt2fi4wna']
[2024-07-04T02:25:52.217+0000] {standard_task_runner.py:85} INFO - Job 737: Subtask run_dbt
[2024-07-04T02:25:52.242+0000] {task_command.py:410} INFO - Running <TaskInstance: dbt_run_dag.run_dbt manual__2024-07-04T02:16:03.677533+00:00 [running]> on host 9f16a50932eb
[2024-07-04T02:25:52.304+0000] {taskinstance.py:1545} INFO - Exporting env vars: AIRFLOW_CTX_DAG_OWNER='airflow' AIRFLOW_CTX_DAG_ID='dbt_run_dag' AIRFLOW_CTX_TASK_ID='run_dbt' AIRFLOW_CTX_EXECUTION_DATE='2024-07-04T02:16:03.677533+00:00' AIRFLOW_CTX_TRY_NUMBER='3' AIRFLOW_CTX_DAG_RUN_ID='manual__2024-07-04T02:16:03.677533+00:00'
[2024-07-04T02:25:52.305+0000] {subprocess.py:63} INFO - Tmp dir root location: 
 /tmp
[2024-07-04T02:25:52.306+0000] {subprocess.py:75} INFO - Running command: ['/bin/bash', '-c', 'cd /opt/airflow/dbt && dbt run --profiles-dir /opt/airflow/dbt']
[2024-07-04T02:25:52.311+0000] {subprocess.py:86} INFO - Output:
[2024-07-04T02:25:53.272+0000] {subprocess.py:93} INFO - [0m02:25:53  Running with dbt=1.8.3
[2024-07-04T02:25:53.300+0000] {subprocess.py:93} INFO - [0m02:25:53  [[33mWARNING[0m]: Deprecated functionality
[2024-07-04T02:25:53.300+0000] {subprocess.py:93} INFO - The `source-paths` config has been renamed to `model-paths`. Please update your
[2024-07-04T02:25:53.301+0000] {subprocess.py:93} INFO - `dbt_project.yml` configuration to reflect this change.
[2024-07-04T02:25:53.381+0000] {subprocess.py:93} INFO - [0m02:25:53  Registered adapter: ***=1.8.2
[2024-07-04T02:25:53.390+0000] {subprocess.py:93} INFO - [0m02:25:53  Unable to do partial parsing because saved manifest not found. Starting full parse.
[2024-07-04T02:25:54.003+0000] {subprocess.py:93} INFO - [0m02:25:54  Found 1 model, 1 source, 415 macros
[2024-07-04T02:25:54.004+0000] {subprocess.py:93} INFO - [0m02:25:54
[2024-07-04T02:25:54.076+0000] {subprocess.py:93} INFO - [0m02:25:54  Concurrency: 4 threads (target='dev')
[2024-07-04T02:25:54.076+0000] {subprocess.py:93} INFO - [0m02:25:54
[2024-07-04T02:25:54.082+0000] {subprocess.py:93} INFO - [0m02:25:54  1 of 1 START sql view model public.users ....................................... [RUN]
[2024-07-04T02:25:54.124+0000] {subprocess.py:93} INFO - [0m02:25:54  1 of 1 ERROR creating sql view model public.users .............................. [[31mERROR[0m in 0.04s]
[2024-07-04T02:25:54.130+0000] {subprocess.py:93} INFO - [0m02:25:54
[2024-07-04T02:25:54.131+0000] {subprocess.py:93} INFO - [0m02:25:54  Finished running 1 view model in 0 hours 0 minutes and 0.13 seconds (0.13s).
[2024-07-04T02:25:54.151+0000] {subprocess.py:93} INFO - [0m02:25:54
[2024-07-04T02:25:54.152+0000] {subprocess.py:93} INFO - [0m02:25:54  [31mCompleted with 1 error and 0 warnings:[0m
[2024-07-04T02:25:54.152+0000] {subprocess.py:93} INFO - [0m02:25:54
[2024-07-04T02:25:54.152+0000] {subprocess.py:93} INFO - [0m02:25:54    Database Error in model users (models/users.sql)
[2024-07-04T02:25:54.152+0000] {subprocess.py:93} INFO -   relation "company_db.users" does not exist
[2024-07-04T02:25:54.152+0000] {subprocess.py:93} INFO -   LINE 9:     SELECT * FROM "company_dw"."company_db"."users"
[2024-07-04T02:25:54.152+0000] {subprocess.py:93} INFO -                             ^
[2024-07-04T02:25:54.153+0000] {subprocess.py:93} INFO -   compiled Code at target/run/ecomm_data_demo/models/users.sql
[2024-07-04T02:25:54.153+0000] {subprocess.py:93} INFO - [0m02:25:54
[2024-07-04T02:25:54.153+0000] {subprocess.py:93} INFO - [0m02:25:54  Done. PASS=0 WARN=0 ERROR=1 SKIP=0 TOTAL=1
[2024-07-04T02:25:54.969+0000] {subprocess.py:97} INFO - Command exited with return code 1
[2024-07-04T02:25:54.978+0000] {taskinstance.py:1824} ERROR - Task failed with exception
Traceback (most recent call last):
  File "/home/airflow/.local/lib/python3.9/site-packages/airflow/operators/bash.py", line 210, in execute
    raise AirflowException(
airflow.exceptions.AirflowException: Bash command failed. The command returned a non-zero exit code 1.
[2024-07-04T02:25:54.980+0000] {taskinstance.py:1345} INFO - Marking task as UP_FOR_RETRY. dag_id=dbt_run_dag, task_id=run_dbt, execution_date=20240704T021603, start_date=20240704T022552, end_date=20240704T022554
[2024-07-04T02:25:54.988+0000] {standard_task_runner.py:104} ERROR - Failed to execute job 737 for task run_dbt (Bash command failed. The command returned a non-zero exit code 1.; 160)
[2024-07-04T02:25:55.028+0000] {local_task_job_runner.py:225} INFO - Task exited with return code 1
[2024-07-04T02:25:55.038+0000] {taskinstance.py:2651} INFO - 0 downstream tasks scheduled from follow-on schedule check
