[2024-07-04T02:39:42.983+0000] {taskinstance.py:1103} INFO - Dependencies all met for dep_context=non-requeueable deps ti=<TaskInstance: dbt_run_dag.run_dbt manual__2024-07-04T02:16:03.677533+00:00 [queued]>
[2024-07-04T02:39:42.986+0000] {taskinstance.py:1103} INFO - Dependencies all met for dep_context=requeueable deps ti=<TaskInstance: dbt_run_dag.run_dbt manual__2024-07-04T02:16:03.677533+00:00 [queued]>
[2024-07-04T02:39:42.986+0000] {taskinstance.py:1308} INFO - Starting attempt 9 of 10
[2024-07-04T02:39:42.991+0000] {taskinstance.py:1327} INFO - Executing <Task(BashOperator): run_dbt> on 2024-07-04 02:16:03.677533+00:00
[2024-07-04T02:39:42.992+0000] {standard_task_runner.py:57} INFO - Started process 99 to run task
[2024-07-04T02:39:42.994+0000] {standard_task_runner.py:84} INFO - Running: ['airflow', 'tasks', 'run', 'dbt_run_dag', 'run_dbt', 'manual__2024-07-04T02:16:03.677533+00:00', '--job-id', '745', '--raw', '--subdir', 'DAGS_FOLDER/dbt_run_dag.py', '--cfg-path', '/tmp/tmpjmdoyfq3']
[2024-07-04T02:39:42.995+0000] {standard_task_runner.py:85} INFO - Job 745: Subtask run_dbt
[2024-07-04T02:39:43.019+0000] {task_command.py:410} INFO - Running <TaskInstance: dbt_run_dag.run_dbt manual__2024-07-04T02:16:03.677533+00:00 [running]> on host 6585ae4859da
[2024-07-04T02:39:43.058+0000] {taskinstance.py:1545} INFO - Exporting env vars: AIRFLOW_CTX_DAG_OWNER='airflow' AIRFLOW_CTX_DAG_ID='dbt_run_dag' AIRFLOW_CTX_TASK_ID='run_dbt' AIRFLOW_CTX_EXECUTION_DATE='2024-07-04T02:16:03.677533+00:00' AIRFLOW_CTX_TRY_NUMBER='9' AIRFLOW_CTX_DAG_RUN_ID='manual__2024-07-04T02:16:03.677533+00:00'
[2024-07-04T02:39:43.060+0000] {subprocess.py:63} INFO - Tmp dir root location: 
 /tmp
[2024-07-04T02:39:43.061+0000] {subprocess.py:75} INFO - Running command: ['/bin/bash', '-c', 'cd /opt/airflow/dbt && dbt run --profiles-dir /opt/airflow/dbt']
[2024-07-04T02:39:43.065+0000] {subprocess.py:86} INFO - Output:
[2024-07-04T02:39:44.091+0000] {subprocess.py:93} INFO - [0m02:39:44  Running with dbt=1.8.3
[2024-07-04T02:39:44.213+0000] {subprocess.py:93} INFO - [0m02:39:44  Registered adapter: ***=1.8.2
[2024-07-04T02:39:44.383+0000] {subprocess.py:93} INFO - [0m02:39:44  Found 1 model, 1 source, 415 macros
[2024-07-04T02:39:44.384+0000] {subprocess.py:93} INFO - [0m02:39:44
[2024-07-04T02:39:44.432+0000] {subprocess.py:93} INFO - [0m02:39:44  Concurrency: 4 threads (target='dev')
[2024-07-04T02:39:44.432+0000] {subprocess.py:93} INFO - [0m02:39:44
[2024-07-04T02:39:44.439+0000] {subprocess.py:93} INFO - [0m02:39:44  1 of 1 START sql view model public.users ....................................... [RUN]
[2024-07-04T02:39:44.517+0000] {subprocess.py:93} INFO - [0m02:39:44  1 of 1 ERROR creating sql view model public.users .............................. [[31mERROR[0m in 0.07s]
[2024-07-04T02:39:44.524+0000] {subprocess.py:93} INFO - [0m02:39:44
[2024-07-04T02:39:44.524+0000] {subprocess.py:93} INFO - [0m02:39:44  Finished running 1 view model in 0 hours 0 minutes and 0.14 seconds (0.14s).
[2024-07-04T02:39:44.553+0000] {subprocess.py:93} INFO - [0m02:39:44
[2024-07-04T02:39:44.554+0000] {subprocess.py:93} INFO - [0m02:39:44  [31mCompleted with 1 error and 0 warnings:[0m
[2024-07-04T02:39:44.555+0000] {subprocess.py:93} INFO - [0m02:39:44
[2024-07-04T02:39:44.555+0000] {subprocess.py:93} INFO - [0m02:39:44    Database Error in model users (models/users.sql)
[2024-07-04T02:39:44.555+0000] {subprocess.py:93} INFO -   relation "public.users" does not exist
[2024-07-04T02:39:44.556+0000] {subprocess.py:93} INFO -   LINE 13:     "company_dw"."public"."users"
[2024-07-04T02:39:44.556+0000] {subprocess.py:93} INFO -                ^
[2024-07-04T02:39:44.556+0000] {subprocess.py:93} INFO -   compiled Code at target/run/ecomm_data_demo/models/users.sql
[2024-07-04T02:39:44.556+0000] {subprocess.py:93} INFO - [0m02:39:44
[2024-07-04T02:39:44.557+0000] {subprocess.py:93} INFO - [0m02:39:44  Done. PASS=0 WARN=0 ERROR=1 SKIP=0 TOTAL=1
[2024-07-04T02:39:45.055+0000] {subprocess.py:97} INFO - Command exited with return code 1
[2024-07-04T02:39:45.062+0000] {taskinstance.py:1824} ERROR - Task failed with exception
Traceback (most recent call last):
  File "/home/airflow/.local/lib/python3.9/site-packages/airflow/operators/bash.py", line 210, in execute
    raise AirflowException(
airflow.exceptions.AirflowException: Bash command failed. The command returned a non-zero exit code 1.
[2024-07-04T02:39:45.063+0000] {taskinstance.py:1345} INFO - Marking task as UP_FOR_RETRY. dag_id=dbt_run_dag, task_id=run_dbt, execution_date=20240704T021603, start_date=20240704T023942, end_date=20240704T023945
[2024-07-04T02:39:45.071+0000] {standard_task_runner.py:104} ERROR - Failed to execute job 745 for task run_dbt (Bash command failed. The command returned a non-zero exit code 1.; 99)
[2024-07-04T02:39:45.090+0000] {local_task_job_runner.py:225} INFO - Task exited with return code 1
[2024-07-04T02:39:45.099+0000] {taskinstance.py:2651} INFO - 0 downstream tasks scheduled from follow-on schedule check
