[2024-07-04T02:31:17.731+0000] {taskinstance.py:1103} INFO - Dependencies all met for dep_context=non-requeueable deps ti=<TaskInstance: dbt_run_dag.run_dbt manual__2024-07-04T02:16:03.677533+00:00 [queued]>
[2024-07-04T02:31:17.737+0000] {taskinstance.py:1103} INFO - Dependencies all met for dep_context=requeueable deps ti=<TaskInstance: dbt_run_dag.run_dbt manual__2024-07-04T02:16:03.677533+00:00 [queued]>
[2024-07-04T02:31:17.737+0000] {taskinstance.py:1308} INFO - Starting attempt 5 of 6
[2024-07-04T02:31:17.745+0000] {taskinstance.py:1327} INFO - Executing <Task(BashOperator): run_dbt> on 2024-07-04 02:16:03.677533+00:00
[2024-07-04T02:31:17.747+0000] {standard_task_runner.py:57} INFO - Started process 61 to run task
[2024-07-04T02:31:17.749+0000] {standard_task_runner.py:84} INFO - Running: ['airflow', 'tasks', 'run', 'dbt_run_dag', 'run_dbt', 'manual__2024-07-04T02:16:03.677533+00:00', '--job-id', '740', '--raw', '--subdir', 'DAGS_FOLDER/dbt_run_dag.py', '--cfg-path', '/tmp/tmptjbsem5i']
[2024-07-04T02:31:17.750+0000] {standard_task_runner.py:85} INFO - Job 740: Subtask run_dbt
[2024-07-04T02:31:17.781+0000] {task_command.py:410} INFO - Running <TaskInstance: dbt_run_dag.run_dbt manual__2024-07-04T02:16:03.677533+00:00 [running]> on host 3b11986a3e75
[2024-07-04T02:31:17.831+0000] {taskinstance.py:1545} INFO - Exporting env vars: AIRFLOW_CTX_DAG_OWNER='airflow' AIRFLOW_CTX_DAG_ID='dbt_run_dag' AIRFLOW_CTX_TASK_ID='run_dbt' AIRFLOW_CTX_EXECUTION_DATE='2024-07-04T02:16:03.677533+00:00' AIRFLOW_CTX_TRY_NUMBER='5' AIRFLOW_CTX_DAG_RUN_ID='manual__2024-07-04T02:16:03.677533+00:00'
[2024-07-04T02:31:17.832+0000] {subprocess.py:63} INFO - Tmp dir root location: 
 /tmp
[2024-07-04T02:31:17.832+0000] {subprocess.py:75} INFO - Running command: ['/bin/bash', '-c', 'cd /opt/airflow/dbt && dbt run --profiles-dir /opt/airflow/dbt']
[2024-07-04T02:31:17.835+0000] {subprocess.py:86} INFO - Output:
[2024-07-04T02:31:18.830+0000] {subprocess.py:93} INFO - [0m02:31:18  Running with dbt=1.8.3
[2024-07-04T02:31:18.858+0000] {subprocess.py:93} INFO - [0m02:31:18  Encountered an error:
[2024-07-04T02:31:18.858+0000] {subprocess.py:93} INFO - Runtime Error
[2024-07-04T02:31:18.858+0000] {subprocess.py:93} INFO -   source-paths and model-paths cannot both be defined. The `source-paths` config has been deprecated in favor of `model-paths`. Please update your `dbt_project.yml` configuration to reflect this change.
[2024-07-04T02:31:18.859+0000] {subprocess.py:93} INFO - 
[2024-07-04T02:31:18.859+0000] {subprocess.py:93} INFO - Error encountered in /opt/airflow/dbt/dbt_project.yml
[2024-07-04T02:31:19.345+0000] {subprocess.py:97} INFO - Command exited with return code 2
[2024-07-04T02:31:19.353+0000] {taskinstance.py:1824} ERROR - Task failed with exception
Traceback (most recent call last):
  File "/home/airflow/.local/lib/python3.9/site-packages/airflow/operators/bash.py", line 210, in execute
    raise AirflowException(
airflow.exceptions.AirflowException: Bash command failed. The command returned a non-zero exit code 2.
[2024-07-04T02:31:19.354+0000] {taskinstance.py:1345} INFO - Marking task as UP_FOR_RETRY. dag_id=dbt_run_dag, task_id=run_dbt, execution_date=20240704T021603, start_date=20240704T023117, end_date=20240704T023119
[2024-07-04T02:31:19.360+0000] {standard_task_runner.py:104} ERROR - Failed to execute job 740 for task run_dbt (Bash command failed. The command returned a non-zero exit code 2.; 61)
[2024-07-04T02:31:19.396+0000] {local_task_job_runner.py:225} INFO - Task exited with return code 1
[2024-07-04T02:31:19.405+0000] {taskinstance.py:2651} INFO - 0 downstream tasks scheduled from follow-on schedule check
