[2024-07-04T02:34:18.822+0000] {taskinstance.py:1103} INFO - Dependencies all met for dep_context=non-requeueable deps ti=<TaskInstance: dbt_run_dag.run_dbt manual__2024-07-04T02:16:03.677533+00:00 [queued]>
[2024-07-04T02:34:18.826+0000] {taskinstance.py:1103} INFO - Dependencies all met for dep_context=requeueable deps ti=<TaskInstance: dbt_run_dag.run_dbt manual__2024-07-04T02:16:03.677533+00:00 [queued]>
[2024-07-04T02:34:18.826+0000] {taskinstance.py:1308} INFO - Starting attempt 7 of 8
[2024-07-04T02:34:18.831+0000] {taskinstance.py:1327} INFO - Executing <Task(BashOperator): run_dbt> on 2024-07-04 02:16:03.677533+00:00
[2024-07-04T02:34:18.832+0000] {standard_task_runner.py:57} INFO - Started process 197 to run task
[2024-07-04T02:34:18.834+0000] {standard_task_runner.py:84} INFO - Running: ['airflow', 'tasks', 'run', 'dbt_run_dag', 'run_dbt', 'manual__2024-07-04T02:16:03.677533+00:00', '--job-id', '742', '--raw', '--subdir', 'DAGS_FOLDER/dbt_run_dag.py', '--cfg-path', '/tmp/tmp3ygpa_sh']
[2024-07-04T02:34:18.835+0000] {standard_task_runner.py:85} INFO - Job 742: Subtask run_dbt
[2024-07-04T02:34:18.858+0000] {task_command.py:410} INFO - Running <TaskInstance: dbt_run_dag.run_dbt manual__2024-07-04T02:16:03.677533+00:00 [running]> on host 3b11986a3e75
[2024-07-04T02:34:18.897+0000] {taskinstance.py:1545} INFO - Exporting env vars: AIRFLOW_CTX_DAG_OWNER='airflow' AIRFLOW_CTX_DAG_ID='dbt_run_dag' AIRFLOW_CTX_TASK_ID='run_dbt' AIRFLOW_CTX_EXECUTION_DATE='2024-07-04T02:16:03.677533+00:00' AIRFLOW_CTX_TRY_NUMBER='7' AIRFLOW_CTX_DAG_RUN_ID='manual__2024-07-04T02:16:03.677533+00:00'
[2024-07-04T02:34:18.897+0000] {subprocess.py:63} INFO - Tmp dir root location: 
 /tmp
[2024-07-04T02:34:18.898+0000] {subprocess.py:75} INFO - Running command: ['/bin/bash', '-c', 'cd /opt/airflow/dbt && dbt run --profiles-dir /opt/airflow/dbt']
[2024-07-04T02:34:18.900+0000] {subprocess.py:86} INFO - Output:
[2024-07-04T02:34:19.860+0000] {subprocess.py:93} INFO - [0m02:34:19  Running with dbt=1.8.3
[2024-07-04T02:34:19.982+0000] {subprocess.py:93} INFO - [0m02:34:19  Registered adapter: ***=1.8.2
[2024-07-04T02:34:20.323+0000] {subprocess.py:93} INFO - [0m02:34:20  Found 1 model, 1 source, 415 macros
[2024-07-04T02:34:20.324+0000] {subprocess.py:93} INFO - [0m02:34:20
[2024-07-04T02:34:20.366+0000] {subprocess.py:93} INFO - [0m02:34:20  Concurrency: 4 threads (target='dev')
[2024-07-04T02:34:20.366+0000] {subprocess.py:93} INFO - [0m02:34:20
[2024-07-04T02:34:20.371+0000] {subprocess.py:93} INFO - [0m02:34:20  1 of 1 START sql view model public.users ....................................... [RUN]
[2024-07-04T02:34:20.404+0000] {subprocess.py:93} INFO - [0m02:34:20  1 of 1 ERROR creating sql view model public.users .............................. [[31mERROR[0m in 0.03s]
[2024-07-04T02:34:20.409+0000] {subprocess.py:93} INFO - [0m02:34:20
[2024-07-04T02:34:20.409+0000] {subprocess.py:93} INFO - [0m02:34:20  Finished running 1 view model in 0 hours 0 minutes and 0.08 seconds (0.08s).
[2024-07-04T02:34:20.429+0000] {subprocess.py:93} INFO - [0m02:34:20
[2024-07-04T02:34:20.430+0000] {subprocess.py:93} INFO - [0m02:34:20  [31mCompleted with 1 error and 0 warnings:[0m
[2024-07-04T02:34:20.430+0000] {subprocess.py:93} INFO - [0m02:34:20
[2024-07-04T02:34:20.430+0000] {subprocess.py:93} INFO - [0m02:34:20    Database Error in model users (models/users.sql)
[2024-07-04T02:34:20.430+0000] {subprocess.py:93} INFO -   relation "public.users" does not exist
[2024-07-04T02:34:20.430+0000] {subprocess.py:93} INFO -   LINE 13:     "company_dw"."public"."users"
[2024-07-04T02:34:20.431+0000] {subprocess.py:93} INFO -                ^
[2024-07-04T02:34:20.431+0000] {subprocess.py:93} INFO -   compiled Code at target/run/ecomm_data_demo/models/users.sql
[2024-07-04T02:34:20.431+0000] {subprocess.py:93} INFO - [0m02:34:20
[2024-07-04T02:34:20.431+0000] {subprocess.py:93} INFO - [0m02:34:20  Done. PASS=0 WARN=0 ERROR=1 SKIP=0 TOTAL=1
[2024-07-04T02:34:20.966+0000] {subprocess.py:97} INFO - Command exited with return code 1
[2024-07-04T02:34:20.975+0000] {taskinstance.py:1824} ERROR - Task failed with exception
Traceback (most recent call last):
  File "/home/airflow/.local/lib/python3.9/site-packages/airflow/operators/bash.py", line 210, in execute
    raise AirflowException(
airflow.exceptions.AirflowException: Bash command failed. The command returned a non-zero exit code 1.
[2024-07-04T02:34:20.976+0000] {taskinstance.py:1345} INFO - Marking task as UP_FOR_RETRY. dag_id=dbt_run_dag, task_id=run_dbt, execution_date=20240704T021603, start_date=20240704T023418, end_date=20240704T023420
[2024-07-04T02:34:20.982+0000] {standard_task_runner.py:104} ERROR - Failed to execute job 742 for task run_dbt (Bash command failed. The command returned a non-zero exit code 1.; 197)
[2024-07-04T02:34:21.012+0000] {local_task_job_runner.py:225} INFO - Task exited with return code 1
[2024-07-04T02:34:21.021+0000] {taskinstance.py:2651} INFO - 0 downstream tasks scheduled from follow-on schedule check
