[2024-07-04T02:22:42.422+0000] {taskinstance.py:1103} INFO - Dependencies all met for dep_context=non-requeueable deps ti=<TaskInstance: dbt_run_dag.run_dbt manual__2024-07-04T02:16:03.677533+00:00 [queued]>
[2024-07-04T02:22:42.425+0000] {taskinstance.py:1103} INFO - Dependencies all met for dep_context=requeueable deps ti=<TaskInstance: dbt_run_dag.run_dbt manual__2024-07-04T02:16:03.677533+00:00 [queued]>
[2024-07-04T02:22:42.425+0000] {taskinstance.py:1308} INFO - Starting attempt 2 of 2
[2024-07-04T02:22:42.430+0000] {taskinstance.py:1327} INFO - Executing <Task(BashOperator): run_dbt> on 2024-07-04 02:16:03.677533+00:00
[2024-07-04T02:22:42.432+0000] {standard_task_runner.py:57} INFO - Started process 61 to run task
[2024-07-04T02:22:42.433+0000] {standard_task_runner.py:84} INFO - Running: ['airflow', 'tasks', 'run', 'dbt_run_dag', 'run_dbt', 'manual__2024-07-04T02:16:03.677533+00:00', '--job-id', '736', '--raw', '--subdir', 'DAGS_FOLDER/dbt_run_dag.py', '--cfg-path', '/tmp/tmpn001d71q']
[2024-07-04T02:22:42.434+0000] {standard_task_runner.py:85} INFO - Job 736: Subtask run_dbt
[2024-07-04T02:22:42.458+0000] {task_command.py:410} INFO - Running <TaskInstance: dbt_run_dag.run_dbt manual__2024-07-04T02:16:03.677533+00:00 [running]> on host 9f16a50932eb
[2024-07-04T02:22:42.507+0000] {taskinstance.py:1545} INFO - Exporting env vars: AIRFLOW_CTX_DAG_OWNER='airflow' AIRFLOW_CTX_DAG_ID='dbt_run_dag' AIRFLOW_CTX_TASK_ID='run_dbt' AIRFLOW_CTX_EXECUTION_DATE='2024-07-04T02:16:03.677533+00:00' AIRFLOW_CTX_TRY_NUMBER='2' AIRFLOW_CTX_DAG_RUN_ID='manual__2024-07-04T02:16:03.677533+00:00'
[2024-07-04T02:22:42.508+0000] {subprocess.py:63} INFO - Tmp dir root location: 
 /tmp
[2024-07-04T02:22:42.508+0000] {subprocess.py:75} INFO - Running command: ['/bin/bash', '-c', 'cd /opt/airflow/dbt && dbt run --profiles-dir /opt/airflow/dbt']
[2024-07-04T02:22:42.512+0000] {subprocess.py:86} INFO - Output:
[2024-07-04T02:22:43.582+0000] {subprocess.py:93} INFO - [0m02:22:43  Running with dbt=1.8.3
[2024-07-04T02:22:43.584+0000] {subprocess.py:93} INFO - [0m02:22:43  Encountered an error:
[2024-07-04T02:22:43.584+0000] {subprocess.py:93} INFO - Runtime Error
[2024-07-04T02:22:43.584+0000] {subprocess.py:93} INFO - 
[2024-07-04T02:22:43.584+0000] {subprocess.py:93} INFO -   dbt encountered an error while trying to read your profiles.yml file.
[2024-07-04T02:22:43.584+0000] {subprocess.py:93} INFO - 
[2024-07-04T02:22:43.584+0000] {subprocess.py:93} INFO -   Runtime Error
[2024-07-04T02:22:43.584+0000] {subprocess.py:93} INFO -     Syntax error near line 7
[2024-07-04T02:22:43.585+0000] {subprocess.py:93} INFO -     ------------------------------
[2024-07-04T02:22:43.585+0000] {subprocess.py:93} INFO -     4  |     dev:
[2024-07-04T02:22:43.585+0000] {subprocess.py:93} INFO -     5  |       type: ***
[2024-07-04T02:22:43.585+0000] {subprocess.py:93} INFO -     6  |       host: company_dw
[2024-07-04T02:22:43.585+0000] {subprocess.py:93} INFO -     7  |       user: {{ env_var('POSTGRES_USER') }}
[2024-07-04T02:22:43.585+0000] {subprocess.py:93} INFO -     8  |       password: {{ env_var('POSTGRES_PASSWORD') }}
[2024-07-04T02:22:43.585+0000] {subprocess.py:93} INFO -     9  |       port: 5432
[2024-07-04T02:22:43.585+0000] {subprocess.py:93} INFO -     10 |       dbname: company_dw
[2024-07-04T02:22:43.586+0000] {subprocess.py:93} INFO - 
[2024-07-04T02:22:43.586+0000] {subprocess.py:93} INFO -     Raw Error:
[2024-07-04T02:22:43.586+0000] {subprocess.py:93} INFO -     ------------------------------
[2024-07-04T02:22:43.586+0000] {subprocess.py:93} INFO -     while constructing a mapping
[2024-07-04T02:22:43.586+0000] {subprocess.py:93} INFO -       in "<unicode string>", line 7, column 13
[2024-07-04T02:22:43.586+0000] {subprocess.py:93} INFO -     found unhashable key
[2024-07-04T02:22:43.586+0000] {subprocess.py:93} INFO -       in "<unicode string>", line 7, column 14
[2024-07-04T02:22:43.586+0000] {subprocess.py:93} INFO - 
[2024-07-04T02:22:44.256+0000] {subprocess.py:97} INFO - Command exited with return code 2
[2024-07-04T02:22:44.263+0000] {taskinstance.py:1824} ERROR - Task failed with exception
Traceback (most recent call last):
  File "/home/airflow/.local/lib/python3.9/site-packages/airflow/operators/bash.py", line 210, in execute
    raise AirflowException(
airflow.exceptions.AirflowException: Bash command failed. The command returned a non-zero exit code 2.
[2024-07-04T02:22:44.265+0000] {taskinstance.py:1345} INFO - Marking task as FAILED. dag_id=dbt_run_dag, task_id=run_dbt, execution_date=20240704T021603, start_date=20240704T022242, end_date=20240704T022244
[2024-07-04T02:22:44.270+0000] {standard_task_runner.py:104} ERROR - Failed to execute job 736 for task run_dbt (Bash command failed. The command returned a non-zero exit code 2.; 61)
[2024-07-04T02:22:44.302+0000] {local_task_job_runner.py:225} INFO - Task exited with return code 1
[2024-07-04T02:22:44.311+0000] {taskinstance.py:2651} INFO - 0 downstream tasks scheduled from follow-on schedule check
