[2024-06-27T22:33:20.820+0000] {local_task_job_runner.py:120} INFO - ::group::Pre task execution logs
[2024-06-27T22:33:20.831+0000] {taskinstance.py:2076} INFO - Dependencies all met for dep_context=non-requeueable deps ti=<TaskInstance: example_dag.generate_and_insert_data scheduled__2023-01-01T01:40:00+00:00 [queued]>
[2024-06-27T22:33:20.834+0000] {taskinstance.py:2076} INFO - Dependencies all met for dep_context=requeueable deps ti=<TaskInstance: example_dag.generate_and_insert_data scheduled__2023-01-01T01:40:00+00:00 [queued]>
[2024-06-27T22:33:20.834+0000] {taskinstance.py:2306} INFO - Starting attempt 1 of 2
[2024-06-27T22:33:20.839+0000] {taskinstance.py:2330} INFO - Executing <Task(PythonOperator): generate_and_insert_data> on 2023-01-01 01:40:00+00:00
[2024-06-27T22:33:20.841+0000] {standard_task_runner.py:63} INFO - Started process 337 to run task
[2024-06-27T22:33:20.842+0000] {standard_task_runner.py:90} INFO - Running: ['airflow', 'tasks', 'run', 'example_dag', 'generate_and_insert_data', 'scheduled__2023-01-01T01:40:00+00:00', '--job-id', '23', '--raw', '--subdir', 'DAGS_FOLDER/example_dag.py', '--cfg-path', '/tmp/tmp03cek70z']
[2024-06-27T22:33:20.842+0000] {standard_task_runner.py:91} INFO - Job 23: Subtask generate_and_insert_data
[2024-06-27T22:33:20.864+0000] {task_command.py:426} INFO - Running <TaskInstance: example_dag.generate_and_insert_data scheduled__2023-01-01T01:40:00+00:00 [running]> on host 9174587f6b1d
[2024-06-27T22:33:20.904+0000] {taskinstance.py:2648} INFO - Exporting env vars: AIRFLOW_CTX_DAG_OWNER='airflow' AIRFLOW_CTX_DAG_ID='example_dag' AIRFLOW_CTX_TASK_ID='generate_and_insert_data' AIRFLOW_CTX_EXECUTION_DATE='2023-01-01T01:40:00+00:00' AIRFLOW_CTX_TRY_NUMBER='1' AIRFLOW_CTX_DAG_RUN_ID='scheduled__2023-01-01T01:40:00+00:00'
[2024-06-27T22:33:20.905+0000] {taskinstance.py:430} INFO - ::endgroup::
[2024-06-27T22:33:20.911+0000] {python.py:237} INFO - Done. Returned value was: None
[2024-06-27T22:33:20.911+0000] {taskinstance.py:441} INFO - ::group::Post task execution logs
[2024-06-27T22:33:20.917+0000] {taskinstance.py:1206} INFO - Marking task as SUCCESS. dag_id=example_dag, task_id=generate_and_insert_data, run_id=scheduled__2023-01-01T01:40:00+00:00, execution_date=20230101T014000, start_date=20240627T223320, end_date=20240627T223320
[2024-06-27T22:33:20.943+0000] {local_task_job_runner.py:240} INFO - Task exited with return code 0
[2024-06-27T22:33:20.950+0000] {taskinstance.py:3503} INFO - 0 downstream tasks scheduled from follow-on schedule check
[2024-06-27T22:33:20.950+0000] {local_task_job_runner.py:222} INFO - ::endgroup::
[2024-06-27T22:52:11.064+0000] {local_task_job_runner.py:120} INFO - ::group::Pre task execution logs
[2024-06-27T22:52:11.074+0000] {taskinstance.py:2076} INFO - Dependencies all met for dep_context=non-requeueable deps ti=<TaskInstance: example_dag.generate_and_insert_data scheduled__2023-01-01T01:40:00+00:00 [queued]>
[2024-06-27T22:52:11.077+0000] {taskinstance.py:2076} INFO - Dependencies all met for dep_context=requeueable deps ti=<TaskInstance: example_dag.generate_and_insert_data scheduled__2023-01-01T01:40:00+00:00 [queued]>
[2024-06-27T22:52:11.077+0000] {taskinstance.py:2306} INFO - Starting attempt 1 of 2
[2024-06-27T22:52:11.082+0000] {taskinstance.py:2330} INFO - Executing <Task(PythonOperator): generate_and_insert_data> on 2023-01-01 01:40:00+00:00
[2024-06-27T22:52:11.084+0000] {standard_task_runner.py:63} INFO - Started process 337 to run task
[2024-06-27T22:52:11.085+0000] {standard_task_runner.py:90} INFO - Running: ['airflow', 'tasks', 'run', 'example_dag', 'generate_and_insert_data', 'scheduled__2023-01-01T01:40:00+00:00', '--job-id', '23', '--raw', '--subdir', 'DAGS_FOLDER/example_dag.py', '--cfg-path', '/tmp/tmprr5mnq6_']
[2024-06-27T22:52:11.086+0000] {standard_task_runner.py:91} INFO - Job 23: Subtask generate_and_insert_data
[2024-06-27T22:52:11.103+0000] {task_command.py:426} INFO - Running <TaskInstance: example_dag.generate_and_insert_data scheduled__2023-01-01T01:40:00+00:00 [running]> on host a70edf9d8581
[2024-06-27T22:52:11.133+0000] {taskinstance.py:2648} INFO - Exporting env vars: AIRFLOW_CTX_DAG_OWNER='airflow' AIRFLOW_CTX_DAG_ID='example_dag' AIRFLOW_CTX_TASK_ID='generate_and_insert_data' AIRFLOW_CTX_EXECUTION_DATE='2023-01-01T01:40:00+00:00' AIRFLOW_CTX_TRY_NUMBER='1' AIRFLOW_CTX_DAG_RUN_ID='scheduled__2023-01-01T01:40:00+00:00'
[2024-06-27T22:52:11.133+0000] {taskinstance.py:430} INFO - ::endgroup::
[2024-06-27T22:52:11.137+0000] {python.py:237} INFO - Done. Returned value was: None
[2024-06-27T22:52:11.138+0000] {taskinstance.py:441} INFO - ::group::Post task execution logs
[2024-06-27T22:52:11.142+0000] {taskinstance.py:1206} INFO - Marking task as SUCCESS. dag_id=example_dag, task_id=generate_and_insert_data, run_id=scheduled__2023-01-01T01:40:00+00:00, execution_date=20230101T014000, start_date=20240627T225211, end_date=20240627T225211
[2024-06-27T22:52:11.190+0000] {local_task_job_runner.py:240} INFO - Task exited with return code 0
[2024-06-27T22:52:11.197+0000] {taskinstance.py:3503} INFO - 0 downstream tasks scheduled from follow-on schedule check
[2024-06-27T22:52:11.197+0000] {local_task_job_runner.py:222} INFO - ::endgroup::
[2024-06-27T22:59:54.597+0000] {local_task_job_runner.py:120} INFO - ::group::Pre task execution logs
[2024-06-27T22:59:54.609+0000] {taskinstance.py:2076} INFO - Dependencies all met for dep_context=non-requeueable deps ti=<TaskInstance: example_dag.generate_and_insert_data scheduled__2023-01-01T01:40:00+00:00 [queued]>
[2024-06-27T22:59:54.611+0000] {taskinstance.py:2076} INFO - Dependencies all met for dep_context=requeueable deps ti=<TaskInstance: example_dag.generate_and_insert_data scheduled__2023-01-01T01:40:00+00:00 [queued]>
[2024-06-27T22:59:54.611+0000] {taskinstance.py:2306} INFO - Starting attempt 1 of 2
[2024-06-27T22:59:54.616+0000] {taskinstance.py:2330} INFO - Executing <Task(PythonOperator): generate_and_insert_data> on 2023-01-01 01:40:00+00:00
[2024-06-27T22:59:54.618+0000] {standard_task_runner.py:63} INFO - Started process 337 to run task
[2024-06-27T22:59:54.619+0000] {standard_task_runner.py:90} INFO - Running: ['airflow', 'tasks', 'run', 'example_dag', 'generate_and_insert_data', 'scheduled__2023-01-01T01:40:00+00:00', '--job-id', '23', '--raw', '--subdir', 'DAGS_FOLDER/example_dag.py', '--cfg-path', '/tmp/tmppzs0rb09']
[2024-06-27T22:59:54.620+0000] {standard_task_runner.py:91} INFO - Job 23: Subtask generate_and_insert_data
[2024-06-27T22:59:54.642+0000] {task_command.py:426} INFO - Running <TaskInstance: example_dag.generate_and_insert_data scheduled__2023-01-01T01:40:00+00:00 [running]> on host 5cc71d4b298c
[2024-06-27T22:59:54.677+0000] {taskinstance.py:2648} INFO - Exporting env vars: AIRFLOW_CTX_DAG_OWNER='airflow' AIRFLOW_CTX_DAG_ID='example_dag' AIRFLOW_CTX_TASK_ID='generate_and_insert_data' AIRFLOW_CTX_EXECUTION_DATE='2023-01-01T01:40:00+00:00' AIRFLOW_CTX_TRY_NUMBER='1' AIRFLOW_CTX_DAG_RUN_ID='scheduled__2023-01-01T01:40:00+00:00'
[2024-06-27T22:59:54.677+0000] {taskinstance.py:430} INFO - ::endgroup::
[2024-06-27T22:59:54.682+0000] {python.py:237} INFO - Done. Returned value was: None
[2024-06-27T22:59:54.682+0000] {taskinstance.py:441} INFO - ::group::Post task execution logs
[2024-06-27T22:59:54.687+0000] {taskinstance.py:1206} INFO - Marking task as SUCCESS. dag_id=example_dag, task_id=generate_and_insert_data, run_id=scheduled__2023-01-01T01:40:00+00:00, execution_date=20230101T014000, start_date=20240627T225954, end_date=20240627T225954
[2024-06-27T22:59:54.724+0000] {local_task_job_runner.py:240} INFO - Task exited with return code 0
[2024-06-27T22:59:54.732+0000] {taskinstance.py:3503} INFO - 0 downstream tasks scheduled from follow-on schedule check
[2024-06-27T22:59:54.732+0000] {local_task_job_runner.py:222} INFO - ::endgroup::
[2024-06-27T23:09:33.746+0000] {local_task_job_runner.py:120} INFO - ::group::Pre task execution logs
[2024-06-27T23:09:33.757+0000] {taskinstance.py:2076} INFO - Dependencies all met for dep_context=non-requeueable deps ti=<TaskInstance: example_dag.generate_and_insert_data scheduled__2023-01-01T01:40:00+00:00 [queued]>
[2024-06-27T23:09:33.759+0000] {taskinstance.py:2076} INFO - Dependencies all met for dep_context=requeueable deps ti=<TaskInstance: example_dag.generate_and_insert_data scheduled__2023-01-01T01:40:00+00:00 [queued]>
[2024-06-27T23:09:33.759+0000] {taskinstance.py:2306} INFO - Starting attempt 1 of 2
[2024-06-27T23:09:33.765+0000] {taskinstance.py:2330} INFO - Executing <Task(PythonOperator): generate_and_insert_data> on 2023-01-01 01:40:00+00:00
[2024-06-27T23:09:33.766+0000] {standard_task_runner.py:63} INFO - Started process 337 to run task
[2024-06-27T23:09:33.768+0000] {standard_task_runner.py:90} INFO - Running: ['airflow', 'tasks', 'run', 'example_dag', 'generate_and_insert_data', 'scheduled__2023-01-01T01:40:00+00:00', '--job-id', '23', '--raw', '--subdir', 'DAGS_FOLDER/example_dag.py', '--cfg-path', '/tmp/tmp5olrktp9']
[2024-06-27T23:09:33.769+0000] {standard_task_runner.py:91} INFO - Job 23: Subtask generate_and_insert_data
[2024-06-27T23:09:33.790+0000] {task_command.py:426} INFO - Running <TaskInstance: example_dag.generate_and_insert_data scheduled__2023-01-01T01:40:00+00:00 [running]> on host 7147f8a4dc9f
[2024-06-27T23:09:33.822+0000] {taskinstance.py:2648} INFO - Exporting env vars: AIRFLOW_CTX_DAG_OWNER='airflow' AIRFLOW_CTX_DAG_ID='example_dag' AIRFLOW_CTX_TASK_ID='generate_and_insert_data' AIRFLOW_CTX_EXECUTION_DATE='2023-01-01T01:40:00+00:00' AIRFLOW_CTX_TRY_NUMBER='1' AIRFLOW_CTX_DAG_RUN_ID='scheduled__2023-01-01T01:40:00+00:00'
[2024-06-27T23:09:33.822+0000] {taskinstance.py:430} INFO - ::endgroup::
[2024-06-27T23:09:33.827+0000] {python.py:237} INFO - Done. Returned value was: None
[2024-06-27T23:09:33.827+0000] {taskinstance.py:441} INFO - ::group::Post task execution logs
[2024-06-27T23:09:33.832+0000] {taskinstance.py:1206} INFO - Marking task as SUCCESS. dag_id=example_dag, task_id=generate_and_insert_data, run_id=scheduled__2023-01-01T01:40:00+00:00, execution_date=20230101T014000, start_date=20240627T230933, end_date=20240627T230933
[2024-06-27T23:09:33.868+0000] {local_task_job_runner.py:240} INFO - Task exited with return code 0
[2024-06-27T23:09:33.875+0000] {taskinstance.py:3503} INFO - 0 downstream tasks scheduled from follow-on schedule check
[2024-06-27T23:09:33.876+0000] {local_task_job_runner.py:222} INFO - ::endgroup::
[2024-06-27T23:13:12.040+0000] {local_task_job_runner.py:120} INFO - ::group::Pre task execution logs
[2024-06-27T23:13:12.051+0000] {taskinstance.py:2076} INFO - Dependencies all met for dep_context=non-requeueable deps ti=<TaskInstance: example_dag.generate_and_insert_data scheduled__2023-01-01T01:40:00+00:00 [queued]>
[2024-06-27T23:13:12.054+0000] {taskinstance.py:2076} INFO - Dependencies all met for dep_context=requeueable deps ti=<TaskInstance: example_dag.generate_and_insert_data scheduled__2023-01-01T01:40:00+00:00 [queued]>
[2024-06-27T23:13:12.054+0000] {taskinstance.py:2306} INFO - Starting attempt 1 of 2
[2024-06-27T23:13:12.060+0000] {taskinstance.py:2330} INFO - Executing <Task(PythonOperator): generate_and_insert_data> on 2023-01-01 01:40:00+00:00
[2024-06-27T23:13:12.062+0000] {standard_task_runner.py:63} INFO - Started process 337 to run task
[2024-06-27T23:13:12.064+0000] {standard_task_runner.py:90} INFO - Running: ['airflow', 'tasks', 'run', 'example_dag', 'generate_and_insert_data', 'scheduled__2023-01-01T01:40:00+00:00', '--job-id', '23', '--raw', '--subdir', 'DAGS_FOLDER/example_dag.py', '--cfg-path', '/tmp/tmpz56x14ur']
[2024-06-27T23:13:12.066+0000] {standard_task_runner.py:91} INFO - Job 23: Subtask generate_and_insert_data
[2024-06-27T23:13:12.093+0000] {task_command.py:426} INFO - Running <TaskInstance: example_dag.generate_and_insert_data scheduled__2023-01-01T01:40:00+00:00 [running]> on host 4bd55eb76a74
[2024-06-27T23:13:12.129+0000] {taskinstance.py:2648} INFO - Exporting env vars: AIRFLOW_CTX_DAG_OWNER='airflow' AIRFLOW_CTX_DAG_ID='example_dag' AIRFLOW_CTX_TASK_ID='generate_and_insert_data' AIRFLOW_CTX_EXECUTION_DATE='2023-01-01T01:40:00+00:00' AIRFLOW_CTX_TRY_NUMBER='1' AIRFLOW_CTX_DAG_RUN_ID='scheduled__2023-01-01T01:40:00+00:00'
[2024-06-27T23:13:12.130+0000] {taskinstance.py:430} INFO - ::endgroup::
[2024-06-27T23:13:12.135+0000] {python.py:237} INFO - Done. Returned value was: None
[2024-06-27T23:13:12.135+0000] {taskinstance.py:441} INFO - ::group::Post task execution logs
[2024-06-27T23:13:12.140+0000] {taskinstance.py:1206} INFO - Marking task as SUCCESS. dag_id=example_dag, task_id=generate_and_insert_data, run_id=scheduled__2023-01-01T01:40:00+00:00, execution_date=20230101T014000, start_date=20240627T231312, end_date=20240627T231312
[2024-06-27T23:13:12.166+0000] {local_task_job_runner.py:240} INFO - Task exited with return code 0
[2024-06-27T23:13:12.174+0000] {taskinstance.py:3503} INFO - 0 downstream tasks scheduled from follow-on schedule check
[2024-06-27T23:13:12.174+0000] {local_task_job_runner.py:222} INFO - ::endgroup::
[2024-06-27T23:19:07.666+0000] {local_task_job_runner.py:120} INFO - ::group::Pre task execution logs
[2024-06-27T23:19:07.678+0000] {taskinstance.py:2076} INFO - Dependencies all met for dep_context=non-requeueable deps ti=<TaskInstance: example_dag.generate_and_insert_data scheduled__2023-01-01T01:40:00+00:00 [queued]>
[2024-06-27T23:19:07.680+0000] {taskinstance.py:2076} INFO - Dependencies all met for dep_context=requeueable deps ti=<TaskInstance: example_dag.generate_and_insert_data scheduled__2023-01-01T01:40:00+00:00 [queued]>
[2024-06-27T23:19:07.681+0000] {taskinstance.py:2306} INFO - Starting attempt 1 of 2
[2024-06-27T23:19:07.686+0000] {taskinstance.py:2330} INFO - Executing <Task(PythonOperator): generate_and_insert_data> on 2023-01-01 01:40:00+00:00
[2024-06-27T23:19:07.687+0000] {standard_task_runner.py:63} INFO - Started process 337 to run task
[2024-06-27T23:19:07.688+0000] {standard_task_runner.py:90} INFO - Running: ['airflow', 'tasks', 'run', 'example_dag', 'generate_and_insert_data', 'scheduled__2023-01-01T01:40:00+00:00', '--job-id', '23', '--raw', '--subdir', 'DAGS_FOLDER/example_dag.py', '--cfg-path', '/tmp/tmp78c4kg8f']
[2024-06-27T23:19:07.689+0000] {standard_task_runner.py:91} INFO - Job 23: Subtask generate_and_insert_data
[2024-06-27T23:19:07.709+0000] {task_command.py:426} INFO - Running <TaskInstance: example_dag.generate_and_insert_data scheduled__2023-01-01T01:40:00+00:00 [running]> on host 73964f870a02
[2024-06-27T23:19:07.745+0000] {taskinstance.py:2648} INFO - Exporting env vars: AIRFLOW_CTX_DAG_OWNER='airflow' AIRFLOW_CTX_DAG_ID='example_dag' AIRFLOW_CTX_TASK_ID='generate_and_insert_data' AIRFLOW_CTX_EXECUTION_DATE='2023-01-01T01:40:00+00:00' AIRFLOW_CTX_TRY_NUMBER='1' AIRFLOW_CTX_DAG_RUN_ID='scheduled__2023-01-01T01:40:00+00:00'
[2024-06-27T23:19:07.745+0000] {taskinstance.py:430} INFO - ::endgroup::
[2024-06-27T23:19:07.750+0000] {python.py:237} INFO - Done. Returned value was: None
[2024-06-27T23:19:07.750+0000] {taskinstance.py:441} INFO - ::group::Post task execution logs
[2024-06-27T23:19:07.755+0000] {taskinstance.py:1206} INFO - Marking task as SUCCESS. dag_id=example_dag, task_id=generate_and_insert_data, run_id=scheduled__2023-01-01T01:40:00+00:00, execution_date=20230101T014000, start_date=20240627T231907, end_date=20240627T231907
[2024-06-27T23:19:07.788+0000] {local_task_job_runner.py:240} INFO - Task exited with return code 0
[2024-06-27T23:19:07.795+0000] {taskinstance.py:3503} INFO - 0 downstream tasks scheduled from follow-on schedule check
[2024-06-27T23:19:07.796+0000] {local_task_job_runner.py:222} INFO - ::endgroup::
[2024-06-28T18:13:28.692+0000] {local_task_job_runner.py:120} INFO - ::group::Pre task execution logs
[2024-06-28T18:13:28.702+0000] {taskinstance.py:2076} INFO - Dependencies all met for dep_context=non-requeueable deps ti=<TaskInstance: example_dag.generate_and_insert_data scheduled__2023-01-01T01:40:00+00:00 [queued]>
[2024-06-28T18:13:28.705+0000] {taskinstance.py:2076} INFO - Dependencies all met for dep_context=requeueable deps ti=<TaskInstance: example_dag.generate_and_insert_data scheduled__2023-01-01T01:40:00+00:00 [queued]>
[2024-06-28T18:13:28.705+0000] {taskinstance.py:2306} INFO - Starting attempt 1 of 2
[2024-06-28T18:13:28.709+0000] {taskinstance.py:2330} INFO - Executing <Task(PythonOperator): generate_and_insert_data> on 2023-01-01 01:40:00+00:00
[2024-06-28T18:13:28.711+0000] {standard_task_runner.py:63} INFO - Started process 337 to run task
[2024-06-28T18:13:28.712+0000] {standard_task_runner.py:90} INFO - Running: ['airflow', 'tasks', 'run', 'example_dag', 'generate_and_insert_data', 'scheduled__2023-01-01T01:40:00+00:00', '--job-id', '23', '--raw', '--subdir', 'DAGS_FOLDER/example_dag.py', '--cfg-path', '/tmp/tmpdvbmnv71']
[2024-06-28T18:13:28.713+0000] {standard_task_runner.py:91} INFO - Job 23: Subtask generate_and_insert_data
[2024-06-28T18:13:28.729+0000] {task_command.py:426} INFO - Running <TaskInstance: example_dag.generate_and_insert_data scheduled__2023-01-01T01:40:00+00:00 [running]> on host 08cefd381a1f
[2024-06-28T18:13:28.757+0000] {taskinstance.py:2648} INFO - Exporting env vars: AIRFLOW_CTX_DAG_OWNER='airflow' AIRFLOW_CTX_DAG_ID='example_dag' AIRFLOW_CTX_TASK_ID='generate_and_insert_data' AIRFLOW_CTX_EXECUTION_DATE='2023-01-01T01:40:00+00:00' AIRFLOW_CTX_TRY_NUMBER='1' AIRFLOW_CTX_DAG_RUN_ID='scheduled__2023-01-01T01:40:00+00:00'
[2024-06-28T18:13:28.757+0000] {taskinstance.py:430} INFO - ::endgroup::
[2024-06-28T18:13:28.762+0000] {python.py:237} INFO - Done. Returned value was: None
[2024-06-28T18:13:28.762+0000] {taskinstance.py:441} INFO - ::group::Post task execution logs
[2024-06-28T18:13:28.766+0000] {taskinstance.py:1206} INFO - Marking task as SUCCESS. dag_id=example_dag, task_id=generate_and_insert_data, run_id=scheduled__2023-01-01T01:40:00+00:00, execution_date=20230101T014000, start_date=20240628T181328, end_date=20240628T181328
[2024-06-28T18:13:28.770+0000] {local_task_job_runner.py:240} INFO - Task exited with return code 0
[2024-06-28T18:13:28.776+0000] {taskinstance.py:3503} INFO - 0 downstream tasks scheduled from follow-on schedule check
[2024-06-28T18:13:28.777+0000] {local_task_job_runner.py:222} INFO - ::endgroup::
[2024-06-28T18:20:43.905+0000] {local_task_job_runner.py:120} INFO - ::group::Pre task execution logs
[2024-06-28T18:20:43.917+0000] {taskinstance.py:2076} INFO - Dependencies all met for dep_context=non-requeueable deps ti=<TaskInstance: example_dag.generate_and_insert_data scheduled__2023-01-01T01:40:00+00:00 [queued]>
[2024-06-28T18:20:43.920+0000] {taskinstance.py:2076} INFO - Dependencies all met for dep_context=requeueable deps ti=<TaskInstance: example_dag.generate_and_insert_data scheduled__2023-01-01T01:40:00+00:00 [queued]>
[2024-06-28T18:20:43.920+0000] {taskinstance.py:2306} INFO - Starting attempt 1 of 2
[2024-06-28T18:20:43.925+0000] {taskinstance.py:2330} INFO - Executing <Task(PythonOperator): generate_and_insert_data> on 2023-01-01 01:40:00+00:00
[2024-06-28T18:20:43.927+0000] {standard_task_runner.py:63} INFO - Started process 337 to run task
[2024-06-28T18:20:43.929+0000] {standard_task_runner.py:90} INFO - Running: ['airflow', 'tasks', 'run', 'example_dag', 'generate_and_insert_data', 'scheduled__2023-01-01T01:40:00+00:00', '--job-id', '23', '--raw', '--subdir', 'DAGS_FOLDER/example_dag.py', '--cfg-path', '/tmp/tmpl7byjfdi']
[2024-06-28T18:20:43.931+0000] {standard_task_runner.py:91} INFO - Job 23: Subtask generate_and_insert_data
[2024-06-28T18:20:43.953+0000] {task_command.py:426} INFO - Running <TaskInstance: example_dag.generate_and_insert_data scheduled__2023-01-01T01:40:00+00:00 [running]> on host 6570e5857071
[2024-06-28T18:20:43.989+0000] {taskinstance.py:2648} INFO - Exporting env vars: AIRFLOW_CTX_DAG_OWNER='airflow' AIRFLOW_CTX_DAG_ID='example_dag' AIRFLOW_CTX_TASK_ID='generate_and_insert_data' AIRFLOW_CTX_EXECUTION_DATE='2023-01-01T01:40:00+00:00' AIRFLOW_CTX_TRY_NUMBER='1' AIRFLOW_CTX_DAG_RUN_ID='scheduled__2023-01-01T01:40:00+00:00'
[2024-06-28T18:20:43.989+0000] {taskinstance.py:430} INFO - ::endgroup::
[2024-06-28T18:20:43.995+0000] {python.py:237} INFO - Done. Returned value was: None
[2024-06-28T18:20:43.995+0000] {taskinstance.py:441} INFO - ::group::Post task execution logs
[2024-06-28T18:20:44.001+0000] {taskinstance.py:1206} INFO - Marking task as SUCCESS. dag_id=example_dag, task_id=generate_and_insert_data, run_id=scheduled__2023-01-01T01:40:00+00:00, execution_date=20230101T014000, start_date=20240628T182043, end_date=20240628T182044
[2024-06-28T18:20:44.027+0000] {local_task_job_runner.py:240} INFO - Task exited with return code 0
[2024-06-28T18:20:44.035+0000] {taskinstance.py:3503} INFO - 0 downstream tasks scheduled from follow-on schedule check
[2024-06-28T18:20:44.035+0000] {local_task_job_runner.py:222} INFO - ::endgroup::
[2024-06-28T18:30:45.739+0000] {local_task_job_runner.py:120} INFO - ::group::Pre task execution logs
[2024-06-28T18:30:45.751+0000] {taskinstance.py:2076} INFO - Dependencies all met for dep_context=non-requeueable deps ti=<TaskInstance: example_dag.generate_and_insert_data scheduled__2023-01-01T01:40:00+00:00 [queued]>
[2024-06-28T18:30:45.753+0000] {taskinstance.py:2076} INFO - Dependencies all met for dep_context=requeueable deps ti=<TaskInstance: example_dag.generate_and_insert_data scheduled__2023-01-01T01:40:00+00:00 [queued]>
[2024-06-28T18:30:45.754+0000] {taskinstance.py:2306} INFO - Starting attempt 1 of 2
[2024-06-28T18:30:45.758+0000] {taskinstance.py:2330} INFO - Executing <Task(PythonOperator): generate_and_insert_data> on 2023-01-01 01:40:00+00:00
[2024-06-28T18:30:45.760+0000] {standard_task_runner.py:63} INFO - Started process 337 to run task
[2024-06-28T18:30:45.761+0000] {standard_task_runner.py:90} INFO - Running: ['airflow', 'tasks', 'run', 'example_dag', 'generate_and_insert_data', 'scheduled__2023-01-01T01:40:00+00:00', '--job-id', '23', '--raw', '--subdir', 'DAGS_FOLDER/example_dag.py', '--cfg-path', '/tmp/tmphyad_f1o']
[2024-06-28T18:30:45.762+0000] {standard_task_runner.py:91} INFO - Job 23: Subtask generate_and_insert_data
[2024-06-28T18:30:45.783+0000] {task_command.py:426} INFO - Running <TaskInstance: example_dag.generate_and_insert_data scheduled__2023-01-01T01:40:00+00:00 [running]> on host 50bf780463b8
[2024-06-28T18:30:45.816+0000] {taskinstance.py:2648} INFO - Exporting env vars: AIRFLOW_CTX_DAG_OWNER='airflow' AIRFLOW_CTX_DAG_ID='example_dag' AIRFLOW_CTX_TASK_ID='generate_and_insert_data' AIRFLOW_CTX_EXECUTION_DATE='2023-01-01T01:40:00+00:00' AIRFLOW_CTX_TRY_NUMBER='1' AIRFLOW_CTX_DAG_RUN_ID='scheduled__2023-01-01T01:40:00+00:00'
[2024-06-28T18:30:45.816+0000] {taskinstance.py:430} INFO - ::endgroup::
[2024-06-28T18:30:45.821+0000] {python.py:237} INFO - Done. Returned value was: None
[2024-06-28T18:30:45.822+0000] {taskinstance.py:441} INFO - ::group::Post task execution logs
[2024-06-28T18:30:45.827+0000] {taskinstance.py:1206} INFO - Marking task as SUCCESS. dag_id=example_dag, task_id=generate_and_insert_data, run_id=scheduled__2023-01-01T01:40:00+00:00, execution_date=20230101T014000, start_date=20240628T183045, end_date=20240628T183045
[2024-06-28T18:30:45.864+0000] {local_task_job_runner.py:240} INFO - Task exited with return code 0
[2024-06-28T18:30:45.872+0000] {taskinstance.py:3503} INFO - 0 downstream tasks scheduled from follow-on schedule check
[2024-06-28T18:30:45.872+0000] {local_task_job_runner.py:222} INFO - ::endgroup::
