[2024-06-27T22:36:26.481+0000] {local_task_job_runner.py:120} INFO - ::group::Pre task execution logs
[2024-06-27T22:36:26.490+0000] {taskinstance.py:2076} INFO - Dependencies all met for dep_context=non-requeueable deps ti=<TaskInstance: ecomm_data_pipeline.generate_and_insert_data scheduled__2023-01-01T17:20:00+00:00 [queued]>
[2024-06-27T22:36:26.493+0000] {taskinstance.py:2076} INFO - Dependencies all met for dep_context=requeueable deps ti=<TaskInstance: ecomm_data_pipeline.generate_and_insert_data scheduled__2023-01-01T17:20:00+00:00 [queued]>
[2024-06-27T22:36:26.493+0000] {taskinstance.py:2306} INFO - Starting attempt 1 of 2
[2024-06-27T22:36:26.497+0000] {taskinstance.py:2330} INFO - Executing <Task(PythonOperator): generate_and_insert_data> on 2023-01-01 17:20:00+00:00
[2024-06-27T22:36:26.499+0000] {standard_task_runner.py:63} INFO - Started process 1790 to run task
[2024-06-27T22:36:26.500+0000] {standard_task_runner.py:90} INFO - Running: ['airflow', 'tasks', 'run', 'ecomm_data_pipeline', 'generate_and_insert_data', 'scheduled__2023-01-01T17:20:00+00:00', '--job-id', '123', '--raw', '--subdir', 'DAGS_FOLDER/ecomm_dag.py', '--cfg-path', '/tmp/tmpe2fa248o']
[2024-06-27T22:36:26.501+0000] {standard_task_runner.py:91} INFO - Job 123: Subtask generate_and_insert_data
[2024-06-27T22:36:26.517+0000] {task_command.py:426} INFO - Running <TaskInstance: ecomm_data_pipeline.generate_and_insert_data scheduled__2023-01-01T17:20:00+00:00 [running]> on host 9174587f6b1d
[2024-06-27T22:36:26.545+0000] {taskinstance.py:2648} INFO - Exporting env vars: AIRFLOW_CTX_DAG_OWNER='airflow' AIRFLOW_CTX_DAG_ID='ecomm_data_pipeline' AIRFLOW_CTX_TASK_ID='generate_and_insert_data' AIRFLOW_CTX_EXECUTION_DATE='2023-01-01T17:20:00+00:00' AIRFLOW_CTX_TRY_NUMBER='1' AIRFLOW_CTX_DAG_RUN_ID='scheduled__2023-01-01T17:20:00+00:00'
[2024-06-27T22:36:26.545+0000] {taskinstance.py:430} INFO - ::endgroup::
[2024-06-27T22:36:26.578+0000] {logging_mixin.py:188} INFO - Error in generate_and_insert_data: Command '['python3', './generator/ecomm_generator.py']' returned non-zero exit status 2.
[2024-06-27T22:36:26.579+0000] {python.py:237} INFO - Done. Returned value was: None
[2024-06-27T22:36:26.579+0000] {taskinstance.py:441} INFO - ::group::Post task execution logs
[2024-06-27T22:36:26.584+0000] {taskinstance.py:1206} INFO - Marking task as SUCCESS. dag_id=ecomm_data_pipeline, task_id=generate_and_insert_data, run_id=scheduled__2023-01-01T17:20:00+00:00, execution_date=20230101T172000, start_date=20240627T223626, end_date=20240627T223626
[2024-06-27T22:36:26.609+0000] {local_task_job_runner.py:240} INFO - Task exited with return code 0
[2024-06-27T22:36:26.617+0000] {taskinstance.py:3503} INFO - 0 downstream tasks scheduled from follow-on schedule check
[2024-06-27T22:36:26.618+0000] {local_task_job_runner.py:222} INFO - ::endgroup::
[2024-06-28T18:18:30.370+0000] {local_task_job_runner.py:120} INFO - ::group::Pre task execution logs
[2024-06-28T18:18:30.380+0000] {taskinstance.py:2076} INFO - Dependencies all met for dep_context=non-requeueable deps ti=<TaskInstance: ecomm_data_pipeline.generate_and_insert_data scheduled__2023-01-01T17:20:00+00:00 [queued]>
[2024-06-28T18:18:30.382+0000] {taskinstance.py:2076} INFO - Dependencies all met for dep_context=requeueable deps ti=<TaskInstance: ecomm_data_pipeline.generate_and_insert_data scheduled__2023-01-01T17:20:00+00:00 [queued]>
[2024-06-28T18:18:30.383+0000] {taskinstance.py:2306} INFO - Starting attempt 1 of 2
[2024-06-28T18:18:30.387+0000] {taskinstance.py:2330} INFO - Executing <Task(PythonOperator): generate_and_insert_data> on 2023-01-01 17:20:00+00:00
[2024-06-28T18:18:30.389+0000] {standard_task_runner.py:63} INFO - Started process 2966 to run task
[2024-06-28T18:18:30.390+0000] {standard_task_runner.py:90} INFO - Running: ['airflow', 'tasks', 'run', 'ecomm_data_pipeline', 'generate_and_insert_data', 'scheduled__2023-01-01T17:20:00+00:00', '--job-id', '211', '--raw', '--subdir', 'DAGS_FOLDER/ecomm_dag.py', '--cfg-path', '/tmp/tmp01lm60ng']
[2024-06-28T18:18:30.391+0000] {standard_task_runner.py:91} INFO - Job 211: Subtask generate_and_insert_data
[2024-06-28T18:18:30.408+0000] {task_command.py:426} INFO - Running <TaskInstance: ecomm_data_pipeline.generate_and_insert_data scheduled__2023-01-01T17:20:00+00:00 [running]> on host 08cefd381a1f
[2024-06-28T18:18:30.437+0000] {taskinstance.py:2648} INFO - Exporting env vars: AIRFLOW_CTX_DAG_OWNER='airflow' AIRFLOW_CTX_DAG_ID='ecomm_data_pipeline' AIRFLOW_CTX_TASK_ID='generate_and_insert_data' AIRFLOW_CTX_EXECUTION_DATE='2023-01-01T17:20:00+00:00' AIRFLOW_CTX_TRY_NUMBER='1' AIRFLOW_CTX_DAG_RUN_ID='scheduled__2023-01-01T17:20:00+00:00'
[2024-06-28T18:18:30.437+0000] {taskinstance.py:430} INFO - ::endgroup::
[2024-06-28T18:18:30.496+0000] {logging_mixin.py:188} INFO - Error in generate_and_insert_data: Command '['python3', '/opt/airflow/generator/ecomm_generator.py']' returned non-zero exit status 1.
[2024-06-28T18:18:30.496+0000] {logging_mixin.py:188} INFO - stdout: 
[2024-06-28T18:18:30.497+0000] {logging_mixin.py:188} INFO - stderr: Traceback (most recent call last):
  File "/opt/airflow/generator/ecomm_generator.py", line 4, in <module>
    from faker import Faker
ModuleNotFoundError: No module named 'faker'
[2024-06-28T18:18:30.497+0000] {python.py:237} INFO - Done. Returned value was: None
[2024-06-28T18:18:30.497+0000] {taskinstance.py:441} INFO - ::group::Post task execution logs
[2024-06-28T18:18:30.502+0000] {taskinstance.py:1206} INFO - Marking task as SUCCESS. dag_id=ecomm_data_pipeline, task_id=generate_and_insert_data, run_id=scheduled__2023-01-01T17:20:00+00:00, execution_date=20230101T172000, start_date=20240628T181830, end_date=20240628T181830
[2024-06-28T18:18:30.533+0000] {local_task_job_runner.py:240} INFO - Task exited with return code 0
[2024-06-28T18:18:30.541+0000] {taskinstance.py:3503} INFO - 0 downstream tasks scheduled from follow-on schedule check
[2024-06-28T18:18:30.541+0000] {local_task_job_runner.py:222} INFO - ::endgroup::
[2024-06-29T21:39:52.986+0000] {local_task_job_runner.py:120} INFO - ::group::Pre task execution logs
[2024-06-29T21:39:52.998+0000] {taskinstance.py:2076} INFO - Dependencies all met for dep_context=non-requeueable deps ti=<TaskInstance: ecomm_data_pipeline.generate_and_insert_data scheduled__2023-01-01T17:20:00+00:00 [queued]>
[2024-06-29T21:39:53.001+0000] {taskinstance.py:2076} INFO - Dependencies all met for dep_context=requeueable deps ti=<TaskInstance: ecomm_data_pipeline.generate_and_insert_data scheduled__2023-01-01T17:20:00+00:00 [queued]>
[2024-06-29T21:39:53.002+0000] {taskinstance.py:2306} INFO - Starting attempt 1 of 2
[2024-06-29T21:39:53.008+0000] {taskinstance.py:2330} INFO - Executing <Task(PythonOperator): generate_and_insert_data> on 2023-01-01 17:20:00+00:00
[2024-06-29T21:39:53.010+0000] {standard_task_runner.py:63} INFO - Started process 1551 to run task
[2024-06-29T21:39:53.011+0000] {standard_task_runner.py:90} INFO - Running: ['airflow', 'tasks', 'run', 'ecomm_data_pipeline', 'generate_and_insert_data', 'scheduled__2023-01-01T17:20:00+00:00', '--job-id', '106', '--raw', '--subdir', 'DAGS_FOLDER/ecomm_dag.py', '--cfg-path', '/tmp/tmparqd5zuj']
[2024-06-29T21:39:53.012+0000] {standard_task_runner.py:91} INFO - Job 106: Subtask generate_and_insert_data
[2024-06-29T21:39:53.033+0000] {task_command.py:426} INFO - Running <TaskInstance: ecomm_data_pipeline.generate_and_insert_data scheduled__2023-01-01T17:20:00+00:00 [running]> on host afcb6fbf9265
[2024-06-29T21:39:53.070+0000] {taskinstance.py:2648} INFO - Exporting env vars: AIRFLOW_CTX_DAG_OWNER='airflow' AIRFLOW_CTX_DAG_ID='ecomm_data_pipeline' AIRFLOW_CTX_TASK_ID='generate_and_insert_data' AIRFLOW_CTX_EXECUTION_DATE='2023-01-01T17:20:00+00:00' AIRFLOW_CTX_TRY_NUMBER='1' AIRFLOW_CTX_DAG_RUN_ID='scheduled__2023-01-01T17:20:00+00:00'
[2024-06-29T21:39:53.071+0000] {taskinstance.py:430} INFO - ::endgroup::
[2024-06-29T21:39:53.133+0000] {logging_mixin.py:188} INFO - Error in generate_and_insert_data: Command '['python3', '/opt/airflow/generator/ecomm_generator.py']' returned non-zero exit status 1.
[2024-06-29T21:39:53.134+0000] {logging_mixin.py:188} INFO - stdout: 
[2024-06-29T21:39:53.134+0000] {logging_mixin.py:188} INFO - stderr: Traceback (most recent call last):
  File "/opt/airflow/generator/ecomm_generator.py", line 4, in <module>
    from faker import Faker
ModuleNotFoundError: No module named 'faker'
[2024-06-29T21:39:53.134+0000] {python.py:237} INFO - Done. Returned value was: None
[2024-06-29T21:39:53.134+0000] {taskinstance.py:441} INFO - ::group::Post task execution logs
[2024-06-29T21:39:53.140+0000] {taskinstance.py:1206} INFO - Marking task as SUCCESS. dag_id=ecomm_data_pipeline, task_id=generate_and_insert_data, run_id=scheduled__2023-01-01T17:20:00+00:00, execution_date=20230101T172000, start_date=20240629T213952, end_date=20240629T213953
[2024-06-29T21:39:53.155+0000] {local_task_job_runner.py:240} INFO - Task exited with return code 0
[2024-06-29T21:39:53.163+0000] {taskinstance.py:3503} INFO - 0 downstream tasks scheduled from follow-on schedule check
[2024-06-29T21:39:53.163+0000] {local_task_job_runner.py:222} INFO - ::endgroup::
[2024-06-29T22:03:41.087+0000] {local_task_job_runner.py:120} INFO - ::group::Pre task execution logs
[2024-06-29T22:03:41.097+0000] {taskinstance.py:2076} INFO - Dependencies all met for dep_context=non-requeueable deps ti=<TaskInstance: ecomm_data_pipeline.generate_and_insert_data scheduled__2023-01-01T17:20:00+00:00 [queued]>
[2024-06-29T22:03:41.099+0000] {taskinstance.py:2076} INFO - Dependencies all met for dep_context=requeueable deps ti=<TaskInstance: ecomm_data_pipeline.generate_and_insert_data scheduled__2023-01-01T17:20:00+00:00 [queued]>
[2024-06-29T22:03:41.099+0000] {taskinstance.py:2306} INFO - Starting attempt 1 of 2
[2024-06-29T22:03:41.104+0000] {taskinstance.py:2330} INFO - Executing <Task(PythonOperator): generate_and_insert_data> on 2023-01-01 17:20:00+00:00
[2024-06-29T22:03:41.105+0000] {standard_task_runner.py:63} INFO - Started process 1551 to run task
[2024-06-29T22:03:41.106+0000] {standard_task_runner.py:90} INFO - Running: ['airflow', 'tasks', 'run', 'ecomm_data_pipeline', 'generate_and_insert_data', 'scheduled__2023-01-01T17:20:00+00:00', '--job-id', '106', '--raw', '--subdir', 'DAGS_FOLDER/ecomm_dag.py', '--cfg-path', '/tmp/tmpm4j455yd']
[2024-06-29T22:03:41.107+0000] {standard_task_runner.py:91} INFO - Job 106: Subtask generate_and_insert_data
[2024-06-29T22:03:41.124+0000] {task_command.py:426} INFO - Running <TaskInstance: ecomm_data_pipeline.generate_and_insert_data scheduled__2023-01-01T17:20:00+00:00 [running]> on host 799998b0d26e
[2024-06-29T22:03:41.152+0000] {taskinstance.py:2648} INFO - Exporting env vars: AIRFLOW_CTX_DAG_OWNER='airflow' AIRFLOW_CTX_DAG_ID='ecomm_data_pipeline' AIRFLOW_CTX_TASK_ID='generate_and_insert_data' AIRFLOW_CTX_EXECUTION_DATE='2023-01-01T17:20:00+00:00' AIRFLOW_CTX_TRY_NUMBER='1' AIRFLOW_CTX_DAG_RUN_ID='scheduled__2023-01-01T17:20:00+00:00'
[2024-06-29T22:03:41.152+0000] {taskinstance.py:430} INFO - ::endgroup::
[2024-06-29T22:03:41.209+0000] {logging_mixin.py:188} INFO - Error in generate_and_insert_data: Command '['python3', '/opt/airflow/generator/ecomm_generator.py']' returned non-zero exit status 1.
[2024-06-29T22:03:41.209+0000] {logging_mixin.py:188} INFO - stdout: 
[2024-06-29T22:03:41.210+0000] {logging_mixin.py:188} INFO - stderr: Traceback (most recent call last):
  File "/opt/airflow/generator/ecomm_generator.py", line 4, in <module>
    from faker import Faker
ModuleNotFoundError: No module named 'faker'
[2024-06-29T22:03:41.210+0000] {python.py:237} INFO - Done. Returned value was: None
[2024-06-29T22:03:41.210+0000] {taskinstance.py:441} INFO - ::group::Post task execution logs
[2024-06-29T22:03:41.215+0000] {taskinstance.py:1206} INFO - Marking task as SUCCESS. dag_id=ecomm_data_pipeline, task_id=generate_and_insert_data, run_id=scheduled__2023-01-01T17:20:00+00:00, execution_date=20230101T172000, start_date=20240629T220341, end_date=20240629T220341
[2024-06-29T22:03:41.256+0000] {local_task_job_runner.py:240} INFO - Task exited with return code 0
[2024-06-29T22:03:41.263+0000] {taskinstance.py:3503} INFO - 0 downstream tasks scheduled from follow-on schedule check
[2024-06-29T22:03:41.264+0000] {local_task_job_runner.py:222} INFO - ::endgroup::
