[2024-06-27T22:53:10.929+0000] {local_task_job_runner.py:120} INFO - ::group::Pre task execution logs
[2024-06-27T22:53:10.940+0000] {taskinstance.py:2076} INFO - Dependencies all met for dep_context=non-requeueable deps ti=<TaskInstance: example_dag.generate_and_insert_data scheduled__2023-01-01T04:50:00+00:00 [queued]>
[2024-06-27T22:53:10.942+0000] {taskinstance.py:2076} INFO - Dependencies all met for dep_context=requeueable deps ti=<TaskInstance: example_dag.generate_and_insert_data scheduled__2023-01-01T04:50:00+00:00 [queued]>
[2024-06-27T22:53:10.942+0000] {taskinstance.py:2306} INFO - Starting attempt 1 of 2
[2024-06-27T22:53:10.947+0000] {taskinstance.py:2330} INFO - Executing <Task(PythonOperator): generate_and_insert_data> on 2023-01-01 04:50:00+00:00
[2024-06-27T22:53:10.948+0000] {standard_task_runner.py:63} INFO - Started process 870 to run task
[2024-06-27T22:53:10.949+0000] {standard_task_runner.py:90} INFO - Running: ['airflow', 'tasks', 'run', 'example_dag', 'generate_and_insert_data', 'scheduled__2023-01-01T04:50:00+00:00', '--job-id', '61', '--raw', '--subdir', 'DAGS_FOLDER/example_dag.py', '--cfg-path', '/tmp/tmp_bfay95s']
[2024-06-27T22:53:10.951+0000] {standard_task_runner.py:91} INFO - Job 61: Subtask generate_and_insert_data
[2024-06-27T22:53:10.977+0000] {task_command.py:426} INFO - Running <TaskInstance: example_dag.generate_and_insert_data scheduled__2023-01-01T04:50:00+00:00 [running]> on host a70edf9d8581
[2024-06-27T22:53:11.016+0000] {taskinstance.py:2648} INFO - Exporting env vars: AIRFLOW_CTX_DAG_OWNER='airflow' AIRFLOW_CTX_DAG_ID='example_dag' AIRFLOW_CTX_TASK_ID='generate_and_insert_data' AIRFLOW_CTX_EXECUTION_DATE='2023-01-01T04:50:00+00:00' AIRFLOW_CTX_TRY_NUMBER='1' AIRFLOW_CTX_DAG_RUN_ID='scheduled__2023-01-01T04:50:00+00:00'
[2024-06-27T22:53:11.016+0000] {taskinstance.py:430} INFO - ::endgroup::
[2024-06-27T22:53:11.021+0000] {python.py:237} INFO - Done. Returned value was: None
[2024-06-27T22:53:11.022+0000] {taskinstance.py:441} INFO - ::group::Post task execution logs
[2024-06-27T22:53:11.029+0000] {taskinstance.py:1206} INFO - Marking task as SUCCESS. dag_id=example_dag, task_id=generate_and_insert_data, run_id=scheduled__2023-01-01T04:50:00+00:00, execution_date=20230101T045000, start_date=20240627T225310, end_date=20240627T225311
[2024-06-27T22:53:11.051+0000] {local_task_job_runner.py:240} INFO - Task exited with return code 0
[2024-06-27T22:53:11.060+0000] {taskinstance.py:3503} INFO - 0 downstream tasks scheduled from follow-on schedule check
[2024-06-27T22:53:11.061+0000] {local_task_job_runner.py:222} INFO - ::endgroup::
[2024-06-28T18:14:26.991+0000] {local_task_job_runner.py:120} INFO - ::group::Pre task execution logs
[2024-06-28T18:14:27.002+0000] {taskinstance.py:2076} INFO - Dependencies all met for dep_context=non-requeueable deps ti=<TaskInstance: example_dag.generate_and_insert_data scheduled__2023-01-01T04:50:00+00:00 [queued]>
[2024-06-28T18:14:27.005+0000] {taskinstance.py:2076} INFO - Dependencies all met for dep_context=requeueable deps ti=<TaskInstance: example_dag.generate_and_insert_data scheduled__2023-01-01T04:50:00+00:00 [queued]>
[2024-06-28T18:14:27.005+0000] {taskinstance.py:2306} INFO - Starting attempt 1 of 2
[2024-06-28T18:14:27.016+0000] {taskinstance.py:2330} INFO - Executing <Task(PythonOperator): generate_and_insert_data> on 2023-01-01 04:50:00+00:00
[2024-06-28T18:14:27.018+0000] {standard_task_runner.py:63} INFO - Started process 856 to run task
[2024-06-28T18:14:27.019+0000] {standard_task_runner.py:90} INFO - Running: ['airflow', 'tasks', 'run', 'example_dag', 'generate_and_insert_data', 'scheduled__2023-01-01T04:50:00+00:00', '--job-id', '60', '--raw', '--subdir', 'DAGS_FOLDER/example_dag.py', '--cfg-path', '/tmp/tmpn7czgdvh']
[2024-06-28T18:14:27.020+0000] {standard_task_runner.py:91} INFO - Job 60: Subtask generate_and_insert_data
[2024-06-28T18:14:27.037+0000] {task_command.py:426} INFO - Running <TaskInstance: example_dag.generate_and_insert_data scheduled__2023-01-01T04:50:00+00:00 [running]> on host 08cefd381a1f
[2024-06-28T18:14:27.065+0000] {taskinstance.py:2648} INFO - Exporting env vars: AIRFLOW_CTX_DAG_OWNER='airflow' AIRFLOW_CTX_DAG_ID='example_dag' AIRFLOW_CTX_TASK_ID='generate_and_insert_data' AIRFLOW_CTX_EXECUTION_DATE='2023-01-01T04:50:00+00:00' AIRFLOW_CTX_TRY_NUMBER='1' AIRFLOW_CTX_DAG_RUN_ID='scheduled__2023-01-01T04:50:00+00:00'
[2024-06-28T18:14:27.066+0000] {taskinstance.py:430} INFO - ::endgroup::
[2024-06-28T18:14:27.070+0000] {python.py:237} INFO - Done. Returned value was: None
[2024-06-28T18:14:27.070+0000] {taskinstance.py:441} INFO - ::group::Post task execution logs
[2024-06-28T18:14:27.074+0000] {taskinstance.py:1206} INFO - Marking task as SUCCESS. dag_id=example_dag, task_id=generate_and_insert_data, run_id=scheduled__2023-01-01T04:50:00+00:00, execution_date=20230101T045000, start_date=20240628T181427, end_date=20240628T181427
[2024-06-28T18:14:27.079+0000] {local_task_job_runner.py:240} INFO - Task exited with return code 0
[2024-06-28T18:14:27.085+0000] {taskinstance.py:3503} INFO - 0 downstream tasks scheduled from follow-on schedule check
[2024-06-28T18:14:27.086+0000] {local_task_job_runner.py:222} INFO - ::endgroup::
