[2024-06-27T22:32:57.317+0000] {local_task_job_runner.py:120} INFO - ::group::Pre task execution logs
[2024-06-27T22:32:57.328+0000] {taskinstance.py:2076} INFO - Dependencies all met for dep_context=non-requeueable deps ti=<TaskInstance: ecomm_data_pipeline.generate_and_insert_data scheduled__2023-01-01T00:30:00+00:00 [queued]>
[2024-06-27T22:32:57.330+0000] {taskinstance.py:2076} INFO - Dependencies all met for dep_context=requeueable deps ti=<TaskInstance: ecomm_data_pipeline.generate_and_insert_data scheduled__2023-01-01T00:30:00+00:00 [queued]>
[2024-06-27T22:32:57.331+0000] {taskinstance.py:2306} INFO - Starting attempt 1 of 2
[2024-06-27T22:32:57.336+0000] {taskinstance.py:2330} INFO - Executing <Task(PythonOperator): generate_and_insert_data> on 2023-01-01 00:30:00+00:00
[2024-06-27T22:32:57.337+0000] {standard_task_runner.py:63} INFO - Started process 124 to run task
[2024-06-27T22:32:57.338+0000] {standard_task_runner.py:90} INFO - Running: ['airflow', 'tasks', 'run', 'ecomm_data_pipeline', 'generate_and_insert_data', 'scheduled__2023-01-01T00:30:00+00:00', '--job-id', '8', '--raw', '--subdir', 'DAGS_FOLDER/ecomm_dag.py', '--cfg-path', '/tmp/tmp2uob2uox']
[2024-06-27T22:32:57.339+0000] {standard_task_runner.py:91} INFO - Job 8: Subtask generate_and_insert_data
[2024-06-27T22:32:57.357+0000] {task_command.py:426} INFO - Running <TaskInstance: ecomm_data_pipeline.generate_and_insert_data scheduled__2023-01-01T00:30:00+00:00 [running]> on host 9174587f6b1d
[2024-06-27T22:32:57.389+0000] {taskinstance.py:2648} INFO - Exporting env vars: AIRFLOW_CTX_DAG_OWNER='airflow' AIRFLOW_CTX_DAG_ID='ecomm_data_pipeline' AIRFLOW_CTX_TASK_ID='generate_and_insert_data' AIRFLOW_CTX_EXECUTION_DATE='2023-01-01T00:30:00+00:00' AIRFLOW_CTX_TRY_NUMBER='1' AIRFLOW_CTX_DAG_RUN_ID='scheduled__2023-01-01T00:30:00+00:00'
[2024-06-27T22:32:57.390+0000] {taskinstance.py:430} INFO - ::endgroup::
[2024-06-27T22:32:57.423+0000] {logging_mixin.py:188} INFO - Error in generate_and_insert_data: Command '['python3', './generator/ecomm_generator.py']' returned non-zero exit status 2.
[2024-06-27T22:32:57.423+0000] {python.py:237} INFO - Done. Returned value was: None
[2024-06-27T22:32:57.424+0000] {taskinstance.py:441} INFO - ::group::Post task execution logs
[2024-06-27T22:32:57.429+0000] {taskinstance.py:1206} INFO - Marking task as SUCCESS. dag_id=ecomm_data_pipeline, task_id=generate_and_insert_data, run_id=scheduled__2023-01-01T00:30:00+00:00, execution_date=20230101T003000, start_date=20240627T223257, end_date=20240627T223257
[2024-06-27T22:32:57.440+0000] {local_task_job_runner.py:240} INFO - Task exited with return code 0
[2024-06-27T22:32:57.447+0000] {taskinstance.py:3503} INFO - 0 downstream tasks scheduled from follow-on schedule check
[2024-06-27T22:32:57.447+0000] {local_task_job_runner.py:222} INFO - ::endgroup::
[2024-06-27T22:51:47.544+0000] {local_task_job_runner.py:120} INFO - ::group::Pre task execution logs
[2024-06-27T22:51:47.554+0000] {taskinstance.py:2076} INFO - Dependencies all met for dep_context=non-requeueable deps ti=<TaskInstance: ecomm_data_pipeline.generate_and_insert_data scheduled__2023-01-01T00:30:00+00:00 [queued]>
[2024-06-27T22:51:47.556+0000] {taskinstance.py:2076} INFO - Dependencies all met for dep_context=requeueable deps ti=<TaskInstance: ecomm_data_pipeline.generate_and_insert_data scheduled__2023-01-01T00:30:00+00:00 [queued]>
[2024-06-27T22:51:47.556+0000] {taskinstance.py:2306} INFO - Starting attempt 1 of 2
[2024-06-27T22:51:47.561+0000] {taskinstance.py:2330} INFO - Executing <Task(PythonOperator): generate_and_insert_data> on 2023-01-01 00:30:00+00:00
[2024-06-27T22:51:47.562+0000] {standard_task_runner.py:63} INFO - Started process 124 to run task
[2024-06-27T22:51:47.563+0000] {standard_task_runner.py:90} INFO - Running: ['airflow', 'tasks', 'run', 'ecomm_data_pipeline', 'generate_and_insert_data', 'scheduled__2023-01-01T00:30:00+00:00', '--job-id', '8', '--raw', '--subdir', 'DAGS_FOLDER/ecomm_dag.py', '--cfg-path', '/tmp/tmp72mgwx23']
[2024-06-27T22:51:47.564+0000] {standard_task_runner.py:91} INFO - Job 8: Subtask generate_and_insert_data
[2024-06-27T22:51:47.580+0000] {task_command.py:426} INFO - Running <TaskInstance: ecomm_data_pipeline.generate_and_insert_data scheduled__2023-01-01T00:30:00+00:00 [running]> on host a70edf9d8581
[2024-06-27T22:51:47.607+0000] {taskinstance.py:2648} INFO - Exporting env vars: AIRFLOW_CTX_DAG_OWNER='airflow' AIRFLOW_CTX_DAG_ID='ecomm_data_pipeline' AIRFLOW_CTX_TASK_ID='generate_and_insert_data' AIRFLOW_CTX_EXECUTION_DATE='2023-01-01T00:30:00+00:00' AIRFLOW_CTX_TRY_NUMBER='1' AIRFLOW_CTX_DAG_RUN_ID='scheduled__2023-01-01T00:30:00+00:00'
[2024-06-27T22:51:47.607+0000] {taskinstance.py:430} INFO - ::endgroup::
[2024-06-27T22:51:47.639+0000] {logging_mixin.py:188} INFO - Error in generate_and_insert_data: Command '['python3', './generator/ecomm_generator.py']' returned non-zero exit status 2.
[2024-06-27T22:51:47.639+0000] {logging_mixin.py:188} INFO - stdout: 
[2024-06-27T22:51:47.639+0000] {logging_mixin.py:188} INFO - stderr: python3: can't open file '/opt/airflow/./generator/ecomm_generator.py': [Errno 2] No such file or directory
[2024-06-27T22:51:47.639+0000] {python.py:237} INFO - Done. Returned value was: None
[2024-06-27T22:51:47.639+0000] {taskinstance.py:441} INFO - ::group::Post task execution logs
[2024-06-27T22:51:47.644+0000] {taskinstance.py:1206} INFO - Marking task as SUCCESS. dag_id=ecomm_data_pipeline, task_id=generate_and_insert_data, run_id=scheduled__2023-01-01T00:30:00+00:00, execution_date=20230101T003000, start_date=20240627T225147, end_date=20240627T225147
[2024-06-27T22:51:47.666+0000] {local_task_job_runner.py:240} INFO - Task exited with return code 0
[2024-06-27T22:51:47.672+0000] {taskinstance.py:3503} INFO - 0 downstream tasks scheduled from follow-on schedule check
[2024-06-27T22:51:47.673+0000] {local_task_job_runner.py:222} INFO - ::endgroup::
[2024-06-27T22:59:30.771+0000] {local_task_job_runner.py:120} INFO - ::group::Pre task execution logs
[2024-06-27T22:59:30.781+0000] {taskinstance.py:2076} INFO - Dependencies all met for dep_context=non-requeueable deps ti=<TaskInstance: ecomm_data_pipeline.generate_and_insert_data scheduled__2023-01-01T00:30:00+00:00 [queued]>
[2024-06-27T22:59:30.783+0000] {taskinstance.py:2076} INFO - Dependencies all met for dep_context=requeueable deps ti=<TaskInstance: ecomm_data_pipeline.generate_and_insert_data scheduled__2023-01-01T00:30:00+00:00 [queued]>
[2024-06-27T22:59:30.784+0000] {taskinstance.py:2306} INFO - Starting attempt 1 of 2
[2024-06-27T22:59:30.788+0000] {taskinstance.py:2330} INFO - Executing <Task(PythonOperator): generate_and_insert_data> on 2023-01-01 00:30:00+00:00
[2024-06-27T22:59:30.790+0000] {standard_task_runner.py:63} INFO - Started process 124 to run task
[2024-06-27T22:59:30.791+0000] {standard_task_runner.py:90} INFO - Running: ['airflow', 'tasks', 'run', 'ecomm_data_pipeline', 'generate_and_insert_data', 'scheduled__2023-01-01T00:30:00+00:00', '--job-id', '8', '--raw', '--subdir', 'DAGS_FOLDER/ecomm_dag.py', '--cfg-path', '/tmp/tmp24psdbjl']
[2024-06-27T22:59:30.792+0000] {standard_task_runner.py:91} INFO - Job 8: Subtask generate_and_insert_data
[2024-06-27T22:59:30.809+0000] {task_command.py:426} INFO - Running <TaskInstance: ecomm_data_pipeline.generate_and_insert_data scheduled__2023-01-01T00:30:00+00:00 [running]> on host 5cc71d4b298c
[2024-06-27T22:59:30.837+0000] {taskinstance.py:2648} INFO - Exporting env vars: AIRFLOW_CTX_DAG_OWNER='airflow' AIRFLOW_CTX_DAG_ID='ecomm_data_pipeline' AIRFLOW_CTX_TASK_ID='generate_and_insert_data' AIRFLOW_CTX_EXECUTION_DATE='2023-01-01T00:30:00+00:00' AIRFLOW_CTX_TRY_NUMBER='1' AIRFLOW_CTX_DAG_RUN_ID='scheduled__2023-01-01T00:30:00+00:00'
[2024-06-27T22:59:30.838+0000] {taskinstance.py:430} INFO - ::endgroup::
[2024-06-27T22:59:30.892+0000] {logging_mixin.py:188} INFO - Error in generate_and_insert_data: Command '['python3', '/opt/airflow/generator/ecomm_generator.py']' returned non-zero exit status 1.
[2024-06-27T22:59:30.893+0000] {logging_mixin.py:188} INFO - stdout: 
[2024-06-27T22:59:30.893+0000] {logging_mixin.py:188} INFO - stderr: Traceback (most recent call last):
  File "/opt/airflow/generator/ecomm_generator.py", line 4, in <module>
    from faker import Faker
ModuleNotFoundError: No module named 'faker'
[2024-06-27T22:59:30.893+0000] {python.py:237} INFO - Done. Returned value was: None
[2024-06-27T22:59:30.893+0000] {taskinstance.py:441} INFO - ::group::Post task execution logs
[2024-06-27T22:59:30.898+0000] {taskinstance.py:1206} INFO - Marking task as SUCCESS. dag_id=ecomm_data_pipeline, task_id=generate_and_insert_data, run_id=scheduled__2023-01-01T00:30:00+00:00, execution_date=20230101T003000, start_date=20240627T225930, end_date=20240627T225930
[2024-06-27T22:59:30.939+0000] {local_task_job_runner.py:240} INFO - Task exited with return code 0
[2024-06-27T22:59:30.946+0000] {taskinstance.py:3503} INFO - 0 downstream tasks scheduled from follow-on schedule check
[2024-06-27T22:59:30.947+0000] {local_task_job_runner.py:222} INFO - ::endgroup::
[2024-06-27T23:09:10.202+0000] {local_task_job_runner.py:120} INFO - ::group::Pre task execution logs
[2024-06-27T23:09:10.212+0000] {taskinstance.py:2076} INFO - Dependencies all met for dep_context=non-requeueable deps ti=<TaskInstance: ecomm_data_pipeline.generate_and_insert_data scheduled__2023-01-01T00:30:00+00:00 [queued]>
[2024-06-27T23:09:10.215+0000] {taskinstance.py:2076} INFO - Dependencies all met for dep_context=requeueable deps ti=<TaskInstance: ecomm_data_pipeline.generate_and_insert_data scheduled__2023-01-01T00:30:00+00:00 [queued]>
[2024-06-27T23:09:10.215+0000] {taskinstance.py:2306} INFO - Starting attempt 1 of 2
[2024-06-27T23:09:10.220+0000] {taskinstance.py:2330} INFO - Executing <Task(PythonOperator): generate_and_insert_data> on 2023-01-01 00:30:00+00:00
[2024-06-27T23:09:10.221+0000] {standard_task_runner.py:63} INFO - Started process 124 to run task
[2024-06-27T23:09:10.222+0000] {standard_task_runner.py:90} INFO - Running: ['airflow', 'tasks', 'run', 'ecomm_data_pipeline', 'generate_and_insert_data', 'scheduled__2023-01-01T00:30:00+00:00', '--job-id', '8', '--raw', '--subdir', 'DAGS_FOLDER/ecomm_dag.py', '--cfg-path', '/tmp/tmpp8t8jht4']
[2024-06-27T23:09:10.223+0000] {standard_task_runner.py:91} INFO - Job 8: Subtask generate_and_insert_data
[2024-06-27T23:09:10.240+0000] {task_command.py:426} INFO - Running <TaskInstance: ecomm_data_pipeline.generate_and_insert_data scheduled__2023-01-01T00:30:00+00:00 [running]> on host 7147f8a4dc9f
[2024-06-27T23:09:10.268+0000] {taskinstance.py:2648} INFO - Exporting env vars: AIRFLOW_CTX_DAG_OWNER='airflow' AIRFLOW_CTX_DAG_ID='ecomm_data_pipeline' AIRFLOW_CTX_TASK_ID='generate_and_insert_data' AIRFLOW_CTX_EXECUTION_DATE='2023-01-01T00:30:00+00:00' AIRFLOW_CTX_TRY_NUMBER='1' AIRFLOW_CTX_DAG_RUN_ID='scheduled__2023-01-01T00:30:00+00:00'
[2024-06-27T23:09:10.268+0000] {taskinstance.py:430} INFO - ::endgroup::
[2024-06-27T23:09:10.323+0000] {logging_mixin.py:188} INFO - Error in generate_and_insert_data: Command '['python3', '/opt/airflow/generator/ecomm_generator.py']' returned non-zero exit status 1.
[2024-06-27T23:09:10.324+0000] {logging_mixin.py:188} INFO - stdout: 
[2024-06-27T23:09:10.324+0000] {logging_mixin.py:188} INFO - stderr: Traceback (most recent call last):
  File "/opt/airflow/generator/ecomm_generator.py", line 4, in <module>
    from faker import Faker
ModuleNotFoundError: No module named 'faker'
[2024-06-27T23:09:10.324+0000] {python.py:237} INFO - Done. Returned value was: None
[2024-06-27T23:09:10.324+0000] {taskinstance.py:441} INFO - ::group::Post task execution logs
[2024-06-27T23:09:10.329+0000] {taskinstance.py:1206} INFO - Marking task as SUCCESS. dag_id=ecomm_data_pipeline, task_id=generate_and_insert_data, run_id=scheduled__2023-01-01T00:30:00+00:00, execution_date=20230101T003000, start_date=20240627T230910, end_date=20240627T230910
[2024-06-27T23:09:10.366+0000] {local_task_job_runner.py:240} INFO - Task exited with return code 0
[2024-06-27T23:09:10.373+0000] {taskinstance.py:3503} INFO - 0 downstream tasks scheduled from follow-on schedule check
[2024-06-27T23:09:10.373+0000] {local_task_job_runner.py:222} INFO - ::endgroup::
[2024-06-27T23:12:48.049+0000] {local_task_job_runner.py:120} INFO - ::group::Pre task execution logs
[2024-06-27T23:12:48.058+0000] {taskinstance.py:2076} INFO - Dependencies all met for dep_context=non-requeueable deps ti=<TaskInstance: ecomm_data_pipeline.generate_and_insert_data scheduled__2023-01-01T00:30:00+00:00 [queued]>
[2024-06-27T23:12:48.061+0000] {taskinstance.py:2076} INFO - Dependencies all met for dep_context=requeueable deps ti=<TaskInstance: ecomm_data_pipeline.generate_and_insert_data scheduled__2023-01-01T00:30:00+00:00 [queued]>
[2024-06-27T23:12:48.061+0000] {taskinstance.py:2306} INFO - Starting attempt 1 of 2
[2024-06-27T23:12:48.066+0000] {taskinstance.py:2330} INFO - Executing <Task(PythonOperator): generate_and_insert_data> on 2023-01-01 00:30:00+00:00
[2024-06-27T23:12:48.067+0000] {standard_task_runner.py:63} INFO - Started process 124 to run task
[2024-06-27T23:12:48.068+0000] {standard_task_runner.py:90} INFO - Running: ['airflow', 'tasks', 'run', 'ecomm_data_pipeline', 'generate_and_insert_data', 'scheduled__2023-01-01T00:30:00+00:00', '--job-id', '8', '--raw', '--subdir', 'DAGS_FOLDER/ecomm_dag.py', '--cfg-path', '/tmp/tmplxkf3_8c']
[2024-06-27T23:12:48.069+0000] {standard_task_runner.py:91} INFO - Job 8: Subtask generate_and_insert_data
[2024-06-27T23:12:48.085+0000] {task_command.py:426} INFO - Running <TaskInstance: ecomm_data_pipeline.generate_and_insert_data scheduled__2023-01-01T00:30:00+00:00 [running]> on host 4bd55eb76a74
[2024-06-27T23:12:48.113+0000] {taskinstance.py:2648} INFO - Exporting env vars: AIRFLOW_CTX_DAG_OWNER='airflow' AIRFLOW_CTX_DAG_ID='ecomm_data_pipeline' AIRFLOW_CTX_TASK_ID='generate_and_insert_data' AIRFLOW_CTX_EXECUTION_DATE='2023-01-01T00:30:00+00:00' AIRFLOW_CTX_TRY_NUMBER='1' AIRFLOW_CTX_DAG_RUN_ID='scheduled__2023-01-01T00:30:00+00:00'
[2024-06-27T23:12:48.114+0000] {taskinstance.py:430} INFO - ::endgroup::
[2024-06-27T23:12:48.171+0000] {logging_mixin.py:188} INFO - Error in generate_and_insert_data: Command '['python3', '/opt/airflow/generator/ecomm_generator.py']' returned non-zero exit status 1.
[2024-06-27T23:12:48.171+0000] {logging_mixin.py:188} INFO - stdout: 
[2024-06-27T23:12:48.171+0000] {logging_mixin.py:188} INFO - stderr: Traceback (most recent call last):
  File "/opt/airflow/generator/ecomm_generator.py", line 4, in <module>
    from faker import Faker
ModuleNotFoundError: No module named 'faker'
[2024-06-27T23:12:48.172+0000] {python.py:237} INFO - Done. Returned value was: None
[2024-06-27T23:12:48.172+0000] {taskinstance.py:441} INFO - ::group::Post task execution logs
[2024-06-27T23:12:48.177+0000] {taskinstance.py:1206} INFO - Marking task as SUCCESS. dag_id=ecomm_data_pipeline, task_id=generate_and_insert_data, run_id=scheduled__2023-01-01T00:30:00+00:00, execution_date=20230101T003000, start_date=20240627T231248, end_date=20240627T231248
[2024-06-27T23:12:48.209+0000] {local_task_job_runner.py:240} INFO - Task exited with return code 0
[2024-06-27T23:12:48.215+0000] {taskinstance.py:3503} INFO - 0 downstream tasks scheduled from follow-on schedule check
[2024-06-27T23:12:48.216+0000] {local_task_job_runner.py:222} INFO - ::endgroup::
[2024-06-27T23:18:42.128+0000] {local_task_job_runner.py:120} INFO - ::group::Pre task execution logs
[2024-06-27T23:18:42.139+0000] {taskinstance.py:2076} INFO - Dependencies all met for dep_context=non-requeueable deps ti=<TaskInstance: ecomm_data_pipeline.generate_and_insert_data scheduled__2023-01-01T00:30:00+00:00 [queued]>
[2024-06-27T23:18:42.142+0000] {taskinstance.py:2076} INFO - Dependencies all met for dep_context=requeueable deps ti=<TaskInstance: ecomm_data_pipeline.generate_and_insert_data scheduled__2023-01-01T00:30:00+00:00 [queued]>
[2024-06-27T23:18:42.142+0000] {taskinstance.py:2306} INFO - Starting attempt 1 of 2
[2024-06-27T23:18:42.147+0000] {taskinstance.py:2330} INFO - Executing <Task(PythonOperator): generate_and_insert_data> on 2023-01-01 00:30:00+00:00
[2024-06-27T23:18:42.149+0000] {standard_task_runner.py:63} INFO - Started process 124 to run task
[2024-06-27T23:18:42.150+0000] {standard_task_runner.py:90} INFO - Running: ['airflow', 'tasks', 'run', 'ecomm_data_pipeline', 'generate_and_insert_data', 'scheduled__2023-01-01T00:30:00+00:00', '--job-id', '8', '--raw', '--subdir', 'DAGS_FOLDER/ecomm_dag.py', '--cfg-path', '/tmp/tmp_kbyyuo8']
[2024-06-27T23:18:42.151+0000] {standard_task_runner.py:91} INFO - Job 8: Subtask generate_and_insert_data
[2024-06-27T23:18:42.168+0000] {task_command.py:426} INFO - Running <TaskInstance: ecomm_data_pipeline.generate_and_insert_data scheduled__2023-01-01T00:30:00+00:00 [running]> on host 73964f870a02
[2024-06-27T23:18:42.203+0000] {taskinstance.py:2648} INFO - Exporting env vars: AIRFLOW_CTX_DAG_OWNER='airflow' AIRFLOW_CTX_DAG_ID='ecomm_data_pipeline' AIRFLOW_CTX_TASK_ID='generate_and_insert_data' AIRFLOW_CTX_EXECUTION_DATE='2023-01-01T00:30:00+00:00' AIRFLOW_CTX_TRY_NUMBER='1' AIRFLOW_CTX_DAG_RUN_ID='scheduled__2023-01-01T00:30:00+00:00'
[2024-06-27T23:18:42.204+0000] {taskinstance.py:430} INFO - ::endgroup::
[2024-06-27T23:18:42.265+0000] {logging_mixin.py:188} INFO - Error in generate_and_insert_data: Command '['python3', '/opt/airflow/generator/ecomm_generator.py']' returned non-zero exit status 1.
[2024-06-27T23:18:42.266+0000] {logging_mixin.py:188} INFO - stdout: 
[2024-06-27T23:18:42.266+0000] {logging_mixin.py:188} INFO - stderr: Traceback (most recent call last):
  File "/opt/airflow/generator/ecomm_generator.py", line 4, in <module>
    from faker import Faker
ModuleNotFoundError: No module named 'faker'
[2024-06-27T23:18:42.266+0000] {python.py:237} INFO - Done. Returned value was: None
[2024-06-27T23:18:42.266+0000] {taskinstance.py:441} INFO - ::group::Post task execution logs
[2024-06-27T23:18:42.271+0000] {taskinstance.py:1206} INFO - Marking task as SUCCESS. dag_id=ecomm_data_pipeline, task_id=generate_and_insert_data, run_id=scheduled__2023-01-01T00:30:00+00:00, execution_date=20230101T003000, start_date=20240627T231842, end_date=20240627T231842
[2024-06-27T23:18:42.292+0000] {local_task_job_runner.py:240} INFO - Task exited with return code 0
[2024-06-27T23:18:42.299+0000] {taskinstance.py:3503} INFO - 0 downstream tasks scheduled from follow-on schedule check
[2024-06-27T23:18:42.299+0000] {local_task_job_runner.py:222} INFO - ::endgroup::
[2024-06-28T18:13:05.709+0000] {local_task_job_runner.py:120} INFO - ::group::Pre task execution logs
[2024-06-28T18:13:05.719+0000] {taskinstance.py:2076} INFO - Dependencies all met for dep_context=non-requeueable deps ti=<TaskInstance: ecomm_data_pipeline.generate_and_insert_data scheduled__2023-01-01T00:30:00+00:00 [queued]>
[2024-06-28T18:13:05.721+0000] {taskinstance.py:2076} INFO - Dependencies all met for dep_context=requeueable deps ti=<TaskInstance: ecomm_data_pipeline.generate_and_insert_data scheduled__2023-01-01T00:30:00+00:00 [queued]>
[2024-06-28T18:13:05.721+0000] {taskinstance.py:2306} INFO - Starting attempt 1 of 2
[2024-06-28T18:13:05.726+0000] {taskinstance.py:2330} INFO - Executing <Task(PythonOperator): generate_and_insert_data> on 2023-01-01 00:30:00+00:00
[2024-06-28T18:13:05.727+0000] {standard_task_runner.py:63} INFO - Started process 124 to run task
[2024-06-28T18:13:05.728+0000] {standard_task_runner.py:90} INFO - Running: ['airflow', 'tasks', 'run', 'ecomm_data_pipeline', 'generate_and_insert_data', 'scheduled__2023-01-01T00:30:00+00:00', '--job-id', '8', '--raw', '--subdir', 'DAGS_FOLDER/ecomm_dag.py', '--cfg-path', '/tmp/tmpvs_ep1on']
[2024-06-28T18:13:05.729+0000] {standard_task_runner.py:91} INFO - Job 8: Subtask generate_and_insert_data
[2024-06-28T18:13:05.745+0000] {task_command.py:426} INFO - Running <TaskInstance: ecomm_data_pipeline.generate_and_insert_data scheduled__2023-01-01T00:30:00+00:00 [running]> on host 08cefd381a1f
[2024-06-28T18:13:05.773+0000] {taskinstance.py:2648} INFO - Exporting env vars: AIRFLOW_CTX_DAG_OWNER='airflow' AIRFLOW_CTX_DAG_ID='ecomm_data_pipeline' AIRFLOW_CTX_TASK_ID='generate_and_insert_data' AIRFLOW_CTX_EXECUTION_DATE='2023-01-01T00:30:00+00:00' AIRFLOW_CTX_TRY_NUMBER='1' AIRFLOW_CTX_DAG_RUN_ID='scheduled__2023-01-01T00:30:00+00:00'
[2024-06-28T18:13:05.774+0000] {taskinstance.py:430} INFO - ::endgroup::
[2024-06-28T18:13:05.828+0000] {logging_mixin.py:188} INFO - Error in generate_and_insert_data: Command '['python3', '/opt/airflow/generator/ecomm_generator.py']' returned non-zero exit status 1.
[2024-06-28T18:13:05.828+0000] {logging_mixin.py:188} INFO - stdout: 
[2024-06-28T18:13:05.828+0000] {logging_mixin.py:188} INFO - stderr: Traceback (most recent call last):
  File "/opt/airflow/generator/ecomm_generator.py", line 4, in <module>
    from faker import Faker
ModuleNotFoundError: No module named 'faker'
[2024-06-28T18:13:05.829+0000] {python.py:237} INFO - Done. Returned value was: None
[2024-06-28T18:13:05.829+0000] {taskinstance.py:441} INFO - ::group::Post task execution logs
[2024-06-28T18:13:05.833+0000] {taskinstance.py:1206} INFO - Marking task as SUCCESS. dag_id=ecomm_data_pipeline, task_id=generate_and_insert_data, run_id=scheduled__2023-01-01T00:30:00+00:00, execution_date=20230101T003000, start_date=20240628T181305, end_date=20240628T181305
[2024-06-28T18:13:05.874+0000] {local_task_job_runner.py:240} INFO - Task exited with return code 0
[2024-06-28T18:13:05.881+0000] {taskinstance.py:3503} INFO - 0 downstream tasks scheduled from follow-on schedule check
[2024-06-28T18:13:05.881+0000] {local_task_job_runner.py:222} INFO - ::endgroup::
[2024-06-28T18:20:20.050+0000] {local_task_job_runner.py:120} INFO - ::group::Pre task execution logs
[2024-06-28T18:20:20.060+0000] {taskinstance.py:2076} INFO - Dependencies all met for dep_context=non-requeueable deps ti=<TaskInstance: ecomm_data_pipeline.generate_and_insert_data scheduled__2023-01-01T00:30:00+00:00 [queued]>
[2024-06-28T18:20:20.062+0000] {taskinstance.py:2076} INFO - Dependencies all met for dep_context=requeueable deps ti=<TaskInstance: ecomm_data_pipeline.generate_and_insert_data scheduled__2023-01-01T00:30:00+00:00 [queued]>
[2024-06-28T18:20:20.062+0000] {taskinstance.py:2306} INFO - Starting attempt 1 of 2
[2024-06-28T18:20:20.067+0000] {taskinstance.py:2330} INFO - Executing <Task(PythonOperator): generate_and_insert_data> on 2023-01-01 00:30:00+00:00
[2024-06-28T18:20:20.068+0000] {standard_task_runner.py:63} INFO - Started process 124 to run task
[2024-06-28T18:20:20.069+0000] {standard_task_runner.py:90} INFO - Running: ['airflow', 'tasks', 'run', 'ecomm_data_pipeline', 'generate_and_insert_data', 'scheduled__2023-01-01T00:30:00+00:00', '--job-id', '8', '--raw', '--subdir', 'DAGS_FOLDER/ecomm_dag.py', '--cfg-path', '/tmp/tmpjkmie836']
[2024-06-28T18:20:20.070+0000] {standard_task_runner.py:91} INFO - Job 8: Subtask generate_and_insert_data
[2024-06-28T18:20:20.086+0000] {task_command.py:426} INFO - Running <TaskInstance: ecomm_data_pipeline.generate_and_insert_data scheduled__2023-01-01T00:30:00+00:00 [running]> on host 6570e5857071
[2024-06-28T18:20:20.114+0000] {taskinstance.py:2648} INFO - Exporting env vars: AIRFLOW_CTX_DAG_OWNER='airflow' AIRFLOW_CTX_DAG_ID='ecomm_data_pipeline' AIRFLOW_CTX_TASK_ID='generate_and_insert_data' AIRFLOW_CTX_EXECUTION_DATE='2023-01-01T00:30:00+00:00' AIRFLOW_CTX_TRY_NUMBER='1' AIRFLOW_CTX_DAG_RUN_ID='scheduled__2023-01-01T00:30:00+00:00'
[2024-06-28T18:20:20.114+0000] {taskinstance.py:430} INFO - ::endgroup::
[2024-06-28T18:20:20.170+0000] {logging_mixin.py:188} INFO - Error in generate_and_insert_data: Command '['python3', '/opt/airflow/generator/ecomm_generator.py']' returned non-zero exit status 1.
[2024-06-28T18:20:20.171+0000] {logging_mixin.py:188} INFO - stdout: 
[2024-06-28T18:20:20.171+0000] {logging_mixin.py:188} INFO - stderr: Traceback (most recent call last):
  File "/opt/airflow/generator/ecomm_generator.py", line 4, in <module>
    from faker import Faker
ModuleNotFoundError: No module named 'faker'
[2024-06-28T18:20:20.171+0000] {python.py:237} INFO - Done. Returned value was: None
[2024-06-28T18:20:20.171+0000] {taskinstance.py:441} INFO - ::group::Post task execution logs
[2024-06-28T18:20:20.176+0000] {taskinstance.py:1206} INFO - Marking task as SUCCESS. dag_id=ecomm_data_pipeline, task_id=generate_and_insert_data, run_id=scheduled__2023-01-01T00:30:00+00:00, execution_date=20230101T003000, start_date=20240628T182020, end_date=20240628T182020
[2024-06-28T18:20:20.212+0000] {local_task_job_runner.py:240} INFO - Task exited with return code 0
[2024-06-28T18:20:20.220+0000] {taskinstance.py:3503} INFO - 0 downstream tasks scheduled from follow-on schedule check
[2024-06-28T18:20:20.220+0000] {local_task_job_runner.py:222} INFO - ::endgroup::
[2024-06-28T18:30:22.030+0000] {local_task_job_runner.py:120} INFO - ::group::Pre task execution logs
[2024-06-28T18:30:22.040+0000] {taskinstance.py:2076} INFO - Dependencies all met for dep_context=non-requeueable deps ti=<TaskInstance: ecomm_data_pipeline.generate_and_insert_data scheduled__2023-01-01T00:30:00+00:00 [queued]>
[2024-06-28T18:30:22.042+0000] {taskinstance.py:2076} INFO - Dependencies all met for dep_context=requeueable deps ti=<TaskInstance: ecomm_data_pipeline.generate_and_insert_data scheduled__2023-01-01T00:30:00+00:00 [queued]>
[2024-06-28T18:30:22.042+0000] {taskinstance.py:2306} INFO - Starting attempt 1 of 2
[2024-06-28T18:30:22.047+0000] {taskinstance.py:2330} INFO - Executing <Task(PythonOperator): generate_and_insert_data> on 2023-01-01 00:30:00+00:00
[2024-06-28T18:30:22.048+0000] {standard_task_runner.py:63} INFO - Started process 124 to run task
[2024-06-28T18:30:22.049+0000] {standard_task_runner.py:90} INFO - Running: ['airflow', 'tasks', 'run', 'ecomm_data_pipeline', 'generate_and_insert_data', 'scheduled__2023-01-01T00:30:00+00:00', '--job-id', '8', '--raw', '--subdir', 'DAGS_FOLDER/ecomm_dag.py', '--cfg-path', '/tmp/tmpewhrtb0z']
[2024-06-28T18:30:22.049+0000] {standard_task_runner.py:91} INFO - Job 8: Subtask generate_and_insert_data
[2024-06-28T18:30:22.065+0000] {task_command.py:426} INFO - Running <TaskInstance: ecomm_data_pipeline.generate_and_insert_data scheduled__2023-01-01T00:30:00+00:00 [running]> on host 50bf780463b8
[2024-06-28T18:30:22.092+0000] {taskinstance.py:2648} INFO - Exporting env vars: AIRFLOW_CTX_DAG_OWNER='airflow' AIRFLOW_CTX_DAG_ID='ecomm_data_pipeline' AIRFLOW_CTX_TASK_ID='generate_and_insert_data' AIRFLOW_CTX_EXECUTION_DATE='2023-01-01T00:30:00+00:00' AIRFLOW_CTX_TRY_NUMBER='1' AIRFLOW_CTX_DAG_RUN_ID='scheduled__2023-01-01T00:30:00+00:00'
[2024-06-28T18:30:22.093+0000] {taskinstance.py:430} INFO - ::endgroup::
[2024-06-28T18:30:22.148+0000] {logging_mixin.py:188} INFO - Error in generate_and_insert_data: Command '['python3', '/opt/airflow/generator/ecomm_generator.py']' returned non-zero exit status 1.
[2024-06-28T18:30:22.148+0000] {logging_mixin.py:188} INFO - stdout: 
[2024-06-28T18:30:22.148+0000] {logging_mixin.py:188} INFO - stderr: Traceback (most recent call last):
  File "/opt/airflow/generator/ecomm_generator.py", line 4, in <module>
    from faker import Faker
ModuleNotFoundError: No module named 'faker'
[2024-06-28T18:30:22.149+0000] {python.py:237} INFO - Done. Returned value was: None
[2024-06-28T18:30:22.149+0000] {taskinstance.py:441} INFO - ::group::Post task execution logs
[2024-06-28T18:30:22.153+0000] {taskinstance.py:1206} INFO - Marking task as SUCCESS. dag_id=ecomm_data_pipeline, task_id=generate_and_insert_data, run_id=scheduled__2023-01-01T00:30:00+00:00, execution_date=20230101T003000, start_date=20240628T183022, end_date=20240628T183022
[2024-06-28T18:30:22.195+0000] {local_task_job_runner.py:240} INFO - Task exited with return code 0
[2024-06-28T18:30:22.202+0000] {taskinstance.py:3503} INFO - 0 downstream tasks scheduled from follow-on schedule check
[2024-06-28T18:30:22.203+0000] {local_task_job_runner.py:222} INFO - ::endgroup::
[2024-06-28T22:13:31.913+0000] {local_task_job_runner.py:120} INFO - ::group::Pre task execution logs
[2024-06-28T22:13:31.923+0000] {taskinstance.py:2076} INFO - Dependencies all met for dep_context=non-requeueable deps ti=<TaskInstance: ecomm_data_pipeline.generate_and_insert_data scheduled__2023-01-01T00:30:00+00:00 [queued]>
[2024-06-28T22:13:31.925+0000] {taskinstance.py:2076} INFO - Dependencies all met for dep_context=requeueable deps ti=<TaskInstance: ecomm_data_pipeline.generate_and_insert_data scheduled__2023-01-01T00:30:00+00:00 [queued]>
[2024-06-28T22:13:31.925+0000] {taskinstance.py:2306} INFO - Starting attempt 1 of 2
[2024-06-28T22:13:31.930+0000] {taskinstance.py:2330} INFO - Executing <Task(PythonOperator): generate_and_insert_data> on 2023-01-01 00:30:00+00:00
[2024-06-28T22:13:31.931+0000] {standard_task_runner.py:63} INFO - Started process 124 to run task
[2024-06-28T22:13:31.932+0000] {standard_task_runner.py:90} INFO - Running: ['airflow', 'tasks', 'run', 'ecomm_data_pipeline', 'generate_and_insert_data', 'scheduled__2023-01-01T00:30:00+00:00', '--job-id', '8', '--raw', '--subdir', 'DAGS_FOLDER/ecomm_dag.py', '--cfg-path', '/tmp/tmpt_co1dal']
[2024-06-28T22:13:31.933+0000] {standard_task_runner.py:91} INFO - Job 8: Subtask generate_and_insert_data
[2024-06-28T22:13:31.949+0000] {task_command.py:426} INFO - Running <TaskInstance: ecomm_data_pipeline.generate_and_insert_data scheduled__2023-01-01T00:30:00+00:00 [running]> on host 619125b6796e
[2024-06-28T22:13:31.977+0000] {taskinstance.py:2648} INFO - Exporting env vars: AIRFLOW_CTX_DAG_OWNER='airflow' AIRFLOW_CTX_DAG_ID='ecomm_data_pipeline' AIRFLOW_CTX_TASK_ID='generate_and_insert_data' AIRFLOW_CTX_EXECUTION_DATE='2023-01-01T00:30:00+00:00' AIRFLOW_CTX_TRY_NUMBER='1' AIRFLOW_CTX_DAG_RUN_ID='scheduled__2023-01-01T00:30:00+00:00'
[2024-06-28T22:13:31.977+0000] {taskinstance.py:430} INFO - ::endgroup::
[2024-06-28T22:13:32.031+0000] {logging_mixin.py:188} INFO - Error in generate_and_insert_data: Command '['python3', '/opt/airflow/generator/ecomm_generator.py']' returned non-zero exit status 1.
[2024-06-28T22:13:32.031+0000] {logging_mixin.py:188} INFO - stdout: 
[2024-06-28T22:13:32.031+0000] {logging_mixin.py:188} INFO - stderr: Traceback (most recent call last):
  File "/opt/airflow/generator/ecomm_generator.py", line 4, in <module>
    from faker import Faker
ModuleNotFoundError: No module named 'faker'
[2024-06-28T22:13:32.032+0000] {python.py:237} INFO - Done. Returned value was: None
[2024-06-28T22:13:32.032+0000] {taskinstance.py:441} INFO - ::group::Post task execution logs
[2024-06-28T22:13:32.036+0000] {taskinstance.py:1206} INFO - Marking task as SUCCESS. dag_id=ecomm_data_pipeline, task_id=generate_and_insert_data, run_id=scheduled__2023-01-01T00:30:00+00:00, execution_date=20230101T003000, start_date=20240628T221331, end_date=20240628T221332
[2024-06-28T22:13:32.073+0000] {local_task_job_runner.py:240} INFO - Task exited with return code 0
[2024-06-28T22:13:32.080+0000] {taskinstance.py:3503} INFO - 0 downstream tasks scheduled from follow-on schedule check
[2024-06-28T22:13:32.081+0000] {local_task_job_runner.py:222} INFO - ::endgroup::
[2024-06-29T21:36:41.338+0000] {local_task_job_runner.py:120} INFO - ::group::Pre task execution logs
[2024-06-29T21:36:41.348+0000] {taskinstance.py:2076} INFO - Dependencies all met for dep_context=non-requeueable deps ti=<TaskInstance: ecomm_data_pipeline.generate_and_insert_data scheduled__2023-01-01T00:30:00+00:00 [queued]>
[2024-06-29T21:36:41.350+0000] {taskinstance.py:2076} INFO - Dependencies all met for dep_context=requeueable deps ti=<TaskInstance: ecomm_data_pipeline.generate_and_insert_data scheduled__2023-01-01T00:30:00+00:00 [queued]>
[2024-06-29T21:36:41.351+0000] {taskinstance.py:2306} INFO - Starting attempt 1 of 2
[2024-06-29T21:36:41.355+0000] {taskinstance.py:2330} INFO - Executing <Task(PythonOperator): generate_and_insert_data> on 2023-01-01 00:30:00+00:00
[2024-06-29T21:36:41.357+0000] {standard_task_runner.py:63} INFO - Started process 83 to run task
[2024-06-29T21:36:41.358+0000] {standard_task_runner.py:90} INFO - Running: ['airflow', 'tasks', 'run', 'ecomm_data_pipeline', 'generate_and_insert_data', 'scheduled__2023-01-01T00:30:00+00:00', '--job-id', '5', '--raw', '--subdir', 'DAGS_FOLDER/ecomm_dag.py', '--cfg-path', '/tmp/tmp0u1icrqf']
[2024-06-29T21:36:41.358+0000] {standard_task_runner.py:91} INFO - Job 5: Subtask generate_and_insert_data
[2024-06-29T21:36:41.375+0000] {task_command.py:426} INFO - Running <TaskInstance: ecomm_data_pipeline.generate_and_insert_data scheduled__2023-01-01T00:30:00+00:00 [running]> on host afcb6fbf9265
[2024-06-29T21:36:41.403+0000] {taskinstance.py:2648} INFO - Exporting env vars: AIRFLOW_CTX_DAG_OWNER='airflow' AIRFLOW_CTX_DAG_ID='ecomm_data_pipeline' AIRFLOW_CTX_TASK_ID='generate_and_insert_data' AIRFLOW_CTX_EXECUTION_DATE='2023-01-01T00:30:00+00:00' AIRFLOW_CTX_TRY_NUMBER='1' AIRFLOW_CTX_DAG_RUN_ID='scheduled__2023-01-01T00:30:00+00:00'
[2024-06-29T21:36:41.403+0000] {taskinstance.py:430} INFO - ::endgroup::
[2024-06-29T21:36:41.457+0000] {logging_mixin.py:188} INFO - Error in generate_and_insert_data: Command '['python3', '/opt/airflow/generator/ecomm_generator.py']' returned non-zero exit status 1.
[2024-06-29T21:36:41.457+0000] {logging_mixin.py:188} INFO - stdout: 
[2024-06-29T21:36:41.457+0000] {logging_mixin.py:188} INFO - stderr: Traceback (most recent call last):
  File "/opt/airflow/generator/ecomm_generator.py", line 4, in <module>
    from faker import Faker
ModuleNotFoundError: No module named 'faker'
[2024-06-29T21:36:41.457+0000] {python.py:237} INFO - Done. Returned value was: None
[2024-06-29T21:36:41.458+0000] {taskinstance.py:441} INFO - ::group::Post task execution logs
[2024-06-29T21:36:41.462+0000] {taskinstance.py:1206} INFO - Marking task as SUCCESS. dag_id=ecomm_data_pipeline, task_id=generate_and_insert_data, run_id=scheduled__2023-01-01T00:30:00+00:00, execution_date=20230101T003000, start_date=20240629T213641, end_date=20240629T213641
[2024-06-29T21:36:41.508+0000] {local_task_job_runner.py:240} INFO - Task exited with return code 0
[2024-06-29T21:36:41.515+0000] {taskinstance.py:3503} INFO - 0 downstream tasks scheduled from follow-on schedule check
[2024-06-29T21:36:41.515+0000] {local_task_job_runner.py:222} INFO - ::endgroup::
[2024-06-29T21:48:57.924+0000] {local_task_job_runner.py:120} INFO - ::group::Pre task execution logs
[2024-06-29T21:48:57.934+0000] {taskinstance.py:2076} INFO - Dependencies all met for dep_context=non-requeueable deps ti=<TaskInstance: ecomm_data_pipeline.generate_and_insert_data scheduled__2023-01-01T00:30:00+00:00 [queued]>
[2024-06-29T21:48:57.936+0000] {taskinstance.py:2076} INFO - Dependencies all met for dep_context=requeueable deps ti=<TaskInstance: ecomm_data_pipeline.generate_and_insert_data scheduled__2023-01-01T00:30:00+00:00 [queued]>
[2024-06-29T21:48:57.937+0000] {taskinstance.py:2306} INFO - Starting attempt 1 of 2
[2024-06-29T21:48:57.941+0000] {taskinstance.py:2330} INFO - Executing <Task(PythonOperator): generate_and_insert_data> on 2023-01-01 00:30:00+00:00
[2024-06-29T21:48:57.942+0000] {standard_task_runner.py:63} INFO - Started process 84 to run task
[2024-06-29T21:48:57.943+0000] {standard_task_runner.py:90} INFO - Running: ['airflow', 'tasks', 'run', 'ecomm_data_pipeline', 'generate_and_insert_data', 'scheduled__2023-01-01T00:30:00+00:00', '--job-id', '5', '--raw', '--subdir', 'DAGS_FOLDER/ecomm_dag.py', '--cfg-path', '/tmp/tmpcnrgly61']
[2024-06-29T21:48:57.944+0000] {standard_task_runner.py:91} INFO - Job 5: Subtask generate_and_insert_data
[2024-06-29T21:48:57.960+0000] {task_command.py:426} INFO - Running <TaskInstance: ecomm_data_pipeline.generate_and_insert_data scheduled__2023-01-01T00:30:00+00:00 [running]> on host 0b7af056b90c
[2024-06-29T21:48:57.988+0000] {taskinstance.py:2648} INFO - Exporting env vars: AIRFLOW_CTX_DAG_OWNER='airflow' AIRFLOW_CTX_DAG_ID='ecomm_data_pipeline' AIRFLOW_CTX_TASK_ID='generate_and_insert_data' AIRFLOW_CTX_EXECUTION_DATE='2023-01-01T00:30:00+00:00' AIRFLOW_CTX_TRY_NUMBER='1' AIRFLOW_CTX_DAG_RUN_ID='scheduled__2023-01-01T00:30:00+00:00'
[2024-06-29T21:48:57.989+0000] {taskinstance.py:430} INFO - ::endgroup::
[2024-06-29T21:48:58.045+0000] {logging_mixin.py:188} INFO - Error in generate_and_insert_data: Command '['python3', '/opt/airflow/generator/ecomm_generator.py']' returned non-zero exit status 1.
[2024-06-29T21:48:58.045+0000] {logging_mixin.py:188} INFO - stdout: 
[2024-06-29T21:48:58.046+0000] {logging_mixin.py:188} INFO - stderr: Traceback (most recent call last):
  File "/opt/airflow/generator/ecomm_generator.py", line 4, in <module>
    from faker import Faker
ModuleNotFoundError: No module named 'faker'
[2024-06-29T21:48:58.046+0000] {python.py:237} INFO - Done. Returned value was: None
[2024-06-29T21:48:58.046+0000] {taskinstance.py:441} INFO - ::group::Post task execution logs
[2024-06-29T21:48:58.051+0000] {taskinstance.py:1206} INFO - Marking task as SUCCESS. dag_id=ecomm_data_pipeline, task_id=generate_and_insert_data, run_id=scheduled__2023-01-01T00:30:00+00:00, execution_date=20230101T003000, start_date=20240629T214857, end_date=20240629T214858
[2024-06-29T21:48:58.092+0000] {local_task_job_runner.py:240} INFO - Task exited with return code 0
[2024-06-29T21:48:58.099+0000] {taskinstance.py:3503} INFO - 0 downstream tasks scheduled from follow-on schedule check
[2024-06-29T21:48:58.100+0000] {local_task_job_runner.py:222} INFO - ::endgroup::
[2024-06-29T22:00:30.393+0000] {local_task_job_runner.py:120} INFO - ::group::Pre task execution logs
[2024-06-29T22:00:30.402+0000] {taskinstance.py:2076} INFO - Dependencies all met for dep_context=non-requeueable deps ti=<TaskInstance: ecomm_data_pipeline.generate_and_insert_data scheduled__2023-01-01T00:30:00+00:00 [queued]>
[2024-06-29T22:00:30.405+0000] {taskinstance.py:2076} INFO - Dependencies all met for dep_context=requeueable deps ti=<TaskInstance: ecomm_data_pipeline.generate_and_insert_data scheduled__2023-01-01T00:30:00+00:00 [queued]>
[2024-06-29T22:00:30.405+0000] {taskinstance.py:2306} INFO - Starting attempt 1 of 2
[2024-06-29T22:00:30.409+0000] {taskinstance.py:2330} INFO - Executing <Task(PythonOperator): generate_and_insert_data> on 2023-01-01 00:30:00+00:00
[2024-06-29T22:00:30.411+0000] {standard_task_runner.py:63} INFO - Started process 84 to run task
[2024-06-29T22:00:30.412+0000] {standard_task_runner.py:90} INFO - Running: ['airflow', 'tasks', 'run', 'ecomm_data_pipeline', 'generate_and_insert_data', 'scheduled__2023-01-01T00:30:00+00:00', '--job-id', '5', '--raw', '--subdir', 'DAGS_FOLDER/ecomm_dag.py', '--cfg-path', '/tmp/tmpmhl6teui']
[2024-06-29T22:00:30.413+0000] {standard_task_runner.py:91} INFO - Job 5: Subtask generate_and_insert_data
[2024-06-29T22:00:30.429+0000] {task_command.py:426} INFO - Running <TaskInstance: ecomm_data_pipeline.generate_and_insert_data scheduled__2023-01-01T00:30:00+00:00 [running]> on host 799998b0d26e
[2024-06-29T22:00:30.457+0000] {taskinstance.py:2648} INFO - Exporting env vars: AIRFLOW_CTX_DAG_OWNER='airflow' AIRFLOW_CTX_DAG_ID='ecomm_data_pipeline' AIRFLOW_CTX_TASK_ID='generate_and_insert_data' AIRFLOW_CTX_EXECUTION_DATE='2023-01-01T00:30:00+00:00' AIRFLOW_CTX_TRY_NUMBER='1' AIRFLOW_CTX_DAG_RUN_ID='scheduled__2023-01-01T00:30:00+00:00'
[2024-06-29T22:00:30.458+0000] {taskinstance.py:430} INFO - ::endgroup::
[2024-06-29T22:00:30.512+0000] {logging_mixin.py:188} INFO - Error in generate_and_insert_data: Command '['python3', '/opt/airflow/generator/ecomm_generator.py']' returned non-zero exit status 1.
[2024-06-29T22:00:30.513+0000] {logging_mixin.py:188} INFO - stdout: 
[2024-06-29T22:00:30.513+0000] {logging_mixin.py:188} INFO - stderr: Traceback (most recent call last):
  File "/opt/airflow/generator/ecomm_generator.py", line 4, in <module>
    from faker import Faker
ModuleNotFoundError: No module named 'faker'
[2024-06-29T22:00:30.513+0000] {python.py:237} INFO - Done. Returned value was: None
[2024-06-29T22:00:30.513+0000] {taskinstance.py:441} INFO - ::group::Post task execution logs
[2024-06-29T22:00:30.518+0000] {taskinstance.py:1206} INFO - Marking task as SUCCESS. dag_id=ecomm_data_pipeline, task_id=generate_and_insert_data, run_id=scheduled__2023-01-01T00:30:00+00:00, execution_date=20230101T003000, start_date=20240629T220030, end_date=20240629T220030
[2024-06-29T22:00:30.556+0000] {local_task_job_runner.py:240} INFO - Task exited with return code 0
[2024-06-29T22:00:30.563+0000] {taskinstance.py:3503} INFO - 0 downstream tasks scheduled from follow-on schedule check
[2024-06-29T22:00:30.563+0000] {local_task_job_runner.py:222} INFO - ::endgroup::
[2024-07-02T22:17:30.829+0000] {taskinstance.py:1103} INFO - Dependencies all met for dep_context=non-requeueable deps ti=<TaskInstance: ecomm_data_pipeline.generate_and_insert_data scheduled__2023-01-01T00:30:00+00:00 [queued]>
[2024-07-02T22:17:30.832+0000] {taskinstance.py:1103} INFO - Dependencies all met for dep_context=requeueable deps ti=<TaskInstance: ecomm_data_pipeline.generate_and_insert_data scheduled__2023-01-01T00:30:00+00:00 [queued]>
[2024-07-02T22:17:30.832+0000] {taskinstance.py:1308} INFO - Starting attempt 1 of 2
[2024-07-02T22:17:30.836+0000] {taskinstance.py:1327} INFO - Executing <Task(PythonOperator): generate_and_insert_data> on 2023-01-01 00:30:00+00:00
[2024-07-02T22:17:30.837+0000] {standard_task_runner.py:57} INFO - Started process 35 to run task
[2024-07-02T22:17:30.838+0000] {standard_task_runner.py:84} INFO - Running: ['airflow', 'tasks', 'run', 'ecomm_data_pipeline', 'generate_and_insert_data', 'scheduled__2023-01-01T00:30:00+00:00', '--job-id', '16', '--raw', '--subdir', 'DAGS_FOLDER/ecomm_dag.py', '--cfg-path', '/tmp/tmpy1zbd4rm']
[2024-07-02T22:17:30.839+0000] {standard_task_runner.py:85} INFO - Job 16: Subtask generate_and_insert_data
[2024-07-02T22:17:30.858+0000] {task_command.py:410} INFO - Running <TaskInstance: ecomm_data_pipeline.generate_and_insert_data scheduled__2023-01-01T00:30:00+00:00 [running]> on host f142d1e711e7
[2024-07-02T22:17:30.892+0000] {taskinstance.py:1545} INFO - Exporting env vars: AIRFLOW_CTX_DAG_OWNER='airflow' AIRFLOW_CTX_DAG_ID='ecomm_data_pipeline' AIRFLOW_CTX_TASK_ID='generate_and_insert_data' AIRFLOW_CTX_EXECUTION_DATE='2023-01-01T00:30:00+00:00' AIRFLOW_CTX_TRY_NUMBER='1' AIRFLOW_CTX_DAG_RUN_ID='scheduled__2023-01-01T00:30:00+00:00'
[2024-07-02T22:19:36.483+0000] {taskinstance.py:1093} INFO - Dependencies not met for <TaskInstance: ecomm_data_pipeline.generate_and_insert_data scheduled__2023-01-01T00:30:00+00:00 [running]>, dependency 'Task Instance Not Running' FAILED: Task is in the running state
[2024-07-02T22:19:36.483+0000] {taskinstance.py:1093} INFO - Dependencies not met for <TaskInstance: ecomm_data_pipeline.generate_and_insert_data scheduled__2023-01-01T00:30:00+00:00 [running]>, dependency 'Task Instance State' FAILED: Task is in the 'running' state.
[2024-07-02T22:19:36.487+0000] {local_task_job_runner.py:154} INFO - Task is not able to be run
