[2024-06-27T22:32:49.694+0000] {local_task_job_runner.py:120} INFO - ::group::Pre task execution logs
[2024-06-27T22:32:49.704+0000] {taskinstance.py:2076} INFO - Dependencies all met for dep_context=non-requeueable deps ti=<TaskInstance: example_dag.generate_and_insert_data scheduled__2023-01-01T00:00:00+00:00 [queued]>
[2024-06-27T22:32:49.706+0000] {taskinstance.py:2076} INFO - Dependencies all met for dep_context=requeueable deps ti=<TaskInstance: example_dag.generate_and_insert_data scheduled__2023-01-01T00:00:00+00:00 [queued]>
[2024-06-27T22:32:49.707+0000] {taskinstance.py:2306} INFO - Starting attempt 1 of 2
[2024-06-27T22:32:49.710+0000] {taskinstance.py:2330} INFO - Executing <Task(PythonOperator): generate_and_insert_data> on 2023-01-01 00:00:00+00:00
[2024-06-27T22:32:49.712+0000] {standard_task_runner.py:63} INFO - Started process 57 to run task
[2024-06-27T22:32:49.713+0000] {standard_task_runner.py:90} INFO - Running: ['airflow', 'tasks', 'run', 'example_dag', 'generate_and_insert_data', 'scheduled__2023-01-01T00:00:00+00:00', '--job-id', '3', '--raw', '--subdir', 'DAGS_FOLDER/example_dag.py', '--cfg-path', '/tmp/tmp1n8hbh2k']
[2024-06-27T22:32:49.713+0000] {standard_task_runner.py:91} INFO - Job 3: Subtask generate_and_insert_data
[2024-06-27T22:32:49.731+0000] {task_command.py:426} INFO - Running <TaskInstance: example_dag.generate_and_insert_data scheduled__2023-01-01T00:00:00+00:00 [running]> on host 9174587f6b1d
[2024-06-27T22:32:49.757+0000] {taskinstance.py:2648} INFO - Exporting env vars: AIRFLOW_CTX_DAG_OWNER='airflow' AIRFLOW_CTX_DAG_ID='example_dag' AIRFLOW_CTX_TASK_ID='generate_and_insert_data' AIRFLOW_CTX_EXECUTION_DATE='2023-01-01T00:00:00+00:00' AIRFLOW_CTX_TRY_NUMBER='1' AIRFLOW_CTX_DAG_RUN_ID='scheduled__2023-01-01T00:00:00+00:00'
[2024-06-27T22:32:49.758+0000] {taskinstance.py:430} INFO - ::endgroup::
[2024-06-27T22:32:49.762+0000] {python.py:237} INFO - Done. Returned value was: None
[2024-06-27T22:32:49.762+0000] {taskinstance.py:441} INFO - ::group::Post task execution logs
[2024-06-27T22:32:49.766+0000] {taskinstance.py:1206} INFO - Marking task as SUCCESS. dag_id=example_dag, task_id=generate_and_insert_data, run_id=scheduled__2023-01-01T00:00:00+00:00, execution_date=20230101T000000, start_date=20240627T223249, end_date=20240627T223249
[2024-06-27T22:32:49.772+0000] {local_task_job_runner.py:240} INFO - Task exited with return code 0
[2024-06-27T22:32:49.778+0000] {taskinstance.py:3503} INFO - 0 downstream tasks scheduled from follow-on schedule check
[2024-06-27T22:32:49.779+0000] {local_task_job_runner.py:222} INFO - ::endgroup::
[2024-06-27T22:51:40.101+0000] {local_task_job_runner.py:120} INFO - ::group::Pre task execution logs
[2024-06-27T22:51:40.111+0000] {taskinstance.py:2076} INFO - Dependencies all met for dep_context=non-requeueable deps ti=<TaskInstance: example_dag.generate_and_insert_data scheduled__2023-01-01T00:00:00+00:00 [queued]>
[2024-06-27T22:51:40.113+0000] {taskinstance.py:2076} INFO - Dependencies all met for dep_context=requeueable deps ti=<TaskInstance: example_dag.generate_and_insert_data scheduled__2023-01-01T00:00:00+00:00 [queued]>
[2024-06-27T22:51:40.113+0000] {taskinstance.py:2306} INFO - Starting attempt 1 of 2
[2024-06-27T22:51:40.117+0000] {taskinstance.py:2330} INFO - Executing <Task(PythonOperator): generate_and_insert_data> on 2023-01-01 00:00:00+00:00
[2024-06-27T22:51:40.118+0000] {standard_task_runner.py:63} INFO - Started process 57 to run task
[2024-06-27T22:51:40.119+0000] {standard_task_runner.py:90} INFO - Running: ['airflow', 'tasks', 'run', 'example_dag', 'generate_and_insert_data', 'scheduled__2023-01-01T00:00:00+00:00', '--job-id', '3', '--raw', '--subdir', 'DAGS_FOLDER/example_dag.py', '--cfg-path', '/tmp/tmpiupxbhl_']
[2024-06-27T22:51:40.120+0000] {standard_task_runner.py:91} INFO - Job 3: Subtask generate_and_insert_data
[2024-06-27T22:51:40.137+0000] {task_command.py:426} INFO - Running <TaskInstance: example_dag.generate_and_insert_data scheduled__2023-01-01T00:00:00+00:00 [running]> on host a70edf9d8581
[2024-06-27T22:51:40.163+0000] {taskinstance.py:2648} INFO - Exporting env vars: AIRFLOW_CTX_DAG_OWNER='airflow' AIRFLOW_CTX_DAG_ID='example_dag' AIRFLOW_CTX_TASK_ID='generate_and_insert_data' AIRFLOW_CTX_EXECUTION_DATE='2023-01-01T00:00:00+00:00' AIRFLOW_CTX_TRY_NUMBER='1' AIRFLOW_CTX_DAG_RUN_ID='scheduled__2023-01-01T00:00:00+00:00'
[2024-06-27T22:51:40.164+0000] {taskinstance.py:430} INFO - ::endgroup::
[2024-06-27T22:51:40.168+0000] {python.py:237} INFO - Done. Returned value was: None
[2024-06-27T22:51:40.168+0000] {taskinstance.py:441} INFO - ::group::Post task execution logs
[2024-06-27T22:51:40.172+0000] {taskinstance.py:1206} INFO - Marking task as SUCCESS. dag_id=example_dag, task_id=generate_and_insert_data, run_id=scheduled__2023-01-01T00:00:00+00:00, execution_date=20230101T000000, start_date=20240627T225140, end_date=20240627T225140
[2024-06-27T22:51:40.221+0000] {local_task_job_runner.py:240} INFO - Task exited with return code 0
[2024-06-27T22:51:40.229+0000] {taskinstance.py:3503} INFO - 0 downstream tasks scheduled from follow-on schedule check
[2024-06-27T22:51:40.230+0000] {local_task_job_runner.py:222} INFO - ::endgroup::
[2024-06-27T22:59:23.041+0000] {local_task_job_runner.py:120} INFO - ::group::Pre task execution logs
[2024-06-27T22:59:23.051+0000] {taskinstance.py:2076} INFO - Dependencies all met for dep_context=non-requeueable deps ti=<TaskInstance: example_dag.generate_and_insert_data scheduled__2023-01-01T00:00:00+00:00 [queued]>
[2024-06-27T22:59:23.054+0000] {taskinstance.py:2076} INFO - Dependencies all met for dep_context=requeueable deps ti=<TaskInstance: example_dag.generate_and_insert_data scheduled__2023-01-01T00:00:00+00:00 [queued]>
[2024-06-27T22:59:23.054+0000] {taskinstance.py:2306} INFO - Starting attempt 1 of 2
[2024-06-27T22:59:23.057+0000] {taskinstance.py:2330} INFO - Executing <Task(PythonOperator): generate_and_insert_data> on 2023-01-01 00:00:00+00:00
[2024-06-27T22:59:23.059+0000] {standard_task_runner.py:63} INFO - Started process 57 to run task
[2024-06-27T22:59:23.060+0000] {standard_task_runner.py:90} INFO - Running: ['airflow', 'tasks', 'run', 'example_dag', 'generate_and_insert_data', 'scheduled__2023-01-01T00:00:00+00:00', '--job-id', '3', '--raw', '--subdir', 'DAGS_FOLDER/example_dag.py', '--cfg-path', '/tmp/tmpgj64fp9p']
[2024-06-27T22:59:23.061+0000] {standard_task_runner.py:91} INFO - Job 3: Subtask generate_and_insert_data
[2024-06-27T22:59:23.081+0000] {task_command.py:426} INFO - Running <TaskInstance: example_dag.generate_and_insert_data scheduled__2023-01-01T00:00:00+00:00 [running]> on host 5cc71d4b298c
[2024-06-27T22:59:23.106+0000] {taskinstance.py:2648} INFO - Exporting env vars: AIRFLOW_CTX_DAG_OWNER='airflow' AIRFLOW_CTX_DAG_ID='example_dag' AIRFLOW_CTX_TASK_ID='generate_and_insert_data' AIRFLOW_CTX_EXECUTION_DATE='2023-01-01T00:00:00+00:00' AIRFLOW_CTX_TRY_NUMBER='1' AIRFLOW_CTX_DAG_RUN_ID='scheduled__2023-01-01T00:00:00+00:00'
[2024-06-27T22:59:23.107+0000] {taskinstance.py:430} INFO - ::endgroup::
[2024-06-27T22:59:23.111+0000] {python.py:237} INFO - Done. Returned value was: None
[2024-06-27T22:59:23.111+0000] {taskinstance.py:441} INFO - ::group::Post task execution logs
[2024-06-27T22:59:23.115+0000] {taskinstance.py:1206} INFO - Marking task as SUCCESS. dag_id=example_dag, task_id=generate_and_insert_data, run_id=scheduled__2023-01-01T00:00:00+00:00, execution_date=20230101T000000, start_date=20240627T225923, end_date=20240627T225923
[2024-06-27T22:59:23.121+0000] {local_task_job_runner.py:240} INFO - Task exited with return code 0
[2024-06-27T22:59:23.128+0000] {taskinstance.py:3503} INFO - 0 downstream tasks scheduled from follow-on schedule check
[2024-06-27T22:59:23.128+0000] {local_task_job_runner.py:222} INFO - ::endgroup::
[2024-06-27T23:09:02.609+0000] {local_task_job_runner.py:120} INFO - ::group::Pre task execution logs
[2024-06-27T23:09:02.619+0000] {taskinstance.py:2076} INFO - Dependencies all met for dep_context=non-requeueable deps ti=<TaskInstance: example_dag.generate_and_insert_data scheduled__2023-01-01T00:00:00+00:00 [queued]>
[2024-06-27T23:09:02.621+0000] {taskinstance.py:2076} INFO - Dependencies all met for dep_context=requeueable deps ti=<TaskInstance: example_dag.generate_and_insert_data scheduled__2023-01-01T00:00:00+00:00 [queued]>
[2024-06-27T23:09:02.622+0000] {taskinstance.py:2306} INFO - Starting attempt 1 of 2
[2024-06-27T23:09:02.625+0000] {taskinstance.py:2330} INFO - Executing <Task(PythonOperator): generate_and_insert_data> on 2023-01-01 00:00:00+00:00
[2024-06-27T23:09:02.627+0000] {standard_task_runner.py:63} INFO - Started process 57 to run task
[2024-06-27T23:09:02.628+0000] {standard_task_runner.py:90} INFO - Running: ['airflow', 'tasks', 'run', 'example_dag', 'generate_and_insert_data', 'scheduled__2023-01-01T00:00:00+00:00', '--job-id', '3', '--raw', '--subdir', 'DAGS_FOLDER/example_dag.py', '--cfg-path', '/tmp/tmpe02j_qxi']
[2024-06-27T23:09:02.629+0000] {standard_task_runner.py:91} INFO - Job 3: Subtask generate_and_insert_data
[2024-06-27T23:09:02.649+0000] {task_command.py:426} INFO - Running <TaskInstance: example_dag.generate_and_insert_data scheduled__2023-01-01T00:00:00+00:00 [running]> on host 7147f8a4dc9f
[2024-06-27T23:09:02.678+0000] {taskinstance.py:2648} INFO - Exporting env vars: AIRFLOW_CTX_DAG_OWNER='airflow' AIRFLOW_CTX_DAG_ID='example_dag' AIRFLOW_CTX_TASK_ID='generate_and_insert_data' AIRFLOW_CTX_EXECUTION_DATE='2023-01-01T00:00:00+00:00' AIRFLOW_CTX_TRY_NUMBER='1' AIRFLOW_CTX_DAG_RUN_ID='scheduled__2023-01-01T00:00:00+00:00'
[2024-06-27T23:09:02.678+0000] {taskinstance.py:430} INFO - ::endgroup::
[2024-06-27T23:09:02.683+0000] {python.py:237} INFO - Done. Returned value was: None
[2024-06-27T23:09:02.683+0000] {taskinstance.py:441} INFO - ::group::Post task execution logs
[2024-06-27T23:09:02.687+0000] {taskinstance.py:1206} INFO - Marking task as SUCCESS. dag_id=example_dag, task_id=generate_and_insert_data, run_id=scheduled__2023-01-01T00:00:00+00:00, execution_date=20230101T000000, start_date=20240627T230902, end_date=20240627T230902
[2024-06-27T23:09:02.731+0000] {local_task_job_runner.py:240} INFO - Task exited with return code 0
[2024-06-27T23:09:02.739+0000] {taskinstance.py:3503} INFO - 0 downstream tasks scheduled from follow-on schedule check
[2024-06-27T23:09:02.740+0000] {local_task_job_runner.py:222} INFO - ::endgroup::
[2024-06-27T23:12:40.245+0000] {local_task_job_runner.py:120} INFO - ::group::Pre task execution logs
[2024-06-27T23:12:40.255+0000] {taskinstance.py:2076} INFO - Dependencies all met for dep_context=non-requeueable deps ti=<TaskInstance: example_dag.generate_and_insert_data scheduled__2023-01-01T00:00:00+00:00 [queued]>
[2024-06-27T23:12:40.257+0000] {taskinstance.py:2076} INFO - Dependencies all met for dep_context=requeueable deps ti=<TaskInstance: example_dag.generate_and_insert_data scheduled__2023-01-01T00:00:00+00:00 [queued]>
[2024-06-27T23:12:40.257+0000] {taskinstance.py:2306} INFO - Starting attempt 1 of 2
[2024-06-27T23:12:40.261+0000] {taskinstance.py:2330} INFO - Executing <Task(PythonOperator): generate_and_insert_data> on 2023-01-01 00:00:00+00:00
[2024-06-27T23:12:40.262+0000] {standard_task_runner.py:63} INFO - Started process 57 to run task
[2024-06-27T23:12:40.264+0000] {standard_task_runner.py:90} INFO - Running: ['airflow', 'tasks', 'run', 'example_dag', 'generate_and_insert_data', 'scheduled__2023-01-01T00:00:00+00:00', '--job-id', '3', '--raw', '--subdir', 'DAGS_FOLDER/example_dag.py', '--cfg-path', '/tmp/tmpcgd4zwoa']
[2024-06-27T23:12:40.264+0000] {standard_task_runner.py:91} INFO - Job 3: Subtask generate_and_insert_data
[2024-06-27T23:12:40.286+0000] {task_command.py:426} INFO - Running <TaskInstance: example_dag.generate_and_insert_data scheduled__2023-01-01T00:00:00+00:00 [running]> on host 4bd55eb76a74
[2024-06-27T23:12:40.314+0000] {taskinstance.py:2648} INFO - Exporting env vars: AIRFLOW_CTX_DAG_OWNER='airflow' AIRFLOW_CTX_DAG_ID='example_dag' AIRFLOW_CTX_TASK_ID='generate_and_insert_data' AIRFLOW_CTX_EXECUTION_DATE='2023-01-01T00:00:00+00:00' AIRFLOW_CTX_TRY_NUMBER='1' AIRFLOW_CTX_DAG_RUN_ID='scheduled__2023-01-01T00:00:00+00:00'
[2024-06-27T23:12:40.315+0000] {taskinstance.py:430} INFO - ::endgroup::
[2024-06-27T23:12:40.320+0000] {python.py:237} INFO - Done. Returned value was: None
[2024-06-27T23:12:40.320+0000] {taskinstance.py:441} INFO - ::group::Post task execution logs
[2024-06-27T23:12:40.324+0000] {taskinstance.py:1206} INFO - Marking task as SUCCESS. dag_id=example_dag, task_id=generate_and_insert_data, run_id=scheduled__2023-01-01T00:00:00+00:00, execution_date=20230101T000000, start_date=20240627T231240, end_date=20240627T231240
[2024-06-27T23:12:40.368+0000] {local_task_job_runner.py:240} INFO - Task exited with return code 0
[2024-06-27T23:12:40.376+0000] {taskinstance.py:3503} INFO - 0 downstream tasks scheduled from follow-on schedule check
[2024-06-27T23:12:40.377+0000] {local_task_job_runner.py:222} INFO - ::endgroup::
[2024-06-27T23:18:33.863+0000] {local_task_job_runner.py:120} INFO - ::group::Pre task execution logs
[2024-06-27T23:18:33.874+0000] {taskinstance.py:2076} INFO - Dependencies all met for dep_context=non-requeueable deps ti=<TaskInstance: example_dag.generate_and_insert_data scheduled__2023-01-01T00:00:00+00:00 [queued]>
[2024-06-27T23:18:33.876+0000] {taskinstance.py:2076} INFO - Dependencies all met for dep_context=requeueable deps ti=<TaskInstance: example_dag.generate_and_insert_data scheduled__2023-01-01T00:00:00+00:00 [queued]>
[2024-06-27T23:18:33.877+0000] {taskinstance.py:2306} INFO - Starting attempt 1 of 2
[2024-06-27T23:18:33.881+0000] {taskinstance.py:2330} INFO - Executing <Task(PythonOperator): generate_and_insert_data> on 2023-01-01 00:00:00+00:00
[2024-06-27T23:18:33.882+0000] {standard_task_runner.py:63} INFO - Started process 57 to run task
[2024-06-27T23:18:33.883+0000] {standard_task_runner.py:90} INFO - Running: ['airflow', 'tasks', 'run', 'example_dag', 'generate_and_insert_data', 'scheduled__2023-01-01T00:00:00+00:00', '--job-id', '3', '--raw', '--subdir', 'DAGS_FOLDER/example_dag.py', '--cfg-path', '/tmp/tmprirxd7qq']
[2024-06-27T23:18:33.884+0000] {standard_task_runner.py:91} INFO - Job 3: Subtask generate_and_insert_data
[2024-06-27T23:18:33.902+0000] {task_command.py:426} INFO - Running <TaskInstance: example_dag.generate_and_insert_data scheduled__2023-01-01T00:00:00+00:00 [running]> on host 73964f870a02
[2024-06-27T23:18:33.930+0000] {taskinstance.py:2648} INFO - Exporting env vars: AIRFLOW_CTX_DAG_OWNER='airflow' AIRFLOW_CTX_DAG_ID='example_dag' AIRFLOW_CTX_TASK_ID='generate_and_insert_data' AIRFLOW_CTX_EXECUTION_DATE='2023-01-01T00:00:00+00:00' AIRFLOW_CTX_TRY_NUMBER='1' AIRFLOW_CTX_DAG_RUN_ID='scheduled__2023-01-01T00:00:00+00:00'
[2024-06-27T23:18:33.931+0000] {taskinstance.py:430} INFO - ::endgroup::
[2024-06-27T23:18:33.936+0000] {python.py:237} INFO - Done. Returned value was: None
[2024-06-27T23:18:33.936+0000] {taskinstance.py:441} INFO - ::group::Post task execution logs
[2024-06-27T23:18:33.940+0000] {taskinstance.py:1206} INFO - Marking task as SUCCESS. dag_id=example_dag, task_id=generate_and_insert_data, run_id=scheduled__2023-01-01T00:00:00+00:00, execution_date=20230101T000000, start_date=20240627T231833, end_date=20240627T231833
[2024-06-27T23:18:33.985+0000] {local_task_job_runner.py:240} INFO - Task exited with return code 0
[2024-06-27T23:18:33.993+0000] {taskinstance.py:3503} INFO - 0 downstream tasks scheduled from follow-on schedule check
[2024-06-27T23:18:33.994+0000] {local_task_job_runner.py:222} INFO - ::endgroup::
[2024-06-28T18:12:58.181+0000] {local_task_job_runner.py:120} INFO - ::group::Pre task execution logs
[2024-06-28T18:12:58.192+0000] {taskinstance.py:2076} INFO - Dependencies all met for dep_context=non-requeueable deps ti=<TaskInstance: example_dag.generate_and_insert_data scheduled__2023-01-01T00:00:00+00:00 [queued]>
[2024-06-28T18:12:58.195+0000] {taskinstance.py:2076} INFO - Dependencies all met for dep_context=requeueable deps ti=<TaskInstance: example_dag.generate_and_insert_data scheduled__2023-01-01T00:00:00+00:00 [queued]>
[2024-06-28T18:12:58.195+0000] {taskinstance.py:2306} INFO - Starting attempt 1 of 2
[2024-06-28T18:12:58.199+0000] {taskinstance.py:2330} INFO - Executing <Task(PythonOperator): generate_and_insert_data> on 2023-01-01 00:00:00+00:00
[2024-06-28T18:12:58.200+0000] {standard_task_runner.py:63} INFO - Started process 57 to run task
[2024-06-28T18:12:58.202+0000] {standard_task_runner.py:90} INFO - Running: ['airflow', 'tasks', 'run', 'example_dag', 'generate_and_insert_data', 'scheduled__2023-01-01T00:00:00+00:00', '--job-id', '3', '--raw', '--subdir', 'DAGS_FOLDER/example_dag.py', '--cfg-path', '/tmp/tmpvtz8pl6r']
[2024-06-28T18:12:58.203+0000] {standard_task_runner.py:91} INFO - Job 3: Subtask generate_and_insert_data
[2024-06-28T18:12:58.222+0000] {task_command.py:426} INFO - Running <TaskInstance: example_dag.generate_and_insert_data scheduled__2023-01-01T00:00:00+00:00 [running]> on host 08cefd381a1f
[2024-06-28T18:12:58.248+0000] {taskinstance.py:2648} INFO - Exporting env vars: AIRFLOW_CTX_DAG_OWNER='airflow' AIRFLOW_CTX_DAG_ID='example_dag' AIRFLOW_CTX_TASK_ID='generate_and_insert_data' AIRFLOW_CTX_EXECUTION_DATE='2023-01-01T00:00:00+00:00' AIRFLOW_CTX_TRY_NUMBER='1' AIRFLOW_CTX_DAG_RUN_ID='scheduled__2023-01-01T00:00:00+00:00'
[2024-06-28T18:12:58.249+0000] {taskinstance.py:430} INFO - ::endgroup::
[2024-06-28T18:12:58.253+0000] {python.py:237} INFO - Done. Returned value was: None
[2024-06-28T18:12:58.253+0000] {taskinstance.py:441} INFO - ::group::Post task execution logs
[2024-06-28T18:12:58.257+0000] {taskinstance.py:1206} INFO - Marking task as SUCCESS. dag_id=example_dag, task_id=generate_and_insert_data, run_id=scheduled__2023-01-01T00:00:00+00:00, execution_date=20230101T000000, start_date=20240628T181258, end_date=20240628T181258
[2024-06-28T18:12:58.304+0000] {local_task_job_runner.py:240} INFO - Task exited with return code 0
[2024-06-28T18:12:58.312+0000] {taskinstance.py:3503} INFO - 0 downstream tasks scheduled from follow-on schedule check
[2024-06-28T18:12:58.313+0000] {local_task_job_runner.py:222} INFO - ::endgroup::
[2024-06-28T18:20:12.305+0000] {local_task_job_runner.py:120} INFO - ::group::Pre task execution logs
[2024-06-28T18:20:12.316+0000] {taskinstance.py:2076} INFO - Dependencies all met for dep_context=non-requeueable deps ti=<TaskInstance: example_dag.generate_and_insert_data scheduled__2023-01-01T00:00:00+00:00 [queued]>
[2024-06-28T18:20:12.318+0000] {taskinstance.py:2076} INFO - Dependencies all met for dep_context=requeueable deps ti=<TaskInstance: example_dag.generate_and_insert_data scheduled__2023-01-01T00:00:00+00:00 [queued]>
[2024-06-28T18:20:12.318+0000] {taskinstance.py:2306} INFO - Starting attempt 1 of 2
[2024-06-28T18:20:12.322+0000] {taskinstance.py:2330} INFO - Executing <Task(PythonOperator): generate_and_insert_data> on 2023-01-01 00:00:00+00:00
[2024-06-28T18:20:12.324+0000] {standard_task_runner.py:63} INFO - Started process 57 to run task
[2024-06-28T18:20:12.325+0000] {standard_task_runner.py:90} INFO - Running: ['airflow', 'tasks', 'run', 'example_dag', 'generate_and_insert_data', 'scheduled__2023-01-01T00:00:00+00:00', '--job-id', '3', '--raw', '--subdir', 'DAGS_FOLDER/example_dag.py', '--cfg-path', '/tmp/tmphbh27fgj']
[2024-06-28T18:20:12.325+0000] {standard_task_runner.py:91} INFO - Job 3: Subtask generate_and_insert_data
[2024-06-28T18:20:12.345+0000] {task_command.py:426} INFO - Running <TaskInstance: example_dag.generate_and_insert_data scheduled__2023-01-01T00:00:00+00:00 [running]> on host 6570e5857071
[2024-06-28T18:20:12.380+0000] {taskinstance.py:2648} INFO - Exporting env vars: AIRFLOW_CTX_DAG_OWNER='airflow' AIRFLOW_CTX_DAG_ID='example_dag' AIRFLOW_CTX_TASK_ID='generate_and_insert_data' AIRFLOW_CTX_EXECUTION_DATE='2023-01-01T00:00:00+00:00' AIRFLOW_CTX_TRY_NUMBER='1' AIRFLOW_CTX_DAG_RUN_ID='scheduled__2023-01-01T00:00:00+00:00'
[2024-06-28T18:20:12.381+0000] {taskinstance.py:430} INFO - ::endgroup::
[2024-06-28T18:20:12.385+0000] {python.py:237} INFO - Done. Returned value was: None
[2024-06-28T18:20:12.385+0000] {taskinstance.py:441} INFO - ::group::Post task execution logs
[2024-06-28T18:20:12.390+0000] {taskinstance.py:1206} INFO - Marking task as SUCCESS. dag_id=example_dag, task_id=generate_and_insert_data, run_id=scheduled__2023-01-01T00:00:00+00:00, execution_date=20230101T000000, start_date=20240628T182012, end_date=20240628T182012
[2024-06-28T18:20:12.433+0000] {local_task_job_runner.py:240} INFO - Task exited with return code 0
[2024-06-28T18:20:12.441+0000] {taskinstance.py:3503} INFO - 0 downstream tasks scheduled from follow-on schedule check
[2024-06-28T18:20:12.441+0000] {local_task_job_runner.py:222} INFO - ::endgroup::
[2024-06-28T18:30:14.398+0000] {local_task_job_runner.py:120} INFO - ::group::Pre task execution logs
[2024-06-28T18:30:14.409+0000] {taskinstance.py:2076} INFO - Dependencies all met for dep_context=non-requeueable deps ti=<TaskInstance: example_dag.generate_and_insert_data scheduled__2023-01-01T00:00:00+00:00 [queued]>
[2024-06-28T18:30:14.411+0000] {taskinstance.py:2076} INFO - Dependencies all met for dep_context=requeueable deps ti=<TaskInstance: example_dag.generate_and_insert_data scheduled__2023-01-01T00:00:00+00:00 [queued]>
[2024-06-28T18:30:14.411+0000] {taskinstance.py:2306} INFO - Starting attempt 1 of 2
[2024-06-28T18:30:14.415+0000] {taskinstance.py:2330} INFO - Executing <Task(PythonOperator): generate_and_insert_data> on 2023-01-01 00:00:00+00:00
[2024-06-28T18:30:14.416+0000] {standard_task_runner.py:63} INFO - Started process 57 to run task
[2024-06-28T18:30:14.417+0000] {standard_task_runner.py:90} INFO - Running: ['airflow', 'tasks', 'run', 'example_dag', 'generate_and_insert_data', 'scheduled__2023-01-01T00:00:00+00:00', '--job-id', '3', '--raw', '--subdir', 'DAGS_FOLDER/example_dag.py', '--cfg-path', '/tmp/tmpmold4u1e']
[2024-06-28T18:30:14.418+0000] {standard_task_runner.py:91} INFO - Job 3: Subtask generate_and_insert_data
[2024-06-28T18:30:14.435+0000] {task_command.py:426} INFO - Running <TaskInstance: example_dag.generate_and_insert_data scheduled__2023-01-01T00:00:00+00:00 [running]> on host 50bf780463b8
[2024-06-28T18:30:14.460+0000] {taskinstance.py:2648} INFO - Exporting env vars: AIRFLOW_CTX_DAG_OWNER='airflow' AIRFLOW_CTX_DAG_ID='example_dag' AIRFLOW_CTX_TASK_ID='generate_and_insert_data' AIRFLOW_CTX_EXECUTION_DATE='2023-01-01T00:00:00+00:00' AIRFLOW_CTX_TRY_NUMBER='1' AIRFLOW_CTX_DAG_RUN_ID='scheduled__2023-01-01T00:00:00+00:00'
[2024-06-28T18:30:14.461+0000] {taskinstance.py:430} INFO - ::endgroup::
[2024-06-28T18:30:14.465+0000] {python.py:237} INFO - Done. Returned value was: None
[2024-06-28T18:30:14.465+0000] {taskinstance.py:441} INFO - ::group::Post task execution logs
[2024-06-28T18:30:14.469+0000] {taskinstance.py:1206} INFO - Marking task as SUCCESS. dag_id=example_dag, task_id=generate_and_insert_data, run_id=scheduled__2023-01-01T00:00:00+00:00, execution_date=20230101T000000, start_date=20240628T183014, end_date=20240628T183014
[2024-06-28T18:30:14.477+0000] {local_task_job_runner.py:240} INFO - Task exited with return code 0
[2024-06-28T18:30:14.483+0000] {taskinstance.py:3503} INFO - 0 downstream tasks scheduled from follow-on schedule check
[2024-06-28T18:30:14.484+0000] {local_task_job_runner.py:222} INFO - ::endgroup::
