[2024-07-06T18:10:20.925+0000] {taskinstance.py:1103} INFO - Dependencies all met for dep_context=non-requeueable deps ti=<TaskInstance: import_main_data.wait_for_init scheduled__2024-07-05T02:00:00+00:00 [queued]>
[2024-07-06T18:10:20.928+0000] {taskinstance.py:1103} INFO - Dependencies all met for dep_context=requeueable deps ti=<TaskInstance: import_main_data.wait_for_init scheduled__2024-07-05T02:00:00+00:00 [queued]>
[2024-07-06T18:10:20.929+0000] {taskinstance.py:1308} INFO - Starting attempt 1 of 2
[2024-07-06T18:10:20.933+0000] {taskinstance.py:1327} INFO - Executing <Task(ExternalTaskSensor): wait_for_init> on 2024-07-05 02:00:00+00:00
[2024-07-06T18:10:20.934+0000] {standard_task_runner.py:57} INFO - Started process 616 to run task
[2024-07-06T18:10:20.936+0000] {standard_task_runner.py:84} INFO - Running: ['airflow', 'tasks', 'run', 'import_main_data', 'wait_for_init', 'scheduled__2024-07-05T02:00:00+00:00', '--job-id', '804', '--raw', '--subdir', 'DAGS_FOLDER/import_raw_data.py', '--cfg-path', '/tmp/tmptw102tyl']
[2024-07-06T18:10:20.936+0000] {standard_task_runner.py:85} INFO - Job 804: Subtask wait_for_init
[2024-07-06T18:10:20.957+0000] {task_command.py:410} INFO - Running <TaskInstance: import_main_data.wait_for_init scheduled__2024-07-05T02:00:00+00:00 [running]> on host f6bf59d3e65b
[2024-07-06T18:10:20.991+0000] {taskinstance.py:1545} INFO - Exporting env vars: AIRFLOW_CTX_DAG_EMAIL='airflow@example.com' AIRFLOW_CTX_DAG_OWNER='airflow' AIRFLOW_CTX_DAG_ID='import_main_data' AIRFLOW_CTX_TASK_ID='wait_for_init' AIRFLOW_CTX_EXECUTION_DATE='2024-07-05T02:00:00+00:00' AIRFLOW_CTX_TRY_NUMBER='1' AIRFLOW_CTX_DAG_RUN_ID='scheduled__2024-07-05T02:00:00+00:00'
[2024-07-06T18:10:20.995+0000] {external_task.py:247} INFO - Poking for DAG 'initialize_etl_environment' on 2024-07-05T02:00:00+00:00 ... 
[2024-07-06T18:10:21.007+0000] {taskinstance.py:1784} INFO - Rescheduling task, marking task as UP_FOR_RESCHEDULE
[2024-07-06T18:10:21.035+0000] {local_task_job_runner.py:225} INFO - Task exited with return code 0
[2024-07-06T18:10:21.047+0000] {taskinstance.py:2651} INFO - 0 downstream tasks scheduled from follow-on schedule check
[2024-07-06T18:11:22.445+0000] {taskinstance.py:1103} INFO - Dependencies all met for dep_context=non-requeueable deps ti=<TaskInstance: import_main_data.wait_for_init scheduled__2024-07-05T02:00:00+00:00 [queued]>
[2024-07-06T18:11:22.448+0000] {taskinstance.py:1103} INFO - Dependencies all met for dep_context=requeueable deps ti=<TaskInstance: import_main_data.wait_for_init scheduled__2024-07-05T02:00:00+00:00 [queued]>
[2024-07-06T18:11:22.448+0000] {taskinstance.py:1308} INFO - Starting attempt 1 of 2
[2024-07-06T18:11:22.452+0000] {taskinstance.py:1327} INFO - Executing <Task(ExternalTaskSensor): wait_for_init> on 2024-07-05 02:00:00+00:00
[2024-07-06T18:11:22.454+0000] {standard_task_runner.py:57} INFO - Started process 680 to run task
[2024-07-06T18:11:22.455+0000] {standard_task_runner.py:84} INFO - Running: ['airflow', 'tasks', 'run', 'import_main_data', 'wait_for_init', 'scheduled__2024-07-05T02:00:00+00:00', '--job-id', '820', '--raw', '--subdir', 'DAGS_FOLDER/import_raw_data.py', '--cfg-path', '/tmp/tmpexowluwn']
[2024-07-06T18:11:22.456+0000] {standard_task_runner.py:85} INFO - Job 820: Subtask wait_for_init
[2024-07-06T18:11:22.476+0000] {task_command.py:410} INFO - Running <TaskInstance: import_main_data.wait_for_init scheduled__2024-07-05T02:00:00+00:00 [running]> on host f6bf59d3e65b
[2024-07-06T18:11:22.509+0000] {taskinstance.py:1545} INFO - Exporting env vars: AIRFLOW_CTX_DAG_EMAIL='airflow@example.com' AIRFLOW_CTX_DAG_OWNER='airflow' AIRFLOW_CTX_DAG_ID='import_main_data' AIRFLOW_CTX_TASK_ID='wait_for_init' AIRFLOW_CTX_EXECUTION_DATE='2024-07-05T02:00:00+00:00' AIRFLOW_CTX_TRY_NUMBER='1' AIRFLOW_CTX_DAG_RUN_ID='scheduled__2024-07-05T02:00:00+00:00'
[2024-07-06T18:11:22.514+0000] {external_task.py:247} INFO - Poking for DAG 'initialize_etl_environment' on 2024-07-05T02:00:00+00:00 ... 
[2024-07-06T18:11:22.525+0000] {taskinstance.py:1784} INFO - Rescheduling task, marking task as UP_FOR_RESCHEDULE
[2024-07-06T18:11:22.565+0000] {local_task_job_runner.py:225} INFO - Task exited with return code 0
[2024-07-06T18:11:22.579+0000] {taskinstance.py:2651} INFO - 0 downstream tasks scheduled from follow-on schedule check
[2024-07-06T18:12:24.063+0000] {taskinstance.py:1103} INFO - Dependencies all met for dep_context=non-requeueable deps ti=<TaskInstance: import_main_data.wait_for_init scheduled__2024-07-05T02:00:00+00:00 [queued]>
[2024-07-06T18:12:24.067+0000] {taskinstance.py:1103} INFO - Dependencies all met for dep_context=requeueable deps ti=<TaskInstance: import_main_data.wait_for_init scheduled__2024-07-05T02:00:00+00:00 [queued]>
[2024-07-06T18:12:24.067+0000] {taskinstance.py:1308} INFO - Starting attempt 1 of 2
[2024-07-06T18:12:24.071+0000] {taskinstance.py:1327} INFO - Executing <Task(ExternalTaskSensor): wait_for_init> on 2024-07-05 02:00:00+00:00
[2024-07-06T18:12:24.072+0000] {standard_task_runner.py:57} INFO - Started process 744 to run task
[2024-07-06T18:12:24.073+0000] {standard_task_runner.py:84} INFO - Running: ['airflow', 'tasks', 'run', 'import_main_data', 'wait_for_init', 'scheduled__2024-07-05T02:00:00+00:00', '--job-id', '836', '--raw', '--subdir', 'DAGS_FOLDER/import_raw_data.py', '--cfg-path', '/tmp/tmp9iynfhqb']
[2024-07-06T18:12:24.074+0000] {standard_task_runner.py:85} INFO - Job 836: Subtask wait_for_init
[2024-07-06T18:12:24.092+0000] {task_command.py:410} INFO - Running <TaskInstance: import_main_data.wait_for_init scheduled__2024-07-05T02:00:00+00:00 [running]> on host f6bf59d3e65b
[2024-07-06T18:12:24.123+0000] {taskinstance.py:1545} INFO - Exporting env vars: AIRFLOW_CTX_DAG_EMAIL='airflow@example.com' AIRFLOW_CTX_DAG_OWNER='airflow' AIRFLOW_CTX_DAG_ID='import_main_data' AIRFLOW_CTX_TASK_ID='wait_for_init' AIRFLOW_CTX_EXECUTION_DATE='2024-07-05T02:00:00+00:00' AIRFLOW_CTX_TRY_NUMBER='1' AIRFLOW_CTX_DAG_RUN_ID='scheduled__2024-07-05T02:00:00+00:00'
[2024-07-06T18:12:24.127+0000] {external_task.py:247} INFO - Poking for DAG 'initialize_etl_environment' on 2024-07-05T02:00:00+00:00 ... 
[2024-07-06T18:12:24.139+0000] {taskinstance.py:1784} INFO - Rescheduling task, marking task as UP_FOR_RESCHEDULE
[2024-07-06T18:12:24.174+0000] {local_task_job_runner.py:225} INFO - Task exited with return code 0
[2024-07-06T18:12:24.186+0000] {taskinstance.py:2651} INFO - 0 downstream tasks scheduled from follow-on schedule check
[2024-07-06T18:13:26.433+0000] {taskinstance.py:1103} INFO - Dependencies all met for dep_context=non-requeueable deps ti=<TaskInstance: import_main_data.wait_for_init scheduled__2024-07-05T02:00:00+00:00 [queued]>
[2024-07-06T18:13:26.440+0000] {taskinstance.py:1103} INFO - Dependencies all met for dep_context=requeueable deps ti=<TaskInstance: import_main_data.wait_for_init scheduled__2024-07-05T02:00:00+00:00 [queued]>
[2024-07-06T18:13:26.440+0000] {taskinstance.py:1308} INFO - Starting attempt 1 of 2
[2024-07-06T18:13:26.445+0000] {taskinstance.py:1327} INFO - Executing <Task(ExternalTaskSensor): wait_for_init> on 2024-07-05 02:00:00+00:00
[2024-07-06T18:13:26.447+0000] {standard_task_runner.py:57} INFO - Started process 810 to run task
[2024-07-06T18:13:26.448+0000] {standard_task_runner.py:84} INFO - Running: ['airflow', 'tasks', 'run', 'import_main_data', 'wait_for_init', 'scheduled__2024-07-05T02:00:00+00:00', '--job-id', '852', '--raw', '--subdir', 'DAGS_FOLDER/import_raw_data.py', '--cfg-path', '/tmp/tmpwzdakd5z']
[2024-07-06T18:13:26.449+0000] {standard_task_runner.py:85} INFO - Job 852: Subtask wait_for_init
[2024-07-06T18:13:26.473+0000] {task_command.py:410} INFO - Running <TaskInstance: import_main_data.wait_for_init scheduled__2024-07-05T02:00:00+00:00 [running]> on host f6bf59d3e65b
[2024-07-06T18:13:26.509+0000] {taskinstance.py:1545} INFO - Exporting env vars: AIRFLOW_CTX_DAG_EMAIL='airflow@example.com' AIRFLOW_CTX_DAG_OWNER='airflow' AIRFLOW_CTX_DAG_ID='import_main_data' AIRFLOW_CTX_TASK_ID='wait_for_init' AIRFLOW_CTX_EXECUTION_DATE='2024-07-05T02:00:00+00:00' AIRFLOW_CTX_TRY_NUMBER='1' AIRFLOW_CTX_DAG_RUN_ID='scheduled__2024-07-05T02:00:00+00:00'
[2024-07-06T18:13:26.514+0000] {external_task.py:247} INFO - Poking for DAG 'initialize_etl_environment' on 2024-07-05T02:00:00+00:00 ... 
[2024-07-06T18:13:26.526+0000] {taskinstance.py:1784} INFO - Rescheduling task, marking task as UP_FOR_RESCHEDULE
[2024-07-06T18:13:26.551+0000] {local_task_job_runner.py:225} INFO - Task exited with return code 0
[2024-07-06T18:13:26.565+0000] {taskinstance.py:2651} INFO - 0 downstream tasks scheduled from follow-on schedule check
[2024-07-06T18:14:28.157+0000] {taskinstance.py:1103} INFO - Dependencies all met for dep_context=non-requeueable deps ti=<TaskInstance: import_main_data.wait_for_init scheduled__2024-07-05T02:00:00+00:00 [queued]>
[2024-07-06T18:14:28.160+0000] {taskinstance.py:1103} INFO - Dependencies all met for dep_context=requeueable deps ti=<TaskInstance: import_main_data.wait_for_init scheduled__2024-07-05T02:00:00+00:00 [queued]>
[2024-07-06T18:14:28.160+0000] {taskinstance.py:1308} INFO - Starting attempt 1 of 2
[2024-07-06T18:14:28.164+0000] {taskinstance.py:1327} INFO - Executing <Task(ExternalTaskSensor): wait_for_init> on 2024-07-05 02:00:00+00:00
[2024-07-06T18:14:28.166+0000] {standard_task_runner.py:57} INFO - Started process 875 to run task
[2024-07-06T18:14:28.167+0000] {standard_task_runner.py:84} INFO - Running: ['airflow', 'tasks', 'run', 'import_main_data', 'wait_for_init', 'scheduled__2024-07-05T02:00:00+00:00', '--job-id', '868', '--raw', '--subdir', 'DAGS_FOLDER/import_raw_data.py', '--cfg-path', '/tmp/tmplbe9mq9k']
[2024-07-06T18:14:28.168+0000] {standard_task_runner.py:85} INFO - Job 868: Subtask wait_for_init
[2024-07-06T18:14:28.188+0000] {task_command.py:410} INFO - Running <TaskInstance: import_main_data.wait_for_init scheduled__2024-07-05T02:00:00+00:00 [running]> on host f6bf59d3e65b
[2024-07-06T18:14:28.224+0000] {taskinstance.py:1545} INFO - Exporting env vars: AIRFLOW_CTX_DAG_EMAIL='airflow@example.com' AIRFLOW_CTX_DAG_OWNER='airflow' AIRFLOW_CTX_DAG_ID='import_main_data' AIRFLOW_CTX_TASK_ID='wait_for_init' AIRFLOW_CTX_EXECUTION_DATE='2024-07-05T02:00:00+00:00' AIRFLOW_CTX_TRY_NUMBER='1' AIRFLOW_CTX_DAG_RUN_ID='scheduled__2024-07-05T02:00:00+00:00'
[2024-07-06T18:14:28.229+0000] {external_task.py:247} INFO - Poking for DAG 'initialize_etl_environment' on 2024-07-05T02:00:00+00:00 ... 
[2024-07-06T18:14:28.243+0000] {taskinstance.py:1784} INFO - Rescheduling task, marking task as UP_FOR_RESCHEDULE
[2024-07-06T18:14:28.269+0000] {local_task_job_runner.py:225} INFO - Task exited with return code 0
[2024-07-06T18:14:28.281+0000] {taskinstance.py:2651} INFO - 0 downstream tasks scheduled from follow-on schedule check
