[2024-06-27T22:36:49.335+0000] {local_task_job_runner.py:120} INFO - ::group::Pre task execution logs
[2024-06-27T22:36:49.347+0000] {taskinstance.py:2076} INFO - Dependencies all met for dep_context=non-requeueable deps ti=<TaskInstance: ecomm_data_pipeline.generate_and_insert_data scheduled__2023-01-01T19:20:00+00:00 [queued]>
[2024-06-27T22:36:49.349+0000] {taskinstance.py:2076} INFO - Dependencies all met for dep_context=requeueable deps ti=<TaskInstance: ecomm_data_pipeline.generate_and_insert_data scheduled__2023-01-01T19:20:00+00:00 [queued]>
[2024-06-27T22:36:49.350+0000] {taskinstance.py:2306} INFO - Starting attempt 1 of 2
[2024-06-27T22:36:49.354+0000] {taskinstance.py:2330} INFO - Executing <Task(PythonOperator): generate_and_insert_data> on 2023-01-01 19:20:00+00:00
[2024-06-27T22:36:49.356+0000] {standard_task_runner.py:63} INFO - Started process 1968 to run task
[2024-06-27T22:36:49.357+0000] {standard_task_runner.py:90} INFO - Running: ['airflow', 'tasks', 'run', 'ecomm_data_pipeline', 'generate_and_insert_data', 'scheduled__2023-01-01T19:20:00+00:00', '--job-id', '135', '--raw', '--subdir', 'DAGS_FOLDER/ecomm_dag.py', '--cfg-path', '/tmp/tmpzi7l3yh0']
[2024-06-27T22:36:49.358+0000] {standard_task_runner.py:91} INFO - Job 135: Subtask generate_and_insert_data
[2024-06-27T22:36:49.376+0000] {task_command.py:426} INFO - Running <TaskInstance: ecomm_data_pipeline.generate_and_insert_data scheduled__2023-01-01T19:20:00+00:00 [running]> on host 9174587f6b1d
[2024-06-27T22:36:49.410+0000] {taskinstance.py:2648} INFO - Exporting env vars: AIRFLOW_CTX_DAG_OWNER='airflow' AIRFLOW_CTX_DAG_ID='ecomm_data_pipeline' AIRFLOW_CTX_TASK_ID='generate_and_insert_data' AIRFLOW_CTX_EXECUTION_DATE='2023-01-01T19:20:00+00:00' AIRFLOW_CTX_TRY_NUMBER='1' AIRFLOW_CTX_DAG_RUN_ID='scheduled__2023-01-01T19:20:00+00:00'
[2024-06-27T22:36:49.410+0000] {taskinstance.py:430} INFO - ::endgroup::
[2024-06-27T22:36:49.445+0000] {logging_mixin.py:188} INFO - Error in generate_and_insert_data: Command '['python3', './generator/ecomm_generator.py']' returned non-zero exit status 2.
[2024-06-27T22:36:49.446+0000] {python.py:237} INFO - Done. Returned value was: None
[2024-06-27T22:36:49.446+0000] {taskinstance.py:441} INFO - ::group::Post task execution logs
[2024-06-27T22:36:49.451+0000] {taskinstance.py:1206} INFO - Marking task as SUCCESS. dag_id=ecomm_data_pipeline, task_id=generate_and_insert_data, run_id=scheduled__2023-01-01T19:20:00+00:00, execution_date=20230101T192000, start_date=20240627T223649, end_date=20240627T223649
[2024-06-27T22:36:49.498+0000] {local_task_job_runner.py:240} INFO - Task exited with return code 0
[2024-06-27T22:36:49.505+0000] {taskinstance.py:3503} INFO - 0 downstream tasks scheduled from follow-on schedule check
[2024-06-27T22:36:49.506+0000] {local_task_job_runner.py:222} INFO - ::endgroup::
[2024-06-29T21:40:15.987+0000] {local_task_job_runner.py:120} INFO - ::group::Pre task execution logs
[2024-06-29T21:40:15.997+0000] {taskinstance.py:2076} INFO - Dependencies all met for dep_context=non-requeueable deps ti=<TaskInstance: ecomm_data_pipeline.generate_and_insert_data scheduled__2023-01-01T19:20:00+00:00 [queued]>
[2024-06-29T21:40:15.999+0000] {taskinstance.py:2076} INFO - Dependencies all met for dep_context=requeueable deps ti=<TaskInstance: ecomm_data_pipeline.generate_and_insert_data scheduled__2023-01-01T19:20:00+00:00 [queued]>
[2024-06-29T21:40:16.000+0000] {taskinstance.py:2306} INFO - Starting attempt 1 of 2
[2024-06-29T21:40:16.004+0000] {taskinstance.py:2330} INFO - Executing <Task(PythonOperator): generate_and_insert_data> on 2023-01-01 19:20:00+00:00
[2024-06-29T21:40:16.006+0000] {standard_task_runner.py:63} INFO - Started process 1728 to run task
[2024-06-29T21:40:16.007+0000] {standard_task_runner.py:90} INFO - Running: ['airflow', 'tasks', 'run', 'ecomm_data_pipeline', 'generate_and_insert_data', 'scheduled__2023-01-01T19:20:00+00:00', '--job-id', '118', '--raw', '--subdir', 'DAGS_FOLDER/ecomm_dag.py', '--cfg-path', '/tmp/tmpjgy8w8ad']
[2024-06-29T21:40:16.007+0000] {standard_task_runner.py:91} INFO - Job 118: Subtask generate_and_insert_data
[2024-06-29T21:40:16.024+0000] {task_command.py:426} INFO - Running <TaskInstance: ecomm_data_pipeline.generate_and_insert_data scheduled__2023-01-01T19:20:00+00:00 [running]> on host afcb6fbf9265
[2024-06-29T21:40:16.053+0000] {taskinstance.py:2648} INFO - Exporting env vars: AIRFLOW_CTX_DAG_OWNER='airflow' AIRFLOW_CTX_DAG_ID='ecomm_data_pipeline' AIRFLOW_CTX_TASK_ID='generate_and_insert_data' AIRFLOW_CTX_EXECUTION_DATE='2023-01-01T19:20:00+00:00' AIRFLOW_CTX_TRY_NUMBER='1' AIRFLOW_CTX_DAG_RUN_ID='scheduled__2023-01-01T19:20:00+00:00'
[2024-06-29T21:40:16.053+0000] {taskinstance.py:430} INFO - ::endgroup::
[2024-06-29T21:40:16.110+0000] {logging_mixin.py:188} INFO - Error in generate_and_insert_data: Command '['python3', '/opt/airflow/generator/ecomm_generator.py']' returned non-zero exit status 1.
[2024-06-29T21:40:16.110+0000] {logging_mixin.py:188} INFO - stdout: 
[2024-06-29T21:40:16.110+0000] {logging_mixin.py:188} INFO - stderr: Traceback (most recent call last):
  File "/opt/airflow/generator/ecomm_generator.py", line 4, in <module>
    from faker import Faker
ModuleNotFoundError: No module named 'faker'
[2024-06-29T21:40:16.110+0000] {python.py:237} INFO - Done. Returned value was: None
[2024-06-29T21:40:16.111+0000] {taskinstance.py:441} INFO - ::group::Post task execution logs
[2024-06-29T21:40:16.115+0000] {taskinstance.py:1206} INFO - Marking task as SUCCESS. dag_id=ecomm_data_pipeline, task_id=generate_and_insert_data, run_id=scheduled__2023-01-01T19:20:00+00:00, execution_date=20230101T192000, start_date=20240629T214015, end_date=20240629T214016
[2024-06-29T21:40:16.151+0000] {local_task_job_runner.py:240} INFO - Task exited with return code 0
[2024-06-29T21:40:16.158+0000] {taskinstance.py:3503} INFO - 0 downstream tasks scheduled from follow-on schedule check
[2024-06-29T21:40:16.158+0000] {local_task_job_runner.py:222} INFO - ::endgroup::
[2024-06-29T22:04:03.933+0000] {local_task_job_runner.py:120} INFO - ::group::Pre task execution logs
[2024-06-29T22:04:03.943+0000] {taskinstance.py:2076} INFO - Dependencies all met for dep_context=non-requeueable deps ti=<TaskInstance: ecomm_data_pipeline.generate_and_insert_data scheduled__2023-01-01T19:20:00+00:00 [queued]>
[2024-06-29T22:04:03.946+0000] {taskinstance.py:2076} INFO - Dependencies all met for dep_context=requeueable deps ti=<TaskInstance: ecomm_data_pipeline.generate_and_insert_data scheduled__2023-01-01T19:20:00+00:00 [queued]>
[2024-06-29T22:04:03.946+0000] {taskinstance.py:2306} INFO - Starting attempt 1 of 2
[2024-06-29T22:04:03.951+0000] {taskinstance.py:2330} INFO - Executing <Task(PythonOperator): generate_and_insert_data> on 2023-01-01 19:20:00+00:00
[2024-06-29T22:04:03.953+0000] {standard_task_runner.py:63} INFO - Started process 1728 to run task
[2024-06-29T22:04:03.955+0000] {standard_task_runner.py:90} INFO - Running: ['airflow', 'tasks', 'run', 'ecomm_data_pipeline', 'generate_and_insert_data', 'scheduled__2023-01-01T19:20:00+00:00', '--job-id', '118', '--raw', '--subdir', 'DAGS_FOLDER/ecomm_dag.py', '--cfg-path', '/tmp/tmpfaz7kfpq']
[2024-06-29T22:04:03.956+0000] {standard_task_runner.py:91} INFO - Job 118: Subtask generate_and_insert_data
[2024-06-29T22:04:03.977+0000] {task_command.py:426} INFO - Running <TaskInstance: ecomm_data_pipeline.generate_and_insert_data scheduled__2023-01-01T19:20:00+00:00 [running]> on host 799998b0d26e
[2024-06-29T22:04:04.010+0000] {taskinstance.py:2648} INFO - Exporting env vars: AIRFLOW_CTX_DAG_OWNER='airflow' AIRFLOW_CTX_DAG_ID='ecomm_data_pipeline' AIRFLOW_CTX_TASK_ID='generate_and_insert_data' AIRFLOW_CTX_EXECUTION_DATE='2023-01-01T19:20:00+00:00' AIRFLOW_CTX_TRY_NUMBER='1' AIRFLOW_CTX_DAG_RUN_ID='scheduled__2023-01-01T19:20:00+00:00'
[2024-06-29T22:04:04.010+0000] {taskinstance.py:430} INFO - ::endgroup::
[2024-06-29T22:04:04.067+0000] {logging_mixin.py:188} INFO - Error in generate_and_insert_data: Command '['python3', '/opt/airflow/generator/ecomm_generator.py']' returned non-zero exit status 1.
[2024-06-29T22:04:04.067+0000] {logging_mixin.py:188} INFO - stdout: 
[2024-06-29T22:04:04.069+0000] {logging_mixin.py:188} INFO - stderr: Traceback (most recent call last):
  File "/opt/airflow/generator/ecomm_generator.py", line 4, in <module>
    from faker import Faker
ModuleNotFoundError: No module named 'faker'
[2024-06-29T22:04:04.069+0000] {python.py:237} INFO - Done. Returned value was: None
[2024-06-29T22:04:04.069+0000] {taskinstance.py:441} INFO - ::group::Post task execution logs
[2024-06-29T22:04:04.074+0000] {taskinstance.py:1206} INFO - Marking task as SUCCESS. dag_id=ecomm_data_pipeline, task_id=generate_and_insert_data, run_id=scheduled__2023-01-01T19:20:00+00:00, execution_date=20230101T192000, start_date=20240629T220403, end_date=20240629T220404
[2024-06-29T22:04:04.094+0000] {local_task_job_runner.py:240} INFO - Task exited with return code 0
[2024-06-29T22:04:04.102+0000] {taskinstance.py:3503} INFO - 0 downstream tasks scheduled from follow-on schedule check
[2024-06-29T22:04:04.102+0000] {local_task_job_runner.py:222} INFO - ::endgroup::
