[2024-06-27T22:35:36.193+0000] {local_task_job_runner.py:120} INFO - ::group::Pre task execution logs
[2024-06-27T22:35:36.202+0000] {taskinstance.py:2076} INFO - Dependencies all met for dep_context=non-requeueable deps ti=<TaskInstance: ecomm_data_pipeline.generate_and_insert_data scheduled__2023-01-01T12:50:00+00:00 [queued]>
[2024-06-27T22:35:36.205+0000] {taskinstance.py:2076} INFO - Dependencies all met for dep_context=requeueable deps ti=<TaskInstance: ecomm_data_pipeline.generate_and_insert_data scheduled__2023-01-01T12:50:00+00:00 [queued]>
[2024-06-27T22:35:36.205+0000] {taskinstance.py:2306} INFO - Starting attempt 1 of 2
[2024-06-27T22:35:36.209+0000] {taskinstance.py:2330} INFO - Executing <Task(PythonOperator): generate_and_insert_data> on 2023-01-01 12:50:00+00:00
[2024-06-27T22:35:36.211+0000] {standard_task_runner.py:63} INFO - Started process 1392 to run task
[2024-06-27T22:35:36.212+0000] {standard_task_runner.py:90} INFO - Running: ['airflow', 'tasks', 'run', 'ecomm_data_pipeline', 'generate_and_insert_data', 'scheduled__2023-01-01T12:50:00+00:00', '--job-id', '96', '--raw', '--subdir', 'DAGS_FOLDER/ecomm_dag.py', '--cfg-path', '/tmp/tmp_yvtjtq_']
[2024-06-27T22:35:36.212+0000] {standard_task_runner.py:91} INFO - Job 96: Subtask generate_and_insert_data
[2024-06-27T22:35:36.228+0000] {task_command.py:426} INFO - Running <TaskInstance: ecomm_data_pipeline.generate_and_insert_data scheduled__2023-01-01T12:50:00+00:00 [running]> on host 9174587f6b1d
[2024-06-27T22:35:36.255+0000] {taskinstance.py:2648} INFO - Exporting env vars: AIRFLOW_CTX_DAG_OWNER='airflow' AIRFLOW_CTX_DAG_ID='ecomm_data_pipeline' AIRFLOW_CTX_TASK_ID='generate_and_insert_data' AIRFLOW_CTX_EXECUTION_DATE='2023-01-01T12:50:00+00:00' AIRFLOW_CTX_TRY_NUMBER='1' AIRFLOW_CTX_DAG_RUN_ID='scheduled__2023-01-01T12:50:00+00:00'
[2024-06-27T22:35:36.256+0000] {taskinstance.py:430} INFO - ::endgroup::
[2024-06-27T22:35:36.288+0000] {logging_mixin.py:188} INFO - Error in generate_and_insert_data: Command '['python3', './generator/ecomm_generator.py']' returned non-zero exit status 2.
[2024-06-27T22:35:36.288+0000] {python.py:237} INFO - Done. Returned value was: None
[2024-06-27T22:35:36.289+0000] {taskinstance.py:441} INFO - ::group::Post task execution logs
[2024-06-27T22:35:36.293+0000] {taskinstance.py:1206} INFO - Marking task as SUCCESS. dag_id=ecomm_data_pipeline, task_id=generate_and_insert_data, run_id=scheduled__2023-01-01T12:50:00+00:00, execution_date=20230101T125000, start_date=20240627T223536, end_date=20240627T223536
[2024-06-27T22:35:36.311+0000] {local_task_job_runner.py:240} INFO - Task exited with return code 0
[2024-06-27T22:35:36.317+0000] {taskinstance.py:3503} INFO - 0 downstream tasks scheduled from follow-on schedule check
[2024-06-27T22:35:36.318+0000] {local_task_job_runner.py:222} INFO - ::endgroup::
[2024-06-28T18:17:03.465+0000] {local_task_job_runner.py:120} INFO - ::group::Pre task execution logs
[2024-06-28T18:17:03.475+0000] {taskinstance.py:2076} INFO - Dependencies all met for dep_context=non-requeueable deps ti=<TaskInstance: ecomm_data_pipeline.generate_and_insert_data scheduled__2023-01-01T12:50:00+00:00 [queued]>
[2024-06-28T18:17:03.478+0000] {taskinstance.py:2076} INFO - Dependencies all met for dep_context=requeueable deps ti=<TaskInstance: ecomm_data_pipeline.generate_and_insert_data scheduled__2023-01-01T12:50:00+00:00 [queued]>
[2024-06-28T18:17:03.478+0000] {taskinstance.py:2306} INFO - Starting attempt 1 of 2
[2024-06-28T18:17:03.482+0000] {taskinstance.py:2330} INFO - Executing <Task(PythonOperator): generate_and_insert_data> on 2023-01-01 12:50:00+00:00
[2024-06-28T18:17:03.484+0000] {standard_task_runner.py:63} INFO - Started process 2215 to run task
[2024-06-28T18:17:03.485+0000] {standard_task_runner.py:90} INFO - Running: ['airflow', 'tasks', 'run', 'ecomm_data_pipeline', 'generate_and_insert_data', 'scheduled__2023-01-01T12:50:00+00:00', '--job-id', '157', '--raw', '--subdir', 'DAGS_FOLDER/ecomm_dag.py', '--cfg-path', '/tmp/tmpsxt3zd98']
[2024-06-28T18:17:03.486+0000] {standard_task_runner.py:91} INFO - Job 157: Subtask generate_and_insert_data
[2024-06-28T18:17:03.502+0000] {task_command.py:426} INFO - Running <TaskInstance: ecomm_data_pipeline.generate_and_insert_data scheduled__2023-01-01T12:50:00+00:00 [running]> on host 08cefd381a1f
[2024-06-28T18:17:03.531+0000] {taskinstance.py:2648} INFO - Exporting env vars: AIRFLOW_CTX_DAG_OWNER='airflow' AIRFLOW_CTX_DAG_ID='ecomm_data_pipeline' AIRFLOW_CTX_TASK_ID='generate_and_insert_data' AIRFLOW_CTX_EXECUTION_DATE='2023-01-01T12:50:00+00:00' AIRFLOW_CTX_TRY_NUMBER='1' AIRFLOW_CTX_DAG_RUN_ID='scheduled__2023-01-01T12:50:00+00:00'
[2024-06-28T18:17:03.531+0000] {taskinstance.py:430} INFO - ::endgroup::
[2024-06-28T18:17:03.588+0000] {logging_mixin.py:188} INFO - Error in generate_and_insert_data: Command '['python3', '/opt/airflow/generator/ecomm_generator.py']' returned non-zero exit status 1.
[2024-06-28T18:17:03.588+0000] {logging_mixin.py:188} INFO - stdout: 
[2024-06-28T18:17:03.588+0000] {logging_mixin.py:188} INFO - stderr: Traceback (most recent call last):
  File "/opt/airflow/generator/ecomm_generator.py", line 4, in <module>
    from faker import Faker
ModuleNotFoundError: No module named 'faker'
[2024-06-28T18:17:03.588+0000] {python.py:237} INFO - Done. Returned value was: None
[2024-06-28T18:17:03.589+0000] {taskinstance.py:441} INFO - ::group::Post task execution logs
[2024-06-28T18:17:03.593+0000] {taskinstance.py:1206} INFO - Marking task as SUCCESS. dag_id=ecomm_data_pipeline, task_id=generate_and_insert_data, run_id=scheduled__2023-01-01T12:50:00+00:00, execution_date=20230101T125000, start_date=20240628T181703, end_date=20240628T181703
[2024-06-28T18:17:03.630+0000] {local_task_job_runner.py:240} INFO - Task exited with return code 0
[2024-06-28T18:17:03.636+0000] {taskinstance.py:3503} INFO - 0 downstream tasks scheduled from follow-on schedule check
[2024-06-28T18:17:03.637+0000] {local_task_job_runner.py:222} INFO - ::endgroup::
[2024-06-29T21:39:01.762+0000] {local_task_job_runner.py:120} INFO - ::group::Pre task execution logs
[2024-06-29T21:39:01.772+0000] {taskinstance.py:2076} INFO - Dependencies all met for dep_context=non-requeueable deps ti=<TaskInstance: ecomm_data_pipeline.generate_and_insert_data scheduled__2023-01-01T12:50:00+00:00 [queued]>
[2024-06-29T21:39:01.774+0000] {taskinstance.py:2076} INFO - Dependencies all met for dep_context=requeueable deps ti=<TaskInstance: ecomm_data_pipeline.generate_and_insert_data scheduled__2023-01-01T12:50:00+00:00 [queued]>
[2024-06-29T21:39:01.775+0000] {taskinstance.py:2306} INFO - Starting attempt 1 of 2
[2024-06-29T21:39:01.779+0000] {taskinstance.py:2330} INFO - Executing <Task(PythonOperator): generate_and_insert_data> on 2023-01-01 12:50:00+00:00
[2024-06-29T21:39:01.781+0000] {standard_task_runner.py:63} INFO - Started process 1155 to run task
[2024-06-29T21:39:01.782+0000] {standard_task_runner.py:90} INFO - Running: ['airflow', 'tasks', 'run', 'ecomm_data_pipeline', 'generate_and_insert_data', 'scheduled__2023-01-01T12:50:00+00:00', '--job-id', '79', '--raw', '--subdir', 'DAGS_FOLDER/ecomm_dag.py', '--cfg-path', '/tmp/tmpo0czlqa6']
[2024-06-29T21:39:01.782+0000] {standard_task_runner.py:91} INFO - Job 79: Subtask generate_and_insert_data
[2024-06-29T21:39:01.799+0000] {task_command.py:426} INFO - Running <TaskInstance: ecomm_data_pipeline.generate_and_insert_data scheduled__2023-01-01T12:50:00+00:00 [running]> on host afcb6fbf9265
[2024-06-29T21:39:01.830+0000] {taskinstance.py:2648} INFO - Exporting env vars: AIRFLOW_CTX_DAG_OWNER='airflow' AIRFLOW_CTX_DAG_ID='ecomm_data_pipeline' AIRFLOW_CTX_TASK_ID='generate_and_insert_data' AIRFLOW_CTX_EXECUTION_DATE='2023-01-01T12:50:00+00:00' AIRFLOW_CTX_TRY_NUMBER='1' AIRFLOW_CTX_DAG_RUN_ID='scheduled__2023-01-01T12:50:00+00:00'
[2024-06-29T21:39:01.830+0000] {taskinstance.py:430} INFO - ::endgroup::
[2024-06-29T21:39:01.886+0000] {logging_mixin.py:188} INFO - Error in generate_and_insert_data: Command '['python3', '/opt/airflow/generator/ecomm_generator.py']' returned non-zero exit status 1.
[2024-06-29T21:39:01.886+0000] {logging_mixin.py:188} INFO - stdout: 
[2024-06-29T21:39:01.887+0000] {logging_mixin.py:188} INFO - stderr: Traceback (most recent call last):
  File "/opt/airflow/generator/ecomm_generator.py", line 4, in <module>
    from faker import Faker
ModuleNotFoundError: No module named 'faker'
[2024-06-29T21:39:01.887+0000] {python.py:237} INFO - Done. Returned value was: None
[2024-06-29T21:39:01.887+0000] {taskinstance.py:441} INFO - ::group::Post task execution logs
[2024-06-29T21:39:01.892+0000] {taskinstance.py:1206} INFO - Marking task as SUCCESS. dag_id=ecomm_data_pipeline, task_id=generate_and_insert_data, run_id=scheduled__2023-01-01T12:50:00+00:00, execution_date=20230101T125000, start_date=20240629T213901, end_date=20240629T213901
[2024-06-29T21:39:01.929+0000] {local_task_job_runner.py:240} INFO - Task exited with return code 0
[2024-06-29T21:39:01.936+0000] {taskinstance.py:3503} INFO - 0 downstream tasks scheduled from follow-on schedule check
[2024-06-29T21:39:01.937+0000] {local_task_job_runner.py:222} INFO - ::endgroup::
[2024-06-29T22:02:49.922+0000] {local_task_job_runner.py:120} INFO - ::group::Pre task execution logs
[2024-06-29T22:02:49.934+0000] {taskinstance.py:2076} INFO - Dependencies all met for dep_context=non-requeueable deps ti=<TaskInstance: ecomm_data_pipeline.generate_and_insert_data scheduled__2023-01-01T12:50:00+00:00 [queued]>
[2024-06-29T22:02:49.936+0000] {taskinstance.py:2076} INFO - Dependencies all met for dep_context=requeueable deps ti=<TaskInstance: ecomm_data_pipeline.generate_and_insert_data scheduled__2023-01-01T12:50:00+00:00 [queued]>
[2024-06-29T22:02:49.937+0000] {taskinstance.py:2306} INFO - Starting attempt 1 of 2
[2024-06-29T22:02:49.941+0000] {taskinstance.py:2330} INFO - Executing <Task(PythonOperator): generate_and_insert_data> on 2023-01-01 12:50:00+00:00
[2024-06-29T22:02:49.943+0000] {standard_task_runner.py:63} INFO - Started process 1155 to run task
[2024-06-29T22:02:49.944+0000] {standard_task_runner.py:90} INFO - Running: ['airflow', 'tasks', 'run', 'ecomm_data_pipeline', 'generate_and_insert_data', 'scheduled__2023-01-01T12:50:00+00:00', '--job-id', '79', '--raw', '--subdir', 'DAGS_FOLDER/ecomm_dag.py', '--cfg-path', '/tmp/tmp9qzk16lb']
[2024-06-29T22:02:49.945+0000] {standard_task_runner.py:91} INFO - Job 79: Subtask generate_and_insert_data
[2024-06-29T22:02:49.963+0000] {task_command.py:426} INFO - Running <TaskInstance: ecomm_data_pipeline.generate_and_insert_data scheduled__2023-01-01T12:50:00+00:00 [running]> on host 799998b0d26e
[2024-06-29T22:02:49.994+0000] {taskinstance.py:2648} INFO - Exporting env vars: AIRFLOW_CTX_DAG_OWNER='airflow' AIRFLOW_CTX_DAG_ID='ecomm_data_pipeline' AIRFLOW_CTX_TASK_ID='generate_and_insert_data' AIRFLOW_CTX_EXECUTION_DATE='2023-01-01T12:50:00+00:00' AIRFLOW_CTX_TRY_NUMBER='1' AIRFLOW_CTX_DAG_RUN_ID='scheduled__2023-01-01T12:50:00+00:00'
[2024-06-29T22:02:49.994+0000] {taskinstance.py:430} INFO - ::endgroup::
[2024-06-29T22:02:50.054+0000] {logging_mixin.py:188} INFO - Error in generate_and_insert_data: Command '['python3', '/opt/airflow/generator/ecomm_generator.py']' returned non-zero exit status 1.
[2024-06-29T22:02:50.054+0000] {logging_mixin.py:188} INFO - stdout: 
[2024-06-29T22:02:50.054+0000] {logging_mixin.py:188} INFO - stderr: Traceback (most recent call last):
  File "/opt/airflow/generator/ecomm_generator.py", line 4, in <module>
    from faker import Faker
ModuleNotFoundError: No module named 'faker'
[2024-06-29T22:02:50.054+0000] {python.py:237} INFO - Done. Returned value was: None
[2024-06-29T22:02:50.054+0000] {taskinstance.py:441} INFO - ::group::Post task execution logs
[2024-06-29T22:02:50.060+0000] {taskinstance.py:1206} INFO - Marking task as SUCCESS. dag_id=ecomm_data_pipeline, task_id=generate_and_insert_data, run_id=scheduled__2023-01-01T12:50:00+00:00, execution_date=20230101T125000, start_date=20240629T220249, end_date=20240629T220250
[2024-06-29T22:02:50.092+0000] {local_task_job_runner.py:240} INFO - Task exited with return code 0
[2024-06-29T22:02:50.099+0000] {taskinstance.py:3503} INFO - 0 downstream tasks scheduled from follow-on schedule check
[2024-06-29T22:02:50.100+0000] {local_task_job_runner.py:222} INFO - ::endgroup::
