[2024-06-27T22:35:07.332+0000] {local_task_job_runner.py:120} INFO - ::group::Pre task execution logs
[2024-06-27T22:35:07.341+0000] {taskinstance.py:2076} INFO - Dependencies all met for dep_context=non-requeueable deps ti=<TaskInstance: ecomm_data_pipeline.generate_and_insert_data scheduled__2023-01-01T10:20:00+00:00 [queued]>
[2024-06-27T22:35:07.344+0000] {taskinstance.py:2076} INFO - Dependencies all met for dep_context=requeueable deps ti=<TaskInstance: ecomm_data_pipeline.generate_and_insert_data scheduled__2023-01-01T10:20:00+00:00 [queued]>
[2024-06-27T22:35:07.344+0000] {taskinstance.py:2306} INFO - Starting attempt 1 of 2
[2024-06-27T22:35:07.348+0000] {taskinstance.py:2330} INFO - Executing <Task(PythonOperator): generate_and_insert_data> on 2023-01-01 10:20:00+00:00
[2024-06-27T22:35:07.350+0000] {standard_task_runner.py:63} INFO - Started process 1172 to run task
[2024-06-27T22:35:07.351+0000] {standard_task_runner.py:90} INFO - Running: ['airflow', 'tasks', 'run', 'ecomm_data_pipeline', 'generate_and_insert_data', 'scheduled__2023-01-01T10:20:00+00:00', '--job-id', '81', '--raw', '--subdir', 'DAGS_FOLDER/ecomm_dag.py', '--cfg-path', '/tmp/tmpcjrwtr14']
[2024-06-27T22:35:07.351+0000] {standard_task_runner.py:91} INFO - Job 81: Subtask generate_and_insert_data
[2024-06-27T22:35:07.368+0000] {task_command.py:426} INFO - Running <TaskInstance: ecomm_data_pipeline.generate_and_insert_data scheduled__2023-01-01T10:20:00+00:00 [running]> on host 9174587f6b1d
[2024-06-27T22:35:07.396+0000] {taskinstance.py:2648} INFO - Exporting env vars: AIRFLOW_CTX_DAG_OWNER='airflow' AIRFLOW_CTX_DAG_ID='ecomm_data_pipeline' AIRFLOW_CTX_TASK_ID='generate_and_insert_data' AIRFLOW_CTX_EXECUTION_DATE='2023-01-01T10:20:00+00:00' AIRFLOW_CTX_TRY_NUMBER='1' AIRFLOW_CTX_DAG_RUN_ID='scheduled__2023-01-01T10:20:00+00:00'
[2024-06-27T22:35:07.396+0000] {taskinstance.py:430} INFO - ::endgroup::
[2024-06-27T22:35:07.429+0000] {logging_mixin.py:188} INFO - Error in generate_and_insert_data: Command '['python3', './generator/ecomm_generator.py']' returned non-zero exit status 2.
[2024-06-27T22:35:07.429+0000] {python.py:237} INFO - Done. Returned value was: None
[2024-06-27T22:35:07.430+0000] {taskinstance.py:441} INFO - ::group::Post task execution logs
[2024-06-27T22:35:07.434+0000] {taskinstance.py:1206} INFO - Marking task as SUCCESS. dag_id=ecomm_data_pipeline, task_id=generate_and_insert_data, run_id=scheduled__2023-01-01T10:20:00+00:00, execution_date=20230101T102000, start_date=20240627T223507, end_date=20240627T223507
[2024-06-27T22:35:07.451+0000] {local_task_job_runner.py:240} INFO - Task exited with return code 0
[2024-06-27T22:35:07.458+0000] {taskinstance.py:3503} INFO - 0 downstream tasks scheduled from follow-on schedule check
[2024-06-27T22:35:07.459+0000] {local_task_job_runner.py:222} INFO - ::endgroup::
[2024-06-28T18:16:14.859+0000] {local_task_job_runner.py:120} INFO - ::group::Pre task execution logs
[2024-06-28T18:16:14.874+0000] {taskinstance.py:2076} INFO - Dependencies all met for dep_context=non-requeueable deps ti=<TaskInstance: ecomm_data_pipeline.generate_and_insert_data scheduled__2023-01-01T10:20:00+00:00 [queued]>
[2024-06-28T18:16:14.883+0000] {taskinstance.py:2076} INFO - Dependencies all met for dep_context=requeueable deps ti=<TaskInstance: ecomm_data_pipeline.generate_and_insert_data scheduled__2023-01-01T10:20:00+00:00 [queued]>
[2024-06-28T18:16:14.884+0000] {taskinstance.py:2306} INFO - Starting attempt 1 of 2
[2024-06-28T18:16:14.893+0000] {taskinstance.py:2330} INFO - Executing <Task(PythonOperator): generate_and_insert_data> on 2023-01-01 10:20:00+00:00
[2024-06-28T18:16:14.895+0000] {standard_task_runner.py:63} INFO - Started process 1790 to run task
[2024-06-28T18:16:14.896+0000] {standard_task_runner.py:90} INFO - Running: ['airflow', 'tasks', 'run', 'ecomm_data_pipeline', 'generate_and_insert_data', 'scheduled__2023-01-01T10:20:00+00:00', '--job-id', '127', '--raw', '--subdir', 'DAGS_FOLDER/ecomm_dag.py', '--cfg-path', '/tmp/tmpo5pzen9e']
[2024-06-28T18:16:14.898+0000] {standard_task_runner.py:91} INFO - Job 127: Subtask generate_and_insert_data
[2024-06-28T18:16:14.918+0000] {task_command.py:426} INFO - Running <TaskInstance: ecomm_data_pipeline.generate_and_insert_data scheduled__2023-01-01T10:20:00+00:00 [running]> on host 08cefd381a1f
[2024-06-28T18:16:14.958+0000] {taskinstance.py:2648} INFO - Exporting env vars: AIRFLOW_CTX_DAG_OWNER='airflow' AIRFLOW_CTX_DAG_ID='ecomm_data_pipeline' AIRFLOW_CTX_TASK_ID='generate_and_insert_data' AIRFLOW_CTX_EXECUTION_DATE='2023-01-01T10:20:00+00:00' AIRFLOW_CTX_TRY_NUMBER='1' AIRFLOW_CTX_DAG_RUN_ID='scheduled__2023-01-01T10:20:00+00:00'
[2024-06-28T18:16:14.959+0000] {taskinstance.py:430} INFO - ::endgroup::
[2024-06-28T18:16:15.017+0000] {logging_mixin.py:188} INFO - Error in generate_and_insert_data: Command '['python3', '/opt/airflow/generator/ecomm_generator.py']' returned non-zero exit status 1.
[2024-06-28T18:16:15.017+0000] {logging_mixin.py:188} INFO - stdout: 
[2024-06-28T18:16:15.017+0000] {logging_mixin.py:188} INFO - stderr: Traceback (most recent call last):
  File "/opt/airflow/generator/ecomm_generator.py", line 4, in <module>
    from faker import Faker
ModuleNotFoundError: No module named 'faker'
[2024-06-28T18:16:15.017+0000] {python.py:237} INFO - Done. Returned value was: None
[2024-06-28T18:16:15.018+0000] {taskinstance.py:441} INFO - ::group::Post task execution logs
[2024-06-28T18:16:15.023+0000] {taskinstance.py:1206} INFO - Marking task as SUCCESS. dag_id=ecomm_data_pipeline, task_id=generate_and_insert_data, run_id=scheduled__2023-01-01T10:20:00+00:00, execution_date=20230101T102000, start_date=20240628T181614, end_date=20240628T181615
[2024-06-28T18:16:15.047+0000] {local_task_job_runner.py:240} INFO - Task exited with return code 0
[2024-06-28T18:16:15.054+0000] {taskinstance.py:3503} INFO - 0 downstream tasks scheduled from follow-on schedule check
[2024-06-28T18:16:15.055+0000] {local_task_job_runner.py:222} INFO - ::endgroup::
[2024-06-29T21:38:33.593+0000] {local_task_job_runner.py:120} INFO - ::group::Pre task execution logs
[2024-06-29T21:38:33.604+0000] {taskinstance.py:2076} INFO - Dependencies all met for dep_context=non-requeueable deps ti=<TaskInstance: ecomm_data_pipeline.generate_and_insert_data scheduled__2023-01-01T10:20:00+00:00 [queued]>
[2024-06-29T21:38:33.607+0000] {taskinstance.py:2076} INFO - Dependencies all met for dep_context=requeueable deps ti=<TaskInstance: ecomm_data_pipeline.generate_and_insert_data scheduled__2023-01-01T10:20:00+00:00 [queued]>
[2024-06-29T21:38:33.607+0000] {taskinstance.py:2306} INFO - Starting attempt 1 of 2
[2024-06-29T21:38:33.612+0000] {taskinstance.py:2330} INFO - Executing <Task(PythonOperator): generate_and_insert_data> on 2023-01-01 10:20:00+00:00
[2024-06-29T21:38:33.613+0000] {standard_task_runner.py:63} INFO - Started process 944 to run task
[2024-06-29T21:38:33.614+0000] {standard_task_runner.py:90} INFO - Running: ['airflow', 'tasks', 'run', 'ecomm_data_pipeline', 'generate_and_insert_data', 'scheduled__2023-01-01T10:20:00+00:00', '--job-id', '64', '--raw', '--subdir', 'DAGS_FOLDER/ecomm_dag.py', '--cfg-path', '/tmp/tmp0lhfqish']
[2024-06-29T21:38:33.615+0000] {standard_task_runner.py:91} INFO - Job 64: Subtask generate_and_insert_data
[2024-06-29T21:38:33.634+0000] {task_command.py:426} INFO - Running <TaskInstance: ecomm_data_pipeline.generate_and_insert_data scheduled__2023-01-01T10:20:00+00:00 [running]> on host afcb6fbf9265
[2024-06-29T21:38:33.666+0000] {taskinstance.py:2648} INFO - Exporting env vars: AIRFLOW_CTX_DAG_OWNER='airflow' AIRFLOW_CTX_DAG_ID='ecomm_data_pipeline' AIRFLOW_CTX_TASK_ID='generate_and_insert_data' AIRFLOW_CTX_EXECUTION_DATE='2023-01-01T10:20:00+00:00' AIRFLOW_CTX_TRY_NUMBER='1' AIRFLOW_CTX_DAG_RUN_ID='scheduled__2023-01-01T10:20:00+00:00'
[2024-06-29T21:38:33.666+0000] {taskinstance.py:430} INFO - ::endgroup::
[2024-06-29T21:38:33.726+0000] {logging_mixin.py:188} INFO - Error in generate_and_insert_data: Command '['python3', '/opt/airflow/generator/ecomm_generator.py']' returned non-zero exit status 1.
[2024-06-29T21:38:33.726+0000] {logging_mixin.py:188} INFO - stdout: 
[2024-06-29T21:38:33.726+0000] {logging_mixin.py:188} INFO - stderr: Traceback (most recent call last):
  File "/opt/airflow/generator/ecomm_generator.py", line 4, in <module>
    from faker import Faker
ModuleNotFoundError: No module named 'faker'
[2024-06-29T21:38:33.726+0000] {python.py:237} INFO - Done. Returned value was: None
[2024-06-29T21:38:33.727+0000] {taskinstance.py:441} INFO - ::group::Post task execution logs
[2024-06-29T21:38:33.731+0000] {taskinstance.py:1206} INFO - Marking task as SUCCESS. dag_id=ecomm_data_pipeline, task_id=generate_and_insert_data, run_id=scheduled__2023-01-01T10:20:00+00:00, execution_date=20230101T102000, start_date=20240629T213833, end_date=20240629T213833
[2024-06-29T21:38:33.760+0000] {local_task_job_runner.py:240} INFO - Task exited with return code 0
[2024-06-29T21:38:33.767+0000] {taskinstance.py:3503} INFO - 0 downstream tasks scheduled from follow-on schedule check
[2024-06-29T21:38:33.768+0000] {local_task_job_runner.py:222} INFO - ::endgroup::
[2024-06-29T22:02:21.704+0000] {local_task_job_runner.py:120} INFO - ::group::Pre task execution logs
[2024-06-29T22:02:21.715+0000] {taskinstance.py:2076} INFO - Dependencies all met for dep_context=non-requeueable deps ti=<TaskInstance: ecomm_data_pipeline.generate_and_insert_data scheduled__2023-01-01T10:20:00+00:00 [queued]>
[2024-06-29T22:02:21.717+0000] {taskinstance.py:2076} INFO - Dependencies all met for dep_context=requeueable deps ti=<TaskInstance: ecomm_data_pipeline.generate_and_insert_data scheduled__2023-01-01T10:20:00+00:00 [queued]>
[2024-06-29T22:02:21.718+0000] {taskinstance.py:2306} INFO - Starting attempt 1 of 2
[2024-06-29T22:02:21.723+0000] {taskinstance.py:2330} INFO - Executing <Task(PythonOperator): generate_and_insert_data> on 2023-01-01 10:20:00+00:00
[2024-06-29T22:02:21.725+0000] {standard_task_runner.py:63} INFO - Started process 944 to run task
[2024-06-29T22:02:21.726+0000] {standard_task_runner.py:90} INFO - Running: ['airflow', 'tasks', 'run', 'ecomm_data_pipeline', 'generate_and_insert_data', 'scheduled__2023-01-01T10:20:00+00:00', '--job-id', '64', '--raw', '--subdir', 'DAGS_FOLDER/ecomm_dag.py', '--cfg-path', '/tmp/tmp2vsu35yj']
[2024-06-29T22:02:21.726+0000] {standard_task_runner.py:91} INFO - Job 64: Subtask generate_and_insert_data
[2024-06-29T22:02:21.744+0000] {task_command.py:426} INFO - Running <TaskInstance: ecomm_data_pipeline.generate_and_insert_data scheduled__2023-01-01T10:20:00+00:00 [running]> on host 799998b0d26e
[2024-06-29T22:02:21.775+0000] {taskinstance.py:2648} INFO - Exporting env vars: AIRFLOW_CTX_DAG_OWNER='airflow' AIRFLOW_CTX_DAG_ID='ecomm_data_pipeline' AIRFLOW_CTX_TASK_ID='generate_and_insert_data' AIRFLOW_CTX_EXECUTION_DATE='2023-01-01T10:20:00+00:00' AIRFLOW_CTX_TRY_NUMBER='1' AIRFLOW_CTX_DAG_RUN_ID='scheduled__2023-01-01T10:20:00+00:00'
[2024-06-29T22:02:21.775+0000] {taskinstance.py:430} INFO - ::endgroup::
[2024-06-29T22:02:21.835+0000] {logging_mixin.py:188} INFO - Error in generate_and_insert_data: Command '['python3', '/opt/airflow/generator/ecomm_generator.py']' returned non-zero exit status 1.
[2024-06-29T22:02:21.835+0000] {logging_mixin.py:188} INFO - stdout: 
[2024-06-29T22:02:21.835+0000] {logging_mixin.py:188} INFO - stderr: Traceback (most recent call last):
  File "/opt/airflow/generator/ecomm_generator.py", line 4, in <module>
    from faker import Faker
ModuleNotFoundError: No module named 'faker'
[2024-06-29T22:02:21.836+0000] {python.py:237} INFO - Done. Returned value was: None
[2024-06-29T22:02:21.836+0000] {taskinstance.py:441} INFO - ::group::Post task execution logs
[2024-06-29T22:02:21.841+0000] {taskinstance.py:1206} INFO - Marking task as SUCCESS. dag_id=ecomm_data_pipeline, task_id=generate_and_insert_data, run_id=scheduled__2023-01-01T10:20:00+00:00, execution_date=20230101T102000, start_date=20240629T220221, end_date=20240629T220221
[2024-06-29T22:02:21.865+0000] {local_task_job_runner.py:240} INFO - Task exited with return code 0
[2024-06-29T22:02:21.872+0000] {taskinstance.py:3503} INFO - 0 downstream tasks scheduled from follow-on schedule check
[2024-06-29T22:02:21.873+0000] {local_task_job_runner.py:222} INFO - ::endgroup::
