[2024-06-27T22:33:09.862+0000] {local_task_job_runner.py:120} INFO - ::group::Pre task execution logs
[2024-06-27T22:33:09.872+0000] {taskinstance.py:2076} INFO - Dependencies all met for dep_context=non-requeueable deps ti=<TaskInstance: ecomm_data_pipeline.generate_and_insert_data scheduled__2023-01-01T01:10:00+00:00 [queued]>
[2024-06-27T22:33:09.874+0000] {taskinstance.py:2076} INFO - Dependencies all met for dep_context=requeueable deps ti=<TaskInstance: ecomm_data_pipeline.generate_and_insert_data scheduled__2023-01-01T01:10:00+00:00 [queued]>
[2024-06-27T22:33:09.874+0000] {taskinstance.py:2306} INFO - Starting attempt 1 of 2
[2024-06-27T22:33:09.879+0000] {taskinstance.py:2330} INFO - Executing <Task(PythonOperator): generate_and_insert_data> on 2023-01-01 01:10:00+00:00
[2024-06-27T22:33:09.880+0000] {standard_task_runner.py:63} INFO - Started process 232 to run task
[2024-06-27T22:33:09.881+0000] {standard_task_runner.py:90} INFO - Running: ['airflow', 'tasks', 'run', 'ecomm_data_pipeline', 'generate_and_insert_data', 'scheduled__2023-01-01T01:10:00+00:00', '--job-id', '16', '--raw', '--subdir', 'DAGS_FOLDER/ecomm_dag.py', '--cfg-path', '/tmp/tmpp91i2zjq']
[2024-06-27T22:33:09.882+0000] {standard_task_runner.py:91} INFO - Job 16: Subtask generate_and_insert_data
[2024-06-27T22:33:09.898+0000] {task_command.py:426} INFO - Running <TaskInstance: ecomm_data_pipeline.generate_and_insert_data scheduled__2023-01-01T01:10:00+00:00 [running]> on host 9174587f6b1d
[2024-06-27T22:33:09.924+0000] {taskinstance.py:2648} INFO - Exporting env vars: AIRFLOW_CTX_DAG_OWNER='airflow' AIRFLOW_CTX_DAG_ID='ecomm_data_pipeline' AIRFLOW_CTX_TASK_ID='generate_and_insert_data' AIRFLOW_CTX_EXECUTION_DATE='2023-01-01T01:10:00+00:00' AIRFLOW_CTX_TRY_NUMBER='1' AIRFLOW_CTX_DAG_RUN_ID='scheduled__2023-01-01T01:10:00+00:00'
[2024-06-27T22:33:09.925+0000] {taskinstance.py:430} INFO - ::endgroup::
[2024-06-27T22:33:09.956+0000] {logging_mixin.py:188} INFO - Error in generate_and_insert_data: Command '['python3', './generator/ecomm_generator.py']' returned non-zero exit status 2.
[2024-06-27T22:33:09.956+0000] {python.py:237} INFO - Done. Returned value was: None
[2024-06-27T22:33:09.957+0000] {taskinstance.py:441} INFO - ::group::Post task execution logs
[2024-06-27T22:33:09.961+0000] {taskinstance.py:1206} INFO - Marking task as SUCCESS. dag_id=ecomm_data_pipeline, task_id=generate_and_insert_data, run_id=scheduled__2023-01-01T01:10:00+00:00, execution_date=20230101T011000, start_date=20240627T223309, end_date=20240627T223309
[2024-06-27T22:33:09.982+0000] {local_task_job_runner.py:240} INFO - Task exited with return code 0
[2024-06-27T22:33:09.988+0000] {taskinstance.py:3503} INFO - 0 downstream tasks scheduled from follow-on schedule check
[2024-06-27T22:33:09.989+0000] {local_task_job_runner.py:222} INFO - ::endgroup::
[2024-06-27T22:51:59.892+0000] {local_task_job_runner.py:120} INFO - ::group::Pre task execution logs
[2024-06-27T22:51:59.901+0000] {taskinstance.py:2076} INFO - Dependencies all met for dep_context=non-requeueable deps ti=<TaskInstance: ecomm_data_pipeline.generate_and_insert_data scheduled__2023-01-01T01:10:00+00:00 [queued]>
[2024-06-27T22:51:59.904+0000] {taskinstance.py:2076} INFO - Dependencies all met for dep_context=requeueable deps ti=<TaskInstance: ecomm_data_pipeline.generate_and_insert_data scheduled__2023-01-01T01:10:00+00:00 [queued]>
[2024-06-27T22:51:59.904+0000] {taskinstance.py:2306} INFO - Starting attempt 1 of 2
[2024-06-27T22:51:59.908+0000] {taskinstance.py:2330} INFO - Executing <Task(PythonOperator): generate_and_insert_data> on 2023-01-01 01:10:00+00:00
[2024-06-27T22:51:59.910+0000] {standard_task_runner.py:63} INFO - Started process 232 to run task
[2024-06-27T22:51:59.911+0000] {standard_task_runner.py:90} INFO - Running: ['airflow', 'tasks', 'run', 'ecomm_data_pipeline', 'generate_and_insert_data', 'scheduled__2023-01-01T01:10:00+00:00', '--job-id', '16', '--raw', '--subdir', 'DAGS_FOLDER/ecomm_dag.py', '--cfg-path', '/tmp/tmpec7v42yv']
[2024-06-27T22:51:59.912+0000] {standard_task_runner.py:91} INFO - Job 16: Subtask generate_and_insert_data
[2024-06-27T22:51:59.928+0000] {task_command.py:426} INFO - Running <TaskInstance: ecomm_data_pipeline.generate_and_insert_data scheduled__2023-01-01T01:10:00+00:00 [running]> on host a70edf9d8581
[2024-06-27T22:51:59.955+0000] {taskinstance.py:2648} INFO - Exporting env vars: AIRFLOW_CTX_DAG_OWNER='airflow' AIRFLOW_CTX_DAG_ID='ecomm_data_pipeline' AIRFLOW_CTX_TASK_ID='generate_and_insert_data' AIRFLOW_CTX_EXECUTION_DATE='2023-01-01T01:10:00+00:00' AIRFLOW_CTX_TRY_NUMBER='1' AIRFLOW_CTX_DAG_RUN_ID='scheduled__2023-01-01T01:10:00+00:00'
[2024-06-27T22:51:59.955+0000] {taskinstance.py:430} INFO - ::endgroup::
[2024-06-27T22:51:59.987+0000] {logging_mixin.py:188} INFO - Error in generate_and_insert_data: Command '['python3', './generator/ecomm_generator.py']' returned non-zero exit status 2.
[2024-06-27T22:51:59.987+0000] {logging_mixin.py:188} INFO - stdout: 
[2024-06-27T22:51:59.987+0000] {logging_mixin.py:188} INFO - stderr: python3: can't open file '/opt/airflow/./generator/ecomm_generator.py': [Errno 2] No such file or directory
[2024-06-27T22:51:59.988+0000] {python.py:237} INFO - Done. Returned value was: None
[2024-06-27T22:51:59.988+0000] {taskinstance.py:441} INFO - ::group::Post task execution logs
[2024-06-27T22:51:59.992+0000] {taskinstance.py:1206} INFO - Marking task as SUCCESS. dag_id=ecomm_data_pipeline, task_id=generate_and_insert_data, run_id=scheduled__2023-01-01T01:10:00+00:00, execution_date=20230101T011000, start_date=20240627T225159, end_date=20240627T225159
[2024-06-27T22:52:00.008+0000] {local_task_job_runner.py:240} INFO - Task exited with return code 0
[2024-06-27T22:52:00.014+0000] {taskinstance.py:3503} INFO - 0 downstream tasks scheduled from follow-on schedule check
[2024-06-27T22:52:00.015+0000] {local_task_job_runner.py:222} INFO - ::endgroup::
[2024-06-27T22:59:43.414+0000] {local_task_job_runner.py:120} INFO - ::group::Pre task execution logs
[2024-06-27T22:59:43.424+0000] {taskinstance.py:2076} INFO - Dependencies all met for dep_context=non-requeueable deps ti=<TaskInstance: ecomm_data_pipeline.generate_and_insert_data scheduled__2023-01-01T01:10:00+00:00 [queued]>
[2024-06-27T22:59:43.426+0000] {taskinstance.py:2076} INFO - Dependencies all met for dep_context=requeueable deps ti=<TaskInstance: ecomm_data_pipeline.generate_and_insert_data scheduled__2023-01-01T01:10:00+00:00 [queued]>
[2024-06-27T22:59:43.426+0000] {taskinstance.py:2306} INFO - Starting attempt 1 of 2
[2024-06-27T22:59:43.431+0000] {taskinstance.py:2330} INFO - Executing <Task(PythonOperator): generate_and_insert_data> on 2023-01-01 01:10:00+00:00
[2024-06-27T22:59:43.432+0000] {standard_task_runner.py:63} INFO - Started process 232 to run task
[2024-06-27T22:59:43.433+0000] {standard_task_runner.py:90} INFO - Running: ['airflow', 'tasks', 'run', 'ecomm_data_pipeline', 'generate_and_insert_data', 'scheduled__2023-01-01T01:10:00+00:00', '--job-id', '16', '--raw', '--subdir', 'DAGS_FOLDER/ecomm_dag.py', '--cfg-path', '/tmp/tmpensbmobk']
[2024-06-27T22:59:43.434+0000] {standard_task_runner.py:91} INFO - Job 16: Subtask generate_and_insert_data
[2024-06-27T22:59:43.450+0000] {task_command.py:426} INFO - Running <TaskInstance: ecomm_data_pipeline.generate_and_insert_data scheduled__2023-01-01T01:10:00+00:00 [running]> on host 5cc71d4b298c
[2024-06-27T22:59:43.477+0000] {taskinstance.py:2648} INFO - Exporting env vars: AIRFLOW_CTX_DAG_OWNER='airflow' AIRFLOW_CTX_DAG_ID='ecomm_data_pipeline' AIRFLOW_CTX_TASK_ID='generate_and_insert_data' AIRFLOW_CTX_EXECUTION_DATE='2023-01-01T01:10:00+00:00' AIRFLOW_CTX_TRY_NUMBER='1' AIRFLOW_CTX_DAG_RUN_ID='scheduled__2023-01-01T01:10:00+00:00'
[2024-06-27T22:59:43.477+0000] {taskinstance.py:430} INFO - ::endgroup::
[2024-06-27T22:59:43.532+0000] {logging_mixin.py:188} INFO - Error in generate_and_insert_data: Command '['python3', '/opt/airflow/generator/ecomm_generator.py']' returned non-zero exit status 1.
[2024-06-27T22:59:43.533+0000] {logging_mixin.py:188} INFO - stdout: 
[2024-06-27T22:59:43.533+0000] {logging_mixin.py:188} INFO - stderr: Traceback (most recent call last):
  File "/opt/airflow/generator/ecomm_generator.py", line 4, in <module>
    from faker import Faker
ModuleNotFoundError: No module named 'faker'
[2024-06-27T22:59:43.533+0000] {python.py:237} INFO - Done. Returned value was: None
[2024-06-27T22:59:43.533+0000] {taskinstance.py:441} INFO - ::group::Post task execution logs
[2024-06-27T22:59:43.538+0000] {taskinstance.py:1206} INFO - Marking task as SUCCESS. dag_id=ecomm_data_pipeline, task_id=generate_and_insert_data, run_id=scheduled__2023-01-01T01:10:00+00:00, execution_date=20230101T011000, start_date=20240627T225943, end_date=20240627T225943
[2024-06-27T22:59:43.582+0000] {local_task_job_runner.py:240} INFO - Task exited with return code 0
[2024-06-27T22:59:43.589+0000] {taskinstance.py:3503} INFO - 0 downstream tasks scheduled from follow-on schedule check
[2024-06-27T22:59:43.589+0000] {local_task_job_runner.py:222} INFO - ::endgroup::
[2024-06-27T23:09:22.762+0000] {local_task_job_runner.py:120} INFO - ::group::Pre task execution logs
[2024-06-27T23:09:22.772+0000] {taskinstance.py:2076} INFO - Dependencies all met for dep_context=non-requeueable deps ti=<TaskInstance: ecomm_data_pipeline.generate_and_insert_data scheduled__2023-01-01T01:10:00+00:00 [queued]>
[2024-06-27T23:09:22.775+0000] {taskinstance.py:2076} INFO - Dependencies all met for dep_context=requeueable deps ti=<TaskInstance: ecomm_data_pipeline.generate_and_insert_data scheduled__2023-01-01T01:10:00+00:00 [queued]>
[2024-06-27T23:09:22.775+0000] {taskinstance.py:2306} INFO - Starting attempt 1 of 2
[2024-06-27T23:09:22.779+0000] {taskinstance.py:2330} INFO - Executing <Task(PythonOperator): generate_and_insert_data> on 2023-01-01 01:10:00+00:00
[2024-06-27T23:09:22.781+0000] {standard_task_runner.py:63} INFO - Started process 232 to run task
[2024-06-27T23:09:22.782+0000] {standard_task_runner.py:90} INFO - Running: ['airflow', 'tasks', 'run', 'ecomm_data_pipeline', 'generate_and_insert_data', 'scheduled__2023-01-01T01:10:00+00:00', '--job-id', '16', '--raw', '--subdir', 'DAGS_FOLDER/ecomm_dag.py', '--cfg-path', '/tmp/tmpeffrg91m']
[2024-06-27T23:09:22.782+0000] {standard_task_runner.py:91} INFO - Job 16: Subtask generate_and_insert_data
[2024-06-27T23:09:22.798+0000] {task_command.py:426} INFO - Running <TaskInstance: ecomm_data_pipeline.generate_and_insert_data scheduled__2023-01-01T01:10:00+00:00 [running]> on host 7147f8a4dc9f
[2024-06-27T23:09:22.825+0000] {taskinstance.py:2648} INFO - Exporting env vars: AIRFLOW_CTX_DAG_OWNER='airflow' AIRFLOW_CTX_DAG_ID='ecomm_data_pipeline' AIRFLOW_CTX_TASK_ID='generate_and_insert_data' AIRFLOW_CTX_EXECUTION_DATE='2023-01-01T01:10:00+00:00' AIRFLOW_CTX_TRY_NUMBER='1' AIRFLOW_CTX_DAG_RUN_ID='scheduled__2023-01-01T01:10:00+00:00'
[2024-06-27T23:09:22.826+0000] {taskinstance.py:430} INFO - ::endgroup::
[2024-06-27T23:09:22.881+0000] {logging_mixin.py:188} INFO - Error in generate_and_insert_data: Command '['python3', '/opt/airflow/generator/ecomm_generator.py']' returned non-zero exit status 1.
[2024-06-27T23:09:22.881+0000] {logging_mixin.py:188} INFO - stdout: 
[2024-06-27T23:09:22.881+0000] {logging_mixin.py:188} INFO - stderr: Traceback (most recent call last):
  File "/opt/airflow/generator/ecomm_generator.py", line 4, in <module>
    from faker import Faker
ModuleNotFoundError: No module named 'faker'
[2024-06-27T23:09:22.881+0000] {python.py:237} INFO - Done. Returned value was: None
[2024-06-27T23:09:22.881+0000] {taskinstance.py:441} INFO - ::group::Post task execution logs
[2024-06-27T23:09:22.886+0000] {taskinstance.py:1206} INFO - Marking task as SUCCESS. dag_id=ecomm_data_pipeline, task_id=generate_and_insert_data, run_id=scheduled__2023-01-01T01:10:00+00:00, execution_date=20230101T011000, start_date=20240627T230922, end_date=20240627T230922
[2024-06-27T23:09:22.928+0000] {local_task_job_runner.py:240} INFO - Task exited with return code 0
[2024-06-27T23:09:22.935+0000] {taskinstance.py:3503} INFO - 0 downstream tasks scheduled from follow-on schedule check
[2024-06-27T23:09:22.936+0000] {local_task_job_runner.py:222} INFO - ::endgroup::
[2024-06-27T23:13:00.750+0000] {local_task_job_runner.py:120} INFO - ::group::Pre task execution logs
[2024-06-27T23:13:00.759+0000] {taskinstance.py:2076} INFO - Dependencies all met for dep_context=non-requeueable deps ti=<TaskInstance: ecomm_data_pipeline.generate_and_insert_data scheduled__2023-01-01T01:10:00+00:00 [queued]>
[2024-06-27T23:13:00.762+0000] {taskinstance.py:2076} INFO - Dependencies all met for dep_context=requeueable deps ti=<TaskInstance: ecomm_data_pipeline.generate_and_insert_data scheduled__2023-01-01T01:10:00+00:00 [queued]>
[2024-06-27T23:13:00.762+0000] {taskinstance.py:2306} INFO - Starting attempt 1 of 2
[2024-06-27T23:13:00.766+0000] {taskinstance.py:2330} INFO - Executing <Task(PythonOperator): generate_and_insert_data> on 2023-01-01 01:10:00+00:00
[2024-06-27T23:13:00.768+0000] {standard_task_runner.py:63} INFO - Started process 232 to run task
[2024-06-27T23:13:00.769+0000] {standard_task_runner.py:90} INFO - Running: ['airflow', 'tasks', 'run', 'ecomm_data_pipeline', 'generate_and_insert_data', 'scheduled__2023-01-01T01:10:00+00:00', '--job-id', '16', '--raw', '--subdir', 'DAGS_FOLDER/ecomm_dag.py', '--cfg-path', '/tmp/tmppz9ewn9o']
[2024-06-27T23:13:00.770+0000] {standard_task_runner.py:91} INFO - Job 16: Subtask generate_and_insert_data
[2024-06-27T23:13:00.786+0000] {task_command.py:426} INFO - Running <TaskInstance: ecomm_data_pipeline.generate_and_insert_data scheduled__2023-01-01T01:10:00+00:00 [running]> on host 4bd55eb76a74
[2024-06-27T23:13:00.812+0000] {taskinstance.py:2648} INFO - Exporting env vars: AIRFLOW_CTX_DAG_OWNER='airflow' AIRFLOW_CTX_DAG_ID='ecomm_data_pipeline' AIRFLOW_CTX_TASK_ID='generate_and_insert_data' AIRFLOW_CTX_EXECUTION_DATE='2023-01-01T01:10:00+00:00' AIRFLOW_CTX_TRY_NUMBER='1' AIRFLOW_CTX_DAG_RUN_ID='scheduled__2023-01-01T01:10:00+00:00'
[2024-06-27T23:13:00.813+0000] {taskinstance.py:430} INFO - ::endgroup::
[2024-06-27T23:13:00.867+0000] {logging_mixin.py:188} INFO - Error in generate_and_insert_data: Command '['python3', '/opt/airflow/generator/ecomm_generator.py']' returned non-zero exit status 1.
[2024-06-27T23:13:00.868+0000] {logging_mixin.py:188} INFO - stdout: 
[2024-06-27T23:13:00.868+0000] {logging_mixin.py:188} INFO - stderr: Traceback (most recent call last):
  File "/opt/airflow/generator/ecomm_generator.py", line 4, in <module>
    from faker import Faker
ModuleNotFoundError: No module named 'faker'
[2024-06-27T23:13:00.868+0000] {python.py:237} INFO - Done. Returned value was: None
[2024-06-27T23:13:00.868+0000] {taskinstance.py:441} INFO - ::group::Post task execution logs
[2024-06-27T23:13:00.873+0000] {taskinstance.py:1206} INFO - Marking task as SUCCESS. dag_id=ecomm_data_pipeline, task_id=generate_and_insert_data, run_id=scheduled__2023-01-01T01:10:00+00:00, execution_date=20230101T011000, start_date=20240627T231300, end_date=20240627T231300
[2024-06-27T23:13:00.916+0000] {local_task_job_runner.py:240} INFO - Task exited with return code 0
[2024-06-27T23:13:00.923+0000] {taskinstance.py:3503} INFO - 0 downstream tasks scheduled from follow-on schedule check
[2024-06-27T23:13:00.924+0000] {local_task_job_runner.py:222} INFO - ::endgroup::
[2024-06-27T23:18:54.984+0000] {local_task_job_runner.py:120} INFO - ::group::Pre task execution logs
[2024-06-27T23:18:54.997+0000] {taskinstance.py:2076} INFO - Dependencies all met for dep_context=non-requeueable deps ti=<TaskInstance: ecomm_data_pipeline.generate_and_insert_data scheduled__2023-01-01T01:10:00+00:00 [queued]>
[2024-06-27T23:18:55.002+0000] {taskinstance.py:2076} INFO - Dependencies all met for dep_context=requeueable deps ti=<TaskInstance: ecomm_data_pipeline.generate_and_insert_data scheduled__2023-01-01T01:10:00+00:00 [queued]>
[2024-06-27T23:18:55.002+0000] {taskinstance.py:2306} INFO - Starting attempt 1 of 2
[2024-06-27T23:18:55.009+0000] {taskinstance.py:2330} INFO - Executing <Task(PythonOperator): generate_and_insert_data> on 2023-01-01 01:10:00+00:00
[2024-06-27T23:18:55.011+0000] {standard_task_runner.py:63} INFO - Started process 240 to run task
[2024-06-27T23:18:55.012+0000] {standard_task_runner.py:90} INFO - Running: ['airflow', 'tasks', 'run', 'ecomm_data_pipeline', 'generate_and_insert_data', 'scheduled__2023-01-01T01:10:00+00:00', '--job-id', '16', '--raw', '--subdir', 'DAGS_FOLDER/ecomm_dag.py', '--cfg-path', '/tmp/tmpr4hrh24p']
[2024-06-27T23:18:55.013+0000] {standard_task_runner.py:91} INFO - Job 16: Subtask generate_and_insert_data
[2024-06-27T23:18:55.035+0000] {task_command.py:426} INFO - Running <TaskInstance: ecomm_data_pipeline.generate_and_insert_data scheduled__2023-01-01T01:10:00+00:00 [running]> on host 73964f870a02
[2024-06-27T23:18:55.076+0000] {taskinstance.py:2648} INFO - Exporting env vars: AIRFLOW_CTX_DAG_OWNER='airflow' AIRFLOW_CTX_DAG_ID='ecomm_data_pipeline' AIRFLOW_CTX_TASK_ID='generate_and_insert_data' AIRFLOW_CTX_EXECUTION_DATE='2023-01-01T01:10:00+00:00' AIRFLOW_CTX_TRY_NUMBER='1' AIRFLOW_CTX_DAG_RUN_ID='scheduled__2023-01-01T01:10:00+00:00'
[2024-06-27T23:18:55.077+0000] {taskinstance.py:430} INFO - ::endgroup::
[2024-06-27T23:18:55.143+0000] {logging_mixin.py:188} INFO - Error in generate_and_insert_data: Command '['python3', '/opt/airflow/generator/ecomm_generator.py']' returned non-zero exit status 1.
[2024-06-27T23:18:55.143+0000] {logging_mixin.py:188} INFO - stdout: 
[2024-06-27T23:18:55.144+0000] {logging_mixin.py:188} INFO - stderr: Traceback (most recent call last):
  File "/opt/airflow/generator/ecomm_generator.py", line 4, in <module>
    from faker import Faker
ModuleNotFoundError: No module named 'faker'
[2024-06-27T23:18:55.144+0000] {python.py:237} INFO - Done. Returned value was: None
[2024-06-27T23:18:55.144+0000] {taskinstance.py:441} INFO - ::group::Post task execution logs
[2024-06-27T23:18:55.150+0000] {taskinstance.py:1206} INFO - Marking task as SUCCESS. dag_id=ecomm_data_pipeline, task_id=generate_and_insert_data, run_id=scheduled__2023-01-01T01:10:00+00:00, execution_date=20230101T011000, start_date=20240627T231854, end_date=20240627T231855
[2024-06-27T23:18:55.191+0000] {local_task_job_runner.py:240} INFO - Task exited with return code 0
[2024-06-27T23:18:55.200+0000] {taskinstance.py:3503} INFO - 0 downstream tasks scheduled from follow-on schedule check
[2024-06-27T23:18:55.200+0000] {local_task_job_runner.py:222} INFO - ::endgroup::
[2024-06-28T18:13:18.281+0000] {local_task_job_runner.py:120} INFO - ::group::Pre task execution logs
[2024-06-28T18:13:18.291+0000] {taskinstance.py:2076} INFO - Dependencies all met for dep_context=non-requeueable deps ti=<TaskInstance: ecomm_data_pipeline.generate_and_insert_data scheduled__2023-01-01T01:10:00+00:00 [queued]>
[2024-06-28T18:13:18.293+0000] {taskinstance.py:2076} INFO - Dependencies all met for dep_context=requeueable deps ti=<TaskInstance: ecomm_data_pipeline.generate_and_insert_data scheduled__2023-01-01T01:10:00+00:00 [queued]>
[2024-06-28T18:13:18.293+0000] {taskinstance.py:2306} INFO - Starting attempt 1 of 2
[2024-06-28T18:13:18.298+0000] {taskinstance.py:2330} INFO - Executing <Task(PythonOperator): generate_and_insert_data> on 2023-01-01 01:10:00+00:00
[2024-06-28T18:13:18.299+0000] {standard_task_runner.py:63} INFO - Started process 232 to run task
[2024-06-28T18:13:18.300+0000] {standard_task_runner.py:90} INFO - Running: ['airflow', 'tasks', 'run', 'ecomm_data_pipeline', 'generate_and_insert_data', 'scheduled__2023-01-01T01:10:00+00:00', '--job-id', '16', '--raw', '--subdir', 'DAGS_FOLDER/ecomm_dag.py', '--cfg-path', '/tmp/tmpedujwkxs']
[2024-06-28T18:13:18.301+0000] {standard_task_runner.py:91} INFO - Job 16: Subtask generate_and_insert_data
[2024-06-28T18:13:18.318+0000] {task_command.py:426} INFO - Running <TaskInstance: ecomm_data_pipeline.generate_and_insert_data scheduled__2023-01-01T01:10:00+00:00 [running]> on host 08cefd381a1f
[2024-06-28T18:13:18.346+0000] {taskinstance.py:2648} INFO - Exporting env vars: AIRFLOW_CTX_DAG_OWNER='airflow' AIRFLOW_CTX_DAG_ID='ecomm_data_pipeline' AIRFLOW_CTX_TASK_ID='generate_and_insert_data' AIRFLOW_CTX_EXECUTION_DATE='2023-01-01T01:10:00+00:00' AIRFLOW_CTX_TRY_NUMBER='1' AIRFLOW_CTX_DAG_RUN_ID='scheduled__2023-01-01T01:10:00+00:00'
[2024-06-28T18:13:18.347+0000] {taskinstance.py:430} INFO - ::endgroup::
[2024-06-28T18:13:18.400+0000] {logging_mixin.py:188} INFO - Error in generate_and_insert_data: Command '['python3', '/opt/airflow/generator/ecomm_generator.py']' returned non-zero exit status 1.
[2024-06-28T18:13:18.401+0000] {logging_mixin.py:188} INFO - stdout: 
[2024-06-28T18:13:18.401+0000] {logging_mixin.py:188} INFO - stderr: Traceback (most recent call last):
  File "/opt/airflow/generator/ecomm_generator.py", line 4, in <module>
    from faker import Faker
ModuleNotFoundError: No module named 'faker'
[2024-06-28T18:13:18.401+0000] {python.py:237} INFO - Done. Returned value was: None
[2024-06-28T18:13:18.401+0000] {taskinstance.py:441} INFO - ::group::Post task execution logs
[2024-06-28T18:13:18.406+0000] {taskinstance.py:1206} INFO - Marking task as SUCCESS. dag_id=ecomm_data_pipeline, task_id=generate_and_insert_data, run_id=scheduled__2023-01-01T01:10:00+00:00, execution_date=20230101T011000, start_date=20240628T181318, end_date=20240628T181318
[2024-06-28T18:13:18.449+0000] {local_task_job_runner.py:240} INFO - Task exited with return code 0
[2024-06-28T18:13:18.456+0000] {taskinstance.py:3503} INFO - 0 downstream tasks scheduled from follow-on schedule check
[2024-06-28T18:13:18.456+0000] {local_task_job_runner.py:222} INFO - ::endgroup::
[2024-06-28T18:20:32.755+0000] {local_task_job_runner.py:120} INFO - ::group::Pre task execution logs
[2024-06-28T18:20:32.765+0000] {taskinstance.py:2076} INFO - Dependencies all met for dep_context=non-requeueable deps ti=<TaskInstance: ecomm_data_pipeline.generate_and_insert_data scheduled__2023-01-01T01:10:00+00:00 [queued]>
[2024-06-28T18:20:32.767+0000] {taskinstance.py:2076} INFO - Dependencies all met for dep_context=requeueable deps ti=<TaskInstance: ecomm_data_pipeline.generate_and_insert_data scheduled__2023-01-01T01:10:00+00:00 [queued]>
[2024-06-28T18:20:32.767+0000] {taskinstance.py:2306} INFO - Starting attempt 1 of 2
[2024-06-28T18:20:32.771+0000] {taskinstance.py:2330} INFO - Executing <Task(PythonOperator): generate_and_insert_data> on 2023-01-01 01:10:00+00:00
[2024-06-28T18:20:32.773+0000] {standard_task_runner.py:63} INFO - Started process 232 to run task
[2024-06-28T18:20:32.774+0000] {standard_task_runner.py:90} INFO - Running: ['airflow', 'tasks', 'run', 'ecomm_data_pipeline', 'generate_and_insert_data', 'scheduled__2023-01-01T01:10:00+00:00', '--job-id', '16', '--raw', '--subdir', 'DAGS_FOLDER/ecomm_dag.py', '--cfg-path', '/tmp/tmpf5va9bs_']
[2024-06-28T18:20:32.774+0000] {standard_task_runner.py:91} INFO - Job 16: Subtask generate_and_insert_data
[2024-06-28T18:20:32.790+0000] {task_command.py:426} INFO - Running <TaskInstance: ecomm_data_pipeline.generate_and_insert_data scheduled__2023-01-01T01:10:00+00:00 [running]> on host 6570e5857071
[2024-06-28T18:20:32.818+0000] {taskinstance.py:2648} INFO - Exporting env vars: AIRFLOW_CTX_DAG_OWNER='airflow' AIRFLOW_CTX_DAG_ID='ecomm_data_pipeline' AIRFLOW_CTX_TASK_ID='generate_and_insert_data' AIRFLOW_CTX_EXECUTION_DATE='2023-01-01T01:10:00+00:00' AIRFLOW_CTX_TRY_NUMBER='1' AIRFLOW_CTX_DAG_RUN_ID='scheduled__2023-01-01T01:10:00+00:00'
[2024-06-28T18:20:32.818+0000] {taskinstance.py:430} INFO - ::endgroup::
[2024-06-28T18:20:32.874+0000] {logging_mixin.py:188} INFO - Error in generate_and_insert_data: Command '['python3', '/opt/airflow/generator/ecomm_generator.py']' returned non-zero exit status 1.
[2024-06-28T18:20:32.874+0000] {logging_mixin.py:188} INFO - stdout: 
[2024-06-28T18:20:32.875+0000] {logging_mixin.py:188} INFO - stderr: Traceback (most recent call last):
  File "/opt/airflow/generator/ecomm_generator.py", line 4, in <module>
    from faker import Faker
ModuleNotFoundError: No module named 'faker'
[2024-06-28T18:20:32.875+0000] {python.py:237} INFO - Done. Returned value was: None
[2024-06-28T18:20:32.875+0000] {taskinstance.py:441} INFO - ::group::Post task execution logs
[2024-06-28T18:20:32.880+0000] {taskinstance.py:1206} INFO - Marking task as SUCCESS. dag_id=ecomm_data_pipeline, task_id=generate_and_insert_data, run_id=scheduled__2023-01-01T01:10:00+00:00, execution_date=20230101T011000, start_date=20240628T182032, end_date=20240628T182032
[2024-06-28T18:20:32.922+0000] {local_task_job_runner.py:240} INFO - Task exited with return code 0
[2024-06-28T18:20:32.928+0000] {taskinstance.py:3503} INFO - 0 downstream tasks scheduled from follow-on schedule check
[2024-06-28T18:20:32.929+0000] {local_task_job_runner.py:222} INFO - ::endgroup::
[2024-06-28T18:30:34.660+0000] {local_task_job_runner.py:120} INFO - ::group::Pre task execution logs
[2024-06-28T18:30:34.670+0000] {taskinstance.py:2076} INFO - Dependencies all met for dep_context=non-requeueable deps ti=<TaskInstance: ecomm_data_pipeline.generate_and_insert_data scheduled__2023-01-01T01:10:00+00:00 [queued]>
[2024-06-28T18:30:34.672+0000] {taskinstance.py:2076} INFO - Dependencies all met for dep_context=requeueable deps ti=<TaskInstance: ecomm_data_pipeline.generate_and_insert_data scheduled__2023-01-01T01:10:00+00:00 [queued]>
[2024-06-28T18:30:34.672+0000] {taskinstance.py:2306} INFO - Starting attempt 1 of 2
[2024-06-28T18:30:34.677+0000] {taskinstance.py:2330} INFO - Executing <Task(PythonOperator): generate_and_insert_data> on 2023-01-01 01:10:00+00:00
[2024-06-28T18:30:34.678+0000] {standard_task_runner.py:63} INFO - Started process 232 to run task
[2024-06-28T18:30:34.679+0000] {standard_task_runner.py:90} INFO - Running: ['airflow', 'tasks', 'run', 'ecomm_data_pipeline', 'generate_and_insert_data', 'scheduled__2023-01-01T01:10:00+00:00', '--job-id', '16', '--raw', '--subdir', 'DAGS_FOLDER/ecomm_dag.py', '--cfg-path', '/tmp/tmp68akj2vn']
[2024-06-28T18:30:34.680+0000] {standard_task_runner.py:91} INFO - Job 16: Subtask generate_and_insert_data
[2024-06-28T18:30:34.696+0000] {task_command.py:426} INFO - Running <TaskInstance: ecomm_data_pipeline.generate_and_insert_data scheduled__2023-01-01T01:10:00+00:00 [running]> on host 50bf780463b8
[2024-06-28T18:30:34.723+0000] {taskinstance.py:2648} INFO - Exporting env vars: AIRFLOW_CTX_DAG_OWNER='airflow' AIRFLOW_CTX_DAG_ID='ecomm_data_pipeline' AIRFLOW_CTX_TASK_ID='generate_and_insert_data' AIRFLOW_CTX_EXECUTION_DATE='2023-01-01T01:10:00+00:00' AIRFLOW_CTX_TRY_NUMBER='1' AIRFLOW_CTX_DAG_RUN_ID='scheduled__2023-01-01T01:10:00+00:00'
[2024-06-28T18:30:34.723+0000] {taskinstance.py:430} INFO - ::endgroup::
[2024-06-28T18:30:34.779+0000] {logging_mixin.py:188} INFO - Error in generate_and_insert_data: Command '['python3', '/opt/airflow/generator/ecomm_generator.py']' returned non-zero exit status 1.
[2024-06-28T18:30:34.780+0000] {logging_mixin.py:188} INFO - stdout: 
[2024-06-28T18:30:34.780+0000] {logging_mixin.py:188} INFO - stderr: Traceback (most recent call last):
  File "/opt/airflow/generator/ecomm_generator.py", line 4, in <module>
    from faker import Faker
ModuleNotFoundError: No module named 'faker'
[2024-06-28T18:30:34.780+0000] {python.py:237} INFO - Done. Returned value was: None
[2024-06-28T18:30:34.780+0000] {taskinstance.py:441} INFO - ::group::Post task execution logs
[2024-06-28T18:30:34.785+0000] {taskinstance.py:1206} INFO - Marking task as SUCCESS. dag_id=ecomm_data_pipeline, task_id=generate_and_insert_data, run_id=scheduled__2023-01-01T01:10:00+00:00, execution_date=20230101T011000, start_date=20240628T183034, end_date=20240628T183034
[2024-06-28T18:30:34.824+0000] {local_task_job_runner.py:240} INFO - Task exited with return code 0
[2024-06-28T18:30:34.831+0000] {taskinstance.py:3503} INFO - 0 downstream tasks scheduled from follow-on schedule check
[2024-06-28T18:30:34.832+0000] {local_task_job_runner.py:222} INFO - ::endgroup::
[2024-06-28T22:13:44.562+0000] {local_task_job_runner.py:120} INFO - ::group::Pre task execution logs
[2024-06-28T22:13:44.571+0000] {taskinstance.py:2076} INFO - Dependencies all met for dep_context=non-requeueable deps ti=<TaskInstance: ecomm_data_pipeline.generate_and_insert_data scheduled__2023-01-01T01:10:00+00:00 [queued]>
[2024-06-28T22:13:44.573+0000] {taskinstance.py:2076} INFO - Dependencies all met for dep_context=requeueable deps ti=<TaskInstance: ecomm_data_pipeline.generate_and_insert_data scheduled__2023-01-01T01:10:00+00:00 [queued]>
[2024-06-28T22:13:44.574+0000] {taskinstance.py:2306} INFO - Starting attempt 1 of 2
[2024-06-28T22:13:44.578+0000] {taskinstance.py:2330} INFO - Executing <Task(PythonOperator): generate_and_insert_data> on 2023-01-01 01:10:00+00:00
[2024-06-28T22:13:44.579+0000] {standard_task_runner.py:63} INFO - Started process 232 to run task
[2024-06-28T22:13:44.580+0000] {standard_task_runner.py:90} INFO - Running: ['airflow', 'tasks', 'run', 'ecomm_data_pipeline', 'generate_and_insert_data', 'scheduled__2023-01-01T01:10:00+00:00', '--job-id', '16', '--raw', '--subdir', 'DAGS_FOLDER/ecomm_dag.py', '--cfg-path', '/tmp/tmpdy6em9i1']
[2024-06-28T22:13:44.581+0000] {standard_task_runner.py:91} INFO - Job 16: Subtask generate_and_insert_data
[2024-06-28T22:13:44.597+0000] {task_command.py:426} INFO - Running <TaskInstance: ecomm_data_pipeline.generate_and_insert_data scheduled__2023-01-01T01:10:00+00:00 [running]> on host 619125b6796e
[2024-06-28T22:13:44.625+0000] {taskinstance.py:2648} INFO - Exporting env vars: AIRFLOW_CTX_DAG_OWNER='airflow' AIRFLOW_CTX_DAG_ID='ecomm_data_pipeline' AIRFLOW_CTX_TASK_ID='generate_and_insert_data' AIRFLOW_CTX_EXECUTION_DATE='2023-01-01T01:10:00+00:00' AIRFLOW_CTX_TRY_NUMBER='1' AIRFLOW_CTX_DAG_RUN_ID='scheduled__2023-01-01T01:10:00+00:00'
[2024-06-28T22:13:44.625+0000] {taskinstance.py:430} INFO - ::endgroup::
[2024-06-28T22:13:44.680+0000] {logging_mixin.py:188} INFO - Error in generate_and_insert_data: Command '['python3', '/opt/airflow/generator/ecomm_generator.py']' returned non-zero exit status 1.
[2024-06-28T22:13:44.680+0000] {logging_mixin.py:188} INFO - stdout: 
[2024-06-28T22:13:44.680+0000] {logging_mixin.py:188} INFO - stderr: Traceback (most recent call last):
  File "/opt/airflow/generator/ecomm_generator.py", line 4, in <module>
    from faker import Faker
ModuleNotFoundError: No module named 'faker'
[2024-06-28T22:13:44.680+0000] {python.py:237} INFO - Done. Returned value was: None
[2024-06-28T22:13:44.680+0000] {taskinstance.py:441} INFO - ::group::Post task execution logs
[2024-06-28T22:13:44.685+0000] {taskinstance.py:1206} INFO - Marking task as SUCCESS. dag_id=ecomm_data_pipeline, task_id=generate_and_insert_data, run_id=scheduled__2023-01-01T01:10:00+00:00, execution_date=20230101T011000, start_date=20240628T221344, end_date=20240628T221344
[2024-06-28T22:13:44.726+0000] {local_task_job_runner.py:240} INFO - Task exited with return code 0
[2024-06-28T22:13:44.733+0000] {taskinstance.py:3503} INFO - 0 downstream tasks scheduled from follow-on schedule check
[2024-06-28T22:13:44.733+0000] {local_task_job_runner.py:222} INFO - ::endgroup::
[2024-06-29T21:36:48.884+0000] {local_task_job_runner.py:120} INFO - ::group::Pre task execution logs
[2024-06-29T21:36:48.894+0000] {taskinstance.py:2076} INFO - Dependencies all met for dep_context=non-requeueable deps ti=<TaskInstance: ecomm_data_pipeline.generate_and_insert_data scheduled__2023-01-01T01:10:00+00:00 [queued]>
[2024-06-29T21:36:48.896+0000] {taskinstance.py:2076} INFO - Dependencies all met for dep_context=requeueable deps ti=<TaskInstance: ecomm_data_pipeline.generate_and_insert_data scheduled__2023-01-01T01:10:00+00:00 [queued]>
[2024-06-29T21:36:48.896+0000] {taskinstance.py:2306} INFO - Starting attempt 1 of 2
[2024-06-29T21:36:48.900+0000] {taskinstance.py:2330} INFO - Executing <Task(PythonOperator): generate_and_insert_data> on 2023-01-01 01:10:00+00:00
[2024-06-29T21:36:48.902+0000] {standard_task_runner.py:63} INFO - Started process 139 to run task
[2024-06-29T21:36:48.903+0000] {standard_task_runner.py:90} INFO - Running: ['airflow', 'tasks', 'run', 'ecomm_data_pipeline', 'generate_and_insert_data', 'scheduled__2023-01-01T01:10:00+00:00', '--job-id', '9', '--raw', '--subdir', 'DAGS_FOLDER/ecomm_dag.py', '--cfg-path', '/tmp/tmpilb22_5v']
[2024-06-29T21:36:48.904+0000] {standard_task_runner.py:91} INFO - Job 9: Subtask generate_and_insert_data
[2024-06-29T21:36:48.920+0000] {task_command.py:426} INFO - Running <TaskInstance: ecomm_data_pipeline.generate_and_insert_data scheduled__2023-01-01T01:10:00+00:00 [running]> on host afcb6fbf9265
[2024-06-29T21:36:48.947+0000] {taskinstance.py:2648} INFO - Exporting env vars: AIRFLOW_CTX_DAG_OWNER='airflow' AIRFLOW_CTX_DAG_ID='ecomm_data_pipeline' AIRFLOW_CTX_TASK_ID='generate_and_insert_data' AIRFLOW_CTX_EXECUTION_DATE='2023-01-01T01:10:00+00:00' AIRFLOW_CTX_TRY_NUMBER='1' AIRFLOW_CTX_DAG_RUN_ID='scheduled__2023-01-01T01:10:00+00:00'
[2024-06-29T21:36:48.947+0000] {taskinstance.py:430} INFO - ::endgroup::
[2024-06-29T21:36:49.001+0000] {logging_mixin.py:188} INFO - Error in generate_and_insert_data: Command '['python3', '/opt/airflow/generator/ecomm_generator.py']' returned non-zero exit status 1.
[2024-06-29T21:36:49.001+0000] {logging_mixin.py:188} INFO - stdout: 
[2024-06-29T21:36:49.001+0000] {logging_mixin.py:188} INFO - stderr: Traceback (most recent call last):
  File "/opt/airflow/generator/ecomm_generator.py", line 4, in <module>
    from faker import Faker
ModuleNotFoundError: No module named 'faker'
[2024-06-29T21:36:49.001+0000] {python.py:237} INFO - Done. Returned value was: None
[2024-06-29T21:36:49.002+0000] {taskinstance.py:441} INFO - ::group::Post task execution logs
[2024-06-29T21:36:49.006+0000] {taskinstance.py:1206} INFO - Marking task as SUCCESS. dag_id=ecomm_data_pipeline, task_id=generate_and_insert_data, run_id=scheduled__2023-01-01T01:10:00+00:00, execution_date=20230101T011000, start_date=20240629T213648, end_date=20240629T213649
[2024-06-29T21:36:49.048+0000] {local_task_job_runner.py:240} INFO - Task exited with return code 0
[2024-06-29T21:36:49.055+0000] {taskinstance.py:3503} INFO - 0 downstream tasks scheduled from follow-on schedule check
[2024-06-29T21:36:49.056+0000] {local_task_job_runner.py:222} INFO - ::endgroup::
[2024-06-29T21:49:05.554+0000] {local_task_job_runner.py:120} INFO - ::group::Pre task execution logs
[2024-06-29T21:49:05.563+0000] {taskinstance.py:2076} INFO - Dependencies all met for dep_context=non-requeueable deps ti=<TaskInstance: ecomm_data_pipeline.generate_and_insert_data scheduled__2023-01-01T01:10:00+00:00 [queued]>
[2024-06-29T21:49:05.566+0000] {taskinstance.py:2076} INFO - Dependencies all met for dep_context=requeueable deps ti=<TaskInstance: ecomm_data_pipeline.generate_and_insert_data scheduled__2023-01-01T01:10:00+00:00 [queued]>
[2024-06-29T21:49:05.566+0000] {taskinstance.py:2306} INFO - Starting attempt 1 of 2
[2024-06-29T21:49:05.570+0000] {taskinstance.py:2330} INFO - Executing <Task(PythonOperator): generate_and_insert_data> on 2023-01-01 01:10:00+00:00
[2024-06-29T21:49:05.571+0000] {standard_task_runner.py:63} INFO - Started process 140 to run task
[2024-06-29T21:49:05.572+0000] {standard_task_runner.py:90} INFO - Running: ['airflow', 'tasks', 'run', 'ecomm_data_pipeline', 'generate_and_insert_data', 'scheduled__2023-01-01T01:10:00+00:00', '--job-id', '9', '--raw', '--subdir', 'DAGS_FOLDER/ecomm_dag.py', '--cfg-path', '/tmp/tmp365znece']
[2024-06-29T21:49:05.573+0000] {standard_task_runner.py:91} INFO - Job 9: Subtask generate_and_insert_data
[2024-06-29T21:49:05.588+0000] {task_command.py:426} INFO - Running <TaskInstance: ecomm_data_pipeline.generate_and_insert_data scheduled__2023-01-01T01:10:00+00:00 [running]> on host 0b7af056b90c
[2024-06-29T21:49:05.616+0000] {taskinstance.py:2648} INFO - Exporting env vars: AIRFLOW_CTX_DAG_OWNER='airflow' AIRFLOW_CTX_DAG_ID='ecomm_data_pipeline' AIRFLOW_CTX_TASK_ID='generate_and_insert_data' AIRFLOW_CTX_EXECUTION_DATE='2023-01-01T01:10:00+00:00' AIRFLOW_CTX_TRY_NUMBER='1' AIRFLOW_CTX_DAG_RUN_ID='scheduled__2023-01-01T01:10:00+00:00'
[2024-06-29T21:49:05.617+0000] {taskinstance.py:430} INFO - ::endgroup::
[2024-06-29T21:49:05.672+0000] {logging_mixin.py:188} INFO - Error in generate_and_insert_data: Command '['python3', '/opt/airflow/generator/ecomm_generator.py']' returned non-zero exit status 1.
[2024-06-29T21:49:05.672+0000] {logging_mixin.py:188} INFO - stdout: 
[2024-06-29T21:49:05.672+0000] {logging_mixin.py:188} INFO - stderr: Traceback (most recent call last):
  File "/opt/airflow/generator/ecomm_generator.py", line 4, in <module>
    from faker import Faker
ModuleNotFoundError: No module named 'faker'
[2024-06-29T21:49:05.673+0000] {python.py:237} INFO - Done. Returned value was: None
[2024-06-29T21:49:05.673+0000] {taskinstance.py:441} INFO - ::group::Post task execution logs
[2024-06-29T21:49:05.678+0000] {taskinstance.py:1206} INFO - Marking task as SUCCESS. dag_id=ecomm_data_pipeline, task_id=generate_and_insert_data, run_id=scheduled__2023-01-01T01:10:00+00:00, execution_date=20230101T011000, start_date=20240629T214905, end_date=20240629T214905
[2024-06-29T21:49:05.720+0000] {local_task_job_runner.py:240} INFO - Task exited with return code 0
[2024-06-29T21:49:05.727+0000] {taskinstance.py:3503} INFO - 0 downstream tasks scheduled from follow-on schedule check
[2024-06-29T21:49:05.728+0000] {local_task_job_runner.py:222} INFO - ::endgroup::
[2024-06-29T22:00:38.069+0000] {local_task_job_runner.py:120} INFO - ::group::Pre task execution logs
[2024-06-29T22:00:38.079+0000] {taskinstance.py:2076} INFO - Dependencies all met for dep_context=non-requeueable deps ti=<TaskInstance: ecomm_data_pipeline.generate_and_insert_data scheduled__2023-01-01T01:10:00+00:00 [queued]>
[2024-06-29T22:00:38.081+0000] {taskinstance.py:2076} INFO - Dependencies all met for dep_context=requeueable deps ti=<TaskInstance: ecomm_data_pipeline.generate_and_insert_data scheduled__2023-01-01T01:10:00+00:00 [queued]>
[2024-06-29T22:00:38.081+0000] {taskinstance.py:2306} INFO - Starting attempt 1 of 2
[2024-06-29T22:00:38.085+0000] {taskinstance.py:2330} INFO - Executing <Task(PythonOperator): generate_and_insert_data> on 2023-01-01 01:10:00+00:00
[2024-06-29T22:00:38.087+0000] {standard_task_runner.py:63} INFO - Started process 140 to run task
[2024-06-29T22:00:38.088+0000] {standard_task_runner.py:90} INFO - Running: ['airflow', 'tasks', 'run', 'ecomm_data_pipeline', 'generate_and_insert_data', 'scheduled__2023-01-01T01:10:00+00:00', '--job-id', '9', '--raw', '--subdir', 'DAGS_FOLDER/ecomm_dag.py', '--cfg-path', '/tmp/tmpmhyh9dr5']
[2024-06-29T22:00:38.089+0000] {standard_task_runner.py:91} INFO - Job 9: Subtask generate_and_insert_data
[2024-06-29T22:00:38.106+0000] {task_command.py:426} INFO - Running <TaskInstance: ecomm_data_pipeline.generate_and_insert_data scheduled__2023-01-01T01:10:00+00:00 [running]> on host 799998b0d26e
[2024-06-29T22:00:38.134+0000] {taskinstance.py:2648} INFO - Exporting env vars: AIRFLOW_CTX_DAG_OWNER='airflow' AIRFLOW_CTX_DAG_ID='ecomm_data_pipeline' AIRFLOW_CTX_TASK_ID='generate_and_insert_data' AIRFLOW_CTX_EXECUTION_DATE='2023-01-01T01:10:00+00:00' AIRFLOW_CTX_TRY_NUMBER='1' AIRFLOW_CTX_DAG_RUN_ID='scheduled__2023-01-01T01:10:00+00:00'
[2024-06-29T22:00:38.134+0000] {taskinstance.py:430} INFO - ::endgroup::
[2024-06-29T22:00:38.189+0000] {logging_mixin.py:188} INFO - Error in generate_and_insert_data: Command '['python3', '/opt/airflow/generator/ecomm_generator.py']' returned non-zero exit status 1.
[2024-06-29T22:00:38.189+0000] {logging_mixin.py:188} INFO - stdout: 
[2024-06-29T22:00:38.189+0000] {logging_mixin.py:188} INFO - stderr: Traceback (most recent call last):
  File "/opt/airflow/generator/ecomm_generator.py", line 4, in <module>
    from faker import Faker
ModuleNotFoundError: No module named 'faker'
[2024-06-29T22:00:38.189+0000] {python.py:237} INFO - Done. Returned value was: None
[2024-06-29T22:00:38.189+0000] {taskinstance.py:441} INFO - ::group::Post task execution logs
[2024-06-29T22:00:38.194+0000] {taskinstance.py:1206} INFO - Marking task as SUCCESS. dag_id=ecomm_data_pipeline, task_id=generate_and_insert_data, run_id=scheduled__2023-01-01T01:10:00+00:00, execution_date=20230101T011000, start_date=20240629T220038, end_date=20240629T220038
[2024-06-29T22:00:38.231+0000] {local_task_job_runner.py:240} INFO - Task exited with return code 0
[2024-06-29T22:00:38.238+0000] {taskinstance.py:3503} INFO - 0 downstream tasks scheduled from follow-on schedule check
[2024-06-29T22:00:38.239+0000] {local_task_job_runner.py:222} INFO - ::endgroup::
