[2024-06-27T22:34:20.765+0000] {local_task_job_runner.py:120} INFO - ::group::Pre task execution logs
[2024-06-27T22:34:20.775+0000] {taskinstance.py:2076} INFO - Dependencies all met for dep_context=non-requeueable deps ti=<TaskInstance: ecomm_data_pipeline.generate_and_insert_data scheduled__2023-01-01T06:10:00+00:00 [queued]>
[2024-06-27T22:34:20.777+0000] {taskinstance.py:2076} INFO - Dependencies all met for dep_context=requeueable deps ti=<TaskInstance: ecomm_data_pipeline.generate_and_insert_data scheduled__2023-01-01T06:10:00+00:00 [queued]>
[2024-06-27T22:34:20.778+0000] {taskinstance.py:2306} INFO - Starting attempt 1 of 2
[2024-06-27T22:34:20.782+0000] {taskinstance.py:2330} INFO - Executing <Task(PythonOperator): generate_and_insert_data> on 2023-01-01 06:10:00+00:00
[2024-06-27T22:34:20.783+0000] {standard_task_runner.py:63} INFO - Started process 812 to run task
[2024-06-27T22:34:20.784+0000] {standard_task_runner.py:90} INFO - Running: ['airflow', 'tasks', 'run', 'ecomm_data_pipeline', 'generate_and_insert_data', 'scheduled__2023-01-01T06:10:00+00:00', '--job-id', '56', '--raw', '--subdir', 'DAGS_FOLDER/ecomm_dag.py', '--cfg-path', '/tmp/tmp77qu6zzg']
[2024-06-27T22:34:20.785+0000] {standard_task_runner.py:91} INFO - Job 56: Subtask generate_and_insert_data
[2024-06-27T22:34:20.801+0000] {task_command.py:426} INFO - Running <TaskInstance: ecomm_data_pipeline.generate_and_insert_data scheduled__2023-01-01T06:10:00+00:00 [running]> on host 9174587f6b1d
[2024-06-27T22:34:20.828+0000] {taskinstance.py:2648} INFO - Exporting env vars: AIRFLOW_CTX_DAG_OWNER='airflow' AIRFLOW_CTX_DAG_ID='ecomm_data_pipeline' AIRFLOW_CTX_TASK_ID='generate_and_insert_data' AIRFLOW_CTX_EXECUTION_DATE='2023-01-01T06:10:00+00:00' AIRFLOW_CTX_TRY_NUMBER='1' AIRFLOW_CTX_DAG_RUN_ID='scheduled__2023-01-01T06:10:00+00:00'
[2024-06-27T22:34:20.829+0000] {taskinstance.py:430} INFO - ::endgroup::
[2024-06-27T22:34:20.862+0000] {logging_mixin.py:188} INFO - Error in generate_and_insert_data: Command '['python3', './generator/ecomm_generator.py']' returned non-zero exit status 2.
[2024-06-27T22:34:20.862+0000] {python.py:237} INFO - Done. Returned value was: None
[2024-06-27T22:34:20.862+0000] {taskinstance.py:441} INFO - ::group::Post task execution logs
[2024-06-27T22:34:20.866+0000] {taskinstance.py:1206} INFO - Marking task as SUCCESS. dag_id=ecomm_data_pipeline, task_id=generate_and_insert_data, run_id=scheduled__2023-01-01T06:10:00+00:00, execution_date=20230101T061000, start_date=20240627T223420, end_date=20240627T223420
[2024-06-27T22:34:20.882+0000] {local_task_job_runner.py:240} INFO - Task exited with return code 0
[2024-06-27T22:34:20.888+0000] {taskinstance.py:3503} INFO - 0 downstream tasks scheduled from follow-on schedule check
[2024-06-27T22:34:20.889+0000] {local_task_job_runner.py:222} INFO - ::endgroup::
[2024-06-27T22:53:25.972+0000] {local_task_job_runner.py:120} INFO - ::group::Pre task execution logs
[2024-06-27T22:53:25.982+0000] {taskinstance.py:2076} INFO - Dependencies all met for dep_context=non-requeueable deps ti=<TaskInstance: ecomm_data_pipeline.generate_and_insert_data scheduled__2023-01-01T06:10:00+00:00 [queued]>
[2024-06-27T22:53:25.985+0000] {taskinstance.py:2076} INFO - Dependencies all met for dep_context=requeueable deps ti=<TaskInstance: ecomm_data_pipeline.generate_and_insert_data scheduled__2023-01-01T06:10:00+00:00 [queued]>
[2024-06-27T22:53:25.985+0000] {taskinstance.py:2306} INFO - Starting attempt 1 of 2
[2024-06-27T22:53:25.989+0000] {taskinstance.py:2330} INFO - Executing <Task(PythonOperator): generate_and_insert_data> on 2023-01-01 06:10:00+00:00
[2024-06-27T22:53:25.991+0000] {standard_task_runner.py:63} INFO - Started process 981 to run task
[2024-06-27T22:53:25.992+0000] {standard_task_runner.py:90} INFO - Running: ['airflow', 'tasks', 'run', 'ecomm_data_pipeline', 'generate_and_insert_data', 'scheduled__2023-01-01T06:10:00+00:00', '--job-id', '69', '--raw', '--subdir', 'DAGS_FOLDER/ecomm_dag.py', '--cfg-path', '/tmp/tmpexdetb3o']
[2024-06-27T22:53:25.993+0000] {standard_task_runner.py:91} INFO - Job 69: Subtask generate_and_insert_data
[2024-06-27T22:53:26.009+0000] {task_command.py:426} INFO - Running <TaskInstance: ecomm_data_pipeline.generate_and_insert_data scheduled__2023-01-01T06:10:00+00:00 [running]> on host a70edf9d8581
[2024-06-27T22:53:26.038+0000] {taskinstance.py:2648} INFO - Exporting env vars: AIRFLOW_CTX_DAG_OWNER='airflow' AIRFLOW_CTX_DAG_ID='ecomm_data_pipeline' AIRFLOW_CTX_TASK_ID='generate_and_insert_data' AIRFLOW_CTX_EXECUTION_DATE='2023-01-01T06:10:00+00:00' AIRFLOW_CTX_TRY_NUMBER='1' AIRFLOW_CTX_DAG_RUN_ID='scheduled__2023-01-01T06:10:00+00:00'
[2024-06-27T22:53:26.039+0000] {taskinstance.py:430} INFO - ::endgroup::
[2024-06-27T22:53:26.074+0000] {logging_mixin.py:188} INFO - Error in generate_and_insert_data: Command '['python3', './generator/ecomm_generator.py']' returned non-zero exit status 2.
[2024-06-27T22:53:26.074+0000] {logging_mixin.py:188} INFO - stdout: 
[2024-06-27T22:53:26.074+0000] {logging_mixin.py:188} INFO - stderr: python3: can't open file '/opt/airflow/./generator/ecomm_generator.py': [Errno 2] No such file or directory
[2024-06-27T22:53:26.075+0000] {python.py:237} INFO - Done. Returned value was: None
[2024-06-27T22:53:26.076+0000] {taskinstance.py:441} INFO - ::group::Post task execution logs
[2024-06-27T22:53:26.088+0000] {taskinstance.py:1206} INFO - Marking task as SUCCESS. dag_id=ecomm_data_pipeline, task_id=generate_and_insert_data, run_id=scheduled__2023-01-01T06:10:00+00:00, execution_date=20230101T061000, start_date=20240627T225325, end_date=20240627T225326
[2024-06-27T22:53:26.129+0000] {local_task_job_runner.py:240} INFO - Task exited with return code 0
[2024-06-27T22:53:26.137+0000] {taskinstance.py:3503} INFO - 0 downstream tasks scheduled from follow-on schedule check
[2024-06-27T22:53:26.138+0000] {local_task_job_runner.py:222} INFO - ::endgroup::
[2024-06-28T18:14:53.989+0000] {local_task_job_runner.py:120} INFO - ::group::Pre task execution logs
[2024-06-28T18:14:54.001+0000] {taskinstance.py:2076} INFO - Dependencies all met for dep_context=non-requeueable deps ti=<TaskInstance: ecomm_data_pipeline.generate_and_insert_data scheduled__2023-01-01T06:10:00+00:00 [queued]>
[2024-06-28T18:14:54.004+0000] {taskinstance.py:2076} INFO - Dependencies all met for dep_context=requeueable deps ti=<TaskInstance: ecomm_data_pipeline.generate_and_insert_data scheduled__2023-01-01T06:10:00+00:00 [queued]>
[2024-06-28T18:14:54.004+0000] {taskinstance.py:2306} INFO - Starting attempt 1 of 2
[2024-06-28T18:14:54.009+0000] {taskinstance.py:2330} INFO - Executing <Task(PythonOperator): generate_and_insert_data> on 2023-01-01 06:10:00+00:00
[2024-06-28T18:14:54.011+0000] {standard_task_runner.py:63} INFO - Started process 1093 to run task
[2024-06-28T18:14:54.012+0000] {standard_task_runner.py:90} INFO - Running: ['airflow', 'tasks', 'run', 'ecomm_data_pipeline', 'generate_and_insert_data', 'scheduled__2023-01-01T06:10:00+00:00', '--job-id', '77', '--raw', '--subdir', 'DAGS_FOLDER/ecomm_dag.py', '--cfg-path', '/tmp/tmpf59ui7r_']
[2024-06-28T18:14:54.013+0000] {standard_task_runner.py:91} INFO - Job 77: Subtask generate_and_insert_data
[2024-06-28T18:14:54.031+0000] {task_command.py:426} INFO - Running <TaskInstance: ecomm_data_pipeline.generate_and_insert_data scheduled__2023-01-01T06:10:00+00:00 [running]> on host 08cefd381a1f
[2024-06-28T18:14:54.065+0000] {taskinstance.py:2648} INFO - Exporting env vars: AIRFLOW_CTX_DAG_OWNER='airflow' AIRFLOW_CTX_DAG_ID='ecomm_data_pipeline' AIRFLOW_CTX_TASK_ID='generate_and_insert_data' AIRFLOW_CTX_EXECUTION_DATE='2023-01-01T06:10:00+00:00' AIRFLOW_CTX_TRY_NUMBER='1' AIRFLOW_CTX_DAG_RUN_ID='scheduled__2023-01-01T06:10:00+00:00'
[2024-06-28T18:14:54.065+0000] {taskinstance.py:430} INFO - ::endgroup::
[2024-06-28T18:14:54.125+0000] {logging_mixin.py:188} INFO - Error in generate_and_insert_data: Command '['python3', '/opt/airflow/generator/ecomm_generator.py']' returned non-zero exit status 1.
[2024-06-28T18:14:54.125+0000] {logging_mixin.py:188} INFO - stdout: 
[2024-06-28T18:14:54.125+0000] {logging_mixin.py:188} INFO - stderr: Traceback (most recent call last):
  File "/opt/airflow/generator/ecomm_generator.py", line 4, in <module>
    from faker import Faker
ModuleNotFoundError: No module named 'faker'
[2024-06-28T18:14:54.126+0000] {python.py:237} INFO - Done. Returned value was: None
[2024-06-28T18:14:54.126+0000] {taskinstance.py:441} INFO - ::group::Post task execution logs
[2024-06-28T18:14:54.131+0000] {taskinstance.py:1206} INFO - Marking task as SUCCESS. dag_id=ecomm_data_pipeline, task_id=generate_and_insert_data, run_id=scheduled__2023-01-01T06:10:00+00:00, execution_date=20230101T061000, start_date=20240628T181454, end_date=20240628T181454
[2024-06-28T18:14:54.158+0000] {local_task_job_runner.py:240} INFO - Task exited with return code 0
[2024-06-28T18:14:54.165+0000] {taskinstance.py:3503} INFO - 0 downstream tasks scheduled from follow-on schedule check
[2024-06-28T18:14:54.166+0000] {local_task_job_runner.py:222} INFO - ::endgroup::
[2024-06-28T18:21:48.404+0000] {local_task_job_runner.py:120} INFO - ::group::Pre task execution logs
[2024-06-28T18:21:48.414+0000] {taskinstance.py:2076} INFO - Dependencies all met for dep_context=non-requeueable deps ti=<TaskInstance: ecomm_data_pipeline.generate_and_insert_data scheduled__2023-01-01T06:10:00+00:00 [queued]>
[2024-06-28T18:21:48.417+0000] {taskinstance.py:2076} INFO - Dependencies all met for dep_context=requeueable deps ti=<TaskInstance: ecomm_data_pipeline.generate_and_insert_data scheduled__2023-01-01T06:10:00+00:00 [queued]>
[2024-06-28T18:21:48.417+0000] {taskinstance.py:2306} INFO - Starting attempt 1 of 2
[2024-06-28T18:21:48.421+0000] {taskinstance.py:2330} INFO - Executing <Task(PythonOperator): generate_and_insert_data> on 2023-01-01 06:10:00+00:00
[2024-06-28T18:21:48.423+0000] {standard_task_runner.py:63} INFO - Started process 864 to run task
[2024-06-28T18:21:48.424+0000] {standard_task_runner.py:90} INFO - Running: ['airflow', 'tasks', 'run', 'ecomm_data_pipeline', 'generate_and_insert_data', 'scheduled__2023-01-01T06:10:00+00:00', '--job-id', '60', '--raw', '--subdir', 'DAGS_FOLDER/ecomm_dag.py', '--cfg-path', '/tmp/tmpyolx_ka8']
[2024-06-28T18:21:48.425+0000] {standard_task_runner.py:91} INFO - Job 60: Subtask generate_and_insert_data
[2024-06-28T18:21:48.441+0000] {task_command.py:426} INFO - Running <TaskInstance: ecomm_data_pipeline.generate_and_insert_data scheduled__2023-01-01T06:10:00+00:00 [running]> on host 6570e5857071
[2024-06-28T18:21:48.470+0000] {taskinstance.py:2648} INFO - Exporting env vars: AIRFLOW_CTX_DAG_OWNER='airflow' AIRFLOW_CTX_DAG_ID='ecomm_data_pipeline' AIRFLOW_CTX_TASK_ID='generate_and_insert_data' AIRFLOW_CTX_EXECUTION_DATE='2023-01-01T06:10:00+00:00' AIRFLOW_CTX_TRY_NUMBER='1' AIRFLOW_CTX_DAG_RUN_ID='scheduled__2023-01-01T06:10:00+00:00'
[2024-06-28T18:21:48.470+0000] {taskinstance.py:430} INFO - ::endgroup::
[2024-06-28T18:21:48.527+0000] {logging_mixin.py:188} INFO - Error in generate_and_insert_data: Command '['python3', '/opt/airflow/generator/ecomm_generator.py']' returned non-zero exit status 1.
[2024-06-28T18:21:48.527+0000] {logging_mixin.py:188} INFO - stdout: 
[2024-06-28T18:21:48.527+0000] {logging_mixin.py:188} INFO - stderr: Traceback (most recent call last):
  File "/opt/airflow/generator/ecomm_generator.py", line 4, in <module>
    from faker import Faker
ModuleNotFoundError: No module named 'faker'
[2024-06-28T18:21:48.527+0000] {python.py:237} INFO - Done. Returned value was: None
[2024-06-28T18:21:48.528+0000] {taskinstance.py:441} INFO - ::group::Post task execution logs
[2024-06-28T18:21:48.532+0000] {taskinstance.py:1206} INFO - Marking task as SUCCESS. dag_id=ecomm_data_pipeline, task_id=generate_and_insert_data, run_id=scheduled__2023-01-01T06:10:00+00:00, execution_date=20230101T061000, start_date=20240628T182148, end_date=20240628T182148
[2024-06-28T18:21:48.571+0000] {local_task_job_runner.py:240} INFO - Task exited with return code 0
[2024-06-28T18:21:48.577+0000] {taskinstance.py:3503} INFO - 0 downstream tasks scheduled from follow-on schedule check
[2024-06-28T18:21:48.578+0000] {local_task_job_runner.py:222} INFO - ::endgroup::
[2024-06-28T18:31:46.599+0000] {local_task_job_runner.py:120} INFO - ::group::Pre task execution logs
[2024-06-28T18:31:46.609+0000] {taskinstance.py:2076} INFO - Dependencies all met for dep_context=non-requeueable deps ti=<TaskInstance: ecomm_data_pipeline.generate_and_insert_data scheduled__2023-01-01T06:10:00+00:00 [queued]>
[2024-06-28T18:31:46.612+0000] {taskinstance.py:2076} INFO - Dependencies all met for dep_context=requeueable deps ti=<TaskInstance: ecomm_data_pipeline.generate_and_insert_data scheduled__2023-01-01T06:10:00+00:00 [queued]>
[2024-06-28T18:31:46.612+0000] {taskinstance.py:2306} INFO - Starting attempt 1 of 2
[2024-06-28T18:31:46.616+0000] {taskinstance.py:2330} INFO - Executing <Task(PythonOperator): generate_and_insert_data> on 2023-01-01 06:10:00+00:00
[2024-06-28T18:31:46.618+0000] {standard_task_runner.py:63} INFO - Started process 812 to run task
[2024-06-28T18:31:46.619+0000] {standard_task_runner.py:90} INFO - Running: ['airflow', 'tasks', 'run', 'ecomm_data_pipeline', 'generate_and_insert_data', 'scheduled__2023-01-01T06:10:00+00:00', '--job-id', '56', '--raw', '--subdir', 'DAGS_FOLDER/ecomm_dag.py', '--cfg-path', '/tmp/tmpq7wpawah']
[2024-06-28T18:31:46.620+0000] {standard_task_runner.py:91} INFO - Job 56: Subtask generate_and_insert_data
[2024-06-28T18:31:46.637+0000] {task_command.py:426} INFO - Running <TaskInstance: ecomm_data_pipeline.generate_and_insert_data scheduled__2023-01-01T06:10:00+00:00 [running]> on host 50bf780463b8
[2024-06-28T18:31:46.665+0000] {taskinstance.py:2648} INFO - Exporting env vars: AIRFLOW_CTX_DAG_OWNER='airflow' AIRFLOW_CTX_DAG_ID='ecomm_data_pipeline' AIRFLOW_CTX_TASK_ID='generate_and_insert_data' AIRFLOW_CTX_EXECUTION_DATE='2023-01-01T06:10:00+00:00' AIRFLOW_CTX_TRY_NUMBER='1' AIRFLOW_CTX_DAG_RUN_ID='scheduled__2023-01-01T06:10:00+00:00'
[2024-06-28T18:31:46.665+0000] {taskinstance.py:430} INFO - ::endgroup::
[2024-06-28T18:31:46.722+0000] {logging_mixin.py:188} INFO - Error in generate_and_insert_data: Command '['python3', '/opt/airflow/generator/ecomm_generator.py']' returned non-zero exit status 1.
[2024-06-28T18:31:46.722+0000] {logging_mixin.py:188} INFO - stdout: 
[2024-06-28T18:31:46.722+0000] {logging_mixin.py:188} INFO - stderr: Traceback (most recent call last):
  File "/opt/airflow/generator/ecomm_generator.py", line 4, in <module>
    from faker import Faker
ModuleNotFoundError: No module named 'faker'
[2024-06-28T18:31:46.722+0000] {python.py:237} INFO - Done. Returned value was: None
[2024-06-28T18:31:46.723+0000] {taskinstance.py:441} INFO - ::group::Post task execution logs
[2024-06-28T18:31:46.727+0000] {taskinstance.py:1206} INFO - Marking task as SUCCESS. dag_id=ecomm_data_pipeline, task_id=generate_and_insert_data, run_id=scheduled__2023-01-01T06:10:00+00:00, execution_date=20230101T061000, start_date=20240628T183146, end_date=20240628T183146
[2024-06-28T18:31:46.768+0000] {local_task_job_runner.py:240} INFO - Task exited with return code 0
[2024-06-28T18:31:46.775+0000] {taskinstance.py:3503} INFO - 0 downstream tasks scheduled from follow-on schedule check
[2024-06-28T18:31:46.775+0000] {local_task_job_runner.py:222} INFO - ::endgroup::
[2024-06-29T21:37:46.154+0000] {local_task_job_runner.py:120} INFO - ::group::Pre task execution logs
[2024-06-29T21:37:46.165+0000] {taskinstance.py:2076} INFO - Dependencies all met for dep_context=non-requeueable deps ti=<TaskInstance: ecomm_data_pipeline.generate_and_insert_data scheduled__2023-01-01T06:10:00+00:00 [queued]>
[2024-06-29T21:37:46.168+0000] {taskinstance.py:2076} INFO - Dependencies all met for dep_context=requeueable deps ti=<TaskInstance: ecomm_data_pipeline.generate_and_insert_data scheduled__2023-01-01T06:10:00+00:00 [queued]>
[2024-06-29T21:37:46.168+0000] {taskinstance.py:2306} INFO - Starting attempt 1 of 2
[2024-06-29T21:37:46.173+0000] {taskinstance.py:2330} INFO - Executing <Task(PythonOperator): generate_and_insert_data> on 2023-01-01 06:10:00+00:00
[2024-06-29T21:37:46.175+0000] {standard_task_runner.py:63} INFO - Started process 577 to run task
[2024-06-29T21:37:46.176+0000] {standard_task_runner.py:90} INFO - Running: ['airflow', 'tasks', 'run', 'ecomm_data_pipeline', 'generate_and_insert_data', 'scheduled__2023-01-01T06:10:00+00:00', '--job-id', '39', '--raw', '--subdir', 'DAGS_FOLDER/ecomm_dag.py', '--cfg-path', '/tmp/tmphhq9tjwv']
[2024-06-29T21:37:46.177+0000] {standard_task_runner.py:91} INFO - Job 39: Subtask generate_and_insert_data
[2024-06-29T21:37:46.195+0000] {task_command.py:426} INFO - Running <TaskInstance: ecomm_data_pipeline.generate_and_insert_data scheduled__2023-01-01T06:10:00+00:00 [running]> on host afcb6fbf9265
[2024-06-29T21:37:46.226+0000] {taskinstance.py:2648} INFO - Exporting env vars: AIRFLOW_CTX_DAG_OWNER='airflow' AIRFLOW_CTX_DAG_ID='ecomm_data_pipeline' AIRFLOW_CTX_TASK_ID='generate_and_insert_data' AIRFLOW_CTX_EXECUTION_DATE='2023-01-01T06:10:00+00:00' AIRFLOW_CTX_TRY_NUMBER='1' AIRFLOW_CTX_DAG_RUN_ID='scheduled__2023-01-01T06:10:00+00:00'
[2024-06-29T21:37:46.227+0000] {taskinstance.py:430} INFO - ::endgroup::
[2024-06-29T21:37:46.284+0000] {logging_mixin.py:188} INFO - Error in generate_and_insert_data: Command '['python3', '/opt/airflow/generator/ecomm_generator.py']' returned non-zero exit status 1.
[2024-06-29T21:37:46.284+0000] {logging_mixin.py:188} INFO - stdout: 
[2024-06-29T21:37:46.284+0000] {logging_mixin.py:188} INFO - stderr: Traceback (most recent call last):
  File "/opt/airflow/generator/ecomm_generator.py", line 4, in <module>
    from faker import Faker
ModuleNotFoundError: No module named 'faker'
[2024-06-29T21:37:46.284+0000] {python.py:237} INFO - Done. Returned value was: None
[2024-06-29T21:37:46.285+0000] {taskinstance.py:441} INFO - ::group::Post task execution logs
[2024-06-29T21:37:46.290+0000] {taskinstance.py:1206} INFO - Marking task as SUCCESS. dag_id=ecomm_data_pipeline, task_id=generate_and_insert_data, run_id=scheduled__2023-01-01T06:10:00+00:00, execution_date=20230101T061000, start_date=20240629T213746, end_date=20240629T213746
[2024-06-29T21:37:46.315+0000] {local_task_job_runner.py:240} INFO - Task exited with return code 0
[2024-06-29T21:37:46.322+0000] {taskinstance.py:3503} INFO - 0 downstream tasks scheduled from follow-on schedule check
[2024-06-29T21:37:46.322+0000] {local_task_job_runner.py:222} INFO - ::endgroup::
[2024-06-29T21:50:03.057+0000] {local_task_job_runner.py:120} INFO - ::group::Pre task execution logs
[2024-06-29T21:50:03.067+0000] {taskinstance.py:2076} INFO - Dependencies all met for dep_context=non-requeueable deps ti=<TaskInstance: ecomm_data_pipeline.generate_and_insert_data scheduled__2023-01-01T06:10:00+00:00 [queued]>
[2024-06-29T21:50:03.069+0000] {taskinstance.py:2076} INFO - Dependencies all met for dep_context=requeueable deps ti=<TaskInstance: ecomm_data_pipeline.generate_and_insert_data scheduled__2023-01-01T06:10:00+00:00 [queued]>
[2024-06-29T21:50:03.070+0000] {taskinstance.py:2306} INFO - Starting attempt 1 of 2
[2024-06-29T21:50:03.074+0000] {taskinstance.py:2330} INFO - Executing <Task(PythonOperator): generate_and_insert_data> on 2023-01-01 06:10:00+00:00
[2024-06-29T21:50:03.076+0000] {standard_task_runner.py:63} INFO - Started process 578 to run task
[2024-06-29T21:50:03.077+0000] {standard_task_runner.py:90} INFO - Running: ['airflow', 'tasks', 'run', 'ecomm_data_pipeline', 'generate_and_insert_data', 'scheduled__2023-01-01T06:10:00+00:00', '--job-id', '39', '--raw', '--subdir', 'DAGS_FOLDER/ecomm_dag.py', '--cfg-path', '/tmp/tmp_renc18_']
[2024-06-29T21:50:03.077+0000] {standard_task_runner.py:91} INFO - Job 39: Subtask generate_and_insert_data
[2024-06-29T21:50:03.093+0000] {task_command.py:426} INFO - Running <TaskInstance: ecomm_data_pipeline.generate_and_insert_data scheduled__2023-01-01T06:10:00+00:00 [running]> on host 0b7af056b90c
[2024-06-29T21:50:03.121+0000] {taskinstance.py:2648} INFO - Exporting env vars: AIRFLOW_CTX_DAG_OWNER='airflow' AIRFLOW_CTX_DAG_ID='ecomm_data_pipeline' AIRFLOW_CTX_TASK_ID='generate_and_insert_data' AIRFLOW_CTX_EXECUTION_DATE='2023-01-01T06:10:00+00:00' AIRFLOW_CTX_TRY_NUMBER='1' AIRFLOW_CTX_DAG_RUN_ID='scheduled__2023-01-01T06:10:00+00:00'
[2024-06-29T21:50:03.121+0000] {taskinstance.py:430} INFO - ::endgroup::
[2024-06-29T21:50:03.178+0000] {logging_mixin.py:188} INFO - Error in generate_and_insert_data: Command '['python3', '/opt/airflow/generator/ecomm_generator.py']' returned non-zero exit status 1.
[2024-06-29T21:50:03.178+0000] {logging_mixin.py:188} INFO - stdout: 
[2024-06-29T21:50:03.178+0000] {logging_mixin.py:188} INFO - stderr: Traceback (most recent call last):
  File "/opt/airflow/generator/ecomm_generator.py", line 4, in <module>
    from faker import Faker
ModuleNotFoundError: No module named 'faker'
[2024-06-29T21:50:03.179+0000] {python.py:237} INFO - Done. Returned value was: None
[2024-06-29T21:50:03.179+0000] {taskinstance.py:441} INFO - ::group::Post task execution logs
[2024-06-29T21:50:03.183+0000] {taskinstance.py:1206} INFO - Marking task as SUCCESS. dag_id=ecomm_data_pipeline, task_id=generate_and_insert_data, run_id=scheduled__2023-01-01T06:10:00+00:00, execution_date=20230101T061000, start_date=20240629T215003, end_date=20240629T215003
[2024-06-29T21:50:03.229+0000] {local_task_job_runner.py:240} INFO - Task exited with return code 0
[2024-06-29T21:50:03.236+0000] {taskinstance.py:3503} INFO - 0 downstream tasks scheduled from follow-on schedule check
[2024-06-29T21:50:03.237+0000] {local_task_job_runner.py:222} INFO - ::endgroup::
[2024-06-29T22:01:35.248+0000] {local_task_job_runner.py:120} INFO - ::group::Pre task execution logs
[2024-06-29T22:01:35.259+0000] {taskinstance.py:2076} INFO - Dependencies all met for dep_context=non-requeueable deps ti=<TaskInstance: ecomm_data_pipeline.generate_and_insert_data scheduled__2023-01-01T06:10:00+00:00 [queued]>
[2024-06-29T22:01:35.262+0000] {taskinstance.py:2076} INFO - Dependencies all met for dep_context=requeueable deps ti=<TaskInstance: ecomm_data_pipeline.generate_and_insert_data scheduled__2023-01-01T06:10:00+00:00 [queued]>
[2024-06-29T22:01:35.262+0000] {taskinstance.py:2306} INFO - Starting attempt 1 of 2
[2024-06-29T22:01:35.267+0000] {taskinstance.py:2330} INFO - Executing <Task(PythonOperator): generate_and_insert_data> on 2023-01-01 06:10:00+00:00
[2024-06-29T22:01:35.269+0000] {standard_task_runner.py:63} INFO - Started process 577 to run task
[2024-06-29T22:01:35.270+0000] {standard_task_runner.py:90} INFO - Running: ['airflow', 'tasks', 'run', 'ecomm_data_pipeline', 'generate_and_insert_data', 'scheduled__2023-01-01T06:10:00+00:00', '--job-id', '39', '--raw', '--subdir', 'DAGS_FOLDER/ecomm_dag.py', '--cfg-path', '/tmp/tmp5qgbne_h']
[2024-06-29T22:01:35.271+0000] {standard_task_runner.py:91} INFO - Job 39: Subtask generate_and_insert_data
[2024-06-29T22:01:35.289+0000] {task_command.py:426} INFO - Running <TaskInstance: ecomm_data_pipeline.generate_and_insert_data scheduled__2023-01-01T06:10:00+00:00 [running]> on host 799998b0d26e
[2024-06-29T22:01:35.319+0000] {taskinstance.py:2648} INFO - Exporting env vars: AIRFLOW_CTX_DAG_OWNER='airflow' AIRFLOW_CTX_DAG_ID='ecomm_data_pipeline' AIRFLOW_CTX_TASK_ID='generate_and_insert_data' AIRFLOW_CTX_EXECUTION_DATE='2023-01-01T06:10:00+00:00' AIRFLOW_CTX_TRY_NUMBER='1' AIRFLOW_CTX_DAG_RUN_ID='scheduled__2023-01-01T06:10:00+00:00'
[2024-06-29T22:01:35.320+0000] {taskinstance.py:430} INFO - ::endgroup::
[2024-06-29T22:01:35.380+0000] {logging_mixin.py:188} INFO - Error in generate_and_insert_data: Command '['python3', '/opt/airflow/generator/ecomm_generator.py']' returned non-zero exit status 1.
[2024-06-29T22:01:35.380+0000] {logging_mixin.py:188} INFO - stdout: 
[2024-06-29T22:01:35.380+0000] {logging_mixin.py:188} INFO - stderr: Traceback (most recent call last):
  File "/opt/airflow/generator/ecomm_generator.py", line 4, in <module>
    from faker import Faker
ModuleNotFoundError: No module named 'faker'
[2024-06-29T22:01:35.380+0000] {python.py:237} INFO - Done. Returned value was: None
[2024-06-29T22:01:35.381+0000] {taskinstance.py:441} INFO - ::group::Post task execution logs
[2024-06-29T22:01:35.386+0000] {taskinstance.py:1206} INFO - Marking task as SUCCESS. dag_id=ecomm_data_pipeline, task_id=generate_and_insert_data, run_id=scheduled__2023-01-01T06:10:00+00:00, execution_date=20230101T061000, start_date=20240629T220135, end_date=20240629T220135
[2024-06-29T22:01:35.417+0000] {local_task_job_runner.py:240} INFO - Task exited with return code 0
[2024-06-29T22:01:35.423+0000] {taskinstance.py:3503} INFO - 0 downstream tasks scheduled from follow-on schedule check
[2024-06-29T22:01:35.424+0000] {local_task_job_runner.py:222} INFO - ::endgroup::
