[2024-06-27T22:33:34.257+0000] {local_task_job_runner.py:120} INFO - ::group::Pre task execution logs
[2024-06-27T22:33:34.268+0000] {taskinstance.py:2076} INFO - Dependencies all met for dep_context=non-requeueable deps ti=<TaskInstance: example_dag.generate_and_insert_data scheduled__2023-01-01T02:20:00+00:00 [queued]>
[2024-06-27T22:33:34.270+0000] {taskinstance.py:2076} INFO - Dependencies all met for dep_context=requeueable deps ti=<TaskInstance: example_dag.generate_and_insert_data scheduled__2023-01-01T02:20:00+00:00 [queued]>
[2024-06-27T22:33:34.270+0000] {taskinstance.py:2306} INFO - Starting attempt 1 of 2
[2024-06-27T22:33:34.275+0000] {taskinstance.py:2330} INFO - Executing <Task(PythonOperator): generate_and_insert_data> on 2023-01-01 02:20:00+00:00
[2024-06-27T22:33:34.277+0000] {standard_task_runner.py:63} INFO - Started process 445 to run task
[2024-06-27T22:33:34.278+0000] {standard_task_runner.py:90} INFO - Running: ['airflow', 'tasks', 'run', 'example_dag', 'generate_and_insert_data', 'scheduled__2023-01-01T02:20:00+00:00', '--job-id', '31', '--raw', '--subdir', 'DAGS_FOLDER/example_dag.py', '--cfg-path', '/tmp/tmprmk0pnsm']
[2024-06-27T22:33:34.278+0000] {standard_task_runner.py:91} INFO - Job 31: Subtask generate_and_insert_data
[2024-06-27T22:33:34.295+0000] {task_command.py:426} INFO - Running <TaskInstance: example_dag.generate_and_insert_data scheduled__2023-01-01T02:20:00+00:00 [running]> on host 9174587f6b1d
[2024-06-27T22:33:34.322+0000] {taskinstance.py:2648} INFO - Exporting env vars: AIRFLOW_CTX_DAG_OWNER='airflow' AIRFLOW_CTX_DAG_ID='example_dag' AIRFLOW_CTX_TASK_ID='generate_and_insert_data' AIRFLOW_CTX_EXECUTION_DATE='2023-01-01T02:20:00+00:00' AIRFLOW_CTX_TRY_NUMBER='1' AIRFLOW_CTX_DAG_RUN_ID='scheduled__2023-01-01T02:20:00+00:00'
[2024-06-27T22:33:34.323+0000] {taskinstance.py:430} INFO - ::endgroup::
[2024-06-27T22:33:34.327+0000] {python.py:237} INFO - Done. Returned value was: None
[2024-06-27T22:33:34.327+0000] {taskinstance.py:441} INFO - ::group::Post task execution logs
[2024-06-27T22:33:34.331+0000] {taskinstance.py:1206} INFO - Marking task as SUCCESS. dag_id=example_dag, task_id=generate_and_insert_data, run_id=scheduled__2023-01-01T02:20:00+00:00, execution_date=20230101T022000, start_date=20240627T223334, end_date=20240627T223334
[2024-06-27T22:33:34.341+0000] {local_task_job_runner.py:240} INFO - Task exited with return code 0
[2024-06-27T22:33:34.347+0000] {taskinstance.py:3503} INFO - 0 downstream tasks scheduled from follow-on schedule check
[2024-06-27T22:33:34.348+0000] {local_task_job_runner.py:222} INFO - ::endgroup::
[2024-06-27T22:52:23.507+0000] {local_task_job_runner.py:120} INFO - ::group::Pre task execution logs
[2024-06-27T22:52:23.518+0000] {taskinstance.py:2076} INFO - Dependencies all met for dep_context=non-requeueable deps ti=<TaskInstance: example_dag.generate_and_insert_data scheduled__2023-01-01T02:20:00+00:00 [queued]>
[2024-06-27T22:52:23.522+0000] {taskinstance.py:2076} INFO - Dependencies all met for dep_context=requeueable deps ti=<TaskInstance: example_dag.generate_and_insert_data scheduled__2023-01-01T02:20:00+00:00 [queued]>
[2024-06-27T22:52:23.523+0000] {taskinstance.py:2306} INFO - Starting attempt 1 of 2
[2024-06-27T22:52:23.528+0000] {taskinstance.py:2330} INFO - Executing <Task(PythonOperator): generate_and_insert_data> on 2023-01-01 02:20:00+00:00
[2024-06-27T22:52:23.529+0000] {standard_task_runner.py:63} INFO - Started process 445 to run task
[2024-06-27T22:52:23.530+0000] {standard_task_runner.py:90} INFO - Running: ['airflow', 'tasks', 'run', 'example_dag', 'generate_and_insert_data', 'scheduled__2023-01-01T02:20:00+00:00', '--job-id', '31', '--raw', '--subdir', 'DAGS_FOLDER/example_dag.py', '--cfg-path', '/tmp/tmp7kb482bb']
[2024-06-27T22:52:23.530+0000] {standard_task_runner.py:91} INFO - Job 31: Subtask generate_and_insert_data
[2024-06-27T22:52:23.552+0000] {task_command.py:426} INFO - Running <TaskInstance: example_dag.generate_and_insert_data scheduled__2023-01-01T02:20:00+00:00 [running]> on host a70edf9d8581
[2024-06-27T22:52:23.581+0000] {taskinstance.py:2648} INFO - Exporting env vars: AIRFLOW_CTX_DAG_OWNER='airflow' AIRFLOW_CTX_DAG_ID='example_dag' AIRFLOW_CTX_TASK_ID='generate_and_insert_data' AIRFLOW_CTX_EXECUTION_DATE='2023-01-01T02:20:00+00:00' AIRFLOW_CTX_TRY_NUMBER='1' AIRFLOW_CTX_DAG_RUN_ID='scheduled__2023-01-01T02:20:00+00:00'
[2024-06-27T22:52:23.581+0000] {taskinstance.py:430} INFO - ::endgroup::
[2024-06-27T22:52:23.585+0000] {python.py:237} INFO - Done. Returned value was: None
[2024-06-27T22:52:23.586+0000] {taskinstance.py:441} INFO - ::group::Post task execution logs
[2024-06-27T22:52:23.590+0000] {taskinstance.py:1206} INFO - Marking task as SUCCESS. dag_id=example_dag, task_id=generate_and_insert_data, run_id=scheduled__2023-01-01T02:20:00+00:00, execution_date=20230101T022000, start_date=20240627T225223, end_date=20240627T225223
[2024-06-27T22:52:23.634+0000] {local_task_job_runner.py:240} INFO - Task exited with return code 0
[2024-06-27T22:52:23.640+0000] {taskinstance.py:3503} INFO - 0 downstream tasks scheduled from follow-on schedule check
[2024-06-27T22:52:23.641+0000] {local_task_job_runner.py:222} INFO - ::endgroup::
[2024-06-27T23:00:08.217+0000] {local_task_job_runner.py:120} INFO - ::group::Pre task execution logs
[2024-06-27T23:00:08.228+0000] {taskinstance.py:2076} INFO - Dependencies all met for dep_context=non-requeueable deps ti=<TaskInstance: example_dag.generate_and_insert_data scheduled__2023-01-01T02:20:00+00:00 [queued]>
[2024-06-27T23:00:08.230+0000] {taskinstance.py:2076} INFO - Dependencies all met for dep_context=requeueable deps ti=<TaskInstance: example_dag.generate_and_insert_data scheduled__2023-01-01T02:20:00+00:00 [queued]>
[2024-06-27T23:00:08.230+0000] {taskinstance.py:2306} INFO - Starting attempt 1 of 2
[2024-06-27T23:00:08.235+0000] {taskinstance.py:2330} INFO - Executing <Task(PythonOperator): generate_and_insert_data> on 2023-01-01 02:20:00+00:00
[2024-06-27T23:00:08.237+0000] {standard_task_runner.py:63} INFO - Started process 445 to run task
[2024-06-27T23:00:08.238+0000] {standard_task_runner.py:90} INFO - Running: ['airflow', 'tasks', 'run', 'example_dag', 'generate_and_insert_data', 'scheduled__2023-01-01T02:20:00+00:00', '--job-id', '31', '--raw', '--subdir', 'DAGS_FOLDER/example_dag.py', '--cfg-path', '/tmp/tmppw1liyab']
[2024-06-27T23:00:08.238+0000] {standard_task_runner.py:91} INFO - Job 31: Subtask generate_and_insert_data
[2024-06-27T23:00:08.258+0000] {task_command.py:426} INFO - Running <TaskInstance: example_dag.generate_and_insert_data scheduled__2023-01-01T02:20:00+00:00 [running]> on host 5cc71d4b298c
[2024-06-27T23:00:08.291+0000] {taskinstance.py:2648} INFO - Exporting env vars: AIRFLOW_CTX_DAG_OWNER='airflow' AIRFLOW_CTX_DAG_ID='example_dag' AIRFLOW_CTX_TASK_ID='generate_and_insert_data' AIRFLOW_CTX_EXECUTION_DATE='2023-01-01T02:20:00+00:00' AIRFLOW_CTX_TRY_NUMBER='1' AIRFLOW_CTX_DAG_RUN_ID='scheduled__2023-01-01T02:20:00+00:00'
[2024-06-27T23:00:08.292+0000] {taskinstance.py:430} INFO - ::endgroup::
[2024-06-27T23:00:08.297+0000] {python.py:237} INFO - Done. Returned value was: None
[2024-06-27T23:00:08.297+0000] {taskinstance.py:441} INFO - ::group::Post task execution logs
[2024-06-27T23:00:08.302+0000] {taskinstance.py:1206} INFO - Marking task as SUCCESS. dag_id=example_dag, task_id=generate_and_insert_data, run_id=scheduled__2023-01-01T02:20:00+00:00, execution_date=20230101T022000, start_date=20240627T230008, end_date=20240627T230008
[2024-06-27T23:00:08.339+0000] {local_task_job_runner.py:240} INFO - Task exited with return code 0
[2024-06-27T23:00:08.346+0000] {taskinstance.py:3503} INFO - 0 downstream tasks scheduled from follow-on schedule check
[2024-06-27T23:00:08.347+0000] {local_task_job_runner.py:222} INFO - ::endgroup::
[2024-06-27T23:09:47.085+0000] {local_task_job_runner.py:120} INFO - ::group::Pre task execution logs
[2024-06-27T23:09:47.095+0000] {taskinstance.py:2076} INFO - Dependencies all met for dep_context=non-requeueable deps ti=<TaskInstance: example_dag.generate_and_insert_data scheduled__2023-01-01T02:20:00+00:00 [queued]>
[2024-06-27T23:09:47.098+0000] {taskinstance.py:2076} INFO - Dependencies all met for dep_context=requeueable deps ti=<TaskInstance: example_dag.generate_and_insert_data scheduled__2023-01-01T02:20:00+00:00 [queued]>
[2024-06-27T23:09:47.098+0000] {taskinstance.py:2306} INFO - Starting attempt 1 of 2
[2024-06-27T23:09:47.102+0000] {taskinstance.py:2330} INFO - Executing <Task(PythonOperator): generate_and_insert_data> on 2023-01-01 02:20:00+00:00
[2024-06-27T23:09:47.104+0000] {standard_task_runner.py:63} INFO - Started process 445 to run task
[2024-06-27T23:09:47.105+0000] {standard_task_runner.py:90} INFO - Running: ['airflow', 'tasks', 'run', 'example_dag', 'generate_and_insert_data', 'scheduled__2023-01-01T02:20:00+00:00', '--job-id', '31', '--raw', '--subdir', 'DAGS_FOLDER/example_dag.py', '--cfg-path', '/tmp/tmpy3qbfcd1']
[2024-06-27T23:09:47.106+0000] {standard_task_runner.py:91} INFO - Job 31: Subtask generate_and_insert_data
[2024-06-27T23:09:47.122+0000] {task_command.py:426} INFO - Running <TaskInstance: example_dag.generate_and_insert_data scheduled__2023-01-01T02:20:00+00:00 [running]> on host 7147f8a4dc9f
[2024-06-27T23:09:47.151+0000] {taskinstance.py:2648} INFO - Exporting env vars: AIRFLOW_CTX_DAG_OWNER='airflow' AIRFLOW_CTX_DAG_ID='example_dag' AIRFLOW_CTX_TASK_ID='generate_and_insert_data' AIRFLOW_CTX_EXECUTION_DATE='2023-01-01T02:20:00+00:00' AIRFLOW_CTX_TRY_NUMBER='1' AIRFLOW_CTX_DAG_RUN_ID='scheduled__2023-01-01T02:20:00+00:00'
[2024-06-27T23:09:47.153+0000] {taskinstance.py:430} INFO - ::endgroup::
[2024-06-27T23:09:47.158+0000] {python.py:237} INFO - Done. Returned value was: None
[2024-06-27T23:09:47.158+0000] {taskinstance.py:441} INFO - ::group::Post task execution logs
[2024-06-27T23:09:47.162+0000] {taskinstance.py:1206} INFO - Marking task as SUCCESS. dag_id=example_dag, task_id=generate_and_insert_data, run_id=scheduled__2023-01-01T02:20:00+00:00, execution_date=20230101T022000, start_date=20240627T230947, end_date=20240627T230947
[2024-06-27T23:09:47.205+0000] {local_task_job_runner.py:240} INFO - Task exited with return code 0
[2024-06-27T23:09:47.212+0000] {taskinstance.py:3503} INFO - 0 downstream tasks scheduled from follow-on schedule check
[2024-06-27T23:09:47.213+0000] {local_task_job_runner.py:222} INFO - ::endgroup::
[2024-06-27T23:13:25.620+0000] {local_task_job_runner.py:120} INFO - ::group::Pre task execution logs
[2024-06-27T23:13:25.630+0000] {taskinstance.py:2076} INFO - Dependencies all met for dep_context=non-requeueable deps ti=<TaskInstance: example_dag.generate_and_insert_data scheduled__2023-01-01T02:20:00+00:00 [queued]>
[2024-06-27T23:13:25.633+0000] {taskinstance.py:2076} INFO - Dependencies all met for dep_context=requeueable deps ti=<TaskInstance: example_dag.generate_and_insert_data scheduled__2023-01-01T02:20:00+00:00 [queued]>
[2024-06-27T23:13:25.633+0000] {taskinstance.py:2306} INFO - Starting attempt 1 of 2
[2024-06-27T23:13:25.637+0000] {taskinstance.py:2330} INFO - Executing <Task(PythonOperator): generate_and_insert_data> on 2023-01-01 02:20:00+00:00
[2024-06-27T23:13:25.639+0000] {standard_task_runner.py:63} INFO - Started process 445 to run task
[2024-06-27T23:13:25.640+0000] {standard_task_runner.py:90} INFO - Running: ['airflow', 'tasks', 'run', 'example_dag', 'generate_and_insert_data', 'scheduled__2023-01-01T02:20:00+00:00', '--job-id', '31', '--raw', '--subdir', 'DAGS_FOLDER/example_dag.py', '--cfg-path', '/tmp/tmpuo07qt6h']
[2024-06-27T23:13:25.641+0000] {standard_task_runner.py:91} INFO - Job 31: Subtask generate_and_insert_data
[2024-06-27T23:13:25.657+0000] {task_command.py:426} INFO - Running <TaskInstance: example_dag.generate_and_insert_data scheduled__2023-01-01T02:20:00+00:00 [running]> on host 4bd55eb76a74
[2024-06-27T23:13:25.685+0000] {taskinstance.py:2648} INFO - Exporting env vars: AIRFLOW_CTX_DAG_OWNER='airflow' AIRFLOW_CTX_DAG_ID='example_dag' AIRFLOW_CTX_TASK_ID='generate_and_insert_data' AIRFLOW_CTX_EXECUTION_DATE='2023-01-01T02:20:00+00:00' AIRFLOW_CTX_TRY_NUMBER='1' AIRFLOW_CTX_DAG_RUN_ID='scheduled__2023-01-01T02:20:00+00:00'
[2024-06-27T23:13:25.685+0000] {taskinstance.py:430} INFO - ::endgroup::
[2024-06-27T23:13:25.690+0000] {python.py:237} INFO - Done. Returned value was: None
[2024-06-27T23:13:25.690+0000] {taskinstance.py:441} INFO - ::group::Post task execution logs
[2024-06-27T23:13:25.694+0000] {taskinstance.py:1206} INFO - Marking task as SUCCESS. dag_id=example_dag, task_id=generate_and_insert_data, run_id=scheduled__2023-01-01T02:20:00+00:00, execution_date=20230101T022000, start_date=20240627T231325, end_date=20240627T231325
[2024-06-27T23:13:25.700+0000] {local_task_job_runner.py:240} INFO - Task exited with return code 0
[2024-06-27T23:13:25.706+0000] {taskinstance.py:3503} INFO - 0 downstream tasks scheduled from follow-on schedule check
[2024-06-27T23:13:25.707+0000] {local_task_job_runner.py:222} INFO - ::endgroup::
[2024-06-28T18:13:41.474+0000] {local_task_job_runner.py:120} INFO - ::group::Pre task execution logs
[2024-06-28T18:13:41.485+0000] {taskinstance.py:2076} INFO - Dependencies all met for dep_context=non-requeueable deps ti=<TaskInstance: example_dag.generate_and_insert_data scheduled__2023-01-01T02:20:00+00:00 [queued]>
[2024-06-28T18:13:41.487+0000] {taskinstance.py:2076} INFO - Dependencies all met for dep_context=requeueable deps ti=<TaskInstance: example_dag.generate_and_insert_data scheduled__2023-01-01T02:20:00+00:00 [queued]>
[2024-06-28T18:13:41.488+0000] {taskinstance.py:2306} INFO - Starting attempt 1 of 2
[2024-06-28T18:13:41.492+0000] {taskinstance.py:2330} INFO - Executing <Task(PythonOperator): generate_and_insert_data> on 2023-01-01 02:20:00+00:00
[2024-06-28T18:13:41.494+0000] {standard_task_runner.py:63} INFO - Started process 445 to run task
[2024-06-28T18:13:41.495+0000] {standard_task_runner.py:90} INFO - Running: ['airflow', 'tasks', 'run', 'example_dag', 'generate_and_insert_data', 'scheduled__2023-01-01T02:20:00+00:00', '--job-id', '31', '--raw', '--subdir', 'DAGS_FOLDER/example_dag.py', '--cfg-path', '/tmp/tmp096ri8he']
[2024-06-28T18:13:41.496+0000] {standard_task_runner.py:91} INFO - Job 31: Subtask generate_and_insert_data
[2024-06-28T18:13:41.515+0000] {task_command.py:426} INFO - Running <TaskInstance: example_dag.generate_and_insert_data scheduled__2023-01-01T02:20:00+00:00 [running]> on host 08cefd381a1f
[2024-06-28T18:13:41.548+0000] {taskinstance.py:2648} INFO - Exporting env vars: AIRFLOW_CTX_DAG_OWNER='airflow' AIRFLOW_CTX_DAG_ID='example_dag' AIRFLOW_CTX_TASK_ID='generate_and_insert_data' AIRFLOW_CTX_EXECUTION_DATE='2023-01-01T02:20:00+00:00' AIRFLOW_CTX_TRY_NUMBER='1' AIRFLOW_CTX_DAG_RUN_ID='scheduled__2023-01-01T02:20:00+00:00'
[2024-06-28T18:13:41.549+0000] {taskinstance.py:430} INFO - ::endgroup::
[2024-06-28T18:13:41.553+0000] {python.py:237} INFO - Done. Returned value was: None
[2024-06-28T18:13:41.554+0000] {taskinstance.py:441} INFO - ::group::Post task execution logs
[2024-06-28T18:13:41.559+0000] {taskinstance.py:1206} INFO - Marking task as SUCCESS. dag_id=example_dag, task_id=generate_and_insert_data, run_id=scheduled__2023-01-01T02:20:00+00:00, execution_date=20230101T022000, start_date=20240628T181341, end_date=20240628T181341
[2024-06-28T18:13:41.594+0000] {local_task_job_runner.py:240} INFO - Task exited with return code 0
[2024-06-28T18:13:41.600+0000] {taskinstance.py:3503} INFO - 0 downstream tasks scheduled from follow-on schedule check
[2024-06-28T18:13:41.601+0000] {local_task_job_runner.py:222} INFO - ::endgroup::
[2024-06-28T18:20:57.257+0000] {local_task_job_runner.py:120} INFO - ::group::Pre task execution logs
[2024-06-28T18:20:57.267+0000] {taskinstance.py:2076} INFO - Dependencies all met for dep_context=non-requeueable deps ti=<TaskInstance: example_dag.generate_and_insert_data scheduled__2023-01-01T02:20:00+00:00 [queued]>
[2024-06-28T18:20:57.269+0000] {taskinstance.py:2076} INFO - Dependencies all met for dep_context=requeueable deps ti=<TaskInstance: example_dag.generate_and_insert_data scheduled__2023-01-01T02:20:00+00:00 [queued]>
[2024-06-28T18:20:57.269+0000] {taskinstance.py:2306} INFO - Starting attempt 1 of 2
[2024-06-28T18:20:57.274+0000] {taskinstance.py:2330} INFO - Executing <Task(PythonOperator): generate_and_insert_data> on 2023-01-01 02:20:00+00:00
[2024-06-28T18:20:57.275+0000] {standard_task_runner.py:63} INFO - Started process 445 to run task
[2024-06-28T18:20:57.276+0000] {standard_task_runner.py:90} INFO - Running: ['airflow', 'tasks', 'run', 'example_dag', 'generate_and_insert_data', 'scheduled__2023-01-01T02:20:00+00:00', '--job-id', '31', '--raw', '--subdir', 'DAGS_FOLDER/example_dag.py', '--cfg-path', '/tmp/tmp2vc__dph']
[2024-06-28T18:20:57.277+0000] {standard_task_runner.py:91} INFO - Job 31: Subtask generate_and_insert_data
[2024-06-28T18:20:57.293+0000] {task_command.py:426} INFO - Running <TaskInstance: example_dag.generate_and_insert_data scheduled__2023-01-01T02:20:00+00:00 [running]> on host 6570e5857071
[2024-06-28T18:20:57.320+0000] {taskinstance.py:2648} INFO - Exporting env vars: AIRFLOW_CTX_DAG_OWNER='airflow' AIRFLOW_CTX_DAG_ID='example_dag' AIRFLOW_CTX_TASK_ID='generate_and_insert_data' AIRFLOW_CTX_EXECUTION_DATE='2023-01-01T02:20:00+00:00' AIRFLOW_CTX_TRY_NUMBER='1' AIRFLOW_CTX_DAG_RUN_ID='scheduled__2023-01-01T02:20:00+00:00'
[2024-06-28T18:20:57.321+0000] {taskinstance.py:430} INFO - ::endgroup::
[2024-06-28T18:20:57.325+0000] {python.py:237} INFO - Done. Returned value was: None
[2024-06-28T18:20:57.325+0000] {taskinstance.py:441} INFO - ::group::Post task execution logs
[2024-06-28T18:20:57.329+0000] {taskinstance.py:1206} INFO - Marking task as SUCCESS. dag_id=example_dag, task_id=generate_and_insert_data, run_id=scheduled__2023-01-01T02:20:00+00:00, execution_date=20230101T022000, start_date=20240628T182057, end_date=20240628T182057
[2024-06-28T18:20:57.337+0000] {local_task_job_runner.py:240} INFO - Task exited with return code 0
[2024-06-28T18:20:57.343+0000] {taskinstance.py:3503} INFO - 0 downstream tasks scheduled from follow-on schedule check
[2024-06-28T18:20:57.343+0000] {local_task_job_runner.py:222} INFO - ::endgroup::
[2024-06-28T18:30:59.621+0000] {local_task_job_runner.py:120} INFO - ::group::Pre task execution logs
[2024-06-28T18:30:59.632+0000] {taskinstance.py:2076} INFO - Dependencies all met for dep_context=non-requeueable deps ti=<TaskInstance: example_dag.generate_and_insert_data scheduled__2023-01-01T02:20:00+00:00 [queued]>
[2024-06-28T18:30:59.634+0000] {taskinstance.py:2076} INFO - Dependencies all met for dep_context=requeueable deps ti=<TaskInstance: example_dag.generate_and_insert_data scheduled__2023-01-01T02:20:00+00:00 [queued]>
[2024-06-28T18:30:59.634+0000] {taskinstance.py:2306} INFO - Starting attempt 1 of 2
[2024-06-28T18:30:59.639+0000] {taskinstance.py:2330} INFO - Executing <Task(PythonOperator): generate_and_insert_data> on 2023-01-01 02:20:00+00:00
[2024-06-28T18:30:59.641+0000] {standard_task_runner.py:63} INFO - Started process 445 to run task
[2024-06-28T18:30:59.642+0000] {standard_task_runner.py:90} INFO - Running: ['airflow', 'tasks', 'run', 'example_dag', 'generate_and_insert_data', 'scheduled__2023-01-01T02:20:00+00:00', '--job-id', '31', '--raw', '--subdir', 'DAGS_FOLDER/example_dag.py', '--cfg-path', '/tmp/tmppt1q90zc']
[2024-06-28T18:30:59.642+0000] {standard_task_runner.py:91} INFO - Job 31: Subtask generate_and_insert_data
[2024-06-28T18:30:59.662+0000] {task_command.py:426} INFO - Running <TaskInstance: example_dag.generate_and_insert_data scheduled__2023-01-01T02:20:00+00:00 [running]> on host 50bf780463b8
[2024-06-28T18:30:59.692+0000] {taskinstance.py:2648} INFO - Exporting env vars: AIRFLOW_CTX_DAG_OWNER='airflow' AIRFLOW_CTX_DAG_ID='example_dag' AIRFLOW_CTX_TASK_ID='generate_and_insert_data' AIRFLOW_CTX_EXECUTION_DATE='2023-01-01T02:20:00+00:00' AIRFLOW_CTX_TRY_NUMBER='1' AIRFLOW_CTX_DAG_RUN_ID='scheduled__2023-01-01T02:20:00+00:00'
[2024-06-28T18:30:59.693+0000] {taskinstance.py:430} INFO - ::endgroup::
[2024-06-28T18:30:59.698+0000] {python.py:237} INFO - Done. Returned value was: None
[2024-06-28T18:30:59.698+0000] {taskinstance.py:441} INFO - ::group::Post task execution logs
[2024-06-28T18:30:59.702+0000] {taskinstance.py:1206} INFO - Marking task as SUCCESS. dag_id=example_dag, task_id=generate_and_insert_data, run_id=scheduled__2023-01-01T02:20:00+00:00, execution_date=20230101T022000, start_date=20240628T183059, end_date=20240628T183059
[2024-06-28T18:30:59.744+0000] {local_task_job_runner.py:240} INFO - Task exited with return code 0
[2024-06-28T18:30:59.751+0000] {taskinstance.py:3503} INFO - 0 downstream tasks scheduled from follow-on schedule check
[2024-06-28T18:30:59.752+0000] {local_task_job_runner.py:222} INFO - ::endgroup::
