[2024-06-27T22:34:43.475+0000] {local_task_job_runner.py:120} INFO - ::group::Pre task execution logs
[2024-06-27T22:34:43.485+0000] {taskinstance.py:2076} INFO - Dependencies all met for dep_context=non-requeueable deps ti=<TaskInstance: ecomm_data_pipeline.generate_and_insert_data scheduled__2023-01-01T08:10:00+00:00 [queued]>
[2024-06-27T22:34:43.488+0000] {taskinstance.py:2076} INFO - Dependencies all met for dep_context=requeueable deps ti=<TaskInstance: ecomm_data_pipeline.generate_and_insert_data scheduled__2023-01-01T08:10:00+00:00 [queued]>
[2024-06-27T22:34:43.488+0000] {taskinstance.py:2306} INFO - Starting attempt 1 of 2
[2024-06-27T22:34:43.492+0000] {taskinstance.py:2330} INFO - Executing <Task(PythonOperator): generate_and_insert_data> on 2023-01-01 08:10:00+00:00
[2024-06-27T22:34:43.494+0000] {standard_task_runner.py:63} INFO - Started process 980 to run task
[2024-06-27T22:34:43.495+0000] {standard_task_runner.py:90} INFO - Running: ['airflow', 'tasks', 'run', 'ecomm_data_pipeline', 'generate_and_insert_data', 'scheduled__2023-01-01T08:10:00+00:00', '--job-id', '68', '--raw', '--subdir', 'DAGS_FOLDER/ecomm_dag.py', '--cfg-path', '/tmp/tmpesyhh35s']
[2024-06-27T22:34:43.495+0000] {standard_task_runner.py:91} INFO - Job 68: Subtask generate_and_insert_data
[2024-06-27T22:34:43.512+0000] {task_command.py:426} INFO - Running <TaskInstance: ecomm_data_pipeline.generate_and_insert_data scheduled__2023-01-01T08:10:00+00:00 [running]> on host 9174587f6b1d
[2024-06-27T22:34:43.542+0000] {taskinstance.py:2648} INFO - Exporting env vars: AIRFLOW_CTX_DAG_OWNER='airflow' AIRFLOW_CTX_DAG_ID='ecomm_data_pipeline' AIRFLOW_CTX_TASK_ID='generate_and_insert_data' AIRFLOW_CTX_EXECUTION_DATE='2023-01-01T08:10:00+00:00' AIRFLOW_CTX_TRY_NUMBER='1' AIRFLOW_CTX_DAG_RUN_ID='scheduled__2023-01-01T08:10:00+00:00'
[2024-06-27T22:34:43.542+0000] {taskinstance.py:430} INFO - ::endgroup::
[2024-06-27T22:34:43.574+0000] {logging_mixin.py:188} INFO - Error in generate_and_insert_data: Command '['python3', './generator/ecomm_generator.py']' returned non-zero exit status 2.
[2024-06-27T22:34:43.575+0000] {python.py:237} INFO - Done. Returned value was: None
[2024-06-27T22:34:43.575+0000] {taskinstance.py:441} INFO - ::group::Post task execution logs
[2024-06-27T22:34:43.580+0000] {taskinstance.py:1206} INFO - Marking task as SUCCESS. dag_id=ecomm_data_pipeline, task_id=generate_and_insert_data, run_id=scheduled__2023-01-01T08:10:00+00:00, execution_date=20230101T081000, start_date=20240627T223443, end_date=20240627T223443
[2024-06-27T22:34:43.605+0000] {local_task_job_runner.py:240} INFO - Task exited with return code 0
[2024-06-27T22:34:43.612+0000] {taskinstance.py:3503} INFO - 0 downstream tasks scheduled from follow-on schedule check
[2024-06-27T22:34:43.612+0000] {local_task_job_runner.py:222} INFO - ::endgroup::
[2024-06-28T18:15:31.542+0000] {local_task_job_runner.py:120} INFO - ::group::Pre task execution logs
[2024-06-28T18:15:31.552+0000] {taskinstance.py:2076} INFO - Dependencies all met for dep_context=non-requeueable deps ti=<TaskInstance: ecomm_data_pipeline.generate_and_insert_data scheduled__2023-01-01T08:10:00+00:00 [queued]>
[2024-06-28T18:15:31.554+0000] {taskinstance.py:2076} INFO - Dependencies all met for dep_context=requeueable deps ti=<TaskInstance: ecomm_data_pipeline.generate_and_insert_data scheduled__2023-01-01T08:10:00+00:00 [queued]>
[2024-06-28T18:15:31.555+0000] {taskinstance.py:2306} INFO - Starting attempt 1 of 2
[2024-06-28T18:15:31.559+0000] {taskinstance.py:2330} INFO - Executing <Task(PythonOperator): generate_and_insert_data> on 2023-01-01 08:10:00+00:00
[2024-06-28T18:15:31.561+0000] {standard_task_runner.py:63} INFO - Started process 1416 to run task
[2024-06-28T18:15:31.562+0000] {standard_task_runner.py:90} INFO - Running: ['airflow', 'tasks', 'run', 'ecomm_data_pipeline', 'generate_and_insert_data', 'scheduled__2023-01-01T08:10:00+00:00', '--job-id', '100', '--raw', '--subdir', 'DAGS_FOLDER/ecomm_dag.py', '--cfg-path', '/tmp/tmpvcullq3q']
[2024-06-28T18:15:31.562+0000] {standard_task_runner.py:91} INFO - Job 100: Subtask generate_and_insert_data
[2024-06-28T18:15:31.579+0000] {task_command.py:426} INFO - Running <TaskInstance: ecomm_data_pipeline.generate_and_insert_data scheduled__2023-01-01T08:10:00+00:00 [running]> on host 08cefd381a1f
[2024-06-28T18:15:31.607+0000] {taskinstance.py:2648} INFO - Exporting env vars: AIRFLOW_CTX_DAG_OWNER='airflow' AIRFLOW_CTX_DAG_ID='ecomm_data_pipeline' AIRFLOW_CTX_TASK_ID='generate_and_insert_data' AIRFLOW_CTX_EXECUTION_DATE='2023-01-01T08:10:00+00:00' AIRFLOW_CTX_TRY_NUMBER='1' AIRFLOW_CTX_DAG_RUN_ID='scheduled__2023-01-01T08:10:00+00:00'
[2024-06-28T18:15:31.607+0000] {taskinstance.py:430} INFO - ::endgroup::
[2024-06-28T18:15:31.663+0000] {logging_mixin.py:188} INFO - Error in generate_and_insert_data: Command '['python3', '/opt/airflow/generator/ecomm_generator.py']' returned non-zero exit status 1.
[2024-06-28T18:15:31.663+0000] {logging_mixin.py:188} INFO - stdout: 
[2024-06-28T18:15:31.664+0000] {logging_mixin.py:188} INFO - stderr: Traceback (most recent call last):
  File "/opt/airflow/generator/ecomm_generator.py", line 4, in <module>
    from faker import Faker
ModuleNotFoundError: No module named 'faker'
[2024-06-28T18:15:31.664+0000] {python.py:237} INFO - Done. Returned value was: None
[2024-06-28T18:15:31.664+0000] {taskinstance.py:441} INFO - ::group::Post task execution logs
[2024-06-28T18:15:31.669+0000] {taskinstance.py:1206} INFO - Marking task as SUCCESS. dag_id=ecomm_data_pipeline, task_id=generate_and_insert_data, run_id=scheduled__2023-01-01T08:10:00+00:00, execution_date=20230101T081000, start_date=20240628T181531, end_date=20240628T181531
[2024-06-28T18:15:31.710+0000] {local_task_job_runner.py:240} INFO - Task exited with return code 0
[2024-06-28T18:15:31.717+0000] {taskinstance.py:3503} INFO - 0 downstream tasks scheduled from follow-on schedule check
[2024-06-28T18:15:31.718+0000] {local_task_job_runner.py:222} INFO - ::endgroup::
[2024-06-28T18:22:11.225+0000] {local_task_job_runner.py:120} INFO - ::group::Pre task execution logs
[2024-06-28T18:22:11.236+0000] {taskinstance.py:2076} INFO - Dependencies all met for dep_context=non-requeueable deps ti=<TaskInstance: ecomm_data_pipeline.generate_and_insert_data scheduled__2023-01-01T08:10:00+00:00 [queued]>
[2024-06-28T18:22:11.238+0000] {taskinstance.py:2076} INFO - Dependencies all met for dep_context=requeueable deps ti=<TaskInstance: ecomm_data_pipeline.generate_and_insert_data scheduled__2023-01-01T08:10:00+00:00 [queued]>
[2024-06-28T18:22:11.238+0000] {taskinstance.py:2306} INFO - Starting attempt 1 of 2
[2024-06-28T18:22:11.243+0000] {taskinstance.py:2330} INFO - Executing <Task(PythonOperator): generate_and_insert_data> on 2023-01-01 08:10:00+00:00
[2024-06-28T18:22:11.244+0000] {standard_task_runner.py:63} INFO - Started process 1042 to run task
[2024-06-28T18:22:11.245+0000] {standard_task_runner.py:90} INFO - Running: ['airflow', 'tasks', 'run', 'ecomm_data_pipeline', 'generate_and_insert_data', 'scheduled__2023-01-01T08:10:00+00:00', '--job-id', '72', '--raw', '--subdir', 'DAGS_FOLDER/ecomm_dag.py', '--cfg-path', '/tmp/tmpk4o4y7np']
[2024-06-28T18:22:11.246+0000] {standard_task_runner.py:91} INFO - Job 72: Subtask generate_and_insert_data
[2024-06-28T18:22:11.263+0000] {task_command.py:426} INFO - Running <TaskInstance: ecomm_data_pipeline.generate_and_insert_data scheduled__2023-01-01T08:10:00+00:00 [running]> on host 6570e5857071
[2024-06-28T18:22:11.292+0000] {taskinstance.py:2648} INFO - Exporting env vars: AIRFLOW_CTX_DAG_OWNER='airflow' AIRFLOW_CTX_DAG_ID='ecomm_data_pipeline' AIRFLOW_CTX_TASK_ID='generate_and_insert_data' AIRFLOW_CTX_EXECUTION_DATE='2023-01-01T08:10:00+00:00' AIRFLOW_CTX_TRY_NUMBER='1' AIRFLOW_CTX_DAG_RUN_ID='scheduled__2023-01-01T08:10:00+00:00'
[2024-06-28T18:22:11.292+0000] {taskinstance.py:430} INFO - ::endgroup::
[2024-06-28T18:22:11.349+0000] {logging_mixin.py:188} INFO - Error in generate_and_insert_data: Command '['python3', '/opt/airflow/generator/ecomm_generator.py']' returned non-zero exit status 1.
[2024-06-28T18:22:11.349+0000] {logging_mixin.py:188} INFO - stdout: 
[2024-06-28T18:22:11.349+0000] {logging_mixin.py:188} INFO - stderr: Traceback (most recent call last):
  File "/opt/airflow/generator/ecomm_generator.py", line 4, in <module>
    from faker import Faker
ModuleNotFoundError: No module named 'faker'
[2024-06-28T18:22:11.349+0000] {python.py:237} INFO - Done. Returned value was: None
[2024-06-28T18:22:11.349+0000] {taskinstance.py:441} INFO - ::group::Post task execution logs
[2024-06-28T18:22:11.354+0000] {taskinstance.py:1206} INFO - Marking task as SUCCESS. dag_id=ecomm_data_pipeline, task_id=generate_and_insert_data, run_id=scheduled__2023-01-01T08:10:00+00:00, execution_date=20230101T081000, start_date=20240628T182211, end_date=20240628T182211
[2024-06-28T18:22:11.396+0000] {local_task_job_runner.py:240} INFO - Task exited with return code 0
[2024-06-28T18:22:11.403+0000] {taskinstance.py:3503} INFO - 0 downstream tasks scheduled from follow-on schedule check
[2024-06-28T18:22:11.404+0000] {local_task_job_runner.py:222} INFO - ::endgroup::
[2024-06-29T21:38:09.153+0000] {local_task_job_runner.py:120} INFO - ::group::Pre task execution logs
[2024-06-29T21:38:09.162+0000] {taskinstance.py:2076} INFO - Dependencies all met for dep_context=non-requeueable deps ti=<TaskInstance: ecomm_data_pipeline.generate_and_insert_data scheduled__2023-01-01T08:10:00+00:00 [queued]>
[2024-06-29T21:38:09.165+0000] {taskinstance.py:2076} INFO - Dependencies all met for dep_context=requeueable deps ti=<TaskInstance: ecomm_data_pipeline.generate_and_insert_data scheduled__2023-01-01T08:10:00+00:00 [queued]>
[2024-06-29T21:38:09.165+0000] {taskinstance.py:2306} INFO - Starting attempt 1 of 2
[2024-06-29T21:38:09.169+0000] {taskinstance.py:2330} INFO - Executing <Task(PythonOperator): generate_and_insert_data> on 2023-01-01 08:10:00+00:00
[2024-06-29T21:38:09.171+0000] {standard_task_runner.py:63} INFO - Started process 754 to run task
[2024-06-29T21:38:09.172+0000] {standard_task_runner.py:90} INFO - Running: ['airflow', 'tasks', 'run', 'ecomm_data_pipeline', 'generate_and_insert_data', 'scheduled__2023-01-01T08:10:00+00:00', '--job-id', '51', '--raw', '--subdir', 'DAGS_FOLDER/ecomm_dag.py', '--cfg-path', '/tmp/tmp63gap47v']
[2024-06-29T21:38:09.173+0000] {standard_task_runner.py:91} INFO - Job 51: Subtask generate_and_insert_data
[2024-06-29T21:38:09.189+0000] {task_command.py:426} INFO - Running <TaskInstance: ecomm_data_pipeline.generate_and_insert_data scheduled__2023-01-01T08:10:00+00:00 [running]> on host afcb6fbf9265
[2024-06-29T21:38:09.217+0000] {taskinstance.py:2648} INFO - Exporting env vars: AIRFLOW_CTX_DAG_OWNER='airflow' AIRFLOW_CTX_DAG_ID='ecomm_data_pipeline' AIRFLOW_CTX_TASK_ID='generate_and_insert_data' AIRFLOW_CTX_EXECUTION_DATE='2023-01-01T08:10:00+00:00' AIRFLOW_CTX_TRY_NUMBER='1' AIRFLOW_CTX_DAG_RUN_ID='scheduled__2023-01-01T08:10:00+00:00'
[2024-06-29T21:38:09.218+0000] {taskinstance.py:430} INFO - ::endgroup::
[2024-06-29T21:38:09.273+0000] {logging_mixin.py:188} INFO - Error in generate_and_insert_data: Command '['python3', '/opt/airflow/generator/ecomm_generator.py']' returned non-zero exit status 1.
[2024-06-29T21:38:09.273+0000] {logging_mixin.py:188} INFO - stdout: 
[2024-06-29T21:38:09.273+0000] {logging_mixin.py:188} INFO - stderr: Traceback (most recent call last):
  File "/opt/airflow/generator/ecomm_generator.py", line 4, in <module>
    from faker import Faker
ModuleNotFoundError: No module named 'faker'
[2024-06-29T21:38:09.273+0000] {python.py:237} INFO - Done. Returned value was: None
[2024-06-29T21:38:09.274+0000] {taskinstance.py:441} INFO - ::group::Post task execution logs
[2024-06-29T21:38:09.278+0000] {taskinstance.py:1206} INFO - Marking task as SUCCESS. dag_id=ecomm_data_pipeline, task_id=generate_and_insert_data, run_id=scheduled__2023-01-01T08:10:00+00:00, execution_date=20230101T081000, start_date=20240629T213809, end_date=20240629T213809
[2024-06-29T21:38:09.315+0000] {local_task_job_runner.py:240} INFO - Task exited with return code 0
[2024-06-29T21:38:09.322+0000] {taskinstance.py:3503} INFO - 0 downstream tasks scheduled from follow-on schedule check
[2024-06-29T21:38:09.322+0000] {local_task_job_runner.py:222} INFO - ::endgroup::
[2024-06-29T21:50:25.939+0000] {local_task_job_runner.py:120} INFO - ::group::Pre task execution logs
[2024-06-29T21:50:25.948+0000] {taskinstance.py:2076} INFO - Dependencies all met for dep_context=non-requeueable deps ti=<TaskInstance: ecomm_data_pipeline.generate_and_insert_data scheduled__2023-01-01T08:10:00+00:00 [queued]>
[2024-06-29T21:50:25.950+0000] {taskinstance.py:2076} INFO - Dependencies all met for dep_context=requeueable deps ti=<TaskInstance: ecomm_data_pipeline.generate_and_insert_data scheduled__2023-01-01T08:10:00+00:00 [queued]>
[2024-06-29T21:50:25.951+0000] {taskinstance.py:2306} INFO - Starting attempt 1 of 2
[2024-06-29T21:50:25.955+0000] {taskinstance.py:2330} INFO - Executing <Task(PythonOperator): generate_and_insert_data> on 2023-01-01 08:10:00+00:00
[2024-06-29T21:50:25.956+0000] {standard_task_runner.py:63} INFO - Started process 755 to run task
[2024-06-29T21:50:25.957+0000] {standard_task_runner.py:90} INFO - Running: ['airflow', 'tasks', 'run', 'ecomm_data_pipeline', 'generate_and_insert_data', 'scheduled__2023-01-01T08:10:00+00:00', '--job-id', '51', '--raw', '--subdir', 'DAGS_FOLDER/ecomm_dag.py', '--cfg-path', '/tmp/tmpcltz3_u2']
[2024-06-29T21:50:25.958+0000] {standard_task_runner.py:91} INFO - Job 51: Subtask generate_and_insert_data
[2024-06-29T21:50:25.975+0000] {task_command.py:426} INFO - Running <TaskInstance: ecomm_data_pipeline.generate_and_insert_data scheduled__2023-01-01T08:10:00+00:00 [running]> on host 0b7af056b90c
[2024-06-29T21:50:26.002+0000] {taskinstance.py:2648} INFO - Exporting env vars: AIRFLOW_CTX_DAG_OWNER='airflow' AIRFLOW_CTX_DAG_ID='ecomm_data_pipeline' AIRFLOW_CTX_TASK_ID='generate_and_insert_data' AIRFLOW_CTX_EXECUTION_DATE='2023-01-01T08:10:00+00:00' AIRFLOW_CTX_TRY_NUMBER='1' AIRFLOW_CTX_DAG_RUN_ID='scheduled__2023-01-01T08:10:00+00:00'
[2024-06-29T21:50:26.003+0000] {taskinstance.py:430} INFO - ::endgroup::
[2024-06-29T21:50:26.058+0000] {logging_mixin.py:188} INFO - Error in generate_and_insert_data: Command '['python3', '/opt/airflow/generator/ecomm_generator.py']' returned non-zero exit status 1.
[2024-06-29T21:50:26.059+0000] {logging_mixin.py:188} INFO - stdout: 
[2024-06-29T21:50:26.059+0000] {logging_mixin.py:188} INFO - stderr: Traceback (most recent call last):
  File "/opt/airflow/generator/ecomm_generator.py", line 4, in <module>
    from faker import Faker
ModuleNotFoundError: No module named 'faker'
[2024-06-29T21:50:26.059+0000] {python.py:237} INFO - Done. Returned value was: None
[2024-06-29T21:50:26.059+0000] {taskinstance.py:441} INFO - ::group::Post task execution logs
[2024-06-29T21:50:26.064+0000] {taskinstance.py:1206} INFO - Marking task as SUCCESS. dag_id=ecomm_data_pipeline, task_id=generate_and_insert_data, run_id=scheduled__2023-01-01T08:10:00+00:00, execution_date=20230101T081000, start_date=20240629T215025, end_date=20240629T215026
[2024-06-29T21:50:26.096+0000] {local_task_job_runner.py:240} INFO - Task exited with return code 0
[2024-06-29T21:50:26.102+0000] {taskinstance.py:3503} INFO - 0 downstream tasks scheduled from follow-on schedule check
[2024-06-29T21:50:26.103+0000] {local_task_job_runner.py:222} INFO - ::endgroup::
[2024-06-29T22:01:56.135+0000] {local_task_job_runner.py:120} INFO - ::group::Pre task execution logs
[2024-06-29T22:01:56.145+0000] {taskinstance.py:2076} INFO - Dependencies all met for dep_context=non-requeueable deps ti=<TaskInstance: ecomm_data_pipeline.generate_and_insert_data scheduled__2023-01-01T08:10:00+00:00 [queued]>
[2024-06-29T22:01:56.147+0000] {taskinstance.py:2076} INFO - Dependencies all met for dep_context=requeueable deps ti=<TaskInstance: ecomm_data_pipeline.generate_and_insert_data scheduled__2023-01-01T08:10:00+00:00 [queued]>
[2024-06-29T22:01:56.147+0000] {taskinstance.py:2306} INFO - Starting attempt 1 of 2
[2024-06-29T22:01:56.152+0000] {taskinstance.py:2330} INFO - Executing <Task(PythonOperator): generate_and_insert_data> on 2023-01-01 08:10:00+00:00
[2024-06-29T22:01:56.153+0000] {standard_task_runner.py:63} INFO - Started process 754 to run task
[2024-06-29T22:01:56.154+0000] {standard_task_runner.py:90} INFO - Running: ['airflow', 'tasks', 'run', 'ecomm_data_pipeline', 'generate_and_insert_data', 'scheduled__2023-01-01T08:10:00+00:00', '--job-id', '51', '--raw', '--subdir', 'DAGS_FOLDER/ecomm_dag.py', '--cfg-path', '/tmp/tmp2_9glqmc']
[2024-06-29T22:01:56.155+0000] {standard_task_runner.py:91} INFO - Job 51: Subtask generate_and_insert_data
[2024-06-29T22:01:56.172+0000] {task_command.py:426} INFO - Running <TaskInstance: ecomm_data_pipeline.generate_and_insert_data scheduled__2023-01-01T08:10:00+00:00 [running]> on host 799998b0d26e
[2024-06-29T22:01:56.201+0000] {taskinstance.py:2648} INFO - Exporting env vars: AIRFLOW_CTX_DAG_OWNER='airflow' AIRFLOW_CTX_DAG_ID='ecomm_data_pipeline' AIRFLOW_CTX_TASK_ID='generate_and_insert_data' AIRFLOW_CTX_EXECUTION_DATE='2023-01-01T08:10:00+00:00' AIRFLOW_CTX_TRY_NUMBER='1' AIRFLOW_CTX_DAG_RUN_ID='scheduled__2023-01-01T08:10:00+00:00'
[2024-06-29T22:01:56.201+0000] {taskinstance.py:430} INFO - ::endgroup::
[2024-06-29T22:01:56.257+0000] {logging_mixin.py:188} INFO - Error in generate_and_insert_data: Command '['python3', '/opt/airflow/generator/ecomm_generator.py']' returned non-zero exit status 1.
[2024-06-29T22:01:56.258+0000] {logging_mixin.py:188} INFO - stdout: 
[2024-06-29T22:01:56.258+0000] {logging_mixin.py:188} INFO - stderr: Traceback (most recent call last):
  File "/opt/airflow/generator/ecomm_generator.py", line 4, in <module>
    from faker import Faker
ModuleNotFoundError: No module named 'faker'
[2024-06-29T22:01:56.258+0000] {python.py:237} INFO - Done. Returned value was: None
[2024-06-29T22:01:56.258+0000] {taskinstance.py:441} INFO - ::group::Post task execution logs
[2024-06-29T22:01:56.263+0000] {taskinstance.py:1206} INFO - Marking task as SUCCESS. dag_id=ecomm_data_pipeline, task_id=generate_and_insert_data, run_id=scheduled__2023-01-01T08:10:00+00:00, execution_date=20230101T081000, start_date=20240629T220156, end_date=20240629T220156
[2024-06-29T22:01:56.312+0000] {local_task_job_runner.py:240} INFO - Task exited with return code 0
[2024-06-29T22:01:56.319+0000] {taskinstance.py:3503} INFO - 0 downstream tasks scheduled from follow-on schedule check
[2024-06-29T22:01:56.320+0000] {local_task_job_runner.py:222} INFO - ::endgroup::
