[2024-06-27T22:34:58.523+0000] {local_task_job_runner.py:120} INFO - ::group::Pre task execution logs
[2024-06-27T22:34:58.533+0000] {taskinstance.py:2076} INFO - Dependencies all met for dep_context=non-requeueable deps ti=<TaskInstance: ecomm_data_pipeline.generate_and_insert_data scheduled__2023-01-01T09:30:00+00:00 [queued]>
[2024-06-27T22:34:58.535+0000] {taskinstance.py:2076} INFO - Dependencies all met for dep_context=requeueable deps ti=<TaskInstance: ecomm_data_pipeline.generate_and_insert_data scheduled__2023-01-01T09:30:00+00:00 [queued]>
[2024-06-27T22:34:58.535+0000] {taskinstance.py:2306} INFO - Starting attempt 1 of 2
[2024-06-27T22:34:58.539+0000] {taskinstance.py:2330} INFO - Executing <Task(PythonOperator): generate_and_insert_data> on 2023-01-01 09:30:00+00:00
[2024-06-27T22:34:58.541+0000] {standard_task_runner.py:63} INFO - Started process 1102 to run task
[2024-06-27T22:34:58.542+0000] {standard_task_runner.py:90} INFO - Running: ['airflow', 'tasks', 'run', 'ecomm_data_pipeline', 'generate_and_insert_data', 'scheduled__2023-01-01T09:30:00+00:00', '--job-id', '76', '--raw', '--subdir', 'DAGS_FOLDER/ecomm_dag.py', '--cfg-path', '/tmp/tmpsvem8r8u']
[2024-06-27T22:34:58.542+0000] {standard_task_runner.py:91} INFO - Job 76: Subtask generate_and_insert_data
[2024-06-27T22:34:58.559+0000] {task_command.py:426} INFO - Running <TaskInstance: ecomm_data_pipeline.generate_and_insert_data scheduled__2023-01-01T09:30:00+00:00 [running]> on host 9174587f6b1d
[2024-06-27T22:34:58.587+0000] {taskinstance.py:2648} INFO - Exporting env vars: AIRFLOW_CTX_DAG_OWNER='airflow' AIRFLOW_CTX_DAG_ID='ecomm_data_pipeline' AIRFLOW_CTX_TASK_ID='generate_and_insert_data' AIRFLOW_CTX_EXECUTION_DATE='2023-01-01T09:30:00+00:00' AIRFLOW_CTX_TRY_NUMBER='1' AIRFLOW_CTX_DAG_RUN_ID='scheduled__2023-01-01T09:30:00+00:00'
[2024-06-27T22:34:58.587+0000] {taskinstance.py:430} INFO - ::endgroup::
[2024-06-27T22:34:58.620+0000] {logging_mixin.py:188} INFO - Error in generate_and_insert_data: Command '['python3', './generator/ecomm_generator.py']' returned non-zero exit status 2.
[2024-06-27T22:34:58.620+0000] {python.py:237} INFO - Done. Returned value was: None
[2024-06-27T22:34:58.620+0000] {taskinstance.py:441} INFO - ::group::Post task execution logs
[2024-06-27T22:34:58.625+0000] {taskinstance.py:1206} INFO - Marking task as SUCCESS. dag_id=ecomm_data_pipeline, task_id=generate_and_insert_data, run_id=scheduled__2023-01-01T09:30:00+00:00, execution_date=20230101T093000, start_date=20240627T223458, end_date=20240627T223458
[2024-06-27T22:34:58.640+0000] {local_task_job_runner.py:240} INFO - Task exited with return code 0
[2024-06-27T22:34:58.647+0000] {taskinstance.py:3503} INFO - 0 downstream tasks scheduled from follow-on schedule check
[2024-06-27T22:34:58.647+0000] {local_task_job_runner.py:222} INFO - ::endgroup::
[2024-06-28T18:15:57.702+0000] {local_task_job_runner.py:120} INFO - ::group::Pre task execution logs
[2024-06-28T18:15:57.712+0000] {taskinstance.py:2076} INFO - Dependencies all met for dep_context=non-requeueable deps ti=<TaskInstance: ecomm_data_pipeline.generate_and_insert_data scheduled__2023-01-01T09:30:00+00:00 [queued]>
[2024-06-28T18:15:57.714+0000] {taskinstance.py:2076} INFO - Dependencies all met for dep_context=requeueable deps ti=<TaskInstance: ecomm_data_pipeline.generate_and_insert_data scheduled__2023-01-01T09:30:00+00:00 [queued]>
[2024-06-28T18:15:57.715+0000] {taskinstance.py:2306} INFO - Starting attempt 1 of 2
[2024-06-28T18:15:57.719+0000] {taskinstance.py:2330} INFO - Executing <Task(PythonOperator): generate_and_insert_data> on 2023-01-01 09:30:00+00:00
[2024-06-28T18:15:57.720+0000] {standard_task_runner.py:63} INFO - Started process 1642 to run task
[2024-06-28T18:15:57.721+0000] {standard_task_runner.py:90} INFO - Running: ['airflow', 'tasks', 'run', 'ecomm_data_pipeline', 'generate_and_insert_data', 'scheduled__2023-01-01T09:30:00+00:00', '--job-id', '116', '--raw', '--subdir', 'DAGS_FOLDER/ecomm_dag.py', '--cfg-path', '/tmp/tmpd4vawt9c']
[2024-06-28T18:15:57.722+0000] {standard_task_runner.py:91} INFO - Job 116: Subtask generate_and_insert_data
[2024-06-28T18:15:57.739+0000] {task_command.py:426} INFO - Running <TaskInstance: ecomm_data_pipeline.generate_and_insert_data scheduled__2023-01-01T09:30:00+00:00 [running]> on host 08cefd381a1f
[2024-06-28T18:15:57.767+0000] {taskinstance.py:2648} INFO - Exporting env vars: AIRFLOW_CTX_DAG_OWNER='airflow' AIRFLOW_CTX_DAG_ID='ecomm_data_pipeline' AIRFLOW_CTX_TASK_ID='generate_and_insert_data' AIRFLOW_CTX_EXECUTION_DATE='2023-01-01T09:30:00+00:00' AIRFLOW_CTX_TRY_NUMBER='1' AIRFLOW_CTX_DAG_RUN_ID='scheduled__2023-01-01T09:30:00+00:00'
[2024-06-28T18:15:57.767+0000] {taskinstance.py:430} INFO - ::endgroup::
[2024-06-28T18:15:57.823+0000] {logging_mixin.py:188} INFO - Error in generate_and_insert_data: Command '['python3', '/opt/airflow/generator/ecomm_generator.py']' returned non-zero exit status 1.
[2024-06-28T18:15:57.823+0000] {logging_mixin.py:188} INFO - stdout: 
[2024-06-28T18:15:57.823+0000] {logging_mixin.py:188} INFO - stderr: Traceback (most recent call last):
  File "/opt/airflow/generator/ecomm_generator.py", line 4, in <module>
    from faker import Faker
ModuleNotFoundError: No module named 'faker'
[2024-06-28T18:15:57.824+0000] {python.py:237} INFO - Done. Returned value was: None
[2024-06-28T18:15:57.824+0000] {taskinstance.py:441} INFO - ::group::Post task execution logs
[2024-06-28T18:15:57.829+0000] {taskinstance.py:1206} INFO - Marking task as SUCCESS. dag_id=ecomm_data_pipeline, task_id=generate_and_insert_data, run_id=scheduled__2023-01-01T09:30:00+00:00, execution_date=20230101T093000, start_date=20240628T181557, end_date=20240628T181557
[2024-06-28T18:15:57.867+0000] {local_task_job_runner.py:240} INFO - Task exited with return code 0
[2024-06-28T18:15:57.874+0000] {taskinstance.py:3503} INFO - 0 downstream tasks scheduled from follow-on schedule check
[2024-06-28T18:15:57.875+0000] {local_task_job_runner.py:222} INFO - ::endgroup::
[2024-06-28T18:22:26.654+0000] {local_task_job_runner.py:120} INFO - ::group::Pre task execution logs
[2024-06-28T18:22:26.665+0000] {taskinstance.py:2076} INFO - Dependencies all met for dep_context=non-requeueable deps ti=<TaskInstance: ecomm_data_pipeline.generate_and_insert_data scheduled__2023-01-01T09:30:00+00:00 [queued]>
[2024-06-28T18:22:26.667+0000] {taskinstance.py:2076} INFO - Dependencies all met for dep_context=requeueable deps ti=<TaskInstance: ecomm_data_pipeline.generate_and_insert_data scheduled__2023-01-01T09:30:00+00:00 [queued]>
[2024-06-28T18:22:26.668+0000] {taskinstance.py:2306} INFO - Starting attempt 1 of 2
[2024-06-28T18:22:26.672+0000] {taskinstance.py:2330} INFO - Executing <Task(PythonOperator): generate_and_insert_data> on 2023-01-01 09:30:00+00:00
[2024-06-28T18:22:26.674+0000] {standard_task_runner.py:63} INFO - Started process 1154 to run task
[2024-06-28T18:22:26.675+0000] {standard_task_runner.py:90} INFO - Running: ['airflow', 'tasks', 'run', 'ecomm_data_pipeline', 'generate_and_insert_data', 'scheduled__2023-01-01T09:30:00+00:00', '--job-id', '80', '--raw', '--subdir', 'DAGS_FOLDER/ecomm_dag.py', '--cfg-path', '/tmp/tmpy84i2oo_']
[2024-06-28T18:22:26.675+0000] {standard_task_runner.py:91} INFO - Job 80: Subtask generate_and_insert_data
[2024-06-28T18:22:26.693+0000] {task_command.py:426} INFO - Running <TaskInstance: ecomm_data_pipeline.generate_and_insert_data scheduled__2023-01-01T09:30:00+00:00 [running]> on host 6570e5857071
[2024-06-28T18:22:26.723+0000] {taskinstance.py:2648} INFO - Exporting env vars: AIRFLOW_CTX_DAG_OWNER='airflow' AIRFLOW_CTX_DAG_ID='ecomm_data_pipeline' AIRFLOW_CTX_TASK_ID='generate_and_insert_data' AIRFLOW_CTX_EXECUTION_DATE='2023-01-01T09:30:00+00:00' AIRFLOW_CTX_TRY_NUMBER='1' AIRFLOW_CTX_DAG_RUN_ID='scheduled__2023-01-01T09:30:00+00:00'
[2024-06-28T18:22:26.724+0000] {taskinstance.py:430} INFO - ::endgroup::
[2024-06-28T18:22:26.784+0000] {logging_mixin.py:188} INFO - Error in generate_and_insert_data: Command '['python3', '/opt/airflow/generator/ecomm_generator.py']' returned non-zero exit status 1.
[2024-06-28T18:22:26.785+0000] {logging_mixin.py:188} INFO - stdout: 
[2024-06-28T18:22:26.785+0000] {logging_mixin.py:188} INFO - stderr: Traceback (most recent call last):
  File "/opt/airflow/generator/ecomm_generator.py", line 4, in <module>
    from faker import Faker
ModuleNotFoundError: No module named 'faker'
[2024-06-28T18:22:26.785+0000] {python.py:237} INFO - Done. Returned value was: None
[2024-06-28T18:22:26.785+0000] {taskinstance.py:441} INFO - ::group::Post task execution logs
[2024-06-28T18:22:26.791+0000] {taskinstance.py:1206} INFO - Marking task as SUCCESS. dag_id=ecomm_data_pipeline, task_id=generate_and_insert_data, run_id=scheduled__2023-01-01T09:30:00+00:00, execution_date=20230101T093000, start_date=20240628T182226, end_date=20240628T182226
[2024-06-28T18:22:26.815+0000] {local_task_job_runner.py:240} INFO - Task exited with return code 0
[2024-06-28T18:22:26.822+0000] {taskinstance.py:3503} INFO - 0 downstream tasks scheduled from follow-on schedule check
[2024-06-28T18:22:26.823+0000] {local_task_job_runner.py:222} INFO - ::endgroup::
[2024-06-29T21:38:24.461+0000] {local_task_job_runner.py:120} INFO - ::group::Pre task execution logs
[2024-06-29T21:38:24.471+0000] {taskinstance.py:2076} INFO - Dependencies all met for dep_context=non-requeueable deps ti=<TaskInstance: ecomm_data_pipeline.generate_and_insert_data scheduled__2023-01-01T09:30:00+00:00 [queued]>
[2024-06-29T21:38:24.474+0000] {taskinstance.py:2076} INFO - Dependencies all met for dep_context=requeueable deps ti=<TaskInstance: ecomm_data_pipeline.generate_and_insert_data scheduled__2023-01-01T09:30:00+00:00 [queued]>
[2024-06-29T21:38:24.474+0000] {taskinstance.py:2306} INFO - Starting attempt 1 of 2
[2024-06-29T21:38:24.478+0000] {taskinstance.py:2330} INFO - Executing <Task(PythonOperator): generate_and_insert_data> on 2023-01-01 09:30:00+00:00
[2024-06-29T21:38:24.480+0000] {standard_task_runner.py:63} INFO - Started process 866 to run task
[2024-06-29T21:38:24.481+0000] {standard_task_runner.py:90} INFO - Running: ['airflow', 'tasks', 'run', 'ecomm_data_pipeline', 'generate_and_insert_data', 'scheduled__2023-01-01T09:30:00+00:00', '--job-id', '59', '--raw', '--subdir', 'DAGS_FOLDER/ecomm_dag.py', '--cfg-path', '/tmp/tmptp70tbr9']
[2024-06-29T21:38:24.482+0000] {standard_task_runner.py:91} INFO - Job 59: Subtask generate_and_insert_data
[2024-06-29T21:38:24.498+0000] {task_command.py:426} INFO - Running <TaskInstance: ecomm_data_pipeline.generate_and_insert_data scheduled__2023-01-01T09:30:00+00:00 [running]> on host afcb6fbf9265
[2024-06-29T21:38:24.526+0000] {taskinstance.py:2648} INFO - Exporting env vars: AIRFLOW_CTX_DAG_OWNER='airflow' AIRFLOW_CTX_DAG_ID='ecomm_data_pipeline' AIRFLOW_CTX_TASK_ID='generate_and_insert_data' AIRFLOW_CTX_EXECUTION_DATE='2023-01-01T09:30:00+00:00' AIRFLOW_CTX_TRY_NUMBER='1' AIRFLOW_CTX_DAG_RUN_ID='scheduled__2023-01-01T09:30:00+00:00'
[2024-06-29T21:38:24.527+0000] {taskinstance.py:430} INFO - ::endgroup::
[2024-06-29T21:38:24.583+0000] {logging_mixin.py:188} INFO - Error in generate_and_insert_data: Command '['python3', '/opt/airflow/generator/ecomm_generator.py']' returned non-zero exit status 1.
[2024-06-29T21:38:24.583+0000] {logging_mixin.py:188} INFO - stdout: 
[2024-06-29T21:38:24.584+0000] {logging_mixin.py:188} INFO - stderr: Traceback (most recent call last):
  File "/opt/airflow/generator/ecomm_generator.py", line 4, in <module>
    from faker import Faker
ModuleNotFoundError: No module named 'faker'
[2024-06-29T21:38:24.584+0000] {python.py:237} INFO - Done. Returned value was: None
[2024-06-29T21:38:24.584+0000] {taskinstance.py:441} INFO - ::group::Post task execution logs
[2024-06-29T21:38:24.589+0000] {taskinstance.py:1206} INFO - Marking task as SUCCESS. dag_id=ecomm_data_pipeline, task_id=generate_and_insert_data, run_id=scheduled__2023-01-01T09:30:00+00:00, execution_date=20230101T093000, start_date=20240629T213824, end_date=20240629T213824
[2024-06-29T21:38:24.627+0000] {local_task_job_runner.py:240} INFO - Task exited with return code 0
[2024-06-29T21:38:24.634+0000] {taskinstance.py:3503} INFO - 0 downstream tasks scheduled from follow-on schedule check
[2024-06-29T21:38:24.635+0000] {local_task_job_runner.py:222} INFO - ::endgroup::
[2024-06-29T21:50:42.452+0000] {local_task_job_runner.py:120} INFO - ::group::Pre task execution logs
[2024-06-29T21:50:42.463+0000] {taskinstance.py:2076} INFO - Dependencies all met for dep_context=non-requeueable deps ti=<TaskInstance: ecomm_data_pipeline.generate_and_insert_data scheduled__2023-01-01T09:30:00+00:00 [queued]>
[2024-06-29T21:50:42.466+0000] {taskinstance.py:2076} INFO - Dependencies all met for dep_context=requeueable deps ti=<TaskInstance: ecomm_data_pipeline.generate_and_insert_data scheduled__2023-01-01T09:30:00+00:00 [queued]>
[2024-06-29T21:50:42.466+0000] {taskinstance.py:2306} INFO - Starting attempt 1 of 2
[2024-06-29T21:50:42.471+0000] {taskinstance.py:2330} INFO - Executing <Task(PythonOperator): generate_and_insert_data> on 2023-01-01 09:30:00+00:00
[2024-06-29T21:50:42.473+0000] {standard_task_runner.py:63} INFO - Started process 868 to run task
[2024-06-29T21:50:42.474+0000] {standard_task_runner.py:90} INFO - Running: ['airflow', 'tasks', 'run', 'ecomm_data_pipeline', 'generate_and_insert_data', 'scheduled__2023-01-01T09:30:00+00:00', '--job-id', '59', '--raw', '--subdir', 'DAGS_FOLDER/ecomm_dag.py', '--cfg-path', '/tmp/tmpwdil8f2l']
[2024-06-29T21:50:42.475+0000] {standard_task_runner.py:91} INFO - Job 59: Subtask generate_and_insert_data
[2024-06-29T21:50:42.494+0000] {task_command.py:426} INFO - Running <TaskInstance: ecomm_data_pipeline.generate_and_insert_data scheduled__2023-01-01T09:30:00+00:00 [running]> on host 0b7af056b90c
[2024-06-29T21:50:42.528+0000] {taskinstance.py:2648} INFO - Exporting env vars: AIRFLOW_CTX_DAG_OWNER='airflow' AIRFLOW_CTX_DAG_ID='ecomm_data_pipeline' AIRFLOW_CTX_TASK_ID='generate_and_insert_data' AIRFLOW_CTX_EXECUTION_DATE='2023-01-01T09:30:00+00:00' AIRFLOW_CTX_TRY_NUMBER='1' AIRFLOW_CTX_DAG_RUN_ID='scheduled__2023-01-01T09:30:00+00:00'
[2024-06-29T21:50:42.528+0000] {taskinstance.py:430} INFO - ::endgroup::
[2024-06-29T21:50:42.587+0000] {logging_mixin.py:188} INFO - Error in generate_and_insert_data: Command '['python3', '/opt/airflow/generator/ecomm_generator.py']' returned non-zero exit status 1.
[2024-06-29T21:50:42.587+0000] {logging_mixin.py:188} INFO - stdout: 
[2024-06-29T21:50:42.588+0000] {logging_mixin.py:188} INFO - stderr: Traceback (most recent call last):
  File "/opt/airflow/generator/ecomm_generator.py", line 4, in <module>
    from faker import Faker
ModuleNotFoundError: No module named 'faker'
[2024-06-29T21:50:42.588+0000] {python.py:237} INFO - Done. Returned value was: None
[2024-06-29T21:50:42.588+0000] {taskinstance.py:441} INFO - ::group::Post task execution logs
[2024-06-29T21:50:42.593+0000] {taskinstance.py:1206} INFO - Marking task as SUCCESS. dag_id=ecomm_data_pipeline, task_id=generate_and_insert_data, run_id=scheduled__2023-01-01T09:30:00+00:00, execution_date=20230101T093000, start_date=20240629T215042, end_date=20240629T215042
[2024-06-29T21:50:42.628+0000] {local_task_job_runner.py:240} INFO - Task exited with return code 0
[2024-06-29T21:50:42.635+0000] {taskinstance.py:3503} INFO - 0 downstream tasks scheduled from follow-on schedule check
[2024-06-29T21:50:42.636+0000] {local_task_job_runner.py:222} INFO - ::endgroup::
[2024-06-29T22:02:11.629+0000] {local_task_job_runner.py:120} INFO - ::group::Pre task execution logs
[2024-06-29T22:02:11.639+0000] {taskinstance.py:2076} INFO - Dependencies all met for dep_context=non-requeueable deps ti=<TaskInstance: ecomm_data_pipeline.generate_and_insert_data scheduled__2023-01-01T09:30:00+00:00 [queued]>
[2024-06-29T22:02:11.641+0000] {taskinstance.py:2076} INFO - Dependencies all met for dep_context=requeueable deps ti=<TaskInstance: ecomm_data_pipeline.generate_and_insert_data scheduled__2023-01-01T09:30:00+00:00 [queued]>
[2024-06-29T22:02:11.642+0000] {taskinstance.py:2306} INFO - Starting attempt 1 of 2
[2024-06-29T22:02:11.646+0000] {taskinstance.py:2330} INFO - Executing <Task(PythonOperator): generate_and_insert_data> on 2023-01-01 09:30:00+00:00
[2024-06-29T22:02:11.648+0000] {standard_task_runner.py:63} INFO - Started process 866 to run task
[2024-06-29T22:02:11.649+0000] {standard_task_runner.py:90} INFO - Running: ['airflow', 'tasks', 'run', 'ecomm_data_pipeline', 'generate_and_insert_data', 'scheduled__2023-01-01T09:30:00+00:00', '--job-id', '59', '--raw', '--subdir', 'DAGS_FOLDER/ecomm_dag.py', '--cfg-path', '/tmp/tmpvm_tw6z5']
[2024-06-29T22:02:11.650+0000] {standard_task_runner.py:91} INFO - Job 59: Subtask generate_and_insert_data
[2024-06-29T22:02:11.666+0000] {task_command.py:426} INFO - Running <TaskInstance: ecomm_data_pipeline.generate_and_insert_data scheduled__2023-01-01T09:30:00+00:00 [running]> on host 799998b0d26e
[2024-06-29T22:02:11.694+0000] {taskinstance.py:2648} INFO - Exporting env vars: AIRFLOW_CTX_DAG_OWNER='airflow' AIRFLOW_CTX_DAG_ID='ecomm_data_pipeline' AIRFLOW_CTX_TASK_ID='generate_and_insert_data' AIRFLOW_CTX_EXECUTION_DATE='2023-01-01T09:30:00+00:00' AIRFLOW_CTX_TRY_NUMBER='1' AIRFLOW_CTX_DAG_RUN_ID='scheduled__2023-01-01T09:30:00+00:00'
[2024-06-29T22:02:11.695+0000] {taskinstance.py:430} INFO - ::endgroup::
[2024-06-29T22:02:11.751+0000] {logging_mixin.py:188} INFO - Error in generate_and_insert_data: Command '['python3', '/opt/airflow/generator/ecomm_generator.py']' returned non-zero exit status 1.
[2024-06-29T22:02:11.751+0000] {logging_mixin.py:188} INFO - stdout: 
[2024-06-29T22:02:11.751+0000] {logging_mixin.py:188} INFO - stderr: Traceback (most recent call last):
  File "/opt/airflow/generator/ecomm_generator.py", line 4, in <module>
    from faker import Faker
ModuleNotFoundError: No module named 'faker'
[2024-06-29T22:02:11.751+0000] {python.py:237} INFO - Done. Returned value was: None
[2024-06-29T22:02:11.751+0000] {taskinstance.py:441} INFO - ::group::Post task execution logs
[2024-06-29T22:02:11.756+0000] {taskinstance.py:1206} INFO - Marking task as SUCCESS. dag_id=ecomm_data_pipeline, task_id=generate_and_insert_data, run_id=scheduled__2023-01-01T09:30:00+00:00, execution_date=20230101T093000, start_date=20240629T220211, end_date=20240629T220211
[2024-06-29T22:02:11.796+0000] {local_task_job_runner.py:240} INFO - Task exited with return code 0
[2024-06-29T22:02:11.803+0000] {taskinstance.py:3503} INFO - 0 downstream tasks scheduled from follow-on schedule check
[2024-06-29T22:02:11.804+0000] {local_task_job_runner.py:222} INFO - ::endgroup::
