[2024-06-27T22:34:51.051+0000] {local_task_job_runner.py:120} INFO - ::group::Pre task execution logs
[2024-06-27T22:34:51.060+0000] {taskinstance.py:2076} INFO - Dependencies all met for dep_context=non-requeueable deps ti=<TaskInstance: ecomm_data_pipeline.generate_and_insert_data scheduled__2023-01-01T08:50:00+00:00 [queued]>
[2024-06-27T22:34:51.063+0000] {taskinstance.py:2076} INFO - Dependencies all met for dep_context=requeueable deps ti=<TaskInstance: ecomm_data_pipeline.generate_and_insert_data scheduled__2023-01-01T08:50:00+00:00 [queued]>
[2024-06-27T22:34:51.063+0000] {taskinstance.py:2306} INFO - Starting attempt 1 of 2
[2024-06-27T22:34:51.067+0000] {taskinstance.py:2330} INFO - Executing <Task(PythonOperator): generate_and_insert_data> on 2023-01-01 08:50:00+00:00
[2024-06-27T22:34:51.069+0000] {standard_task_runner.py:63} INFO - Started process 1046 to run task
[2024-06-27T22:34:51.070+0000] {standard_task_runner.py:90} INFO - Running: ['airflow', 'tasks', 'run', 'ecomm_data_pipeline', 'generate_and_insert_data', 'scheduled__2023-01-01T08:50:00+00:00', '--job-id', '72', '--raw', '--subdir', 'DAGS_FOLDER/ecomm_dag.py', '--cfg-path', '/tmp/tmpfz7h0nn_']
[2024-06-27T22:34:51.070+0000] {standard_task_runner.py:91} INFO - Job 72: Subtask generate_and_insert_data
[2024-06-27T22:34:51.087+0000] {task_command.py:426} INFO - Running <TaskInstance: ecomm_data_pipeline.generate_and_insert_data scheduled__2023-01-01T08:50:00+00:00 [running]> on host 9174587f6b1d
[2024-06-27T22:34:51.116+0000] {taskinstance.py:2648} INFO - Exporting env vars: AIRFLOW_CTX_DAG_OWNER='airflow' AIRFLOW_CTX_DAG_ID='ecomm_data_pipeline' AIRFLOW_CTX_TASK_ID='generate_and_insert_data' AIRFLOW_CTX_EXECUTION_DATE='2023-01-01T08:50:00+00:00' AIRFLOW_CTX_TRY_NUMBER='1' AIRFLOW_CTX_DAG_RUN_ID='scheduled__2023-01-01T08:50:00+00:00'
[2024-06-27T22:34:51.116+0000] {taskinstance.py:430} INFO - ::endgroup::
[2024-06-27T22:34:51.149+0000] {logging_mixin.py:188} INFO - Error in generate_and_insert_data: Command '['python3', './generator/ecomm_generator.py']' returned non-zero exit status 2.
[2024-06-27T22:34:51.149+0000] {python.py:237} INFO - Done. Returned value was: None
[2024-06-27T22:34:51.150+0000] {taskinstance.py:441} INFO - ::group::Post task execution logs
[2024-06-27T22:34:51.154+0000] {taskinstance.py:1206} INFO - Marking task as SUCCESS. dag_id=ecomm_data_pipeline, task_id=generate_and_insert_data, run_id=scheduled__2023-01-01T08:50:00+00:00, execution_date=20230101T085000, start_date=20240627T223451, end_date=20240627T223451
[2024-06-27T22:34:51.176+0000] {local_task_job_runner.py:240} INFO - Task exited with return code 0
[2024-06-27T22:34:51.182+0000] {taskinstance.py:3503} INFO - 0 downstream tasks scheduled from follow-on schedule check
[2024-06-27T22:34:51.183+0000] {local_task_job_runner.py:222} INFO - ::endgroup::
[2024-06-28T18:15:44.987+0000] {local_task_job_runner.py:120} INFO - ::group::Pre task execution logs
[2024-06-28T18:15:44.998+0000] {taskinstance.py:2076} INFO - Dependencies all met for dep_context=non-requeueable deps ti=<TaskInstance: ecomm_data_pipeline.generate_and_insert_data scheduled__2023-01-01T08:50:00+00:00 [queued]>
[2024-06-28T18:15:45.000+0000] {taskinstance.py:2076} INFO - Dependencies all met for dep_context=requeueable deps ti=<TaskInstance: ecomm_data_pipeline.generate_and_insert_data scheduled__2023-01-01T08:50:00+00:00 [queued]>
[2024-06-28T18:15:45.000+0000] {taskinstance.py:2306} INFO - Starting attempt 1 of 2
[2024-06-28T18:15:45.005+0000] {taskinstance.py:2330} INFO - Executing <Task(PythonOperator): generate_and_insert_data> on 2023-01-01 08:50:00+00:00
[2024-06-28T18:15:45.006+0000] {standard_task_runner.py:63} INFO - Started process 1524 to run task
[2024-06-28T18:15:45.008+0000] {standard_task_runner.py:90} INFO - Running: ['airflow', 'tasks', 'run', 'ecomm_data_pipeline', 'generate_and_insert_data', 'scheduled__2023-01-01T08:50:00+00:00', '--job-id', '108', '--raw', '--subdir', 'DAGS_FOLDER/ecomm_dag.py', '--cfg-path', '/tmp/tmprv2llcks']
[2024-06-28T18:15:45.008+0000] {standard_task_runner.py:91} INFO - Job 108: Subtask generate_and_insert_data
[2024-06-28T18:15:45.025+0000] {task_command.py:426} INFO - Running <TaskInstance: ecomm_data_pipeline.generate_and_insert_data scheduled__2023-01-01T08:50:00+00:00 [running]> on host 08cefd381a1f
[2024-06-28T18:15:45.054+0000] {taskinstance.py:2648} INFO - Exporting env vars: AIRFLOW_CTX_DAG_OWNER='airflow' AIRFLOW_CTX_DAG_ID='ecomm_data_pipeline' AIRFLOW_CTX_TASK_ID='generate_and_insert_data' AIRFLOW_CTX_EXECUTION_DATE='2023-01-01T08:50:00+00:00' AIRFLOW_CTX_TRY_NUMBER='1' AIRFLOW_CTX_DAG_RUN_ID='scheduled__2023-01-01T08:50:00+00:00'
[2024-06-28T18:15:45.054+0000] {taskinstance.py:430} INFO - ::endgroup::
[2024-06-28T18:15:45.110+0000] {logging_mixin.py:188} INFO - Error in generate_and_insert_data: Command '['python3', '/opt/airflow/generator/ecomm_generator.py']' returned non-zero exit status 1.
[2024-06-28T18:15:45.110+0000] {logging_mixin.py:188} INFO - stdout: 
[2024-06-28T18:15:45.111+0000] {logging_mixin.py:188} INFO - stderr: Traceback (most recent call last):
  File "/opt/airflow/generator/ecomm_generator.py", line 4, in <module>
    from faker import Faker
ModuleNotFoundError: No module named 'faker'
[2024-06-28T18:15:45.111+0000] {python.py:237} INFO - Done. Returned value was: None
[2024-06-28T18:15:45.111+0000] {taskinstance.py:441} INFO - ::group::Post task execution logs
[2024-06-28T18:15:45.116+0000] {taskinstance.py:1206} INFO - Marking task as SUCCESS. dag_id=ecomm_data_pipeline, task_id=generate_and_insert_data, run_id=scheduled__2023-01-01T08:50:00+00:00, execution_date=20230101T085000, start_date=20240628T181544, end_date=20240628T181545
[2024-06-28T18:15:45.154+0000] {local_task_job_runner.py:240} INFO - Task exited with return code 0
[2024-06-28T18:15:45.161+0000] {taskinstance.py:3503} INFO - 0 downstream tasks scheduled from follow-on schedule check
[2024-06-28T18:15:45.161+0000] {local_task_job_runner.py:222} INFO - ::endgroup::
[2024-06-28T18:22:19.023+0000] {local_task_job_runner.py:120} INFO - ::group::Pre task execution logs
[2024-06-28T18:22:19.033+0000] {taskinstance.py:2076} INFO - Dependencies all met for dep_context=non-requeueable deps ti=<TaskInstance: ecomm_data_pipeline.generate_and_insert_data scheduled__2023-01-01T08:50:00+00:00 [queued]>
[2024-06-28T18:22:19.035+0000] {taskinstance.py:2076} INFO - Dependencies all met for dep_context=requeueable deps ti=<TaskInstance: ecomm_data_pipeline.generate_and_insert_data scheduled__2023-01-01T08:50:00+00:00 [queued]>
[2024-06-28T18:22:19.036+0000] {taskinstance.py:2306} INFO - Starting attempt 1 of 2
[2024-06-28T18:22:19.040+0000] {taskinstance.py:2330} INFO - Executing <Task(PythonOperator): generate_and_insert_data> on 2023-01-01 08:50:00+00:00
[2024-06-28T18:22:19.041+0000] {standard_task_runner.py:63} INFO - Started process 1098 to run task
[2024-06-28T18:22:19.043+0000] {standard_task_runner.py:90} INFO - Running: ['airflow', 'tasks', 'run', 'ecomm_data_pipeline', 'generate_and_insert_data', 'scheduled__2023-01-01T08:50:00+00:00', '--job-id', '76', '--raw', '--subdir', 'DAGS_FOLDER/ecomm_dag.py', '--cfg-path', '/tmp/tmpzaa9pu1x']
[2024-06-28T18:22:19.043+0000] {standard_task_runner.py:91} INFO - Job 76: Subtask generate_and_insert_data
[2024-06-28T18:22:19.060+0000] {task_command.py:426} INFO - Running <TaskInstance: ecomm_data_pipeline.generate_and_insert_data scheduled__2023-01-01T08:50:00+00:00 [running]> on host 6570e5857071
[2024-06-28T18:22:19.089+0000] {taskinstance.py:2648} INFO - Exporting env vars: AIRFLOW_CTX_DAG_OWNER='airflow' AIRFLOW_CTX_DAG_ID='ecomm_data_pipeline' AIRFLOW_CTX_TASK_ID='generate_and_insert_data' AIRFLOW_CTX_EXECUTION_DATE='2023-01-01T08:50:00+00:00' AIRFLOW_CTX_TRY_NUMBER='1' AIRFLOW_CTX_DAG_RUN_ID='scheduled__2023-01-01T08:50:00+00:00'
[2024-06-28T18:22:19.089+0000] {taskinstance.py:430} INFO - ::endgroup::
[2024-06-28T18:22:19.146+0000] {logging_mixin.py:188} INFO - Error in generate_and_insert_data: Command '['python3', '/opt/airflow/generator/ecomm_generator.py']' returned non-zero exit status 1.
[2024-06-28T18:22:19.146+0000] {logging_mixin.py:188} INFO - stdout: 
[2024-06-28T18:22:19.147+0000] {logging_mixin.py:188} INFO - stderr: Traceback (most recent call last):
  File "/opt/airflow/generator/ecomm_generator.py", line 4, in <module>
    from faker import Faker
ModuleNotFoundError: No module named 'faker'
[2024-06-28T18:22:19.147+0000] {python.py:237} INFO - Done. Returned value was: None
[2024-06-28T18:22:19.147+0000] {taskinstance.py:441} INFO - ::group::Post task execution logs
[2024-06-28T18:22:19.152+0000] {taskinstance.py:1206} INFO - Marking task as SUCCESS. dag_id=ecomm_data_pipeline, task_id=generate_and_insert_data, run_id=scheduled__2023-01-01T08:50:00+00:00, execution_date=20230101T085000, start_date=20240628T182219, end_date=20240628T182219
[2024-06-28T18:22:19.190+0000] {local_task_job_runner.py:240} INFO - Task exited with return code 0
[2024-06-28T18:22:19.197+0000] {taskinstance.py:3503} INFO - 0 downstream tasks scheduled from follow-on schedule check
[2024-06-28T18:22:19.197+0000] {local_task_job_runner.py:222} INFO - ::endgroup::
[2024-06-29T21:38:16.883+0000] {local_task_job_runner.py:120} INFO - ::group::Pre task execution logs
[2024-06-29T21:38:16.894+0000] {taskinstance.py:2076} INFO - Dependencies all met for dep_context=non-requeueable deps ti=<TaskInstance: ecomm_data_pipeline.generate_and_insert_data scheduled__2023-01-01T08:50:00+00:00 [queued]>
[2024-06-29T21:38:16.897+0000] {taskinstance.py:2076} INFO - Dependencies all met for dep_context=requeueable deps ti=<TaskInstance: ecomm_data_pipeline.generate_and_insert_data scheduled__2023-01-01T08:50:00+00:00 [queued]>
[2024-06-29T21:38:16.898+0000] {taskinstance.py:2306} INFO - Starting attempt 1 of 2
[2024-06-29T21:38:16.903+0000] {taskinstance.py:2330} INFO - Executing <Task(PythonOperator): generate_and_insert_data> on 2023-01-01 08:50:00+00:00
[2024-06-29T21:38:16.905+0000] {standard_task_runner.py:63} INFO - Started process 810 to run task
[2024-06-29T21:38:16.906+0000] {standard_task_runner.py:90} INFO - Running: ['airflow', 'tasks', 'run', 'ecomm_data_pipeline', 'generate_and_insert_data', 'scheduled__2023-01-01T08:50:00+00:00', '--job-id', '55', '--raw', '--subdir', 'DAGS_FOLDER/ecomm_dag.py', '--cfg-path', '/tmp/tmp5tsmlw7r']
[2024-06-29T21:38:16.907+0000] {standard_task_runner.py:91} INFO - Job 55: Subtask generate_and_insert_data
[2024-06-29T21:38:16.924+0000] {task_command.py:426} INFO - Running <TaskInstance: ecomm_data_pipeline.generate_and_insert_data scheduled__2023-01-01T08:50:00+00:00 [running]> on host afcb6fbf9265
[2024-06-29T21:38:16.953+0000] {taskinstance.py:2648} INFO - Exporting env vars: AIRFLOW_CTX_DAG_OWNER='airflow' AIRFLOW_CTX_DAG_ID='ecomm_data_pipeline' AIRFLOW_CTX_TASK_ID='generate_and_insert_data' AIRFLOW_CTX_EXECUTION_DATE='2023-01-01T08:50:00+00:00' AIRFLOW_CTX_TRY_NUMBER='1' AIRFLOW_CTX_DAG_RUN_ID='scheduled__2023-01-01T08:50:00+00:00'
[2024-06-29T21:38:16.953+0000] {taskinstance.py:430} INFO - ::endgroup::
[2024-06-29T21:38:17.009+0000] {logging_mixin.py:188} INFO - Error in generate_and_insert_data: Command '['python3', '/opt/airflow/generator/ecomm_generator.py']' returned non-zero exit status 1.
[2024-06-29T21:38:17.009+0000] {logging_mixin.py:188} INFO - stdout: 
[2024-06-29T21:38:17.009+0000] {logging_mixin.py:188} INFO - stderr: Traceback (most recent call last):
  File "/opt/airflow/generator/ecomm_generator.py", line 4, in <module>
    from faker import Faker
ModuleNotFoundError: No module named 'faker'
[2024-06-29T21:38:17.010+0000] {python.py:237} INFO - Done. Returned value was: None
[2024-06-29T21:38:17.010+0000] {taskinstance.py:441} INFO - ::group::Post task execution logs
[2024-06-29T21:38:17.015+0000] {taskinstance.py:1206} INFO - Marking task as SUCCESS. dag_id=ecomm_data_pipeline, task_id=generate_and_insert_data, run_id=scheduled__2023-01-01T08:50:00+00:00, execution_date=20230101T085000, start_date=20240629T213816, end_date=20240629T213817
[2024-06-29T21:38:17.052+0000] {local_task_job_runner.py:240} INFO - Task exited with return code 0
[2024-06-29T21:38:17.059+0000] {taskinstance.py:3503} INFO - 0 downstream tasks scheduled from follow-on schedule check
[2024-06-29T21:38:17.059+0000] {local_task_job_runner.py:222} INFO - ::endgroup::
[2024-06-29T21:50:33.616+0000] {local_task_job_runner.py:120} INFO - ::group::Pre task execution logs
[2024-06-29T21:50:33.625+0000] {taskinstance.py:2076} INFO - Dependencies all met for dep_context=non-requeueable deps ti=<TaskInstance: ecomm_data_pipeline.generate_and_insert_data scheduled__2023-01-01T08:50:00+00:00 [queued]>
[2024-06-29T21:50:33.628+0000] {taskinstance.py:2076} INFO - Dependencies all met for dep_context=requeueable deps ti=<TaskInstance: ecomm_data_pipeline.generate_and_insert_data scheduled__2023-01-01T08:50:00+00:00 [queued]>
[2024-06-29T21:50:33.628+0000] {taskinstance.py:2306} INFO - Starting attempt 1 of 2
[2024-06-29T21:50:33.632+0000] {taskinstance.py:2330} INFO - Executing <Task(PythonOperator): generate_and_insert_data> on 2023-01-01 08:50:00+00:00
[2024-06-29T21:50:33.634+0000] {standard_task_runner.py:63} INFO - Started process 811 to run task
[2024-06-29T21:50:33.635+0000] {standard_task_runner.py:90} INFO - Running: ['airflow', 'tasks', 'run', 'ecomm_data_pipeline', 'generate_and_insert_data', 'scheduled__2023-01-01T08:50:00+00:00', '--job-id', '55', '--raw', '--subdir', 'DAGS_FOLDER/ecomm_dag.py', '--cfg-path', '/tmp/tmpds0y1d0g']
[2024-06-29T21:50:33.636+0000] {standard_task_runner.py:91} INFO - Job 55: Subtask generate_and_insert_data
[2024-06-29T21:50:33.652+0000] {task_command.py:426} INFO - Running <TaskInstance: ecomm_data_pipeline.generate_and_insert_data scheduled__2023-01-01T08:50:00+00:00 [running]> on host 0b7af056b90c
[2024-06-29T21:50:33.680+0000] {taskinstance.py:2648} INFO - Exporting env vars: AIRFLOW_CTX_DAG_OWNER='airflow' AIRFLOW_CTX_DAG_ID='ecomm_data_pipeline' AIRFLOW_CTX_TASK_ID='generate_and_insert_data' AIRFLOW_CTX_EXECUTION_DATE='2023-01-01T08:50:00+00:00' AIRFLOW_CTX_TRY_NUMBER='1' AIRFLOW_CTX_DAG_RUN_ID='scheduled__2023-01-01T08:50:00+00:00'
[2024-06-29T21:50:33.680+0000] {taskinstance.py:430} INFO - ::endgroup::
[2024-06-29T21:50:33.737+0000] {logging_mixin.py:188} INFO - Error in generate_and_insert_data: Command '['python3', '/opt/airflow/generator/ecomm_generator.py']' returned non-zero exit status 1.
[2024-06-29T21:50:33.737+0000] {logging_mixin.py:188} INFO - stdout: 
[2024-06-29T21:50:33.738+0000] {logging_mixin.py:188} INFO - stderr: Traceback (most recent call last):
  File "/opt/airflow/generator/ecomm_generator.py", line 4, in <module>
    from faker import Faker
ModuleNotFoundError: No module named 'faker'
[2024-06-29T21:50:33.738+0000] {python.py:237} INFO - Done. Returned value was: None
[2024-06-29T21:50:33.738+0000] {taskinstance.py:441} INFO - ::group::Post task execution logs
[2024-06-29T21:50:33.743+0000] {taskinstance.py:1206} INFO - Marking task as SUCCESS. dag_id=ecomm_data_pipeline, task_id=generate_and_insert_data, run_id=scheduled__2023-01-01T08:50:00+00:00, execution_date=20230101T085000, start_date=20240629T215033, end_date=20240629T215033
[2024-06-29T21:50:33.781+0000] {local_task_job_runner.py:240} INFO - Task exited with return code 0
[2024-06-29T21:50:33.788+0000] {taskinstance.py:3503} INFO - 0 downstream tasks scheduled from follow-on schedule check
[2024-06-29T21:50:33.789+0000] {local_task_job_runner.py:222} INFO - ::endgroup::
[2024-06-29T22:02:03.791+0000] {local_task_job_runner.py:120} INFO - ::group::Pre task execution logs
[2024-06-29T22:02:03.800+0000] {taskinstance.py:2076} INFO - Dependencies all met for dep_context=non-requeueable deps ti=<TaskInstance: ecomm_data_pipeline.generate_and_insert_data scheduled__2023-01-01T08:50:00+00:00 [queued]>
[2024-06-29T22:02:03.803+0000] {taskinstance.py:2076} INFO - Dependencies all met for dep_context=requeueable deps ti=<TaskInstance: ecomm_data_pipeline.generate_and_insert_data scheduled__2023-01-01T08:50:00+00:00 [queued]>
[2024-06-29T22:02:03.803+0000] {taskinstance.py:2306} INFO - Starting attempt 1 of 2
[2024-06-29T22:02:03.807+0000] {taskinstance.py:2330} INFO - Executing <Task(PythonOperator): generate_and_insert_data> on 2023-01-01 08:50:00+00:00
[2024-06-29T22:02:03.809+0000] {standard_task_runner.py:63} INFO - Started process 810 to run task
[2024-06-29T22:02:03.810+0000] {standard_task_runner.py:90} INFO - Running: ['airflow', 'tasks', 'run', 'ecomm_data_pipeline', 'generate_and_insert_data', 'scheduled__2023-01-01T08:50:00+00:00', '--job-id', '55', '--raw', '--subdir', 'DAGS_FOLDER/ecomm_dag.py', '--cfg-path', '/tmp/tmpl2059g28']
[2024-06-29T22:02:03.811+0000] {standard_task_runner.py:91} INFO - Job 55: Subtask generate_and_insert_data
[2024-06-29T22:02:03.827+0000] {task_command.py:426} INFO - Running <TaskInstance: ecomm_data_pipeline.generate_and_insert_data scheduled__2023-01-01T08:50:00+00:00 [running]> on host 799998b0d26e
[2024-06-29T22:02:03.856+0000] {taskinstance.py:2648} INFO - Exporting env vars: AIRFLOW_CTX_DAG_OWNER='airflow' AIRFLOW_CTX_DAG_ID='ecomm_data_pipeline' AIRFLOW_CTX_TASK_ID='generate_and_insert_data' AIRFLOW_CTX_EXECUTION_DATE='2023-01-01T08:50:00+00:00' AIRFLOW_CTX_TRY_NUMBER='1' AIRFLOW_CTX_DAG_RUN_ID='scheduled__2023-01-01T08:50:00+00:00'
[2024-06-29T22:02:03.856+0000] {taskinstance.py:430} INFO - ::endgroup::
[2024-06-29T22:02:03.917+0000] {logging_mixin.py:188} INFO - Error in generate_and_insert_data: Command '['python3', '/opt/airflow/generator/ecomm_generator.py']' returned non-zero exit status 1.
[2024-06-29T22:02:03.917+0000] {logging_mixin.py:188} INFO - stdout: 
[2024-06-29T22:02:03.917+0000] {logging_mixin.py:188} INFO - stderr: Traceback (most recent call last):
  File "/opt/airflow/generator/ecomm_generator.py", line 4, in <module>
    from faker import Faker
ModuleNotFoundError: No module named 'faker'
[2024-06-29T22:02:03.918+0000] {python.py:237} INFO - Done. Returned value was: None
[2024-06-29T22:02:03.918+0000] {taskinstance.py:441} INFO - ::group::Post task execution logs
[2024-06-29T22:02:03.924+0000] {taskinstance.py:1206} INFO - Marking task as SUCCESS. dag_id=ecomm_data_pipeline, task_id=generate_and_insert_data, run_id=scheduled__2023-01-01T08:50:00+00:00, execution_date=20230101T085000, start_date=20240629T220203, end_date=20240629T220203
[2024-06-29T22:02:03.950+0000] {local_task_job_runner.py:240} INFO - Task exited with return code 0
[2024-06-29T22:02:03.957+0000] {taskinstance.py:3503} INFO - 0 downstream tasks scheduled from follow-on schedule check
[2024-06-29T22:02:03.958+0000] {local_task_job_runner.py:222} INFO - ::endgroup::
