[2024-06-27T22:52:56.572+0000] {local_task_job_runner.py:120} INFO - ::group::Pre task execution logs
[2024-06-27T22:52:56.581+0000] {taskinstance.py:2076} INFO - Dependencies all met for dep_context=non-requeueable deps ti=<TaskInstance: example_dag.generate_and_insert_data scheduled__2023-01-01T04:10:00+00:00 [queued]>
[2024-06-27T22:52:56.584+0000] {taskinstance.py:2076} INFO - Dependencies all met for dep_context=requeueable deps ti=<TaskInstance: example_dag.generate_and_insert_data scheduled__2023-01-01T04:10:00+00:00 [queued]>
[2024-06-27T22:52:56.584+0000] {taskinstance.py:2306} INFO - Starting attempt 1 of 2
[2024-06-27T22:52:56.588+0000] {taskinstance.py:2330} INFO - Executing <Task(PythonOperator): generate_and_insert_data> on 2023-01-01 04:10:00+00:00
[2024-06-27T22:52:56.589+0000] {standard_task_runner.py:63} INFO - Started process 738 to run task
[2024-06-27T22:52:56.590+0000] {standard_task_runner.py:90} INFO - Running: ['airflow', 'tasks', 'run', 'example_dag', 'generate_and_insert_data', 'scheduled__2023-01-01T04:10:00+00:00', '--job-id', '52', '--raw', '--subdir', 'DAGS_FOLDER/example_dag.py', '--cfg-path', '/tmp/tmpmkn0wq8w']
[2024-06-27T22:52:56.591+0000] {standard_task_runner.py:91} INFO - Job 52: Subtask generate_and_insert_data
[2024-06-27T22:52:56.607+0000] {task_command.py:426} INFO - Running <TaskInstance: example_dag.generate_and_insert_data scheduled__2023-01-01T04:10:00+00:00 [running]> on host a70edf9d8581
[2024-06-27T22:52:56.635+0000] {taskinstance.py:2648} INFO - Exporting env vars: AIRFLOW_CTX_DAG_OWNER='airflow' AIRFLOW_CTX_DAG_ID='example_dag' AIRFLOW_CTX_TASK_ID='generate_and_insert_data' AIRFLOW_CTX_EXECUTION_DATE='2023-01-01T04:10:00+00:00' AIRFLOW_CTX_TRY_NUMBER='1' AIRFLOW_CTX_DAG_RUN_ID='scheduled__2023-01-01T04:10:00+00:00'
[2024-06-27T22:52:56.635+0000] {taskinstance.py:430} INFO - ::endgroup::
[2024-06-27T22:52:56.639+0000] {python.py:237} INFO - Done. Returned value was: None
[2024-06-27T22:52:56.639+0000] {taskinstance.py:441} INFO - ::group::Post task execution logs
[2024-06-27T22:52:56.643+0000] {taskinstance.py:1206} INFO - Marking task as SUCCESS. dag_id=example_dag, task_id=generate_and_insert_data, run_id=scheduled__2023-01-01T04:10:00+00:00, execution_date=20230101T041000, start_date=20240627T225256, end_date=20240627T225256
[2024-06-27T22:52:56.651+0000] {local_task_job_runner.py:240} INFO - Task exited with return code 0
[2024-06-27T22:52:56.656+0000] {taskinstance.py:3503} INFO - 0 downstream tasks scheduled from follow-on schedule check
[2024-06-27T22:52:56.657+0000] {local_task_job_runner.py:222} INFO - ::endgroup::
[2024-06-28T18:14:16.379+0000] {local_task_job_runner.py:120} INFO - ::group::Pre task execution logs
[2024-06-28T18:14:16.394+0000] {taskinstance.py:2076} INFO - Dependencies all met for dep_context=non-requeueable deps ti=<TaskInstance: example_dag.generate_and_insert_data scheduled__2023-01-01T04:10:00+00:00 [queued]>
[2024-06-28T18:14:16.397+0000] {taskinstance.py:2076} INFO - Dependencies all met for dep_context=requeueable deps ti=<TaskInstance: example_dag.generate_and_insert_data scheduled__2023-01-01T04:10:00+00:00 [queued]>
[2024-06-28T18:14:16.397+0000] {taskinstance.py:2306} INFO - Starting attempt 1 of 2
[2024-06-28T18:14:16.401+0000] {taskinstance.py:2330} INFO - Executing <Task(PythonOperator): generate_and_insert_data> on 2023-01-01 04:10:00+00:00
[2024-06-28T18:14:16.403+0000] {standard_task_runner.py:63} INFO - Started process 752 to run task
[2024-06-28T18:14:16.404+0000] {standard_task_runner.py:90} INFO - Running: ['airflow', 'tasks', 'run', 'example_dag', 'generate_and_insert_data', 'scheduled__2023-01-01T04:10:00+00:00', '--job-id', '53', '--raw', '--subdir', 'DAGS_FOLDER/example_dag.py', '--cfg-path', '/tmp/tmp1r76sxik']
[2024-06-28T18:14:16.405+0000] {standard_task_runner.py:91} INFO - Job 53: Subtask generate_and_insert_data
[2024-06-28T18:14:16.422+0000] {task_command.py:426} INFO - Running <TaskInstance: example_dag.generate_and_insert_data scheduled__2023-01-01T04:10:00+00:00 [running]> on host 08cefd381a1f
[2024-06-28T18:14:16.450+0000] {taskinstance.py:2648} INFO - Exporting env vars: AIRFLOW_CTX_DAG_OWNER='airflow' AIRFLOW_CTX_DAG_ID='example_dag' AIRFLOW_CTX_TASK_ID='generate_and_insert_data' AIRFLOW_CTX_EXECUTION_DATE='2023-01-01T04:10:00+00:00' AIRFLOW_CTX_TRY_NUMBER='1' AIRFLOW_CTX_DAG_RUN_ID='scheduled__2023-01-01T04:10:00+00:00'
[2024-06-28T18:14:16.450+0000] {taskinstance.py:430} INFO - ::endgroup::
[2024-06-28T18:14:16.454+0000] {python.py:237} INFO - Done. Returned value was: None
[2024-06-28T18:14:16.455+0000] {taskinstance.py:441} INFO - ::group::Post task execution logs
[2024-06-28T18:14:16.459+0000] {taskinstance.py:1206} INFO - Marking task as SUCCESS. dag_id=example_dag, task_id=generate_and_insert_data, run_id=scheduled__2023-01-01T04:10:00+00:00, execution_date=20230101T041000, start_date=20240628T181416, end_date=20240628T181416
[2024-06-28T18:14:16.509+0000] {local_task_job_runner.py:240} INFO - Task exited with return code 0
[2024-06-28T18:14:16.516+0000] {taskinstance.py:3503} INFO - 0 downstream tasks scheduled from follow-on schedule check
[2024-06-28T18:14:16.517+0000] {local_task_job_runner.py:222} INFO - ::endgroup::
