[2024-06-27T22:33:24.776+0000] {local_task_job_runner.py:120} INFO - ::group::Pre task execution logs
[2024-06-27T22:33:24.787+0000] {taskinstance.py:2076} INFO - Dependencies all met for dep_context=non-requeueable deps ti=<TaskInstance: example_dag.generate_and_insert_data scheduled__2023-01-01T01:50:00+00:00 [queued]>
[2024-06-27T22:33:24.790+0000] {taskinstance.py:2076} INFO - Dependencies all met for dep_context=requeueable deps ti=<TaskInstance: example_dag.generate_and_insert_data scheduled__2023-01-01T01:50:00+00:00 [queued]>
[2024-06-27T22:33:24.790+0000] {taskinstance.py:2306} INFO - Starting attempt 1 of 2
[2024-06-27T22:33:24.795+0000] {taskinstance.py:2330} INFO - Executing <Task(PythonOperator): generate_and_insert_data> on 2023-01-01 01:50:00+00:00
[2024-06-27T22:33:24.797+0000] {standard_task_runner.py:63} INFO - Started process 364 to run task
[2024-06-27T22:33:24.799+0000] {standard_task_runner.py:90} INFO - Running: ['airflow', 'tasks', 'run', 'example_dag', 'generate_and_insert_data', 'scheduled__2023-01-01T01:50:00+00:00', '--job-id', '25', '--raw', '--subdir', 'DAGS_FOLDER/example_dag.py', '--cfg-path', '/tmp/tmpr5au6mwl']
[2024-06-27T22:33:24.800+0000] {standard_task_runner.py:91} INFO - Job 25: Subtask generate_and_insert_data
[2024-06-27T22:33:24.821+0000] {task_command.py:426} INFO - Running <TaskInstance: example_dag.generate_and_insert_data scheduled__2023-01-01T01:50:00+00:00 [running]> on host 9174587f6b1d
[2024-06-27T22:33:24.861+0000] {taskinstance.py:2648} INFO - Exporting env vars: AIRFLOW_CTX_DAG_OWNER='airflow' AIRFLOW_CTX_DAG_ID='example_dag' AIRFLOW_CTX_TASK_ID='generate_and_insert_data' AIRFLOW_CTX_EXECUTION_DATE='2023-01-01T01:50:00+00:00' AIRFLOW_CTX_TRY_NUMBER='1' AIRFLOW_CTX_DAG_RUN_ID='scheduled__2023-01-01T01:50:00+00:00'
[2024-06-27T22:33:24.861+0000] {taskinstance.py:430} INFO - ::endgroup::
[2024-06-27T22:33:24.868+0000] {python.py:237} INFO - Done. Returned value was: None
[2024-06-27T22:33:24.868+0000] {taskinstance.py:441} INFO - ::group::Post task execution logs
[2024-06-27T22:33:24.874+0000] {taskinstance.py:1206} INFO - Marking task as SUCCESS. dag_id=example_dag, task_id=generate_and_insert_data, run_id=scheduled__2023-01-01T01:50:00+00:00, execution_date=20230101T015000, start_date=20240627T223324, end_date=20240627T223324
[2024-06-27T22:33:24.903+0000] {local_task_job_runner.py:240} INFO - Task exited with return code 0
[2024-06-27T22:33:24.910+0000] {taskinstance.py:3503} INFO - 0 downstream tasks scheduled from follow-on schedule check
[2024-06-27T22:33:24.911+0000] {local_task_job_runner.py:222} INFO - ::endgroup::
[2024-06-27T22:52:14.099+0000] {local_task_job_runner.py:120} INFO - ::group::Pre task execution logs
[2024-06-27T22:52:14.110+0000] {taskinstance.py:2076} INFO - Dependencies all met for dep_context=non-requeueable deps ti=<TaskInstance: example_dag.generate_and_insert_data scheduled__2023-01-01T01:50:00+00:00 [queued]>
[2024-06-27T22:52:14.113+0000] {taskinstance.py:2076} INFO - Dependencies all met for dep_context=requeueable deps ti=<TaskInstance: example_dag.generate_and_insert_data scheduled__2023-01-01T01:50:00+00:00 [queued]>
[2024-06-27T22:52:14.113+0000] {taskinstance.py:2306} INFO - Starting attempt 1 of 2
[2024-06-27T22:52:14.118+0000] {taskinstance.py:2330} INFO - Executing <Task(PythonOperator): generate_and_insert_data> on 2023-01-01 01:50:00+00:00
[2024-06-27T22:52:14.119+0000] {standard_task_runner.py:63} INFO - Started process 364 to run task
[2024-06-27T22:52:14.121+0000] {standard_task_runner.py:90} INFO - Running: ['airflow', 'tasks', 'run', 'example_dag', 'generate_and_insert_data', 'scheduled__2023-01-01T01:50:00+00:00', '--job-id', '25', '--raw', '--subdir', 'DAGS_FOLDER/example_dag.py', '--cfg-path', '/tmp/tmpz19o_7uu']
[2024-06-27T22:52:14.122+0000] {standard_task_runner.py:91} INFO - Job 25: Subtask generate_and_insert_data
[2024-06-27T22:52:14.142+0000] {task_command.py:426} INFO - Running <TaskInstance: example_dag.generate_and_insert_data scheduled__2023-01-01T01:50:00+00:00 [running]> on host a70edf9d8581
[2024-06-27T22:52:14.182+0000] {taskinstance.py:2648} INFO - Exporting env vars: AIRFLOW_CTX_DAG_OWNER='airflow' AIRFLOW_CTX_DAG_ID='example_dag' AIRFLOW_CTX_TASK_ID='generate_and_insert_data' AIRFLOW_CTX_EXECUTION_DATE='2023-01-01T01:50:00+00:00' AIRFLOW_CTX_TRY_NUMBER='1' AIRFLOW_CTX_DAG_RUN_ID='scheduled__2023-01-01T01:50:00+00:00'
[2024-06-27T22:52:14.182+0000] {taskinstance.py:430} INFO - ::endgroup::
[2024-06-27T22:52:14.187+0000] {python.py:237} INFO - Done. Returned value was: None
[2024-06-27T22:52:14.188+0000] {taskinstance.py:441} INFO - ::group::Post task execution logs
[2024-06-27T22:52:14.193+0000] {taskinstance.py:1206} INFO - Marking task as SUCCESS. dag_id=example_dag, task_id=generate_and_insert_data, run_id=scheduled__2023-01-01T01:50:00+00:00, execution_date=20230101T015000, start_date=20240627T225214, end_date=20240627T225214
[2024-06-27T22:52:14.220+0000] {local_task_job_runner.py:240} INFO - Task exited with return code 0
[2024-06-27T22:52:14.227+0000] {taskinstance.py:3503} INFO - 0 downstream tasks scheduled from follow-on schedule check
[2024-06-27T22:52:14.228+0000] {local_task_job_runner.py:222} INFO - ::endgroup::
[2024-06-27T22:59:58.669+0000] {local_task_job_runner.py:120} INFO - ::group::Pre task execution logs
[2024-06-27T22:59:58.682+0000] {taskinstance.py:2076} INFO - Dependencies all met for dep_context=non-requeueable deps ti=<TaskInstance: example_dag.generate_and_insert_data scheduled__2023-01-01T01:50:00+00:00 [queued]>
[2024-06-27T22:59:58.685+0000] {taskinstance.py:2076} INFO - Dependencies all met for dep_context=requeueable deps ti=<TaskInstance: example_dag.generate_and_insert_data scheduled__2023-01-01T01:50:00+00:00 [queued]>
[2024-06-27T22:59:58.686+0000] {taskinstance.py:2306} INFO - Starting attempt 1 of 2
[2024-06-27T22:59:58.692+0000] {taskinstance.py:2330} INFO - Executing <Task(PythonOperator): generate_and_insert_data> on 2023-01-01 01:50:00+00:00
[2024-06-27T22:59:58.694+0000] {standard_task_runner.py:63} INFO - Started process 364 to run task
[2024-06-27T22:59:58.696+0000] {standard_task_runner.py:90} INFO - Running: ['airflow', 'tasks', 'run', 'example_dag', 'generate_and_insert_data', 'scheduled__2023-01-01T01:50:00+00:00', '--job-id', '25', '--raw', '--subdir', 'DAGS_FOLDER/example_dag.py', '--cfg-path', '/tmp/tmpkmsacsfo']
[2024-06-27T22:59:58.697+0000] {standard_task_runner.py:91} INFO - Job 25: Subtask generate_and_insert_data
[2024-06-27T22:59:58.719+0000] {task_command.py:426} INFO - Running <TaskInstance: example_dag.generate_and_insert_data scheduled__2023-01-01T01:50:00+00:00 [running]> on host 5cc71d4b298c
[2024-06-27T22:59:58.753+0000] {taskinstance.py:2648} INFO - Exporting env vars: AIRFLOW_CTX_DAG_OWNER='airflow' AIRFLOW_CTX_DAG_ID='example_dag' AIRFLOW_CTX_TASK_ID='generate_and_insert_data' AIRFLOW_CTX_EXECUTION_DATE='2023-01-01T01:50:00+00:00' AIRFLOW_CTX_TRY_NUMBER='1' AIRFLOW_CTX_DAG_RUN_ID='scheduled__2023-01-01T01:50:00+00:00'
[2024-06-27T22:59:58.753+0000] {taskinstance.py:430} INFO - ::endgroup::
[2024-06-27T22:59:58.758+0000] {python.py:237} INFO - Done. Returned value was: None
[2024-06-27T22:59:58.759+0000] {taskinstance.py:441} INFO - ::group::Post task execution logs
[2024-06-27T22:59:58.764+0000] {taskinstance.py:1206} INFO - Marking task as SUCCESS. dag_id=example_dag, task_id=generate_and_insert_data, run_id=scheduled__2023-01-01T01:50:00+00:00, execution_date=20230101T015000, start_date=20240627T225958, end_date=20240627T225958
[2024-06-27T22:59:58.794+0000] {local_task_job_runner.py:240} INFO - Task exited with return code 0
[2024-06-27T22:59:58.801+0000] {taskinstance.py:3503} INFO - 0 downstream tasks scheduled from follow-on schedule check
[2024-06-27T22:59:58.802+0000] {local_task_job_runner.py:222} INFO - ::endgroup::
[2024-06-27T23:09:37.709+0000] {local_task_job_runner.py:120} INFO - ::group::Pre task execution logs
[2024-06-27T23:09:37.721+0000] {taskinstance.py:2076} INFO - Dependencies all met for dep_context=non-requeueable deps ti=<TaskInstance: example_dag.generate_and_insert_data scheduled__2023-01-01T01:50:00+00:00 [queued]>
[2024-06-27T23:09:37.723+0000] {taskinstance.py:2076} INFO - Dependencies all met for dep_context=requeueable deps ti=<TaskInstance: example_dag.generate_and_insert_data scheduled__2023-01-01T01:50:00+00:00 [queued]>
[2024-06-27T23:09:37.723+0000] {taskinstance.py:2306} INFO - Starting attempt 1 of 2
[2024-06-27T23:09:37.728+0000] {taskinstance.py:2330} INFO - Executing <Task(PythonOperator): generate_and_insert_data> on 2023-01-01 01:50:00+00:00
[2024-06-27T23:09:37.730+0000] {standard_task_runner.py:63} INFO - Started process 364 to run task
[2024-06-27T23:09:37.731+0000] {standard_task_runner.py:90} INFO - Running: ['airflow', 'tasks', 'run', 'example_dag', 'generate_and_insert_data', 'scheduled__2023-01-01T01:50:00+00:00', '--job-id', '25', '--raw', '--subdir', 'DAGS_FOLDER/example_dag.py', '--cfg-path', '/tmp/tmpwhu19n4i']
[2024-06-27T23:09:37.732+0000] {standard_task_runner.py:91} INFO - Job 25: Subtask generate_and_insert_data
[2024-06-27T23:09:37.749+0000] {task_command.py:426} INFO - Running <TaskInstance: example_dag.generate_and_insert_data scheduled__2023-01-01T01:50:00+00:00 [running]> on host 7147f8a4dc9f
[2024-06-27T23:09:37.780+0000] {taskinstance.py:2648} INFO - Exporting env vars: AIRFLOW_CTX_DAG_OWNER='airflow' AIRFLOW_CTX_DAG_ID='example_dag' AIRFLOW_CTX_TASK_ID='generate_and_insert_data' AIRFLOW_CTX_EXECUTION_DATE='2023-01-01T01:50:00+00:00' AIRFLOW_CTX_TRY_NUMBER='1' AIRFLOW_CTX_DAG_RUN_ID='scheduled__2023-01-01T01:50:00+00:00'
[2024-06-27T23:09:37.780+0000] {taskinstance.py:430} INFO - ::endgroup::
[2024-06-27T23:09:37.786+0000] {python.py:237} INFO - Done. Returned value was: None
[2024-06-27T23:09:37.786+0000] {taskinstance.py:441} INFO - ::group::Post task execution logs
[2024-06-27T23:09:37.791+0000] {taskinstance.py:1206} INFO - Marking task as SUCCESS. dag_id=example_dag, task_id=generate_and_insert_data, run_id=scheduled__2023-01-01T01:50:00+00:00, execution_date=20230101T015000, start_date=20240627T230937, end_date=20240627T230937
[2024-06-27T23:09:37.828+0000] {local_task_job_runner.py:240} INFO - Task exited with return code 0
[2024-06-27T23:09:37.835+0000] {taskinstance.py:3503} INFO - 0 downstream tasks scheduled from follow-on schedule check
[2024-06-27T23:09:37.836+0000] {local_task_job_runner.py:222} INFO - ::endgroup::
[2024-06-27T23:13:16.060+0000] {local_task_job_runner.py:120} INFO - ::group::Pre task execution logs
[2024-06-27T23:13:16.072+0000] {taskinstance.py:2076} INFO - Dependencies all met for dep_context=non-requeueable deps ti=<TaskInstance: example_dag.generate_and_insert_data scheduled__2023-01-01T01:50:00+00:00 [queued]>
[2024-06-27T23:13:16.075+0000] {taskinstance.py:2076} INFO - Dependencies all met for dep_context=requeueable deps ti=<TaskInstance: example_dag.generate_and_insert_data scheduled__2023-01-01T01:50:00+00:00 [queued]>
[2024-06-27T23:13:16.076+0000] {taskinstance.py:2306} INFO - Starting attempt 1 of 2
[2024-06-27T23:13:16.080+0000] {taskinstance.py:2330} INFO - Executing <Task(PythonOperator): generate_and_insert_data> on 2023-01-01 01:50:00+00:00
[2024-06-27T23:13:16.082+0000] {standard_task_runner.py:63} INFO - Started process 364 to run task
[2024-06-27T23:13:16.084+0000] {standard_task_runner.py:90} INFO - Running: ['airflow', 'tasks', 'run', 'example_dag', 'generate_and_insert_data', 'scheduled__2023-01-01T01:50:00+00:00', '--job-id', '25', '--raw', '--subdir', 'DAGS_FOLDER/example_dag.py', '--cfg-path', '/tmp/tmp9obwrqye']
[2024-06-27T23:13:16.085+0000] {standard_task_runner.py:91} INFO - Job 25: Subtask generate_and_insert_data
[2024-06-27T23:13:16.107+0000] {task_command.py:426} INFO - Running <TaskInstance: example_dag.generate_and_insert_data scheduled__2023-01-01T01:50:00+00:00 [running]> on host 4bd55eb76a74
[2024-06-27T23:13:16.142+0000] {taskinstance.py:2648} INFO - Exporting env vars: AIRFLOW_CTX_DAG_OWNER='airflow' AIRFLOW_CTX_DAG_ID='example_dag' AIRFLOW_CTX_TASK_ID='generate_and_insert_data' AIRFLOW_CTX_EXECUTION_DATE='2023-01-01T01:50:00+00:00' AIRFLOW_CTX_TRY_NUMBER='1' AIRFLOW_CTX_DAG_RUN_ID='scheduled__2023-01-01T01:50:00+00:00'
[2024-06-27T23:13:16.142+0000] {taskinstance.py:430} INFO - ::endgroup::
[2024-06-27T23:13:16.148+0000] {python.py:237} INFO - Done. Returned value was: None
[2024-06-27T23:13:16.148+0000] {taskinstance.py:441} INFO - ::group::Post task execution logs
[2024-06-27T23:13:16.153+0000] {taskinstance.py:1206} INFO - Marking task as SUCCESS. dag_id=example_dag, task_id=generate_and_insert_data, run_id=scheduled__2023-01-01T01:50:00+00:00, execution_date=20230101T015000, start_date=20240627T231316, end_date=20240627T231316
[2024-06-27T23:13:16.181+0000] {local_task_job_runner.py:240} INFO - Task exited with return code 0
[2024-06-27T23:13:16.188+0000] {taskinstance.py:3503} INFO - 0 downstream tasks scheduled from follow-on schedule check
[2024-06-27T23:13:16.189+0000] {local_task_job_runner.py:222} INFO - ::endgroup::
[2024-06-27T23:19:10.760+0000] {local_task_job_runner.py:120} INFO - ::group::Pre task execution logs
[2024-06-27T23:19:10.771+0000] {taskinstance.py:2076} INFO - Dependencies all met for dep_context=non-requeueable deps ti=<TaskInstance: example_dag.generate_and_insert_data scheduled__2023-01-01T01:50:00+00:00 [queued]>
[2024-06-27T23:19:10.773+0000] {taskinstance.py:2076} INFO - Dependencies all met for dep_context=requeueable deps ti=<TaskInstance: example_dag.generate_and_insert_data scheduled__2023-01-01T01:50:00+00:00 [queued]>
[2024-06-27T23:19:10.773+0000] {taskinstance.py:2306} INFO - Starting attempt 1 of 2
[2024-06-27T23:19:10.778+0000] {taskinstance.py:2330} INFO - Executing <Task(PythonOperator): generate_and_insert_data> on 2023-01-01 01:50:00+00:00
[2024-06-27T23:19:10.779+0000] {standard_task_runner.py:63} INFO - Started process 364 to run task
[2024-06-27T23:19:10.781+0000] {standard_task_runner.py:90} INFO - Running: ['airflow', 'tasks', 'run', 'example_dag', 'generate_and_insert_data', 'scheduled__2023-01-01T01:50:00+00:00', '--job-id', '25', '--raw', '--subdir', 'DAGS_FOLDER/example_dag.py', '--cfg-path', '/tmp/tmpiue7zzq7']
[2024-06-27T23:19:10.781+0000] {standard_task_runner.py:91} INFO - Job 25: Subtask generate_and_insert_data
[2024-06-27T23:19:10.798+0000] {task_command.py:426} INFO - Running <TaskInstance: example_dag.generate_and_insert_data scheduled__2023-01-01T01:50:00+00:00 [running]> on host 73964f870a02
[2024-06-27T23:19:10.826+0000] {taskinstance.py:2648} INFO - Exporting env vars: AIRFLOW_CTX_DAG_OWNER='airflow' AIRFLOW_CTX_DAG_ID='example_dag' AIRFLOW_CTX_TASK_ID='generate_and_insert_data' AIRFLOW_CTX_EXECUTION_DATE='2023-01-01T01:50:00+00:00' AIRFLOW_CTX_TRY_NUMBER='1' AIRFLOW_CTX_DAG_RUN_ID='scheduled__2023-01-01T01:50:00+00:00'
[2024-06-27T23:19:10.826+0000] {taskinstance.py:430} INFO - ::endgroup::
[2024-06-27T23:19:10.831+0000] {python.py:237} INFO - Done. Returned value was: None
[2024-06-27T23:19:10.831+0000] {taskinstance.py:441} INFO - ::group::Post task execution logs
[2024-06-27T23:19:10.835+0000] {taskinstance.py:1206} INFO - Marking task as SUCCESS. dag_id=example_dag, task_id=generate_and_insert_data, run_id=scheduled__2023-01-01T01:50:00+00:00, execution_date=20230101T015000, start_date=20240627T231910, end_date=20240627T231910
[2024-06-27T23:19:10.841+0000] {local_task_job_runner.py:240} INFO - Task exited with return code 0
[2024-06-27T23:19:10.846+0000] {taskinstance.py:3503} INFO - 0 downstream tasks scheduled from follow-on schedule check
[2024-06-27T23:19:10.847+0000] {local_task_job_runner.py:222} INFO - ::endgroup::
[2024-06-28T18:13:32.348+0000] {local_task_job_runner.py:120} INFO - ::group::Pre task execution logs
[2024-06-28T18:13:32.358+0000] {taskinstance.py:2076} INFO - Dependencies all met for dep_context=non-requeueable deps ti=<TaskInstance: example_dag.generate_and_insert_data scheduled__2023-01-01T01:50:00+00:00 [queued]>
[2024-06-28T18:13:32.360+0000] {taskinstance.py:2076} INFO - Dependencies all met for dep_context=requeueable deps ti=<TaskInstance: example_dag.generate_and_insert_data scheduled__2023-01-01T01:50:00+00:00 [queued]>
[2024-06-28T18:13:32.361+0000] {taskinstance.py:2306} INFO - Starting attempt 1 of 2
[2024-06-28T18:13:32.365+0000] {taskinstance.py:2330} INFO - Executing <Task(PythonOperator): generate_and_insert_data> on 2023-01-01 01:50:00+00:00
[2024-06-28T18:13:32.367+0000] {standard_task_runner.py:63} INFO - Started process 364 to run task
[2024-06-28T18:13:32.368+0000] {standard_task_runner.py:90} INFO - Running: ['airflow', 'tasks', 'run', 'example_dag', 'generate_and_insert_data', 'scheduled__2023-01-01T01:50:00+00:00', '--job-id', '25', '--raw', '--subdir', 'DAGS_FOLDER/example_dag.py', '--cfg-path', '/tmp/tmpf88g95fz']
[2024-06-28T18:13:32.369+0000] {standard_task_runner.py:91} INFO - Job 25: Subtask generate_and_insert_data
[2024-06-28T18:13:32.385+0000] {task_command.py:426} INFO - Running <TaskInstance: example_dag.generate_and_insert_data scheduled__2023-01-01T01:50:00+00:00 [running]> on host 08cefd381a1f
[2024-06-28T18:13:32.413+0000] {taskinstance.py:2648} INFO - Exporting env vars: AIRFLOW_CTX_DAG_OWNER='airflow' AIRFLOW_CTX_DAG_ID='example_dag' AIRFLOW_CTX_TASK_ID='generate_and_insert_data' AIRFLOW_CTX_EXECUTION_DATE='2023-01-01T01:50:00+00:00' AIRFLOW_CTX_TRY_NUMBER='1' AIRFLOW_CTX_DAG_RUN_ID='scheduled__2023-01-01T01:50:00+00:00'
[2024-06-28T18:13:32.413+0000] {taskinstance.py:430} INFO - ::endgroup::
[2024-06-28T18:13:32.418+0000] {python.py:237} INFO - Done. Returned value was: None
[2024-06-28T18:13:32.418+0000] {taskinstance.py:441} INFO - ::group::Post task execution logs
[2024-06-28T18:13:32.422+0000] {taskinstance.py:1206} INFO - Marking task as SUCCESS. dag_id=example_dag, task_id=generate_and_insert_data, run_id=scheduled__2023-01-01T01:50:00+00:00, execution_date=20230101T015000, start_date=20240628T181332, end_date=20240628T181332
[2024-06-28T18:13:32.426+0000] {local_task_job_runner.py:240} INFO - Task exited with return code 0
[2024-06-28T18:13:32.432+0000] {taskinstance.py:3503} INFO - 0 downstream tasks scheduled from follow-on schedule check
[2024-06-28T18:13:32.433+0000] {local_task_job_runner.py:222} INFO - ::endgroup::
[2024-06-28T18:20:47.910+0000] {local_task_job_runner.py:120} INFO - ::group::Pre task execution logs
[2024-06-28T18:20:47.922+0000] {taskinstance.py:2076} INFO - Dependencies all met for dep_context=non-requeueable deps ti=<TaskInstance: example_dag.generate_and_insert_data scheduled__2023-01-01T01:50:00+00:00 [queued]>
[2024-06-28T18:20:47.925+0000] {taskinstance.py:2076} INFO - Dependencies all met for dep_context=requeueable deps ti=<TaskInstance: example_dag.generate_and_insert_data scheduled__2023-01-01T01:50:00+00:00 [queued]>
[2024-06-28T18:20:47.925+0000] {taskinstance.py:2306} INFO - Starting attempt 1 of 2
[2024-06-28T18:20:47.930+0000] {taskinstance.py:2330} INFO - Executing <Task(PythonOperator): generate_and_insert_data> on 2023-01-01 01:50:00+00:00
[2024-06-28T18:20:47.933+0000] {standard_task_runner.py:63} INFO - Started process 364 to run task
[2024-06-28T18:20:47.935+0000] {standard_task_runner.py:90} INFO - Running: ['airflow', 'tasks', 'run', 'example_dag', 'generate_and_insert_data', 'scheduled__2023-01-01T01:50:00+00:00', '--job-id', '25', '--raw', '--subdir', 'DAGS_FOLDER/example_dag.py', '--cfg-path', '/tmp/tmpxfsgkyta']
[2024-06-28T18:20:47.936+0000] {standard_task_runner.py:91} INFO - Job 25: Subtask generate_and_insert_data
[2024-06-28T18:20:47.957+0000] {task_command.py:426} INFO - Running <TaskInstance: example_dag.generate_and_insert_data scheduled__2023-01-01T01:50:00+00:00 [running]> on host 6570e5857071
[2024-06-28T18:20:47.992+0000] {taskinstance.py:2648} INFO - Exporting env vars: AIRFLOW_CTX_DAG_OWNER='airflow' AIRFLOW_CTX_DAG_ID='example_dag' AIRFLOW_CTX_TASK_ID='generate_and_insert_data' AIRFLOW_CTX_EXECUTION_DATE='2023-01-01T01:50:00+00:00' AIRFLOW_CTX_TRY_NUMBER='1' AIRFLOW_CTX_DAG_RUN_ID='scheduled__2023-01-01T01:50:00+00:00'
[2024-06-28T18:20:47.993+0000] {taskinstance.py:430} INFO - ::endgroup::
[2024-06-28T18:20:47.998+0000] {python.py:237} INFO - Done. Returned value was: None
[2024-06-28T18:20:47.998+0000] {taskinstance.py:441} INFO - ::group::Post task execution logs
[2024-06-28T18:20:48.003+0000] {taskinstance.py:1206} INFO - Marking task as SUCCESS. dag_id=example_dag, task_id=generate_and_insert_data, run_id=scheduled__2023-01-01T01:50:00+00:00, execution_date=20230101T015000, start_date=20240628T182047, end_date=20240628T182048
[2024-06-28T18:20:48.034+0000] {local_task_job_runner.py:240} INFO - Task exited with return code 0
[2024-06-28T18:20:48.041+0000] {taskinstance.py:3503} INFO - 0 downstream tasks scheduled from follow-on schedule check
[2024-06-28T18:20:48.042+0000] {local_task_job_runner.py:222} INFO - ::endgroup::
[2024-06-28T18:30:49.710+0000] {local_task_job_runner.py:120} INFO - ::group::Pre task execution logs
[2024-06-28T18:30:49.721+0000] {taskinstance.py:2076} INFO - Dependencies all met for dep_context=non-requeueable deps ti=<TaskInstance: example_dag.generate_and_insert_data scheduled__2023-01-01T01:50:00+00:00 [queued]>
[2024-06-28T18:30:49.723+0000] {taskinstance.py:2076} INFO - Dependencies all met for dep_context=requeueable deps ti=<TaskInstance: example_dag.generate_and_insert_data scheduled__2023-01-01T01:50:00+00:00 [queued]>
[2024-06-28T18:30:49.724+0000] {taskinstance.py:2306} INFO - Starting attempt 1 of 2
[2024-06-28T18:30:49.728+0000] {taskinstance.py:2330} INFO - Executing <Task(PythonOperator): generate_and_insert_data> on 2023-01-01 01:50:00+00:00
[2024-06-28T18:30:49.730+0000] {standard_task_runner.py:63} INFO - Started process 364 to run task
[2024-06-28T18:30:49.731+0000] {standard_task_runner.py:90} INFO - Running: ['airflow', 'tasks', 'run', 'example_dag', 'generate_and_insert_data', 'scheduled__2023-01-01T01:50:00+00:00', '--job-id', '25', '--raw', '--subdir', 'DAGS_FOLDER/example_dag.py', '--cfg-path', '/tmp/tmplp68zj3o']
[2024-06-28T18:30:49.732+0000] {standard_task_runner.py:91} INFO - Job 25: Subtask generate_and_insert_data
[2024-06-28T18:30:49.753+0000] {task_command.py:426} INFO - Running <TaskInstance: example_dag.generate_and_insert_data scheduled__2023-01-01T01:50:00+00:00 [running]> on host 50bf780463b8
[2024-06-28T18:30:49.787+0000] {taskinstance.py:2648} INFO - Exporting env vars: AIRFLOW_CTX_DAG_OWNER='airflow' AIRFLOW_CTX_DAG_ID='example_dag' AIRFLOW_CTX_TASK_ID='generate_and_insert_data' AIRFLOW_CTX_EXECUTION_DATE='2023-01-01T01:50:00+00:00' AIRFLOW_CTX_TRY_NUMBER='1' AIRFLOW_CTX_DAG_RUN_ID='scheduled__2023-01-01T01:50:00+00:00'
[2024-06-28T18:30:49.787+0000] {taskinstance.py:430} INFO - ::endgroup::
[2024-06-28T18:30:49.793+0000] {python.py:237} INFO - Done. Returned value was: None
[2024-06-28T18:30:49.793+0000] {taskinstance.py:441} INFO - ::group::Post task execution logs
[2024-06-28T18:30:49.798+0000] {taskinstance.py:1206} INFO - Marking task as SUCCESS. dag_id=example_dag, task_id=generate_and_insert_data, run_id=scheduled__2023-01-01T01:50:00+00:00, execution_date=20230101T015000, start_date=20240628T183049, end_date=20240628T183049
[2024-06-28T18:30:49.836+0000] {local_task_job_runner.py:240} INFO - Task exited with return code 0
[2024-06-28T18:30:49.843+0000] {taskinstance.py:3503} INFO - 0 downstream tasks scheduled from follow-on schedule check
[2024-06-28T18:30:49.843+0000] {local_task_job_runner.py:222} INFO - ::endgroup::
[2024-06-28T22:13:59.820+0000] {local_task_job_runner.py:120} INFO - ::group::Pre task execution logs
[2024-06-28T22:13:59.831+0000] {taskinstance.py:2076} INFO - Dependencies all met for dep_context=non-requeueable deps ti=<TaskInstance: example_dag.generate_and_insert_data scheduled__2023-01-01T01:50:00+00:00 [queued]>
[2024-06-28T22:13:59.834+0000] {taskinstance.py:2076} INFO - Dependencies all met for dep_context=requeueable deps ti=<TaskInstance: example_dag.generate_and_insert_data scheduled__2023-01-01T01:50:00+00:00 [queued]>
[2024-06-28T22:13:59.834+0000] {taskinstance.py:2306} INFO - Starting attempt 1 of 2
[2024-06-28T22:13:59.839+0000] {taskinstance.py:2330} INFO - Executing <Task(PythonOperator): generate_and_insert_data> on 2023-01-01 01:50:00+00:00
[2024-06-28T22:13:59.840+0000] {standard_task_runner.py:63} INFO - Started process 364 to run task
[2024-06-28T22:13:59.842+0000] {standard_task_runner.py:90} INFO - Running: ['airflow', 'tasks', 'run', 'example_dag', 'generate_and_insert_data', 'scheduled__2023-01-01T01:50:00+00:00', '--job-id', '25', '--raw', '--subdir', 'DAGS_FOLDER/example_dag.py', '--cfg-path', '/tmp/tmptjy1rsff']
[2024-06-28T22:13:59.843+0000] {standard_task_runner.py:91} INFO - Job 25: Subtask generate_and_insert_data
[2024-06-28T22:13:59.863+0000] {task_command.py:426} INFO - Running <TaskInstance: example_dag.generate_and_insert_data scheduled__2023-01-01T01:50:00+00:00 [running]> on host 619125b6796e
[2024-06-28T22:13:59.899+0000] {taskinstance.py:2648} INFO - Exporting env vars: AIRFLOW_CTX_DAG_OWNER='airflow' AIRFLOW_CTX_DAG_ID='example_dag' AIRFLOW_CTX_TASK_ID='generate_and_insert_data' AIRFLOW_CTX_EXECUTION_DATE='2023-01-01T01:50:00+00:00' AIRFLOW_CTX_TRY_NUMBER='1' AIRFLOW_CTX_DAG_RUN_ID='scheduled__2023-01-01T01:50:00+00:00'
[2024-06-28T22:13:59.900+0000] {taskinstance.py:430} INFO - ::endgroup::
[2024-06-28T22:13:59.905+0000] {python.py:237} INFO - Done. Returned value was: None
[2024-06-28T22:13:59.905+0000] {taskinstance.py:441} INFO - ::group::Post task execution logs
[2024-06-28T22:13:59.910+0000] {taskinstance.py:1206} INFO - Marking task as SUCCESS. dag_id=example_dag, task_id=generate_and_insert_data, run_id=scheduled__2023-01-01T01:50:00+00:00, execution_date=20230101T015000, start_date=20240628T221359, end_date=20240628T221359
[2024-06-28T22:13:59.939+0000] {local_task_job_runner.py:240} INFO - Task exited with return code 0
[2024-06-28T22:13:59.946+0000] {taskinstance.py:3503} INFO - 0 downstream tasks scheduled from follow-on schedule check
[2024-06-28T22:13:59.947+0000] {local_task_job_runner.py:222} INFO - ::endgroup::
