[2024-06-29T21:36:34.024+0000] {processor.py:161} INFO - Started process (PID=27) to work on /opt/airflow/dags/ecomm_dag.py
[2024-06-29T21:36:34.024+0000] {processor.py:830} INFO - Processing file /opt/airflow/dags/ecomm_dag.py for tasks to queue
[2024-06-29T21:36:34.025+0000] {logging_mixin.py:188} INFO - [2024-06-29T21:36:34.025+0000] {dagbag.py:545} INFO - Filling up the DagBag from /opt/airflow/dags/ecomm_dag.py
[2024-06-29T21:36:34.039+0000] {processor.py:840} INFO - DAG(s) 'ecomm_data_pipeline' retrieved from /opt/airflow/dags/ecomm_dag.py
[2024-06-29T21:36:34.138+0000] {logging_mixin.py:188} INFO - [2024-06-29T21:36:34.138+0000] {override.py:1829} INFO - Created Permission View: can delete on DAG:ecomm_data_pipeline
[2024-06-29T21:36:34.141+0000] {logging_mixin.py:188} INFO - [2024-06-29T21:36:34.140+0000] {override.py:1829} INFO - Created Permission View: can edit on DAG:ecomm_data_pipeline
[2024-06-29T21:36:34.142+0000] {logging_mixin.py:188} INFO - [2024-06-29T21:36:34.142+0000] {override.py:1829} INFO - Created Permission View: can read on DAG:ecomm_data_pipeline
[2024-06-29T21:36:34.142+0000] {logging_mixin.py:188} INFO - [2024-06-29T21:36:34.142+0000] {dag.py:3096} INFO - Sync 1 DAGs
[2024-06-29T21:36:34.146+0000] {logging_mixin.py:188} INFO - [2024-06-29T21:36:34.146+0000] {dag.py:3118} INFO - Creating ORM DAG for ecomm_data_pipeline
[2024-06-29T21:36:34.149+0000] {logging_mixin.py:188} INFO - [2024-06-29T21:36:34.149+0000] {dag.py:3954} INFO - Setting next_dagrun for ecomm_data_pipeline to 2023-01-01 00:00:00+00:00, run_after=2023-01-01 00:10:00+00:00
[2024-06-29T21:36:34.154+0000] {processor.py:183} INFO - Processing /opt/airflow/dags/ecomm_dag.py took 0.132 seconds
[2024-06-29T21:37:04.213+0000] {processor.py:161} INFO - Started process (PID=259) to work on /opt/airflow/dags/ecomm_dag.py
[2024-06-29T21:37:04.213+0000] {processor.py:830} INFO - Processing file /opt/airflow/dags/ecomm_dag.py for tasks to queue
[2024-06-29T21:37:04.214+0000] {logging_mixin.py:188} INFO - [2024-06-29T21:37:04.214+0000] {dagbag.py:545} INFO - Filling up the DagBag from /opt/airflow/dags/ecomm_dag.py
[2024-06-29T21:37:04.220+0000] {processor.py:840} INFO - DAG(s) 'ecomm_data_pipeline' retrieved from /opt/airflow/dags/ecomm_dag.py
[2024-06-29T21:37:04.231+0000] {logging_mixin.py:188} INFO - [2024-06-29T21:37:04.231+0000] {dag.py:3096} INFO - Sync 1 DAGs
[2024-06-29T21:37:04.239+0000] {logging_mixin.py:188} INFO - [2024-06-29T21:37:04.239+0000] {dag.py:3954} INFO - Setting next_dagrun for ecomm_data_pipeline to 2023-01-01 02:40:00+00:00, run_after=2023-01-01 02:50:00+00:00
[2024-06-29T21:37:04.245+0000] {processor.py:183} INFO - Processing /opt/airflow/dags/ecomm_dag.py took 0.034 seconds
[2024-06-29T21:37:34.426+0000] {processor.py:161} INFO - Started process (PID=481) to work on /opt/airflow/dags/ecomm_dag.py
[2024-06-29T21:37:34.427+0000] {processor.py:830} INFO - Processing file /opt/airflow/dags/ecomm_dag.py for tasks to queue
[2024-06-29T21:37:34.427+0000] {logging_mixin.py:188} INFO - [2024-06-29T21:37:34.427+0000] {dagbag.py:545} INFO - Filling up the DagBag from /opt/airflow/dags/ecomm_dag.py
[2024-06-29T21:37:34.432+0000] {processor.py:840} INFO - DAG(s) 'ecomm_data_pipeline' retrieved from /opt/airflow/dags/ecomm_dag.py
[2024-06-29T21:37:34.444+0000] {logging_mixin.py:188} INFO - [2024-06-29T21:37:34.443+0000] {dag.py:3096} INFO - Sync 1 DAGs
[2024-06-29T21:37:34.451+0000] {logging_mixin.py:188} INFO - [2024-06-29T21:37:34.451+0000] {dag.py:3954} INFO - Setting next_dagrun for ecomm_data_pipeline to 2023-01-01 05:20:00+00:00, run_after=2023-01-01 05:30:00+00:00
[2024-06-29T21:37:34.459+0000] {processor.py:183} INFO - Processing /opt/airflow/dags/ecomm_dag.py took 0.034 seconds
[2024-06-29T21:38:04.612+0000] {processor.py:161} INFO - Started process (PID=714) to work on /opt/airflow/dags/ecomm_dag.py
[2024-06-29T21:38:04.613+0000] {processor.py:830} INFO - Processing file /opt/airflow/dags/ecomm_dag.py for tasks to queue
[2024-06-29T21:38:04.614+0000] {logging_mixin.py:188} INFO - [2024-06-29T21:38:04.613+0000] {dagbag.py:545} INFO - Filling up the DagBag from /opt/airflow/dags/ecomm_dag.py
[2024-06-29T21:38:04.619+0000] {processor.py:840} INFO - DAG(s) 'ecomm_data_pipeline' retrieved from /opt/airflow/dags/ecomm_dag.py
[2024-06-29T21:38:04.630+0000] {logging_mixin.py:188} INFO - [2024-06-29T21:38:04.630+0000] {dag.py:3096} INFO - Sync 1 DAGs
[2024-06-29T21:38:04.638+0000] {logging_mixin.py:188} INFO - [2024-06-29T21:38:04.638+0000] {dag.py:3954} INFO - Setting next_dagrun for ecomm_data_pipeline to 2023-01-01 08:00:00+00:00, run_after=2023-01-01 08:10:00+00:00
[2024-06-29T21:38:04.645+0000] {processor.py:183} INFO - Processing /opt/airflow/dags/ecomm_dag.py took 0.034 seconds
[2024-06-29T21:38:34.827+0000] {processor.py:161} INFO - Started process (PID=947) to work on /opt/airflow/dags/ecomm_dag.py
[2024-06-29T21:38:34.828+0000] {processor.py:830} INFO - Processing file /opt/airflow/dags/ecomm_dag.py for tasks to queue
[2024-06-29T21:38:34.828+0000] {logging_mixin.py:188} INFO - [2024-06-29T21:38:34.828+0000] {dagbag.py:545} INFO - Filling up the DagBag from /opt/airflow/dags/ecomm_dag.py
[2024-06-29T21:38:34.834+0000] {processor.py:840} INFO - DAG(s) 'ecomm_data_pipeline' retrieved from /opt/airflow/dags/ecomm_dag.py
[2024-06-29T21:38:34.846+0000] {logging_mixin.py:188} INFO - [2024-06-29T21:38:34.846+0000] {dag.py:3096} INFO - Sync 1 DAGs
[2024-06-29T21:38:34.854+0000] {logging_mixin.py:188} INFO - [2024-06-29T21:38:34.854+0000] {dag.py:3954} INFO - Setting next_dagrun for ecomm_data_pipeline to 2023-01-01 10:40:00+00:00, run_after=2023-01-01 10:50:00+00:00
[2024-06-29T21:38:34.860+0000] {processor.py:183} INFO - Processing /opt/airflow/dags/ecomm_dag.py took 0.035 seconds
[2024-06-29T21:39:05.034+0000] {processor.py:161} INFO - Started process (PID=1180) to work on /opt/airflow/dags/ecomm_dag.py
[2024-06-29T21:39:05.035+0000] {processor.py:830} INFO - Processing file /opt/airflow/dags/ecomm_dag.py for tasks to queue
[2024-06-29T21:39:05.035+0000] {logging_mixin.py:188} INFO - [2024-06-29T21:39:05.035+0000] {dagbag.py:545} INFO - Filling up the DagBag from /opt/airflow/dags/ecomm_dag.py
[2024-06-29T21:39:05.041+0000] {processor.py:840} INFO - DAG(s) 'ecomm_data_pipeline' retrieved from /opt/airflow/dags/ecomm_dag.py
[2024-06-29T21:39:05.052+0000] {logging_mixin.py:188} INFO - [2024-06-29T21:39:05.052+0000] {dag.py:3096} INFO - Sync 1 DAGs
[2024-06-29T21:39:05.059+0000] {logging_mixin.py:188} INFO - [2024-06-29T21:39:05.059+0000] {dag.py:3954} INFO - Setting next_dagrun for ecomm_data_pipeline to 2023-01-01 13:20:00+00:00, run_after=2023-01-01 13:30:00+00:00
[2024-06-29T21:39:05.065+0000] {processor.py:183} INFO - Processing /opt/airflow/dags/ecomm_dag.py took 0.033 seconds
[2024-06-29T21:39:35.189+0000] {processor.py:161} INFO - Started process (PID=1413) to work on /opt/airflow/dags/ecomm_dag.py
[2024-06-29T21:39:35.190+0000] {processor.py:830} INFO - Processing file /opt/airflow/dags/ecomm_dag.py for tasks to queue
[2024-06-29T21:39:35.191+0000] {logging_mixin.py:188} INFO - [2024-06-29T21:39:35.191+0000] {dagbag.py:545} INFO - Filling up the DagBag from /opt/airflow/dags/ecomm_dag.py
[2024-06-29T21:39:35.198+0000] {processor.py:840} INFO - DAG(s) 'ecomm_data_pipeline' retrieved from /opt/airflow/dags/ecomm_dag.py
[2024-06-29T21:39:35.212+0000] {logging_mixin.py:188} INFO - [2024-06-29T21:39:35.212+0000] {dag.py:3096} INFO - Sync 1 DAGs
[2024-06-29T21:39:35.221+0000] {logging_mixin.py:188} INFO - [2024-06-29T21:39:35.221+0000] {dag.py:3954} INFO - Setting next_dagrun for ecomm_data_pipeline to 2023-01-01 16:00:00+00:00, run_after=2023-01-01 16:10:00+00:00
[2024-06-29T21:39:35.227+0000] {processor.py:183} INFO - Processing /opt/airflow/dags/ecomm_dag.py took 0.041 seconds
[2024-06-29T21:40:05.437+0000] {processor.py:161} INFO - Started process (PID=1637) to work on /opt/airflow/dags/ecomm_dag.py
[2024-06-29T21:40:05.438+0000] {processor.py:830} INFO - Processing file /opt/airflow/dags/ecomm_dag.py for tasks to queue
[2024-06-29T21:40:05.439+0000] {logging_mixin.py:188} INFO - [2024-06-29T21:40:05.439+0000] {dagbag.py:545} INFO - Filling up the DagBag from /opt/airflow/dags/ecomm_dag.py
[2024-06-29T21:40:05.449+0000] {processor.py:840} INFO - DAG(s) 'ecomm_data_pipeline' retrieved from /opt/airflow/dags/ecomm_dag.py
[2024-06-29T21:40:05.467+0000] {logging_mixin.py:188} INFO - [2024-06-29T21:40:05.466+0000] {dag.py:3096} INFO - Sync 1 DAGs
[2024-06-29T21:40:05.486+0000] {logging_mixin.py:188} INFO - [2024-06-29T21:40:05.486+0000] {dag.py:3954} INFO - Setting next_dagrun for ecomm_data_pipeline to 2023-01-01 18:40:00+00:00, run_after=2023-01-01 18:50:00+00:00
[2024-06-29T21:40:05.496+0000] {processor.py:183} INFO - Processing /opt/airflow/dags/ecomm_dag.py took 0.064 seconds
[2024-06-29T21:40:35.633+0000] {processor.py:161} INFO - Started process (PID=1871) to work on /opt/airflow/dags/ecomm_dag.py
[2024-06-29T21:40:35.633+0000] {processor.py:830} INFO - Processing file /opt/airflow/dags/ecomm_dag.py for tasks to queue
[2024-06-29T21:40:35.634+0000] {logging_mixin.py:188} INFO - [2024-06-29T21:40:35.634+0000] {dagbag.py:545} INFO - Filling up the DagBag from /opt/airflow/dags/ecomm_dag.py
[2024-06-29T21:40:35.639+0000] {processor.py:840} INFO - DAG(s) 'ecomm_data_pipeline' retrieved from /opt/airflow/dags/ecomm_dag.py
[2024-06-29T21:40:35.651+0000] {logging_mixin.py:188} INFO - [2024-06-29T21:40:35.651+0000] {dag.py:3096} INFO - Sync 1 DAGs
[2024-06-29T21:40:35.659+0000] {logging_mixin.py:188} INFO - [2024-06-29T21:40:35.659+0000] {dag.py:3954} INFO - Setting next_dagrun for ecomm_data_pipeline to 2023-01-01 21:20:00+00:00, run_after=2023-01-01 21:30:00+00:00
[2024-06-29T21:40:35.666+0000] {processor.py:183} INFO - Processing /opt/airflow/dags/ecomm_dag.py took 0.035 seconds
[2024-06-29T21:41:05.828+0000] {processor.py:161} INFO - Started process (PID=2104) to work on /opt/airflow/dags/ecomm_dag.py
[2024-06-29T21:41:05.829+0000] {processor.py:830} INFO - Processing file /opt/airflow/dags/ecomm_dag.py for tasks to queue
[2024-06-29T21:41:05.830+0000] {logging_mixin.py:188} INFO - [2024-06-29T21:41:05.830+0000] {dagbag.py:545} INFO - Filling up the DagBag from /opt/airflow/dags/ecomm_dag.py
[2024-06-29T21:41:05.836+0000] {processor.py:840} INFO - DAG(s) 'ecomm_data_pipeline' retrieved from /opt/airflow/dags/ecomm_dag.py
[2024-06-29T21:41:05.849+0000] {logging_mixin.py:188} INFO - [2024-06-29T21:41:05.849+0000] {dag.py:3096} INFO - Sync 1 DAGs
[2024-06-29T21:41:05.858+0000] {logging_mixin.py:188} INFO - [2024-06-29T21:41:05.858+0000] {dag.py:3954} INFO - Setting next_dagrun for ecomm_data_pipeline to 2023-01-02 00:00:00+00:00, run_after=2023-01-02 00:10:00+00:00
[2024-06-29T21:41:05.864+0000] {processor.py:183} INFO - Processing /opt/airflow/dags/ecomm_dag.py took 0.038 seconds
[2024-06-29T21:48:50.625+0000] {processor.py:161} INFO - Started process (PID=28) to work on /opt/airflow/dags/ecomm_dag.py
[2024-06-29T21:48:50.626+0000] {processor.py:830} INFO - Processing file /opt/airflow/dags/ecomm_dag.py for tasks to queue
[2024-06-29T21:48:50.627+0000] {logging_mixin.py:188} INFO - [2024-06-29T21:48:50.626+0000] {dagbag.py:545} INFO - Filling up the DagBag from /opt/airflow/dags/ecomm_dag.py
[2024-06-29T21:48:50.640+0000] {processor.py:840} INFO - DAG(s) 'ecomm_data_pipeline' retrieved from /opt/airflow/dags/ecomm_dag.py
[2024-06-29T21:48:50.733+0000] {logging_mixin.py:188} INFO - [2024-06-29T21:48:50.733+0000] {override.py:1829} INFO - Created Permission View: can delete on DAG:ecomm_data_pipeline
[2024-06-29T21:48:50.735+0000] {logging_mixin.py:188} INFO - [2024-06-29T21:48:50.735+0000] {override.py:1829} INFO - Created Permission View: can edit on DAG:ecomm_data_pipeline
[2024-06-29T21:48:50.737+0000] {logging_mixin.py:188} INFO - [2024-06-29T21:48:50.737+0000] {override.py:1829} INFO - Created Permission View: can read on DAG:ecomm_data_pipeline
[2024-06-29T21:48:50.737+0000] {logging_mixin.py:188} INFO - [2024-06-29T21:48:50.737+0000] {dag.py:3096} INFO - Sync 1 DAGs
[2024-06-29T21:48:50.741+0000] {logging_mixin.py:188} INFO - [2024-06-29T21:48:50.741+0000] {dag.py:3118} INFO - Creating ORM DAG for ecomm_data_pipeline
[2024-06-29T21:48:50.744+0000] {logging_mixin.py:188} INFO - [2024-06-29T21:48:50.744+0000] {dag.py:3954} INFO - Setting next_dagrun for ecomm_data_pipeline to 2023-01-01 00:00:00+00:00, run_after=2023-01-01 00:10:00+00:00
[2024-06-29T21:48:50.749+0000] {processor.py:183} INFO - Processing /opt/airflow/dags/ecomm_dag.py took 0.127 seconds
[2024-06-29T21:49:20.844+0000] {processor.py:161} INFO - Started process (PID=260) to work on /opt/airflow/dags/ecomm_dag.py
[2024-06-29T21:49:20.847+0000] {processor.py:830} INFO - Processing file /opt/airflow/dags/ecomm_dag.py for tasks to queue
[2024-06-29T21:49:20.848+0000] {logging_mixin.py:188} INFO - [2024-06-29T21:49:20.848+0000] {dagbag.py:545} INFO - Filling up the DagBag from /opt/airflow/dags/ecomm_dag.py
[2024-06-29T21:49:20.859+0000] {processor.py:840} INFO - DAG(s) 'ecomm_data_pipeline' retrieved from /opt/airflow/dags/ecomm_dag.py
[2024-06-29T21:49:20.871+0000] {logging_mixin.py:188} INFO - [2024-06-29T21:49:20.871+0000] {dag.py:3096} INFO - Sync 1 DAGs
[2024-06-29T21:49:20.879+0000] {logging_mixin.py:188} INFO - [2024-06-29T21:49:20.879+0000] {dag.py:3954} INFO - Setting next_dagrun for ecomm_data_pipeline to 2023-01-01 02:40:00+00:00, run_after=2023-01-01 02:50:00+00:00
[2024-06-29T21:49:20.886+0000] {processor.py:183} INFO - Processing /opt/airflow/dags/ecomm_dag.py took 0.045 seconds
[2024-06-29T21:49:51.026+0000] {processor.py:161} INFO - Started process (PID=482) to work on /opt/airflow/dags/ecomm_dag.py
[2024-06-29T21:49:51.026+0000] {processor.py:830} INFO - Processing file /opt/airflow/dags/ecomm_dag.py for tasks to queue
[2024-06-29T21:49:51.027+0000] {logging_mixin.py:188} INFO - [2024-06-29T21:49:51.027+0000] {dagbag.py:545} INFO - Filling up the DagBag from /opt/airflow/dags/ecomm_dag.py
[2024-06-29T21:49:51.032+0000] {processor.py:840} INFO - DAG(s) 'ecomm_data_pipeline' retrieved from /opt/airflow/dags/ecomm_dag.py
[2024-06-29T21:49:51.043+0000] {logging_mixin.py:188} INFO - [2024-06-29T21:49:51.043+0000] {dag.py:3096} INFO - Sync 1 DAGs
[2024-06-29T21:49:51.050+0000] {logging_mixin.py:188} INFO - [2024-06-29T21:49:51.050+0000] {dag.py:3954} INFO - Setting next_dagrun for ecomm_data_pipeline to 2023-01-01 05:20:00+00:00, run_after=2023-01-01 05:30:00+00:00
[2024-06-29T21:49:51.056+0000] {processor.py:183} INFO - Processing /opt/airflow/dags/ecomm_dag.py took 0.032 seconds
[2024-06-29T21:50:21.214+0000] {processor.py:161} INFO - Started process (PID=715) to work on /opt/airflow/dags/ecomm_dag.py
[2024-06-29T21:50:21.214+0000] {processor.py:830} INFO - Processing file /opt/airflow/dags/ecomm_dag.py for tasks to queue
[2024-06-29T21:50:21.215+0000] {logging_mixin.py:188} INFO - [2024-06-29T21:50:21.214+0000] {dagbag.py:545} INFO - Filling up the DagBag from /opt/airflow/dags/ecomm_dag.py
[2024-06-29T21:50:21.220+0000] {processor.py:840} INFO - DAG(s) 'ecomm_data_pipeline' retrieved from /opt/airflow/dags/ecomm_dag.py
[2024-06-29T21:50:21.232+0000] {logging_mixin.py:188} INFO - [2024-06-29T21:50:21.232+0000] {dag.py:3096} INFO - Sync 1 DAGs
[2024-06-29T21:50:21.241+0000] {logging_mixin.py:188} INFO - [2024-06-29T21:50:21.241+0000] {dag.py:3954} INFO - Setting next_dagrun for ecomm_data_pipeline to 2023-01-01 08:00:00+00:00, run_after=2023-01-01 08:10:00+00:00
[2024-06-29T21:50:21.248+0000] {processor.py:183} INFO - Processing /opt/airflow/dags/ecomm_dag.py took 0.037 seconds
[2024-06-29T22:00:23.044+0000] {processor.py:161} INFO - Started process (PID=28) to work on /opt/airflow/dags/ecomm_dag.py
[2024-06-29T22:00:23.044+0000] {processor.py:830} INFO - Processing file /opt/airflow/dags/ecomm_dag.py for tasks to queue
[2024-06-29T22:00:23.045+0000] {logging_mixin.py:188} INFO - [2024-06-29T22:00:23.045+0000] {dagbag.py:545} INFO - Filling up the DagBag from /opt/airflow/dags/ecomm_dag.py
[2024-06-29T22:00:23.058+0000] {processor.py:840} INFO - DAG(s) 'ecomm_data_pipeline' retrieved from /opt/airflow/dags/ecomm_dag.py
[2024-06-29T22:00:23.153+0000] {logging_mixin.py:188} INFO - [2024-06-29T22:00:23.153+0000] {override.py:1829} INFO - Created Permission View: can read on DAG:ecomm_data_pipeline
[2024-06-29T22:00:23.155+0000] {logging_mixin.py:188} INFO - [2024-06-29T22:00:23.155+0000] {override.py:1829} INFO - Created Permission View: can edit on DAG:ecomm_data_pipeline
[2024-06-29T22:00:23.157+0000] {logging_mixin.py:188} INFO - [2024-06-29T22:00:23.156+0000] {override.py:1829} INFO - Created Permission View: can delete on DAG:ecomm_data_pipeline
[2024-06-29T22:00:23.157+0000] {logging_mixin.py:188} INFO - [2024-06-29T22:00:23.157+0000] {dag.py:3096} INFO - Sync 1 DAGs
[2024-06-29T22:00:23.160+0000] {logging_mixin.py:188} INFO - [2024-06-29T22:00:23.160+0000] {dag.py:3118} INFO - Creating ORM DAG for ecomm_data_pipeline
[2024-06-29T22:00:23.164+0000] {logging_mixin.py:188} INFO - [2024-06-29T22:00:23.164+0000] {dag.py:3954} INFO - Setting next_dagrun for ecomm_data_pipeline to 2023-01-01 00:00:00+00:00, run_after=2023-01-01 00:10:00+00:00
[2024-06-29T22:00:23.168+0000] {processor.py:183} INFO - Processing /opt/airflow/dags/ecomm_dag.py took 0.127 seconds
[2024-06-29T22:00:53.257+0000] {processor.py:161} INFO - Started process (PID=260) to work on /opt/airflow/dags/ecomm_dag.py
[2024-06-29T22:00:53.261+0000] {processor.py:830} INFO - Processing file /opt/airflow/dags/ecomm_dag.py for tasks to queue
[2024-06-29T22:00:53.262+0000] {logging_mixin.py:188} INFO - [2024-06-29T22:00:53.261+0000] {dagbag.py:545} INFO - Filling up the DagBag from /opt/airflow/dags/ecomm_dag.py
[2024-06-29T22:00:53.273+0000] {processor.py:840} INFO - DAG(s) 'ecomm_data_pipeline' retrieved from /opt/airflow/dags/ecomm_dag.py
[2024-06-29T22:00:53.285+0000] {logging_mixin.py:188} INFO - [2024-06-29T22:00:53.285+0000] {dag.py:3096} INFO - Sync 1 DAGs
[2024-06-29T22:00:53.308+0000] {logging_mixin.py:188} INFO - [2024-06-29T22:00:53.308+0000] {dag.py:3954} INFO - Setting next_dagrun for ecomm_data_pipeline to 2023-01-01 02:40:00+00:00, run_after=2023-01-01 02:50:00+00:00
[2024-06-29T22:00:53.315+0000] {processor.py:183} INFO - Processing /opt/airflow/dags/ecomm_dag.py took 0.063 seconds
[2024-06-29T22:01:23.434+0000] {processor.py:161} INFO - Started process (PID=481) to work on /opt/airflow/dags/ecomm_dag.py
[2024-06-29T22:01:23.435+0000] {processor.py:830} INFO - Processing file /opt/airflow/dags/ecomm_dag.py for tasks to queue
[2024-06-29T22:01:23.435+0000] {logging_mixin.py:188} INFO - [2024-06-29T22:01:23.435+0000] {dagbag.py:545} INFO - Filling up the DagBag from /opt/airflow/dags/ecomm_dag.py
[2024-06-29T22:01:23.441+0000] {processor.py:840} INFO - DAG(s) 'ecomm_data_pipeline' retrieved from /opt/airflow/dags/ecomm_dag.py
[2024-06-29T22:01:23.453+0000] {logging_mixin.py:188} INFO - [2024-06-29T22:01:23.453+0000] {dag.py:3096} INFO - Sync 1 DAGs
[2024-06-29T22:01:23.461+0000] {logging_mixin.py:188} INFO - [2024-06-29T22:01:23.461+0000] {dag.py:3954} INFO - Setting next_dagrun for ecomm_data_pipeline to 2023-01-01 05:20:00+00:00, run_after=2023-01-01 05:30:00+00:00
[2024-06-29T22:01:23.467+0000] {processor.py:183} INFO - Processing /opt/airflow/dags/ecomm_dag.py took 0.036 seconds
[2024-06-29T22:01:53.664+0000] {processor.py:161} INFO - Started process (PID=728) to work on /opt/airflow/dags/ecomm_dag.py
[2024-06-29T22:01:53.665+0000] {processor.py:830} INFO - Processing file /opt/airflow/dags/ecomm_dag.py for tasks to queue
[2024-06-29T22:01:53.666+0000] {logging_mixin.py:188} INFO - [2024-06-29T22:01:53.666+0000] {dagbag.py:545} INFO - Filling up the DagBag from /opt/airflow/dags/ecomm_dag.py
[2024-06-29T22:01:53.673+0000] {processor.py:840} INFO - DAG(s) 'ecomm_data_pipeline' retrieved from /opt/airflow/dags/ecomm_dag.py
[2024-06-29T22:01:53.688+0000] {logging_mixin.py:188} INFO - [2024-06-29T22:01:53.687+0000] {dag.py:3096} INFO - Sync 1 DAGs
[2024-06-29T22:01:53.697+0000] {logging_mixin.py:188} INFO - [2024-06-29T22:01:53.697+0000] {dag.py:3954} INFO - Setting next_dagrun for ecomm_data_pipeline to 2023-01-01 08:10:00+00:00, run_after=2023-01-01 08:20:00+00:00
[2024-06-29T22:01:53.704+0000] {processor.py:183} INFO - Processing /opt/airflow/dags/ecomm_dag.py took 0.042 seconds
[2024-06-29T22:02:23.865+0000] {processor.py:161} INFO - Started process (PID=960) to work on /opt/airflow/dags/ecomm_dag.py
[2024-06-29T22:02:23.866+0000] {processor.py:830} INFO - Processing file /opt/airflow/dags/ecomm_dag.py for tasks to queue
[2024-06-29T22:02:23.867+0000] {logging_mixin.py:188} INFO - [2024-06-29T22:02:23.867+0000] {dagbag.py:545} INFO - Filling up the DagBag from /opt/airflow/dags/ecomm_dag.py
[2024-06-29T22:02:23.877+0000] {processor.py:840} INFO - DAG(s) 'ecomm_data_pipeline' retrieved from /opt/airflow/dags/ecomm_dag.py
[2024-06-29T22:02:23.894+0000] {logging_mixin.py:188} INFO - [2024-06-29T22:02:23.893+0000] {dag.py:3096} INFO - Sync 1 DAGs
[2024-06-29T22:02:23.903+0000] {logging_mixin.py:188} INFO - [2024-06-29T22:02:23.903+0000] {dag.py:3954} INFO - Setting next_dagrun for ecomm_data_pipeline to 2023-01-01 10:40:00+00:00, run_after=2023-01-01 10:50:00+00:00
[2024-06-29T22:02:23.910+0000] {processor.py:183} INFO - Processing /opt/airflow/dags/ecomm_dag.py took 0.050 seconds
[2024-06-29T22:02:54.042+0000] {processor.py:161} INFO - Started process (PID=1193) to work on /opt/airflow/dags/ecomm_dag.py
[2024-06-29T22:02:54.042+0000] {processor.py:830} INFO - Processing file /opt/airflow/dags/ecomm_dag.py for tasks to queue
[2024-06-29T22:02:54.043+0000] {logging_mixin.py:188} INFO - [2024-06-29T22:02:54.043+0000] {dagbag.py:545} INFO - Filling up the DagBag from /opt/airflow/dags/ecomm_dag.py
[2024-06-29T22:02:54.048+0000] {processor.py:840} INFO - DAG(s) 'ecomm_data_pipeline' retrieved from /opt/airflow/dags/ecomm_dag.py
[2024-06-29T22:02:54.059+0000] {logging_mixin.py:188} INFO - [2024-06-29T22:02:54.059+0000] {dag.py:3096} INFO - Sync 1 DAGs
[2024-06-29T22:02:54.067+0000] {logging_mixin.py:188} INFO - [2024-06-29T22:02:54.067+0000] {dag.py:3954} INFO - Setting next_dagrun for ecomm_data_pipeline to 2023-01-01 13:20:00+00:00, run_after=2023-01-01 13:30:00+00:00
[2024-06-29T22:02:54.073+0000] {processor.py:183} INFO - Processing /opt/airflow/dags/ecomm_dag.py took 0.033 seconds
[2024-06-29T22:03:24.271+0000] {processor.py:161} INFO - Started process (PID=1413) to work on /opt/airflow/dags/ecomm_dag.py
[2024-06-29T22:03:24.271+0000] {processor.py:830} INFO - Processing file /opt/airflow/dags/ecomm_dag.py for tasks to queue
[2024-06-29T22:03:24.272+0000] {logging_mixin.py:188} INFO - [2024-06-29T22:03:24.272+0000] {dagbag.py:545} INFO - Filling up the DagBag from /opt/airflow/dags/ecomm_dag.py
[2024-06-29T22:03:24.278+0000] {processor.py:840} INFO - DAG(s) 'ecomm_data_pipeline' retrieved from /opt/airflow/dags/ecomm_dag.py
[2024-06-29T22:03:24.290+0000] {logging_mixin.py:188} INFO - [2024-06-29T22:03:24.290+0000] {dag.py:3096} INFO - Sync 1 DAGs
[2024-06-29T22:03:24.298+0000] {logging_mixin.py:188} INFO - [2024-06-29T22:03:24.298+0000] {dag.py:3954} INFO - Setting next_dagrun for ecomm_data_pipeline to 2023-01-01 16:00:00+00:00, run_after=2023-01-01 16:10:00+00:00
[2024-06-29T22:03:24.304+0000] {processor.py:183} INFO - Processing /opt/airflow/dags/ecomm_dag.py took 0.035 seconds
[2024-06-29T22:03:54.480+0000] {processor.py:161} INFO - Started process (PID=1638) to work on /opt/airflow/dags/ecomm_dag.py
[2024-06-29T22:03:54.480+0000] {processor.py:830} INFO - Processing file /opt/airflow/dags/ecomm_dag.py for tasks to queue
[2024-06-29T22:03:54.481+0000] {logging_mixin.py:188} INFO - [2024-06-29T22:03:54.481+0000] {dagbag.py:545} INFO - Filling up the DagBag from /opt/airflow/dags/ecomm_dag.py
[2024-06-29T22:03:54.486+0000] {processor.py:840} INFO - DAG(s) 'ecomm_data_pipeline' retrieved from /opt/airflow/dags/ecomm_dag.py
[2024-06-29T22:03:54.499+0000] {logging_mixin.py:188} INFO - [2024-06-29T22:03:54.499+0000] {dag.py:3096} INFO - Sync 1 DAGs
[2024-06-29T22:03:54.507+0000] {logging_mixin.py:188} INFO - [2024-06-29T22:03:54.507+0000] {dag.py:3954} INFO - Setting next_dagrun for ecomm_data_pipeline to 2023-01-01 18:40:00+00:00, run_after=2023-01-01 18:50:00+00:00
[2024-06-29T22:03:54.513+0000] {processor.py:183} INFO - Processing /opt/airflow/dags/ecomm_dag.py took 0.036 seconds
[2024-06-29T22:04:24.664+0000] {processor.py:161} INFO - Started process (PID=1871) to work on /opt/airflow/dags/ecomm_dag.py
[2024-06-29T22:04:24.664+0000] {processor.py:830} INFO - Processing file /opt/airflow/dags/ecomm_dag.py for tasks to queue
[2024-06-29T22:04:24.665+0000] {logging_mixin.py:188} INFO - [2024-06-29T22:04:24.665+0000] {dagbag.py:545} INFO - Filling up the DagBag from /opt/airflow/dags/ecomm_dag.py
[2024-06-29T22:04:24.670+0000] {processor.py:840} INFO - DAG(s) 'ecomm_data_pipeline' retrieved from /opt/airflow/dags/ecomm_dag.py
[2024-06-29T22:04:24.682+0000] {logging_mixin.py:188} INFO - [2024-06-29T22:04:24.682+0000] {dag.py:3096} INFO - Sync 1 DAGs
[2024-06-29T22:04:24.689+0000] {logging_mixin.py:188} INFO - [2024-06-29T22:04:24.689+0000] {dag.py:3954} INFO - Setting next_dagrun for ecomm_data_pipeline to 2023-01-01 21:20:00+00:00, run_after=2023-01-01 21:30:00+00:00
[2024-06-29T22:04:24.696+0000] {processor.py:183} INFO - Processing /opt/airflow/dags/ecomm_dag.py took 0.034 seconds
[2024-06-29T22:04:54.841+0000] {processor.py:161} INFO - Started process (PID=2103) to work on /opt/airflow/dags/ecomm_dag.py
[2024-06-29T22:04:54.842+0000] {processor.py:830} INFO - Processing file /opt/airflow/dags/ecomm_dag.py for tasks to queue
[2024-06-29T22:04:54.843+0000] {logging_mixin.py:188} INFO - [2024-06-29T22:04:54.843+0000] {dagbag.py:545} INFO - Filling up the DagBag from /opt/airflow/dags/ecomm_dag.py
[2024-06-29T22:04:54.853+0000] {processor.py:840} INFO - DAG(s) 'ecomm_data_pipeline' retrieved from /opt/airflow/dags/ecomm_dag.py
[2024-06-29T22:04:54.869+0000] {logging_mixin.py:188} INFO - [2024-06-29T22:04:54.869+0000] {dag.py:3096} INFO - Sync 1 DAGs
[2024-06-29T22:04:54.878+0000] {logging_mixin.py:188} INFO - [2024-06-29T22:04:54.878+0000] {dag.py:3954} INFO - Setting next_dagrun for ecomm_data_pipeline to 2023-01-01 23:50:00+00:00, run_after=2023-01-02 00:00:00+00:00
[2024-06-29T22:04:54.884+0000] {processor.py:183} INFO - Processing /opt/airflow/dags/ecomm_dag.py took 0.048 seconds
[2024-06-29T22:05:25.026+0000] {processor.py:161} INFO - Started process (PID=2336) to work on /opt/airflow/dags/ecomm_dag.py
[2024-06-29T22:05:25.027+0000] {processor.py:830} INFO - Processing file /opt/airflow/dags/ecomm_dag.py for tasks to queue
[2024-06-29T22:05:25.029+0000] {logging_mixin.py:188} INFO - [2024-06-29T22:05:25.028+0000] {dagbag.py:545} INFO - Filling up the DagBag from /opt/airflow/dags/ecomm_dag.py
[2024-06-29T22:05:25.041+0000] {processor.py:840} INFO - DAG(s) 'ecomm_data_pipeline' retrieved from /opt/airflow/dags/ecomm_dag.py
[2024-06-29T22:05:25.061+0000] {logging_mixin.py:188} INFO - [2024-06-29T22:05:25.061+0000] {dag.py:3096} INFO - Sync 1 DAGs
[2024-06-29T22:05:25.072+0000] {logging_mixin.py:188} INFO - [2024-06-29T22:05:25.072+0000] {dag.py:3954} INFO - Setting next_dagrun for ecomm_data_pipeline to 2023-01-02 02:30:00+00:00, run_after=2023-01-02 02:40:00+00:00
[2024-06-29T22:05:25.080+0000] {processor.py:183} INFO - Processing /opt/airflow/dags/ecomm_dag.py took 0.061 seconds
[2024-06-29T22:05:55.217+0000] {processor.py:161} INFO - Started process (PID=2556) to work on /opt/airflow/dags/ecomm_dag.py
[2024-06-29T22:05:55.217+0000] {processor.py:830} INFO - Processing file /opt/airflow/dags/ecomm_dag.py for tasks to queue
[2024-06-29T22:05:55.218+0000] {logging_mixin.py:188} INFO - [2024-06-29T22:05:55.218+0000] {dagbag.py:545} INFO - Filling up the DagBag from /opt/airflow/dags/ecomm_dag.py
[2024-06-29T22:05:55.224+0000] {processor.py:840} INFO - DAG(s) 'ecomm_data_pipeline' retrieved from /opt/airflow/dags/ecomm_dag.py
[2024-06-29T22:05:55.237+0000] {logging_mixin.py:188} INFO - [2024-06-29T22:05:55.236+0000] {dag.py:3096} INFO - Sync 1 DAGs
[2024-06-29T22:05:55.245+0000] {logging_mixin.py:188} INFO - [2024-06-29T22:05:55.245+0000] {dag.py:3954} INFO - Setting next_dagrun for ecomm_data_pipeline to 2023-01-02 05:10:00+00:00, run_after=2023-01-02 05:20:00+00:00
[2024-06-29T22:05:55.252+0000] {processor.py:183} INFO - Processing /opt/airflow/dags/ecomm_dag.py took 0.037 seconds
[2024-06-29T22:06:25.423+0000] {processor.py:161} INFO - Started process (PID=2789) to work on /opt/airflow/dags/ecomm_dag.py
[2024-06-29T22:06:25.424+0000] {processor.py:830} INFO - Processing file /opt/airflow/dags/ecomm_dag.py for tasks to queue
[2024-06-29T22:06:25.424+0000] {logging_mixin.py:188} INFO - [2024-06-29T22:06:25.424+0000] {dagbag.py:545} INFO - Filling up the DagBag from /opt/airflow/dags/ecomm_dag.py
[2024-06-29T22:06:25.430+0000] {processor.py:840} INFO - DAG(s) 'ecomm_data_pipeline' retrieved from /opt/airflow/dags/ecomm_dag.py
[2024-06-29T22:06:25.441+0000] {logging_mixin.py:188} INFO - [2024-06-29T22:06:25.441+0000] {dag.py:3096} INFO - Sync 1 DAGs
[2024-06-29T22:06:25.449+0000] {logging_mixin.py:188} INFO - [2024-06-29T22:06:25.449+0000] {dag.py:3954} INFO - Setting next_dagrun for ecomm_data_pipeline to 2023-01-02 07:50:00+00:00, run_after=2023-01-02 08:00:00+00:00
[2024-06-29T22:06:25.456+0000] {processor.py:183} INFO - Processing /opt/airflow/dags/ecomm_dag.py took 0.035 seconds
[2024-06-29T22:06:55.603+0000] {processor.py:161} INFO - Started process (PID=3022) to work on /opt/airflow/dags/ecomm_dag.py
[2024-06-29T22:06:55.603+0000] {processor.py:830} INFO - Processing file /opt/airflow/dags/ecomm_dag.py for tasks to queue
[2024-06-29T22:06:55.604+0000] {logging_mixin.py:188} INFO - [2024-06-29T22:06:55.604+0000] {dagbag.py:545} INFO - Filling up the DagBag from /opt/airflow/dags/ecomm_dag.py
[2024-06-29T22:06:55.609+0000] {processor.py:840} INFO - DAG(s) 'ecomm_data_pipeline' retrieved from /opt/airflow/dags/ecomm_dag.py
[2024-06-29T22:06:55.620+0000] {logging_mixin.py:188} INFO - [2024-06-29T22:06:55.620+0000] {dag.py:3096} INFO - Sync 1 DAGs
[2024-06-29T22:06:55.628+0000] {logging_mixin.py:188} INFO - [2024-06-29T22:06:55.628+0000] {dag.py:3954} INFO - Setting next_dagrun for ecomm_data_pipeline to 2023-01-02 10:30:00+00:00, run_after=2023-01-02 10:40:00+00:00
[2024-06-29T22:06:55.634+0000] {processor.py:183} INFO - Processing /opt/airflow/dags/ecomm_dag.py took 0.033 seconds
[2024-06-29T22:07:25.832+0000] {processor.py:161} INFO - Started process (PID=3254) to work on /opt/airflow/dags/ecomm_dag.py
[2024-06-29T22:07:25.833+0000] {processor.py:830} INFO - Processing file /opt/airflow/dags/ecomm_dag.py for tasks to queue
[2024-06-29T22:07:25.834+0000] {logging_mixin.py:188} INFO - [2024-06-29T22:07:25.834+0000] {dagbag.py:545} INFO - Filling up the DagBag from /opt/airflow/dags/ecomm_dag.py
[2024-06-29T22:07:25.843+0000] {processor.py:840} INFO - DAG(s) 'ecomm_data_pipeline' retrieved from /opt/airflow/dags/ecomm_dag.py
[2024-06-29T22:07:25.859+0000] {logging_mixin.py:188} INFO - [2024-06-29T22:07:25.859+0000] {dag.py:3096} INFO - Sync 1 DAGs
[2024-06-29T22:07:25.868+0000] {logging_mixin.py:188} INFO - [2024-06-29T22:07:25.868+0000] {dag.py:3954} INFO - Setting next_dagrun for ecomm_data_pipeline to 2023-01-02 13:10:00+00:00, run_after=2023-01-02 13:20:00+00:00
[2024-06-29T22:07:25.875+0000] {processor.py:183} INFO - Processing /opt/airflow/dags/ecomm_dag.py took 0.049 seconds
[2024-06-29T22:07:56.030+0000] {processor.py:161} INFO - Started process (PID=3487) to work on /opt/airflow/dags/ecomm_dag.py
[2024-06-29T22:07:56.030+0000] {processor.py:830} INFO - Processing file /opt/airflow/dags/ecomm_dag.py for tasks to queue
[2024-06-29T22:07:56.032+0000] {logging_mixin.py:188} INFO - [2024-06-29T22:07:56.032+0000] {dagbag.py:545} INFO - Filling up the DagBag from /opt/airflow/dags/ecomm_dag.py
[2024-06-29T22:07:56.042+0000] {processor.py:840} INFO - DAG(s) 'ecomm_data_pipeline' retrieved from /opt/airflow/dags/ecomm_dag.py
[2024-06-29T22:07:56.060+0000] {logging_mixin.py:188} INFO - [2024-06-29T22:07:56.060+0000] {dag.py:3096} INFO - Sync 1 DAGs
[2024-06-29T22:07:56.069+0000] {logging_mixin.py:188} INFO - [2024-06-29T22:07:56.069+0000] {dag.py:3954} INFO - Setting next_dagrun for ecomm_data_pipeline to 2023-01-02 15:40:00+00:00, run_after=2023-01-02 15:50:00+00:00
[2024-06-29T22:07:56.076+0000] {processor.py:183} INFO - Processing /opt/airflow/dags/ecomm_dag.py took 0.051 seconds
[2024-06-29T22:08:26.213+0000] {processor.py:161} INFO - Started process (PID=3720) to work on /opt/airflow/dags/ecomm_dag.py
[2024-06-29T22:08:26.213+0000] {processor.py:830} INFO - Processing file /opt/airflow/dags/ecomm_dag.py for tasks to queue
[2024-06-29T22:08:26.214+0000] {logging_mixin.py:188} INFO - [2024-06-29T22:08:26.214+0000] {dagbag.py:545} INFO - Filling up the DagBag from /opt/airflow/dags/ecomm_dag.py
[2024-06-29T22:08:26.223+0000] {processor.py:840} INFO - DAG(s) 'ecomm_data_pipeline' retrieved from /opt/airflow/dags/ecomm_dag.py
[2024-06-29T22:08:26.238+0000] {logging_mixin.py:188} INFO - [2024-06-29T22:08:26.238+0000] {dag.py:3096} INFO - Sync 1 DAGs
[2024-06-29T22:08:26.246+0000] {logging_mixin.py:188} INFO - [2024-06-29T22:08:26.246+0000] {dag.py:3954} INFO - Setting next_dagrun for ecomm_data_pipeline to 2023-01-02 18:20:00+00:00, run_after=2023-01-02 18:30:00+00:00
[2024-06-29T22:08:26.253+0000] {processor.py:183} INFO - Processing /opt/airflow/dags/ecomm_dag.py took 0.044 seconds
[2024-06-29T22:08:56.411+0000] {processor.py:161} INFO - Started process (PID=3951) to work on /opt/airflow/dags/ecomm_dag.py
[2024-06-29T22:08:56.412+0000] {processor.py:830} INFO - Processing file /opt/airflow/dags/ecomm_dag.py for tasks to queue
[2024-06-29T22:08:56.413+0000] {logging_mixin.py:188} INFO - [2024-06-29T22:08:56.412+0000] {dagbag.py:545} INFO - Filling up the DagBag from /opt/airflow/dags/ecomm_dag.py
[2024-06-29T22:08:56.419+0000] {processor.py:840} INFO - DAG(s) 'ecomm_data_pipeline' retrieved from /opt/airflow/dags/ecomm_dag.py
[2024-06-29T22:08:56.430+0000] {logging_mixin.py:188} INFO - [2024-06-29T22:08:56.430+0000] {dag.py:3096} INFO - Sync 1 DAGs
[2024-06-29T22:08:56.438+0000] {logging_mixin.py:188} INFO - [2024-06-29T22:08:56.438+0000] {dag.py:3954} INFO - Setting next_dagrun for ecomm_data_pipeline to 2023-01-02 21:00:00+00:00, run_after=2023-01-02 21:10:00+00:00
[2024-06-29T22:08:56.445+0000] {processor.py:183} INFO - Processing /opt/airflow/dags/ecomm_dag.py took 0.036 seconds
[2024-06-29T22:09:26.601+0000] {processor.py:161} INFO - Started process (PID=4186) to work on /opt/airflow/dags/ecomm_dag.py
[2024-06-29T22:09:26.602+0000] {processor.py:830} INFO - Processing file /opt/airflow/dags/ecomm_dag.py for tasks to queue
[2024-06-29T22:09:26.602+0000] {logging_mixin.py:188} INFO - [2024-06-29T22:09:26.602+0000] {dagbag.py:545} INFO - Filling up the DagBag from /opt/airflow/dags/ecomm_dag.py
[2024-06-29T22:09:26.607+0000] {processor.py:840} INFO - DAG(s) 'ecomm_data_pipeline' retrieved from /opt/airflow/dags/ecomm_dag.py
[2024-06-29T22:09:26.619+0000] {logging_mixin.py:188} INFO - [2024-06-29T22:09:26.618+0000] {dag.py:3096} INFO - Sync 1 DAGs
[2024-06-29T22:09:26.626+0000] {logging_mixin.py:188} INFO - [2024-06-29T22:09:26.626+0000] {dag.py:3954} INFO - Setting next_dagrun for ecomm_data_pipeline to 2023-01-02 23:40:00+00:00, run_after=2023-01-02 23:50:00+00:00
[2024-06-29T22:09:26.632+0000] {processor.py:183} INFO - Processing /opt/airflow/dags/ecomm_dag.py took 0.033 seconds
[2024-06-29T22:09:56.809+0000] {processor.py:161} INFO - Started process (PID=4418) to work on /opt/airflow/dags/ecomm_dag.py
[2024-06-29T22:09:56.810+0000] {processor.py:830} INFO - Processing file /opt/airflow/dags/ecomm_dag.py for tasks to queue
[2024-06-29T22:09:56.810+0000] {logging_mixin.py:188} INFO - [2024-06-29T22:09:56.810+0000] {dagbag.py:545} INFO - Filling up the DagBag from /opt/airflow/dags/ecomm_dag.py
[2024-06-29T22:09:56.815+0000] {processor.py:840} INFO - DAG(s) 'ecomm_data_pipeline' retrieved from /opt/airflow/dags/ecomm_dag.py
[2024-06-29T22:09:56.827+0000] {logging_mixin.py:188} INFO - [2024-06-29T22:09:56.827+0000] {dag.py:3096} INFO - Sync 1 DAGs
[2024-06-29T22:09:56.834+0000] {logging_mixin.py:188} INFO - [2024-06-29T22:09:56.834+0000] {dag.py:3954} INFO - Setting next_dagrun for ecomm_data_pipeline to 2023-01-03 02:20:00+00:00, run_after=2023-01-03 02:30:00+00:00
[2024-06-29T22:09:56.840+0000] {processor.py:183} INFO - Processing /opt/airflow/dags/ecomm_dag.py took 0.033 seconds
[2024-06-29T22:10:26.994+0000] {processor.py:161} INFO - Started process (PID=4639) to work on /opt/airflow/dags/ecomm_dag.py
[2024-06-29T22:10:26.994+0000] {processor.py:830} INFO - Processing file /opt/airflow/dags/ecomm_dag.py for tasks to queue
[2024-06-29T22:10:26.995+0000] {logging_mixin.py:188} INFO - [2024-06-29T22:10:26.995+0000] {dagbag.py:545} INFO - Filling up the DagBag from /opt/airflow/dags/ecomm_dag.py
[2024-06-29T22:10:27.002+0000] {processor.py:840} INFO - DAG(s) 'ecomm_data_pipeline' retrieved from /opt/airflow/dags/ecomm_dag.py
[2024-06-29T22:10:27.018+0000] {logging_mixin.py:188} INFO - [2024-06-29T22:10:27.017+0000] {dag.py:3096} INFO - Sync 1 DAGs
[2024-06-29T22:10:27.028+0000] {logging_mixin.py:188} INFO - [2024-06-29T22:10:27.028+0000] {dag.py:3954} INFO - Setting next_dagrun for ecomm_data_pipeline to 2023-01-03 05:00:00+00:00, run_after=2023-01-03 05:10:00+00:00
[2024-06-29T22:10:27.036+0000] {processor.py:183} INFO - Processing /opt/airflow/dags/ecomm_dag.py took 0.045 seconds
