[2024-07-02T22:55:08.908+0000] {taskinstance.py:1103} INFO - Dependencies all met for dep_context=non-requeueable deps ti=<TaskInstance: ecomm_data_pipeline.generate_data scheduled__2024-07-02T01:50:00+00:00 [queued]>
[2024-07-02T22:55:08.911+0000] {taskinstance.py:1103} INFO - Dependencies all met for dep_context=requeueable deps ti=<TaskInstance: ecomm_data_pipeline.generate_data scheduled__2024-07-02T01:50:00+00:00 [queued]>
[2024-07-02T22:55:08.911+0000] {taskinstance.py:1308} INFO - Starting attempt 1 of 2
[2024-07-02T22:55:08.916+0000] {taskinstance.py:1327} INFO - Executing <Task(PythonOperator): generate_data> on 2024-07-02 01:50:00+00:00
[2024-07-02T22:55:08.917+0000] {standard_task_runner.py:57} INFO - Started process 54 to run task
[2024-07-02T22:55:08.918+0000] {standard_task_runner.py:84} INFO - Running: ['airflow', 'tasks', 'run', 'ecomm_data_pipeline', 'generate_data', 'scheduled__2024-07-02T01:50:00+00:00', '--job-id', '67', '--raw', '--subdir', 'DAGS_FOLDER/ecomm_dag.py', '--cfg-path', '/tmp/tmpzka6hhlj']
[2024-07-02T22:55:08.919+0000] {standard_task_runner.py:85} INFO - Job 67: Subtask generate_data
[2024-07-02T22:55:08.938+0000] {task_command.py:410} INFO - Running <TaskInstance: ecomm_data_pipeline.generate_data scheduled__2024-07-02T01:50:00+00:00 [running]> on host 5b8fb0180af8
[2024-07-02T22:55:08.971+0000] {taskinstance.py:1545} INFO - Exporting env vars: AIRFLOW_CTX_DAG_OWNER='airflow' AIRFLOW_CTX_DAG_ID='ecomm_data_pipeline' AIRFLOW_CTX_TASK_ID='generate_data' AIRFLOW_CTX_EXECUTION_DATE='2024-07-02T01:50:00+00:00' AIRFLOW_CTX_TRY_NUMBER='1' AIRFLOW_CTX_DAG_RUN_ID='scheduled__2024-07-02T01:50:00+00:00'
[2024-07-02T22:55:09.193+0000] {local_task_job_runner.py:225} INFO - Task exited with return code 1
[2024-07-02T22:55:09.202+0000] {taskinstance.py:2651} INFO - 0 downstream tasks scheduled from follow-on schedule check
[2024-07-03T00:11:04.851+0000] {taskinstance.py:1103} INFO - Dependencies all met for dep_context=non-requeueable deps ti=<TaskInstance: ecomm_data_pipeline.generate_data scheduled__2024-07-02T01:50:00+00:00 [queued]>
[2024-07-03T00:11:04.854+0000] {taskinstance.py:1103} INFO - Dependencies all met for dep_context=requeueable deps ti=<TaskInstance: ecomm_data_pipeline.generate_data scheduled__2024-07-02T01:50:00+00:00 [queued]>
[2024-07-03T00:11:04.854+0000] {taskinstance.py:1308} INFO - Starting attempt 1 of 2
[2024-07-03T00:11:04.858+0000] {taskinstance.py:1327} INFO - Executing <Task(PythonOperator): generate_data> on 2024-07-02 01:50:00+00:00
[2024-07-03T00:11:04.860+0000] {standard_task_runner.py:57} INFO - Started process 176 to run task
[2024-07-03T00:11:04.861+0000] {standard_task_runner.py:84} INFO - Running: ['airflow', 'tasks', 'run', 'ecomm_data_pipeline', 'generate_data', 'scheduled__2024-07-02T01:50:00+00:00', '--job-id', '148', '--raw', '--subdir', 'DAGS_FOLDER/ecomm_dag.py', '--cfg-path', '/tmp/tmplmo731b0']
[2024-07-03T00:11:04.862+0000] {standard_task_runner.py:85} INFO - Job 148: Subtask generate_data
[2024-07-03T00:11:04.881+0000] {task_command.py:410} INFO - Running <TaskInstance: ecomm_data_pipeline.generate_data scheduled__2024-07-02T01:50:00+00:00 [running]> on host a91436ab9950
[2024-07-03T00:11:04.917+0000] {taskinstance.py:1545} INFO - Exporting env vars: AIRFLOW_CTX_DAG_OWNER='airflow' AIRFLOW_CTX_DAG_ID='ecomm_data_pipeline' AIRFLOW_CTX_TASK_ID='generate_data' AIRFLOW_CTX_EXECUTION_DATE='2024-07-02T01:50:00+00:00' AIRFLOW_CTX_TRY_NUMBER='1' AIRFLOW_CTX_DAG_RUN_ID='scheduled__2024-07-02T01:50:00+00:00'
[2024-07-03T00:11:04.917+0000] {logging_mixin.py:149} INFO - Running data generation script...
[2024-07-03T00:11:05.337+0000] {logging_mixin.py:149} INFO - 2024-07-03 00:11:05,090 - INFO - Generating fake user data...
2024-07-03 00:11:05,156 - INFO - Generated 264 users.
2024-07-03 00:11:05,156 - INFO - Generating fake clickstream events...
2024-07-03 00:11:05,157 - INFO - Generated 82 clickstream events.
2024-07-03 00:11:05,157 - INFO - Generating fake transaction data...
2024-07-03 00:11:05,158 - INFO - Generated 63 transaction data records.
2024-07-03 00:11:05,158 - INFO - Generating fake Google Search marketing data...
2024-07-03 00:11:05,172 - INFO - Generated 1000 Google Search marketing data records.
2024-07-03 00:11:05,172 - INFO - Generating fake Email Marketing data...
2024-07-03 00:11:05,282 - INFO - Generated 1000 Email Marketing data records.
2024-07-03 00:11:05,282 - INFO - Generating fake Facebook data...
2024-07-03 00:11:05,298 - INFO - Generated 1000 Facebook data records.
2024-07-03 00:11:05,298 - INFO - Writing generated data to JSON files...
2024-07-03 00:11:05,330 - INFO - Data generation complete. Sleeping for 10 minutes...
[2024-07-03T00:11:05.337+0000] {python.py:183} INFO - Done. Returned value was: None
[2024-07-03T00:11:05.343+0000] {taskinstance.py:1345} INFO - Marking task as SUCCESS. dag_id=ecomm_data_pipeline, task_id=generate_data, execution_date=20240702T015000, start_date=20240703T001104, end_date=20240703T001105
[2024-07-03T00:11:05.369+0000] {local_task_job_runner.py:225} INFO - Task exited with return code 0
[2024-07-03T00:11:05.380+0000] {taskinstance.py:2651} INFO - 6 downstream tasks scheduled from follow-on schedule check
