[2024-06-27T22:34:56.134+0000] {local_task_job_runner.py:120} INFO - ::group::Pre task execution logs
[2024-06-27T22:34:56.144+0000] {taskinstance.py:2076} INFO - Dependencies all met for dep_context=non-requeueable deps ti=<TaskInstance: ecomm_data_pipeline.generate_and_insert_data scheduled__2023-01-01T09:20:00+00:00 [queued]>
[2024-06-27T22:34:56.147+0000] {taskinstance.py:2076} INFO - Dependencies all met for dep_context=requeueable deps ti=<TaskInstance: ecomm_data_pipeline.generate_and_insert_data scheduled__2023-01-01T09:20:00+00:00 [queued]>
[2024-06-27T22:34:56.147+0000] {taskinstance.py:2306} INFO - Starting attempt 1 of 2
[2024-06-27T22:34:56.151+0000] {taskinstance.py:2330} INFO - Executing <Task(PythonOperator): generate_and_insert_data> on 2023-01-01 09:20:00+00:00
[2024-06-27T22:34:56.153+0000] {standard_task_runner.py:63} INFO - Started process 1088 to run task
[2024-06-27T22:34:56.154+0000] {standard_task_runner.py:90} INFO - Running: ['airflow', 'tasks', 'run', 'ecomm_data_pipeline', 'generate_and_insert_data', 'scheduled__2023-01-01T09:20:00+00:00', '--job-id', '75', '--raw', '--subdir', 'DAGS_FOLDER/ecomm_dag.py', '--cfg-path', '/tmp/tmpt82dt__s']
[2024-06-27T22:34:56.155+0000] {standard_task_runner.py:91} INFO - Job 75: Subtask generate_and_insert_data
[2024-06-27T22:34:56.171+0000] {task_command.py:426} INFO - Running <TaskInstance: ecomm_data_pipeline.generate_and_insert_data scheduled__2023-01-01T09:20:00+00:00 [running]> on host 9174587f6b1d
[2024-06-27T22:34:56.200+0000] {taskinstance.py:2648} INFO - Exporting env vars: AIRFLOW_CTX_DAG_OWNER='airflow' AIRFLOW_CTX_DAG_ID='ecomm_data_pipeline' AIRFLOW_CTX_TASK_ID='generate_and_insert_data' AIRFLOW_CTX_EXECUTION_DATE='2023-01-01T09:20:00+00:00' AIRFLOW_CTX_TRY_NUMBER='1' AIRFLOW_CTX_DAG_RUN_ID='scheduled__2023-01-01T09:20:00+00:00'
[2024-06-27T22:34:56.201+0000] {taskinstance.py:430} INFO - ::endgroup::
[2024-06-27T22:34:56.234+0000] {logging_mixin.py:188} INFO - Error in generate_and_insert_data: Command '['python3', './generator/ecomm_generator.py']' returned non-zero exit status 2.
[2024-06-27T22:34:56.234+0000] {python.py:237} INFO - Done. Returned value was: None
[2024-06-27T22:34:56.235+0000] {taskinstance.py:441} INFO - ::group::Post task execution logs
[2024-06-27T22:34:56.239+0000] {taskinstance.py:1206} INFO - Marking task as SUCCESS. dag_id=ecomm_data_pipeline, task_id=generate_and_insert_data, run_id=scheduled__2023-01-01T09:20:00+00:00, execution_date=20230101T092000, start_date=20240627T223456, end_date=20240627T223456
[2024-06-27T22:34:56.253+0000] {local_task_job_runner.py:240} INFO - Task exited with return code 0
[2024-06-27T22:34:56.259+0000] {taskinstance.py:3503} INFO - 0 downstream tasks scheduled from follow-on schedule check
[2024-06-27T22:34:56.259+0000] {local_task_job_runner.py:222} INFO - ::endgroup::
[2024-06-28T18:15:55.208+0000] {local_task_job_runner.py:120} INFO - ::group::Pre task execution logs
[2024-06-28T18:15:55.219+0000] {taskinstance.py:2076} INFO - Dependencies all met for dep_context=non-requeueable deps ti=<TaskInstance: ecomm_data_pipeline.generate_and_insert_data scheduled__2023-01-01T09:20:00+00:00 [queued]>
[2024-06-28T18:15:55.222+0000] {taskinstance.py:2076} INFO - Dependencies all met for dep_context=requeueable deps ti=<TaskInstance: ecomm_data_pipeline.generate_and_insert_data scheduled__2023-01-01T09:20:00+00:00 [queued]>
[2024-06-28T18:15:55.222+0000] {taskinstance.py:2306} INFO - Starting attempt 1 of 2
[2024-06-28T18:15:55.227+0000] {taskinstance.py:2330} INFO - Executing <Task(PythonOperator): generate_and_insert_data> on 2023-01-01 09:20:00+00:00
[2024-06-28T18:15:55.228+0000] {standard_task_runner.py:63} INFO - Started process 1618 to run task
[2024-06-28T18:15:55.230+0000] {standard_task_runner.py:90} INFO - Running: ['airflow', 'tasks', 'run', 'ecomm_data_pipeline', 'generate_and_insert_data', 'scheduled__2023-01-01T09:20:00+00:00', '--job-id', '115', '--raw', '--subdir', 'DAGS_FOLDER/ecomm_dag.py', '--cfg-path', '/tmp/tmp9x6pq9sb']
[2024-06-28T18:15:55.230+0000] {standard_task_runner.py:91} INFO - Job 115: Subtask generate_and_insert_data
[2024-06-28T18:15:55.248+0000] {task_command.py:426} INFO - Running <TaskInstance: ecomm_data_pipeline.generate_and_insert_data scheduled__2023-01-01T09:20:00+00:00 [running]> on host 08cefd381a1f
[2024-06-28T18:15:55.279+0000] {taskinstance.py:2648} INFO - Exporting env vars: AIRFLOW_CTX_DAG_OWNER='airflow' AIRFLOW_CTX_DAG_ID='ecomm_data_pipeline' AIRFLOW_CTX_TASK_ID='generate_and_insert_data' AIRFLOW_CTX_EXECUTION_DATE='2023-01-01T09:20:00+00:00' AIRFLOW_CTX_TRY_NUMBER='1' AIRFLOW_CTX_DAG_RUN_ID='scheduled__2023-01-01T09:20:00+00:00'
[2024-06-28T18:15:55.279+0000] {taskinstance.py:430} INFO - ::endgroup::
[2024-06-28T18:15:55.340+0000] {logging_mixin.py:188} INFO - Error in generate_and_insert_data: Command '['python3', '/opt/airflow/generator/ecomm_generator.py']' returned non-zero exit status 1.
[2024-06-28T18:15:55.340+0000] {logging_mixin.py:188} INFO - stdout: 
[2024-06-28T18:15:55.340+0000] {logging_mixin.py:188} INFO - stderr: Traceback (most recent call last):
  File "/opt/airflow/generator/ecomm_generator.py", line 4, in <module>
    from faker import Faker
ModuleNotFoundError: No module named 'faker'
[2024-06-28T18:15:55.340+0000] {python.py:237} INFO - Done. Returned value was: None
[2024-06-28T18:15:55.341+0000] {taskinstance.py:441} INFO - ::group::Post task execution logs
[2024-06-28T18:15:55.346+0000] {taskinstance.py:1206} INFO - Marking task as SUCCESS. dag_id=ecomm_data_pipeline, task_id=generate_and_insert_data, run_id=scheduled__2023-01-01T09:20:00+00:00, execution_date=20230101T092000, start_date=20240628T181555, end_date=20240628T181555
[2024-06-28T18:15:55.376+0000] {local_task_job_runner.py:240} INFO - Task exited with return code 0
[2024-06-28T18:15:55.383+0000] {taskinstance.py:3503} INFO - 0 downstream tasks scheduled from follow-on schedule check
[2024-06-28T18:15:55.384+0000] {local_task_job_runner.py:222} INFO - ::endgroup::
[2024-06-28T18:22:25.189+0000] {local_task_job_runner.py:120} INFO - ::group::Pre task execution logs
[2024-06-28T18:22:25.199+0000] {taskinstance.py:2076} INFO - Dependencies all met for dep_context=non-requeueable deps ti=<TaskInstance: ecomm_data_pipeline.generate_and_insert_data scheduled__2023-01-01T09:20:00+00:00 [queued]>
[2024-06-28T18:22:25.201+0000] {taskinstance.py:2076} INFO - Dependencies all met for dep_context=requeueable deps ti=<TaskInstance: ecomm_data_pipeline.generate_and_insert_data scheduled__2023-01-01T09:20:00+00:00 [queued]>
[2024-06-28T18:22:25.202+0000] {taskinstance.py:2306} INFO - Starting attempt 1 of 2
[2024-06-28T18:22:25.206+0000] {taskinstance.py:2330} INFO - Executing <Task(PythonOperator): generate_and_insert_data> on 2023-01-01 09:20:00+00:00
[2024-06-28T18:22:25.208+0000] {standard_task_runner.py:63} INFO - Started process 1140 to run task
[2024-06-28T18:22:25.210+0000] {standard_task_runner.py:90} INFO - Running: ['airflow', 'tasks', 'run', 'ecomm_data_pipeline', 'generate_and_insert_data', 'scheduled__2023-01-01T09:20:00+00:00', '--job-id', '79', '--raw', '--subdir', 'DAGS_FOLDER/ecomm_dag.py', '--cfg-path', '/tmp/tmpgqr7_1be']
[2024-06-28T18:22:25.211+0000] {standard_task_runner.py:91} INFO - Job 79: Subtask generate_and_insert_data
[2024-06-28T18:22:25.229+0000] {task_command.py:426} INFO - Running <TaskInstance: ecomm_data_pipeline.generate_and_insert_data scheduled__2023-01-01T09:20:00+00:00 [running]> on host 6570e5857071
[2024-06-28T18:22:25.259+0000] {taskinstance.py:2648} INFO - Exporting env vars: AIRFLOW_CTX_DAG_OWNER='airflow' AIRFLOW_CTX_DAG_ID='ecomm_data_pipeline' AIRFLOW_CTX_TASK_ID='generate_and_insert_data' AIRFLOW_CTX_EXECUTION_DATE='2023-01-01T09:20:00+00:00' AIRFLOW_CTX_TRY_NUMBER='1' AIRFLOW_CTX_DAG_RUN_ID='scheduled__2023-01-01T09:20:00+00:00'
[2024-06-28T18:22:25.260+0000] {taskinstance.py:430} INFO - ::endgroup::
[2024-06-28T18:22:25.317+0000] {logging_mixin.py:188} INFO - Error in generate_and_insert_data: Command '['python3', '/opt/airflow/generator/ecomm_generator.py']' returned non-zero exit status 1.
[2024-06-28T18:22:25.317+0000] {logging_mixin.py:188} INFO - stdout: 
[2024-06-28T18:22:25.318+0000] {logging_mixin.py:188} INFO - stderr: Traceback (most recent call last):
  File "/opt/airflow/generator/ecomm_generator.py", line 4, in <module>
    from faker import Faker
ModuleNotFoundError: No module named 'faker'
[2024-06-28T18:22:25.318+0000] {python.py:237} INFO - Done. Returned value was: None
[2024-06-28T18:22:25.318+0000] {taskinstance.py:441} INFO - ::group::Post task execution logs
[2024-06-28T18:22:25.323+0000] {taskinstance.py:1206} INFO - Marking task as SUCCESS. dag_id=ecomm_data_pipeline, task_id=generate_and_insert_data, run_id=scheduled__2023-01-01T09:20:00+00:00, execution_date=20230101T092000, start_date=20240628T182225, end_date=20240628T182225
[2024-06-28T18:22:25.362+0000] {local_task_job_runner.py:240} INFO - Task exited with return code 0
[2024-06-28T18:22:25.369+0000] {taskinstance.py:3503} INFO - 0 downstream tasks scheduled from follow-on schedule check
[2024-06-28T18:22:25.369+0000] {local_task_job_runner.py:222} INFO - ::endgroup::
[2024-06-29T21:38:22.148+0000] {local_task_job_runner.py:120} INFO - ::group::Pre task execution logs
[2024-06-29T21:38:22.158+0000] {taskinstance.py:2076} INFO - Dependencies all met for dep_context=non-requeueable deps ti=<TaskInstance: ecomm_data_pipeline.generate_and_insert_data scheduled__2023-01-01T09:20:00+00:00 [queued]>
[2024-06-29T21:38:22.160+0000] {taskinstance.py:2076} INFO - Dependencies all met for dep_context=requeueable deps ti=<TaskInstance: ecomm_data_pipeline.generate_and_insert_data scheduled__2023-01-01T09:20:00+00:00 [queued]>
[2024-06-29T21:38:22.160+0000] {taskinstance.py:2306} INFO - Starting attempt 1 of 2
[2024-06-29T21:38:22.165+0000] {taskinstance.py:2330} INFO - Executing <Task(PythonOperator): generate_and_insert_data> on 2023-01-01 09:20:00+00:00
[2024-06-29T21:38:22.166+0000] {standard_task_runner.py:63} INFO - Started process 852 to run task
[2024-06-29T21:38:22.168+0000] {standard_task_runner.py:90} INFO - Running: ['airflow', 'tasks', 'run', 'ecomm_data_pipeline', 'generate_and_insert_data', 'scheduled__2023-01-01T09:20:00+00:00', '--job-id', '58', '--raw', '--subdir', 'DAGS_FOLDER/ecomm_dag.py', '--cfg-path', '/tmp/tmpqfhs0u_c']
[2024-06-29T21:38:22.168+0000] {standard_task_runner.py:91} INFO - Job 58: Subtask generate_and_insert_data
[2024-06-29T21:38:22.185+0000] {task_command.py:426} INFO - Running <TaskInstance: ecomm_data_pipeline.generate_and_insert_data scheduled__2023-01-01T09:20:00+00:00 [running]> on host afcb6fbf9265
[2024-06-29T21:38:22.213+0000] {taskinstance.py:2648} INFO - Exporting env vars: AIRFLOW_CTX_DAG_OWNER='airflow' AIRFLOW_CTX_DAG_ID='ecomm_data_pipeline' AIRFLOW_CTX_TASK_ID='generate_and_insert_data' AIRFLOW_CTX_EXECUTION_DATE='2023-01-01T09:20:00+00:00' AIRFLOW_CTX_TRY_NUMBER='1' AIRFLOW_CTX_DAG_RUN_ID='scheduled__2023-01-01T09:20:00+00:00'
[2024-06-29T21:38:22.213+0000] {taskinstance.py:430} INFO - ::endgroup::
[2024-06-29T21:38:22.269+0000] {logging_mixin.py:188} INFO - Error in generate_and_insert_data: Command '['python3', '/opt/airflow/generator/ecomm_generator.py']' returned non-zero exit status 1.
[2024-06-29T21:38:22.269+0000] {logging_mixin.py:188} INFO - stdout: 
[2024-06-29T21:38:22.269+0000] {logging_mixin.py:188} INFO - stderr: Traceback (most recent call last):
  File "/opt/airflow/generator/ecomm_generator.py", line 4, in <module>
    from faker import Faker
ModuleNotFoundError: No module named 'faker'
[2024-06-29T21:38:22.269+0000] {python.py:237} INFO - Done. Returned value was: None
[2024-06-29T21:38:22.270+0000] {taskinstance.py:441} INFO - ::group::Post task execution logs
[2024-06-29T21:38:22.274+0000] {taskinstance.py:1206} INFO - Marking task as SUCCESS. dag_id=ecomm_data_pipeline, task_id=generate_and_insert_data, run_id=scheduled__2023-01-01T09:20:00+00:00, execution_date=20230101T092000, start_date=20240629T213822, end_date=20240629T213822
[2024-06-29T21:38:22.317+0000] {local_task_job_runner.py:240} INFO - Task exited with return code 0
[2024-06-29T21:38:22.325+0000] {taskinstance.py:3503} INFO - 0 downstream tasks scheduled from follow-on schedule check
[2024-06-29T21:38:22.325+0000] {local_task_job_runner.py:222} INFO - ::endgroup::
[2024-06-29T21:50:39.167+0000] {local_task_job_runner.py:120} INFO - ::group::Pre task execution logs
[2024-06-29T21:50:39.176+0000] {taskinstance.py:2076} INFO - Dependencies all met for dep_context=non-requeueable deps ti=<TaskInstance: ecomm_data_pipeline.generate_and_insert_data scheduled__2023-01-01T09:20:00+00:00 [queued]>
[2024-06-29T21:50:39.178+0000] {taskinstance.py:2076} INFO - Dependencies all met for dep_context=requeueable deps ti=<TaskInstance: ecomm_data_pipeline.generate_and_insert_data scheduled__2023-01-01T09:20:00+00:00 [queued]>
[2024-06-29T21:50:39.179+0000] {taskinstance.py:2306} INFO - Starting attempt 1 of 2
[2024-06-29T21:50:39.183+0000] {taskinstance.py:2330} INFO - Executing <Task(PythonOperator): generate_and_insert_data> on 2023-01-01 09:20:00+00:00
[2024-06-29T21:50:39.184+0000] {standard_task_runner.py:63} INFO - Started process 853 to run task
[2024-06-29T21:50:39.185+0000] {standard_task_runner.py:90} INFO - Running: ['airflow', 'tasks', 'run', 'ecomm_data_pipeline', 'generate_and_insert_data', 'scheduled__2023-01-01T09:20:00+00:00', '--job-id', '58', '--raw', '--subdir', 'DAGS_FOLDER/ecomm_dag.py', '--cfg-path', '/tmp/tmp9z8qlz9z']
[2024-06-29T21:50:39.186+0000] {standard_task_runner.py:91} INFO - Job 58: Subtask generate_and_insert_data
[2024-06-29T21:50:39.203+0000] {task_command.py:426} INFO - Running <TaskInstance: ecomm_data_pipeline.generate_and_insert_data scheduled__2023-01-01T09:20:00+00:00 [running]> on host 0b7af056b90c
[2024-06-29T21:50:39.231+0000] {taskinstance.py:2648} INFO - Exporting env vars: AIRFLOW_CTX_DAG_OWNER='airflow' AIRFLOW_CTX_DAG_ID='ecomm_data_pipeline' AIRFLOW_CTX_TASK_ID='generate_and_insert_data' AIRFLOW_CTX_EXECUTION_DATE='2023-01-01T09:20:00+00:00' AIRFLOW_CTX_TRY_NUMBER='1' AIRFLOW_CTX_DAG_RUN_ID='scheduled__2023-01-01T09:20:00+00:00'
[2024-06-29T21:50:39.231+0000] {taskinstance.py:430} INFO - ::endgroup::
[2024-06-29T21:50:39.287+0000] {logging_mixin.py:188} INFO - Error in generate_and_insert_data: Command '['python3', '/opt/airflow/generator/ecomm_generator.py']' returned non-zero exit status 1.
[2024-06-29T21:50:39.287+0000] {logging_mixin.py:188} INFO - stdout: 
[2024-06-29T21:50:39.288+0000] {logging_mixin.py:188} INFO - stderr: Traceback (most recent call last):
  File "/opt/airflow/generator/ecomm_generator.py", line 4, in <module>
    from faker import Faker
ModuleNotFoundError: No module named 'faker'
[2024-06-29T21:50:39.288+0000] {python.py:237} INFO - Done. Returned value was: None
[2024-06-29T21:50:39.288+0000] {taskinstance.py:441} INFO - ::group::Post task execution logs
[2024-06-29T21:50:39.293+0000] {taskinstance.py:1206} INFO - Marking task as SUCCESS. dag_id=ecomm_data_pipeline, task_id=generate_and_insert_data, run_id=scheduled__2023-01-01T09:20:00+00:00, execution_date=20230101T092000, start_date=20240629T215039, end_date=20240629T215039
[2024-06-29T21:50:39.330+0000] {local_task_job_runner.py:240} INFO - Task exited with return code 0
[2024-06-29T21:50:39.336+0000] {taskinstance.py:3503} INFO - 0 downstream tasks scheduled from follow-on schedule check
[2024-06-29T21:50:39.337+0000] {local_task_job_runner.py:222} INFO - ::endgroup::
[2024-06-29T22:02:10.238+0000] {local_task_job_runner.py:120} INFO - ::group::Pre task execution logs
[2024-06-29T22:02:10.248+0000] {taskinstance.py:2076} INFO - Dependencies all met for dep_context=non-requeueable deps ti=<TaskInstance: ecomm_data_pipeline.generate_and_insert_data scheduled__2023-01-01T09:20:00+00:00 [queued]>
[2024-06-29T22:02:10.251+0000] {taskinstance.py:2076} INFO - Dependencies all met for dep_context=requeueable deps ti=<TaskInstance: ecomm_data_pipeline.generate_and_insert_data scheduled__2023-01-01T09:20:00+00:00 [queued]>
[2024-06-29T22:02:10.251+0000] {taskinstance.py:2306} INFO - Starting attempt 1 of 2
[2024-06-29T22:02:10.255+0000] {taskinstance.py:2330} INFO - Executing <Task(PythonOperator): generate_and_insert_data> on 2023-01-01 09:20:00+00:00
[2024-06-29T22:02:10.257+0000] {standard_task_runner.py:63} INFO - Started process 852 to run task
[2024-06-29T22:02:10.258+0000] {standard_task_runner.py:90} INFO - Running: ['airflow', 'tasks', 'run', 'ecomm_data_pipeline', 'generate_and_insert_data', 'scheduled__2023-01-01T09:20:00+00:00', '--job-id', '58', '--raw', '--subdir', 'DAGS_FOLDER/ecomm_dag.py', '--cfg-path', '/tmp/tmp4375j3tb']
[2024-06-29T22:02:10.259+0000] {standard_task_runner.py:91} INFO - Job 58: Subtask generate_and_insert_data
[2024-06-29T22:02:10.276+0000] {task_command.py:426} INFO - Running <TaskInstance: ecomm_data_pipeline.generate_and_insert_data scheduled__2023-01-01T09:20:00+00:00 [running]> on host 799998b0d26e
[2024-06-29T22:02:10.304+0000] {taskinstance.py:2648} INFO - Exporting env vars: AIRFLOW_CTX_DAG_OWNER='airflow' AIRFLOW_CTX_DAG_ID='ecomm_data_pipeline' AIRFLOW_CTX_TASK_ID='generate_and_insert_data' AIRFLOW_CTX_EXECUTION_DATE='2023-01-01T09:20:00+00:00' AIRFLOW_CTX_TRY_NUMBER='1' AIRFLOW_CTX_DAG_RUN_ID='scheduled__2023-01-01T09:20:00+00:00'
[2024-06-29T22:02:10.304+0000] {taskinstance.py:430} INFO - ::endgroup::
[2024-06-29T22:02:10.360+0000] {logging_mixin.py:188} INFO - Error in generate_and_insert_data: Command '['python3', '/opt/airflow/generator/ecomm_generator.py']' returned non-zero exit status 1.
[2024-06-29T22:02:10.361+0000] {logging_mixin.py:188} INFO - stdout: 
[2024-06-29T22:02:10.361+0000] {logging_mixin.py:188} INFO - stderr: Traceback (most recent call last):
  File "/opt/airflow/generator/ecomm_generator.py", line 4, in <module>
    from faker import Faker
ModuleNotFoundError: No module named 'faker'
[2024-06-29T22:02:10.361+0000] {python.py:237} INFO - Done. Returned value was: None
[2024-06-29T22:02:10.361+0000] {taskinstance.py:441} INFO - ::group::Post task execution logs
[2024-06-29T22:02:10.366+0000] {taskinstance.py:1206} INFO - Marking task as SUCCESS. dag_id=ecomm_data_pipeline, task_id=generate_and_insert_data, run_id=scheduled__2023-01-01T09:20:00+00:00, execution_date=20230101T092000, start_date=20240629T220210, end_date=20240629T220210
[2024-06-29T22:02:10.404+0000] {local_task_job_runner.py:240} INFO - Task exited with return code 0
[2024-06-29T22:02:10.411+0000] {taskinstance.py:3503} INFO - 0 downstream tasks scheduled from follow-on schedule check
[2024-06-29T22:02:10.412+0000] {local_task_job_runner.py:222} INFO - ::endgroup::
