[2024-07-03T00:26:58.463+0000] {taskinstance.py:1103} INFO - Dependencies all met for dep_context=non-requeueable deps ti=<TaskInstance: ecomm_data_pipeline.insert_clickstream_events scheduled__2024-07-02T20:40:00+00:00 [queued]>
[2024-07-03T00:26:58.466+0000] {taskinstance.py:1103} INFO - Dependencies all met for dep_context=requeueable deps ti=<TaskInstance: ecomm_data_pipeline.insert_clickstream_events scheduled__2024-07-02T20:40:00+00:00 [queued]>
[2024-07-03T00:26:58.467+0000] {taskinstance.py:1308} INFO - Starting attempt 1 of 2
[2024-07-03T00:26:58.471+0000] {taskinstance.py:1327} INFO - Executing <Task(PythonOperator): insert_clickstream_events> on 2024-07-02 20:40:00+00:00
[2024-07-03T00:26:58.472+0000] {standard_task_runner.py:57} INFO - Started process 234 to run task
[2024-07-03T00:26:58.474+0000] {standard_task_runner.py:84} INFO - Running: ['airflow', 'tasks', 'run', 'ecomm_data_pipeline', 'insert_clickstream_events', 'scheduled__2024-07-02T20:40:00+00:00', '--job-id', '302', '--raw', '--subdir', 'DAGS_FOLDER/ecomm_dag.py', '--cfg-path', '/tmp/tmpr7yehnzz']
[2024-07-03T00:26:58.474+0000] {standard_task_runner.py:85} INFO - Job 302: Subtask insert_clickstream_events
[2024-07-03T00:26:58.494+0000] {task_command.py:410} INFO - Running <TaskInstance: ecomm_data_pipeline.insert_clickstream_events scheduled__2024-07-02T20:40:00+00:00 [running]> on host e25ac14d8d5f
[2024-07-03T00:26:58.530+0000] {taskinstance.py:1545} INFO - Exporting env vars: AIRFLOW_CTX_DAG_OWNER='airflow' AIRFLOW_CTX_DAG_ID='ecomm_data_pipeline' AIRFLOW_CTX_TASK_ID='insert_clickstream_events' AIRFLOW_CTX_EXECUTION_DATE='2024-07-02T20:40:00+00:00' AIRFLOW_CTX_TRY_NUMBER='1' AIRFLOW_CTX_DAG_RUN_ID='scheduled__2024-07-02T20:40:00+00:00'
[2024-07-03T00:26:58.530+0000] {logging_mixin.py:149} INFO - Inserting data into clickstream_events from /opt/airflow/generator/fake_clickstream_events.json...
[2024-07-03T00:26:58.532+0000] {logging_mixin.py:149} INFO - Error inserting data into clickstream_events: not all arguments converted during string formatting
[2024-07-03T00:26:58.532+0000] {python.py:183} INFO - Done. Returned value was: None
[2024-07-03T00:26:58.536+0000] {taskinstance.py:1345} INFO - Marking task as SUCCESS. dag_id=ecomm_data_pipeline, task_id=insert_clickstream_events, execution_date=20240702T204000, start_date=20240703T002658, end_date=20240703T002658
[2024-07-03T00:26:58.577+0000] {local_task_job_runner.py:225} INFO - Task exited with return code 0
[2024-07-03T00:26:58.585+0000] {taskinstance.py:2651} INFO - 0 downstream tasks scheduled from follow-on schedule check
[2024-07-03T00:48:20.321+0000] {taskinstance.py:1103} INFO - Dependencies all met for dep_context=non-requeueable deps ti=<TaskInstance: ecomm_data_pipeline.insert_clickstream_events scheduled__2024-07-02T20:40:00+00:00 [queued]>
[2024-07-03T00:48:20.324+0000] {taskinstance.py:1103} INFO - Dependencies all met for dep_context=requeueable deps ti=<TaskInstance: ecomm_data_pipeline.insert_clickstream_events scheduled__2024-07-02T20:40:00+00:00 [queued]>
[2024-07-03T00:48:20.324+0000] {taskinstance.py:1308} INFO - Starting attempt 1 of 2
[2024-07-03T00:48:20.328+0000] {taskinstance.py:1327} INFO - Executing <Task(PythonOperator): insert_clickstream_events> on 2024-07-02 20:40:00+00:00
[2024-07-03T00:48:20.329+0000] {standard_task_runner.py:57} INFO - Started process 49 to run task
[2024-07-03T00:48:20.331+0000] {standard_task_runner.py:84} INFO - Running: ['airflow', 'tasks', 'run', 'ecomm_data_pipeline', 'insert_clickstream_events', 'scheduled__2024-07-02T20:40:00+00:00', '--job-id', '324', '--raw', '--subdir', 'DAGS_FOLDER/ecomm_dag.py', '--cfg-path', '/tmp/tmpaktnoyq_']
[2024-07-03T00:48:20.331+0000] {standard_task_runner.py:85} INFO - Job 324: Subtask insert_clickstream_events
[2024-07-03T00:48:20.350+0000] {task_command.py:410} INFO - Running <TaskInstance: ecomm_data_pipeline.insert_clickstream_events scheduled__2024-07-02T20:40:00+00:00 [running]> on host 9ea872201ce6
[2024-07-03T00:48:20.385+0000] {taskinstance.py:1545} INFO - Exporting env vars: AIRFLOW_CTX_DAG_OWNER='airflow' AIRFLOW_CTX_DAG_ID='ecomm_data_pipeline' AIRFLOW_CTX_TASK_ID='insert_clickstream_events' AIRFLOW_CTX_EXECUTION_DATE='2024-07-02T20:40:00+00:00' AIRFLOW_CTX_TRY_NUMBER='1' AIRFLOW_CTX_DAG_RUN_ID='scheduled__2024-07-02T20:40:00+00:00'
[2024-07-03T00:48:20.386+0000] {logging_mixin.py:149} INFO - Inserting data into clickstream_events from /opt/airflow/generator/fake_clickstream_events.json...
[2024-07-03T00:48:20.387+0000] {logging_mixin.py:149} INFO - Error inserting data into clickstream_events: not all arguments converted during string formatting
[2024-07-03T00:48:20.387+0000] {python.py:183} INFO - Done. Returned value was: None
[2024-07-03T00:48:20.392+0000] {taskinstance.py:1345} INFO - Marking task as SUCCESS. dag_id=ecomm_data_pipeline, task_id=insert_clickstream_events, execution_date=20240702T204000, start_date=20240703T004820, end_date=20240703T004820
[2024-07-03T00:48:20.430+0000] {local_task_job_runner.py:225} INFO - Task exited with return code 0
[2024-07-03T00:48:20.438+0000] {taskinstance.py:2651} INFO - 0 downstream tasks scheduled from follow-on schedule check
