[2024-07-06T18:15:04.760+0000] {taskinstance.py:1103} INFO - Dependencies all met for dep_context=non-requeueable deps ti=<TaskInstance: import_main_data.wait_for_init scheduled__2024-07-06T00:00:00+00:00 [queued]>
[2024-07-06T18:15:04.763+0000] {taskinstance.py:1103} INFO - Dependencies all met for dep_context=requeueable deps ti=<TaskInstance: import_main_data.wait_for_init scheduled__2024-07-06T00:00:00+00:00 [queued]>
[2024-07-06T18:15:04.763+0000] {taskinstance.py:1308} INFO - Starting attempt 1 of 2
[2024-07-06T18:15:04.767+0000] {taskinstance.py:1327} INFO - Executing <Task(ExternalTaskSensor): wait_for_init> on 2024-07-06 00:00:00+00:00
[2024-07-06T18:15:04.769+0000] {standard_task_runner.py:57} INFO - Started process 923 to run task
[2024-07-06T18:15:04.770+0000] {standard_task_runner.py:84} INFO - Running: ['airflow', 'tasks', 'run', 'import_main_data', 'wait_for_init', 'scheduled__2024-07-06T00:00:00+00:00', '--job-id', '884', '--raw', '--subdir', 'DAGS_FOLDER/import_raw_data.py', '--cfg-path', '/tmp/tmpf1rddgrs']
[2024-07-06T18:15:04.771+0000] {standard_task_runner.py:85} INFO - Job 884: Subtask wait_for_init
[2024-07-06T18:15:04.789+0000] {task_command.py:410} INFO - Running <TaskInstance: import_main_data.wait_for_init scheduled__2024-07-06T00:00:00+00:00 [running]> on host f6bf59d3e65b
[2024-07-06T18:15:04.822+0000] {taskinstance.py:1545} INFO - Exporting env vars: AIRFLOW_CTX_DAG_EMAIL='airflow@example.com' AIRFLOW_CTX_DAG_OWNER='airflow' AIRFLOW_CTX_DAG_ID='import_main_data' AIRFLOW_CTX_TASK_ID='wait_for_init' AIRFLOW_CTX_EXECUTION_DATE='2024-07-06T00:00:00+00:00' AIRFLOW_CTX_TRY_NUMBER='1' AIRFLOW_CTX_DAG_RUN_ID='scheduled__2024-07-06T00:00:00+00:00'
[2024-07-06T18:15:04.826+0000] {external_task.py:247} INFO - Poking for DAG 'initialize_etl_environment' on 2024-07-06T00:00:00+00:00 ... 
[2024-07-06T18:15:04.837+0000] {taskinstance.py:1784} INFO - Rescheduling task, marking task as UP_FOR_RESCHEDULE
[2024-07-06T18:15:04.877+0000] {local_task_job_runner.py:225} INFO - Task exited with return code 0
[2024-07-06T18:15:04.889+0000] {taskinstance.py:2651} INFO - 0 downstream tasks scheduled from follow-on schedule check
[2024-07-06T18:43:39.430+0000] {taskinstance.py:1103} INFO - Dependencies all met for dep_context=non-requeueable deps ti=<TaskInstance: import_main_data.wait_for_init scheduled__2024-07-06T00:00:00+00:00 [queued]>
[2024-07-06T18:43:39.434+0000] {taskinstance.py:1103} INFO - Dependencies all met for dep_context=requeueable deps ti=<TaskInstance: import_main_data.wait_for_init scheduled__2024-07-06T00:00:00+00:00 [queued]>
[2024-07-06T18:43:39.434+0000] {taskinstance.py:1308} INFO - Starting attempt 1 of 2
[2024-07-06T18:43:39.438+0000] {taskinstance.py:1327} INFO - Executing <Task(ExternalTaskSensor): wait_for_init> on 2024-07-06 00:00:00+00:00
[2024-07-06T18:43:39.439+0000] {standard_task_runner.py:57} INFO - Started process 1376 to run task
[2024-07-06T18:43:39.440+0000] {standard_task_runner.py:84} INFO - Running: ['airflow', 'tasks', 'run', 'import_main_data', 'wait_for_init', 'scheduled__2024-07-06T00:00:00+00:00', '--job-id', '907', '--raw', '--subdir', 'DAGS_FOLDER/import_raw_data.py', '--cfg-path', '/tmp/tmpfqdl6q64']
[2024-07-06T18:43:39.441+0000] {standard_task_runner.py:85} INFO - Job 907: Subtask wait_for_init
[2024-07-06T18:43:39.461+0000] {task_command.py:410} INFO - Running <TaskInstance: import_main_data.wait_for_init scheduled__2024-07-06T00:00:00+00:00 [running]> on host f6bf59d3e65b
[2024-07-06T18:43:39.496+0000] {taskinstance.py:1545} INFO - Exporting env vars: AIRFLOW_CTX_DAG_EMAIL='airflow@example.com' AIRFLOW_CTX_DAG_OWNER='airflow' AIRFLOW_CTX_DAG_ID='import_main_data' AIRFLOW_CTX_TASK_ID='wait_for_init' AIRFLOW_CTX_EXECUTION_DATE='2024-07-06T00:00:00+00:00' AIRFLOW_CTX_TRY_NUMBER='1' AIRFLOW_CTX_DAG_RUN_ID='scheduled__2024-07-06T00:00:00+00:00'
[2024-07-06T18:43:39.500+0000] {external_task.py:247} INFO - Poking for DAG 'initialize_etl_environment' on 2024-07-06T00:00:00+00:00 ... 
[2024-07-06T18:43:39.511+0000] {taskinstance.py:1784} INFO - Rescheduling task, marking task as UP_FOR_RESCHEDULE
[2024-07-06T18:43:39.540+0000] {local_task_job_runner.py:225} INFO - Task exited with return code 0
[2024-07-06T18:43:39.552+0000] {taskinstance.py:2651} INFO - 0 downstream tasks scheduled from follow-on schedule check
[2024-07-06T18:44:41.770+0000] {taskinstance.py:1103} INFO - Dependencies all met for dep_context=non-requeueable deps ti=<TaskInstance: import_main_data.wait_for_init scheduled__2024-07-06T00:00:00+00:00 [queued]>
[2024-07-06T18:44:41.773+0000] {taskinstance.py:1103} INFO - Dependencies all met for dep_context=requeueable deps ti=<TaskInstance: import_main_data.wait_for_init scheduled__2024-07-06T00:00:00+00:00 [queued]>
[2024-07-06T18:44:41.773+0000] {taskinstance.py:1308} INFO - Starting attempt 1 of 2
[2024-07-06T18:44:41.777+0000] {taskinstance.py:1327} INFO - Executing <Task(ExternalTaskSensor): wait_for_init> on 2024-07-06 00:00:00+00:00
[2024-07-06T18:44:41.778+0000] {standard_task_runner.py:57} INFO - Started process 1436 to run task
[2024-07-06T18:44:41.780+0000] {standard_task_runner.py:84} INFO - Running: ['airflow', 'tasks', 'run', 'import_main_data', 'wait_for_init', 'scheduled__2024-07-06T00:00:00+00:00', '--job-id', '921', '--raw', '--subdir', 'DAGS_FOLDER/import_raw_data.py', '--cfg-path', '/tmp/tmpr_iag6ho']
[2024-07-06T18:44:41.781+0000] {standard_task_runner.py:85} INFO - Job 921: Subtask wait_for_init
[2024-07-06T18:44:41.800+0000] {task_command.py:410} INFO - Running <TaskInstance: import_main_data.wait_for_init scheduled__2024-07-06T00:00:00+00:00 [running]> on host f6bf59d3e65b
[2024-07-06T18:44:41.835+0000] {taskinstance.py:1545} INFO - Exporting env vars: AIRFLOW_CTX_DAG_EMAIL='airflow@example.com' AIRFLOW_CTX_DAG_OWNER='airflow' AIRFLOW_CTX_DAG_ID='import_main_data' AIRFLOW_CTX_TASK_ID='wait_for_init' AIRFLOW_CTX_EXECUTION_DATE='2024-07-06T00:00:00+00:00' AIRFLOW_CTX_TRY_NUMBER='1' AIRFLOW_CTX_DAG_RUN_ID='scheduled__2024-07-06T00:00:00+00:00'
[2024-07-06T18:44:41.839+0000] {external_task.py:247} INFO - Poking for DAG 'initialize_etl_environment' on 2024-07-06T00:00:00+00:00 ... 
[2024-07-06T18:44:41.851+0000] {taskinstance.py:1784} INFO - Rescheduling task, marking task as UP_FOR_RESCHEDULE
[2024-07-06T18:44:41.880+0000] {local_task_job_runner.py:225} INFO - Task exited with return code 0
[2024-07-06T18:44:41.892+0000] {taskinstance.py:2651} INFO - 0 downstream tasks scheduled from follow-on schedule check
