[2024-06-27T22:36:28.892+0000] {local_task_job_runner.py:120} INFO - ::group::Pre task execution logs
[2024-06-27T22:36:28.902+0000] {taskinstance.py:2076} INFO - Dependencies all met for dep_context=non-requeueable deps ti=<TaskInstance: ecomm_data_pipeline.generate_and_insert_data scheduled__2023-01-01T17:30:00+00:00 [queued]>
[2024-06-27T22:36:28.904+0000] {taskinstance.py:2076} INFO - Dependencies all met for dep_context=requeueable deps ti=<TaskInstance: ecomm_data_pipeline.generate_and_insert_data scheduled__2023-01-01T17:30:00+00:00 [queued]>
[2024-06-27T22:36:28.905+0000] {taskinstance.py:2306} INFO - Starting attempt 1 of 2
[2024-06-27T22:36:28.909+0000] {taskinstance.py:2330} INFO - Executing <Task(PythonOperator): generate_and_insert_data> on 2023-01-01 17:30:00+00:00
[2024-06-27T22:36:28.911+0000] {standard_task_runner.py:63} INFO - Started process 1804 to run task
[2024-06-27T22:36:28.912+0000] {standard_task_runner.py:90} INFO - Running: ['airflow', 'tasks', 'run', 'ecomm_data_pipeline', 'generate_and_insert_data', 'scheduled__2023-01-01T17:30:00+00:00', '--job-id', '124', '--raw', '--subdir', 'DAGS_FOLDER/ecomm_dag.py', '--cfg-path', '/tmp/tmp3n096ix4']
[2024-06-27T22:36:28.912+0000] {standard_task_runner.py:91} INFO - Job 124: Subtask generate_and_insert_data
[2024-06-27T22:36:28.929+0000] {task_command.py:426} INFO - Running <TaskInstance: ecomm_data_pipeline.generate_and_insert_data scheduled__2023-01-01T17:30:00+00:00 [running]> on host 9174587f6b1d
[2024-06-27T22:36:28.959+0000] {taskinstance.py:2648} INFO - Exporting env vars: AIRFLOW_CTX_DAG_OWNER='airflow' AIRFLOW_CTX_DAG_ID='ecomm_data_pipeline' AIRFLOW_CTX_TASK_ID='generate_and_insert_data' AIRFLOW_CTX_EXECUTION_DATE='2023-01-01T17:30:00+00:00' AIRFLOW_CTX_TRY_NUMBER='1' AIRFLOW_CTX_DAG_RUN_ID='scheduled__2023-01-01T17:30:00+00:00'
[2024-06-27T22:36:28.959+0000] {taskinstance.py:430} INFO - ::endgroup::
[2024-06-27T22:36:28.993+0000] {logging_mixin.py:188} INFO - Error in generate_and_insert_data: Command '['python3', './generator/ecomm_generator.py']' returned non-zero exit status 2.
[2024-06-27T22:36:28.993+0000] {python.py:237} INFO - Done. Returned value was: None
[2024-06-27T22:36:28.994+0000] {taskinstance.py:441} INFO - ::group::Post task execution logs
[2024-06-27T22:36:28.998+0000] {taskinstance.py:1206} INFO - Marking task as SUCCESS. dag_id=ecomm_data_pipeline, task_id=generate_and_insert_data, run_id=scheduled__2023-01-01T17:30:00+00:00, execution_date=20230101T173000, start_date=20240627T223628, end_date=20240627T223628
[2024-06-27T22:36:29.015+0000] {local_task_job_runner.py:240} INFO - Task exited with return code 0
[2024-06-27T22:36:29.021+0000] {taskinstance.py:3503} INFO - 0 downstream tasks scheduled from follow-on schedule check
[2024-06-27T22:36:29.022+0000] {local_task_job_runner.py:222} INFO - ::endgroup::
[2024-06-28T18:18:32.889+0000] {local_task_job_runner.py:120} INFO - ::group::Pre task execution logs
[2024-06-28T18:18:32.899+0000] {taskinstance.py:2076} INFO - Dependencies all met for dep_context=non-requeueable deps ti=<TaskInstance: ecomm_data_pipeline.generate_and_insert_data scheduled__2023-01-01T17:30:00+00:00 [queued]>
[2024-06-28T18:18:32.902+0000] {taskinstance.py:2076} INFO - Dependencies all met for dep_context=requeueable deps ti=<TaskInstance: ecomm_data_pipeline.generate_and_insert_data scheduled__2023-01-01T17:30:00+00:00 [queued]>
[2024-06-28T18:18:32.902+0000] {taskinstance.py:2306} INFO - Starting attempt 1 of 2
[2024-06-28T18:18:32.906+0000] {taskinstance.py:2330} INFO - Executing <Task(PythonOperator): generate_and_insert_data> on 2023-01-01 17:30:00+00:00
[2024-06-28T18:18:32.908+0000] {standard_task_runner.py:63} INFO - Started process 2988 to run task
[2024-06-28T18:18:32.909+0000] {standard_task_runner.py:90} INFO - Running: ['airflow', 'tasks', 'run', 'ecomm_data_pipeline', 'generate_and_insert_data', 'scheduled__2023-01-01T17:30:00+00:00', '--job-id', '212', '--raw', '--subdir', 'DAGS_FOLDER/ecomm_dag.py', '--cfg-path', '/tmp/tmpak4dj8gh']
[2024-06-28T18:18:32.910+0000] {standard_task_runner.py:91} INFO - Job 212: Subtask generate_and_insert_data
[2024-06-28T18:18:32.928+0000] {task_command.py:426} INFO - Running <TaskInstance: ecomm_data_pipeline.generate_and_insert_data scheduled__2023-01-01T17:30:00+00:00 [running]> on host 08cefd381a1f
[2024-06-28T18:18:32.963+0000] {taskinstance.py:2648} INFO - Exporting env vars: AIRFLOW_CTX_DAG_OWNER='airflow' AIRFLOW_CTX_DAG_ID='ecomm_data_pipeline' AIRFLOW_CTX_TASK_ID='generate_and_insert_data' AIRFLOW_CTX_EXECUTION_DATE='2023-01-01T17:30:00+00:00' AIRFLOW_CTX_TRY_NUMBER='1' AIRFLOW_CTX_DAG_RUN_ID='scheduled__2023-01-01T17:30:00+00:00'
[2024-06-28T18:18:32.964+0000] {taskinstance.py:430} INFO - ::endgroup::
[2024-06-28T18:18:33.022+0000] {logging_mixin.py:188} INFO - Error in generate_and_insert_data: Command '['python3', '/opt/airflow/generator/ecomm_generator.py']' returned non-zero exit status 1.
[2024-06-28T18:18:33.022+0000] {logging_mixin.py:188} INFO - stdout: 
[2024-06-28T18:18:33.022+0000] {logging_mixin.py:188} INFO - stderr: Traceback (most recent call last):
  File "/opt/airflow/generator/ecomm_generator.py", line 4, in <module>
    from faker import Faker
ModuleNotFoundError: No module named 'faker'
[2024-06-28T18:18:33.023+0000] {python.py:237} INFO - Done. Returned value was: None
[2024-06-28T18:18:33.023+0000] {taskinstance.py:441} INFO - ::group::Post task execution logs
[2024-06-28T18:18:33.028+0000] {taskinstance.py:1206} INFO - Marking task as SUCCESS. dag_id=ecomm_data_pipeline, task_id=generate_and_insert_data, run_id=scheduled__2023-01-01T17:30:00+00:00, execution_date=20230101T173000, start_date=20240628T181832, end_date=20240628T181833
[2024-06-28T18:18:33.056+0000] {local_task_job_runner.py:240} INFO - Task exited with return code 0
[2024-06-28T18:18:33.063+0000] {taskinstance.py:3503} INFO - 0 downstream tasks scheduled from follow-on schedule check
[2024-06-28T18:18:33.064+0000] {local_task_job_runner.py:222} INFO - ::endgroup::
