[2024-07-15T23:09:25.560+0000] {taskinstance.py:1037} DEBUG - previous_execution_date was called
[2024-07-15T23:09:25.566+0000] {__init__.py:51} DEBUG - Loading core task runner: StandardTaskRunner
[2024-07-15T23:09:25.570+0000] {taskinstance.py:1037} DEBUG - previous_execution_date was called
[2024-07-15T23:09:25.572+0000] {base_task_runner.py:68} DEBUG - Planning to run as the  user
[2024-07-15T23:09:25.573+0000] {taskinstance.py:789} DEBUG - Refreshing TaskInstance <TaskInstance: run_dbt_model_crm_sales.wait_for_dbt_init manual__2024-07-15T23:09:21.226128+00:00 [queued]> from DB
[2024-07-15T23:09:25.582+0000] {taskinstance.py:1112} DEBUG - <TaskInstance: run_dbt_model_crm_sales.wait_for_dbt_init manual__2024-07-15T23:09:21.226128+00:00 [queued]> dependency 'Previous Dagrun State' PASSED: True, This task instance was the first task instance for its task.
[2024-07-15T23:09:25.582+0000] {taskinstance.py:1112} DEBUG - <TaskInstance: run_dbt_model_crm_sales.wait_for_dbt_init manual__2024-07-15T23:09:21.226128+00:00 [queued]> dependency 'Task Instance Not Running' PASSED: True, Task is not in running state.
[2024-07-15T23:09:25.583+0000] {taskinstance.py:1112} DEBUG - <TaskInstance: run_dbt_model_crm_sales.wait_for_dbt_init manual__2024-07-15T23:09:21.226128+00:00 [queued]> dependency 'Ready To Reschedule' PASSED: True, Task is not in reschedule mode.
[2024-07-15T23:09:25.583+0000] {taskinstance.py:1112} DEBUG - <TaskInstance: run_dbt_model_crm_sales.wait_for_dbt_init manual__2024-07-15T23:09:21.226128+00:00 [queued]> dependency 'Task Instance State' PASSED: True, Task state queued was valid.
[2024-07-15T23:09:25.583+0000] {taskinstance.py:1112} DEBUG - <TaskInstance: run_dbt_model_crm_sales.wait_for_dbt_init manual__2024-07-15T23:09:21.226128+00:00 [queued]> dependency 'Trigger Rule' PASSED: True, The task instance did not have any upstream tasks.
[2024-07-15T23:09:25.583+0000] {taskinstance.py:1112} DEBUG - <TaskInstance: run_dbt_model_crm_sales.wait_for_dbt_init manual__2024-07-15T23:09:21.226128+00:00 [queued]> dependency 'Not In Retry Period' PASSED: True, The task instance was not marked for retrying.
[2024-07-15T23:09:25.585+0000] {taskinstance.py:1103} INFO - Dependencies all met for dep_context=non-requeueable deps ti=<TaskInstance: run_dbt_model_crm_sales.wait_for_dbt_init manual__2024-07-15T23:09:21.226128+00:00 [queued]>
[2024-07-15T23:09:25.587+0000] {taskinstance.py:1112} DEBUG - <TaskInstance: run_dbt_model_crm_sales.wait_for_dbt_init manual__2024-07-15T23:09:21.226128+00:00 [queued]> dependency 'Pool Slots Available' PASSED: True, There are enough open slots in default_pool to execute the task
[2024-07-15T23:09:25.588+0000] {taskinstance.py:1112} DEBUG - <TaskInstance: run_dbt_model_crm_sales.wait_for_dbt_init manual__2024-07-15T23:09:21.226128+00:00 [queued]> dependency 'Previous Dagrun State' PASSED: True, This task instance was the first task instance for its task.
[2024-07-15T23:09:25.588+0000] {taskinstance.py:1112} DEBUG - <TaskInstance: run_dbt_model_crm_sales.wait_for_dbt_init manual__2024-07-15T23:09:21.226128+00:00 [queued]> dependency 'Ready To Reschedule' PASSED: True, Task is not in reschedule mode.
[2024-07-15T23:09:25.588+0000] {taskinstance.py:1112} DEBUG - <TaskInstance: run_dbt_model_crm_sales.wait_for_dbt_init manual__2024-07-15T23:09:21.226128+00:00 [queued]> dependency 'Task Concurrency' PASSED: True, Task concurrency is not set.
[2024-07-15T23:09:25.589+0000] {taskinstance.py:1112} DEBUG - <TaskInstance: run_dbt_model_crm_sales.wait_for_dbt_init manual__2024-07-15T23:09:21.226128+00:00 [queued]> dependency 'Trigger Rule' PASSED: True, The task instance did not have any upstream tasks.
[2024-07-15T23:09:25.589+0000] {taskinstance.py:1112} DEBUG - <TaskInstance: run_dbt_model_crm_sales.wait_for_dbt_init manual__2024-07-15T23:09:21.226128+00:00 [queued]> dependency 'Not In Retry Period' PASSED: True, The task instance was not marked for retrying.
[2024-07-15T23:09:25.589+0000] {taskinstance.py:1103} INFO - Dependencies all met for dep_context=requeueable deps ti=<TaskInstance: run_dbt_model_crm_sales.wait_for_dbt_init manual__2024-07-15T23:09:21.226128+00:00 [queued]>
[2024-07-15T23:09:25.589+0000] {taskinstance.py:1308} INFO - Starting attempt 1 of 2
[2024-07-15T23:09:25.594+0000] {taskinstance.py:1327} INFO - Executing <Task(ExternalTaskWithinDaysSensor): wait_for_dbt_init> on 2024-07-15 23:09:21.226128+00:00
[2024-07-15T23:09:25.595+0000] {standard_task_runner.py:57} INFO - Started process 961 to run task
[2024-07-15T23:09:25.597+0000] {standard_task_runner.py:84} INFO - Running: ['airflow', 'tasks', 'run', 'run_dbt_model_crm_sales', 'wait_for_dbt_init', 'manual__2024-07-15T23:09:21.226128+00:00', '--job-id', '77', '--raw', '--subdir', 'DAGS_FOLDER/run_dbt_models_crm_sales.py', '--cfg-path', '/tmp/tmp3sb8z1j3']
[2024-07-15T23:09:25.597+0000] {standard_task_runner.py:85} INFO - Job 77: Subtask wait_for_dbt_init
[2024-07-15T23:09:25.598+0000] {cli_action_loggers.py:65} DEBUG - Calling callbacks: [<function default_action_log at 0xffff7f47a550>]
[2024-07-15T23:09:25.617+0000] {taskinstance.py:1037} DEBUG - previous_execution_date was called
[2024-07-15T23:09:25.618+0000] {task_command.py:410} INFO - Running <TaskInstance: run_dbt_model_crm_sales.wait_for_dbt_init manual__2024-07-15T23:09:21.226128+00:00 [running]> on host b91763c3682d
[2024-07-15T23:09:25.618+0000] {settings.py:353} DEBUG - Disposing DB connection pool (PID 961)
[2024-07-15T23:09:25.619+0000] {settings.py:212} DEBUG - Setting up DB connection pool (PID 961)
[2024-07-15T23:09:25.619+0000] {settings.py:285} DEBUG - settings.prepare_engine_args(): Using NullPool
[2024-07-15T23:09:25.620+0000] {taskinstance.py:789} DEBUG - Refreshing TaskInstance <TaskInstance: run_dbt_model_crm_sales.wait_for_dbt_init manual__2024-07-15T23:09:21.226128+00:00 [running]> from DB
[2024-07-15T23:09:25.635+0000] {taskinstance.py:1037} DEBUG - previous_execution_date was called
[2024-07-15T23:09:25.635+0000] {taskinstance.py:868} DEBUG - Clearing XCom data
[2024-07-15T23:09:25.647+0000] {retries.py:80} DEBUG - Running RenderedTaskInstanceFields._do_delete_old_records with retries. Try 1 of 3
[2024-07-15T23:09:25.652+0000] {taskinstance.py:1545} INFO - Exporting env vars: AIRFLOW_CTX_DAG_EMAIL='airflow@example.com' AIRFLOW_CTX_DAG_OWNER='airflow' AIRFLOW_CTX_DAG_ID='run_dbt_model_crm_sales' AIRFLOW_CTX_TASK_ID='wait_for_dbt_init' AIRFLOW_CTX_EXECUTION_DATE='2024-07-15T23:09:21.226128+00:00' AIRFLOW_CTX_TRY_NUMBER='1' AIRFLOW_CTX_DAG_RUN_ID='manual__2024-07-15T23:09:21.226128+00:00'
[2024-07-15T23:09:25.652+0000] {__init__.py:117} DEBUG - Preparing lineage inlets and outlets
[2024-07-15T23:09:25.652+0000] {__init__.py:155} DEBUG - inlets: [], outlets: []
[2024-07-15T23:09:25.655+0000] {base.py:255} INFO - Success criteria met. Exiting.
[2024-07-15T23:09:25.656+0000] {__init__.py:75} DEBUG - Lineage called with inlets: [], outlets: []
[2024-07-15T23:09:25.656+0000] {taskinstance.py:789} DEBUG - Refreshing TaskInstance <TaskInstance: run_dbt_model_crm_sales.wait_for_dbt_init manual__2024-07-15T23:09:21.226128+00:00 [running]> from DB
[2024-07-15T23:09:25.660+0000] {taskinstance.py:1356} DEBUG - Clearing next_method and next_kwargs.
[2024-07-15T23:09:25.660+0000] {taskinstance.py:1345} INFO - Marking task as SUCCESS. dag_id=run_dbt_model_crm_sales, task_id=wait_for_dbt_init, execution_date=20240715T230921, start_date=20240715T230925, end_date=20240715T230925
[2024-07-15T23:09:25.660+0000] {taskinstance.py:2305} DEBUG - Task Duration set to 0.075236
[2024-07-15T23:09:25.665+0000] {cli_action_loggers.py:83} DEBUG - Calling callbacks: []
[2024-07-15T23:09:25.693+0000] {local_task_job_runner.py:225} INFO - Task exited with return code 0
[2024-07-15T23:09:25.711+0000] {dagrun.py:697} DEBUG - number of tis tasks for <DagRun run_dbt_model_crm_sales @ 2024-07-15 23:09:21.226128+00:00: manual__2024-07-15T23:09:21.226128+00:00, state:running, queued_at: 2024-07-15 23:09:21.236192+00:00. externally triggered: True>: 0 task(s)
[2024-07-15T23:09:25.711+0000] {taskinstance.py:2651} INFO - 0 downstream tasks scheduled from follow-on schedule check
