[2024-06-27T22:37:00.797+0000] {local_task_job_runner.py:120} INFO - ::group::Pre task execution logs
[2024-06-27T22:37:00.807+0000] {taskinstance.py:2076} INFO - Dependencies all met for dep_context=non-requeueable deps ti=<TaskInstance: ecomm_data_pipeline.generate_and_insert_data scheduled__2023-01-01T20:20:00+00:00 [queued]>
[2024-06-27T22:37:00.810+0000] {taskinstance.py:2076} INFO - Dependencies all met for dep_context=requeueable deps ti=<TaskInstance: ecomm_data_pipeline.generate_and_insert_data scheduled__2023-01-01T20:20:00+00:00 [queued]>
[2024-06-27T22:37:00.810+0000] {taskinstance.py:2306} INFO - Starting attempt 1 of 2
[2024-06-27T22:37:00.814+0000] {taskinstance.py:2330} INFO - Executing <Task(PythonOperator): generate_and_insert_data> on 2023-01-01 20:20:00+00:00
[2024-06-27T22:37:00.815+0000] {standard_task_runner.py:63} INFO - Started process 2052 to run task
[2024-06-27T22:37:00.816+0000] {standard_task_runner.py:90} INFO - Running: ['airflow', 'tasks', 'run', 'ecomm_data_pipeline', 'generate_and_insert_data', 'scheduled__2023-01-01T20:20:00+00:00', '--job-id', '141', '--raw', '--subdir', 'DAGS_FOLDER/ecomm_dag.py', '--cfg-path', '/tmp/tmpynzo73oo']
[2024-06-27T22:37:00.817+0000] {standard_task_runner.py:91} INFO - Job 141: Subtask generate_and_insert_data
[2024-06-27T22:37:00.833+0000] {task_command.py:426} INFO - Running <TaskInstance: ecomm_data_pipeline.generate_and_insert_data scheduled__2023-01-01T20:20:00+00:00 [running]> on host 9174587f6b1d
[2024-06-27T22:37:00.863+0000] {taskinstance.py:2648} INFO - Exporting env vars: AIRFLOW_CTX_DAG_OWNER='airflow' AIRFLOW_CTX_DAG_ID='ecomm_data_pipeline' AIRFLOW_CTX_TASK_ID='generate_and_insert_data' AIRFLOW_CTX_EXECUTION_DATE='2023-01-01T20:20:00+00:00' AIRFLOW_CTX_TRY_NUMBER='1' AIRFLOW_CTX_DAG_RUN_ID='scheduled__2023-01-01T20:20:00+00:00'
[2024-06-27T22:37:00.863+0000] {taskinstance.py:430} INFO - ::endgroup::
[2024-06-27T22:37:00.896+0000] {logging_mixin.py:188} INFO - Error in generate_and_insert_data: Command '['python3', './generator/ecomm_generator.py']' returned non-zero exit status 2.
[2024-06-27T22:37:00.897+0000] {python.py:237} INFO - Done. Returned value was: None
[2024-06-27T22:37:00.897+0000] {taskinstance.py:441} INFO - ::group::Post task execution logs
[2024-06-27T22:37:00.902+0000] {taskinstance.py:1206} INFO - Marking task as SUCCESS. dag_id=ecomm_data_pipeline, task_id=generate_and_insert_data, run_id=scheduled__2023-01-01T20:20:00+00:00, execution_date=20230101T202000, start_date=20240627T223700, end_date=20240627T223700
[2024-06-27T22:37:00.916+0000] {local_task_job_runner.py:240} INFO - Task exited with return code 0
[2024-06-27T22:37:00.922+0000] {taskinstance.py:3503} INFO - 0 downstream tasks scheduled from follow-on schedule check
[2024-06-27T22:37:00.923+0000] {local_task_job_runner.py:222} INFO - ::endgroup::
[2024-06-29T21:40:27.292+0000] {local_task_job_runner.py:120} INFO - ::group::Pre task execution logs
[2024-06-29T21:40:27.302+0000] {taskinstance.py:2076} INFO - Dependencies all met for dep_context=non-requeueable deps ti=<TaskInstance: ecomm_data_pipeline.generate_and_insert_data scheduled__2023-01-01T20:20:00+00:00 [queued]>
[2024-06-29T21:40:27.305+0000] {taskinstance.py:2076} INFO - Dependencies all met for dep_context=requeueable deps ti=<TaskInstance: ecomm_data_pipeline.generate_and_insert_data scheduled__2023-01-01T20:20:00+00:00 [queued]>
[2024-06-29T21:40:27.305+0000] {taskinstance.py:2306} INFO - Starting attempt 1 of 2
[2024-06-29T21:40:27.309+0000] {taskinstance.py:2330} INFO - Executing <Task(PythonOperator): generate_and_insert_data> on 2023-01-01 20:20:00+00:00
[2024-06-29T21:40:27.311+0000] {standard_task_runner.py:63} INFO - Started process 1812 to run task
[2024-06-29T21:40:27.312+0000] {standard_task_runner.py:90} INFO - Running: ['airflow', 'tasks', 'run', 'ecomm_data_pipeline', 'generate_and_insert_data', 'scheduled__2023-01-01T20:20:00+00:00', '--job-id', '124', '--raw', '--subdir', 'DAGS_FOLDER/ecomm_dag.py', '--cfg-path', '/tmp/tmpqmtz2ayb']
[2024-06-29T21:40:27.313+0000] {standard_task_runner.py:91} INFO - Job 124: Subtask generate_and_insert_data
[2024-06-29T21:40:27.330+0000] {task_command.py:426} INFO - Running <TaskInstance: ecomm_data_pipeline.generate_and_insert_data scheduled__2023-01-01T20:20:00+00:00 [running]> on host afcb6fbf9265
[2024-06-29T21:40:27.358+0000] {taskinstance.py:2648} INFO - Exporting env vars: AIRFLOW_CTX_DAG_OWNER='airflow' AIRFLOW_CTX_DAG_ID='ecomm_data_pipeline' AIRFLOW_CTX_TASK_ID='generate_and_insert_data' AIRFLOW_CTX_EXECUTION_DATE='2023-01-01T20:20:00+00:00' AIRFLOW_CTX_TRY_NUMBER='1' AIRFLOW_CTX_DAG_RUN_ID='scheduled__2023-01-01T20:20:00+00:00'
[2024-06-29T21:40:27.358+0000] {taskinstance.py:430} INFO - ::endgroup::
[2024-06-29T21:40:27.414+0000] {logging_mixin.py:188} INFO - Error in generate_and_insert_data: Command '['python3', '/opt/airflow/generator/ecomm_generator.py']' returned non-zero exit status 1.
[2024-06-29T21:40:27.414+0000] {logging_mixin.py:188} INFO - stdout: 
[2024-06-29T21:40:27.415+0000] {logging_mixin.py:188} INFO - stderr: Traceback (most recent call last):
  File "/opt/airflow/generator/ecomm_generator.py", line 4, in <module>
    from faker import Faker
ModuleNotFoundError: No module named 'faker'
[2024-06-29T21:40:27.415+0000] {python.py:237} INFO - Done. Returned value was: None
[2024-06-29T21:40:27.415+0000] {taskinstance.py:441} INFO - ::group::Post task execution logs
[2024-06-29T21:40:27.420+0000] {taskinstance.py:1206} INFO - Marking task as SUCCESS. dag_id=ecomm_data_pipeline, task_id=generate_and_insert_data, run_id=scheduled__2023-01-01T20:20:00+00:00, execution_date=20230101T202000, start_date=20240629T214027, end_date=20240629T214027
[2024-06-29T21:40:27.455+0000] {local_task_job_runner.py:240} INFO - Task exited with return code 0
[2024-06-29T21:40:27.461+0000] {taskinstance.py:3503} INFO - 0 downstream tasks scheduled from follow-on schedule check
[2024-06-29T21:40:27.462+0000] {local_task_job_runner.py:222} INFO - ::endgroup::
[2024-06-29T22:04:15.407+0000] {local_task_job_runner.py:120} INFO - ::group::Pre task execution logs
[2024-06-29T22:04:15.418+0000] {taskinstance.py:2076} INFO - Dependencies all met for dep_context=non-requeueable deps ti=<TaskInstance: ecomm_data_pipeline.generate_and_insert_data scheduled__2023-01-01T20:20:00+00:00 [queued]>
[2024-06-29T22:04:15.421+0000] {taskinstance.py:2076} INFO - Dependencies all met for dep_context=requeueable deps ti=<TaskInstance: ecomm_data_pipeline.generate_and_insert_data scheduled__2023-01-01T20:20:00+00:00 [queued]>
[2024-06-29T22:04:15.421+0000] {taskinstance.py:2306} INFO - Starting attempt 1 of 2
[2024-06-29T22:04:15.426+0000] {taskinstance.py:2330} INFO - Executing <Task(PythonOperator): generate_and_insert_data> on 2023-01-01 20:20:00+00:00
[2024-06-29T22:04:15.427+0000] {standard_task_runner.py:63} INFO - Started process 1812 to run task
[2024-06-29T22:04:15.429+0000] {standard_task_runner.py:90} INFO - Running: ['airflow', 'tasks', 'run', 'ecomm_data_pipeline', 'generate_and_insert_data', 'scheduled__2023-01-01T20:20:00+00:00', '--job-id', '124', '--raw', '--subdir', 'DAGS_FOLDER/ecomm_dag.py', '--cfg-path', '/tmp/tmpq5d2drcx']
[2024-06-29T22:04:15.429+0000] {standard_task_runner.py:91} INFO - Job 124: Subtask generate_and_insert_data
[2024-06-29T22:04:15.447+0000] {task_command.py:426} INFO - Running <TaskInstance: ecomm_data_pipeline.generate_and_insert_data scheduled__2023-01-01T20:20:00+00:00 [running]> on host 799998b0d26e
[2024-06-29T22:04:15.479+0000] {taskinstance.py:2648} INFO - Exporting env vars: AIRFLOW_CTX_DAG_OWNER='airflow' AIRFLOW_CTX_DAG_ID='ecomm_data_pipeline' AIRFLOW_CTX_TASK_ID='generate_and_insert_data' AIRFLOW_CTX_EXECUTION_DATE='2023-01-01T20:20:00+00:00' AIRFLOW_CTX_TRY_NUMBER='1' AIRFLOW_CTX_DAG_RUN_ID='scheduled__2023-01-01T20:20:00+00:00'
[2024-06-29T22:04:15.480+0000] {taskinstance.py:430} INFO - ::endgroup::
[2024-06-29T22:04:15.540+0000] {logging_mixin.py:188} INFO - Error in generate_and_insert_data: Command '['python3', '/opt/airflow/generator/ecomm_generator.py']' returned non-zero exit status 1.
[2024-06-29T22:04:15.540+0000] {logging_mixin.py:188} INFO - stdout: 
[2024-06-29T22:04:15.540+0000] {logging_mixin.py:188} INFO - stderr: Traceback (most recent call last):
  File "/opt/airflow/generator/ecomm_generator.py", line 4, in <module>
    from faker import Faker
ModuleNotFoundError: No module named 'faker'
[2024-06-29T22:04:15.540+0000] {python.py:237} INFO - Done. Returned value was: None
[2024-06-29T22:04:15.541+0000] {taskinstance.py:441} INFO - ::group::Post task execution logs
[2024-06-29T22:04:15.546+0000] {taskinstance.py:1206} INFO - Marking task as SUCCESS. dag_id=ecomm_data_pipeline, task_id=generate_and_insert_data, run_id=scheduled__2023-01-01T20:20:00+00:00, execution_date=20230101T202000, start_date=20240629T220415, end_date=20240629T220415
[2024-06-29T22:04:15.576+0000] {local_task_job_runner.py:240} INFO - Task exited with return code 0
[2024-06-29T22:04:15.583+0000] {taskinstance.py:3503} INFO - 0 downstream tasks scheduled from follow-on schedule check
[2024-06-29T22:04:15.583+0000] {local_task_job_runner.py:222} INFO - ::endgroup::
