[2024-06-27T22:34:37.201+0000] {local_task_job_runner.py:120} INFO - ::group::Pre task execution logs
[2024-06-27T22:34:37.210+0000] {taskinstance.py:2076} INFO - Dependencies all met for dep_context=non-requeueable deps ti=<TaskInstance: ecomm_data_pipeline.generate_and_insert_data scheduled__2023-01-01T07:40:00+00:00 [queued]>
[2024-06-27T22:34:37.213+0000] {taskinstance.py:2076} INFO - Dependencies all met for dep_context=requeueable deps ti=<TaskInstance: ecomm_data_pipeline.generate_and_insert_data scheduled__2023-01-01T07:40:00+00:00 [queued]>
[2024-06-27T22:34:37.213+0000] {taskinstance.py:2306} INFO - Starting attempt 1 of 2
[2024-06-27T22:34:37.217+0000] {taskinstance.py:2330} INFO - Executing <Task(PythonOperator): generate_and_insert_data> on 2023-01-01 07:40:00+00:00
[2024-06-27T22:34:37.219+0000] {standard_task_runner.py:63} INFO - Started process 938 to run task
[2024-06-27T22:34:37.220+0000] {standard_task_runner.py:90} INFO - Running: ['airflow', 'tasks', 'run', 'ecomm_data_pipeline', 'generate_and_insert_data', 'scheduled__2023-01-01T07:40:00+00:00', '--job-id', '65', '--raw', '--subdir', 'DAGS_FOLDER/ecomm_dag.py', '--cfg-path', '/tmp/tmpf2je_oew']
[2024-06-27T22:34:37.220+0000] {standard_task_runner.py:91} INFO - Job 65: Subtask generate_and_insert_data
[2024-06-27T22:34:37.236+0000] {task_command.py:426} INFO - Running <TaskInstance: ecomm_data_pipeline.generate_and_insert_data scheduled__2023-01-01T07:40:00+00:00 [running]> on host 9174587f6b1d
[2024-06-27T22:34:37.264+0000] {taskinstance.py:2648} INFO - Exporting env vars: AIRFLOW_CTX_DAG_OWNER='airflow' AIRFLOW_CTX_DAG_ID='ecomm_data_pipeline' AIRFLOW_CTX_TASK_ID='generate_and_insert_data' AIRFLOW_CTX_EXECUTION_DATE='2023-01-01T07:40:00+00:00' AIRFLOW_CTX_TRY_NUMBER='1' AIRFLOW_CTX_DAG_RUN_ID='scheduled__2023-01-01T07:40:00+00:00'
[2024-06-27T22:34:37.264+0000] {taskinstance.py:430} INFO - ::endgroup::
[2024-06-27T22:34:37.297+0000] {logging_mixin.py:188} INFO - Error in generate_and_insert_data: Command '['python3', './generator/ecomm_generator.py']' returned non-zero exit status 2.
[2024-06-27T22:34:37.298+0000] {python.py:237} INFO - Done. Returned value was: None
[2024-06-27T22:34:37.298+0000] {taskinstance.py:441} INFO - ::group::Post task execution logs
[2024-06-27T22:34:37.302+0000] {taskinstance.py:1206} INFO - Marking task as SUCCESS. dag_id=ecomm_data_pipeline, task_id=generate_and_insert_data, run_id=scheduled__2023-01-01T07:40:00+00:00, execution_date=20230101T074000, start_date=20240627T223437, end_date=20240627T223437
[2024-06-27T22:34:37.320+0000] {local_task_job_runner.py:240} INFO - Task exited with return code 0
[2024-06-27T22:34:37.327+0000] {taskinstance.py:3503} INFO - 0 downstream tasks scheduled from follow-on schedule check
[2024-06-27T22:34:37.327+0000] {local_task_job_runner.py:222} INFO - ::endgroup::
[2024-06-28T18:15:23.387+0000] {local_task_job_runner.py:120} INFO - ::group::Pre task execution logs
[2024-06-28T18:15:23.397+0000] {taskinstance.py:2076} INFO - Dependencies all met for dep_context=non-requeueable deps ti=<TaskInstance: ecomm_data_pipeline.generate_and_insert_data scheduled__2023-01-01T07:40:00+00:00 [queued]>
[2024-06-28T18:15:23.399+0000] {taskinstance.py:2076} INFO - Dependencies all met for dep_context=requeueable deps ti=<TaskInstance: ecomm_data_pipeline.generate_and_insert_data scheduled__2023-01-01T07:40:00+00:00 [queued]>
[2024-06-28T18:15:23.399+0000] {taskinstance.py:2306} INFO - Starting attempt 1 of 2
[2024-06-28T18:15:23.404+0000] {taskinstance.py:2330} INFO - Executing <Task(PythonOperator): generate_and_insert_data> on 2023-01-01 07:40:00+00:00
[2024-06-28T18:15:23.405+0000] {standard_task_runner.py:63} INFO - Started process 1338 to run task
[2024-06-28T18:15:23.406+0000] {standard_task_runner.py:90} INFO - Running: ['airflow', 'tasks', 'run', 'ecomm_data_pipeline', 'generate_and_insert_data', 'scheduled__2023-01-01T07:40:00+00:00', '--job-id', '95', '--raw', '--subdir', 'DAGS_FOLDER/ecomm_dag.py', '--cfg-path', '/tmp/tmplkeafrft']
[2024-06-28T18:15:23.407+0000] {standard_task_runner.py:91} INFO - Job 95: Subtask generate_and_insert_data
[2024-06-28T18:15:23.424+0000] {task_command.py:426} INFO - Running <TaskInstance: ecomm_data_pipeline.generate_and_insert_data scheduled__2023-01-01T07:40:00+00:00 [running]> on host 08cefd381a1f
[2024-06-28T18:15:23.453+0000] {taskinstance.py:2648} INFO - Exporting env vars: AIRFLOW_CTX_DAG_OWNER='airflow' AIRFLOW_CTX_DAG_ID='ecomm_data_pipeline' AIRFLOW_CTX_TASK_ID='generate_and_insert_data' AIRFLOW_CTX_EXECUTION_DATE='2023-01-01T07:40:00+00:00' AIRFLOW_CTX_TRY_NUMBER='1' AIRFLOW_CTX_DAG_RUN_ID='scheduled__2023-01-01T07:40:00+00:00'
[2024-06-28T18:15:23.454+0000] {taskinstance.py:430} INFO - ::endgroup::
[2024-06-28T18:15:23.509+0000] {logging_mixin.py:188} INFO - Error in generate_and_insert_data: Command '['python3', '/opt/airflow/generator/ecomm_generator.py']' returned non-zero exit status 1.
[2024-06-28T18:15:23.509+0000] {logging_mixin.py:188} INFO - stdout: 
[2024-06-28T18:15:23.509+0000] {logging_mixin.py:188} INFO - stderr: Traceback (most recent call last):
  File "/opt/airflow/generator/ecomm_generator.py", line 4, in <module>
    from faker import Faker
ModuleNotFoundError: No module named 'faker'
[2024-06-28T18:15:23.510+0000] {python.py:237} INFO - Done. Returned value was: None
[2024-06-28T18:15:23.510+0000] {taskinstance.py:441} INFO - ::group::Post task execution logs
[2024-06-28T18:15:23.515+0000] {taskinstance.py:1206} INFO - Marking task as SUCCESS. dag_id=ecomm_data_pipeline, task_id=generate_and_insert_data, run_id=scheduled__2023-01-01T07:40:00+00:00, execution_date=20230101T074000, start_date=20240628T181523, end_date=20240628T181523
[2024-06-28T18:15:23.554+0000] {local_task_job_runner.py:240} INFO - Task exited with return code 0
[2024-06-28T18:15:23.565+0000] {taskinstance.py:3503} INFO - 0 downstream tasks scheduled from follow-on schedule check
[2024-06-28T18:15:23.566+0000] {local_task_job_runner.py:222} INFO - ::endgroup::
[2024-06-28T18:22:06.178+0000] {local_task_job_runner.py:120} INFO - ::group::Pre task execution logs
[2024-06-28T18:22:06.188+0000] {taskinstance.py:2076} INFO - Dependencies all met for dep_context=non-requeueable deps ti=<TaskInstance: ecomm_data_pipeline.generate_and_insert_data scheduled__2023-01-01T07:40:00+00:00 [queued]>
[2024-06-28T18:22:06.190+0000] {taskinstance.py:2076} INFO - Dependencies all met for dep_context=requeueable deps ti=<TaskInstance: ecomm_data_pipeline.generate_and_insert_data scheduled__2023-01-01T07:40:00+00:00 [queued]>
[2024-06-28T18:22:06.190+0000] {taskinstance.py:2306} INFO - Starting attempt 1 of 2
[2024-06-28T18:22:06.194+0000] {taskinstance.py:2330} INFO - Executing <Task(PythonOperator): generate_and_insert_data> on 2023-01-01 07:40:00+00:00
[2024-06-28T18:22:06.196+0000] {standard_task_runner.py:63} INFO - Started process 990 to run task
[2024-06-28T18:22:06.197+0000] {standard_task_runner.py:90} INFO - Running: ['airflow', 'tasks', 'run', 'ecomm_data_pipeline', 'generate_and_insert_data', 'scheduled__2023-01-01T07:40:00+00:00', '--job-id', '69', '--raw', '--subdir', 'DAGS_FOLDER/ecomm_dag.py', '--cfg-path', '/tmp/tmpg80miq6k']
[2024-06-28T18:22:06.198+0000] {standard_task_runner.py:91} INFO - Job 69: Subtask generate_and_insert_data
[2024-06-28T18:22:06.222+0000] {task_command.py:426} INFO - Running <TaskInstance: ecomm_data_pipeline.generate_and_insert_data scheduled__2023-01-01T07:40:00+00:00 [running]> on host 6570e5857071
[2024-06-28T18:22:06.252+0000] {taskinstance.py:2648} INFO - Exporting env vars: AIRFLOW_CTX_DAG_OWNER='airflow' AIRFLOW_CTX_DAG_ID='ecomm_data_pipeline' AIRFLOW_CTX_TASK_ID='generate_and_insert_data' AIRFLOW_CTX_EXECUTION_DATE='2023-01-01T07:40:00+00:00' AIRFLOW_CTX_TRY_NUMBER='1' AIRFLOW_CTX_DAG_RUN_ID='scheduled__2023-01-01T07:40:00+00:00'
[2024-06-28T18:22:06.252+0000] {taskinstance.py:430} INFO - ::endgroup::
[2024-06-28T18:22:06.308+0000] {logging_mixin.py:188} INFO - Error in generate_and_insert_data: Command '['python3', '/opt/airflow/generator/ecomm_generator.py']' returned non-zero exit status 1.
[2024-06-28T18:22:06.309+0000] {logging_mixin.py:188} INFO - stdout: 
[2024-06-28T18:22:06.309+0000] {logging_mixin.py:188} INFO - stderr: Traceback (most recent call last):
  File "/opt/airflow/generator/ecomm_generator.py", line 4, in <module>
    from faker import Faker
ModuleNotFoundError: No module named 'faker'
[2024-06-28T18:22:06.309+0000] {python.py:237} INFO - Done. Returned value was: None
[2024-06-28T18:22:06.309+0000] {taskinstance.py:441} INFO - ::group::Post task execution logs
[2024-06-28T18:22:06.314+0000] {taskinstance.py:1206} INFO - Marking task as SUCCESS. dag_id=ecomm_data_pipeline, task_id=generate_and_insert_data, run_id=scheduled__2023-01-01T07:40:00+00:00, execution_date=20230101T074000, start_date=20240628T182206, end_date=20240628T182206
[2024-06-28T18:22:06.341+0000] {local_task_job_runner.py:240} INFO - Task exited with return code 0
[2024-06-28T18:22:06.348+0000] {taskinstance.py:3503} INFO - 0 downstream tasks scheduled from follow-on schedule check
[2024-06-28T18:22:06.349+0000] {local_task_job_runner.py:222} INFO - ::endgroup::
[2024-06-29T21:38:02.869+0000] {local_task_job_runner.py:120} INFO - ::group::Pre task execution logs
[2024-06-29T21:38:02.878+0000] {taskinstance.py:2076} INFO - Dependencies all met for dep_context=non-requeueable deps ti=<TaskInstance: ecomm_data_pipeline.generate_and_insert_data scheduled__2023-01-01T07:40:00+00:00 [queued]>
[2024-06-29T21:38:02.881+0000] {taskinstance.py:2076} INFO - Dependencies all met for dep_context=requeueable deps ti=<TaskInstance: ecomm_data_pipeline.generate_and_insert_data scheduled__2023-01-01T07:40:00+00:00 [queued]>
[2024-06-29T21:38:02.881+0000] {taskinstance.py:2306} INFO - Starting attempt 1 of 2
[2024-06-29T21:38:02.885+0000] {taskinstance.py:2330} INFO - Executing <Task(PythonOperator): generate_and_insert_data> on 2023-01-01 07:40:00+00:00
[2024-06-29T21:38:02.887+0000] {standard_task_runner.py:63} INFO - Started process 711 to run task
[2024-06-29T21:38:02.888+0000] {standard_task_runner.py:90} INFO - Running: ['airflow', 'tasks', 'run', 'ecomm_data_pipeline', 'generate_and_insert_data', 'scheduled__2023-01-01T07:40:00+00:00', '--job-id', '48', '--raw', '--subdir', 'DAGS_FOLDER/ecomm_dag.py', '--cfg-path', '/tmp/tmpgkx0vwel']
[2024-06-29T21:38:02.888+0000] {standard_task_runner.py:91} INFO - Job 48: Subtask generate_and_insert_data
[2024-06-29T21:38:02.906+0000] {task_command.py:426} INFO - Running <TaskInstance: ecomm_data_pipeline.generate_and_insert_data scheduled__2023-01-01T07:40:00+00:00 [running]> on host afcb6fbf9265
[2024-06-29T21:38:02.934+0000] {taskinstance.py:2648} INFO - Exporting env vars: AIRFLOW_CTX_DAG_OWNER='airflow' AIRFLOW_CTX_DAG_ID='ecomm_data_pipeline' AIRFLOW_CTX_TASK_ID='generate_and_insert_data' AIRFLOW_CTX_EXECUTION_DATE='2023-01-01T07:40:00+00:00' AIRFLOW_CTX_TRY_NUMBER='1' AIRFLOW_CTX_DAG_RUN_ID='scheduled__2023-01-01T07:40:00+00:00'
[2024-06-29T21:38:02.935+0000] {taskinstance.py:430} INFO - ::endgroup::
[2024-06-29T21:38:02.991+0000] {logging_mixin.py:188} INFO - Error in generate_and_insert_data: Command '['python3', '/opt/airflow/generator/ecomm_generator.py']' returned non-zero exit status 1.
[2024-06-29T21:38:02.992+0000] {logging_mixin.py:188} INFO - stdout: 
[2024-06-29T21:38:02.992+0000] {logging_mixin.py:188} INFO - stderr: Traceback (most recent call last):
  File "/opt/airflow/generator/ecomm_generator.py", line 4, in <module>
    from faker import Faker
ModuleNotFoundError: No module named 'faker'
[2024-06-29T21:38:02.992+0000] {python.py:237} INFO - Done. Returned value was: None
[2024-06-29T21:38:02.992+0000] {taskinstance.py:441} INFO - ::group::Post task execution logs
[2024-06-29T21:38:02.997+0000] {taskinstance.py:1206} INFO - Marking task as SUCCESS. dag_id=ecomm_data_pipeline, task_id=generate_and_insert_data, run_id=scheduled__2023-01-01T07:40:00+00:00, execution_date=20230101T074000, start_date=20240629T213802, end_date=20240629T213802
[2024-06-29T21:38:03.039+0000] {local_task_job_runner.py:240} INFO - Task exited with return code 0
[2024-06-29T21:38:03.047+0000] {taskinstance.py:3503} INFO - 0 downstream tasks scheduled from follow-on schedule check
[2024-06-29T21:38:03.047+0000] {local_task_job_runner.py:222} INFO - ::endgroup::
[2024-06-29T21:50:19.714+0000] {local_task_job_runner.py:120} INFO - ::group::Pre task execution logs
[2024-06-29T21:50:19.723+0000] {taskinstance.py:2076} INFO - Dependencies all met for dep_context=non-requeueable deps ti=<TaskInstance: ecomm_data_pipeline.generate_and_insert_data scheduled__2023-01-01T07:40:00+00:00 [queued]>
[2024-06-29T21:50:19.726+0000] {taskinstance.py:2076} INFO - Dependencies all met for dep_context=requeueable deps ti=<TaskInstance: ecomm_data_pipeline.generate_and_insert_data scheduled__2023-01-01T07:40:00+00:00 [queued]>
[2024-06-29T21:50:19.726+0000] {taskinstance.py:2306} INFO - Starting attempt 1 of 2
[2024-06-29T21:50:19.730+0000] {taskinstance.py:2330} INFO - Executing <Task(PythonOperator): generate_and_insert_data> on 2023-01-01 07:40:00+00:00
[2024-06-29T21:50:19.732+0000] {standard_task_runner.py:63} INFO - Started process 712 to run task
[2024-06-29T21:50:19.733+0000] {standard_task_runner.py:90} INFO - Running: ['airflow', 'tasks', 'run', 'ecomm_data_pipeline', 'generate_and_insert_data', 'scheduled__2023-01-01T07:40:00+00:00', '--job-id', '48', '--raw', '--subdir', 'DAGS_FOLDER/ecomm_dag.py', '--cfg-path', '/tmp/tmp1g6cck6v']
[2024-06-29T21:50:19.734+0000] {standard_task_runner.py:91} INFO - Job 48: Subtask generate_and_insert_data
[2024-06-29T21:50:19.750+0000] {task_command.py:426} INFO - Running <TaskInstance: ecomm_data_pipeline.generate_and_insert_data scheduled__2023-01-01T07:40:00+00:00 [running]> on host 0b7af056b90c
[2024-06-29T21:50:19.777+0000] {taskinstance.py:2648} INFO - Exporting env vars: AIRFLOW_CTX_DAG_OWNER='airflow' AIRFLOW_CTX_DAG_ID='ecomm_data_pipeline' AIRFLOW_CTX_TASK_ID='generate_and_insert_data' AIRFLOW_CTX_EXECUTION_DATE='2023-01-01T07:40:00+00:00' AIRFLOW_CTX_TRY_NUMBER='1' AIRFLOW_CTX_DAG_RUN_ID='scheduled__2023-01-01T07:40:00+00:00'
[2024-06-29T21:50:19.777+0000] {taskinstance.py:430} INFO - ::endgroup::
[2024-06-29T21:50:19.833+0000] {logging_mixin.py:188} INFO - Error in generate_and_insert_data: Command '['python3', '/opt/airflow/generator/ecomm_generator.py']' returned non-zero exit status 1.
[2024-06-29T21:50:19.834+0000] {logging_mixin.py:188} INFO - stdout: 
[2024-06-29T21:50:19.834+0000] {logging_mixin.py:188} INFO - stderr: Traceback (most recent call last):
  File "/opt/airflow/generator/ecomm_generator.py", line 4, in <module>
    from faker import Faker
ModuleNotFoundError: No module named 'faker'
[2024-06-29T21:50:19.834+0000] {python.py:237} INFO - Done. Returned value was: None
[2024-06-29T21:50:19.834+0000] {taskinstance.py:441} INFO - ::group::Post task execution logs
[2024-06-29T21:50:19.839+0000] {taskinstance.py:1206} INFO - Marking task as SUCCESS. dag_id=ecomm_data_pipeline, task_id=generate_and_insert_data, run_id=scheduled__2023-01-01T07:40:00+00:00, execution_date=20230101T074000, start_date=20240629T215019, end_date=20240629T215019
[2024-06-29T21:50:19.878+0000] {local_task_job_runner.py:240} INFO - Task exited with return code 0
[2024-06-29T21:50:19.885+0000] {taskinstance.py:3503} INFO - 0 downstream tasks scheduled from follow-on schedule check
[2024-06-29T21:50:19.885+0000] {local_task_job_runner.py:222} INFO - ::endgroup::
[2024-06-29T22:01:50.770+0000] {local_task_job_runner.py:120} INFO - ::group::Pre task execution logs
[2024-06-29T22:01:50.783+0000] {taskinstance.py:2076} INFO - Dependencies all met for dep_context=non-requeueable deps ti=<TaskInstance: ecomm_data_pipeline.generate_and_insert_data scheduled__2023-01-01T07:40:00+00:00 [queued]>
[2024-06-29T22:01:50.788+0000] {taskinstance.py:2076} INFO - Dependencies all met for dep_context=requeueable deps ti=<TaskInstance: ecomm_data_pipeline.generate_and_insert_data scheduled__2023-01-01T07:40:00+00:00 [queued]>
[2024-06-29T22:01:50.788+0000] {taskinstance.py:2306} INFO - Starting attempt 1 of 2
[2024-06-29T22:01:50.797+0000] {taskinstance.py:2330} INFO - Executing <Task(PythonOperator): generate_and_insert_data> on 2023-01-01 07:40:00+00:00
[2024-06-29T22:01:50.799+0000] {standard_task_runner.py:63} INFO - Started process 711 to run task
[2024-06-29T22:01:50.802+0000] {standard_task_runner.py:90} INFO - Running: ['airflow', 'tasks', 'run', 'ecomm_data_pipeline', 'generate_and_insert_data', 'scheduled__2023-01-01T07:40:00+00:00', '--job-id', '48', '--raw', '--subdir', 'DAGS_FOLDER/ecomm_dag.py', '--cfg-path', '/tmp/tmpshu_yuj_']
[2024-06-29T22:01:50.804+0000] {standard_task_runner.py:91} INFO - Job 48: Subtask generate_and_insert_data
[2024-06-29T22:01:50.836+0000] {task_command.py:426} INFO - Running <TaskInstance: ecomm_data_pipeline.generate_and_insert_data scheduled__2023-01-01T07:40:00+00:00 [running]> on host 799998b0d26e
[2024-06-29T22:01:50.868+0000] {taskinstance.py:2648} INFO - Exporting env vars: AIRFLOW_CTX_DAG_OWNER='airflow' AIRFLOW_CTX_DAG_ID='ecomm_data_pipeline' AIRFLOW_CTX_TASK_ID='generate_and_insert_data' AIRFLOW_CTX_EXECUTION_DATE='2023-01-01T07:40:00+00:00' AIRFLOW_CTX_TRY_NUMBER='1' AIRFLOW_CTX_DAG_RUN_ID='scheduled__2023-01-01T07:40:00+00:00'
[2024-06-29T22:01:50.868+0000] {taskinstance.py:430} INFO - ::endgroup::
[2024-06-29T22:01:50.928+0000] {logging_mixin.py:188} INFO - Error in generate_and_insert_data: Command '['python3', '/opt/airflow/generator/ecomm_generator.py']' returned non-zero exit status 1.
[2024-06-29T22:01:50.929+0000] {logging_mixin.py:188} INFO - stdout: 
[2024-06-29T22:01:50.929+0000] {logging_mixin.py:188} INFO - stderr: Traceback (most recent call last):
  File "/opt/airflow/generator/ecomm_generator.py", line 4, in <module>
    from faker import Faker
ModuleNotFoundError: No module named 'faker'
[2024-06-29T22:01:50.929+0000] {python.py:237} INFO - Done. Returned value was: None
[2024-06-29T22:01:50.929+0000] {taskinstance.py:441} INFO - ::group::Post task execution logs
[2024-06-29T22:01:50.935+0000] {taskinstance.py:1206} INFO - Marking task as SUCCESS. dag_id=ecomm_data_pipeline, task_id=generate_and_insert_data, run_id=scheduled__2023-01-01T07:40:00+00:00, execution_date=20230101T074000, start_date=20240629T220150, end_date=20240629T220150
[2024-06-29T22:01:50.946+0000] {local_task_job_runner.py:240} INFO - Task exited with return code 0
[2024-06-29T22:01:50.953+0000] {taskinstance.py:3503} INFO - 0 downstream tasks scheduled from follow-on schedule check
[2024-06-29T22:01:50.954+0000] {local_task_job_runner.py:222} INFO - ::endgroup::
