[2024-07-06T18:10:22.233+0000] {taskinstance.py:1103} INFO - Dependencies all met for dep_context=non-requeueable deps ti=<TaskInstance: import_main_data.wait_for_init scheduled__2024-07-05T03:00:00+00:00 [queued]>
[2024-07-06T18:10:22.236+0000] {taskinstance.py:1103} INFO - Dependencies all met for dep_context=requeueable deps ti=<TaskInstance: import_main_data.wait_for_init scheduled__2024-07-05T03:00:00+00:00 [queued]>
[2024-07-06T18:10:22.236+0000] {taskinstance.py:1308} INFO - Starting attempt 1 of 2
[2024-07-06T18:10:22.240+0000] {taskinstance.py:1327} INFO - Executing <Task(ExternalTaskSensor): wait_for_init> on 2024-07-05 03:00:00+00:00
[2024-07-06T18:10:22.242+0000] {standard_task_runner.py:57} INFO - Started process 618 to run task
[2024-07-06T18:10:22.243+0000] {standard_task_runner.py:84} INFO - Running: ['airflow', 'tasks', 'run', 'import_main_data', 'wait_for_init', 'scheduled__2024-07-05T03:00:00+00:00', '--job-id', '805', '--raw', '--subdir', 'DAGS_FOLDER/import_raw_data.py', '--cfg-path', '/tmp/tmpi8xbwmwj']
[2024-07-06T18:10:22.244+0000] {standard_task_runner.py:85} INFO - Job 805: Subtask wait_for_init
[2024-07-06T18:10:22.265+0000] {task_command.py:410} INFO - Running <TaskInstance: import_main_data.wait_for_init scheduled__2024-07-05T03:00:00+00:00 [running]> on host f6bf59d3e65b
[2024-07-06T18:10:22.298+0000] {taskinstance.py:1545} INFO - Exporting env vars: AIRFLOW_CTX_DAG_EMAIL='airflow@example.com' AIRFLOW_CTX_DAG_OWNER='airflow' AIRFLOW_CTX_DAG_ID='import_main_data' AIRFLOW_CTX_TASK_ID='wait_for_init' AIRFLOW_CTX_EXECUTION_DATE='2024-07-05T03:00:00+00:00' AIRFLOW_CTX_TRY_NUMBER='1' AIRFLOW_CTX_DAG_RUN_ID='scheduled__2024-07-05T03:00:00+00:00'
[2024-07-06T18:10:22.302+0000] {external_task.py:247} INFO - Poking for DAG 'initialize_etl_environment' on 2024-07-05T03:00:00+00:00 ... 
[2024-07-06T18:10:22.313+0000] {taskinstance.py:1784} INFO - Rescheduling task, marking task as UP_FOR_RESCHEDULE
[2024-07-06T18:10:22.344+0000] {local_task_job_runner.py:225} INFO - Task exited with return code 0
[2024-07-06T18:10:22.356+0000] {taskinstance.py:2651} INFO - 0 downstream tasks scheduled from follow-on schedule check
[2024-07-06T18:11:23.801+0000] {taskinstance.py:1103} INFO - Dependencies all met for dep_context=non-requeueable deps ti=<TaskInstance: import_main_data.wait_for_init scheduled__2024-07-05T03:00:00+00:00 [queued]>
[2024-07-06T18:11:23.804+0000] {taskinstance.py:1103} INFO - Dependencies all met for dep_context=requeueable deps ti=<TaskInstance: import_main_data.wait_for_init scheduled__2024-07-05T03:00:00+00:00 [queued]>
[2024-07-06T18:11:23.804+0000] {taskinstance.py:1308} INFO - Starting attempt 1 of 2
[2024-07-06T18:11:23.808+0000] {taskinstance.py:1327} INFO - Executing <Task(ExternalTaskSensor): wait_for_init> on 2024-07-05 03:00:00+00:00
[2024-07-06T18:11:23.810+0000] {standard_task_runner.py:57} INFO - Started process 684 to run task
[2024-07-06T18:11:23.811+0000] {standard_task_runner.py:84} INFO - Running: ['airflow', 'tasks', 'run', 'import_main_data', 'wait_for_init', 'scheduled__2024-07-05T03:00:00+00:00', '--job-id', '821', '--raw', '--subdir', 'DAGS_FOLDER/import_raw_data.py', '--cfg-path', '/tmp/tmpz9o5wta3']
[2024-07-06T18:11:23.812+0000] {standard_task_runner.py:85} INFO - Job 821: Subtask wait_for_init
[2024-07-06T18:11:23.832+0000] {task_command.py:410} INFO - Running <TaskInstance: import_main_data.wait_for_init scheduled__2024-07-05T03:00:00+00:00 [running]> on host f6bf59d3e65b
[2024-07-06T18:11:23.865+0000] {taskinstance.py:1545} INFO - Exporting env vars: AIRFLOW_CTX_DAG_EMAIL='airflow@example.com' AIRFLOW_CTX_DAG_OWNER='airflow' AIRFLOW_CTX_DAG_ID='import_main_data' AIRFLOW_CTX_TASK_ID='wait_for_init' AIRFLOW_CTX_EXECUTION_DATE='2024-07-05T03:00:00+00:00' AIRFLOW_CTX_TRY_NUMBER='1' AIRFLOW_CTX_DAG_RUN_ID='scheduled__2024-07-05T03:00:00+00:00'
[2024-07-06T18:11:23.869+0000] {external_task.py:247} INFO - Poking for DAG 'initialize_etl_environment' on 2024-07-05T03:00:00+00:00 ... 
[2024-07-06T18:11:23.880+0000] {taskinstance.py:1784} INFO - Rescheduling task, marking task as UP_FOR_RESCHEDULE
[2024-07-06T18:11:23.910+0000] {local_task_job_runner.py:225} INFO - Task exited with return code 0
[2024-07-06T18:11:23.922+0000] {taskinstance.py:2651} INFO - 0 downstream tasks scheduled from follow-on schedule check
[2024-07-06T18:12:25.333+0000] {taskinstance.py:1103} INFO - Dependencies all met for dep_context=non-requeueable deps ti=<TaskInstance: import_main_data.wait_for_init scheduled__2024-07-05T03:00:00+00:00 [queued]>
[2024-07-06T18:12:25.336+0000] {taskinstance.py:1103} INFO - Dependencies all met for dep_context=requeueable deps ti=<TaskInstance: import_main_data.wait_for_init scheduled__2024-07-05T03:00:00+00:00 [queued]>
[2024-07-06T18:12:25.337+0000] {taskinstance.py:1308} INFO - Starting attempt 1 of 2
[2024-07-06T18:12:25.340+0000] {taskinstance.py:1327} INFO - Executing <Task(ExternalTaskSensor): wait_for_init> on 2024-07-05 03:00:00+00:00
[2024-07-06T18:12:25.342+0000] {standard_task_runner.py:57} INFO - Started process 748 to run task
[2024-07-06T18:12:25.343+0000] {standard_task_runner.py:84} INFO - Running: ['airflow', 'tasks', 'run', 'import_main_data', 'wait_for_init', 'scheduled__2024-07-05T03:00:00+00:00', '--job-id', '837', '--raw', '--subdir', 'DAGS_FOLDER/import_raw_data.py', '--cfg-path', '/tmp/tmppgt8ldxc']
[2024-07-06T18:12:25.344+0000] {standard_task_runner.py:85} INFO - Job 837: Subtask wait_for_init
[2024-07-06T18:12:25.363+0000] {task_command.py:410} INFO - Running <TaskInstance: import_main_data.wait_for_init scheduled__2024-07-05T03:00:00+00:00 [running]> on host f6bf59d3e65b
[2024-07-06T18:12:25.394+0000] {taskinstance.py:1545} INFO - Exporting env vars: AIRFLOW_CTX_DAG_EMAIL='airflow@example.com' AIRFLOW_CTX_DAG_OWNER='airflow' AIRFLOW_CTX_DAG_ID='import_main_data' AIRFLOW_CTX_TASK_ID='wait_for_init' AIRFLOW_CTX_EXECUTION_DATE='2024-07-05T03:00:00+00:00' AIRFLOW_CTX_TRY_NUMBER='1' AIRFLOW_CTX_DAG_RUN_ID='scheduled__2024-07-05T03:00:00+00:00'
[2024-07-06T18:12:25.399+0000] {external_task.py:247} INFO - Poking for DAG 'initialize_etl_environment' on 2024-07-05T03:00:00+00:00 ... 
[2024-07-06T18:12:25.410+0000] {taskinstance.py:1784} INFO - Rescheduling task, marking task as UP_FOR_RESCHEDULE
[2024-07-06T18:12:25.441+0000] {local_task_job_runner.py:225} INFO - Task exited with return code 0
[2024-07-06T18:12:25.453+0000] {taskinstance.py:2651} INFO - 0 downstream tasks scheduled from follow-on schedule check
[2024-07-06T18:13:27.884+0000] {taskinstance.py:1103} INFO - Dependencies all met for dep_context=non-requeueable deps ti=<TaskInstance: import_main_data.wait_for_init scheduled__2024-07-05T03:00:00+00:00 [queued]>
[2024-07-06T18:13:27.887+0000] {taskinstance.py:1103} INFO - Dependencies all met for dep_context=requeueable deps ti=<TaskInstance: import_main_data.wait_for_init scheduled__2024-07-05T03:00:00+00:00 [queued]>
[2024-07-06T18:13:27.887+0000] {taskinstance.py:1308} INFO - Starting attempt 1 of 2
[2024-07-06T18:13:27.892+0000] {taskinstance.py:1327} INFO - Executing <Task(ExternalTaskSensor): wait_for_init> on 2024-07-05 03:00:00+00:00
[2024-07-06T18:13:27.893+0000] {standard_task_runner.py:57} INFO - Started process 812 to run task
[2024-07-06T18:13:27.895+0000] {standard_task_runner.py:84} INFO - Running: ['airflow', 'tasks', 'run', 'import_main_data', 'wait_for_init', 'scheduled__2024-07-05T03:00:00+00:00', '--job-id', '853', '--raw', '--subdir', 'DAGS_FOLDER/import_raw_data.py', '--cfg-path', '/tmp/tmp002i8_fk']
[2024-07-06T18:13:27.895+0000] {standard_task_runner.py:85} INFO - Job 853: Subtask wait_for_init
[2024-07-06T18:13:27.916+0000] {task_command.py:410} INFO - Running <TaskInstance: import_main_data.wait_for_init scheduled__2024-07-05T03:00:00+00:00 [running]> on host f6bf59d3e65b
[2024-07-06T18:13:27.953+0000] {taskinstance.py:1545} INFO - Exporting env vars: AIRFLOW_CTX_DAG_EMAIL='airflow@example.com' AIRFLOW_CTX_DAG_OWNER='airflow' AIRFLOW_CTX_DAG_ID='import_main_data' AIRFLOW_CTX_TASK_ID='wait_for_init' AIRFLOW_CTX_EXECUTION_DATE='2024-07-05T03:00:00+00:00' AIRFLOW_CTX_TRY_NUMBER='1' AIRFLOW_CTX_DAG_RUN_ID='scheduled__2024-07-05T03:00:00+00:00'
[2024-07-06T18:13:27.958+0000] {external_task.py:247} INFO - Poking for DAG 'initialize_etl_environment' on 2024-07-05T03:00:00+00:00 ... 
[2024-07-06T18:13:27.971+0000] {taskinstance.py:1784} INFO - Rescheduling task, marking task as UP_FOR_RESCHEDULE
[2024-07-06T18:13:27.995+0000] {local_task_job_runner.py:225} INFO - Task exited with return code 0
[2024-07-06T18:13:28.008+0000] {taskinstance.py:2651} INFO - 0 downstream tasks scheduled from follow-on schedule check
[2024-07-06T18:14:29.463+0000] {taskinstance.py:1103} INFO - Dependencies all met for dep_context=non-requeueable deps ti=<TaskInstance: import_main_data.wait_for_init scheduled__2024-07-05T03:00:00+00:00 [queued]>
[2024-07-06T18:14:29.466+0000] {taskinstance.py:1103} INFO - Dependencies all met for dep_context=requeueable deps ti=<TaskInstance: import_main_data.wait_for_init scheduled__2024-07-05T03:00:00+00:00 [queued]>
[2024-07-06T18:14:29.466+0000] {taskinstance.py:1308} INFO - Starting attempt 1 of 2
[2024-07-06T18:14:29.471+0000] {taskinstance.py:1327} INFO - Executing <Task(ExternalTaskSensor): wait_for_init> on 2024-07-05 03:00:00+00:00
[2024-07-06T18:14:29.472+0000] {standard_task_runner.py:57} INFO - Started process 877 to run task
[2024-07-06T18:14:29.473+0000] {standard_task_runner.py:84} INFO - Running: ['airflow', 'tasks', 'run', 'import_main_data', 'wait_for_init', 'scheduled__2024-07-05T03:00:00+00:00', '--job-id', '869', '--raw', '--subdir', 'DAGS_FOLDER/import_raw_data.py', '--cfg-path', '/tmp/tmpkbchs6z4']
[2024-07-06T18:14:29.474+0000] {standard_task_runner.py:85} INFO - Job 869: Subtask wait_for_init
[2024-07-06T18:14:29.494+0000] {task_command.py:410} INFO - Running <TaskInstance: import_main_data.wait_for_init scheduled__2024-07-05T03:00:00+00:00 [running]> on host f6bf59d3e65b
[2024-07-06T18:14:29.528+0000] {taskinstance.py:1545} INFO - Exporting env vars: AIRFLOW_CTX_DAG_EMAIL='airflow@example.com' AIRFLOW_CTX_DAG_OWNER='airflow' AIRFLOW_CTX_DAG_ID='import_main_data' AIRFLOW_CTX_TASK_ID='wait_for_init' AIRFLOW_CTX_EXECUTION_DATE='2024-07-05T03:00:00+00:00' AIRFLOW_CTX_TRY_NUMBER='1' AIRFLOW_CTX_DAG_RUN_ID='scheduled__2024-07-05T03:00:00+00:00'
[2024-07-06T18:14:29.532+0000] {external_task.py:247} INFO - Poking for DAG 'initialize_etl_environment' on 2024-07-05T03:00:00+00:00 ... 
[2024-07-06T18:14:29.543+0000] {taskinstance.py:1784} INFO - Rescheduling task, marking task as UP_FOR_RESCHEDULE
[2024-07-06T18:14:29.578+0000] {local_task_job_runner.py:225} INFO - Task exited with return code 0
[2024-07-06T18:14:29.590+0000] {taskinstance.py:2651} INFO - 0 downstream tasks scheduled from follow-on schedule check
