[2024-06-27T22:35:17.347+0000] {local_task_job_runner.py:120} INFO - ::group::Pre task execution logs
[2024-06-27T22:35:17.357+0000] {taskinstance.py:2076} INFO - Dependencies all met for dep_context=non-requeueable deps ti=<TaskInstance: ecomm_data_pipeline.generate_and_insert_data scheduled__2023-01-01T11:10:00+00:00 [queued]>
[2024-06-27T22:35:17.359+0000] {taskinstance.py:2076} INFO - Dependencies all met for dep_context=requeueable deps ti=<TaskInstance: ecomm_data_pipeline.generate_and_insert_data scheduled__2023-01-01T11:10:00+00:00 [queued]>
[2024-06-27T22:35:17.360+0000] {taskinstance.py:2306} INFO - Starting attempt 1 of 2
[2024-06-27T22:35:17.364+0000] {taskinstance.py:2330} INFO - Executing <Task(PythonOperator): generate_and_insert_data> on 2023-01-01 11:10:00+00:00
[2024-06-27T22:35:17.366+0000] {standard_task_runner.py:63} INFO - Started process 1250 to run task
[2024-06-27T22:35:17.366+0000] {standard_task_runner.py:90} INFO - Running: ['airflow', 'tasks', 'run', 'ecomm_data_pipeline', 'generate_and_insert_data', 'scheduled__2023-01-01T11:10:00+00:00', '--job-id', '86', '--raw', '--subdir', 'DAGS_FOLDER/ecomm_dag.py', '--cfg-path', '/tmp/tmp7tni8895']
[2024-06-27T22:35:17.367+0000] {standard_task_runner.py:91} INFO - Job 86: Subtask generate_and_insert_data
[2024-06-27T22:35:17.383+0000] {task_command.py:426} INFO - Running <TaskInstance: ecomm_data_pipeline.generate_and_insert_data scheduled__2023-01-01T11:10:00+00:00 [running]> on host 9174587f6b1d
[2024-06-27T22:35:17.411+0000] {taskinstance.py:2648} INFO - Exporting env vars: AIRFLOW_CTX_DAG_OWNER='airflow' AIRFLOW_CTX_DAG_ID='ecomm_data_pipeline' AIRFLOW_CTX_TASK_ID='generate_and_insert_data' AIRFLOW_CTX_EXECUTION_DATE='2023-01-01T11:10:00+00:00' AIRFLOW_CTX_TRY_NUMBER='1' AIRFLOW_CTX_DAG_RUN_ID='scheduled__2023-01-01T11:10:00+00:00'
[2024-06-27T22:35:17.412+0000] {taskinstance.py:430} INFO - ::endgroup::
[2024-06-27T22:35:17.444+0000] {logging_mixin.py:188} INFO - Error in generate_and_insert_data: Command '['python3', './generator/ecomm_generator.py']' returned non-zero exit status 2.
[2024-06-27T22:35:17.445+0000] {python.py:237} INFO - Done. Returned value was: None
[2024-06-27T22:35:17.445+0000] {taskinstance.py:441} INFO - ::group::Post task execution logs
[2024-06-27T22:35:17.449+0000] {taskinstance.py:1206} INFO - Marking task as SUCCESS. dag_id=ecomm_data_pipeline, task_id=generate_and_insert_data, run_id=scheduled__2023-01-01T11:10:00+00:00, execution_date=20230101T111000, start_date=20240627T223517, end_date=20240627T223517
[2024-06-27T22:35:17.471+0000] {local_task_job_runner.py:240} INFO - Task exited with return code 0
[2024-06-27T22:35:17.478+0000] {taskinstance.py:3503} INFO - 0 downstream tasks scheduled from follow-on schedule check
[2024-06-27T22:35:17.479+0000] {local_task_job_runner.py:222} INFO - ::endgroup::
[2024-06-28T18:16:29.368+0000] {local_task_job_runner.py:120} INFO - ::group::Pre task execution logs
[2024-06-28T18:16:29.379+0000] {taskinstance.py:2076} INFO - Dependencies all met for dep_context=non-requeueable deps ti=<TaskInstance: ecomm_data_pipeline.generate_and_insert_data scheduled__2023-01-01T11:10:00+00:00 [queued]>
[2024-06-28T18:16:29.381+0000] {taskinstance.py:2076} INFO - Dependencies all met for dep_context=requeueable deps ti=<TaskInstance: ecomm_data_pipeline.generate_and_insert_data scheduled__2023-01-01T11:10:00+00:00 [queued]>
[2024-06-28T18:16:29.381+0000] {taskinstance.py:2306} INFO - Starting attempt 1 of 2
[2024-06-28T18:16:29.386+0000] {taskinstance.py:2330} INFO - Executing <Task(PythonOperator): generate_and_insert_data> on 2023-01-01 11:10:00+00:00
[2024-06-28T18:16:29.387+0000] {standard_task_runner.py:63} INFO - Started process 1922 to run task
[2024-06-28T18:16:29.388+0000] {standard_task_runner.py:90} INFO - Running: ['airflow', 'tasks', 'run', 'ecomm_data_pipeline', 'generate_and_insert_data', 'scheduled__2023-01-01T11:10:00+00:00', '--job-id', '136', '--raw', '--subdir', 'DAGS_FOLDER/ecomm_dag.py', '--cfg-path', '/tmp/tmpl690jddn']
[2024-06-28T18:16:29.389+0000] {standard_task_runner.py:91} INFO - Job 136: Subtask generate_and_insert_data
[2024-06-28T18:16:29.406+0000] {task_command.py:426} INFO - Running <TaskInstance: ecomm_data_pipeline.generate_and_insert_data scheduled__2023-01-01T11:10:00+00:00 [running]> on host 08cefd381a1f
[2024-06-28T18:16:29.435+0000] {taskinstance.py:2648} INFO - Exporting env vars: AIRFLOW_CTX_DAG_OWNER='airflow' AIRFLOW_CTX_DAG_ID='ecomm_data_pipeline' AIRFLOW_CTX_TASK_ID='generate_and_insert_data' AIRFLOW_CTX_EXECUTION_DATE='2023-01-01T11:10:00+00:00' AIRFLOW_CTX_TRY_NUMBER='1' AIRFLOW_CTX_DAG_RUN_ID='scheduled__2023-01-01T11:10:00+00:00'
[2024-06-28T18:16:29.435+0000] {taskinstance.py:430} INFO - ::endgroup::
[2024-06-28T18:16:29.492+0000] {logging_mixin.py:188} INFO - Error in generate_and_insert_data: Command '['python3', '/opt/airflow/generator/ecomm_generator.py']' returned non-zero exit status 1.
[2024-06-28T18:16:29.492+0000] {logging_mixin.py:188} INFO - stdout: 
[2024-06-28T18:16:29.492+0000] {logging_mixin.py:188} INFO - stderr: Traceback (most recent call last):
  File "/opt/airflow/generator/ecomm_generator.py", line 4, in <module>
    from faker import Faker
ModuleNotFoundError: No module named 'faker'
[2024-06-28T18:16:29.493+0000] {python.py:237} INFO - Done. Returned value was: None
[2024-06-28T18:16:29.493+0000] {taskinstance.py:441} INFO - ::group::Post task execution logs
[2024-06-28T18:16:29.498+0000] {taskinstance.py:1206} INFO - Marking task as SUCCESS. dag_id=ecomm_data_pipeline, task_id=generate_and_insert_data, run_id=scheduled__2023-01-01T11:10:00+00:00, execution_date=20230101T111000, start_date=20240628T181629, end_date=20240628T181629
[2024-06-28T18:16:29.530+0000] {local_task_job_runner.py:240} INFO - Task exited with return code 0
[2024-06-28T18:16:29.537+0000] {taskinstance.py:3503} INFO - 0 downstream tasks scheduled from follow-on schedule check
[2024-06-28T18:16:29.538+0000] {local_task_job_runner.py:222} INFO - ::endgroup::
[2024-06-29T21:38:42.828+0000] {local_task_job_runner.py:120} INFO - ::group::Pre task execution logs
[2024-06-29T21:38:42.837+0000] {taskinstance.py:2076} INFO - Dependencies all met for dep_context=non-requeueable deps ti=<TaskInstance: ecomm_data_pipeline.generate_and_insert_data scheduled__2023-01-01T11:10:00+00:00 [queued]>
[2024-06-29T21:38:42.840+0000] {taskinstance.py:2076} INFO - Dependencies all met for dep_context=requeueable deps ti=<TaskInstance: ecomm_data_pipeline.generate_and_insert_data scheduled__2023-01-01T11:10:00+00:00 [queued]>
[2024-06-29T21:38:42.840+0000] {taskinstance.py:2306} INFO - Starting attempt 1 of 2
[2024-06-29T21:38:42.844+0000] {taskinstance.py:2330} INFO - Executing <Task(PythonOperator): generate_and_insert_data> on 2023-01-01 11:10:00+00:00
[2024-06-29T21:38:42.846+0000] {standard_task_runner.py:63} INFO - Started process 1015 to run task
[2024-06-29T21:38:42.847+0000] {standard_task_runner.py:90} INFO - Running: ['airflow', 'tasks', 'run', 'ecomm_data_pipeline', 'generate_and_insert_data', 'scheduled__2023-01-01T11:10:00+00:00', '--job-id', '69', '--raw', '--subdir', 'DAGS_FOLDER/ecomm_dag.py', '--cfg-path', '/tmp/tmptw3j_4cj']
[2024-06-29T21:38:42.848+0000] {standard_task_runner.py:91} INFO - Job 69: Subtask generate_and_insert_data
[2024-06-29T21:38:42.865+0000] {task_command.py:426} INFO - Running <TaskInstance: ecomm_data_pipeline.generate_and_insert_data scheduled__2023-01-01T11:10:00+00:00 [running]> on host afcb6fbf9265
[2024-06-29T21:38:42.892+0000] {taskinstance.py:2648} INFO - Exporting env vars: AIRFLOW_CTX_DAG_OWNER='airflow' AIRFLOW_CTX_DAG_ID='ecomm_data_pipeline' AIRFLOW_CTX_TASK_ID='generate_and_insert_data' AIRFLOW_CTX_EXECUTION_DATE='2023-01-01T11:10:00+00:00' AIRFLOW_CTX_TRY_NUMBER='1' AIRFLOW_CTX_DAG_RUN_ID='scheduled__2023-01-01T11:10:00+00:00'
[2024-06-29T21:38:42.893+0000] {taskinstance.py:430} INFO - ::endgroup::
[2024-06-29T21:38:42.949+0000] {logging_mixin.py:188} INFO - Error in generate_and_insert_data: Command '['python3', '/opt/airflow/generator/ecomm_generator.py']' returned non-zero exit status 1.
[2024-06-29T21:38:42.950+0000] {logging_mixin.py:188} INFO - stdout: 
[2024-06-29T21:38:42.950+0000] {logging_mixin.py:188} INFO - stderr: Traceback (most recent call last):
  File "/opt/airflow/generator/ecomm_generator.py", line 4, in <module>
    from faker import Faker
ModuleNotFoundError: No module named 'faker'
[2024-06-29T21:38:42.950+0000] {python.py:237} INFO - Done. Returned value was: None
[2024-06-29T21:38:42.950+0000] {taskinstance.py:441} INFO - ::group::Post task execution logs
[2024-06-29T21:38:42.955+0000] {taskinstance.py:1206} INFO - Marking task as SUCCESS. dag_id=ecomm_data_pipeline, task_id=generate_and_insert_data, run_id=scheduled__2023-01-01T11:10:00+00:00, execution_date=20230101T111000, start_date=20240629T213842, end_date=20240629T213842
[2024-06-29T21:38:42.998+0000] {local_task_job_runner.py:240} INFO - Task exited with return code 0
[2024-06-29T21:38:43.005+0000] {taskinstance.py:3503} INFO - 0 downstream tasks scheduled from follow-on schedule check
[2024-06-29T21:38:43.005+0000] {local_task_job_runner.py:222} INFO - ::endgroup::
[2024-06-29T22:02:30.776+0000] {local_task_job_runner.py:120} INFO - ::group::Pre task execution logs
[2024-06-29T22:02:30.786+0000] {taskinstance.py:2076} INFO - Dependencies all met for dep_context=non-requeueable deps ti=<TaskInstance: ecomm_data_pipeline.generate_and_insert_data scheduled__2023-01-01T11:10:00+00:00 [queued]>
[2024-06-29T22:02:30.788+0000] {taskinstance.py:2076} INFO - Dependencies all met for dep_context=requeueable deps ti=<TaskInstance: ecomm_data_pipeline.generate_and_insert_data scheduled__2023-01-01T11:10:00+00:00 [queued]>
[2024-06-29T22:02:30.789+0000] {taskinstance.py:2306} INFO - Starting attempt 1 of 2
[2024-06-29T22:02:30.793+0000] {taskinstance.py:2330} INFO - Executing <Task(PythonOperator): generate_and_insert_data> on 2023-01-01 11:10:00+00:00
[2024-06-29T22:02:30.795+0000] {standard_task_runner.py:63} INFO - Started process 1015 to run task
[2024-06-29T22:02:30.796+0000] {standard_task_runner.py:90} INFO - Running: ['airflow', 'tasks', 'run', 'ecomm_data_pipeline', 'generate_and_insert_data', 'scheduled__2023-01-01T11:10:00+00:00', '--job-id', '69', '--raw', '--subdir', 'DAGS_FOLDER/ecomm_dag.py', '--cfg-path', '/tmp/tmputlf6bnf']
[2024-06-29T22:02:30.797+0000] {standard_task_runner.py:91} INFO - Job 69: Subtask generate_and_insert_data
[2024-06-29T22:02:30.814+0000] {task_command.py:426} INFO - Running <TaskInstance: ecomm_data_pipeline.generate_and_insert_data scheduled__2023-01-01T11:10:00+00:00 [running]> on host 799998b0d26e
[2024-06-29T22:02:30.843+0000] {taskinstance.py:2648} INFO - Exporting env vars: AIRFLOW_CTX_DAG_OWNER='airflow' AIRFLOW_CTX_DAG_ID='ecomm_data_pipeline' AIRFLOW_CTX_TASK_ID='generate_and_insert_data' AIRFLOW_CTX_EXECUTION_DATE='2023-01-01T11:10:00+00:00' AIRFLOW_CTX_TRY_NUMBER='1' AIRFLOW_CTX_DAG_RUN_ID='scheduled__2023-01-01T11:10:00+00:00'
[2024-06-29T22:02:30.843+0000] {taskinstance.py:430} INFO - ::endgroup::
[2024-06-29T22:02:30.900+0000] {logging_mixin.py:188} INFO - Error in generate_and_insert_data: Command '['python3', '/opt/airflow/generator/ecomm_generator.py']' returned non-zero exit status 1.
[2024-06-29T22:02:30.900+0000] {logging_mixin.py:188} INFO - stdout: 
[2024-06-29T22:02:30.901+0000] {logging_mixin.py:188} INFO - stderr: Traceback (most recent call last):
  File "/opt/airflow/generator/ecomm_generator.py", line 4, in <module>
    from faker import Faker
ModuleNotFoundError: No module named 'faker'
[2024-06-29T22:02:30.901+0000] {python.py:237} INFO - Done. Returned value was: None
[2024-06-29T22:02:30.901+0000] {taskinstance.py:441} INFO - ::group::Post task execution logs
[2024-06-29T22:02:30.906+0000] {taskinstance.py:1206} INFO - Marking task as SUCCESS. dag_id=ecomm_data_pipeline, task_id=generate_and_insert_data, run_id=scheduled__2023-01-01T11:10:00+00:00, execution_date=20230101T111000, start_date=20240629T220230, end_date=20240629T220230
[2024-06-29T22:02:30.948+0000] {local_task_job_runner.py:240} INFO - Task exited with return code 0
[2024-06-29T22:02:30.956+0000] {taskinstance.py:3503} INFO - 0 downstream tasks scheduled from follow-on schedule check
[2024-06-29T22:02:30.956+0000] {local_task_job_runner.py:222} INFO - ::endgroup::
