[2024-07-06T21:35:42.578+0000] {taskinstance.py:1103} INFO - Dependencies all met for dep_context=non-requeueable deps ti=<TaskInstance: import_main_data.export_and_load_transaction_data scheduled__2024-07-06T04:00:00+00:00 [queued]>
[2024-07-06T21:35:42.583+0000] {taskinstance.py:1103} INFO - Dependencies all met for dep_context=requeueable deps ti=<TaskInstance: import_main_data.export_and_load_transaction_data scheduled__2024-07-06T04:00:00+00:00 [queued]>
[2024-07-06T21:35:42.583+0000] {taskinstance.py:1308} INFO - Starting attempt 1 of 2
[2024-07-06T21:35:42.590+0000] {taskinstance.py:1327} INFO - Executing <Task(BashOperator): export_and_load_transaction_data> on 2024-07-06 04:00:00+00:00
[2024-07-06T21:35:42.591+0000] {standard_task_runner.py:57} INFO - Started process 2777 to run task
[2024-07-06T21:35:42.593+0000] {standard_task_runner.py:84} INFO - Running: ['airflow', 'tasks', 'run', 'import_main_data', 'export_and_load_transaction_data', 'scheduled__2024-07-06T04:00:00+00:00', '--job-id', '1031', '--raw', '--subdir', 'DAGS_FOLDER/import_raw_data.py', '--cfg-path', '/tmp/tmpccjqa1uf']
[2024-07-06T21:35:42.594+0000] {standard_task_runner.py:85} INFO - Job 1031: Subtask export_and_load_transaction_data
[2024-07-06T21:35:42.639+0000] {task_command.py:410} INFO - Running <TaskInstance: import_main_data.export_and_load_transaction_data scheduled__2024-07-06T04:00:00+00:00 [running]> on host c058add182a5
[2024-07-06T21:35:42.714+0000] {taskinstance.py:1545} INFO - Exporting env vars: AIRFLOW_CTX_DAG_EMAIL='airflow@example.com' AIRFLOW_CTX_DAG_OWNER='airflow' AIRFLOW_CTX_DAG_ID='import_main_data' AIRFLOW_CTX_TASK_ID='export_and_load_transaction_data' AIRFLOW_CTX_EXECUTION_DATE='2024-07-06T04:00:00+00:00' AIRFLOW_CTX_TRY_NUMBER='1' AIRFLOW_CTX_DAG_RUN_ID='scheduled__2024-07-06T04:00:00+00:00'
[2024-07-06T21:35:42.715+0000] {subprocess.py:63} INFO - Tmp dir root location: 
 /tmp
[2024-07-06T21:35:42.716+0000] {subprocess.py:75} INFO - Running command: ['/bin/bash', '-c', "bash /opt/airflow/scripts/import_core_data.sh transactions transaction_id 'transaction_id, timestamp, product_id, user_id, payment_method, transaction_type, created_at' ***ql://***:***@company_db:5432/company_db ***ql://***:***@company_dw:5432/company_dw"]
[2024-07-06T21:35:42.720+0000] {subprocess.py:86} INFO - Output:
[2024-07-06T21:35:42.781+0000] {subprocess.py:93} INFO - CREATE TABLE
[2024-07-06T21:35:42.815+0000] {subprocess.py:93} INFO - COPY 989
[2024-07-06T21:35:42.836+0000] {subprocess.py:93} INFO - INSERT 0 989
[2024-07-06T21:35:42.836+0000] {subprocess.py:93} INFO - DROP TABLE
[2024-07-06T21:35:42.836+0000] {subprocess.py:97} INFO - Command exited with return code 0
[2024-07-06T21:35:42.849+0000] {taskinstance.py:1345} INFO - Marking task as SUCCESS. dag_id=import_main_data, task_id=export_and_load_transaction_data, execution_date=20240706T040000, start_date=20240706T213542, end_date=20240706T213542
[2024-07-06T21:35:42.857+0000] {local_task_job_runner.py:225} INFO - Task exited with return code 0
[2024-07-06T21:35:42.878+0000] {taskinstance.py:2651} INFO - 1 downstream tasks scheduled from follow-on schedule check
