[2024-07-06T18:14:52.619+0000] {taskinstance.py:1103} INFO - Dependencies all met for dep_context=non-requeueable deps ti=<TaskInstance: import_main_data.wait_for_init scheduled__2024-07-05T16:00:00+00:00 [queued]>
[2024-07-06T18:14:52.622+0000] {taskinstance.py:1103} INFO - Dependencies all met for dep_context=requeueable deps ti=<TaskInstance: import_main_data.wait_for_init scheduled__2024-07-05T16:00:00+00:00 [queued]>
[2024-07-06T18:14:52.623+0000] {taskinstance.py:1308} INFO - Starting attempt 1 of 2
[2024-07-06T18:14:52.627+0000] {taskinstance.py:1327} INFO - Executing <Task(ExternalTaskSensor): wait_for_init> on 2024-07-05 16:00:00+00:00
[2024-07-06T18:14:52.628+0000] {standard_task_runner.py:57} INFO - Started process 902 to run task
[2024-07-06T18:14:52.630+0000] {standard_task_runner.py:84} INFO - Running: ['airflow', 'tasks', 'run', 'import_main_data', 'wait_for_init', 'scheduled__2024-07-05T16:00:00+00:00', '--job-id', '875', '--raw', '--subdir', 'DAGS_FOLDER/import_raw_data.py', '--cfg-path', '/tmp/tmpxqpue43d']
[2024-07-06T18:14:52.630+0000] {standard_task_runner.py:85} INFO - Job 875: Subtask wait_for_init
[2024-07-06T18:14:52.653+0000] {task_command.py:410} INFO - Running <TaskInstance: import_main_data.wait_for_init scheduled__2024-07-05T16:00:00+00:00 [running]> on host f6bf59d3e65b
[2024-07-06T18:14:52.693+0000] {taskinstance.py:1545} INFO - Exporting env vars: AIRFLOW_CTX_DAG_EMAIL='airflow@example.com' AIRFLOW_CTX_DAG_OWNER='airflow' AIRFLOW_CTX_DAG_ID='import_main_data' AIRFLOW_CTX_TASK_ID='wait_for_init' AIRFLOW_CTX_EXECUTION_DATE='2024-07-05T16:00:00+00:00' AIRFLOW_CTX_TRY_NUMBER='1' AIRFLOW_CTX_DAG_RUN_ID='scheduled__2024-07-05T16:00:00+00:00'
[2024-07-06T18:14:52.697+0000] {external_task.py:247} INFO - Poking for DAG 'initialize_etl_environment' on 2024-07-05T16:00:00+00:00 ... 
[2024-07-06T18:14:52.709+0000] {taskinstance.py:1784} INFO - Rescheduling task, marking task as UP_FOR_RESCHEDULE
[2024-07-06T18:14:52.734+0000] {local_task_job_runner.py:225} INFO - Task exited with return code 0
[2024-07-06T18:14:52.747+0000] {taskinstance.py:2651} INFO - 0 downstream tasks scheduled from follow-on schedule check
[2024-07-06T18:43:29.315+0000] {taskinstance.py:1103} INFO - Dependencies all met for dep_context=non-requeueable deps ti=<TaskInstance: import_main_data.wait_for_init scheduled__2024-07-05T16:00:00+00:00 [queued]>
[2024-07-06T18:43:29.318+0000] {taskinstance.py:1103} INFO - Dependencies all met for dep_context=requeueable deps ti=<TaskInstance: import_main_data.wait_for_init scheduled__2024-07-05T16:00:00+00:00 [queued]>
[2024-07-06T18:43:29.318+0000] {taskinstance.py:1308} INFO - Starting attempt 1 of 2
[2024-07-06T18:43:29.322+0000] {taskinstance.py:1327} INFO - Executing <Task(ExternalTaskSensor): wait_for_init> on 2024-07-05 16:00:00+00:00
[2024-07-06T18:43:29.323+0000] {standard_task_runner.py:57} INFO - Started process 1360 to run task
[2024-07-06T18:43:29.325+0000] {standard_task_runner.py:84} INFO - Running: ['airflow', 'tasks', 'run', 'import_main_data', 'wait_for_init', 'scheduled__2024-07-05T16:00:00+00:00', '--job-id', '899', '--raw', '--subdir', 'DAGS_FOLDER/import_raw_data.py', '--cfg-path', '/tmp/tmpvm93t6tq']
[2024-07-06T18:43:29.326+0000] {standard_task_runner.py:85} INFO - Job 899: Subtask wait_for_init
[2024-07-06T18:43:29.346+0000] {task_command.py:410} INFO - Running <TaskInstance: import_main_data.wait_for_init scheduled__2024-07-05T16:00:00+00:00 [running]> on host f6bf59d3e65b
[2024-07-06T18:43:29.381+0000] {taskinstance.py:1545} INFO - Exporting env vars: AIRFLOW_CTX_DAG_EMAIL='airflow@example.com' AIRFLOW_CTX_DAG_OWNER='airflow' AIRFLOW_CTX_DAG_ID='import_main_data' AIRFLOW_CTX_TASK_ID='wait_for_init' AIRFLOW_CTX_EXECUTION_DATE='2024-07-05T16:00:00+00:00' AIRFLOW_CTX_TRY_NUMBER='1' AIRFLOW_CTX_DAG_RUN_ID='scheduled__2024-07-05T16:00:00+00:00'
[2024-07-06T18:43:29.385+0000] {external_task.py:247} INFO - Poking for DAG 'initialize_etl_environment' on 2024-07-05T16:00:00+00:00 ... 
[2024-07-06T18:43:29.396+0000] {taskinstance.py:1784} INFO - Rescheduling task, marking task as UP_FOR_RESCHEDULE
[2024-07-06T18:43:29.423+0000] {local_task_job_runner.py:225} INFO - Task exited with return code 0
[2024-07-06T18:43:29.435+0000] {taskinstance.py:2651} INFO - 0 downstream tasks scheduled from follow-on schedule check
[2024-07-06T18:44:31.216+0000] {taskinstance.py:1103} INFO - Dependencies all met for dep_context=non-requeueable deps ti=<TaskInstance: import_main_data.wait_for_init scheduled__2024-07-05T16:00:00+00:00 [queued]>
[2024-07-06T18:44:31.219+0000] {taskinstance.py:1103} INFO - Dependencies all met for dep_context=requeueable deps ti=<TaskInstance: import_main_data.wait_for_init scheduled__2024-07-05T16:00:00+00:00 [queued]>
[2024-07-06T18:44:31.219+0000] {taskinstance.py:1308} INFO - Starting attempt 1 of 2
[2024-07-06T18:44:31.223+0000] {taskinstance.py:1327} INFO - Executing <Task(ExternalTaskSensor): wait_for_init> on 2024-07-05 16:00:00+00:00
[2024-07-06T18:44:31.224+0000] {standard_task_runner.py:57} INFO - Started process 1420 to run task
[2024-07-06T18:44:31.226+0000] {standard_task_runner.py:84} INFO - Running: ['airflow', 'tasks', 'run', 'import_main_data', 'wait_for_init', 'scheduled__2024-07-05T16:00:00+00:00', '--job-id', '913', '--raw', '--subdir', 'DAGS_FOLDER/import_raw_data.py', '--cfg-path', '/tmp/tmpnj4xgs8t']
[2024-07-06T18:44:31.227+0000] {standard_task_runner.py:85} INFO - Job 913: Subtask wait_for_init
[2024-07-06T18:44:31.247+0000] {task_command.py:410} INFO - Running <TaskInstance: import_main_data.wait_for_init scheduled__2024-07-05T16:00:00+00:00 [running]> on host f6bf59d3e65b
[2024-07-06T18:44:31.282+0000] {taskinstance.py:1545} INFO - Exporting env vars: AIRFLOW_CTX_DAG_EMAIL='airflow@example.com' AIRFLOW_CTX_DAG_OWNER='airflow' AIRFLOW_CTX_DAG_ID='import_main_data' AIRFLOW_CTX_TASK_ID='wait_for_init' AIRFLOW_CTX_EXECUTION_DATE='2024-07-05T16:00:00+00:00' AIRFLOW_CTX_TRY_NUMBER='1' AIRFLOW_CTX_DAG_RUN_ID='scheduled__2024-07-05T16:00:00+00:00'
[2024-07-06T18:44:31.286+0000] {external_task.py:247} INFO - Poking for DAG 'initialize_etl_environment' on 2024-07-05T16:00:00+00:00 ... 
[2024-07-06T18:44:31.297+0000] {taskinstance.py:1784} INFO - Rescheduling task, marking task as UP_FOR_RESCHEDULE
[2024-07-06T18:44:31.329+0000] {local_task_job_runner.py:225} INFO - Task exited with return code 0
[2024-07-06T18:44:31.340+0000] {taskinstance.py:2651} INFO - 0 downstream tasks scheduled from follow-on schedule check
