[2024-07-06T22:08:02.968+0000] {taskinstance.py:1103} INFO - Dependencies all met for dep_context=non-requeueable deps ti=<TaskInstance: initialize_etl_environment.create_products_table scheduled__2024-07-03T00:00:00+00:00 [queued]>
[2024-07-06T22:08:02.972+0000] {taskinstance.py:1103} INFO - Dependencies all met for dep_context=requeueable deps ti=<TaskInstance: initialize_etl_environment.create_products_table scheduled__2024-07-03T00:00:00+00:00 [queued]>
[2024-07-06T22:08:02.972+0000] {taskinstance.py:1308} INFO - Starting attempt 1 of 2
[2024-07-06T22:08:02.976+0000] {taskinstance.py:1327} INFO - Executing <Task(PostgresOperator): create_products_table> on 2024-07-03 00:00:00+00:00
[2024-07-06T22:08:02.978+0000] {standard_task_runner.py:57} INFO - Started process 4301 to run task
[2024-07-06T22:08:02.980+0000] {standard_task_runner.py:84} INFO - Running: ['airflow', 'tasks', 'run', 'initialize_etl_environment', 'create_products_table', 'scheduled__2024-07-03T00:00:00+00:00', '--job-id', '1166', '--raw', '--subdir', 'DAGS_FOLDER/etl_env_init.py', '--cfg-path', '/tmp/tmpr3pq4k_o']
[2024-07-06T22:08:02.980+0000] {standard_task_runner.py:85} INFO - Job 1166: Subtask create_products_table
[2024-07-06T22:08:03.002+0000] {task_command.py:410} INFO - Running <TaskInstance: initialize_etl_environment.create_products_table scheduled__2024-07-03T00:00:00+00:00 [running]> on host c058add182a5
[2024-07-06T22:08:03.040+0000] {taskinstance.py:1545} INFO - Exporting env vars: AIRFLOW_CTX_DAG_EMAIL='airflow@example.com' AIRFLOW_CTX_DAG_OWNER='airflow' AIRFLOW_CTX_DAG_ID='initialize_etl_environment' AIRFLOW_CTX_TASK_ID='create_products_table' AIRFLOW_CTX_EXECUTION_DATE='2024-07-03T00:00:00+00:00' AIRFLOW_CTX_TRY_NUMBER='1' AIRFLOW_CTX_DAG_RUN_ID='scheduled__2024-07-03T00:00:00+00:00'
[2024-07-06T22:08:03.041+0000] {sql.py:262} INFO - Executing: 
    CREATE TABLE IF NOT EXISTS raw.products (
        product_id INT PRIMARY KEY,
        name VARCHAR(255),
        category VARCHAR(255),
        description VARCHAR(255),
        price DECIMAL,
        created_at TIMESTAMP 
    );
        
    
[2024-07-06T22:08:03.044+0000] {base.py:73} INFO - Using connection ID 'company_dw' for task execution.
[2024-07-06T22:08:03.065+0000] {base.py:73} INFO - Using connection ID 'company_dw' for task execution.
[2024-07-06T22:08:03.067+0000] {sql.py:375} INFO - Running statement: 
    CREATE TABLE IF NOT EXISTS raw.products (
        product_id INT PRIMARY KEY,
        name VARCHAR(255),
        category VARCHAR(255),
        description VARCHAR(255),
        price DECIMAL,
        created_at TIMESTAMP 
    );
        
    , parameters: None
[2024-07-06T22:08:03.072+0000] {taskinstance.py:1345} INFO - Marking task as SUCCESS. dag_id=initialize_etl_environment, task_id=create_products_table, execution_date=20240703T000000, start_date=20240706T220802, end_date=20240706T220803
[2024-07-06T22:08:03.078+0000] {local_task_job_runner.py:225} INFO - Task exited with return code 0
[2024-07-06T22:08:03.086+0000] {taskinstance.py:2651} INFO - 0 downstream tasks scheduled from follow-on schedule check
