[2024-06-27T22:34:24.582+0000] {local_task_job_runner.py:120} INFO - ::group::Pre task execution logs
[2024-06-27T22:34:24.591+0000] {taskinstance.py:2076} INFO - Dependencies all met for dep_context=non-requeueable deps ti=<TaskInstance: ecomm_data_pipeline.generate_and_insert_data scheduled__2023-01-01T06:30:00+00:00 [queued]>
[2024-06-27T22:34:24.594+0000] {taskinstance.py:2076} INFO - Dependencies all met for dep_context=requeueable deps ti=<TaskInstance: ecomm_data_pipeline.generate_and_insert_data scheduled__2023-01-01T06:30:00+00:00 [queued]>
[2024-06-27T22:34:24.594+0000] {taskinstance.py:2306} INFO - Starting attempt 1 of 2
[2024-06-27T22:34:24.598+0000] {taskinstance.py:2330} INFO - Executing <Task(PythonOperator): generate_and_insert_data> on 2023-01-01 06:30:00+00:00
[2024-06-27T22:34:24.600+0000] {standard_task_runner.py:63} INFO - Started process 840 to run task
[2024-06-27T22:34:24.601+0000] {standard_task_runner.py:90} INFO - Running: ['airflow', 'tasks', 'run', 'ecomm_data_pipeline', 'generate_and_insert_data', 'scheduled__2023-01-01T06:30:00+00:00', '--job-id', '58', '--raw', '--subdir', 'DAGS_FOLDER/ecomm_dag.py', '--cfg-path', '/tmp/tmpx7g9ok6d']
[2024-06-27T22:34:24.602+0000] {standard_task_runner.py:91} INFO - Job 58: Subtask generate_and_insert_data
[2024-06-27T22:34:24.618+0000] {task_command.py:426} INFO - Running <TaskInstance: ecomm_data_pipeline.generate_and_insert_data scheduled__2023-01-01T06:30:00+00:00 [running]> on host 9174587f6b1d
[2024-06-27T22:34:24.645+0000] {taskinstance.py:2648} INFO - Exporting env vars: AIRFLOW_CTX_DAG_OWNER='airflow' AIRFLOW_CTX_DAG_ID='ecomm_data_pipeline' AIRFLOW_CTX_TASK_ID='generate_and_insert_data' AIRFLOW_CTX_EXECUTION_DATE='2023-01-01T06:30:00+00:00' AIRFLOW_CTX_TRY_NUMBER='1' AIRFLOW_CTX_DAG_RUN_ID='scheduled__2023-01-01T06:30:00+00:00'
[2024-06-27T22:34:24.646+0000] {taskinstance.py:430} INFO - ::endgroup::
[2024-06-27T22:34:24.678+0000] {logging_mixin.py:188} INFO - Error in generate_and_insert_data: Command '['python3', './generator/ecomm_generator.py']' returned non-zero exit status 2.
[2024-06-27T22:34:24.678+0000] {python.py:237} INFO - Done. Returned value was: None
[2024-06-27T22:34:24.678+0000] {taskinstance.py:441} INFO - ::group::Post task execution logs
[2024-06-27T22:34:24.682+0000] {taskinstance.py:1206} INFO - Marking task as SUCCESS. dag_id=ecomm_data_pipeline, task_id=generate_and_insert_data, run_id=scheduled__2023-01-01T06:30:00+00:00, execution_date=20230101T063000, start_date=20240627T223424, end_date=20240627T223424
[2024-06-27T22:34:24.701+0000] {local_task_job_runner.py:240} INFO - Task exited with return code 0
[2024-06-27T22:34:24.707+0000] {taskinstance.py:3503} INFO - 0 downstream tasks scheduled from follow-on schedule check
[2024-06-27T22:34:24.708+0000] {local_task_job_runner.py:222} INFO - ::endgroup::
[2024-06-27T22:53:29.765+0000] {local_task_job_runner.py:120} INFO - ::group::Pre task execution logs
[2024-06-27T22:53:29.776+0000] {taskinstance.py:2076} INFO - Dependencies all met for dep_context=non-requeueable deps ti=<TaskInstance: ecomm_data_pipeline.generate_and_insert_data scheduled__2023-01-01T06:30:00+00:00 [queued]>
[2024-06-27T22:53:29.778+0000] {taskinstance.py:2076} INFO - Dependencies all met for dep_context=requeueable deps ti=<TaskInstance: ecomm_data_pipeline.generate_and_insert_data scheduled__2023-01-01T06:30:00+00:00 [queued]>
[2024-06-27T22:53:29.778+0000] {taskinstance.py:2306} INFO - Starting attempt 1 of 2
[2024-06-27T22:53:29.782+0000] {taskinstance.py:2330} INFO - Executing <Task(PythonOperator): generate_and_insert_data> on 2023-01-01 06:30:00+00:00
[2024-06-27T22:53:29.784+0000] {standard_task_runner.py:63} INFO - Started process 1009 to run task
[2024-06-27T22:53:29.785+0000] {standard_task_runner.py:90} INFO - Running: ['airflow', 'tasks', 'run', 'ecomm_data_pipeline', 'generate_and_insert_data', 'scheduled__2023-01-01T06:30:00+00:00', '--job-id', '71', '--raw', '--subdir', 'DAGS_FOLDER/ecomm_dag.py', '--cfg-path', '/tmp/tmpyl23k55p']
[2024-06-27T22:53:29.786+0000] {standard_task_runner.py:91} INFO - Job 71: Subtask generate_and_insert_data
[2024-06-27T22:53:29.802+0000] {task_command.py:426} INFO - Running <TaskInstance: ecomm_data_pipeline.generate_and_insert_data scheduled__2023-01-01T06:30:00+00:00 [running]> on host a70edf9d8581
[2024-06-27T22:53:29.830+0000] {taskinstance.py:2648} INFO - Exporting env vars: AIRFLOW_CTX_DAG_OWNER='airflow' AIRFLOW_CTX_DAG_ID='ecomm_data_pipeline' AIRFLOW_CTX_TASK_ID='generate_and_insert_data' AIRFLOW_CTX_EXECUTION_DATE='2023-01-01T06:30:00+00:00' AIRFLOW_CTX_TRY_NUMBER='1' AIRFLOW_CTX_DAG_RUN_ID='scheduled__2023-01-01T06:30:00+00:00'
[2024-06-27T22:53:29.830+0000] {taskinstance.py:430} INFO - ::endgroup::
[2024-06-27T22:53:29.863+0000] {logging_mixin.py:188} INFO - Error in generate_and_insert_data: Command '['python3', './generator/ecomm_generator.py']' returned non-zero exit status 2.
[2024-06-27T22:53:29.863+0000] {logging_mixin.py:188} INFO - stdout: 
[2024-06-27T22:53:29.863+0000] {logging_mixin.py:188} INFO - stderr: python3: can't open file '/opt/airflow/./generator/ecomm_generator.py': [Errno 2] No such file or directory
[2024-06-27T22:53:29.863+0000] {python.py:237} INFO - Done. Returned value was: None
[2024-06-27T22:53:29.864+0000] {taskinstance.py:441} INFO - ::group::Post task execution logs
[2024-06-27T22:53:29.868+0000] {taskinstance.py:1206} INFO - Marking task as SUCCESS. dag_id=ecomm_data_pipeline, task_id=generate_and_insert_data, run_id=scheduled__2023-01-01T06:30:00+00:00, execution_date=20230101T063000, start_date=20240627T225329, end_date=20240627T225329
[2024-06-27T22:53:29.887+0000] {local_task_job_runner.py:240} INFO - Task exited with return code 0
[2024-06-27T22:53:29.894+0000] {taskinstance.py:3503} INFO - 0 downstream tasks scheduled from follow-on schedule check
[2024-06-27T22:53:29.894+0000] {local_task_job_runner.py:222} INFO - ::endgroup::
[2024-06-28T18:14:58.585+0000] {local_task_job_runner.py:120} INFO - ::group::Pre task execution logs
[2024-06-28T18:14:58.596+0000] {taskinstance.py:2076} INFO - Dependencies all met for dep_context=non-requeueable deps ti=<TaskInstance: ecomm_data_pipeline.generate_and_insert_data scheduled__2023-01-01T06:30:00+00:00 [queued]>
[2024-06-28T18:14:58.599+0000] {taskinstance.py:2076} INFO - Dependencies all met for dep_context=requeueable deps ti=<TaskInstance: ecomm_data_pipeline.generate_and_insert_data scheduled__2023-01-01T06:30:00+00:00 [queued]>
[2024-06-28T18:14:58.599+0000] {taskinstance.py:2306} INFO - Starting attempt 1 of 2
[2024-06-28T18:14:58.603+0000] {taskinstance.py:2330} INFO - Executing <Task(PythonOperator): generate_and_insert_data> on 2023-01-01 06:30:00+00:00
[2024-06-28T18:14:58.605+0000] {standard_task_runner.py:63} INFO - Started process 1136 to run task
[2024-06-28T18:14:58.606+0000] {standard_task_runner.py:90} INFO - Running: ['airflow', 'tasks', 'run', 'ecomm_data_pipeline', 'generate_and_insert_data', 'scheduled__2023-01-01T06:30:00+00:00', '--job-id', '80', '--raw', '--subdir', 'DAGS_FOLDER/ecomm_dag.py', '--cfg-path', '/tmp/tmpvxe30m4b']
[2024-06-28T18:14:58.607+0000] {standard_task_runner.py:91} INFO - Job 80: Subtask generate_and_insert_data
[2024-06-28T18:14:58.626+0000] {task_command.py:426} INFO - Running <TaskInstance: ecomm_data_pipeline.generate_and_insert_data scheduled__2023-01-01T06:30:00+00:00 [running]> on host 08cefd381a1f
[2024-06-28T18:14:58.656+0000] {taskinstance.py:2648} INFO - Exporting env vars: AIRFLOW_CTX_DAG_OWNER='airflow' AIRFLOW_CTX_DAG_ID='ecomm_data_pipeline' AIRFLOW_CTX_TASK_ID='generate_and_insert_data' AIRFLOW_CTX_EXECUTION_DATE='2023-01-01T06:30:00+00:00' AIRFLOW_CTX_TRY_NUMBER='1' AIRFLOW_CTX_DAG_RUN_ID='scheduled__2023-01-01T06:30:00+00:00'
[2024-06-28T18:14:58.656+0000] {taskinstance.py:430} INFO - ::endgroup::
[2024-06-28T18:14:58.713+0000] {logging_mixin.py:188} INFO - Error in generate_and_insert_data: Command '['python3', '/opt/airflow/generator/ecomm_generator.py']' returned non-zero exit status 1.
[2024-06-28T18:14:58.713+0000] {logging_mixin.py:188} INFO - stdout: 
[2024-06-28T18:14:58.713+0000] {logging_mixin.py:188} INFO - stderr: Traceback (most recent call last):
  File "/opt/airflow/generator/ecomm_generator.py", line 4, in <module>
    from faker import Faker
ModuleNotFoundError: No module named 'faker'
[2024-06-28T18:14:58.713+0000] {python.py:237} INFO - Done. Returned value was: None
[2024-06-28T18:14:58.714+0000] {taskinstance.py:441} INFO - ::group::Post task execution logs
[2024-06-28T18:14:58.718+0000] {taskinstance.py:1206} INFO - Marking task as SUCCESS. dag_id=ecomm_data_pipeline, task_id=generate_and_insert_data, run_id=scheduled__2023-01-01T06:30:00+00:00, execution_date=20230101T063000, start_date=20240628T181458, end_date=20240628T181458
[2024-06-28T18:14:58.753+0000] {local_task_job_runner.py:240} INFO - Task exited with return code 0
[2024-06-28T18:14:58.760+0000] {taskinstance.py:3503} INFO - 0 downstream tasks scheduled from follow-on schedule check
[2024-06-28T18:14:58.761+0000] {local_task_job_runner.py:222} INFO - ::endgroup::
[2024-06-28T18:21:52.254+0000] {local_task_job_runner.py:120} INFO - ::group::Pre task execution logs
[2024-06-28T18:21:52.264+0000] {taskinstance.py:2076} INFO - Dependencies all met for dep_context=non-requeueable deps ti=<TaskInstance: ecomm_data_pipeline.generate_and_insert_data scheduled__2023-01-01T06:30:00+00:00 [queued]>
[2024-06-28T18:21:52.266+0000] {taskinstance.py:2076} INFO - Dependencies all met for dep_context=requeueable deps ti=<TaskInstance: ecomm_data_pipeline.generate_and_insert_data scheduled__2023-01-01T06:30:00+00:00 [queued]>
[2024-06-28T18:21:52.267+0000] {taskinstance.py:2306} INFO - Starting attempt 1 of 2
[2024-06-28T18:21:52.271+0000] {taskinstance.py:2330} INFO - Executing <Task(PythonOperator): generate_and_insert_data> on 2023-01-01 06:30:00+00:00
[2024-06-28T18:21:52.273+0000] {standard_task_runner.py:63} INFO - Started process 892 to run task
[2024-06-28T18:21:52.274+0000] {standard_task_runner.py:90} INFO - Running: ['airflow', 'tasks', 'run', 'ecomm_data_pipeline', 'generate_and_insert_data', 'scheduled__2023-01-01T06:30:00+00:00', '--job-id', '62', '--raw', '--subdir', 'DAGS_FOLDER/ecomm_dag.py', '--cfg-path', '/tmp/tmpyqlu04cb']
[2024-06-28T18:21:52.274+0000] {standard_task_runner.py:91} INFO - Job 62: Subtask generate_and_insert_data
[2024-06-28T18:21:52.290+0000] {task_command.py:426} INFO - Running <TaskInstance: ecomm_data_pipeline.generate_and_insert_data scheduled__2023-01-01T06:30:00+00:00 [running]> on host 6570e5857071
[2024-06-28T18:21:52.319+0000] {taskinstance.py:2648} INFO - Exporting env vars: AIRFLOW_CTX_DAG_OWNER='airflow' AIRFLOW_CTX_DAG_ID='ecomm_data_pipeline' AIRFLOW_CTX_TASK_ID='generate_and_insert_data' AIRFLOW_CTX_EXECUTION_DATE='2023-01-01T06:30:00+00:00' AIRFLOW_CTX_TRY_NUMBER='1' AIRFLOW_CTX_DAG_RUN_ID='scheduled__2023-01-01T06:30:00+00:00'
[2024-06-28T18:21:52.319+0000] {taskinstance.py:430} INFO - ::endgroup::
[2024-06-28T18:21:52.376+0000] {logging_mixin.py:188} INFO - Error in generate_and_insert_data: Command '['python3', '/opt/airflow/generator/ecomm_generator.py']' returned non-zero exit status 1.
[2024-06-28T18:21:52.376+0000] {logging_mixin.py:188} INFO - stdout: 
[2024-06-28T18:21:52.376+0000] {logging_mixin.py:188} INFO - stderr: Traceback (most recent call last):
  File "/opt/airflow/generator/ecomm_generator.py", line 4, in <module>
    from faker import Faker
ModuleNotFoundError: No module named 'faker'
[2024-06-28T18:21:52.376+0000] {python.py:237} INFO - Done. Returned value was: None
[2024-06-28T18:21:52.376+0000] {taskinstance.py:441} INFO - ::group::Post task execution logs
[2024-06-28T18:21:52.381+0000] {taskinstance.py:1206} INFO - Marking task as SUCCESS. dag_id=ecomm_data_pipeline, task_id=generate_and_insert_data, run_id=scheduled__2023-01-01T06:30:00+00:00, execution_date=20230101T063000, start_date=20240628T182152, end_date=20240628T182152
[2024-06-28T18:21:52.420+0000] {local_task_job_runner.py:240} INFO - Task exited with return code 0
[2024-06-28T18:21:52.427+0000] {taskinstance.py:3503} INFO - 0 downstream tasks scheduled from follow-on schedule check
[2024-06-28T18:21:52.428+0000] {local_task_job_runner.py:222} INFO - ::endgroup::
[2024-06-28T18:31:50.438+0000] {local_task_job_runner.py:120} INFO - ::group::Pre task execution logs
[2024-06-28T18:31:50.448+0000] {taskinstance.py:2076} INFO - Dependencies all met for dep_context=non-requeueable deps ti=<TaskInstance: ecomm_data_pipeline.generate_and_insert_data scheduled__2023-01-01T06:30:00+00:00 [queued]>
[2024-06-28T18:31:50.451+0000] {taskinstance.py:2076} INFO - Dependencies all met for dep_context=requeueable deps ti=<TaskInstance: ecomm_data_pipeline.generate_and_insert_data scheduled__2023-01-01T06:30:00+00:00 [queued]>
[2024-06-28T18:31:50.451+0000] {taskinstance.py:2306} INFO - Starting attempt 1 of 2
[2024-06-28T18:31:50.456+0000] {taskinstance.py:2330} INFO - Executing <Task(PythonOperator): generate_and_insert_data> on 2023-01-01 06:30:00+00:00
[2024-06-28T18:31:50.457+0000] {standard_task_runner.py:63} INFO - Started process 840 to run task
[2024-06-28T18:31:50.458+0000] {standard_task_runner.py:90} INFO - Running: ['airflow', 'tasks', 'run', 'ecomm_data_pipeline', 'generate_and_insert_data', 'scheduled__2023-01-01T06:30:00+00:00', '--job-id', '58', '--raw', '--subdir', 'DAGS_FOLDER/ecomm_dag.py', '--cfg-path', '/tmp/tmpp7whdnu9']
[2024-06-28T18:31:50.459+0000] {standard_task_runner.py:91} INFO - Job 58: Subtask generate_and_insert_data
[2024-06-28T18:31:50.476+0000] {task_command.py:426} INFO - Running <TaskInstance: ecomm_data_pipeline.generate_and_insert_data scheduled__2023-01-01T06:30:00+00:00 [running]> on host 50bf780463b8
[2024-06-28T18:31:50.504+0000] {taskinstance.py:2648} INFO - Exporting env vars: AIRFLOW_CTX_DAG_OWNER='airflow' AIRFLOW_CTX_DAG_ID='ecomm_data_pipeline' AIRFLOW_CTX_TASK_ID='generate_and_insert_data' AIRFLOW_CTX_EXECUTION_DATE='2023-01-01T06:30:00+00:00' AIRFLOW_CTX_TRY_NUMBER='1' AIRFLOW_CTX_DAG_RUN_ID='scheduled__2023-01-01T06:30:00+00:00'
[2024-06-28T18:31:50.504+0000] {taskinstance.py:430} INFO - ::endgroup::
[2024-06-28T18:31:50.561+0000] {logging_mixin.py:188} INFO - Error in generate_and_insert_data: Command '['python3', '/opt/airflow/generator/ecomm_generator.py']' returned non-zero exit status 1.
[2024-06-28T18:31:50.561+0000] {logging_mixin.py:188} INFO - stdout: 
[2024-06-28T18:31:50.561+0000] {logging_mixin.py:188} INFO - stderr: Traceback (most recent call last):
  File "/opt/airflow/generator/ecomm_generator.py", line 4, in <module>
    from faker import Faker
ModuleNotFoundError: No module named 'faker'
[2024-06-28T18:31:50.561+0000] {python.py:237} INFO - Done. Returned value was: None
[2024-06-28T18:31:50.561+0000] {taskinstance.py:441} INFO - ::group::Post task execution logs
[2024-06-28T18:31:50.566+0000] {taskinstance.py:1206} INFO - Marking task as SUCCESS. dag_id=ecomm_data_pipeline, task_id=generate_and_insert_data, run_id=scheduled__2023-01-01T06:30:00+00:00, execution_date=20230101T063000, start_date=20240628T183150, end_date=20240628T183150
[2024-06-28T18:31:50.603+0000] {local_task_job_runner.py:240} INFO - Task exited with return code 0
[2024-06-28T18:31:50.610+0000] {taskinstance.py:3503} INFO - 0 downstream tasks scheduled from follow-on schedule check
[2024-06-28T18:31:50.611+0000] {local_task_job_runner.py:222} INFO - ::endgroup::
[2024-06-29T21:37:49.923+0000] {local_task_job_runner.py:120} INFO - ::group::Pre task execution logs
[2024-06-29T21:37:49.933+0000] {taskinstance.py:2076} INFO - Dependencies all met for dep_context=non-requeueable deps ti=<TaskInstance: ecomm_data_pipeline.generate_and_insert_data scheduled__2023-01-01T06:30:00+00:00 [queued]>
[2024-06-29T21:37:49.936+0000] {taskinstance.py:2076} INFO - Dependencies all met for dep_context=requeueable deps ti=<TaskInstance: ecomm_data_pipeline.generate_and_insert_data scheduled__2023-01-01T06:30:00+00:00 [queued]>
[2024-06-29T21:37:49.936+0000] {taskinstance.py:2306} INFO - Starting attempt 1 of 2
[2024-06-29T21:37:49.941+0000] {taskinstance.py:2330} INFO - Executing <Task(PythonOperator): generate_and_insert_data> on 2023-01-01 06:30:00+00:00
[2024-06-29T21:37:49.943+0000] {standard_task_runner.py:63} INFO - Started process 605 to run task
[2024-06-29T21:37:49.944+0000] {standard_task_runner.py:90} INFO - Running: ['airflow', 'tasks', 'run', 'ecomm_data_pipeline', 'generate_and_insert_data', 'scheduled__2023-01-01T06:30:00+00:00', '--job-id', '41', '--raw', '--subdir', 'DAGS_FOLDER/ecomm_dag.py', '--cfg-path', '/tmp/tmpnqnjhous']
[2024-06-29T21:37:49.945+0000] {standard_task_runner.py:91} INFO - Job 41: Subtask generate_and_insert_data
[2024-06-29T21:37:49.962+0000] {task_command.py:426} INFO - Running <TaskInstance: ecomm_data_pipeline.generate_and_insert_data scheduled__2023-01-01T06:30:00+00:00 [running]> on host afcb6fbf9265
[2024-06-29T21:37:49.992+0000] {taskinstance.py:2648} INFO - Exporting env vars: AIRFLOW_CTX_DAG_OWNER='airflow' AIRFLOW_CTX_DAG_ID='ecomm_data_pipeline' AIRFLOW_CTX_TASK_ID='generate_and_insert_data' AIRFLOW_CTX_EXECUTION_DATE='2023-01-01T06:30:00+00:00' AIRFLOW_CTX_TRY_NUMBER='1' AIRFLOW_CTX_DAG_RUN_ID='scheduled__2023-01-01T06:30:00+00:00'
[2024-06-29T21:37:49.992+0000] {taskinstance.py:430} INFO - ::endgroup::
[2024-06-29T21:37:50.049+0000] {logging_mixin.py:188} INFO - Error in generate_and_insert_data: Command '['python3', '/opt/airflow/generator/ecomm_generator.py']' returned non-zero exit status 1.
[2024-06-29T21:37:50.050+0000] {logging_mixin.py:188} INFO - stdout: 
[2024-06-29T21:37:50.050+0000] {logging_mixin.py:188} INFO - stderr: Traceback (most recent call last):
  File "/opt/airflow/generator/ecomm_generator.py", line 4, in <module>
    from faker import Faker
ModuleNotFoundError: No module named 'faker'
[2024-06-29T21:37:50.050+0000] {python.py:237} INFO - Done. Returned value was: None
[2024-06-29T21:37:50.050+0000] {taskinstance.py:441} INFO - ::group::Post task execution logs
[2024-06-29T21:37:50.055+0000] {taskinstance.py:1206} INFO - Marking task as SUCCESS. dag_id=ecomm_data_pipeline, task_id=generate_and_insert_data, run_id=scheduled__2023-01-01T06:30:00+00:00, execution_date=20230101T063000, start_date=20240629T213749, end_date=20240629T213750
[2024-06-29T21:37:50.091+0000] {local_task_job_runner.py:240} INFO - Task exited with return code 0
[2024-06-29T21:37:50.098+0000] {taskinstance.py:3503} INFO - 0 downstream tasks scheduled from follow-on schedule check
[2024-06-29T21:37:50.098+0000] {local_task_job_runner.py:222} INFO - ::endgroup::
[2024-06-29T21:50:06.816+0000] {local_task_job_runner.py:120} INFO - ::group::Pre task execution logs
[2024-06-29T21:50:06.826+0000] {taskinstance.py:2076} INFO - Dependencies all met for dep_context=non-requeueable deps ti=<TaskInstance: ecomm_data_pipeline.generate_and_insert_data scheduled__2023-01-01T06:30:00+00:00 [queued]>
[2024-06-29T21:50:06.828+0000] {taskinstance.py:2076} INFO - Dependencies all met for dep_context=requeueable deps ti=<TaskInstance: ecomm_data_pipeline.generate_and_insert_data scheduled__2023-01-01T06:30:00+00:00 [queued]>
[2024-06-29T21:50:06.829+0000] {taskinstance.py:2306} INFO - Starting attempt 1 of 2
[2024-06-29T21:50:06.833+0000] {taskinstance.py:2330} INFO - Executing <Task(PythonOperator): generate_and_insert_data> on 2023-01-01 06:30:00+00:00
[2024-06-29T21:50:06.835+0000] {standard_task_runner.py:63} INFO - Started process 606 to run task
[2024-06-29T21:50:06.836+0000] {standard_task_runner.py:90} INFO - Running: ['airflow', 'tasks', 'run', 'ecomm_data_pipeline', 'generate_and_insert_data', 'scheduled__2023-01-01T06:30:00+00:00', '--job-id', '41', '--raw', '--subdir', 'DAGS_FOLDER/ecomm_dag.py', '--cfg-path', '/tmp/tmpo_cofh_4']
[2024-06-29T21:50:06.836+0000] {standard_task_runner.py:91} INFO - Job 41: Subtask generate_and_insert_data
[2024-06-29T21:50:06.852+0000] {task_command.py:426} INFO - Running <TaskInstance: ecomm_data_pipeline.generate_and_insert_data scheduled__2023-01-01T06:30:00+00:00 [running]> on host 0b7af056b90c
[2024-06-29T21:50:06.880+0000] {taskinstance.py:2648} INFO - Exporting env vars: AIRFLOW_CTX_DAG_OWNER='airflow' AIRFLOW_CTX_DAG_ID='ecomm_data_pipeline' AIRFLOW_CTX_TASK_ID='generate_and_insert_data' AIRFLOW_CTX_EXECUTION_DATE='2023-01-01T06:30:00+00:00' AIRFLOW_CTX_TRY_NUMBER='1' AIRFLOW_CTX_DAG_RUN_ID='scheduled__2023-01-01T06:30:00+00:00'
[2024-06-29T21:50:06.880+0000] {taskinstance.py:430} INFO - ::endgroup::
[2024-06-29T21:50:06.937+0000] {logging_mixin.py:188} INFO - Error in generate_and_insert_data: Command '['python3', '/opt/airflow/generator/ecomm_generator.py']' returned non-zero exit status 1.
[2024-06-29T21:50:06.937+0000] {logging_mixin.py:188} INFO - stdout: 
[2024-06-29T21:50:06.937+0000] {logging_mixin.py:188} INFO - stderr: Traceback (most recent call last):
  File "/opt/airflow/generator/ecomm_generator.py", line 4, in <module>
    from faker import Faker
ModuleNotFoundError: No module named 'faker'
[2024-06-29T21:50:06.937+0000] {python.py:237} INFO - Done. Returned value was: None
[2024-06-29T21:50:06.938+0000] {taskinstance.py:441} INFO - ::group::Post task execution logs
[2024-06-29T21:50:06.942+0000] {taskinstance.py:1206} INFO - Marking task as SUCCESS. dag_id=ecomm_data_pipeline, task_id=generate_and_insert_data, run_id=scheduled__2023-01-01T06:30:00+00:00, execution_date=20230101T063000, start_date=20240629T215006, end_date=20240629T215006
[2024-06-29T21:50:06.983+0000] {local_task_job_runner.py:240} INFO - Task exited with return code 0
[2024-06-29T21:50:06.990+0000] {taskinstance.py:3503} INFO - 0 downstream tasks scheduled from follow-on schedule check
[2024-06-29T21:50:06.990+0000] {local_task_job_runner.py:222} INFO - ::endgroup::
[2024-06-29T22:01:38.876+0000] {local_task_job_runner.py:120} INFO - ::group::Pre task execution logs
[2024-06-29T22:01:38.887+0000] {taskinstance.py:2076} INFO - Dependencies all met for dep_context=non-requeueable deps ti=<TaskInstance: ecomm_data_pipeline.generate_and_insert_data scheduled__2023-01-01T06:30:00+00:00 [queued]>
[2024-06-29T22:01:38.889+0000] {taskinstance.py:2076} INFO - Dependencies all met for dep_context=requeueable deps ti=<TaskInstance: ecomm_data_pipeline.generate_and_insert_data scheduled__2023-01-01T06:30:00+00:00 [queued]>
[2024-06-29T22:01:38.890+0000] {taskinstance.py:2306} INFO - Starting attempt 1 of 2
[2024-06-29T22:01:38.895+0000] {taskinstance.py:2330} INFO - Executing <Task(PythonOperator): generate_and_insert_data> on 2023-01-01 06:30:00+00:00
[2024-06-29T22:01:38.896+0000] {standard_task_runner.py:63} INFO - Started process 605 to run task
[2024-06-29T22:01:38.897+0000] {standard_task_runner.py:90} INFO - Running: ['airflow', 'tasks', 'run', 'ecomm_data_pipeline', 'generate_and_insert_data', 'scheduled__2023-01-01T06:30:00+00:00', '--job-id', '41', '--raw', '--subdir', 'DAGS_FOLDER/ecomm_dag.py', '--cfg-path', '/tmp/tmpyupazyy_']
[2024-06-29T22:01:38.898+0000] {standard_task_runner.py:91} INFO - Job 41: Subtask generate_and_insert_data
[2024-06-29T22:01:38.916+0000] {task_command.py:426} INFO - Running <TaskInstance: ecomm_data_pipeline.generate_and_insert_data scheduled__2023-01-01T06:30:00+00:00 [running]> on host 799998b0d26e
[2024-06-29T22:01:38.947+0000] {taskinstance.py:2648} INFO - Exporting env vars: AIRFLOW_CTX_DAG_OWNER='airflow' AIRFLOW_CTX_DAG_ID='ecomm_data_pipeline' AIRFLOW_CTX_TASK_ID='generate_and_insert_data' AIRFLOW_CTX_EXECUTION_DATE='2023-01-01T06:30:00+00:00' AIRFLOW_CTX_TRY_NUMBER='1' AIRFLOW_CTX_DAG_RUN_ID='scheduled__2023-01-01T06:30:00+00:00'
[2024-06-29T22:01:38.947+0000] {taskinstance.py:430} INFO - ::endgroup::
[2024-06-29T22:01:39.006+0000] {logging_mixin.py:188} INFO - Error in generate_and_insert_data: Command '['python3', '/opt/airflow/generator/ecomm_generator.py']' returned non-zero exit status 1.
[2024-06-29T22:01:39.007+0000] {logging_mixin.py:188} INFO - stdout: 
[2024-06-29T22:01:39.007+0000] {logging_mixin.py:188} INFO - stderr: Traceback (most recent call last):
  File "/opt/airflow/generator/ecomm_generator.py", line 4, in <module>
    from faker import Faker
ModuleNotFoundError: No module named 'faker'
[2024-06-29T22:01:39.007+0000] {python.py:237} INFO - Done. Returned value was: None
[2024-06-29T22:01:39.007+0000] {taskinstance.py:441} INFO - ::group::Post task execution logs
[2024-06-29T22:01:39.012+0000] {taskinstance.py:1206} INFO - Marking task as SUCCESS. dag_id=ecomm_data_pipeline, task_id=generate_and_insert_data, run_id=scheduled__2023-01-01T06:30:00+00:00, execution_date=20230101T063000, start_date=20240629T220138, end_date=20240629T220139
[2024-06-29T22:01:39.049+0000] {local_task_job_runner.py:240} INFO - Task exited with return code 0
[2024-06-29T22:01:39.056+0000] {taskinstance.py:3503} INFO - 0 downstream tasks scheduled from follow-on schedule check
[2024-06-29T22:01:39.056+0000] {local_task_job_runner.py:222} INFO - ::endgroup::
