[2024-06-27T22:34:52.391+0000] {local_task_job_runner.py:120} INFO - ::group::Pre task execution logs
[2024-06-27T22:34:52.400+0000] {taskinstance.py:2076} INFO - Dependencies all met for dep_context=non-requeueable deps ti=<TaskInstance: ecomm_data_pipeline.generate_and_insert_data scheduled__2023-01-01T09:00:00+00:00 [queued]>
[2024-06-27T22:34:52.402+0000] {taskinstance.py:2076} INFO - Dependencies all met for dep_context=requeueable deps ti=<TaskInstance: ecomm_data_pipeline.generate_and_insert_data scheduled__2023-01-01T09:00:00+00:00 [queued]>
[2024-06-27T22:34:52.403+0000] {taskinstance.py:2306} INFO - Starting attempt 1 of 2
[2024-06-27T22:34:52.407+0000] {taskinstance.py:2330} INFO - Executing <Task(PythonOperator): generate_and_insert_data> on 2023-01-01 09:00:00+00:00
[2024-06-27T22:34:52.408+0000] {standard_task_runner.py:63} INFO - Started process 1060 to run task
[2024-06-27T22:34:52.409+0000] {standard_task_runner.py:90} INFO - Running: ['airflow', 'tasks', 'run', 'ecomm_data_pipeline', 'generate_and_insert_data', 'scheduled__2023-01-01T09:00:00+00:00', '--job-id', '73', '--raw', '--subdir', 'DAGS_FOLDER/ecomm_dag.py', '--cfg-path', '/tmp/tmpk45836ju']
[2024-06-27T22:34:52.410+0000] {standard_task_runner.py:91} INFO - Job 73: Subtask generate_and_insert_data
[2024-06-27T22:34:52.425+0000] {task_command.py:426} INFO - Running <TaskInstance: ecomm_data_pipeline.generate_and_insert_data scheduled__2023-01-01T09:00:00+00:00 [running]> on host 9174587f6b1d
[2024-06-27T22:34:52.453+0000] {taskinstance.py:2648} INFO - Exporting env vars: AIRFLOW_CTX_DAG_OWNER='airflow' AIRFLOW_CTX_DAG_ID='ecomm_data_pipeline' AIRFLOW_CTX_TASK_ID='generate_and_insert_data' AIRFLOW_CTX_EXECUTION_DATE='2023-01-01T09:00:00+00:00' AIRFLOW_CTX_TRY_NUMBER='1' AIRFLOW_CTX_DAG_RUN_ID='scheduled__2023-01-01T09:00:00+00:00'
[2024-06-27T22:34:52.453+0000] {taskinstance.py:430} INFO - ::endgroup::
[2024-06-27T22:34:52.486+0000] {logging_mixin.py:188} INFO - Error in generate_and_insert_data: Command '['python3', './generator/ecomm_generator.py']' returned non-zero exit status 2.
[2024-06-27T22:34:52.486+0000] {python.py:237} INFO - Done. Returned value was: None
[2024-06-27T22:34:52.486+0000] {taskinstance.py:441} INFO - ::group::Post task execution logs
[2024-06-27T22:34:52.490+0000] {taskinstance.py:1206} INFO - Marking task as SUCCESS. dag_id=ecomm_data_pipeline, task_id=generate_and_insert_data, run_id=scheduled__2023-01-01T09:00:00+00:00, execution_date=20230101T090000, start_date=20240627T223452, end_date=20240627T223452
[2024-06-27T22:34:52.513+0000] {local_task_job_runner.py:240} INFO - Task exited with return code 0
[2024-06-27T22:34:52.519+0000] {taskinstance.py:3503} INFO - 0 downstream tasks scheduled from follow-on schedule check
[2024-06-27T22:34:52.520+0000] {local_task_job_runner.py:222} INFO - ::endgroup::
[2024-06-28T18:15:47.735+0000] {local_task_job_runner.py:120} INFO - ::group::Pre task execution logs
[2024-06-28T18:15:47.746+0000] {taskinstance.py:2076} INFO - Dependencies all met for dep_context=non-requeueable deps ti=<TaskInstance: ecomm_data_pipeline.generate_and_insert_data scheduled__2023-01-01T09:00:00+00:00 [queued]>
[2024-06-28T18:15:47.749+0000] {taskinstance.py:2076} INFO - Dependencies all met for dep_context=requeueable deps ti=<TaskInstance: ecomm_data_pipeline.generate_and_insert_data scheduled__2023-01-01T09:00:00+00:00 [queued]>
[2024-06-28T18:15:47.749+0000] {taskinstance.py:2306} INFO - Starting attempt 1 of 2
[2024-06-28T18:15:47.754+0000] {taskinstance.py:2330} INFO - Executing <Task(PythonOperator): generate_and_insert_data> on 2023-01-01 09:00:00+00:00
[2024-06-28T18:15:47.756+0000] {standard_task_runner.py:63} INFO - Started process 1551 to run task
[2024-06-28T18:15:47.757+0000] {standard_task_runner.py:90} INFO - Running: ['airflow', 'tasks', 'run', 'ecomm_data_pipeline', 'generate_and_insert_data', 'scheduled__2023-01-01T09:00:00+00:00', '--job-id', '110', '--raw', '--subdir', 'DAGS_FOLDER/ecomm_dag.py', '--cfg-path', '/tmp/tmpu_o3cskm']
[2024-06-28T18:15:47.757+0000] {standard_task_runner.py:91} INFO - Job 110: Subtask generate_and_insert_data
[2024-06-28T18:15:47.775+0000] {task_command.py:426} INFO - Running <TaskInstance: ecomm_data_pipeline.generate_and_insert_data scheduled__2023-01-01T09:00:00+00:00 [running]> on host 08cefd381a1f
[2024-06-28T18:15:47.808+0000] {taskinstance.py:2648} INFO - Exporting env vars: AIRFLOW_CTX_DAG_OWNER='airflow' AIRFLOW_CTX_DAG_ID='ecomm_data_pipeline' AIRFLOW_CTX_TASK_ID='generate_and_insert_data' AIRFLOW_CTX_EXECUTION_DATE='2023-01-01T09:00:00+00:00' AIRFLOW_CTX_TRY_NUMBER='1' AIRFLOW_CTX_DAG_RUN_ID='scheduled__2023-01-01T09:00:00+00:00'
[2024-06-28T18:15:47.808+0000] {taskinstance.py:430} INFO - ::endgroup::
[2024-06-28T18:15:47.869+0000] {logging_mixin.py:188} INFO - Error in generate_and_insert_data: Command '['python3', '/opt/airflow/generator/ecomm_generator.py']' returned non-zero exit status 1.
[2024-06-28T18:15:47.869+0000] {logging_mixin.py:188} INFO - stdout: 
[2024-06-28T18:15:47.869+0000] {logging_mixin.py:188} INFO - stderr: Traceback (most recent call last):
  File "/opt/airflow/generator/ecomm_generator.py", line 4, in <module>
    from faker import Faker
ModuleNotFoundError: No module named 'faker'
[2024-06-28T18:15:47.869+0000] {python.py:237} INFO - Done. Returned value was: None
[2024-06-28T18:15:47.870+0000] {taskinstance.py:441} INFO - ::group::Post task execution logs
[2024-06-28T18:15:47.875+0000] {taskinstance.py:1206} INFO - Marking task as SUCCESS. dag_id=ecomm_data_pipeline, task_id=generate_and_insert_data, run_id=scheduled__2023-01-01T09:00:00+00:00, execution_date=20230101T090000, start_date=20240628T181547, end_date=20240628T181547
[2024-06-28T18:15:47.897+0000] {local_task_job_runner.py:240} INFO - Task exited with return code 0
[2024-06-28T18:15:47.903+0000] {taskinstance.py:3503} INFO - 0 downstream tasks scheduled from follow-on schedule check
[2024-06-28T18:15:47.904+0000] {local_task_job_runner.py:222} INFO - ::endgroup::
[2024-06-28T18:22:21.503+0000] {local_task_job_runner.py:120} INFO - ::group::Pre task execution logs
[2024-06-28T18:22:21.513+0000] {taskinstance.py:2076} INFO - Dependencies all met for dep_context=non-requeueable deps ti=<TaskInstance: ecomm_data_pipeline.generate_and_insert_data scheduled__2023-01-01T09:00:00+00:00 [queued]>
[2024-06-28T18:22:21.515+0000] {taskinstance.py:2076} INFO - Dependencies all met for dep_context=requeueable deps ti=<TaskInstance: ecomm_data_pipeline.generate_and_insert_data scheduled__2023-01-01T09:00:00+00:00 [queued]>
[2024-06-28T18:22:21.515+0000] {taskinstance.py:2306} INFO - Starting attempt 1 of 2
[2024-06-28T18:22:21.520+0000] {taskinstance.py:2330} INFO - Executing <Task(PythonOperator): generate_and_insert_data> on 2023-01-01 09:00:00+00:00
[2024-06-28T18:22:21.521+0000] {standard_task_runner.py:63} INFO - Started process 1112 to run task
[2024-06-28T18:22:21.522+0000] {standard_task_runner.py:90} INFO - Running: ['airflow', 'tasks', 'run', 'ecomm_data_pipeline', 'generate_and_insert_data', 'scheduled__2023-01-01T09:00:00+00:00', '--job-id', '77', '--raw', '--subdir', 'DAGS_FOLDER/ecomm_dag.py', '--cfg-path', '/tmp/tmpyxkbs0v_']
[2024-06-28T18:22:21.523+0000] {standard_task_runner.py:91} INFO - Job 77: Subtask generate_and_insert_data
[2024-06-28T18:22:21.540+0000] {task_command.py:426} INFO - Running <TaskInstance: ecomm_data_pipeline.generate_and_insert_data scheduled__2023-01-01T09:00:00+00:00 [running]> on host 6570e5857071
[2024-06-28T18:22:21.567+0000] {taskinstance.py:2648} INFO - Exporting env vars: AIRFLOW_CTX_DAG_OWNER='airflow' AIRFLOW_CTX_DAG_ID='ecomm_data_pipeline' AIRFLOW_CTX_TASK_ID='generate_and_insert_data' AIRFLOW_CTX_EXECUTION_DATE='2023-01-01T09:00:00+00:00' AIRFLOW_CTX_TRY_NUMBER='1' AIRFLOW_CTX_DAG_RUN_ID='scheduled__2023-01-01T09:00:00+00:00'
[2024-06-28T18:22:21.568+0000] {taskinstance.py:430} INFO - ::endgroup::
[2024-06-28T18:22:21.625+0000] {logging_mixin.py:188} INFO - Error in generate_and_insert_data: Command '['python3', '/opt/airflow/generator/ecomm_generator.py']' returned non-zero exit status 1.
[2024-06-28T18:22:21.625+0000] {logging_mixin.py:188} INFO - stdout: 
[2024-06-28T18:22:21.625+0000] {logging_mixin.py:188} INFO - stderr: Traceback (most recent call last):
  File "/opt/airflow/generator/ecomm_generator.py", line 4, in <module>
    from faker import Faker
ModuleNotFoundError: No module named 'faker'
[2024-06-28T18:22:21.625+0000] {python.py:237} INFO - Done. Returned value was: None
[2024-06-28T18:22:21.625+0000] {taskinstance.py:441} INFO - ::group::Post task execution logs
[2024-06-28T18:22:21.631+0000] {taskinstance.py:1206} INFO - Marking task as SUCCESS. dag_id=ecomm_data_pipeline, task_id=generate_and_insert_data, run_id=scheduled__2023-01-01T09:00:00+00:00, execution_date=20230101T090000, start_date=20240628T182221, end_date=20240628T182221
[2024-06-28T18:22:21.669+0000] {local_task_job_runner.py:240} INFO - Task exited with return code 0
[2024-06-28T18:22:21.676+0000] {taskinstance.py:3503} INFO - 0 downstream tasks scheduled from follow-on schedule check
[2024-06-28T18:22:21.676+0000] {local_task_job_runner.py:222} INFO - ::endgroup::
