[2024-06-27T22:35:48.945+0000] {local_task_job_runner.py:120} INFO - ::group::Pre task execution logs
[2024-06-27T22:35:48.955+0000] {taskinstance.py:2076} INFO - Dependencies all met for dep_context=non-requeueable deps ti=<TaskInstance: ecomm_data_pipeline.generate_and_insert_data scheduled__2023-01-01T14:00:00+00:00 [queued]>
[2024-06-27T22:35:48.957+0000] {taskinstance.py:2076} INFO - Dependencies all met for dep_context=requeueable deps ti=<TaskInstance: ecomm_data_pipeline.generate_and_insert_data scheduled__2023-01-01T14:00:00+00:00 [queued]>
[2024-06-27T22:35:48.957+0000] {taskinstance.py:2306} INFO - Starting attempt 1 of 2
[2024-06-27T22:35:48.962+0000] {taskinstance.py:2330} INFO - Executing <Task(PythonOperator): generate_and_insert_data> on 2023-01-01 14:00:00+00:00
[2024-06-27T22:35:48.963+0000] {standard_task_runner.py:63} INFO - Started process 1500 to run task
[2024-06-27T22:35:48.964+0000] {standard_task_runner.py:90} INFO - Running: ['airflow', 'tasks', 'run', 'ecomm_data_pipeline', 'generate_and_insert_data', 'scheduled__2023-01-01T14:00:00+00:00', '--job-id', '103', '--raw', '--subdir', 'DAGS_FOLDER/ecomm_dag.py', '--cfg-path', '/tmp/tmpd6e4xocn']
[2024-06-27T22:35:48.965+0000] {standard_task_runner.py:91} INFO - Job 103: Subtask generate_and_insert_data
[2024-06-27T22:35:48.981+0000] {task_command.py:426} INFO - Running <TaskInstance: ecomm_data_pipeline.generate_and_insert_data scheduled__2023-01-01T14:00:00+00:00 [running]> on host 9174587f6b1d
[2024-06-27T22:35:49.008+0000] {taskinstance.py:2648} INFO - Exporting env vars: AIRFLOW_CTX_DAG_OWNER='airflow' AIRFLOW_CTX_DAG_ID='ecomm_data_pipeline' AIRFLOW_CTX_TASK_ID='generate_and_insert_data' AIRFLOW_CTX_EXECUTION_DATE='2023-01-01T14:00:00+00:00' AIRFLOW_CTX_TRY_NUMBER='1' AIRFLOW_CTX_DAG_RUN_ID='scheduled__2023-01-01T14:00:00+00:00'
[2024-06-27T22:35:49.009+0000] {taskinstance.py:430} INFO - ::endgroup::
[2024-06-27T22:35:49.042+0000] {logging_mixin.py:188} INFO - Error in generate_and_insert_data: Command '['python3', './generator/ecomm_generator.py']' returned non-zero exit status 2.
[2024-06-27T22:35:49.043+0000] {python.py:237} INFO - Done. Returned value was: None
[2024-06-27T22:35:49.043+0000] {taskinstance.py:441} INFO - ::group::Post task execution logs
[2024-06-27T22:35:49.047+0000] {taskinstance.py:1206} INFO - Marking task as SUCCESS. dag_id=ecomm_data_pipeline, task_id=generate_and_insert_data, run_id=scheduled__2023-01-01T14:00:00+00:00, execution_date=20230101T140000, start_date=20240627T223548, end_date=20240627T223549
[2024-06-27T22:35:49.067+0000] {local_task_job_runner.py:240} INFO - Task exited with return code 0
[2024-06-27T22:35:49.074+0000] {taskinstance.py:3503} INFO - 0 downstream tasks scheduled from follow-on schedule check
[2024-06-27T22:35:49.074+0000] {local_task_job_runner.py:222} INFO - ::endgroup::
[2024-06-28T18:17:24.463+0000] {local_task_job_runner.py:120} INFO - ::group::Pre task execution logs
[2024-06-28T18:17:24.474+0000] {taskinstance.py:2076} INFO - Dependencies all met for dep_context=non-requeueable deps ti=<TaskInstance: ecomm_data_pipeline.generate_and_insert_data scheduled__2023-01-01T14:00:00+00:00 [queued]>
[2024-06-28T18:17:24.477+0000] {taskinstance.py:2076} INFO - Dependencies all met for dep_context=requeueable deps ti=<TaskInstance: ecomm_data_pipeline.generate_and_insert_data scheduled__2023-01-01T14:00:00+00:00 [queued]>
[2024-06-28T18:17:24.477+0000] {taskinstance.py:2306} INFO - Starting attempt 1 of 2
[2024-06-28T18:17:24.482+0000] {taskinstance.py:2330} INFO - Executing <Task(PythonOperator): generate_and_insert_data> on 2023-01-01 14:00:00+00:00
[2024-06-28T18:17:24.484+0000] {standard_task_runner.py:63} INFO - Started process 2391 to run task
[2024-06-28T18:17:24.485+0000] {standard_task_runner.py:90} INFO - Running: ['airflow', 'tasks', 'run', 'ecomm_data_pipeline', 'generate_and_insert_data', 'scheduled__2023-01-01T14:00:00+00:00', '--job-id', '170', '--raw', '--subdir', 'DAGS_FOLDER/ecomm_dag.py', '--cfg-path', '/tmp/tmplmiw1o0g']
[2024-06-28T18:17:24.486+0000] {standard_task_runner.py:91} INFO - Job 170: Subtask generate_and_insert_data
[2024-06-28T18:17:24.504+0000] {task_command.py:426} INFO - Running <TaskInstance: ecomm_data_pipeline.generate_and_insert_data scheduled__2023-01-01T14:00:00+00:00 [running]> on host 08cefd381a1f
[2024-06-28T18:17:24.534+0000] {taskinstance.py:2648} INFO - Exporting env vars: AIRFLOW_CTX_DAG_OWNER='airflow' AIRFLOW_CTX_DAG_ID='ecomm_data_pipeline' AIRFLOW_CTX_TASK_ID='generate_and_insert_data' AIRFLOW_CTX_EXECUTION_DATE='2023-01-01T14:00:00+00:00' AIRFLOW_CTX_TRY_NUMBER='1' AIRFLOW_CTX_DAG_RUN_ID='scheduled__2023-01-01T14:00:00+00:00'
[2024-06-28T18:17:24.534+0000] {taskinstance.py:430} INFO - ::endgroup::
[2024-06-28T18:17:24.593+0000] {logging_mixin.py:188} INFO - Error in generate_and_insert_data: Command '['python3', '/opt/airflow/generator/ecomm_generator.py']' returned non-zero exit status 1.
[2024-06-28T18:17:24.594+0000] {logging_mixin.py:188} INFO - stdout: 
[2024-06-28T18:17:24.594+0000] {logging_mixin.py:188} INFO - stderr: Traceback (most recent call last):
  File "/opt/airflow/generator/ecomm_generator.py", line 4, in <module>
    from faker import Faker
ModuleNotFoundError: No module named 'faker'
[2024-06-28T18:17:24.594+0000] {python.py:237} INFO - Done. Returned value was: None
[2024-06-28T18:17:24.594+0000] {taskinstance.py:441} INFO - ::group::Post task execution logs
[2024-06-28T18:17:24.599+0000] {taskinstance.py:1206} INFO - Marking task as SUCCESS. dag_id=ecomm_data_pipeline, task_id=generate_and_insert_data, run_id=scheduled__2023-01-01T14:00:00+00:00, execution_date=20230101T140000, start_date=20240628T181724, end_date=20240628T181724
[2024-06-28T18:17:24.627+0000] {local_task_job_runner.py:240} INFO - Task exited with return code 0
[2024-06-28T18:17:24.635+0000] {taskinstance.py:3503} INFO - 0 downstream tasks scheduled from follow-on schedule check
[2024-06-28T18:17:24.635+0000] {local_task_job_runner.py:222} INFO - ::endgroup::
[2024-06-29T21:39:14.892+0000] {local_task_job_runner.py:120} INFO - ::group::Pre task execution logs
[2024-06-29T21:39:14.902+0000] {taskinstance.py:2076} INFO - Dependencies all met for dep_context=non-requeueable deps ti=<TaskInstance: ecomm_data_pipeline.generate_and_insert_data scheduled__2023-01-01T14:00:00+00:00 [queued]>
[2024-06-29T21:39:14.904+0000] {taskinstance.py:2076} INFO - Dependencies all met for dep_context=requeueable deps ti=<TaskInstance: ecomm_data_pipeline.generate_and_insert_data scheduled__2023-01-01T14:00:00+00:00 [queued]>
[2024-06-29T21:39:14.904+0000] {taskinstance.py:2306} INFO - Starting attempt 1 of 2
[2024-06-29T21:39:14.908+0000] {taskinstance.py:2330} INFO - Executing <Task(PythonOperator): generate_and_insert_data> on 2023-01-01 14:00:00+00:00
[2024-06-29T21:39:14.910+0000] {standard_task_runner.py:63} INFO - Started process 1262 to run task
[2024-06-29T21:39:14.911+0000] {standard_task_runner.py:90} INFO - Running: ['airflow', 'tasks', 'run', 'ecomm_data_pipeline', 'generate_and_insert_data', 'scheduled__2023-01-01T14:00:00+00:00', '--job-id', '86', '--raw', '--subdir', 'DAGS_FOLDER/ecomm_dag.py', '--cfg-path', '/tmp/tmp70a3jl05']
[2024-06-29T21:39:14.912+0000] {standard_task_runner.py:91} INFO - Job 86: Subtask generate_and_insert_data
[2024-06-29T21:39:14.930+0000] {task_command.py:426} INFO - Running <TaskInstance: ecomm_data_pipeline.generate_and_insert_data scheduled__2023-01-01T14:00:00+00:00 [running]> on host afcb6fbf9265
[2024-06-29T21:39:14.959+0000] {taskinstance.py:2648} INFO - Exporting env vars: AIRFLOW_CTX_DAG_OWNER='airflow' AIRFLOW_CTX_DAG_ID='ecomm_data_pipeline' AIRFLOW_CTX_TASK_ID='generate_and_insert_data' AIRFLOW_CTX_EXECUTION_DATE='2023-01-01T14:00:00+00:00' AIRFLOW_CTX_TRY_NUMBER='1' AIRFLOW_CTX_DAG_RUN_ID='scheduled__2023-01-01T14:00:00+00:00'
[2024-06-29T21:39:14.959+0000] {taskinstance.py:430} INFO - ::endgroup::
[2024-06-29T21:39:15.017+0000] {logging_mixin.py:188} INFO - Error in generate_and_insert_data: Command '['python3', '/opt/airflow/generator/ecomm_generator.py']' returned non-zero exit status 1.
[2024-06-29T21:39:15.017+0000] {logging_mixin.py:188} INFO - stdout: 
[2024-06-29T21:39:15.017+0000] {logging_mixin.py:188} INFO - stderr: Traceback (most recent call last):
  File "/opt/airflow/generator/ecomm_generator.py", line 4, in <module>
    from faker import Faker
ModuleNotFoundError: No module named 'faker'
[2024-06-29T21:39:15.017+0000] {python.py:237} INFO - Done. Returned value was: None
[2024-06-29T21:39:15.018+0000] {taskinstance.py:441} INFO - ::group::Post task execution logs
[2024-06-29T21:39:15.023+0000] {taskinstance.py:1206} INFO - Marking task as SUCCESS. dag_id=ecomm_data_pipeline, task_id=generate_and_insert_data, run_id=scheduled__2023-01-01T14:00:00+00:00, execution_date=20230101T140000, start_date=20240629T213914, end_date=20240629T213915
[2024-06-29T21:39:15.055+0000] {local_task_job_runner.py:240} INFO - Task exited with return code 0
[2024-06-29T21:39:15.062+0000] {taskinstance.py:3503} INFO - 0 downstream tasks scheduled from follow-on schedule check
[2024-06-29T21:39:15.063+0000] {local_task_job_runner.py:222} INFO - ::endgroup::
[2024-06-29T22:03:02.488+0000] {local_task_job_runner.py:120} INFO - ::group::Pre task execution logs
[2024-06-29T22:03:02.497+0000] {taskinstance.py:2076} INFO - Dependencies all met for dep_context=non-requeueable deps ti=<TaskInstance: ecomm_data_pipeline.generate_and_insert_data scheduled__2023-01-01T14:00:00+00:00 [queued]>
[2024-06-29T22:03:02.500+0000] {taskinstance.py:2076} INFO - Dependencies all met for dep_context=requeueable deps ti=<TaskInstance: ecomm_data_pipeline.generate_and_insert_data scheduled__2023-01-01T14:00:00+00:00 [queued]>
[2024-06-29T22:03:02.500+0000] {taskinstance.py:2306} INFO - Starting attempt 1 of 2
[2024-06-29T22:03:02.504+0000] {taskinstance.py:2330} INFO - Executing <Task(PythonOperator): generate_and_insert_data> on 2023-01-01 14:00:00+00:00
[2024-06-29T22:03:02.506+0000] {standard_task_runner.py:63} INFO - Started process 1262 to run task
[2024-06-29T22:03:02.507+0000] {standard_task_runner.py:90} INFO - Running: ['airflow', 'tasks', 'run', 'ecomm_data_pipeline', 'generate_and_insert_data', 'scheduled__2023-01-01T14:00:00+00:00', '--job-id', '86', '--raw', '--subdir', 'DAGS_FOLDER/ecomm_dag.py', '--cfg-path', '/tmp/tmpi2xosz_6']
[2024-06-29T22:03:02.508+0000] {standard_task_runner.py:91} INFO - Job 86: Subtask generate_and_insert_data
[2024-06-29T22:03:02.524+0000] {task_command.py:426} INFO - Running <TaskInstance: ecomm_data_pipeline.generate_and_insert_data scheduled__2023-01-01T14:00:00+00:00 [running]> on host 799998b0d26e
[2024-06-29T22:03:02.553+0000] {taskinstance.py:2648} INFO - Exporting env vars: AIRFLOW_CTX_DAG_OWNER='airflow' AIRFLOW_CTX_DAG_ID='ecomm_data_pipeline' AIRFLOW_CTX_TASK_ID='generate_and_insert_data' AIRFLOW_CTX_EXECUTION_DATE='2023-01-01T14:00:00+00:00' AIRFLOW_CTX_TRY_NUMBER='1' AIRFLOW_CTX_DAG_RUN_ID='scheduled__2023-01-01T14:00:00+00:00'
[2024-06-29T22:03:02.554+0000] {taskinstance.py:430} INFO - ::endgroup::
[2024-06-29T22:03:02.610+0000] {logging_mixin.py:188} INFO - Error in generate_and_insert_data: Command '['python3', '/opt/airflow/generator/ecomm_generator.py']' returned non-zero exit status 1.
[2024-06-29T22:03:02.610+0000] {logging_mixin.py:188} INFO - stdout: 
[2024-06-29T22:03:02.610+0000] {logging_mixin.py:188} INFO - stderr: Traceback (most recent call last):
  File "/opt/airflow/generator/ecomm_generator.py", line 4, in <module>
    from faker import Faker
ModuleNotFoundError: No module named 'faker'
[2024-06-29T22:03:02.610+0000] {python.py:237} INFO - Done. Returned value was: None
[2024-06-29T22:03:02.610+0000] {taskinstance.py:441} INFO - ::group::Post task execution logs
[2024-06-29T22:03:02.615+0000] {taskinstance.py:1206} INFO - Marking task as SUCCESS. dag_id=ecomm_data_pipeline, task_id=generate_and_insert_data, run_id=scheduled__2023-01-01T14:00:00+00:00, execution_date=20230101T140000, start_date=20240629T220302, end_date=20240629T220302
[2024-06-29T22:03:02.655+0000] {local_task_job_runner.py:240} INFO - Task exited with return code 0
[2024-06-29T22:03:02.662+0000] {taskinstance.py:3503} INFO - 0 downstream tasks scheduled from follow-on schedule check
[2024-06-29T22:03:02.662+0000] {local_task_job_runner.py:222} INFO - ::endgroup::
