[2024-07-06T22:08:52.089+0000] {taskinstance.py:1103} INFO - Dependencies all met for dep_context=non-requeueable deps ti=<TaskInstance: initialize_etl_environment.create_events_table scheduled__2024-07-05T00:00:00+00:00 [queued]>
[2024-07-06T22:08:52.093+0000] {taskinstance.py:1103} INFO - Dependencies all met for dep_context=requeueable deps ti=<TaskInstance: initialize_etl_environment.create_events_table scheduled__2024-07-05T00:00:00+00:00 [queued]>
[2024-07-06T22:08:52.093+0000] {taskinstance.py:1308} INFO - Starting attempt 1 of 2
[2024-07-06T22:08:52.098+0000] {taskinstance.py:1327} INFO - Executing <Task(PostgresOperator): create_events_table> on 2024-07-05 00:00:00+00:00
[2024-07-06T22:08:52.100+0000] {standard_task_runner.py:57} INFO - Started process 4393 to run task
[2024-07-06T22:08:52.101+0000] {standard_task_runner.py:84} INFO - Running: ['airflow', 'tasks', 'run', 'initialize_etl_environment', 'create_events_table', 'scheduled__2024-07-05T00:00:00+00:00', '--job-id', '1198', '--raw', '--subdir', 'DAGS_FOLDER/etl_env_init.py', '--cfg-path', '/tmp/tmp6pl2eqvf']
[2024-07-06T22:08:52.102+0000] {standard_task_runner.py:85} INFO - Job 1198: Subtask create_events_table
[2024-07-06T22:08:52.123+0000] {task_command.py:410} INFO - Running <TaskInstance: initialize_etl_environment.create_events_table scheduled__2024-07-05T00:00:00+00:00 [running]> on host c058add182a5
[2024-07-06T22:08:52.164+0000] {taskinstance.py:1545} INFO - Exporting env vars: AIRFLOW_CTX_DAG_EMAIL='airflow@example.com' AIRFLOW_CTX_DAG_OWNER='airflow' AIRFLOW_CTX_DAG_ID='initialize_etl_environment' AIRFLOW_CTX_TASK_ID='create_events_table' AIRFLOW_CTX_EXECUTION_DATE='2024-07-05T00:00:00+00:00' AIRFLOW_CTX_TRY_NUMBER='1' AIRFLOW_CTX_DAG_RUN_ID='scheduled__2024-07-05T00:00:00+00:00'
[2024-07-06T22:08:52.164+0000] {sql.py:262} INFO - Executing: 
    CREATE TABLE IF NOT EXISTS raw.clickstream_events (
        event_id INT PRIMARY KEY,
        user_id INT REFERENCES raw.users(user_id),
        timestamp TIMESTAMP NOT NULL,
        page_visited VARCHAR(255),
        action VARCHAR(50),
        product_id INT,
        created_at TIMESTAMP 
    );
        
    
[2024-07-06T22:08:52.168+0000] {base.py:73} INFO - Using connection ID 'company_dw' for task execution.
[2024-07-06T22:08:52.190+0000] {base.py:73} INFO - Using connection ID 'company_dw' for task execution.
[2024-07-06T22:08:52.192+0000] {sql.py:375} INFO - Running statement: 
    CREATE TABLE IF NOT EXISTS raw.clickstream_events (
        event_id INT PRIMARY KEY,
        user_id INT REFERENCES raw.users(user_id),
        timestamp TIMESTAMP NOT NULL,
        page_visited VARCHAR(255),
        action VARCHAR(50),
        product_id INT,
        created_at TIMESTAMP 
    );
        
    , parameters: None
[2024-07-06T22:08:52.198+0000] {taskinstance.py:1345} INFO - Marking task as SUCCESS. dag_id=initialize_etl_environment, task_id=create_events_table, execution_date=20240705T000000, start_date=20240706T220852, end_date=20240706T220852
[2024-07-06T22:08:52.241+0000] {local_task_job_runner.py:225} INFO - Task exited with return code 0
[2024-07-06T22:08:52.251+0000] {taskinstance.py:2651} INFO - 0 downstream tasks scheduled from follow-on schedule check
