[2024-06-27T22:34:22.167+0000] {local_task_job_runner.py:120} INFO - ::group::Pre task execution logs
[2024-06-27T22:34:22.177+0000] {taskinstance.py:2076} INFO - Dependencies all met for dep_context=non-requeueable deps ti=<TaskInstance: ecomm_data_pipeline.generate_and_insert_data scheduled__2023-01-01T06:20:00+00:00 [queued]>
[2024-06-27T22:34:22.179+0000] {taskinstance.py:2076} INFO - Dependencies all met for dep_context=requeueable deps ti=<TaskInstance: ecomm_data_pipeline.generate_and_insert_data scheduled__2023-01-01T06:20:00+00:00 [queued]>
[2024-06-27T22:34:22.179+0000] {taskinstance.py:2306} INFO - Starting attempt 1 of 2
[2024-06-27T22:34:22.184+0000] {taskinstance.py:2330} INFO - Executing <Task(PythonOperator): generate_and_insert_data> on 2023-01-01 06:20:00+00:00
[2024-06-27T22:34:22.185+0000] {standard_task_runner.py:63} INFO - Started process 826 to run task
[2024-06-27T22:34:22.186+0000] {standard_task_runner.py:90} INFO - Running: ['airflow', 'tasks', 'run', 'ecomm_data_pipeline', 'generate_and_insert_data', 'scheduled__2023-01-01T06:20:00+00:00', '--job-id', '57', '--raw', '--subdir', 'DAGS_FOLDER/ecomm_dag.py', '--cfg-path', '/tmp/tmpgbsctwh8']
[2024-06-27T22:34:22.187+0000] {standard_task_runner.py:91} INFO - Job 57: Subtask generate_and_insert_data
[2024-06-27T22:34:22.203+0000] {task_command.py:426} INFO - Running <TaskInstance: ecomm_data_pipeline.generate_and_insert_data scheduled__2023-01-01T06:20:00+00:00 [running]> on host 9174587f6b1d
[2024-06-27T22:34:22.233+0000] {taskinstance.py:2648} INFO - Exporting env vars: AIRFLOW_CTX_DAG_OWNER='airflow' AIRFLOW_CTX_DAG_ID='ecomm_data_pipeline' AIRFLOW_CTX_TASK_ID='generate_and_insert_data' AIRFLOW_CTX_EXECUTION_DATE='2023-01-01T06:20:00+00:00' AIRFLOW_CTX_TRY_NUMBER='1' AIRFLOW_CTX_DAG_RUN_ID='scheduled__2023-01-01T06:20:00+00:00'
[2024-06-27T22:34:22.233+0000] {taskinstance.py:430} INFO - ::endgroup::
[2024-06-27T22:34:22.267+0000] {logging_mixin.py:188} INFO - Error in generate_and_insert_data: Command '['python3', './generator/ecomm_generator.py']' returned non-zero exit status 2.
[2024-06-27T22:34:22.267+0000] {python.py:237} INFO - Done. Returned value was: None
[2024-06-27T22:34:22.268+0000] {taskinstance.py:441} INFO - ::group::Post task execution logs
[2024-06-27T22:34:22.273+0000] {taskinstance.py:1206} INFO - Marking task as SUCCESS. dag_id=ecomm_data_pipeline, task_id=generate_and_insert_data, run_id=scheduled__2023-01-01T06:20:00+00:00, execution_date=20230101T062000, start_date=20240627T223422, end_date=20240627T223422
[2024-06-27T22:34:22.290+0000] {local_task_job_runner.py:240} INFO - Task exited with return code 0
[2024-06-27T22:34:22.297+0000] {taskinstance.py:3503} INFO - 0 downstream tasks scheduled from follow-on schedule check
[2024-06-27T22:34:22.297+0000] {local_task_job_runner.py:222} INFO - ::endgroup::
[2024-06-27T22:53:27.344+0000] {local_task_job_runner.py:120} INFO - ::group::Pre task execution logs
[2024-06-27T22:53:27.354+0000] {taskinstance.py:2076} INFO - Dependencies all met for dep_context=non-requeueable deps ti=<TaskInstance: ecomm_data_pipeline.generate_and_insert_data scheduled__2023-01-01T06:20:00+00:00 [queued]>
[2024-06-27T22:53:27.357+0000] {taskinstance.py:2076} INFO - Dependencies all met for dep_context=requeueable deps ti=<TaskInstance: ecomm_data_pipeline.generate_and_insert_data scheduled__2023-01-01T06:20:00+00:00 [queued]>
[2024-06-27T22:53:27.357+0000] {taskinstance.py:2306} INFO - Starting attempt 1 of 2
[2024-06-27T22:53:27.361+0000] {taskinstance.py:2330} INFO - Executing <Task(PythonOperator): generate_and_insert_data> on 2023-01-01 06:20:00+00:00
[2024-06-27T22:53:27.363+0000] {standard_task_runner.py:63} INFO - Started process 995 to run task
[2024-06-27T22:53:27.364+0000] {standard_task_runner.py:90} INFO - Running: ['airflow', 'tasks', 'run', 'ecomm_data_pipeline', 'generate_and_insert_data', 'scheduled__2023-01-01T06:20:00+00:00', '--job-id', '70', '--raw', '--subdir', 'DAGS_FOLDER/ecomm_dag.py', '--cfg-path', '/tmp/tmp4uwcuvlg']
[2024-06-27T22:53:27.364+0000] {standard_task_runner.py:91} INFO - Job 70: Subtask generate_and_insert_data
[2024-06-27T22:53:27.381+0000] {task_command.py:426} INFO - Running <TaskInstance: ecomm_data_pipeline.generate_and_insert_data scheduled__2023-01-01T06:20:00+00:00 [running]> on host a70edf9d8581
[2024-06-27T22:53:27.409+0000] {taskinstance.py:2648} INFO - Exporting env vars: AIRFLOW_CTX_DAG_OWNER='airflow' AIRFLOW_CTX_DAG_ID='ecomm_data_pipeline' AIRFLOW_CTX_TASK_ID='generate_and_insert_data' AIRFLOW_CTX_EXECUTION_DATE='2023-01-01T06:20:00+00:00' AIRFLOW_CTX_TRY_NUMBER='1' AIRFLOW_CTX_DAG_RUN_ID='scheduled__2023-01-01T06:20:00+00:00'
[2024-06-27T22:53:27.409+0000] {taskinstance.py:430} INFO - ::endgroup::
[2024-06-27T22:53:27.442+0000] {logging_mixin.py:188} INFO - Error in generate_and_insert_data: Command '['python3', './generator/ecomm_generator.py']' returned non-zero exit status 2.
[2024-06-27T22:53:27.442+0000] {logging_mixin.py:188} INFO - stdout: 
[2024-06-27T22:53:27.442+0000] {logging_mixin.py:188} INFO - stderr: python3: can't open file '/opt/airflow/./generator/ecomm_generator.py': [Errno 2] No such file or directory
[2024-06-27T22:53:27.442+0000] {python.py:237} INFO - Done. Returned value was: None
[2024-06-27T22:53:27.442+0000] {taskinstance.py:441} INFO - ::group::Post task execution logs
[2024-06-27T22:53:27.447+0000] {taskinstance.py:1206} INFO - Marking task as SUCCESS. dag_id=ecomm_data_pipeline, task_id=generate_and_insert_data, run_id=scheduled__2023-01-01T06:20:00+00:00, execution_date=20230101T062000, start_date=20240627T225327, end_date=20240627T225327
[2024-06-27T22:53:27.461+0000] {local_task_job_runner.py:240} INFO - Task exited with return code 0
[2024-06-27T22:53:27.468+0000] {taskinstance.py:3503} INFO - 0 downstream tasks scheduled from follow-on schedule check
[2024-06-27T22:53:27.468+0000] {local_task_job_runner.py:222} INFO - ::endgroup::
[2024-06-28T18:14:55.809+0000] {local_task_job_runner.py:120} INFO - ::group::Pre task execution logs
[2024-06-28T18:14:55.819+0000] {taskinstance.py:2076} INFO - Dependencies all met for dep_context=non-requeueable deps ti=<TaskInstance: ecomm_data_pipeline.generate_and_insert_data scheduled__2023-01-01T06:20:00+00:00 [queued]>
[2024-06-28T18:14:55.821+0000] {taskinstance.py:2076} INFO - Dependencies all met for dep_context=requeueable deps ti=<TaskInstance: ecomm_data_pipeline.generate_and_insert_data scheduled__2023-01-01T06:20:00+00:00 [queued]>
[2024-06-28T18:14:55.822+0000] {taskinstance.py:2306} INFO - Starting attempt 1 of 2
[2024-06-28T18:14:55.826+0000] {taskinstance.py:2330} INFO - Executing <Task(PythonOperator): generate_and_insert_data> on 2023-01-01 06:20:00+00:00
[2024-06-28T18:14:55.827+0000] {standard_task_runner.py:63} INFO - Started process 1109 to run task
[2024-06-28T18:14:55.829+0000] {standard_task_runner.py:90} INFO - Running: ['airflow', 'tasks', 'run', 'ecomm_data_pipeline', 'generate_and_insert_data', 'scheduled__2023-01-01T06:20:00+00:00', '--job-id', '78', '--raw', '--subdir', 'DAGS_FOLDER/ecomm_dag.py', '--cfg-path', '/tmp/tmpcrac2byz']
[2024-06-28T18:14:55.829+0000] {standard_task_runner.py:91} INFO - Job 78: Subtask generate_and_insert_data
[2024-06-28T18:14:55.845+0000] {task_command.py:426} INFO - Running <TaskInstance: ecomm_data_pipeline.generate_and_insert_data scheduled__2023-01-01T06:20:00+00:00 [running]> on host 08cefd381a1f
[2024-06-28T18:14:55.873+0000] {taskinstance.py:2648} INFO - Exporting env vars: AIRFLOW_CTX_DAG_OWNER='airflow' AIRFLOW_CTX_DAG_ID='ecomm_data_pipeline' AIRFLOW_CTX_TASK_ID='generate_and_insert_data' AIRFLOW_CTX_EXECUTION_DATE='2023-01-01T06:20:00+00:00' AIRFLOW_CTX_TRY_NUMBER='1' AIRFLOW_CTX_DAG_RUN_ID='scheduled__2023-01-01T06:20:00+00:00'
[2024-06-28T18:14:55.874+0000] {taskinstance.py:430} INFO - ::endgroup::
[2024-06-28T18:14:55.929+0000] {logging_mixin.py:188} INFO - Error in generate_and_insert_data: Command '['python3', '/opt/airflow/generator/ecomm_generator.py']' returned non-zero exit status 1.
[2024-06-28T18:14:55.929+0000] {logging_mixin.py:188} INFO - stdout: 
[2024-06-28T18:14:55.930+0000] {logging_mixin.py:188} INFO - stderr: Traceback (most recent call last):
  File "/opt/airflow/generator/ecomm_generator.py", line 4, in <module>
    from faker import Faker
ModuleNotFoundError: No module named 'faker'
[2024-06-28T18:14:55.930+0000] {python.py:237} INFO - Done. Returned value was: None
[2024-06-28T18:14:55.930+0000] {taskinstance.py:441} INFO - ::group::Post task execution logs
[2024-06-28T18:14:55.935+0000] {taskinstance.py:1206} INFO - Marking task as SUCCESS. dag_id=ecomm_data_pipeline, task_id=generate_and_insert_data, run_id=scheduled__2023-01-01T06:20:00+00:00, execution_date=20230101T062000, start_date=20240628T181455, end_date=20240628T181455
[2024-06-28T18:14:55.974+0000] {local_task_job_runner.py:240} INFO - Task exited with return code 0
[2024-06-28T18:14:55.981+0000] {taskinstance.py:3503} INFO - 0 downstream tasks scheduled from follow-on schedule check
[2024-06-28T18:14:55.981+0000] {local_task_job_runner.py:222} INFO - ::endgroup::
[2024-06-28T18:21:50.872+0000] {local_task_job_runner.py:120} INFO - ::group::Pre task execution logs
[2024-06-28T18:21:50.882+0000] {taskinstance.py:2076} INFO - Dependencies all met for dep_context=non-requeueable deps ti=<TaskInstance: ecomm_data_pipeline.generate_and_insert_data scheduled__2023-01-01T06:20:00+00:00 [queued]>
[2024-06-28T18:21:50.884+0000] {taskinstance.py:2076} INFO - Dependencies all met for dep_context=requeueable deps ti=<TaskInstance: ecomm_data_pipeline.generate_and_insert_data scheduled__2023-01-01T06:20:00+00:00 [queued]>
[2024-06-28T18:21:50.884+0000] {taskinstance.py:2306} INFO - Starting attempt 1 of 2
[2024-06-28T18:21:50.889+0000] {taskinstance.py:2330} INFO - Executing <Task(PythonOperator): generate_and_insert_data> on 2023-01-01 06:20:00+00:00
[2024-06-28T18:21:50.890+0000] {standard_task_runner.py:63} INFO - Started process 878 to run task
[2024-06-28T18:21:50.891+0000] {standard_task_runner.py:90} INFO - Running: ['airflow', 'tasks', 'run', 'ecomm_data_pipeline', 'generate_and_insert_data', 'scheduled__2023-01-01T06:20:00+00:00', '--job-id', '61', '--raw', '--subdir', 'DAGS_FOLDER/ecomm_dag.py', '--cfg-path', '/tmp/tmp0c4qscg1']
[2024-06-28T18:21:50.892+0000] {standard_task_runner.py:91} INFO - Job 61: Subtask generate_and_insert_data
[2024-06-28T18:21:50.908+0000] {task_command.py:426} INFO - Running <TaskInstance: ecomm_data_pipeline.generate_and_insert_data scheduled__2023-01-01T06:20:00+00:00 [running]> on host 6570e5857071
[2024-06-28T18:21:50.937+0000] {taskinstance.py:2648} INFO - Exporting env vars: AIRFLOW_CTX_DAG_OWNER='airflow' AIRFLOW_CTX_DAG_ID='ecomm_data_pipeline' AIRFLOW_CTX_TASK_ID='generate_and_insert_data' AIRFLOW_CTX_EXECUTION_DATE='2023-01-01T06:20:00+00:00' AIRFLOW_CTX_TRY_NUMBER='1' AIRFLOW_CTX_DAG_RUN_ID='scheduled__2023-01-01T06:20:00+00:00'
[2024-06-28T18:21:50.937+0000] {taskinstance.py:430} INFO - ::endgroup::
[2024-06-28T18:21:50.994+0000] {logging_mixin.py:188} INFO - Error in generate_and_insert_data: Command '['python3', '/opt/airflow/generator/ecomm_generator.py']' returned non-zero exit status 1.
[2024-06-28T18:21:50.994+0000] {logging_mixin.py:188} INFO - stdout: 
[2024-06-28T18:21:50.994+0000] {logging_mixin.py:188} INFO - stderr: Traceback (most recent call last):
  File "/opt/airflow/generator/ecomm_generator.py", line 4, in <module>
    from faker import Faker
ModuleNotFoundError: No module named 'faker'
[2024-06-28T18:21:50.994+0000] {python.py:237} INFO - Done. Returned value was: None
[2024-06-28T18:21:50.995+0000] {taskinstance.py:441} INFO - ::group::Post task execution logs
[2024-06-28T18:21:50.999+0000] {taskinstance.py:1206} INFO - Marking task as SUCCESS. dag_id=ecomm_data_pipeline, task_id=generate_and_insert_data, run_id=scheduled__2023-01-01T06:20:00+00:00, execution_date=20230101T062000, start_date=20240628T182150, end_date=20240628T182150
[2024-06-28T18:21:51.030+0000] {local_task_job_runner.py:240} INFO - Task exited with return code 0
[2024-06-28T18:21:51.037+0000] {taskinstance.py:3503} INFO - 0 downstream tasks scheduled from follow-on schedule check
[2024-06-28T18:21:51.038+0000] {local_task_job_runner.py:222} INFO - ::endgroup::
[2024-06-28T18:31:47.997+0000] {local_task_job_runner.py:120} INFO - ::group::Pre task execution logs
[2024-06-28T18:31:48.007+0000] {taskinstance.py:2076} INFO - Dependencies all met for dep_context=non-requeueable deps ti=<TaskInstance: ecomm_data_pipeline.generate_and_insert_data scheduled__2023-01-01T06:20:00+00:00 [queued]>
[2024-06-28T18:31:48.009+0000] {taskinstance.py:2076} INFO - Dependencies all met for dep_context=requeueable deps ti=<TaskInstance: ecomm_data_pipeline.generate_and_insert_data scheduled__2023-01-01T06:20:00+00:00 [queued]>
[2024-06-28T18:31:48.010+0000] {taskinstance.py:2306} INFO - Starting attempt 1 of 2
[2024-06-28T18:31:48.014+0000] {taskinstance.py:2330} INFO - Executing <Task(PythonOperator): generate_and_insert_data> on 2023-01-01 06:20:00+00:00
[2024-06-28T18:31:48.016+0000] {standard_task_runner.py:63} INFO - Started process 826 to run task
[2024-06-28T18:31:48.017+0000] {standard_task_runner.py:90} INFO - Running: ['airflow', 'tasks', 'run', 'ecomm_data_pipeline', 'generate_and_insert_data', 'scheduled__2023-01-01T06:20:00+00:00', '--job-id', '57', '--raw', '--subdir', 'DAGS_FOLDER/ecomm_dag.py', '--cfg-path', '/tmp/tmpykv9x0m8']
[2024-06-28T18:31:48.017+0000] {standard_task_runner.py:91} INFO - Job 57: Subtask generate_and_insert_data
[2024-06-28T18:31:48.034+0000] {task_command.py:426} INFO - Running <TaskInstance: ecomm_data_pipeline.generate_and_insert_data scheduled__2023-01-01T06:20:00+00:00 [running]> on host 50bf780463b8
[2024-06-28T18:31:48.062+0000] {taskinstance.py:2648} INFO - Exporting env vars: AIRFLOW_CTX_DAG_OWNER='airflow' AIRFLOW_CTX_DAG_ID='ecomm_data_pipeline' AIRFLOW_CTX_TASK_ID='generate_and_insert_data' AIRFLOW_CTX_EXECUTION_DATE='2023-01-01T06:20:00+00:00' AIRFLOW_CTX_TRY_NUMBER='1' AIRFLOW_CTX_DAG_RUN_ID='scheduled__2023-01-01T06:20:00+00:00'
[2024-06-28T18:31:48.062+0000] {taskinstance.py:430} INFO - ::endgroup::
[2024-06-28T18:31:48.119+0000] {logging_mixin.py:188} INFO - Error in generate_and_insert_data: Command '['python3', '/opt/airflow/generator/ecomm_generator.py']' returned non-zero exit status 1.
[2024-06-28T18:31:48.120+0000] {logging_mixin.py:188} INFO - stdout: 
[2024-06-28T18:31:48.120+0000] {logging_mixin.py:188} INFO - stderr: Traceback (most recent call last):
  File "/opt/airflow/generator/ecomm_generator.py", line 4, in <module>
    from faker import Faker
ModuleNotFoundError: No module named 'faker'
[2024-06-28T18:31:48.120+0000] {python.py:237} INFO - Done. Returned value was: None
[2024-06-28T18:31:48.120+0000] {taskinstance.py:441} INFO - ::group::Post task execution logs
[2024-06-28T18:31:48.125+0000] {taskinstance.py:1206} INFO - Marking task as SUCCESS. dag_id=ecomm_data_pipeline, task_id=generate_and_insert_data, run_id=scheduled__2023-01-01T06:20:00+00:00, execution_date=20230101T062000, start_date=20240628T183148, end_date=20240628T183148
[2024-06-28T18:31:48.160+0000] {local_task_job_runner.py:240} INFO - Task exited with return code 0
[2024-06-28T18:31:48.166+0000] {taskinstance.py:3503} INFO - 0 downstream tasks scheduled from follow-on schedule check
[2024-06-28T18:31:48.166+0000] {local_task_job_runner.py:222} INFO - ::endgroup::
[2024-06-29T21:37:47.572+0000] {local_task_job_runner.py:120} INFO - ::group::Pre task execution logs
[2024-06-29T21:37:47.582+0000] {taskinstance.py:2076} INFO - Dependencies all met for dep_context=non-requeueable deps ti=<TaskInstance: ecomm_data_pipeline.generate_and_insert_data scheduled__2023-01-01T06:20:00+00:00 [queued]>
[2024-06-29T21:37:47.584+0000] {taskinstance.py:2076} INFO - Dependencies all met for dep_context=requeueable deps ti=<TaskInstance: ecomm_data_pipeline.generate_and_insert_data scheduled__2023-01-01T06:20:00+00:00 [queued]>
[2024-06-29T21:37:47.584+0000] {taskinstance.py:2306} INFO - Starting attempt 1 of 2
[2024-06-29T21:37:47.589+0000] {taskinstance.py:2330} INFO - Executing <Task(PythonOperator): generate_and_insert_data> on 2023-01-01 06:20:00+00:00
[2024-06-29T21:37:47.590+0000] {standard_task_runner.py:63} INFO - Started process 591 to run task
[2024-06-29T21:37:47.591+0000] {standard_task_runner.py:90} INFO - Running: ['airflow', 'tasks', 'run', 'ecomm_data_pipeline', 'generate_and_insert_data', 'scheduled__2023-01-01T06:20:00+00:00', '--job-id', '40', '--raw', '--subdir', 'DAGS_FOLDER/ecomm_dag.py', '--cfg-path', '/tmp/tmpzmyjhev8']
[2024-06-29T21:37:47.592+0000] {standard_task_runner.py:91} INFO - Job 40: Subtask generate_and_insert_data
[2024-06-29T21:37:47.608+0000] {task_command.py:426} INFO - Running <TaskInstance: ecomm_data_pipeline.generate_and_insert_data scheduled__2023-01-01T06:20:00+00:00 [running]> on host afcb6fbf9265
[2024-06-29T21:37:47.640+0000] {taskinstance.py:2648} INFO - Exporting env vars: AIRFLOW_CTX_DAG_OWNER='airflow' AIRFLOW_CTX_DAG_ID='ecomm_data_pipeline' AIRFLOW_CTX_TASK_ID='generate_and_insert_data' AIRFLOW_CTX_EXECUTION_DATE='2023-01-01T06:20:00+00:00' AIRFLOW_CTX_TRY_NUMBER='1' AIRFLOW_CTX_DAG_RUN_ID='scheduled__2023-01-01T06:20:00+00:00'
[2024-06-29T21:37:47.640+0000] {taskinstance.py:430} INFO - ::endgroup::
[2024-06-29T21:37:47.697+0000] {logging_mixin.py:188} INFO - Error in generate_and_insert_data: Command '['python3', '/opt/airflow/generator/ecomm_generator.py']' returned non-zero exit status 1.
[2024-06-29T21:37:47.697+0000] {logging_mixin.py:188} INFO - stdout: 
[2024-06-29T21:37:47.697+0000] {logging_mixin.py:188} INFO - stderr: Traceback (most recent call last):
  File "/opt/airflow/generator/ecomm_generator.py", line 4, in <module>
    from faker import Faker
ModuleNotFoundError: No module named 'faker'
[2024-06-29T21:37:47.697+0000] {python.py:237} INFO - Done. Returned value was: None
[2024-06-29T21:37:47.697+0000] {taskinstance.py:441} INFO - ::group::Post task execution logs
[2024-06-29T21:37:47.702+0000] {taskinstance.py:1206} INFO - Marking task as SUCCESS. dag_id=ecomm_data_pipeline, task_id=generate_and_insert_data, run_id=scheduled__2023-01-01T06:20:00+00:00, execution_date=20230101T062000, start_date=20240629T213747, end_date=20240629T213747
[2024-06-29T21:37:47.735+0000] {local_task_job_runner.py:240} INFO - Task exited with return code 0
[2024-06-29T21:37:47.741+0000] {taskinstance.py:3503} INFO - 0 downstream tasks scheduled from follow-on schedule check
[2024-06-29T21:37:47.742+0000] {local_task_job_runner.py:222} INFO - ::endgroup::
[2024-06-29T21:50:04.448+0000] {local_task_job_runner.py:120} INFO - ::group::Pre task execution logs
[2024-06-29T21:50:04.458+0000] {taskinstance.py:2076} INFO - Dependencies all met for dep_context=non-requeueable deps ti=<TaskInstance: ecomm_data_pipeline.generate_and_insert_data scheduled__2023-01-01T06:20:00+00:00 [queued]>
[2024-06-29T21:50:04.460+0000] {taskinstance.py:2076} INFO - Dependencies all met for dep_context=requeueable deps ti=<TaskInstance: ecomm_data_pipeline.generate_and_insert_data scheduled__2023-01-01T06:20:00+00:00 [queued]>
[2024-06-29T21:50:04.461+0000] {taskinstance.py:2306} INFO - Starting attempt 1 of 2
[2024-06-29T21:50:04.465+0000] {taskinstance.py:2330} INFO - Executing <Task(PythonOperator): generate_and_insert_data> on 2023-01-01 06:20:00+00:00
[2024-06-29T21:50:04.466+0000] {standard_task_runner.py:63} INFO - Started process 592 to run task
[2024-06-29T21:50:04.467+0000] {standard_task_runner.py:90} INFO - Running: ['airflow', 'tasks', 'run', 'ecomm_data_pipeline', 'generate_and_insert_data', 'scheduled__2023-01-01T06:20:00+00:00', '--job-id', '40', '--raw', '--subdir', 'DAGS_FOLDER/ecomm_dag.py', '--cfg-path', '/tmp/tmp6re4zirg']
[2024-06-29T21:50:04.468+0000] {standard_task_runner.py:91} INFO - Job 40: Subtask generate_and_insert_data
[2024-06-29T21:50:04.484+0000] {task_command.py:426} INFO - Running <TaskInstance: ecomm_data_pipeline.generate_and_insert_data scheduled__2023-01-01T06:20:00+00:00 [running]> on host 0b7af056b90c
[2024-06-29T21:50:04.512+0000] {taskinstance.py:2648} INFO - Exporting env vars: AIRFLOW_CTX_DAG_OWNER='airflow' AIRFLOW_CTX_DAG_ID='ecomm_data_pipeline' AIRFLOW_CTX_TASK_ID='generate_and_insert_data' AIRFLOW_CTX_EXECUTION_DATE='2023-01-01T06:20:00+00:00' AIRFLOW_CTX_TRY_NUMBER='1' AIRFLOW_CTX_DAG_RUN_ID='scheduled__2023-01-01T06:20:00+00:00'
[2024-06-29T21:50:04.512+0000] {taskinstance.py:430} INFO - ::endgroup::
[2024-06-29T21:50:04.569+0000] {logging_mixin.py:188} INFO - Error in generate_and_insert_data: Command '['python3', '/opt/airflow/generator/ecomm_generator.py']' returned non-zero exit status 1.
[2024-06-29T21:50:04.569+0000] {logging_mixin.py:188} INFO - stdout: 
[2024-06-29T21:50:04.569+0000] {logging_mixin.py:188} INFO - stderr: Traceback (most recent call last):
  File "/opt/airflow/generator/ecomm_generator.py", line 4, in <module>
    from faker import Faker
ModuleNotFoundError: No module named 'faker'
[2024-06-29T21:50:04.569+0000] {python.py:237} INFO - Done. Returned value was: None
[2024-06-29T21:50:04.569+0000] {taskinstance.py:441} INFO - ::group::Post task execution logs
[2024-06-29T21:50:04.574+0000] {taskinstance.py:1206} INFO - Marking task as SUCCESS. dag_id=ecomm_data_pipeline, task_id=generate_and_insert_data, run_id=scheduled__2023-01-01T06:20:00+00:00, execution_date=20230101T062000, start_date=20240629T215004, end_date=20240629T215004
[2024-06-29T21:50:04.609+0000] {local_task_job_runner.py:240} INFO - Task exited with return code 0
[2024-06-29T21:50:04.615+0000] {taskinstance.py:3503} INFO - 0 downstream tasks scheduled from follow-on schedule check
[2024-06-29T21:50:04.615+0000] {local_task_job_runner.py:222} INFO - ::endgroup::
[2024-06-29T22:01:36.693+0000] {local_task_job_runner.py:120} INFO - ::group::Pre task execution logs
[2024-06-29T22:01:36.703+0000] {taskinstance.py:2076} INFO - Dependencies all met for dep_context=non-requeueable deps ti=<TaskInstance: ecomm_data_pipeline.generate_and_insert_data scheduled__2023-01-01T06:20:00+00:00 [queued]>
[2024-06-29T22:01:36.706+0000] {taskinstance.py:2076} INFO - Dependencies all met for dep_context=requeueable deps ti=<TaskInstance: ecomm_data_pipeline.generate_and_insert_data scheduled__2023-01-01T06:20:00+00:00 [queued]>
[2024-06-29T22:01:36.706+0000] {taskinstance.py:2306} INFO - Starting attempt 1 of 2
[2024-06-29T22:01:36.710+0000] {taskinstance.py:2330} INFO - Executing <Task(PythonOperator): generate_and_insert_data> on 2023-01-01 06:20:00+00:00
[2024-06-29T22:01:36.712+0000] {standard_task_runner.py:63} INFO - Started process 591 to run task
[2024-06-29T22:01:36.713+0000] {standard_task_runner.py:90} INFO - Running: ['airflow', 'tasks', 'run', 'ecomm_data_pipeline', 'generate_and_insert_data', 'scheduled__2023-01-01T06:20:00+00:00', '--job-id', '40', '--raw', '--subdir', 'DAGS_FOLDER/ecomm_dag.py', '--cfg-path', '/tmp/tmp30tsbo0l']
[2024-06-29T22:01:36.714+0000] {standard_task_runner.py:91} INFO - Job 40: Subtask generate_and_insert_data
[2024-06-29T22:01:36.731+0000] {task_command.py:426} INFO - Running <TaskInstance: ecomm_data_pipeline.generate_and_insert_data scheduled__2023-01-01T06:20:00+00:00 [running]> on host 799998b0d26e
[2024-06-29T22:01:36.759+0000] {taskinstance.py:2648} INFO - Exporting env vars: AIRFLOW_CTX_DAG_OWNER='airflow' AIRFLOW_CTX_DAG_ID='ecomm_data_pipeline' AIRFLOW_CTX_TASK_ID='generate_and_insert_data' AIRFLOW_CTX_EXECUTION_DATE='2023-01-01T06:20:00+00:00' AIRFLOW_CTX_TRY_NUMBER='1' AIRFLOW_CTX_DAG_RUN_ID='scheduled__2023-01-01T06:20:00+00:00'
[2024-06-29T22:01:36.759+0000] {taskinstance.py:430} INFO - ::endgroup::
[2024-06-29T22:01:36.814+0000] {logging_mixin.py:188} INFO - Error in generate_and_insert_data: Command '['python3', '/opt/airflow/generator/ecomm_generator.py']' returned non-zero exit status 1.
[2024-06-29T22:01:36.814+0000] {logging_mixin.py:188} INFO - stdout: 
[2024-06-29T22:01:36.814+0000] {logging_mixin.py:188} INFO - stderr: Traceback (most recent call last):
  File "/opt/airflow/generator/ecomm_generator.py", line 4, in <module>
    from faker import Faker
ModuleNotFoundError: No module named 'faker'
[2024-06-29T22:01:36.814+0000] {python.py:237} INFO - Done. Returned value was: None
[2024-06-29T22:01:36.815+0000] {taskinstance.py:441} INFO - ::group::Post task execution logs
[2024-06-29T22:01:36.819+0000] {taskinstance.py:1206} INFO - Marking task as SUCCESS. dag_id=ecomm_data_pipeline, task_id=generate_and_insert_data, run_id=scheduled__2023-01-01T06:20:00+00:00, execution_date=20230101T062000, start_date=20240629T220136, end_date=20240629T220136
[2024-06-29T22:01:36.857+0000] {local_task_job_runner.py:240} INFO - Task exited with return code 0
[2024-06-29T22:01:36.864+0000] {taskinstance.py:3503} INFO - 0 downstream tasks scheduled from follow-on schedule check
[2024-06-29T22:01:36.865+0000] {local_task_job_runner.py:222} INFO - ::endgroup::
