[2024-06-27T22:33:23.313+0000] {local_task_job_runner.py:120} INFO - ::group::Pre task execution logs
[2024-06-27T22:33:23.324+0000] {taskinstance.py:2076} INFO - Dependencies all met for dep_context=non-requeueable deps ti=<TaskInstance: ecomm_data_pipeline.generate_and_insert_data scheduled__2023-01-01T01:50:00+00:00 [queued]>
[2024-06-27T22:33:23.327+0000] {taskinstance.py:2076} INFO - Dependencies all met for dep_context=requeueable deps ti=<TaskInstance: ecomm_data_pipeline.generate_and_insert_data scheduled__2023-01-01T01:50:00+00:00 [queued]>
[2024-06-27T22:33:23.327+0000] {taskinstance.py:2306} INFO - Starting attempt 1 of 2
[2024-06-27T22:33:23.332+0000] {taskinstance.py:2330} INFO - Executing <Task(PythonOperator): generate_and_insert_data> on 2023-01-01 01:50:00+00:00
[2024-06-27T22:33:23.333+0000] {standard_task_runner.py:63} INFO - Started process 350 to run task
[2024-06-27T22:33:23.335+0000] {standard_task_runner.py:90} INFO - Running: ['airflow', 'tasks', 'run', 'ecomm_data_pipeline', 'generate_and_insert_data', 'scheduled__2023-01-01T01:50:00+00:00', '--job-id', '24', '--raw', '--subdir', 'DAGS_FOLDER/ecomm_dag.py', '--cfg-path', '/tmp/tmpe2bg5sn9']
[2024-06-27T22:33:23.336+0000] {standard_task_runner.py:91} INFO - Job 24: Subtask generate_and_insert_data
[2024-06-27T22:33:23.357+0000] {task_command.py:426} INFO - Running <TaskInstance: ecomm_data_pipeline.generate_and_insert_data scheduled__2023-01-01T01:50:00+00:00 [running]> on host 9174587f6b1d
[2024-06-27T22:33:23.390+0000] {taskinstance.py:2648} INFO - Exporting env vars: AIRFLOW_CTX_DAG_OWNER='airflow' AIRFLOW_CTX_DAG_ID='ecomm_data_pipeline' AIRFLOW_CTX_TASK_ID='generate_and_insert_data' AIRFLOW_CTX_EXECUTION_DATE='2023-01-01T01:50:00+00:00' AIRFLOW_CTX_TRY_NUMBER='1' AIRFLOW_CTX_DAG_RUN_ID='scheduled__2023-01-01T01:50:00+00:00'
[2024-06-27T22:33:23.390+0000] {taskinstance.py:430} INFO - ::endgroup::
[2024-06-27T22:33:23.426+0000] {logging_mixin.py:188} INFO - Error in generate_and_insert_data: Command '['python3', './generator/ecomm_generator.py']' returned non-zero exit status 2.
[2024-06-27T22:33:23.426+0000] {python.py:237} INFO - Done. Returned value was: None
[2024-06-27T22:33:23.427+0000] {taskinstance.py:441} INFO - ::group::Post task execution logs
[2024-06-27T22:33:23.431+0000] {taskinstance.py:1206} INFO - Marking task as SUCCESS. dag_id=ecomm_data_pipeline, task_id=generate_and_insert_data, run_id=scheduled__2023-01-01T01:50:00+00:00, execution_date=20230101T015000, start_date=20240627T223323, end_date=20240627T223323
[2024-06-27T22:33:23.480+0000] {local_task_job_runner.py:240} INFO - Task exited with return code 0
[2024-06-27T22:33:23.488+0000] {taskinstance.py:3503} INFO - 0 downstream tasks scheduled from follow-on schedule check
[2024-06-27T22:33:23.489+0000] {local_task_job_runner.py:222} INFO - ::endgroup::
[2024-06-27T22:52:12.615+0000] {local_task_job_runner.py:120} INFO - ::group::Pre task execution logs
[2024-06-27T22:52:12.626+0000] {taskinstance.py:2076} INFO - Dependencies all met for dep_context=non-requeueable deps ti=<TaskInstance: ecomm_data_pipeline.generate_and_insert_data scheduled__2023-01-01T01:50:00+00:00 [queued]>
[2024-06-27T22:52:12.629+0000] {taskinstance.py:2076} INFO - Dependencies all met for dep_context=requeueable deps ti=<TaskInstance: ecomm_data_pipeline.generate_and_insert_data scheduled__2023-01-01T01:50:00+00:00 [queued]>
[2024-06-27T22:52:12.629+0000] {taskinstance.py:2306} INFO - Starting attempt 1 of 2
[2024-06-27T22:52:12.634+0000] {taskinstance.py:2330} INFO - Executing <Task(PythonOperator): generate_and_insert_data> on 2023-01-01 01:50:00+00:00
[2024-06-27T22:52:12.635+0000] {standard_task_runner.py:63} INFO - Started process 350 to run task
[2024-06-27T22:52:12.636+0000] {standard_task_runner.py:90} INFO - Running: ['airflow', 'tasks', 'run', 'ecomm_data_pipeline', 'generate_and_insert_data', 'scheduled__2023-01-01T01:50:00+00:00', '--job-id', '24', '--raw', '--subdir', 'DAGS_FOLDER/ecomm_dag.py', '--cfg-path', '/tmp/tmp3hyj0w3p']
[2024-06-27T22:52:12.638+0000] {standard_task_runner.py:91} INFO - Job 24: Subtask generate_and_insert_data
[2024-06-27T22:52:12.658+0000] {task_command.py:426} INFO - Running <TaskInstance: ecomm_data_pipeline.generate_and_insert_data scheduled__2023-01-01T01:50:00+00:00 [running]> on host a70edf9d8581
[2024-06-27T22:52:12.691+0000] {taskinstance.py:2648} INFO - Exporting env vars: AIRFLOW_CTX_DAG_OWNER='airflow' AIRFLOW_CTX_DAG_ID='ecomm_data_pipeline' AIRFLOW_CTX_TASK_ID='generate_and_insert_data' AIRFLOW_CTX_EXECUTION_DATE='2023-01-01T01:50:00+00:00' AIRFLOW_CTX_TRY_NUMBER='1' AIRFLOW_CTX_DAG_RUN_ID='scheduled__2023-01-01T01:50:00+00:00'
[2024-06-27T22:52:12.692+0000] {taskinstance.py:430} INFO - ::endgroup::
[2024-06-27T22:52:12.729+0000] {logging_mixin.py:188} INFO - Error in generate_and_insert_data: Command '['python3', './generator/ecomm_generator.py']' returned non-zero exit status 2.
[2024-06-27T22:52:12.729+0000] {logging_mixin.py:188} INFO - stdout: 
[2024-06-27T22:52:12.729+0000] {logging_mixin.py:188} INFO - stderr: python3: can't open file '/opt/airflow/./generator/ecomm_generator.py': [Errno 2] No such file or directory
[2024-06-27T22:52:12.729+0000] {python.py:237} INFO - Done. Returned value was: None
[2024-06-27T22:52:12.729+0000] {taskinstance.py:441} INFO - ::group::Post task execution logs
[2024-06-27T22:52:12.735+0000] {taskinstance.py:1206} INFO - Marking task as SUCCESS. dag_id=ecomm_data_pipeline, task_id=generate_and_insert_data, run_id=scheduled__2023-01-01T01:50:00+00:00, execution_date=20230101T015000, start_date=20240627T225212, end_date=20240627T225212
[2024-06-27T22:52:12.777+0000] {local_task_job_runner.py:240} INFO - Task exited with return code 0
[2024-06-27T22:52:12.785+0000] {taskinstance.py:3503} INFO - 0 downstream tasks scheduled from follow-on schedule check
[2024-06-27T22:52:12.785+0000] {local_task_job_runner.py:222} INFO - ::endgroup::
[2024-06-27T22:59:57.144+0000] {local_task_job_runner.py:120} INFO - ::group::Pre task execution logs
[2024-06-27T22:59:57.155+0000] {taskinstance.py:2076} INFO - Dependencies all met for dep_context=non-requeueable deps ti=<TaskInstance: ecomm_data_pipeline.generate_and_insert_data scheduled__2023-01-01T01:50:00+00:00 [queued]>
[2024-06-27T22:59:57.158+0000] {taskinstance.py:2076} INFO - Dependencies all met for dep_context=requeueable deps ti=<TaskInstance: ecomm_data_pipeline.generate_and_insert_data scheduled__2023-01-01T01:50:00+00:00 [queued]>
[2024-06-27T22:59:57.158+0000] {taskinstance.py:2306} INFO - Starting attempt 1 of 2
[2024-06-27T22:59:57.163+0000] {taskinstance.py:2330} INFO - Executing <Task(PythonOperator): generate_and_insert_data> on 2023-01-01 01:50:00+00:00
[2024-06-27T22:59:57.164+0000] {standard_task_runner.py:63} INFO - Started process 350 to run task
[2024-06-27T22:59:57.165+0000] {standard_task_runner.py:90} INFO - Running: ['airflow', 'tasks', 'run', 'ecomm_data_pipeline', 'generate_and_insert_data', 'scheduled__2023-01-01T01:50:00+00:00', '--job-id', '24', '--raw', '--subdir', 'DAGS_FOLDER/ecomm_dag.py', '--cfg-path', '/tmp/tmp8a0oumxa']
[2024-06-27T22:59:57.166+0000] {standard_task_runner.py:91} INFO - Job 24: Subtask generate_and_insert_data
[2024-06-27T22:59:57.187+0000] {task_command.py:426} INFO - Running <TaskInstance: ecomm_data_pipeline.generate_and_insert_data scheduled__2023-01-01T01:50:00+00:00 [running]> on host 5cc71d4b298c
[2024-06-27T22:59:57.221+0000] {taskinstance.py:2648} INFO - Exporting env vars: AIRFLOW_CTX_DAG_OWNER='airflow' AIRFLOW_CTX_DAG_ID='ecomm_data_pipeline' AIRFLOW_CTX_TASK_ID='generate_and_insert_data' AIRFLOW_CTX_EXECUTION_DATE='2023-01-01T01:50:00+00:00' AIRFLOW_CTX_TRY_NUMBER='1' AIRFLOW_CTX_DAG_RUN_ID='scheduled__2023-01-01T01:50:00+00:00'
[2024-06-27T22:59:57.222+0000] {taskinstance.py:430} INFO - ::endgroup::
[2024-06-27T22:59:57.284+0000] {logging_mixin.py:188} INFO - Error in generate_and_insert_data: Command '['python3', '/opt/airflow/generator/ecomm_generator.py']' returned non-zero exit status 1.
[2024-06-27T22:59:57.284+0000] {logging_mixin.py:188} INFO - stdout: 
[2024-06-27T22:59:57.284+0000] {logging_mixin.py:188} INFO - stderr: Traceback (most recent call last):
  File "/opt/airflow/generator/ecomm_generator.py", line 4, in <module>
    from faker import Faker
ModuleNotFoundError: No module named 'faker'
[2024-06-27T22:59:57.285+0000] {python.py:237} INFO - Done. Returned value was: None
[2024-06-27T22:59:57.285+0000] {taskinstance.py:441} INFO - ::group::Post task execution logs
[2024-06-27T22:59:57.290+0000] {taskinstance.py:1206} INFO - Marking task as SUCCESS. dag_id=ecomm_data_pipeline, task_id=generate_and_insert_data, run_id=scheduled__2023-01-01T01:50:00+00:00, execution_date=20230101T015000, start_date=20240627T225957, end_date=20240627T225957
[2024-06-27T22:59:57.305+0000] {local_task_job_runner.py:240} INFO - Task exited with return code 0
[2024-06-27T22:59:57.318+0000] {taskinstance.py:3503} INFO - 0 downstream tasks scheduled from follow-on schedule check
[2024-06-27T22:59:57.318+0000] {local_task_job_runner.py:222} INFO - ::endgroup::
[2024-06-27T23:09:36.238+0000] {local_task_job_runner.py:120} INFO - ::group::Pre task execution logs
[2024-06-27T23:09:36.249+0000] {taskinstance.py:2076} INFO - Dependencies all met for dep_context=non-requeueable deps ti=<TaskInstance: ecomm_data_pipeline.generate_and_insert_data scheduled__2023-01-01T01:50:00+00:00 [queued]>
[2024-06-27T23:09:36.252+0000] {taskinstance.py:2076} INFO - Dependencies all met for dep_context=requeueable deps ti=<TaskInstance: ecomm_data_pipeline.generate_and_insert_data scheduled__2023-01-01T01:50:00+00:00 [queued]>
[2024-06-27T23:09:36.252+0000] {taskinstance.py:2306} INFO - Starting attempt 1 of 2
[2024-06-27T23:09:36.257+0000] {taskinstance.py:2330} INFO - Executing <Task(PythonOperator): generate_and_insert_data> on 2023-01-01 01:50:00+00:00
[2024-06-27T23:09:36.258+0000] {standard_task_runner.py:63} INFO - Started process 350 to run task
[2024-06-27T23:09:36.259+0000] {standard_task_runner.py:90} INFO - Running: ['airflow', 'tasks', 'run', 'ecomm_data_pipeline', 'generate_and_insert_data', 'scheduled__2023-01-01T01:50:00+00:00', '--job-id', '24', '--raw', '--subdir', 'DAGS_FOLDER/ecomm_dag.py', '--cfg-path', '/tmp/tmpz1bbnac9']
[2024-06-27T23:09:36.260+0000] {standard_task_runner.py:91} INFO - Job 24: Subtask generate_and_insert_data
[2024-06-27T23:09:36.281+0000] {task_command.py:426} INFO - Running <TaskInstance: ecomm_data_pipeline.generate_and_insert_data scheduled__2023-01-01T01:50:00+00:00 [running]> on host 7147f8a4dc9f
[2024-06-27T23:09:36.316+0000] {taskinstance.py:2648} INFO - Exporting env vars: AIRFLOW_CTX_DAG_OWNER='airflow' AIRFLOW_CTX_DAG_ID='ecomm_data_pipeline' AIRFLOW_CTX_TASK_ID='generate_and_insert_data' AIRFLOW_CTX_EXECUTION_DATE='2023-01-01T01:50:00+00:00' AIRFLOW_CTX_TRY_NUMBER='1' AIRFLOW_CTX_DAG_RUN_ID='scheduled__2023-01-01T01:50:00+00:00'
[2024-06-27T23:09:36.316+0000] {taskinstance.py:430} INFO - ::endgroup::
[2024-06-27T23:09:36.378+0000] {logging_mixin.py:188} INFO - Error in generate_and_insert_data: Command '['python3', '/opt/airflow/generator/ecomm_generator.py']' returned non-zero exit status 1.
[2024-06-27T23:09:36.379+0000] {logging_mixin.py:188} INFO - stdout: 
[2024-06-27T23:09:36.379+0000] {logging_mixin.py:188} INFO - stderr: Traceback (most recent call last):
  File "/opt/airflow/generator/ecomm_generator.py", line 4, in <module>
    from faker import Faker
ModuleNotFoundError: No module named 'faker'
[2024-06-27T23:09:36.379+0000] {python.py:237} INFO - Done. Returned value was: None
[2024-06-27T23:09:36.379+0000] {taskinstance.py:441} INFO - ::group::Post task execution logs
[2024-06-27T23:09:36.384+0000] {taskinstance.py:1206} INFO - Marking task as SUCCESS. dag_id=ecomm_data_pipeline, task_id=generate_and_insert_data, run_id=scheduled__2023-01-01T01:50:00+00:00, execution_date=20230101T015000, start_date=20240627T230936, end_date=20240627T230936
[2024-06-27T23:09:36.399+0000] {local_task_job_runner.py:240} INFO - Task exited with return code 0
[2024-06-27T23:09:36.406+0000] {taskinstance.py:3503} INFO - 0 downstream tasks scheduled from follow-on schedule check
[2024-06-27T23:09:36.407+0000] {local_task_job_runner.py:222} INFO - ::endgroup::
[2024-06-27T23:13:14.593+0000] {local_task_job_runner.py:120} INFO - ::group::Pre task execution logs
[2024-06-27T23:13:14.605+0000] {taskinstance.py:2076} INFO - Dependencies all met for dep_context=non-requeueable deps ti=<TaskInstance: ecomm_data_pipeline.generate_and_insert_data scheduled__2023-01-01T01:50:00+00:00 [queued]>
[2024-06-27T23:13:14.608+0000] {taskinstance.py:2076} INFO - Dependencies all met for dep_context=requeueable deps ti=<TaskInstance: ecomm_data_pipeline.generate_and_insert_data scheduled__2023-01-01T01:50:00+00:00 [queued]>
[2024-06-27T23:13:14.608+0000] {taskinstance.py:2306} INFO - Starting attempt 1 of 2
[2024-06-27T23:13:14.613+0000] {taskinstance.py:2330} INFO - Executing <Task(PythonOperator): generate_and_insert_data> on 2023-01-01 01:50:00+00:00
[2024-06-27T23:13:14.615+0000] {standard_task_runner.py:63} INFO - Started process 350 to run task
[2024-06-27T23:13:14.616+0000] {standard_task_runner.py:90} INFO - Running: ['airflow', 'tasks', 'run', 'ecomm_data_pipeline', 'generate_and_insert_data', 'scheduled__2023-01-01T01:50:00+00:00', '--job-id', '24', '--raw', '--subdir', 'DAGS_FOLDER/ecomm_dag.py', '--cfg-path', '/tmp/tmppwphpitk']
[2024-06-27T23:13:14.617+0000] {standard_task_runner.py:91} INFO - Job 24: Subtask generate_and_insert_data
[2024-06-27T23:13:14.637+0000] {task_command.py:426} INFO - Running <TaskInstance: ecomm_data_pipeline.generate_and_insert_data scheduled__2023-01-01T01:50:00+00:00 [running]> on host 4bd55eb76a74
[2024-06-27T23:13:14.676+0000] {taskinstance.py:2648} INFO - Exporting env vars: AIRFLOW_CTX_DAG_OWNER='airflow' AIRFLOW_CTX_DAG_ID='ecomm_data_pipeline' AIRFLOW_CTX_TASK_ID='generate_and_insert_data' AIRFLOW_CTX_EXECUTION_DATE='2023-01-01T01:50:00+00:00' AIRFLOW_CTX_TRY_NUMBER='1' AIRFLOW_CTX_DAG_RUN_ID='scheduled__2023-01-01T01:50:00+00:00'
[2024-06-27T23:13:14.677+0000] {taskinstance.py:430} INFO - ::endgroup::
[2024-06-27T23:13:14.738+0000] {logging_mixin.py:188} INFO - Error in generate_and_insert_data: Command '['python3', '/opt/airflow/generator/ecomm_generator.py']' returned non-zero exit status 1.
[2024-06-27T23:13:14.739+0000] {logging_mixin.py:188} INFO - stdout: 
[2024-06-27T23:13:14.739+0000] {logging_mixin.py:188} INFO - stderr: Traceback (most recent call last):
  File "/opt/airflow/generator/ecomm_generator.py", line 4, in <module>
    from faker import Faker
ModuleNotFoundError: No module named 'faker'
[2024-06-27T23:13:14.739+0000] {python.py:237} INFO - Done. Returned value was: None
[2024-06-27T23:13:14.739+0000] {taskinstance.py:441} INFO - ::group::Post task execution logs
[2024-06-27T23:13:14.744+0000] {taskinstance.py:1206} INFO - Marking task as SUCCESS. dag_id=ecomm_data_pipeline, task_id=generate_and_insert_data, run_id=scheduled__2023-01-01T01:50:00+00:00, execution_date=20230101T015000, start_date=20240627T231314, end_date=20240627T231314
[2024-06-27T23:13:14.764+0000] {local_task_job_runner.py:240} INFO - Task exited with return code 0
[2024-06-27T23:13:14.771+0000] {taskinstance.py:3503} INFO - 0 downstream tasks scheduled from follow-on schedule check
[2024-06-27T23:13:14.772+0000] {local_task_job_runner.py:222} INFO - ::endgroup::
[2024-06-27T23:19:09.175+0000] {local_task_job_runner.py:120} INFO - ::group::Pre task execution logs
[2024-06-27T23:19:09.188+0000] {taskinstance.py:2076} INFO - Dependencies all met for dep_context=non-requeueable deps ti=<TaskInstance: ecomm_data_pipeline.generate_and_insert_data scheduled__2023-01-01T01:50:00+00:00 [queued]>
[2024-06-27T23:19:09.191+0000] {taskinstance.py:2076} INFO - Dependencies all met for dep_context=requeueable deps ti=<TaskInstance: ecomm_data_pipeline.generate_and_insert_data scheduled__2023-01-01T01:50:00+00:00 [queued]>
[2024-06-27T23:19:09.191+0000] {taskinstance.py:2306} INFO - Starting attempt 1 of 2
[2024-06-27T23:19:09.197+0000] {taskinstance.py:2330} INFO - Executing <Task(PythonOperator): generate_and_insert_data> on 2023-01-01 01:50:00+00:00
[2024-06-27T23:19:09.199+0000] {standard_task_runner.py:63} INFO - Started process 350 to run task
[2024-06-27T23:19:09.200+0000] {standard_task_runner.py:90} INFO - Running: ['airflow', 'tasks', 'run', 'ecomm_data_pipeline', 'generate_and_insert_data', 'scheduled__2023-01-01T01:50:00+00:00', '--job-id', '24', '--raw', '--subdir', 'DAGS_FOLDER/ecomm_dag.py', '--cfg-path', '/tmp/tmp4dpciv9u']
[2024-06-27T23:19:09.201+0000] {standard_task_runner.py:91} INFO - Job 24: Subtask generate_and_insert_data
[2024-06-27T23:19:09.224+0000] {task_command.py:426} INFO - Running <TaskInstance: ecomm_data_pipeline.generate_and_insert_data scheduled__2023-01-01T01:50:00+00:00 [running]> on host 73964f870a02
[2024-06-27T23:19:09.264+0000] {taskinstance.py:2648} INFO - Exporting env vars: AIRFLOW_CTX_DAG_OWNER='airflow' AIRFLOW_CTX_DAG_ID='ecomm_data_pipeline' AIRFLOW_CTX_TASK_ID='generate_and_insert_data' AIRFLOW_CTX_EXECUTION_DATE='2023-01-01T01:50:00+00:00' AIRFLOW_CTX_TRY_NUMBER='1' AIRFLOW_CTX_DAG_RUN_ID='scheduled__2023-01-01T01:50:00+00:00'
[2024-06-27T23:19:09.264+0000] {taskinstance.py:430} INFO - ::endgroup::
[2024-06-27T23:19:09.333+0000] {logging_mixin.py:188} INFO - Error in generate_and_insert_data: Command '['python3', '/opt/airflow/generator/ecomm_generator.py']' returned non-zero exit status 1.
[2024-06-27T23:19:09.333+0000] {logging_mixin.py:188} INFO - stdout: 
[2024-06-27T23:19:09.333+0000] {logging_mixin.py:188} INFO - stderr: Traceback (most recent call last):
  File "/opt/airflow/generator/ecomm_generator.py", line 4, in <module>
    from faker import Faker
ModuleNotFoundError: No module named 'faker'
[2024-06-27T23:19:09.333+0000] {python.py:237} INFO - Done. Returned value was: None
[2024-06-27T23:19:09.333+0000] {taskinstance.py:441} INFO - ::group::Post task execution logs
[2024-06-27T23:19:09.339+0000] {taskinstance.py:1206} INFO - Marking task as SUCCESS. dag_id=ecomm_data_pipeline, task_id=generate_and_insert_data, run_id=scheduled__2023-01-01T01:50:00+00:00, execution_date=20230101T015000, start_date=20240627T231909, end_date=20240627T231909
[2024-06-27T23:19:09.382+0000] {local_task_job_runner.py:240} INFO - Task exited with return code 0
[2024-06-27T23:19:09.391+0000] {taskinstance.py:3503} INFO - 0 downstream tasks scheduled from follow-on schedule check
[2024-06-27T23:19:09.392+0000] {local_task_job_runner.py:222} INFO - ::endgroup::
[2024-06-28T18:13:31.027+0000] {local_task_job_runner.py:120} INFO - ::group::Pre task execution logs
[2024-06-28T18:13:31.037+0000] {taskinstance.py:2076} INFO - Dependencies all met for dep_context=non-requeueable deps ti=<TaskInstance: ecomm_data_pipeline.generate_and_insert_data scheduled__2023-01-01T01:50:00+00:00 [queued]>
[2024-06-28T18:13:31.039+0000] {taskinstance.py:2076} INFO - Dependencies all met for dep_context=requeueable deps ti=<TaskInstance: ecomm_data_pipeline.generate_and_insert_data scheduled__2023-01-01T01:50:00+00:00 [queued]>
[2024-06-28T18:13:31.039+0000] {taskinstance.py:2306} INFO - Starting attempt 1 of 2
[2024-06-28T18:13:31.044+0000] {taskinstance.py:2330} INFO - Executing <Task(PythonOperator): generate_and_insert_data> on 2023-01-01 01:50:00+00:00
[2024-06-28T18:13:31.045+0000] {standard_task_runner.py:63} INFO - Started process 350 to run task
[2024-06-28T18:13:31.046+0000] {standard_task_runner.py:90} INFO - Running: ['airflow', 'tasks', 'run', 'ecomm_data_pipeline', 'generate_and_insert_data', 'scheduled__2023-01-01T01:50:00+00:00', '--job-id', '24', '--raw', '--subdir', 'DAGS_FOLDER/ecomm_dag.py', '--cfg-path', '/tmp/tmpzk74g0fw']
[2024-06-28T18:13:31.047+0000] {standard_task_runner.py:91} INFO - Job 24: Subtask generate_and_insert_data
[2024-06-28T18:13:31.063+0000] {task_command.py:426} INFO - Running <TaskInstance: ecomm_data_pipeline.generate_and_insert_data scheduled__2023-01-01T01:50:00+00:00 [running]> on host 08cefd381a1f
[2024-06-28T18:13:31.090+0000] {taskinstance.py:2648} INFO - Exporting env vars: AIRFLOW_CTX_DAG_OWNER='airflow' AIRFLOW_CTX_DAG_ID='ecomm_data_pipeline' AIRFLOW_CTX_TASK_ID='generate_and_insert_data' AIRFLOW_CTX_EXECUTION_DATE='2023-01-01T01:50:00+00:00' AIRFLOW_CTX_TRY_NUMBER='1' AIRFLOW_CTX_DAG_RUN_ID='scheduled__2023-01-01T01:50:00+00:00'
[2024-06-28T18:13:31.090+0000] {taskinstance.py:430} INFO - ::endgroup::
[2024-06-28T18:13:31.145+0000] {logging_mixin.py:188} INFO - Error in generate_and_insert_data: Command '['python3', '/opt/airflow/generator/ecomm_generator.py']' returned non-zero exit status 1.
[2024-06-28T18:13:31.145+0000] {logging_mixin.py:188} INFO - stdout: 
[2024-06-28T18:13:31.145+0000] {logging_mixin.py:188} INFO - stderr: Traceback (most recent call last):
  File "/opt/airflow/generator/ecomm_generator.py", line 4, in <module>
    from faker import Faker
ModuleNotFoundError: No module named 'faker'
[2024-06-28T18:13:31.145+0000] {python.py:237} INFO - Done. Returned value was: None
[2024-06-28T18:13:31.145+0000] {taskinstance.py:441} INFO - ::group::Post task execution logs
[2024-06-28T18:13:31.150+0000] {taskinstance.py:1206} INFO - Marking task as SUCCESS. dag_id=ecomm_data_pipeline, task_id=generate_and_insert_data, run_id=scheduled__2023-01-01T01:50:00+00:00, execution_date=20230101T015000, start_date=20240628T181331, end_date=20240628T181331
[2024-06-28T18:13:31.192+0000] {local_task_job_runner.py:240} INFO - Task exited with return code 0
[2024-06-28T18:13:31.200+0000] {taskinstance.py:3503} INFO - 0 downstream tasks scheduled from follow-on schedule check
[2024-06-28T18:13:31.200+0000] {local_task_job_runner.py:222} INFO - ::endgroup::
[2024-06-28T18:20:46.457+0000] {local_task_job_runner.py:120} INFO - ::group::Pre task execution logs
[2024-06-28T18:20:46.468+0000] {taskinstance.py:2076} INFO - Dependencies all met for dep_context=non-requeueable deps ti=<TaskInstance: ecomm_data_pipeline.generate_and_insert_data scheduled__2023-01-01T01:50:00+00:00 [queued]>
[2024-06-28T18:20:46.471+0000] {taskinstance.py:2076} INFO - Dependencies all met for dep_context=requeueable deps ti=<TaskInstance: ecomm_data_pipeline.generate_and_insert_data scheduled__2023-01-01T01:50:00+00:00 [queued]>
[2024-06-28T18:20:46.471+0000] {taskinstance.py:2306} INFO - Starting attempt 1 of 2
[2024-06-28T18:20:46.476+0000] {taskinstance.py:2330} INFO - Executing <Task(PythonOperator): generate_and_insert_data> on 2023-01-01 01:50:00+00:00
[2024-06-28T18:20:46.478+0000] {standard_task_runner.py:63} INFO - Started process 350 to run task
[2024-06-28T18:20:46.479+0000] {standard_task_runner.py:90} INFO - Running: ['airflow', 'tasks', 'run', 'ecomm_data_pipeline', 'generate_and_insert_data', 'scheduled__2023-01-01T01:50:00+00:00', '--job-id', '24', '--raw', '--subdir', 'DAGS_FOLDER/ecomm_dag.py', '--cfg-path', '/tmp/tmpx0q7dps9']
[2024-06-28T18:20:46.480+0000] {standard_task_runner.py:91} INFO - Job 24: Subtask generate_and_insert_data
[2024-06-28T18:20:46.500+0000] {task_command.py:426} INFO - Running <TaskInstance: ecomm_data_pipeline.generate_and_insert_data scheduled__2023-01-01T01:50:00+00:00 [running]> on host 6570e5857071
[2024-06-28T18:20:46.534+0000] {taskinstance.py:2648} INFO - Exporting env vars: AIRFLOW_CTX_DAG_OWNER='airflow' AIRFLOW_CTX_DAG_ID='ecomm_data_pipeline' AIRFLOW_CTX_TASK_ID='generate_and_insert_data' AIRFLOW_CTX_EXECUTION_DATE='2023-01-01T01:50:00+00:00' AIRFLOW_CTX_TRY_NUMBER='1' AIRFLOW_CTX_DAG_RUN_ID='scheduled__2023-01-01T01:50:00+00:00'
[2024-06-28T18:20:46.535+0000] {taskinstance.py:430} INFO - ::endgroup::
[2024-06-28T18:20:46.597+0000] {logging_mixin.py:188} INFO - Error in generate_and_insert_data: Command '['python3', '/opt/airflow/generator/ecomm_generator.py']' returned non-zero exit status 1.
[2024-06-28T18:20:46.598+0000] {logging_mixin.py:188} INFO - stdout: 
[2024-06-28T18:20:46.598+0000] {logging_mixin.py:188} INFO - stderr: Traceback (most recent call last):
  File "/opt/airflow/generator/ecomm_generator.py", line 4, in <module>
    from faker import Faker
ModuleNotFoundError: No module named 'faker'
[2024-06-28T18:20:46.598+0000] {python.py:237} INFO - Done. Returned value was: None
[2024-06-28T18:20:46.598+0000] {taskinstance.py:441} INFO - ::group::Post task execution logs
[2024-06-28T18:20:46.603+0000] {taskinstance.py:1206} INFO - Marking task as SUCCESS. dag_id=ecomm_data_pipeline, task_id=generate_and_insert_data, run_id=scheduled__2023-01-01T01:50:00+00:00, execution_date=20230101T015000, start_date=20240628T182046, end_date=20240628T182046
[2024-06-28T18:20:46.618+0000] {local_task_job_runner.py:240} INFO - Task exited with return code 0
[2024-06-28T18:20:46.624+0000] {taskinstance.py:3503} INFO - 0 downstream tasks scheduled from follow-on schedule check
[2024-06-28T18:20:46.625+0000] {local_task_job_runner.py:222} INFO - ::endgroup::
[2024-06-28T18:30:48.275+0000] {local_task_job_runner.py:120} INFO - ::group::Pre task execution logs
[2024-06-28T18:30:48.286+0000] {taskinstance.py:2076} INFO - Dependencies all met for dep_context=non-requeueable deps ti=<TaskInstance: ecomm_data_pipeline.generate_and_insert_data scheduled__2023-01-01T01:50:00+00:00 [queued]>
[2024-06-28T18:30:48.289+0000] {taskinstance.py:2076} INFO - Dependencies all met for dep_context=requeueable deps ti=<TaskInstance: ecomm_data_pipeline.generate_and_insert_data scheduled__2023-01-01T01:50:00+00:00 [queued]>
[2024-06-28T18:30:48.289+0000] {taskinstance.py:2306} INFO - Starting attempt 1 of 2
[2024-06-28T18:30:48.294+0000] {taskinstance.py:2330} INFO - Executing <Task(PythonOperator): generate_and_insert_data> on 2023-01-01 01:50:00+00:00
[2024-06-28T18:30:48.295+0000] {standard_task_runner.py:63} INFO - Started process 350 to run task
[2024-06-28T18:30:48.296+0000] {standard_task_runner.py:90} INFO - Running: ['airflow', 'tasks', 'run', 'ecomm_data_pipeline', 'generate_and_insert_data', 'scheduled__2023-01-01T01:50:00+00:00', '--job-id', '24', '--raw', '--subdir', 'DAGS_FOLDER/ecomm_dag.py', '--cfg-path', '/tmp/tmpouvc1ine']
[2024-06-28T18:30:48.297+0000] {standard_task_runner.py:91} INFO - Job 24: Subtask generate_and_insert_data
[2024-06-28T18:30:48.318+0000] {task_command.py:426} INFO - Running <TaskInstance: ecomm_data_pipeline.generate_and_insert_data scheduled__2023-01-01T01:50:00+00:00 [running]> on host 50bf780463b8
[2024-06-28T18:30:48.354+0000] {taskinstance.py:2648} INFO - Exporting env vars: AIRFLOW_CTX_DAG_OWNER='airflow' AIRFLOW_CTX_DAG_ID='ecomm_data_pipeline' AIRFLOW_CTX_TASK_ID='generate_and_insert_data' AIRFLOW_CTX_EXECUTION_DATE='2023-01-01T01:50:00+00:00' AIRFLOW_CTX_TRY_NUMBER='1' AIRFLOW_CTX_DAG_RUN_ID='scheduled__2023-01-01T01:50:00+00:00'
[2024-06-28T18:30:48.355+0000] {taskinstance.py:430} INFO - ::endgroup::
[2024-06-28T18:30:48.418+0000] {logging_mixin.py:188} INFO - Error in generate_and_insert_data: Command '['python3', '/opt/airflow/generator/ecomm_generator.py']' returned non-zero exit status 1.
[2024-06-28T18:30:48.418+0000] {logging_mixin.py:188} INFO - stdout: 
[2024-06-28T18:30:48.418+0000] {logging_mixin.py:188} INFO - stderr: Traceback (most recent call last):
  File "/opt/airflow/generator/ecomm_generator.py", line 4, in <module>
    from faker import Faker
ModuleNotFoundError: No module named 'faker'
[2024-06-28T18:30:48.418+0000] {python.py:237} INFO - Done. Returned value was: None
[2024-06-28T18:30:48.419+0000] {taskinstance.py:441} INFO - ::group::Post task execution logs
[2024-06-28T18:30:48.424+0000] {taskinstance.py:1206} INFO - Marking task as SUCCESS. dag_id=ecomm_data_pipeline, task_id=generate_and_insert_data, run_id=scheduled__2023-01-01T01:50:00+00:00, execution_date=20230101T015000, start_date=20240628T183048, end_date=20240628T183048
[2024-06-28T18:30:48.434+0000] {local_task_job_runner.py:240} INFO - Task exited with return code 0
[2024-06-28T18:30:48.441+0000] {taskinstance.py:3503} INFO - 0 downstream tasks scheduled from follow-on schedule check
[2024-06-28T18:30:48.442+0000] {local_task_job_runner.py:222} INFO - ::endgroup::
