[2024-06-27T22:36:37.809+0000] {local_task_job_runner.py:120} INFO - ::group::Pre task execution logs
[2024-06-27T22:36:37.819+0000] {taskinstance.py:2076} INFO - Dependencies all met for dep_context=non-requeueable deps ti=<TaskInstance: ecomm_data_pipeline.generate_and_insert_data scheduled__2023-01-01T18:20:00+00:00 [queued]>
[2024-06-27T22:36:37.821+0000] {taskinstance.py:2076} INFO - Dependencies all met for dep_context=requeueable deps ti=<TaskInstance: ecomm_data_pipeline.generate_and_insert_data scheduled__2023-01-01T18:20:00+00:00 [queued]>
[2024-06-27T22:36:37.821+0000] {taskinstance.py:2306} INFO - Starting attempt 1 of 2
[2024-06-27T22:36:37.826+0000] {taskinstance.py:2330} INFO - Executing <Task(PythonOperator): generate_and_insert_data> on 2023-01-01 18:20:00+00:00
[2024-06-27T22:36:37.827+0000] {standard_task_runner.py:63} INFO - Started process 1874 to run task
[2024-06-27T22:36:37.828+0000] {standard_task_runner.py:90} INFO - Running: ['airflow', 'tasks', 'run', 'ecomm_data_pipeline', 'generate_and_insert_data', 'scheduled__2023-01-01T18:20:00+00:00', '--job-id', '129', '--raw', '--subdir', 'DAGS_FOLDER/ecomm_dag.py', '--cfg-path', '/tmp/tmpo2qcxocm']
[2024-06-27T22:36:37.829+0000] {standard_task_runner.py:91} INFO - Job 129: Subtask generate_and_insert_data
[2024-06-27T22:36:37.845+0000] {task_command.py:426} INFO - Running <TaskInstance: ecomm_data_pipeline.generate_and_insert_data scheduled__2023-01-01T18:20:00+00:00 [running]> on host 9174587f6b1d
[2024-06-27T22:36:37.874+0000] {taskinstance.py:2648} INFO - Exporting env vars: AIRFLOW_CTX_DAG_OWNER='airflow' AIRFLOW_CTX_DAG_ID='ecomm_data_pipeline' AIRFLOW_CTX_TASK_ID='generate_and_insert_data' AIRFLOW_CTX_EXECUTION_DATE='2023-01-01T18:20:00+00:00' AIRFLOW_CTX_TRY_NUMBER='1' AIRFLOW_CTX_DAG_RUN_ID='scheduled__2023-01-01T18:20:00+00:00'
[2024-06-27T22:36:37.874+0000] {taskinstance.py:430} INFO - ::endgroup::
[2024-06-27T22:36:37.907+0000] {logging_mixin.py:188} INFO - Error in generate_and_insert_data: Command '['python3', './generator/ecomm_generator.py']' returned non-zero exit status 2.
[2024-06-27T22:36:37.907+0000] {python.py:237} INFO - Done. Returned value was: None
[2024-06-27T22:36:37.908+0000] {taskinstance.py:441} INFO - ::group::Post task execution logs
[2024-06-27T22:36:37.912+0000] {taskinstance.py:1206} INFO - Marking task as SUCCESS. dag_id=ecomm_data_pipeline, task_id=generate_and_insert_data, run_id=scheduled__2023-01-01T18:20:00+00:00, execution_date=20230101T182000, start_date=20240627T223637, end_date=20240627T223637
[2024-06-27T22:36:37.926+0000] {local_task_job_runner.py:240} INFO - Task exited with return code 0
[2024-06-27T22:36:37.932+0000] {taskinstance.py:3503} INFO - 0 downstream tasks scheduled from follow-on schedule check
[2024-06-27T22:36:37.933+0000] {local_task_job_runner.py:222} INFO - ::endgroup::
[2024-06-29T21:40:04.459+0000] {local_task_job_runner.py:120} INFO - ::group::Pre task execution logs
[2024-06-29T21:40:04.469+0000] {taskinstance.py:2076} INFO - Dependencies all met for dep_context=non-requeueable deps ti=<TaskInstance: ecomm_data_pipeline.generate_and_insert_data scheduled__2023-01-01T18:20:00+00:00 [queued]>
[2024-06-29T21:40:04.471+0000] {taskinstance.py:2076} INFO - Dependencies all met for dep_context=requeueable deps ti=<TaskInstance: ecomm_data_pipeline.generate_and_insert_data scheduled__2023-01-01T18:20:00+00:00 [queued]>
[2024-06-29T21:40:04.471+0000] {taskinstance.py:2306} INFO - Starting attempt 1 of 2
[2024-06-29T21:40:04.476+0000] {taskinstance.py:2330} INFO - Executing <Task(PythonOperator): generate_and_insert_data> on 2023-01-01 18:20:00+00:00
[2024-06-29T21:40:04.477+0000] {standard_task_runner.py:63} INFO - Started process 1635 to run task
[2024-06-29T21:40:04.479+0000] {standard_task_runner.py:90} INFO - Running: ['airflow', 'tasks', 'run', 'ecomm_data_pipeline', 'generate_and_insert_data', 'scheduled__2023-01-01T18:20:00+00:00', '--job-id', '112', '--raw', '--subdir', 'DAGS_FOLDER/ecomm_dag.py', '--cfg-path', '/tmp/tmp8vs7k8fc']
[2024-06-29T21:40:04.479+0000] {standard_task_runner.py:91} INFO - Job 112: Subtask generate_and_insert_data
[2024-06-29T21:40:04.496+0000] {task_command.py:426} INFO - Running <TaskInstance: ecomm_data_pipeline.generate_and_insert_data scheduled__2023-01-01T18:20:00+00:00 [running]> on host afcb6fbf9265
[2024-06-29T21:40:04.525+0000] {taskinstance.py:2648} INFO - Exporting env vars: AIRFLOW_CTX_DAG_OWNER='airflow' AIRFLOW_CTX_DAG_ID='ecomm_data_pipeline' AIRFLOW_CTX_TASK_ID='generate_and_insert_data' AIRFLOW_CTX_EXECUTION_DATE='2023-01-01T18:20:00+00:00' AIRFLOW_CTX_TRY_NUMBER='1' AIRFLOW_CTX_DAG_RUN_ID='scheduled__2023-01-01T18:20:00+00:00'
[2024-06-29T21:40:04.525+0000] {taskinstance.py:430} INFO - ::endgroup::
[2024-06-29T21:40:04.581+0000] {logging_mixin.py:188} INFO - Error in generate_and_insert_data: Command '['python3', '/opt/airflow/generator/ecomm_generator.py']' returned non-zero exit status 1.
[2024-06-29T21:40:04.582+0000] {logging_mixin.py:188} INFO - stdout: 
[2024-06-29T21:40:04.582+0000] {logging_mixin.py:188} INFO - stderr: Traceback (most recent call last):
  File "/opt/airflow/generator/ecomm_generator.py", line 4, in <module>
    from faker import Faker
ModuleNotFoundError: No module named 'faker'
[2024-06-29T21:40:04.582+0000] {python.py:237} INFO - Done. Returned value was: None
[2024-06-29T21:40:04.582+0000] {taskinstance.py:441} INFO - ::group::Post task execution logs
[2024-06-29T21:40:04.587+0000] {taskinstance.py:1206} INFO - Marking task as SUCCESS. dag_id=ecomm_data_pipeline, task_id=generate_and_insert_data, run_id=scheduled__2023-01-01T18:20:00+00:00, execution_date=20230101T182000, start_date=20240629T214004, end_date=20240629T214004
[2024-06-29T21:40:04.625+0000] {local_task_job_runner.py:240} INFO - Task exited with return code 0
[2024-06-29T21:40:04.632+0000] {taskinstance.py:3503} INFO - 0 downstream tasks scheduled from follow-on schedule check
[2024-06-29T21:40:04.632+0000] {local_task_job_runner.py:222} INFO - ::endgroup::
[2024-06-29T22:03:52.496+0000] {local_task_job_runner.py:120} INFO - ::group::Pre task execution logs
[2024-06-29T22:03:52.506+0000] {taskinstance.py:2076} INFO - Dependencies all met for dep_context=non-requeueable deps ti=<TaskInstance: ecomm_data_pipeline.generate_and_insert_data scheduled__2023-01-01T18:20:00+00:00 [queued]>
[2024-06-29T22:03:52.508+0000] {taskinstance.py:2076} INFO - Dependencies all met for dep_context=requeueable deps ti=<TaskInstance: ecomm_data_pipeline.generate_and_insert_data scheduled__2023-01-01T18:20:00+00:00 [queued]>
[2024-06-29T22:03:52.508+0000] {taskinstance.py:2306} INFO - Starting attempt 1 of 2
[2024-06-29T22:03:52.513+0000] {taskinstance.py:2330} INFO - Executing <Task(PythonOperator): generate_and_insert_data> on 2023-01-01 18:20:00+00:00
[2024-06-29T22:03:52.514+0000] {standard_task_runner.py:63} INFO - Started process 1635 to run task
[2024-06-29T22:03:52.515+0000] {standard_task_runner.py:90} INFO - Running: ['airflow', 'tasks', 'run', 'ecomm_data_pipeline', 'generate_and_insert_data', 'scheduled__2023-01-01T18:20:00+00:00', '--job-id', '112', '--raw', '--subdir', 'DAGS_FOLDER/ecomm_dag.py', '--cfg-path', '/tmp/tmpbzkx_s9i']
[2024-06-29T22:03:52.516+0000] {standard_task_runner.py:91} INFO - Job 112: Subtask generate_and_insert_data
[2024-06-29T22:03:52.533+0000] {task_command.py:426} INFO - Running <TaskInstance: ecomm_data_pipeline.generate_and_insert_data scheduled__2023-01-01T18:20:00+00:00 [running]> on host 799998b0d26e
[2024-06-29T22:03:52.562+0000] {taskinstance.py:2648} INFO - Exporting env vars: AIRFLOW_CTX_DAG_OWNER='airflow' AIRFLOW_CTX_DAG_ID='ecomm_data_pipeline' AIRFLOW_CTX_TASK_ID='generate_and_insert_data' AIRFLOW_CTX_EXECUTION_DATE='2023-01-01T18:20:00+00:00' AIRFLOW_CTX_TRY_NUMBER='1' AIRFLOW_CTX_DAG_RUN_ID='scheduled__2023-01-01T18:20:00+00:00'
[2024-06-29T22:03:52.562+0000] {taskinstance.py:430} INFO - ::endgroup::
[2024-06-29T22:03:52.619+0000] {logging_mixin.py:188} INFO - Error in generate_and_insert_data: Command '['python3', '/opt/airflow/generator/ecomm_generator.py']' returned non-zero exit status 1.
[2024-06-29T22:03:52.619+0000] {logging_mixin.py:188} INFO - stdout: 
[2024-06-29T22:03:52.620+0000] {logging_mixin.py:188} INFO - stderr: Traceback (most recent call last):
  File "/opt/airflow/generator/ecomm_generator.py", line 4, in <module>
    from faker import Faker
ModuleNotFoundError: No module named 'faker'
[2024-06-29T22:03:52.620+0000] {python.py:237} INFO - Done. Returned value was: None
[2024-06-29T22:03:52.620+0000] {taskinstance.py:441} INFO - ::group::Post task execution logs
[2024-06-29T22:03:52.625+0000] {taskinstance.py:1206} INFO - Marking task as SUCCESS. dag_id=ecomm_data_pipeline, task_id=generate_and_insert_data, run_id=scheduled__2023-01-01T18:20:00+00:00, execution_date=20230101T182000, start_date=20240629T220352, end_date=20240629T220352
[2024-06-29T22:03:52.656+0000] {local_task_job_runner.py:240} INFO - Task exited with return code 0
[2024-06-29T22:03:52.663+0000] {taskinstance.py:3503} INFO - 0 downstream tasks scheduled from follow-on schedule check
[2024-06-29T22:03:52.663+0000] {local_task_job_runner.py:222} INFO - ::endgroup::
