[2024-07-06T21:12:48.710+0000] {taskinstance.py:1103} INFO - Dependencies all met for dep_context=non-requeueable deps ti=<TaskInstance: import_main_data.update_last_user_transfer_time scheduled__2024-07-06T04:00:00+00:00 [queued]>
[2024-07-06T21:12:48.713+0000] {taskinstance.py:1103} INFO - Dependencies all met for dep_context=requeueable deps ti=<TaskInstance: import_main_data.update_last_user_transfer_time scheduled__2024-07-06T04:00:00+00:00 [queued]>
[2024-07-06T21:12:48.713+0000] {taskinstance.py:1308} INFO - Starting attempt 3 of 4
[2024-07-06T21:12:48.718+0000] {taskinstance.py:1327} INFO - Executing <Task(PythonOperator): update_last_user_transfer_time> on 2024-07-06 04:00:00+00:00
[2024-07-06T21:12:48.719+0000] {standard_task_runner.py:57} INFO - Started process 1782 to run task
[2024-07-06T21:12:48.720+0000] {standard_task_runner.py:84} INFO - Running: ['airflow', 'tasks', 'run', 'import_main_data', 'update_last_user_transfer_time', 'scheduled__2024-07-06T04:00:00+00:00', '--job-id', '1013', '--raw', '--subdir', 'DAGS_FOLDER/import_raw_data.py', '--cfg-path', '/tmp/tmptaiu9257']
[2024-07-06T21:12:48.721+0000] {standard_task_runner.py:85} INFO - Job 1013: Subtask update_last_user_transfer_time
[2024-07-06T21:12:48.742+0000] {task_command.py:410} INFO - Running <TaskInstance: import_main_data.update_last_user_transfer_time scheduled__2024-07-06T04:00:00+00:00 [running]> on host c058add182a5
[2024-07-06T21:12:48.777+0000] {taskinstance.py:1545} INFO - Exporting env vars: AIRFLOW_CTX_DAG_EMAIL='airflow@example.com' AIRFLOW_CTX_DAG_OWNER='airflow' AIRFLOW_CTX_DAG_ID='import_main_data' AIRFLOW_CTX_TASK_ID='update_last_user_transfer_time' AIRFLOW_CTX_EXECUTION_DATE='2024-07-06T04:00:00+00:00' AIRFLOW_CTX_TRY_NUMBER='3' AIRFLOW_CTX_DAG_RUN_ID='scheduled__2024-07-06T04:00:00+00:00'
[2024-07-06T21:12:48.779+0000] {taskinstance.py:1824} ERROR - Task failed with exception
Traceback (most recent call last):
  File "/home/airflow/.local/lib/python3.9/site-packages/airflow/operators/python.py", line 181, in execute
    return_value = self.execute_callable()
  File "/home/airflow/.local/lib/python3.9/site-packages/airflow/operators/python.py", line 198, in execute_callable
    return self.python_callable(*self.op_args, **self.op_kwargs)
  File "/opt/airflow/dags/import_raw_data.py", line 58, in update_last_transfer_time
    cursor.execute(f"INSERT INTO ops.last_transfer VALUES ('{table_name}', NOW())")
psycopg2.errors.InvalidTextRepresentation: invalid input syntax for type integer: "users"
LINE 1: INSERT INTO ops.last_transfer VALUES ('users', NOW())
                                              ^

[2024-07-06T21:12:48.783+0000] {taskinstance.py:1345} INFO - Marking task as UP_FOR_RETRY. dag_id=import_main_data, task_id=update_last_user_transfer_time, execution_date=20240706T040000, start_date=20240706T211248, end_date=20240706T211248
[2024-07-06T21:12:48.788+0000] {standard_task_runner.py:104} ERROR - Failed to execute job 1013 for task update_last_user_transfer_time (invalid input syntax for type integer: "users"
LINE 1: INSERT INTO ops.last_transfer VALUES ('users', NOW())
                                              ^
; 1782)
[2024-07-06T21:12:48.819+0000] {local_task_job_runner.py:225} INFO - Task exited with return code 1
[2024-07-06T21:12:48.827+0000] {taskinstance.py:2651} INFO - 0 downstream tasks scheduled from follow-on schedule check
