[2024-07-06T18:14:58.225+0000] {taskinstance.py:1103} INFO - Dependencies all met for dep_context=non-requeueable deps ti=<TaskInstance: import_main_data.wait_for_init scheduled__2024-07-05T19:00:00+00:00 [queued]>
[2024-07-06T18:14:58.228+0000] {taskinstance.py:1103} INFO - Dependencies all met for dep_context=requeueable deps ti=<TaskInstance: import_main_data.wait_for_init scheduled__2024-07-05T19:00:00+00:00 [queued]>
[2024-07-06T18:14:58.228+0000] {taskinstance.py:1308} INFO - Starting attempt 1 of 2
[2024-07-06T18:14:58.232+0000] {taskinstance.py:1327} INFO - Executing <Task(ExternalTaskSensor): wait_for_init> on 2024-07-05 19:00:00+00:00
[2024-07-06T18:14:58.234+0000] {standard_task_runner.py:57} INFO - Started process 912 to run task
[2024-07-06T18:14:58.235+0000] {standard_task_runner.py:84} INFO - Running: ['airflow', 'tasks', 'run', 'import_main_data', 'wait_for_init', 'scheduled__2024-07-05T19:00:00+00:00', '--job-id', '879', '--raw', '--subdir', 'DAGS_FOLDER/import_raw_data.py', '--cfg-path', '/tmp/tmp3p781vc2']
[2024-07-06T18:14:58.236+0000] {standard_task_runner.py:85} INFO - Job 879: Subtask wait_for_init
[2024-07-06T18:14:58.259+0000] {task_command.py:410} INFO - Running <TaskInstance: import_main_data.wait_for_init scheduled__2024-07-05T19:00:00+00:00 [running]> on host f6bf59d3e65b
[2024-07-06T18:14:58.301+0000] {taskinstance.py:1545} INFO - Exporting env vars: AIRFLOW_CTX_DAG_EMAIL='airflow@example.com' AIRFLOW_CTX_DAG_OWNER='airflow' AIRFLOW_CTX_DAG_ID='import_main_data' AIRFLOW_CTX_TASK_ID='wait_for_init' AIRFLOW_CTX_EXECUTION_DATE='2024-07-05T19:00:00+00:00' AIRFLOW_CTX_TRY_NUMBER='1' AIRFLOW_CTX_DAG_RUN_ID='scheduled__2024-07-05T19:00:00+00:00'
[2024-07-06T18:14:58.305+0000] {external_task.py:247} INFO - Poking for DAG 'initialize_etl_environment' on 2024-07-05T19:00:00+00:00 ... 
[2024-07-06T18:14:58.317+0000] {taskinstance.py:1784} INFO - Rescheduling task, marking task as UP_FOR_RESCHEDULE
[2024-07-06T18:14:58.341+0000] {local_task_job_runner.py:225} INFO - Task exited with return code 0
[2024-07-06T18:14:58.353+0000] {taskinstance.py:2651} INFO - 0 downstream tasks scheduled from follow-on schedule check
[2024-07-06T18:43:33.373+0000] {taskinstance.py:1103} INFO - Dependencies all met for dep_context=non-requeueable deps ti=<TaskInstance: import_main_data.wait_for_init scheduled__2024-07-05T19:00:00+00:00 [queued]>
[2024-07-06T18:43:33.376+0000] {taskinstance.py:1103} INFO - Dependencies all met for dep_context=requeueable deps ti=<TaskInstance: import_main_data.wait_for_init scheduled__2024-07-05T19:00:00+00:00 [queued]>
[2024-07-06T18:43:33.376+0000] {taskinstance.py:1308} INFO - Starting attempt 1 of 2
[2024-07-06T18:43:33.380+0000] {taskinstance.py:1327} INFO - Executing <Task(ExternalTaskSensor): wait_for_init> on 2024-07-05 19:00:00+00:00
[2024-07-06T18:43:33.381+0000] {standard_task_runner.py:57} INFO - Started process 1366 to run task
[2024-07-06T18:43:33.383+0000] {standard_task_runner.py:84} INFO - Running: ['airflow', 'tasks', 'run', 'import_main_data', 'wait_for_init', 'scheduled__2024-07-05T19:00:00+00:00', '--job-id', '902', '--raw', '--subdir', 'DAGS_FOLDER/import_raw_data.py', '--cfg-path', '/tmp/tmp361niaze']
[2024-07-06T18:43:33.384+0000] {standard_task_runner.py:85} INFO - Job 902: Subtask wait_for_init
[2024-07-06T18:43:33.404+0000] {task_command.py:410} INFO - Running <TaskInstance: import_main_data.wait_for_init scheduled__2024-07-05T19:00:00+00:00 [running]> on host f6bf59d3e65b
[2024-07-06T18:43:33.439+0000] {taskinstance.py:1545} INFO - Exporting env vars: AIRFLOW_CTX_DAG_EMAIL='airflow@example.com' AIRFLOW_CTX_DAG_OWNER='airflow' AIRFLOW_CTX_DAG_ID='import_main_data' AIRFLOW_CTX_TASK_ID='wait_for_init' AIRFLOW_CTX_EXECUTION_DATE='2024-07-05T19:00:00+00:00' AIRFLOW_CTX_TRY_NUMBER='1' AIRFLOW_CTX_DAG_RUN_ID='scheduled__2024-07-05T19:00:00+00:00'
[2024-07-06T18:43:33.443+0000] {external_task.py:247} INFO - Poking for DAG 'initialize_etl_environment' on 2024-07-05T19:00:00+00:00 ... 
[2024-07-06T18:43:33.454+0000] {taskinstance.py:1784} INFO - Rescheduling task, marking task as UP_FOR_RESCHEDULE
[2024-07-06T18:43:33.487+0000] {local_task_job_runner.py:225} INFO - Task exited with return code 0
[2024-07-06T18:43:33.499+0000] {taskinstance.py:2651} INFO - 0 downstream tasks scheduled from follow-on schedule check
[2024-07-06T18:44:35.333+0000] {taskinstance.py:1103} INFO - Dependencies all met for dep_context=non-requeueable deps ti=<TaskInstance: import_main_data.wait_for_init scheduled__2024-07-05T19:00:00+00:00 [queued]>
[2024-07-06T18:44:35.336+0000] {taskinstance.py:1103} INFO - Dependencies all met for dep_context=requeueable deps ti=<TaskInstance: import_main_data.wait_for_init scheduled__2024-07-05T19:00:00+00:00 [queued]>
[2024-07-06T18:44:35.337+0000] {taskinstance.py:1308} INFO - Starting attempt 1 of 2
[2024-07-06T18:44:35.341+0000] {taskinstance.py:1327} INFO - Executing <Task(ExternalTaskSensor): wait_for_init> on 2024-07-05 19:00:00+00:00
[2024-07-06T18:44:35.342+0000] {standard_task_runner.py:57} INFO - Started process 1426 to run task
[2024-07-06T18:44:35.343+0000] {standard_task_runner.py:84} INFO - Running: ['airflow', 'tasks', 'run', 'import_main_data', 'wait_for_init', 'scheduled__2024-07-05T19:00:00+00:00', '--job-id', '916', '--raw', '--subdir', 'DAGS_FOLDER/import_raw_data.py', '--cfg-path', '/tmp/tmpy3b1bgap']
[2024-07-06T18:44:35.344+0000] {standard_task_runner.py:85} INFO - Job 916: Subtask wait_for_init
[2024-07-06T18:44:35.364+0000] {task_command.py:410} INFO - Running <TaskInstance: import_main_data.wait_for_init scheduled__2024-07-05T19:00:00+00:00 [running]> on host f6bf59d3e65b
[2024-07-06T18:44:35.398+0000] {taskinstance.py:1545} INFO - Exporting env vars: AIRFLOW_CTX_DAG_EMAIL='airflow@example.com' AIRFLOW_CTX_DAG_OWNER='airflow' AIRFLOW_CTX_DAG_ID='import_main_data' AIRFLOW_CTX_TASK_ID='wait_for_init' AIRFLOW_CTX_EXECUTION_DATE='2024-07-05T19:00:00+00:00' AIRFLOW_CTX_TRY_NUMBER='1' AIRFLOW_CTX_DAG_RUN_ID='scheduled__2024-07-05T19:00:00+00:00'
[2024-07-06T18:44:35.403+0000] {external_task.py:247} INFO - Poking for DAG 'initialize_etl_environment' on 2024-07-05T19:00:00+00:00 ... 
[2024-07-06T18:44:35.415+0000] {taskinstance.py:1784} INFO - Rescheduling task, marking task as UP_FOR_RESCHEDULE
[2024-07-06T18:44:35.442+0000] {local_task_job_runner.py:225} INFO - Task exited with return code 0
[2024-07-06T18:44:35.462+0000] {taskinstance.py:2651} INFO - 0 downstream tasks scheduled from follow-on schedule check
