[2024-07-02T22:55:13.203+0000] {taskinstance.py:1103} INFO - Dependencies all met for dep_context=non-requeueable deps ti=<TaskInstance: ecomm_data_pipeline.generate_data scheduled__2024-07-02T02:20:00+00:00 [queued]>
[2024-07-02T22:55:13.206+0000] {taskinstance.py:1103} INFO - Dependencies all met for dep_context=requeueable deps ti=<TaskInstance: ecomm_data_pipeline.generate_data scheduled__2024-07-02T02:20:00+00:00 [queued]>
[2024-07-02T22:55:13.206+0000] {taskinstance.py:1308} INFO - Starting attempt 1 of 2
[2024-07-02T22:55:13.210+0000] {taskinstance.py:1327} INFO - Executing <Task(PythonOperator): generate_data> on 2024-07-02 02:20:00+00:00
[2024-07-02T22:55:13.211+0000] {standard_task_runner.py:57} INFO - Started process 60 to run task
[2024-07-02T22:55:13.212+0000] {standard_task_runner.py:84} INFO - Running: ['airflow', 'tasks', 'run', 'ecomm_data_pipeline', 'generate_data', 'scheduled__2024-07-02T02:20:00+00:00', '--job-id', '70', '--raw', '--subdir', 'DAGS_FOLDER/ecomm_dag.py', '--cfg-path', '/tmp/tmpx_nnm17h']
[2024-07-02T22:55:13.213+0000] {standard_task_runner.py:85} INFO - Job 70: Subtask generate_data
[2024-07-02T22:55:13.231+0000] {task_command.py:410} INFO - Running <TaskInstance: ecomm_data_pipeline.generate_data scheduled__2024-07-02T02:20:00+00:00 [running]> on host 5b8fb0180af8
[2024-07-02T22:55:13.264+0000] {taskinstance.py:1545} INFO - Exporting env vars: AIRFLOW_CTX_DAG_OWNER='airflow' AIRFLOW_CTX_DAG_ID='ecomm_data_pipeline' AIRFLOW_CTX_TASK_ID='generate_data' AIRFLOW_CTX_EXECUTION_DATE='2024-07-02T02:20:00+00:00' AIRFLOW_CTX_TRY_NUMBER='1' AIRFLOW_CTX_DAG_RUN_ID='scheduled__2024-07-02T02:20:00+00:00'
[2024-07-02T22:55:13.487+0000] {local_task_job_runner.py:225} INFO - Task exited with return code 1
[2024-07-02T22:55:13.495+0000] {taskinstance.py:2651} INFO - 0 downstream tasks scheduled from follow-on schedule check
[2024-07-03T00:13:14.137+0000] {taskinstance.py:1103} INFO - Dependencies all met for dep_context=non-requeueable deps ti=<TaskInstance: ecomm_data_pipeline.generate_data scheduled__2024-07-02T02:20:00+00:00 [queued]>
[2024-07-03T00:13:14.140+0000] {taskinstance.py:1103} INFO - Dependencies all met for dep_context=requeueable deps ti=<TaskInstance: ecomm_data_pipeline.generate_data scheduled__2024-07-02T02:20:00+00:00 [queued]>
[2024-07-03T00:13:14.140+0000] {taskinstance.py:1308} INFO - Starting attempt 1 of 2
[2024-07-03T00:13:14.144+0000] {taskinstance.py:1327} INFO - Executing <Task(PythonOperator): generate_data> on 2024-07-02 02:20:00+00:00
[2024-07-03T00:13:14.145+0000] {standard_task_runner.py:57} INFO - Started process 237 to run task
[2024-07-03T00:13:14.147+0000] {standard_task_runner.py:84} INFO - Running: ['airflow', 'tasks', 'run', 'ecomm_data_pipeline', 'generate_data', 'scheduled__2024-07-02T02:20:00+00:00', '--job-id', '157', '--raw', '--subdir', 'DAGS_FOLDER/ecomm_dag.py', '--cfg-path', '/tmp/tmpspmquk__']
[2024-07-03T00:13:14.147+0000] {standard_task_runner.py:85} INFO - Job 157: Subtask generate_data
[2024-07-03T00:13:14.167+0000] {task_command.py:410} INFO - Running <TaskInstance: ecomm_data_pipeline.generate_data scheduled__2024-07-02T02:20:00+00:00 [running]> on host a91436ab9950
[2024-07-03T00:13:14.202+0000] {taskinstance.py:1545} INFO - Exporting env vars: AIRFLOW_CTX_DAG_OWNER='airflow' AIRFLOW_CTX_DAG_ID='ecomm_data_pipeline' AIRFLOW_CTX_TASK_ID='generate_data' AIRFLOW_CTX_EXECUTION_DATE='2024-07-02T02:20:00+00:00' AIRFLOW_CTX_TRY_NUMBER='1' AIRFLOW_CTX_DAG_RUN_ID='scheduled__2024-07-02T02:20:00+00:00'
[2024-07-03T00:13:14.202+0000] {logging_mixin.py:149} INFO - Running data generation script...
[2024-07-03T00:13:14.581+0000] {logging_mixin.py:149} INFO - 2024-07-03 00:13:14,376 - INFO - Generating fake user data...
2024-07-03 00:13:14,398 - INFO - Generated 87 users.
2024-07-03 00:13:14,398 - INFO - Generating fake clickstream events...
2024-07-03 00:13:14,399 - INFO - Generated 58 clickstream events.
2024-07-03 00:13:14,399 - INFO - Generating fake transaction data...
2024-07-03 00:13:14,399 - INFO - Generated 10 transaction data records.
2024-07-03 00:13:14,399 - INFO - Generating fake Google Search marketing data...
2024-07-03 00:13:14,413 - INFO - Generated 1000 Google Search marketing data records.
2024-07-03 00:13:14,414 - INFO - Generating fake Email Marketing data...
2024-07-03 00:13:14,527 - INFO - Generated 1000 Email Marketing data records.
2024-07-03 00:13:14,527 - INFO - Generating fake Facebook data...
2024-07-03 00:13:14,543 - INFO - Generated 1000 Facebook data records.
2024-07-03 00:13:14,543 - INFO - Writing generated data to JSON files...
2024-07-03 00:13:14,575 - INFO - Data generation complete. Sleeping for 10 minutes...
[2024-07-03T00:13:14.582+0000] {python.py:183} INFO - Done. Returned value was: None
[2024-07-03T00:13:14.588+0000] {taskinstance.py:1345} INFO - Marking task as SUCCESS. dag_id=ecomm_data_pipeline, task_id=generate_data, execution_date=20240702T022000, start_date=20240703T001314, end_date=20240703T001314
[2024-07-03T00:13:14.637+0000] {local_task_job_runner.py:225} INFO - Task exited with return code 0
[2024-07-03T00:13:14.648+0000] {taskinstance.py:2651} INFO - 6 downstream tasks scheduled from follow-on schedule check
