[2024-06-27T22:34:13.258+0000] {local_task_job_runner.py:120} INFO - ::group::Pre task execution logs
[2024-06-27T22:34:13.268+0000] {taskinstance.py:2076} INFO - Dependencies all met for dep_context=non-requeueable deps ti=<TaskInstance: ecomm_data_pipeline.generate_and_insert_data scheduled__2023-01-01T05:30:00+00:00 [queued]>
[2024-06-27T22:34:13.271+0000] {taskinstance.py:2076} INFO - Dependencies all met for dep_context=requeueable deps ti=<TaskInstance: ecomm_data_pipeline.generate_and_insert_data scheduled__2023-01-01T05:30:00+00:00 [queued]>
[2024-06-27T22:34:13.271+0000] {taskinstance.py:2306} INFO - Starting attempt 1 of 2
[2024-06-27T22:34:13.275+0000] {taskinstance.py:2330} INFO - Executing <Task(PythonOperator): generate_and_insert_data> on 2023-01-01 05:30:00+00:00
[2024-06-27T22:34:13.277+0000] {standard_task_runner.py:63} INFO - Started process 746 to run task
[2024-06-27T22:34:13.278+0000] {standard_task_runner.py:90} INFO - Running: ['airflow', 'tasks', 'run', 'ecomm_data_pipeline', 'generate_and_insert_data', 'scheduled__2023-01-01T05:30:00+00:00', '--job-id', '52', '--raw', '--subdir', 'DAGS_FOLDER/ecomm_dag.py', '--cfg-path', '/tmp/tmpwqak6flu']
[2024-06-27T22:34:13.279+0000] {standard_task_runner.py:91} INFO - Job 52: Subtask generate_and_insert_data
[2024-06-27T22:34:13.296+0000] {task_command.py:426} INFO - Running <TaskInstance: ecomm_data_pipeline.generate_and_insert_data scheduled__2023-01-01T05:30:00+00:00 [running]> on host 9174587f6b1d
[2024-06-27T22:34:13.327+0000] {taskinstance.py:2648} INFO - Exporting env vars: AIRFLOW_CTX_DAG_OWNER='airflow' AIRFLOW_CTX_DAG_ID='ecomm_data_pipeline' AIRFLOW_CTX_TASK_ID='generate_and_insert_data' AIRFLOW_CTX_EXECUTION_DATE='2023-01-01T05:30:00+00:00' AIRFLOW_CTX_TRY_NUMBER='1' AIRFLOW_CTX_DAG_RUN_ID='scheduled__2023-01-01T05:30:00+00:00'
[2024-06-27T22:34:13.327+0000] {taskinstance.py:430} INFO - ::endgroup::
[2024-06-27T22:34:13.364+0000] {logging_mixin.py:188} INFO - Error in generate_and_insert_data: Command '['python3', './generator/ecomm_generator.py']' returned non-zero exit status 2.
[2024-06-27T22:34:13.365+0000] {python.py:237} INFO - Done. Returned value was: None
[2024-06-27T22:34:13.365+0000] {taskinstance.py:441} INFO - ::group::Post task execution logs
[2024-06-27T22:34:13.370+0000] {taskinstance.py:1206} INFO - Marking task as SUCCESS. dag_id=ecomm_data_pipeline, task_id=generate_and_insert_data, run_id=scheduled__2023-01-01T05:30:00+00:00, execution_date=20230101T053000, start_date=20240627T223413, end_date=20240627T223413
[2024-06-27T22:34:13.379+0000] {local_task_job_runner.py:240} INFO - Task exited with return code 0
[2024-06-27T22:34:13.387+0000] {taskinstance.py:3503} INFO - 0 downstream tasks scheduled from follow-on schedule check
[2024-06-27T22:34:13.388+0000] {local_task_job_runner.py:222} INFO - ::endgroup::
[2024-06-27T22:53:18.482+0000] {local_task_job_runner.py:120} INFO - ::group::Pre task execution logs
[2024-06-27T22:53:18.492+0000] {taskinstance.py:2076} INFO - Dependencies all met for dep_context=non-requeueable deps ti=<TaskInstance: ecomm_data_pipeline.generate_and_insert_data scheduled__2023-01-01T05:30:00+00:00 [queued]>
[2024-06-27T22:53:18.494+0000] {taskinstance.py:2076} INFO - Dependencies all met for dep_context=requeueable deps ti=<TaskInstance: ecomm_data_pipeline.generate_and_insert_data scheduled__2023-01-01T05:30:00+00:00 [queued]>
[2024-06-27T22:53:18.494+0000] {taskinstance.py:2306} INFO - Starting attempt 1 of 2
[2024-06-27T22:53:18.499+0000] {taskinstance.py:2330} INFO - Executing <Task(PythonOperator): generate_and_insert_data> on 2023-01-01 05:30:00+00:00
[2024-06-27T22:53:18.500+0000] {standard_task_runner.py:63} INFO - Started process 925 to run task
[2024-06-27T22:53:18.501+0000] {standard_task_runner.py:90} INFO - Running: ['airflow', 'tasks', 'run', 'ecomm_data_pipeline', 'generate_and_insert_data', 'scheduled__2023-01-01T05:30:00+00:00', '--job-id', '65', '--raw', '--subdir', 'DAGS_FOLDER/ecomm_dag.py', '--cfg-path', '/tmp/tmpvasva5q7']
[2024-06-27T22:53:18.502+0000] {standard_task_runner.py:91} INFO - Job 65: Subtask generate_and_insert_data
[2024-06-27T22:53:18.517+0000] {task_command.py:426} INFO - Running <TaskInstance: ecomm_data_pipeline.generate_and_insert_data scheduled__2023-01-01T05:30:00+00:00 [running]> on host a70edf9d8581
[2024-06-27T22:53:18.545+0000] {taskinstance.py:2648} INFO - Exporting env vars: AIRFLOW_CTX_DAG_OWNER='airflow' AIRFLOW_CTX_DAG_ID='ecomm_data_pipeline' AIRFLOW_CTX_TASK_ID='generate_and_insert_data' AIRFLOW_CTX_EXECUTION_DATE='2023-01-01T05:30:00+00:00' AIRFLOW_CTX_TRY_NUMBER='1' AIRFLOW_CTX_DAG_RUN_ID='scheduled__2023-01-01T05:30:00+00:00'
[2024-06-27T22:53:18.545+0000] {taskinstance.py:430} INFO - ::endgroup::
[2024-06-27T22:53:18.578+0000] {logging_mixin.py:188} INFO - Error in generate_and_insert_data: Command '['python3', './generator/ecomm_generator.py']' returned non-zero exit status 2.
[2024-06-27T22:53:18.579+0000] {logging_mixin.py:188} INFO - stdout: 
[2024-06-27T22:53:18.579+0000] {logging_mixin.py:188} INFO - stderr: python3: can't open file '/opt/airflow/./generator/ecomm_generator.py': [Errno 2] No such file or directory
[2024-06-27T22:53:18.579+0000] {python.py:237} INFO - Done. Returned value was: None
[2024-06-27T22:53:18.579+0000] {taskinstance.py:441} INFO - ::group::Post task execution logs
[2024-06-27T22:53:18.584+0000] {taskinstance.py:1206} INFO - Marking task as SUCCESS. dag_id=ecomm_data_pipeline, task_id=generate_and_insert_data, run_id=scheduled__2023-01-01T05:30:00+00:00, execution_date=20230101T053000, start_date=20240627T225318, end_date=20240627T225318
[2024-06-27T22:53:18.602+0000] {local_task_job_runner.py:240} INFO - Task exited with return code 0
[2024-06-27T22:53:18.609+0000] {taskinstance.py:3503} INFO - 0 downstream tasks scheduled from follow-on schedule check
[2024-06-27T22:53:18.609+0000] {local_task_job_runner.py:222} INFO - ::endgroup::
[2024-06-28T18:14:41.233+0000] {local_task_job_runner.py:120} INFO - ::group::Pre task execution logs
[2024-06-28T18:14:41.243+0000] {taskinstance.py:2076} INFO - Dependencies all met for dep_context=non-requeueable deps ti=<TaskInstance: ecomm_data_pipeline.generate_and_insert_data scheduled__2023-01-01T05:30:00+00:00 [queued]>
[2024-06-28T18:14:41.245+0000] {taskinstance.py:2076} INFO - Dependencies all met for dep_context=requeueable deps ti=<TaskInstance: ecomm_data_pipeline.generate_and_insert_data scheduled__2023-01-01T05:30:00+00:00 [queued]>
[2024-06-28T18:14:41.245+0000] {taskinstance.py:2306} INFO - Starting attempt 1 of 2
[2024-06-28T18:14:41.250+0000] {taskinstance.py:2330} INFO - Executing <Task(PythonOperator): generate_and_insert_data> on 2023-01-01 05:30:00+00:00
[2024-06-28T18:14:41.252+0000] {standard_task_runner.py:63} INFO - Started process 977 to run task
[2024-06-28T18:14:41.253+0000] {standard_task_runner.py:90} INFO - Running: ['airflow', 'tasks', 'run', 'ecomm_data_pipeline', 'generate_and_insert_data', 'scheduled__2023-01-01T05:30:00+00:00', '--job-id', '69', '--raw', '--subdir', 'DAGS_FOLDER/ecomm_dag.py', '--cfg-path', '/tmp/tmph62xnaer']
[2024-06-28T18:14:41.254+0000] {standard_task_runner.py:91} INFO - Job 69: Subtask generate_and_insert_data
[2024-06-28T18:14:41.270+0000] {task_command.py:426} INFO - Running <TaskInstance: ecomm_data_pipeline.generate_and_insert_data scheduled__2023-01-01T05:30:00+00:00 [running]> on host 08cefd381a1f
[2024-06-28T18:14:41.298+0000] {taskinstance.py:2648} INFO - Exporting env vars: AIRFLOW_CTX_DAG_OWNER='airflow' AIRFLOW_CTX_DAG_ID='ecomm_data_pipeline' AIRFLOW_CTX_TASK_ID='generate_and_insert_data' AIRFLOW_CTX_EXECUTION_DATE='2023-01-01T05:30:00+00:00' AIRFLOW_CTX_TRY_NUMBER='1' AIRFLOW_CTX_DAG_RUN_ID='scheduled__2023-01-01T05:30:00+00:00'
[2024-06-28T18:14:41.298+0000] {taskinstance.py:430} INFO - ::endgroup::
[2024-06-28T18:14:41.354+0000] {logging_mixin.py:188} INFO - Error in generate_and_insert_data: Command '['python3', '/opt/airflow/generator/ecomm_generator.py']' returned non-zero exit status 1.
[2024-06-28T18:14:41.355+0000] {logging_mixin.py:188} INFO - stdout: 
[2024-06-28T18:14:41.355+0000] {logging_mixin.py:188} INFO - stderr: Traceback (most recent call last):
  File "/opt/airflow/generator/ecomm_generator.py", line 4, in <module>
    from faker import Faker
ModuleNotFoundError: No module named 'faker'
[2024-06-28T18:14:41.355+0000] {python.py:237} INFO - Done. Returned value was: None
[2024-06-28T18:14:41.355+0000] {taskinstance.py:441} INFO - ::group::Post task execution logs
[2024-06-28T18:14:41.360+0000] {taskinstance.py:1206} INFO - Marking task as SUCCESS. dag_id=ecomm_data_pipeline, task_id=generate_and_insert_data, run_id=scheduled__2023-01-01T05:30:00+00:00, execution_date=20230101T053000, start_date=20240628T181441, end_date=20240628T181441
[2024-06-28T18:14:41.399+0000] {local_task_job_runner.py:240} INFO - Task exited with return code 0
[2024-06-28T18:14:41.406+0000] {taskinstance.py:3503} INFO - 0 downstream tasks scheduled from follow-on schedule check
[2024-06-28T18:14:41.407+0000] {local_task_job_runner.py:222} INFO - ::endgroup::
[2024-06-28T18:21:41.691+0000] {local_task_job_runner.py:120} INFO - ::group::Pre task execution logs
[2024-06-28T18:21:41.702+0000] {taskinstance.py:2076} INFO - Dependencies all met for dep_context=non-requeueable deps ti=<TaskInstance: ecomm_data_pipeline.generate_and_insert_data scheduled__2023-01-01T05:30:00+00:00 [queued]>
[2024-06-28T18:21:41.704+0000] {taskinstance.py:2076} INFO - Dependencies all met for dep_context=requeueable deps ti=<TaskInstance: ecomm_data_pipeline.generate_and_insert_data scheduled__2023-01-01T05:30:00+00:00 [queued]>
[2024-06-28T18:21:41.704+0000] {taskinstance.py:2306} INFO - Starting attempt 1 of 2
[2024-06-28T18:21:41.709+0000] {taskinstance.py:2330} INFO - Executing <Task(PythonOperator): generate_and_insert_data> on 2023-01-01 05:30:00+00:00
[2024-06-28T18:21:41.710+0000] {standard_task_runner.py:63} INFO - Started process 808 to run task
[2024-06-28T18:21:41.712+0000] {standard_task_runner.py:90} INFO - Running: ['airflow', 'tasks', 'run', 'ecomm_data_pipeline', 'generate_and_insert_data', 'scheduled__2023-01-01T05:30:00+00:00', '--job-id', '56', '--raw', '--subdir', 'DAGS_FOLDER/ecomm_dag.py', '--cfg-path', '/tmp/tmpqn3yxd5o']
[2024-06-28T18:21:41.712+0000] {standard_task_runner.py:91} INFO - Job 56: Subtask generate_and_insert_data
[2024-06-28T18:21:41.730+0000] {task_command.py:426} INFO - Running <TaskInstance: ecomm_data_pipeline.generate_and_insert_data scheduled__2023-01-01T05:30:00+00:00 [running]> on host 6570e5857071
[2024-06-28T18:21:41.758+0000] {taskinstance.py:2648} INFO - Exporting env vars: AIRFLOW_CTX_DAG_OWNER='airflow' AIRFLOW_CTX_DAG_ID='ecomm_data_pipeline' AIRFLOW_CTX_TASK_ID='generate_and_insert_data' AIRFLOW_CTX_EXECUTION_DATE='2023-01-01T05:30:00+00:00' AIRFLOW_CTX_TRY_NUMBER='1' AIRFLOW_CTX_DAG_RUN_ID='scheduled__2023-01-01T05:30:00+00:00'
[2024-06-28T18:21:41.759+0000] {taskinstance.py:430} INFO - ::endgroup::
[2024-06-28T18:21:41.816+0000] {logging_mixin.py:188} INFO - Error in generate_and_insert_data: Command '['python3', '/opt/airflow/generator/ecomm_generator.py']' returned non-zero exit status 1.
[2024-06-28T18:21:41.816+0000] {logging_mixin.py:188} INFO - stdout: 
[2024-06-28T18:21:41.816+0000] {logging_mixin.py:188} INFO - stderr: Traceback (most recent call last):
  File "/opt/airflow/generator/ecomm_generator.py", line 4, in <module>
    from faker import Faker
ModuleNotFoundError: No module named 'faker'
[2024-06-28T18:21:41.817+0000] {python.py:237} INFO - Done. Returned value was: None
[2024-06-28T18:21:41.817+0000] {taskinstance.py:441} INFO - ::group::Post task execution logs
[2024-06-28T18:21:41.821+0000] {taskinstance.py:1206} INFO - Marking task as SUCCESS. dag_id=ecomm_data_pipeline, task_id=generate_and_insert_data, run_id=scheduled__2023-01-01T05:30:00+00:00, execution_date=20230101T053000, start_date=20240628T182141, end_date=20240628T182141
[2024-06-28T18:21:41.858+0000] {local_task_job_runner.py:240} INFO - Task exited with return code 0
[2024-06-28T18:21:41.865+0000] {taskinstance.py:3503} INFO - 0 downstream tasks scheduled from follow-on schedule check
[2024-06-28T18:21:41.866+0000] {local_task_job_runner.py:222} INFO - ::endgroup::
[2024-06-28T18:31:39.075+0000] {local_task_job_runner.py:120} INFO - ::group::Pre task execution logs
[2024-06-28T18:31:39.087+0000] {taskinstance.py:2076} INFO - Dependencies all met for dep_context=non-requeueable deps ti=<TaskInstance: ecomm_data_pipeline.generate_and_insert_data scheduled__2023-01-01T05:30:00+00:00 [queued]>
[2024-06-28T18:31:39.090+0000] {taskinstance.py:2076} INFO - Dependencies all met for dep_context=requeueable deps ti=<TaskInstance: ecomm_data_pipeline.generate_and_insert_data scheduled__2023-01-01T05:30:00+00:00 [queued]>
[2024-06-28T18:31:39.090+0000] {taskinstance.py:2306} INFO - Starting attempt 1 of 2
[2024-06-28T18:31:39.095+0000] {taskinstance.py:2330} INFO - Executing <Task(PythonOperator): generate_and_insert_data> on 2023-01-01 05:30:00+00:00
[2024-06-28T18:31:39.098+0000] {standard_task_runner.py:63} INFO - Started process 754 to run task
[2024-06-28T18:31:39.099+0000] {standard_task_runner.py:90} INFO - Running: ['airflow', 'tasks', 'run', 'ecomm_data_pipeline', 'generate_and_insert_data', 'scheduled__2023-01-01T05:30:00+00:00', '--job-id', '52', '--raw', '--subdir', 'DAGS_FOLDER/ecomm_dag.py', '--cfg-path', '/tmp/tmp7hxp670m']
[2024-06-28T18:31:39.101+0000] {standard_task_runner.py:91} INFO - Job 52: Subtask generate_and_insert_data
[2024-06-28T18:31:39.123+0000] {task_command.py:426} INFO - Running <TaskInstance: ecomm_data_pipeline.generate_and_insert_data scheduled__2023-01-01T05:30:00+00:00 [running]> on host 50bf780463b8
[2024-06-28T18:31:39.157+0000] {taskinstance.py:2648} INFO - Exporting env vars: AIRFLOW_CTX_DAG_OWNER='airflow' AIRFLOW_CTX_DAG_ID='ecomm_data_pipeline' AIRFLOW_CTX_TASK_ID='generate_and_insert_data' AIRFLOW_CTX_EXECUTION_DATE='2023-01-01T05:30:00+00:00' AIRFLOW_CTX_TRY_NUMBER='1' AIRFLOW_CTX_DAG_RUN_ID='scheduled__2023-01-01T05:30:00+00:00'
[2024-06-28T18:31:39.158+0000] {taskinstance.py:430} INFO - ::endgroup::
[2024-06-28T18:31:39.221+0000] {logging_mixin.py:188} INFO - Error in generate_and_insert_data: Command '['python3', '/opt/airflow/generator/ecomm_generator.py']' returned non-zero exit status 1.
[2024-06-28T18:31:39.221+0000] {logging_mixin.py:188} INFO - stdout: 
[2024-06-28T18:31:39.221+0000] {logging_mixin.py:188} INFO - stderr: Traceback (most recent call last):
  File "/opt/airflow/generator/ecomm_generator.py", line 4, in <module>
    from faker import Faker
ModuleNotFoundError: No module named 'faker'
[2024-06-28T18:31:39.221+0000] {python.py:237} INFO - Done. Returned value was: None
[2024-06-28T18:31:39.221+0000] {taskinstance.py:441} INFO - ::group::Post task execution logs
[2024-06-28T18:31:39.226+0000] {taskinstance.py:1206} INFO - Marking task as SUCCESS. dag_id=ecomm_data_pipeline, task_id=generate_and_insert_data, run_id=scheduled__2023-01-01T05:30:00+00:00, execution_date=20230101T053000, start_date=20240628T183139, end_date=20240628T183139
[2024-06-28T18:31:39.248+0000] {local_task_job_runner.py:240} INFO - Task exited with return code 0
[2024-06-28T18:31:39.254+0000] {taskinstance.py:3503} INFO - 0 downstream tasks scheduled from follow-on schedule check
[2024-06-28T18:31:39.255+0000] {local_task_job_runner.py:222} INFO - ::endgroup::
[2024-06-29T21:37:38.462+0000] {local_task_job_runner.py:120} INFO - ::group::Pre task execution logs
[2024-06-29T21:37:38.472+0000] {taskinstance.py:2076} INFO - Dependencies all met for dep_context=non-requeueable deps ti=<TaskInstance: ecomm_data_pipeline.generate_and_insert_data scheduled__2023-01-01T05:30:00+00:00 [queued]>
[2024-06-29T21:37:38.474+0000] {taskinstance.py:2076} INFO - Dependencies all met for dep_context=requeueable deps ti=<TaskInstance: ecomm_data_pipeline.generate_and_insert_data scheduled__2023-01-01T05:30:00+00:00 [queued]>
[2024-06-29T21:37:38.475+0000] {taskinstance.py:2306} INFO - Starting attempt 1 of 2
[2024-06-29T21:37:38.479+0000] {taskinstance.py:2330} INFO - Executing <Task(PythonOperator): generate_and_insert_data> on 2023-01-01 05:30:00+00:00
[2024-06-29T21:37:38.481+0000] {standard_task_runner.py:63} INFO - Started process 521 to run task
[2024-06-29T21:37:38.482+0000] {standard_task_runner.py:90} INFO - Running: ['airflow', 'tasks', 'run', 'ecomm_data_pipeline', 'generate_and_insert_data', 'scheduled__2023-01-01T05:30:00+00:00', '--job-id', '35', '--raw', '--subdir', 'DAGS_FOLDER/ecomm_dag.py', '--cfg-path', '/tmp/tmpz0c0p2m7']
[2024-06-29T21:37:38.483+0000] {standard_task_runner.py:91} INFO - Job 35: Subtask generate_and_insert_data
[2024-06-29T21:37:38.501+0000] {task_command.py:426} INFO - Running <TaskInstance: ecomm_data_pipeline.generate_and_insert_data scheduled__2023-01-01T05:30:00+00:00 [running]> on host afcb6fbf9265
[2024-06-29T21:37:38.533+0000] {taskinstance.py:2648} INFO - Exporting env vars: AIRFLOW_CTX_DAG_OWNER='airflow' AIRFLOW_CTX_DAG_ID='ecomm_data_pipeline' AIRFLOW_CTX_TASK_ID='generate_and_insert_data' AIRFLOW_CTX_EXECUTION_DATE='2023-01-01T05:30:00+00:00' AIRFLOW_CTX_TRY_NUMBER='1' AIRFLOW_CTX_DAG_RUN_ID='scheduled__2023-01-01T05:30:00+00:00'
[2024-06-29T21:37:38.533+0000] {taskinstance.py:430} INFO - ::endgroup::
[2024-06-29T21:37:38.592+0000] {logging_mixin.py:188} INFO - Error in generate_and_insert_data: Command '['python3', '/opt/airflow/generator/ecomm_generator.py']' returned non-zero exit status 1.
[2024-06-29T21:37:38.592+0000] {logging_mixin.py:188} INFO - stdout: 
[2024-06-29T21:37:38.592+0000] {logging_mixin.py:188} INFO - stderr: Traceback (most recent call last):
  File "/opt/airflow/generator/ecomm_generator.py", line 4, in <module>
    from faker import Faker
ModuleNotFoundError: No module named 'faker'
[2024-06-29T21:37:38.592+0000] {python.py:237} INFO - Done. Returned value was: None
[2024-06-29T21:37:38.592+0000] {taskinstance.py:441} INFO - ::group::Post task execution logs
[2024-06-29T21:37:38.598+0000] {taskinstance.py:1206} INFO - Marking task as SUCCESS. dag_id=ecomm_data_pipeline, task_id=generate_and_insert_data, run_id=scheduled__2023-01-01T05:30:00+00:00, execution_date=20230101T053000, start_date=20240629T213738, end_date=20240629T213738
[2024-06-29T21:37:38.632+0000] {local_task_job_runner.py:240} INFO - Task exited with return code 0
[2024-06-29T21:37:38.638+0000] {taskinstance.py:3503} INFO - 0 downstream tasks scheduled from follow-on schedule check
[2024-06-29T21:37:38.639+0000] {local_task_job_runner.py:222} INFO - ::endgroup::
[2024-06-29T21:49:55.356+0000] {local_task_job_runner.py:120} INFO - ::group::Pre task execution logs
[2024-06-29T21:49:55.367+0000] {taskinstance.py:2076} INFO - Dependencies all met for dep_context=non-requeueable deps ti=<TaskInstance: ecomm_data_pipeline.generate_and_insert_data scheduled__2023-01-01T05:30:00+00:00 [queued]>
[2024-06-29T21:49:55.369+0000] {taskinstance.py:2076} INFO - Dependencies all met for dep_context=requeueable deps ti=<TaskInstance: ecomm_data_pipeline.generate_and_insert_data scheduled__2023-01-01T05:30:00+00:00 [queued]>
[2024-06-29T21:49:55.369+0000] {taskinstance.py:2306} INFO - Starting attempt 1 of 2
[2024-06-29T21:49:55.374+0000] {taskinstance.py:2330} INFO - Executing <Task(PythonOperator): generate_and_insert_data> on 2023-01-01 05:30:00+00:00
[2024-06-29T21:49:55.376+0000] {standard_task_runner.py:63} INFO - Started process 522 to run task
[2024-06-29T21:49:55.377+0000] {standard_task_runner.py:90} INFO - Running: ['airflow', 'tasks', 'run', 'ecomm_data_pipeline', 'generate_and_insert_data', 'scheduled__2023-01-01T05:30:00+00:00', '--job-id', '35', '--raw', '--subdir', 'DAGS_FOLDER/ecomm_dag.py', '--cfg-path', '/tmp/tmp22o75p0z']
[2024-06-29T21:49:55.378+0000] {standard_task_runner.py:91} INFO - Job 35: Subtask generate_and_insert_data
[2024-06-29T21:49:55.395+0000] {task_command.py:426} INFO - Running <TaskInstance: ecomm_data_pipeline.generate_and_insert_data scheduled__2023-01-01T05:30:00+00:00 [running]> on host 0b7af056b90c
[2024-06-29T21:49:55.425+0000] {taskinstance.py:2648} INFO - Exporting env vars: AIRFLOW_CTX_DAG_OWNER='airflow' AIRFLOW_CTX_DAG_ID='ecomm_data_pipeline' AIRFLOW_CTX_TASK_ID='generate_and_insert_data' AIRFLOW_CTX_EXECUTION_DATE='2023-01-01T05:30:00+00:00' AIRFLOW_CTX_TRY_NUMBER='1' AIRFLOW_CTX_DAG_RUN_ID='scheduled__2023-01-01T05:30:00+00:00'
[2024-06-29T21:49:55.426+0000] {taskinstance.py:430} INFO - ::endgroup::
[2024-06-29T21:49:55.484+0000] {logging_mixin.py:188} INFO - Error in generate_and_insert_data: Command '['python3', '/opt/airflow/generator/ecomm_generator.py']' returned non-zero exit status 1.
[2024-06-29T21:49:55.485+0000] {logging_mixin.py:188} INFO - stdout: 
[2024-06-29T21:49:55.485+0000] {logging_mixin.py:188} INFO - stderr: Traceback (most recent call last):
  File "/opt/airflow/generator/ecomm_generator.py", line 4, in <module>
    from faker import Faker
ModuleNotFoundError: No module named 'faker'
[2024-06-29T21:49:55.485+0000] {python.py:237} INFO - Done. Returned value was: None
[2024-06-29T21:49:55.485+0000] {taskinstance.py:441} INFO - ::group::Post task execution logs
[2024-06-29T21:49:55.490+0000] {taskinstance.py:1206} INFO - Marking task as SUCCESS. dag_id=ecomm_data_pipeline, task_id=generate_and_insert_data, run_id=scheduled__2023-01-01T05:30:00+00:00, execution_date=20230101T053000, start_date=20240629T214955, end_date=20240629T214955
[2024-06-29T21:49:55.518+0000] {local_task_job_runner.py:240} INFO - Task exited with return code 0
[2024-06-29T21:49:55.525+0000] {taskinstance.py:3503} INFO - 0 downstream tasks scheduled from follow-on schedule check
[2024-06-29T21:49:55.526+0000] {local_task_job_runner.py:222} INFO - ::endgroup::
[2024-06-29T22:01:27.439+0000] {local_task_job_runner.py:120} INFO - ::group::Pre task execution logs
[2024-06-29T22:01:27.449+0000] {taskinstance.py:2076} INFO - Dependencies all met for dep_context=non-requeueable deps ti=<TaskInstance: ecomm_data_pipeline.generate_and_insert_data scheduled__2023-01-01T05:30:00+00:00 [queued]>
[2024-06-29T22:01:27.451+0000] {taskinstance.py:2076} INFO - Dependencies all met for dep_context=requeueable deps ti=<TaskInstance: ecomm_data_pipeline.generate_and_insert_data scheduled__2023-01-01T05:30:00+00:00 [queued]>
[2024-06-29T22:01:27.452+0000] {taskinstance.py:2306} INFO - Starting attempt 1 of 2
[2024-06-29T22:01:27.456+0000] {taskinstance.py:2330} INFO - Executing <Task(PythonOperator): generate_and_insert_data> on 2023-01-01 05:30:00+00:00
[2024-06-29T22:01:27.458+0000] {standard_task_runner.py:63} INFO - Started process 521 to run task
[2024-06-29T22:01:27.459+0000] {standard_task_runner.py:90} INFO - Running: ['airflow', 'tasks', 'run', 'ecomm_data_pipeline', 'generate_and_insert_data', 'scheduled__2023-01-01T05:30:00+00:00', '--job-id', '35', '--raw', '--subdir', 'DAGS_FOLDER/ecomm_dag.py', '--cfg-path', '/tmp/tmpr8xb8ld4']
[2024-06-29T22:01:27.460+0000] {standard_task_runner.py:91} INFO - Job 35: Subtask generate_and_insert_data
[2024-06-29T22:01:27.476+0000] {task_command.py:426} INFO - Running <TaskInstance: ecomm_data_pipeline.generate_and_insert_data scheduled__2023-01-01T05:30:00+00:00 [running]> on host 799998b0d26e
[2024-06-29T22:01:27.505+0000] {taskinstance.py:2648} INFO - Exporting env vars: AIRFLOW_CTX_DAG_OWNER='airflow' AIRFLOW_CTX_DAG_ID='ecomm_data_pipeline' AIRFLOW_CTX_TASK_ID='generate_and_insert_data' AIRFLOW_CTX_EXECUTION_DATE='2023-01-01T05:30:00+00:00' AIRFLOW_CTX_TRY_NUMBER='1' AIRFLOW_CTX_DAG_RUN_ID='scheduled__2023-01-01T05:30:00+00:00'
[2024-06-29T22:01:27.505+0000] {taskinstance.py:430} INFO - ::endgroup::
[2024-06-29T22:01:27.562+0000] {logging_mixin.py:188} INFO - Error in generate_and_insert_data: Command '['python3', '/opt/airflow/generator/ecomm_generator.py']' returned non-zero exit status 1.
[2024-06-29T22:01:27.562+0000] {logging_mixin.py:188} INFO - stdout: 
[2024-06-29T22:01:27.562+0000] {logging_mixin.py:188} INFO - stderr: Traceback (most recent call last):
  File "/opt/airflow/generator/ecomm_generator.py", line 4, in <module>
    from faker import Faker
ModuleNotFoundError: No module named 'faker'
[2024-06-29T22:01:27.563+0000] {python.py:237} INFO - Done. Returned value was: None
[2024-06-29T22:01:27.563+0000] {taskinstance.py:441} INFO - ::group::Post task execution logs
[2024-06-29T22:01:27.567+0000] {taskinstance.py:1206} INFO - Marking task as SUCCESS. dag_id=ecomm_data_pipeline, task_id=generate_and_insert_data, run_id=scheduled__2023-01-01T05:30:00+00:00, execution_date=20230101T053000, start_date=20240629T220127, end_date=20240629T220127
[2024-06-29T22:01:27.609+0000] {local_task_job_runner.py:240} INFO - Task exited with return code 0
[2024-06-29T22:01:27.616+0000] {taskinstance.py:3503} INFO - 0 downstream tasks scheduled from follow-on schedule check
[2024-06-29T22:01:27.616+0000] {local_task_job_runner.py:222} INFO - ::endgroup::
