[2024-07-03T23:03:30.726+0000] {taskinstance.py:1103} INFO - Dependencies all met for dep_context=non-requeueable deps ti=<TaskInstance: marketing_generator.generate_data scheduled__2024-07-02T05:00:00+00:00 [queued]>
[2024-07-03T23:03:30.730+0000] {taskinstance.py:1103} INFO - Dependencies all met for dep_context=requeueable deps ti=<TaskInstance: marketing_generator.generate_data scheduled__2024-07-02T05:00:00+00:00 [queued]>
[2024-07-03T23:03:30.730+0000] {taskinstance.py:1308} INFO - Starting attempt 1 of 2
[2024-07-03T23:03:30.734+0000] {taskinstance.py:1327} INFO - Executing <Task(PythonOperator): generate_data> on 2024-07-02 05:00:00+00:00
[2024-07-03T23:03:30.736+0000] {standard_task_runner.py:57} INFO - Started process 90 to run task
[2024-07-03T23:03:30.738+0000] {standard_task_runner.py:84} INFO - Running: ['airflow', 'tasks', 'run', 'marketing_generator', 'generate_data', 'scheduled__2024-07-02T05:00:00+00:00', '--job-id', '382', '--raw', '--subdir', 'DAGS_FOLDER/marketing_generator_dag.py', '--cfg-path', '/tmp/tmp76mhu60b']
[2024-07-03T23:03:30.738+0000] {standard_task_runner.py:85} INFO - Job 382: Subtask generate_data
[2024-07-03T23:03:30.763+0000] {task_command.py:410} INFO - Running <TaskInstance: marketing_generator.generate_data scheduled__2024-07-02T05:00:00+00:00 [running]> on host a4053733dbc4
[2024-07-03T23:03:30.873+0000] {taskinstance.py:1545} INFO - Exporting env vars: AIRFLOW_CTX_DAG_OWNER='airflow' AIRFLOW_CTX_DAG_ID='marketing_generator' AIRFLOW_CTX_TASK_ID='generate_data' AIRFLOW_CTX_EXECUTION_DATE='2024-07-02T05:00:00+00:00' AIRFLOW_CTX_TRY_NUMBER='1' AIRFLOW_CTX_DAG_RUN_ID='scheduled__2024-07-02T05:00:00+00:00'
[2024-07-03T23:03:30.874+0000] {logging_mixin.py:149} INFO - Running data generation script...
[2024-07-03T23:03:31.242+0000] {logging_mixin.py:149} INFO - 2024-07-03 23:03:31,061 - INFO - Generating fake Google Search marketing data...
2024-07-03 23:03:31,076 - INFO - Generated 1000 Google Search marketing data records.
2024-07-03 23:03:31,076 - INFO - Generating fake Email Marketing data...
2024-07-03 23:03:31,192 - INFO - Generated 1000 Email Marketing data records.
2024-07-03 23:03:31,192 - INFO - Generating fake Facebook data...
2024-07-03 23:03:31,209 - INFO - Generated 1000 Facebook data records.
2024-07-03 23:03:31,209 - INFO - Writing generated data to JSON files...
2024-07-03 23:03:31,235 - INFO - Data generation complete. Sleeping for 10 minutes...
[2024-07-03T23:03:31.242+0000] {python.py:183} INFO - Done. Returned value was: None
[2024-07-03T23:03:31.249+0000] {taskinstance.py:1345} INFO - Marking task as SUCCESS. dag_id=marketing_generator, task_id=generate_data, execution_date=20240702T050000, start_date=20240703T230330, end_date=20240703T230331
[2024-07-03T23:03:31.273+0000] {local_task_job_runner.py:225} INFO - Task exited with return code 0
[2024-07-03T23:03:31.284+0000] {taskinstance.py:2651} INFO - 3 downstream tasks scheduled from follow-on schedule check
