[2024-06-27T22:33:39.411+0000] {local_task_job_runner.py:120} INFO - ::group::Pre task execution logs
[2024-06-27T22:33:39.420+0000] {taskinstance.py:2076} INFO - Dependencies all met for dep_context=non-requeueable deps ti=<TaskInstance: example_dag.generate_and_insert_data scheduled__2023-01-01T02:40:00+00:00 [queued]>
[2024-06-27T22:33:39.423+0000] {taskinstance.py:2076} INFO - Dependencies all met for dep_context=requeueable deps ti=<TaskInstance: example_dag.generate_and_insert_data scheduled__2023-01-01T02:40:00+00:00 [queued]>
[2024-06-27T22:33:39.423+0000] {taskinstance.py:2306} INFO - Starting attempt 1 of 2
[2024-06-27T22:33:39.427+0000] {taskinstance.py:2330} INFO - Executing <Task(PythonOperator): generate_and_insert_data> on 2023-01-01 02:40:00+00:00
[2024-06-27T22:33:39.428+0000] {standard_task_runner.py:63} INFO - Started process 485 to run task
[2024-06-27T22:33:39.429+0000] {standard_task_runner.py:90} INFO - Running: ['airflow', 'tasks', 'run', 'example_dag', 'generate_and_insert_data', 'scheduled__2023-01-01T02:40:00+00:00', '--job-id', '34', '--raw', '--subdir', 'DAGS_FOLDER/example_dag.py', '--cfg-path', '/tmp/tmpb96gv0do']
[2024-06-27T22:33:39.430+0000] {standard_task_runner.py:91} INFO - Job 34: Subtask generate_and_insert_data
[2024-06-27T22:33:39.447+0000] {task_command.py:426} INFO - Running <TaskInstance: example_dag.generate_and_insert_data scheduled__2023-01-01T02:40:00+00:00 [running]> on host 9174587f6b1d
[2024-06-27T22:33:39.475+0000] {taskinstance.py:2648} INFO - Exporting env vars: AIRFLOW_CTX_DAG_OWNER='airflow' AIRFLOW_CTX_DAG_ID='example_dag' AIRFLOW_CTX_TASK_ID='generate_and_insert_data' AIRFLOW_CTX_EXECUTION_DATE='2023-01-01T02:40:00+00:00' AIRFLOW_CTX_TRY_NUMBER='1' AIRFLOW_CTX_DAG_RUN_ID='scheduled__2023-01-01T02:40:00+00:00'
[2024-06-27T22:33:39.476+0000] {taskinstance.py:430} INFO - ::endgroup::
[2024-06-27T22:33:39.480+0000] {python.py:237} INFO - Done. Returned value was: None
[2024-06-27T22:33:39.480+0000] {taskinstance.py:441} INFO - ::group::Post task execution logs
[2024-06-27T22:33:39.485+0000] {taskinstance.py:1206} INFO - Marking task as SUCCESS. dag_id=example_dag, task_id=generate_and_insert_data, run_id=scheduled__2023-01-01T02:40:00+00:00, execution_date=20230101T024000, start_date=20240627T223339, end_date=20240627T223339
[2024-06-27T22:33:39.533+0000] {local_task_job_runner.py:240} INFO - Task exited with return code 0
[2024-06-27T22:33:39.541+0000] {taskinstance.py:3503} INFO - 0 downstream tasks scheduled from follow-on schedule check
[2024-06-27T22:33:39.542+0000] {local_task_job_runner.py:222} INFO - ::endgroup::
[2024-06-27T22:52:29.423+0000] {local_task_job_runner.py:120} INFO - ::group::Pre task execution logs
[2024-06-27T22:52:29.433+0000] {taskinstance.py:2076} INFO - Dependencies all met for dep_context=non-requeueable deps ti=<TaskInstance: example_dag.generate_and_insert_data scheduled__2023-01-01T02:40:00+00:00 [queued]>
[2024-06-27T22:52:29.435+0000] {taskinstance.py:2076} INFO - Dependencies all met for dep_context=requeueable deps ti=<TaskInstance: example_dag.generate_and_insert_data scheduled__2023-01-01T02:40:00+00:00 [queued]>
[2024-06-27T22:52:29.436+0000] {taskinstance.py:2306} INFO - Starting attempt 1 of 2
[2024-06-27T22:52:29.440+0000] {taskinstance.py:2330} INFO - Executing <Task(PythonOperator): generate_and_insert_data> on 2023-01-01 02:40:00+00:00
[2024-06-27T22:52:29.441+0000] {standard_task_runner.py:63} INFO - Started process 499 to run task
[2024-06-27T22:52:29.442+0000] {standard_task_runner.py:90} INFO - Running: ['airflow', 'tasks', 'run', 'example_dag', 'generate_and_insert_data', 'scheduled__2023-01-01T02:40:00+00:00', '--job-id', '35', '--raw', '--subdir', 'DAGS_FOLDER/example_dag.py', '--cfg-path', '/tmp/tmpwskkpxm_']
[2024-06-27T22:52:29.443+0000] {standard_task_runner.py:91} INFO - Job 35: Subtask generate_and_insert_data
[2024-06-27T22:52:29.459+0000] {task_command.py:426} INFO - Running <TaskInstance: example_dag.generate_and_insert_data scheduled__2023-01-01T02:40:00+00:00 [running]> on host a70edf9d8581
[2024-06-27T22:52:29.486+0000] {taskinstance.py:2648} INFO - Exporting env vars: AIRFLOW_CTX_DAG_OWNER='airflow' AIRFLOW_CTX_DAG_ID='example_dag' AIRFLOW_CTX_TASK_ID='generate_and_insert_data' AIRFLOW_CTX_EXECUTION_DATE='2023-01-01T02:40:00+00:00' AIRFLOW_CTX_TRY_NUMBER='1' AIRFLOW_CTX_DAG_RUN_ID='scheduled__2023-01-01T02:40:00+00:00'
[2024-06-27T22:52:29.487+0000] {taskinstance.py:430} INFO - ::endgroup::
[2024-06-27T22:52:29.491+0000] {python.py:237} INFO - Done. Returned value was: None
[2024-06-27T22:52:29.491+0000] {taskinstance.py:441} INFO - ::group::Post task execution logs
[2024-06-27T22:52:29.495+0000] {taskinstance.py:1206} INFO - Marking task as SUCCESS. dag_id=example_dag, task_id=generate_and_insert_data, run_id=scheduled__2023-01-01T02:40:00+00:00, execution_date=20230101T024000, start_date=20240627T225229, end_date=20240627T225229
[2024-06-27T22:52:29.502+0000] {local_task_job_runner.py:240} INFO - Task exited with return code 0
[2024-06-27T22:52:29.508+0000] {taskinstance.py:3503} INFO - 0 downstream tasks scheduled from follow-on schedule check
[2024-06-27T22:52:29.508+0000] {local_task_job_runner.py:222} INFO - ::endgroup::
[2024-06-27T23:09:52.269+0000] {local_task_job_runner.py:120} INFO - ::group::Pre task execution logs
[2024-06-27T23:09:52.279+0000] {taskinstance.py:2076} INFO - Dependencies all met for dep_context=non-requeueable deps ti=<TaskInstance: example_dag.generate_and_insert_data scheduled__2023-01-01T02:40:00+00:00 [queued]>
[2024-06-27T23:09:52.281+0000] {taskinstance.py:2076} INFO - Dependencies all met for dep_context=requeueable deps ti=<TaskInstance: example_dag.generate_and_insert_data scheduled__2023-01-01T02:40:00+00:00 [queued]>
[2024-06-27T23:09:52.281+0000] {taskinstance.py:2306} INFO - Starting attempt 1 of 2
[2024-06-27T23:09:52.285+0000] {taskinstance.py:2330} INFO - Executing <Task(PythonOperator): generate_and_insert_data> on 2023-01-01 02:40:00+00:00
[2024-06-27T23:09:52.287+0000] {standard_task_runner.py:63} INFO - Started process 485 to run task
[2024-06-27T23:09:52.288+0000] {standard_task_runner.py:90} INFO - Running: ['airflow', 'tasks', 'run', 'example_dag', 'generate_and_insert_data', 'scheduled__2023-01-01T02:40:00+00:00', '--job-id', '34', '--raw', '--subdir', 'DAGS_FOLDER/example_dag.py', '--cfg-path', '/tmp/tmptmtmf70d']
[2024-06-27T23:09:52.289+0000] {standard_task_runner.py:91} INFO - Job 34: Subtask generate_and_insert_data
[2024-06-27T23:09:52.309+0000] {task_command.py:426} INFO - Running <TaskInstance: example_dag.generate_and_insert_data scheduled__2023-01-01T02:40:00+00:00 [running]> on host 7147f8a4dc9f
[2024-06-27T23:09:52.339+0000] {taskinstance.py:2648} INFO - Exporting env vars: AIRFLOW_CTX_DAG_OWNER='airflow' AIRFLOW_CTX_DAG_ID='example_dag' AIRFLOW_CTX_TASK_ID='generate_and_insert_data' AIRFLOW_CTX_EXECUTION_DATE='2023-01-01T02:40:00+00:00' AIRFLOW_CTX_TRY_NUMBER='1' AIRFLOW_CTX_DAG_RUN_ID='scheduled__2023-01-01T02:40:00+00:00'
[2024-06-27T23:09:52.339+0000] {taskinstance.py:430} INFO - ::endgroup::
[2024-06-27T23:09:52.344+0000] {python.py:237} INFO - Done. Returned value was: None
[2024-06-27T23:09:52.344+0000] {taskinstance.py:441} INFO - ::group::Post task execution logs
[2024-06-27T23:09:52.348+0000] {taskinstance.py:1206} INFO - Marking task as SUCCESS. dag_id=example_dag, task_id=generate_and_insert_data, run_id=scheduled__2023-01-01T02:40:00+00:00, execution_date=20230101T024000, start_date=20240627T230952, end_date=20240627T230952
[2024-06-27T23:09:52.390+0000] {local_task_job_runner.py:240} INFO - Task exited with return code 0
[2024-06-27T23:09:52.397+0000] {taskinstance.py:3503} INFO - 0 downstream tasks scheduled from follow-on schedule check
[2024-06-27T23:09:52.397+0000] {local_task_job_runner.py:222} INFO - ::endgroup::
[2024-06-28T18:13:47.930+0000] {local_task_job_runner.py:120} INFO - ::group::Pre task execution logs
[2024-06-28T18:13:47.940+0000] {taskinstance.py:2076} INFO - Dependencies all met for dep_context=non-requeueable deps ti=<TaskInstance: example_dag.generate_and_insert_data scheduled__2023-01-01T02:40:00+00:00 [queued]>
[2024-06-28T18:13:47.942+0000] {taskinstance.py:2076} INFO - Dependencies all met for dep_context=requeueable deps ti=<TaskInstance: example_dag.generate_and_insert_data scheduled__2023-01-01T02:40:00+00:00 [queued]>
[2024-06-28T18:13:47.943+0000] {taskinstance.py:2306} INFO - Starting attempt 1 of 2
[2024-06-28T18:13:47.947+0000] {taskinstance.py:2330} INFO - Executing <Task(PythonOperator): generate_and_insert_data> on 2023-01-01 02:40:00+00:00
[2024-06-28T18:13:47.949+0000] {standard_task_runner.py:63} INFO - Started process 499 to run task
[2024-06-28T18:13:47.950+0000] {standard_task_runner.py:90} INFO - Running: ['airflow', 'tasks', 'run', 'example_dag', 'generate_and_insert_data', 'scheduled__2023-01-01T02:40:00+00:00', '--job-id', '35', '--raw', '--subdir', 'DAGS_FOLDER/example_dag.py', '--cfg-path', '/tmp/tmp4fjqcp3y']
[2024-06-28T18:13:47.951+0000] {standard_task_runner.py:91} INFO - Job 35: Subtask generate_and_insert_data
[2024-06-28T18:13:47.967+0000] {task_command.py:426} INFO - Running <TaskInstance: example_dag.generate_and_insert_data scheduled__2023-01-01T02:40:00+00:00 [running]> on host 08cefd381a1f
[2024-06-28T18:13:47.995+0000] {taskinstance.py:2648} INFO - Exporting env vars: AIRFLOW_CTX_DAG_OWNER='airflow' AIRFLOW_CTX_DAG_ID='example_dag' AIRFLOW_CTX_TASK_ID='generate_and_insert_data' AIRFLOW_CTX_EXECUTION_DATE='2023-01-01T02:40:00+00:00' AIRFLOW_CTX_TRY_NUMBER='1' AIRFLOW_CTX_DAG_RUN_ID='scheduled__2023-01-01T02:40:00+00:00'
[2024-06-28T18:13:47.995+0000] {taskinstance.py:430} INFO - ::endgroup::
[2024-06-28T18:13:48.000+0000] {python.py:237} INFO - Done. Returned value was: None
[2024-06-28T18:13:48.000+0000] {taskinstance.py:441} INFO - ::group::Post task execution logs
[2024-06-28T18:13:48.004+0000] {taskinstance.py:1206} INFO - Marking task as SUCCESS. dag_id=example_dag, task_id=generate_and_insert_data, run_id=scheduled__2023-01-01T02:40:00+00:00, execution_date=20230101T024000, start_date=20240628T181347, end_date=20240628T181348
[2024-06-28T18:13:48.009+0000] {local_task_job_runner.py:240} INFO - Task exited with return code 0
[2024-06-28T18:13:48.015+0000] {taskinstance.py:3503} INFO - 0 downstream tasks scheduled from follow-on schedule check
[2024-06-28T18:13:48.016+0000] {local_task_job_runner.py:222} INFO - ::endgroup::
[2024-06-28T18:21:02.312+0000] {local_task_job_runner.py:120} INFO - ::group::Pre task execution logs
[2024-06-28T18:21:02.322+0000] {taskinstance.py:2076} INFO - Dependencies all met for dep_context=non-requeueable deps ti=<TaskInstance: example_dag.generate_and_insert_data scheduled__2023-01-01T02:40:00+00:00 [queued]>
[2024-06-28T18:21:02.324+0000] {taskinstance.py:2076} INFO - Dependencies all met for dep_context=requeueable deps ti=<TaskInstance: example_dag.generate_and_insert_data scheduled__2023-01-01T02:40:00+00:00 [queued]>
[2024-06-28T18:21:02.325+0000] {taskinstance.py:2306} INFO - Starting attempt 1 of 2
[2024-06-28T18:21:02.329+0000] {taskinstance.py:2330} INFO - Executing <Task(PythonOperator): generate_and_insert_data> on 2023-01-01 02:40:00+00:00
[2024-06-28T18:21:02.330+0000] {standard_task_runner.py:63} INFO - Started process 485 to run task
[2024-06-28T18:21:02.331+0000] {standard_task_runner.py:90} INFO - Running: ['airflow', 'tasks', 'run', 'example_dag', 'generate_and_insert_data', 'scheduled__2023-01-01T02:40:00+00:00', '--job-id', '34', '--raw', '--subdir', 'DAGS_FOLDER/example_dag.py', '--cfg-path', '/tmp/tmpl7955qrv']
[2024-06-28T18:21:02.332+0000] {standard_task_runner.py:91} INFO - Job 34: Subtask generate_and_insert_data
[2024-06-28T18:21:02.348+0000] {task_command.py:426} INFO - Running <TaskInstance: example_dag.generate_and_insert_data scheduled__2023-01-01T02:40:00+00:00 [running]> on host 6570e5857071
[2024-06-28T18:21:02.375+0000] {taskinstance.py:2648} INFO - Exporting env vars: AIRFLOW_CTX_DAG_OWNER='airflow' AIRFLOW_CTX_DAG_ID='example_dag' AIRFLOW_CTX_TASK_ID='generate_and_insert_data' AIRFLOW_CTX_EXECUTION_DATE='2023-01-01T02:40:00+00:00' AIRFLOW_CTX_TRY_NUMBER='1' AIRFLOW_CTX_DAG_RUN_ID='scheduled__2023-01-01T02:40:00+00:00'
[2024-06-28T18:21:02.376+0000] {taskinstance.py:430} INFO - ::endgroup::
[2024-06-28T18:21:02.380+0000] {python.py:237} INFO - Done. Returned value was: None
[2024-06-28T18:21:02.380+0000] {taskinstance.py:441} INFO - ::group::Post task execution logs
[2024-06-28T18:21:02.384+0000] {taskinstance.py:1206} INFO - Marking task as SUCCESS. dag_id=example_dag, task_id=generate_and_insert_data, run_id=scheduled__2023-01-01T02:40:00+00:00, execution_date=20230101T024000, start_date=20240628T182102, end_date=20240628T182102
[2024-06-28T18:21:02.393+0000] {local_task_job_runner.py:240} INFO - Task exited with return code 0
[2024-06-28T18:21:02.400+0000] {taskinstance.py:3503} INFO - 0 downstream tasks scheduled from follow-on schedule check
[2024-06-28T18:21:02.400+0000] {local_task_job_runner.py:222} INFO - ::endgroup::
[2024-06-28T18:31:05.065+0000] {local_task_job_runner.py:120} INFO - ::group::Pre task execution logs
[2024-06-28T18:31:05.076+0000] {taskinstance.py:2076} INFO - Dependencies all met for dep_context=non-requeueable deps ti=<TaskInstance: example_dag.generate_and_insert_data scheduled__2023-01-01T02:40:00+00:00 [queued]>
[2024-06-28T18:31:05.079+0000] {taskinstance.py:2076} INFO - Dependencies all met for dep_context=requeueable deps ti=<TaskInstance: example_dag.generate_and_insert_data scheduled__2023-01-01T02:40:00+00:00 [queued]>
[2024-06-28T18:31:05.079+0000] {taskinstance.py:2306} INFO - Starting attempt 1 of 2
[2024-06-28T18:31:05.084+0000] {taskinstance.py:2330} INFO - Executing <Task(PythonOperator): generate_and_insert_data> on 2023-01-01 02:40:00+00:00
[2024-06-28T18:31:05.086+0000] {standard_task_runner.py:63} INFO - Started process 485 to run task
[2024-06-28T18:31:05.087+0000] {standard_task_runner.py:90} INFO - Running: ['airflow', 'tasks', 'run', 'example_dag', 'generate_and_insert_data', 'scheduled__2023-01-01T02:40:00+00:00', '--job-id', '34', '--raw', '--subdir', 'DAGS_FOLDER/example_dag.py', '--cfg-path', '/tmp/tmpeiol91_v']
[2024-06-28T18:31:05.088+0000] {standard_task_runner.py:91} INFO - Job 34: Subtask generate_and_insert_data
[2024-06-28T18:31:05.105+0000] {task_command.py:426} INFO - Running <TaskInstance: example_dag.generate_and_insert_data scheduled__2023-01-01T02:40:00+00:00 [running]> on host 50bf780463b8
[2024-06-28T18:31:05.136+0000] {taskinstance.py:2648} INFO - Exporting env vars: AIRFLOW_CTX_DAG_OWNER='airflow' AIRFLOW_CTX_DAG_ID='example_dag' AIRFLOW_CTX_TASK_ID='generate_and_insert_data' AIRFLOW_CTX_EXECUTION_DATE='2023-01-01T02:40:00+00:00' AIRFLOW_CTX_TRY_NUMBER='1' AIRFLOW_CTX_DAG_RUN_ID='scheduled__2023-01-01T02:40:00+00:00'
[2024-06-28T18:31:05.136+0000] {taskinstance.py:430} INFO - ::endgroup::
[2024-06-28T18:31:05.140+0000] {python.py:237} INFO - Done. Returned value was: None
[2024-06-28T18:31:05.141+0000] {taskinstance.py:441} INFO - ::group::Post task execution logs
[2024-06-28T18:31:05.145+0000] {taskinstance.py:1206} INFO - Marking task as SUCCESS. dag_id=example_dag, task_id=generate_and_insert_data, run_id=scheduled__2023-01-01T02:40:00+00:00, execution_date=20230101T024000, start_date=20240628T183105, end_date=20240628T183105
[2024-06-28T18:31:05.188+0000] {local_task_job_runner.py:240} INFO - Task exited with return code 0
[2024-06-28T18:31:05.195+0000] {taskinstance.py:3503} INFO - 0 downstream tasks scheduled from follow-on schedule check
[2024-06-28T18:31:05.196+0000] {local_task_job_runner.py:222} INFO - ::endgroup::
