[2024-06-27T22:35:55.107+0000] {local_task_job_runner.py:120} INFO - ::group::Pre task execution logs
[2024-06-27T22:35:55.117+0000] {taskinstance.py:2076} INFO - Dependencies all met for dep_context=non-requeueable deps ti=<TaskInstance: ecomm_data_pipeline.generate_and_insert_data scheduled__2023-01-01T14:30:00+00:00 [queued]>
[2024-06-27T22:35:55.119+0000] {taskinstance.py:2076} INFO - Dependencies all met for dep_context=requeueable deps ti=<TaskInstance: ecomm_data_pipeline.generate_and_insert_data scheduled__2023-01-01T14:30:00+00:00 [queued]>
[2024-06-27T22:35:55.119+0000] {taskinstance.py:2306} INFO - Starting attempt 1 of 2
[2024-06-27T22:35:55.124+0000] {taskinstance.py:2330} INFO - Executing <Task(PythonOperator): generate_and_insert_data> on 2023-01-01 14:30:00+00:00
[2024-06-27T22:35:55.125+0000] {standard_task_runner.py:63} INFO - Started process 1542 to run task
[2024-06-27T22:35:55.126+0000] {standard_task_runner.py:90} INFO - Running: ['airflow', 'tasks', 'run', 'ecomm_data_pipeline', 'generate_and_insert_data', 'scheduled__2023-01-01T14:30:00+00:00', '--job-id', '106', '--raw', '--subdir', 'DAGS_FOLDER/ecomm_dag.py', '--cfg-path', '/tmp/tmpxc341ibo']
[2024-06-27T22:35:55.127+0000] {standard_task_runner.py:91} INFO - Job 106: Subtask generate_and_insert_data
[2024-06-27T22:35:55.143+0000] {task_command.py:426} INFO - Running <TaskInstance: ecomm_data_pipeline.generate_and_insert_data scheduled__2023-01-01T14:30:00+00:00 [running]> on host 9174587f6b1d
[2024-06-27T22:35:55.171+0000] {taskinstance.py:2648} INFO - Exporting env vars: AIRFLOW_CTX_DAG_OWNER='airflow' AIRFLOW_CTX_DAG_ID='ecomm_data_pipeline' AIRFLOW_CTX_TASK_ID='generate_and_insert_data' AIRFLOW_CTX_EXECUTION_DATE='2023-01-01T14:30:00+00:00' AIRFLOW_CTX_TRY_NUMBER='1' AIRFLOW_CTX_DAG_RUN_ID='scheduled__2023-01-01T14:30:00+00:00'
[2024-06-27T22:35:55.171+0000] {taskinstance.py:430} INFO - ::endgroup::
[2024-06-27T22:35:55.204+0000] {logging_mixin.py:188} INFO - Error in generate_and_insert_data: Command '['python3', './generator/ecomm_generator.py']' returned non-zero exit status 2.
[2024-06-27T22:35:55.205+0000] {python.py:237} INFO - Done. Returned value was: None
[2024-06-27T22:35:55.205+0000] {taskinstance.py:441} INFO - ::group::Post task execution logs
[2024-06-27T22:35:55.209+0000] {taskinstance.py:1206} INFO - Marking task as SUCCESS. dag_id=ecomm_data_pipeline, task_id=generate_and_insert_data, run_id=scheduled__2023-01-01T14:30:00+00:00, execution_date=20230101T143000, start_date=20240627T223555, end_date=20240627T223555
[2024-06-27T22:35:55.230+0000] {local_task_job_runner.py:240} INFO - Task exited with return code 0
[2024-06-27T22:35:55.236+0000] {taskinstance.py:3503} INFO - 0 downstream tasks scheduled from follow-on schedule check
[2024-06-27T22:35:55.237+0000] {local_task_job_runner.py:222} INFO - ::endgroup::
[2024-06-28T18:17:36.019+0000] {local_task_job_runner.py:120} INFO - ::group::Pre task execution logs
[2024-06-28T18:17:36.030+0000] {taskinstance.py:2076} INFO - Dependencies all met for dep_context=non-requeueable deps ti=<TaskInstance: ecomm_data_pipeline.generate_and_insert_data scheduled__2023-01-01T14:30:00+00:00 [queued]>
[2024-06-28T18:17:36.033+0000] {taskinstance.py:2076} INFO - Dependencies all met for dep_context=requeueable deps ti=<TaskInstance: ecomm_data_pipeline.generate_and_insert_data scheduled__2023-01-01T14:30:00+00:00 [queued]>
[2024-06-28T18:17:36.033+0000] {taskinstance.py:2306} INFO - Starting attempt 1 of 2
[2024-06-28T18:17:36.038+0000] {taskinstance.py:2330} INFO - Executing <Task(PythonOperator): generate_and_insert_data> on 2023-01-01 14:30:00+00:00
[2024-06-28T18:17:36.040+0000] {standard_task_runner.py:63} INFO - Started process 2495 to run task
[2024-06-28T18:17:36.041+0000] {standard_task_runner.py:90} INFO - Running: ['airflow', 'tasks', 'run', 'ecomm_data_pipeline', 'generate_and_insert_data', 'scheduled__2023-01-01T14:30:00+00:00', '--job-id', '177', '--raw', '--subdir', 'DAGS_FOLDER/ecomm_dag.py', '--cfg-path', '/tmp/tmp28zgtdxl']
[2024-06-28T18:17:36.042+0000] {standard_task_runner.py:91} INFO - Job 177: Subtask generate_and_insert_data
[2024-06-28T18:17:36.059+0000] {task_command.py:426} INFO - Running <TaskInstance: ecomm_data_pipeline.generate_and_insert_data scheduled__2023-01-01T14:30:00+00:00 [running]> on host 08cefd381a1f
[2024-06-28T18:17:36.091+0000] {taskinstance.py:2648} INFO - Exporting env vars: AIRFLOW_CTX_DAG_OWNER='airflow' AIRFLOW_CTX_DAG_ID='ecomm_data_pipeline' AIRFLOW_CTX_TASK_ID='generate_and_insert_data' AIRFLOW_CTX_EXECUTION_DATE='2023-01-01T14:30:00+00:00' AIRFLOW_CTX_TRY_NUMBER='1' AIRFLOW_CTX_DAG_RUN_ID='scheduled__2023-01-01T14:30:00+00:00'
[2024-06-28T18:17:36.092+0000] {taskinstance.py:430} INFO - ::endgroup::
[2024-06-28T18:17:36.153+0000] {logging_mixin.py:188} INFO - Error in generate_and_insert_data: Command '['python3', '/opt/airflow/generator/ecomm_generator.py']' returned non-zero exit status 1.
[2024-06-28T18:17:36.153+0000] {logging_mixin.py:188} INFO - stdout: 
[2024-06-28T18:17:36.153+0000] {logging_mixin.py:188} INFO - stderr: Traceback (most recent call last):
  File "/opt/airflow/generator/ecomm_generator.py", line 4, in <module>
    from faker import Faker
ModuleNotFoundError: No module named 'faker'
[2024-06-28T18:17:36.153+0000] {python.py:237} INFO - Done. Returned value was: None
[2024-06-28T18:17:36.154+0000] {taskinstance.py:441} INFO - ::group::Post task execution logs
[2024-06-28T18:17:36.158+0000] {taskinstance.py:1206} INFO - Marking task as SUCCESS. dag_id=ecomm_data_pipeline, task_id=generate_and_insert_data, run_id=scheduled__2023-01-01T14:30:00+00:00, execution_date=20230101T143000, start_date=20240628T181736, end_date=20240628T181736
[2024-06-28T18:17:36.190+0000] {local_task_job_runner.py:240} INFO - Task exited with return code 0
[2024-06-28T18:17:36.197+0000] {taskinstance.py:3503} INFO - 0 downstream tasks scheduled from follow-on schedule check
[2024-06-28T18:17:36.197+0000] {local_task_job_runner.py:222} INFO - ::endgroup::
[2024-06-29T21:39:20.790+0000] {local_task_job_runner.py:120} INFO - ::group::Pre task execution logs
[2024-06-29T21:39:20.799+0000] {taskinstance.py:2076} INFO - Dependencies all met for dep_context=non-requeueable deps ti=<TaskInstance: ecomm_data_pipeline.generate_and_insert_data scheduled__2023-01-01T14:30:00+00:00 [queued]>
[2024-06-29T21:39:20.802+0000] {taskinstance.py:2076} INFO - Dependencies all met for dep_context=requeueable deps ti=<TaskInstance: ecomm_data_pipeline.generate_and_insert_data scheduled__2023-01-01T14:30:00+00:00 [queued]>
[2024-06-29T21:39:20.802+0000] {taskinstance.py:2306} INFO - Starting attempt 1 of 2
[2024-06-29T21:39:20.807+0000] {taskinstance.py:2330} INFO - Executing <Task(PythonOperator): generate_and_insert_data> on 2023-01-01 14:30:00+00:00
[2024-06-29T21:39:20.808+0000] {standard_task_runner.py:63} INFO - Started process 1304 to run task
[2024-06-29T21:39:20.809+0000] {standard_task_runner.py:90} INFO - Running: ['airflow', 'tasks', 'run', 'ecomm_data_pipeline', 'generate_and_insert_data', 'scheduled__2023-01-01T14:30:00+00:00', '--job-id', '89', '--raw', '--subdir', 'DAGS_FOLDER/ecomm_dag.py', '--cfg-path', '/tmp/tmp8vk916y5']
[2024-06-29T21:39:20.810+0000] {standard_task_runner.py:91} INFO - Job 89: Subtask generate_and_insert_data
[2024-06-29T21:39:20.827+0000] {task_command.py:426} INFO - Running <TaskInstance: ecomm_data_pipeline.generate_and_insert_data scheduled__2023-01-01T14:30:00+00:00 [running]> on host afcb6fbf9265
[2024-06-29T21:39:20.856+0000] {taskinstance.py:2648} INFO - Exporting env vars: AIRFLOW_CTX_DAG_OWNER='airflow' AIRFLOW_CTX_DAG_ID='ecomm_data_pipeline' AIRFLOW_CTX_TASK_ID='generate_and_insert_data' AIRFLOW_CTX_EXECUTION_DATE='2023-01-01T14:30:00+00:00' AIRFLOW_CTX_TRY_NUMBER='1' AIRFLOW_CTX_DAG_RUN_ID='scheduled__2023-01-01T14:30:00+00:00'
[2024-06-29T21:39:20.856+0000] {taskinstance.py:430} INFO - ::endgroup::
[2024-06-29T21:39:20.915+0000] {logging_mixin.py:188} INFO - Error in generate_and_insert_data: Command '['python3', '/opt/airflow/generator/ecomm_generator.py']' returned non-zero exit status 1.
[2024-06-29T21:39:20.916+0000] {logging_mixin.py:188} INFO - stdout: 
[2024-06-29T21:39:20.916+0000] {logging_mixin.py:188} INFO - stderr: Traceback (most recent call last):
  File "/opt/airflow/generator/ecomm_generator.py", line 4, in <module>
    from faker import Faker
ModuleNotFoundError: No module named 'faker'
[2024-06-29T21:39:20.916+0000] {python.py:237} INFO - Done. Returned value was: None
[2024-06-29T21:39:20.916+0000] {taskinstance.py:441} INFO - ::group::Post task execution logs
[2024-06-29T21:39:20.921+0000] {taskinstance.py:1206} INFO - Marking task as SUCCESS. dag_id=ecomm_data_pipeline, task_id=generate_and_insert_data, run_id=scheduled__2023-01-01T14:30:00+00:00, execution_date=20230101T143000, start_date=20240629T213920, end_date=20240629T213920
[2024-06-29T21:39:20.960+0000] {local_task_job_runner.py:240} INFO - Task exited with return code 0
[2024-06-29T21:39:20.967+0000] {taskinstance.py:3503} INFO - 0 downstream tasks scheduled from follow-on schedule check
[2024-06-29T21:39:20.967+0000] {local_task_job_runner.py:222} INFO - ::endgroup::
[2024-06-29T22:03:08.887+0000] {local_task_job_runner.py:120} INFO - ::group::Pre task execution logs
[2024-06-29T22:03:08.897+0000] {taskinstance.py:2076} INFO - Dependencies all met for dep_context=non-requeueable deps ti=<TaskInstance: ecomm_data_pipeline.generate_and_insert_data scheduled__2023-01-01T14:30:00+00:00 [queued]>
[2024-06-29T22:03:08.899+0000] {taskinstance.py:2076} INFO - Dependencies all met for dep_context=requeueable deps ti=<TaskInstance: ecomm_data_pipeline.generate_and_insert_data scheduled__2023-01-01T14:30:00+00:00 [queued]>
[2024-06-29T22:03:08.900+0000] {taskinstance.py:2306} INFO - Starting attempt 1 of 2
[2024-06-29T22:03:08.904+0000] {taskinstance.py:2330} INFO - Executing <Task(PythonOperator): generate_and_insert_data> on 2023-01-01 14:30:00+00:00
[2024-06-29T22:03:08.906+0000] {standard_task_runner.py:63} INFO - Started process 1304 to run task
[2024-06-29T22:03:08.907+0000] {standard_task_runner.py:90} INFO - Running: ['airflow', 'tasks', 'run', 'ecomm_data_pipeline', 'generate_and_insert_data', 'scheduled__2023-01-01T14:30:00+00:00', '--job-id', '89', '--raw', '--subdir', 'DAGS_FOLDER/ecomm_dag.py', '--cfg-path', '/tmp/tmpc4m2z6aj']
[2024-06-29T22:03:08.908+0000] {standard_task_runner.py:91} INFO - Job 89: Subtask generate_and_insert_data
[2024-06-29T22:03:08.925+0000] {task_command.py:426} INFO - Running <TaskInstance: ecomm_data_pipeline.generate_and_insert_data scheduled__2023-01-01T14:30:00+00:00 [running]> on host 799998b0d26e
[2024-06-29T22:03:08.953+0000] {taskinstance.py:2648} INFO - Exporting env vars: AIRFLOW_CTX_DAG_OWNER='airflow' AIRFLOW_CTX_DAG_ID='ecomm_data_pipeline' AIRFLOW_CTX_TASK_ID='generate_and_insert_data' AIRFLOW_CTX_EXECUTION_DATE='2023-01-01T14:30:00+00:00' AIRFLOW_CTX_TRY_NUMBER='1' AIRFLOW_CTX_DAG_RUN_ID='scheduled__2023-01-01T14:30:00+00:00'
[2024-06-29T22:03:08.954+0000] {taskinstance.py:430} INFO - ::endgroup::
[2024-06-29T22:03:09.010+0000] {logging_mixin.py:188} INFO - Error in generate_and_insert_data: Command '['python3', '/opt/airflow/generator/ecomm_generator.py']' returned non-zero exit status 1.
[2024-06-29T22:03:09.010+0000] {logging_mixin.py:188} INFO - stdout: 
[2024-06-29T22:03:09.011+0000] {logging_mixin.py:188} INFO - stderr: Traceback (most recent call last):
  File "/opt/airflow/generator/ecomm_generator.py", line 4, in <module>
    from faker import Faker
ModuleNotFoundError: No module named 'faker'
[2024-06-29T22:03:09.011+0000] {python.py:237} INFO - Done. Returned value was: None
[2024-06-29T22:03:09.011+0000] {taskinstance.py:441} INFO - ::group::Post task execution logs
[2024-06-29T22:03:09.016+0000] {taskinstance.py:1206} INFO - Marking task as SUCCESS. dag_id=ecomm_data_pipeline, task_id=generate_and_insert_data, run_id=scheduled__2023-01-01T14:30:00+00:00, execution_date=20230101T143000, start_date=20240629T220308, end_date=20240629T220309
[2024-06-29T22:03:09.053+0000] {local_task_job_runner.py:240} INFO - Task exited with return code 0
[2024-06-29T22:03:09.060+0000] {taskinstance.py:3503} INFO - 0 downstream tasks scheduled from follow-on schedule check
[2024-06-29T22:03:09.060+0000] {local_task_job_runner.py:222} INFO - ::endgroup::
