[2024-06-27T22:36:45.414+0000] {local_task_job_runner.py:120} INFO - ::group::Pre task execution logs
[2024-06-27T22:36:45.424+0000] {taskinstance.py:2076} INFO - Dependencies all met for dep_context=non-requeueable deps ti=<TaskInstance: ecomm_data_pipeline.generate_and_insert_data scheduled__2023-01-01T19:00:00+00:00 [queued]>
[2024-06-27T22:36:45.426+0000] {taskinstance.py:2076} INFO - Dependencies all met for dep_context=requeueable deps ti=<TaskInstance: ecomm_data_pipeline.generate_and_insert_data scheduled__2023-01-01T19:00:00+00:00 [queued]>
[2024-06-27T22:36:45.426+0000] {taskinstance.py:2306} INFO - Starting attempt 1 of 2
[2024-06-27T22:36:45.431+0000] {taskinstance.py:2330} INFO - Executing <Task(PythonOperator): generate_and_insert_data> on 2023-01-01 19:00:00+00:00
[2024-06-27T22:36:45.432+0000] {standard_task_runner.py:63} INFO - Started process 1930 to run task
[2024-06-27T22:36:45.433+0000] {standard_task_runner.py:90} INFO - Running: ['airflow', 'tasks', 'run', 'ecomm_data_pipeline', 'generate_and_insert_data', 'scheduled__2023-01-01T19:00:00+00:00', '--job-id', '133', '--raw', '--subdir', 'DAGS_FOLDER/ecomm_dag.py', '--cfg-path', '/tmp/tmplqqk3jx7']
[2024-06-27T22:36:45.434+0000] {standard_task_runner.py:91} INFO - Job 133: Subtask generate_and_insert_data
[2024-06-27T22:36:45.453+0000] {task_command.py:426} INFO - Running <TaskInstance: ecomm_data_pipeline.generate_and_insert_data scheduled__2023-01-01T19:00:00+00:00 [running]> on host 9174587f6b1d
[2024-06-27T22:36:45.495+0000] {taskinstance.py:2648} INFO - Exporting env vars: AIRFLOW_CTX_DAG_OWNER='airflow' AIRFLOW_CTX_DAG_ID='ecomm_data_pipeline' AIRFLOW_CTX_TASK_ID='generate_and_insert_data' AIRFLOW_CTX_EXECUTION_DATE='2023-01-01T19:00:00+00:00' AIRFLOW_CTX_TRY_NUMBER='1' AIRFLOW_CTX_DAG_RUN_ID='scheduled__2023-01-01T19:00:00+00:00'
[2024-06-27T22:36:45.495+0000] {taskinstance.py:430} INFO - ::endgroup::
[2024-06-27T22:36:45.529+0000] {logging_mixin.py:188} INFO - Error in generate_and_insert_data: Command '['python3', './generator/ecomm_generator.py']' returned non-zero exit status 2.
[2024-06-27T22:36:45.529+0000] {python.py:237} INFO - Done. Returned value was: None
[2024-06-27T22:36:45.529+0000] {taskinstance.py:441} INFO - ::group::Post task execution logs
[2024-06-27T22:36:45.534+0000] {taskinstance.py:1206} INFO - Marking task as SUCCESS. dag_id=ecomm_data_pipeline, task_id=generate_and_insert_data, run_id=scheduled__2023-01-01T19:00:00+00:00, execution_date=20230101T190000, start_date=20240627T223645, end_date=20240627T223645
[2024-06-27T22:36:45.576+0000] {local_task_job_runner.py:240} INFO - Task exited with return code 0
[2024-06-27T22:36:45.584+0000] {taskinstance.py:3503} INFO - 0 downstream tasks scheduled from follow-on schedule check
[2024-06-27T22:36:45.584+0000] {local_task_job_runner.py:222} INFO - ::endgroup::
[2024-06-29T21:40:12.055+0000] {local_task_job_runner.py:120} INFO - ::group::Pre task execution logs
[2024-06-29T21:40:12.066+0000] {taskinstance.py:2076} INFO - Dependencies all met for dep_context=non-requeueable deps ti=<TaskInstance: ecomm_data_pipeline.generate_and_insert_data scheduled__2023-01-01T19:00:00+00:00 [queued]>
[2024-06-29T21:40:12.068+0000] {taskinstance.py:2076} INFO - Dependencies all met for dep_context=requeueable deps ti=<TaskInstance: ecomm_data_pipeline.generate_and_insert_data scheduled__2023-01-01T19:00:00+00:00 [queued]>
[2024-06-29T21:40:12.069+0000] {taskinstance.py:2306} INFO - Starting attempt 1 of 2
[2024-06-29T21:40:12.073+0000] {taskinstance.py:2330} INFO - Executing <Task(PythonOperator): generate_and_insert_data> on 2023-01-01 19:00:00+00:00
[2024-06-29T21:40:12.075+0000] {standard_task_runner.py:63} INFO - Started process 1700 to run task
[2024-06-29T21:40:12.076+0000] {standard_task_runner.py:90} INFO - Running: ['airflow', 'tasks', 'run', 'ecomm_data_pipeline', 'generate_and_insert_data', 'scheduled__2023-01-01T19:00:00+00:00', '--job-id', '116', '--raw', '--subdir', 'DAGS_FOLDER/ecomm_dag.py', '--cfg-path', '/tmp/tmpgpx5h4s4']
[2024-06-29T21:40:12.077+0000] {standard_task_runner.py:91} INFO - Job 116: Subtask generate_and_insert_data
[2024-06-29T21:40:12.095+0000] {task_command.py:426} INFO - Running <TaskInstance: ecomm_data_pipeline.generate_and_insert_data scheduled__2023-01-01T19:00:00+00:00 [running]> on host afcb6fbf9265
[2024-06-29T21:40:12.126+0000] {taskinstance.py:2648} INFO - Exporting env vars: AIRFLOW_CTX_DAG_OWNER='airflow' AIRFLOW_CTX_DAG_ID='ecomm_data_pipeline' AIRFLOW_CTX_TASK_ID='generate_and_insert_data' AIRFLOW_CTX_EXECUTION_DATE='2023-01-01T19:00:00+00:00' AIRFLOW_CTX_TRY_NUMBER='1' AIRFLOW_CTX_DAG_RUN_ID='scheduled__2023-01-01T19:00:00+00:00'
[2024-06-29T21:40:12.126+0000] {taskinstance.py:430} INFO - ::endgroup::
[2024-06-29T21:40:12.182+0000] {logging_mixin.py:188} INFO - Error in generate_and_insert_data: Command '['python3', '/opt/airflow/generator/ecomm_generator.py']' returned non-zero exit status 1.
[2024-06-29T21:40:12.182+0000] {logging_mixin.py:188} INFO - stdout: 
[2024-06-29T21:40:12.183+0000] {logging_mixin.py:188} INFO - stderr: Traceback (most recent call last):
  File "/opt/airflow/generator/ecomm_generator.py", line 4, in <module>
    from faker import Faker
ModuleNotFoundError: No module named 'faker'
[2024-06-29T21:40:12.183+0000] {python.py:237} INFO - Done. Returned value was: None
[2024-06-29T21:40:12.183+0000] {taskinstance.py:441} INFO - ::group::Post task execution logs
[2024-06-29T21:40:12.188+0000] {taskinstance.py:1206} INFO - Marking task as SUCCESS. dag_id=ecomm_data_pipeline, task_id=generate_and_insert_data, run_id=scheduled__2023-01-01T19:00:00+00:00, execution_date=20230101T190000, start_date=20240629T214012, end_date=20240629T214012
[2024-06-29T21:40:12.219+0000] {local_task_job_runner.py:240} INFO - Task exited with return code 0
[2024-06-29T21:40:12.226+0000] {taskinstance.py:3503} INFO - 0 downstream tasks scheduled from follow-on schedule check
[2024-06-29T21:40:12.227+0000] {local_task_job_runner.py:222} INFO - ::endgroup::
[2024-06-29T22:04:00.391+0000] {local_task_job_runner.py:120} INFO - ::group::Pre task execution logs
[2024-06-29T22:04:00.401+0000] {taskinstance.py:2076} INFO - Dependencies all met for dep_context=non-requeueable deps ti=<TaskInstance: ecomm_data_pipeline.generate_and_insert_data scheduled__2023-01-01T19:00:00+00:00 [queued]>
[2024-06-29T22:04:00.404+0000] {taskinstance.py:2076} INFO - Dependencies all met for dep_context=requeueable deps ti=<TaskInstance: ecomm_data_pipeline.generate_and_insert_data scheduled__2023-01-01T19:00:00+00:00 [queued]>
[2024-06-29T22:04:00.404+0000] {taskinstance.py:2306} INFO - Starting attempt 1 of 2
[2024-06-29T22:04:00.408+0000] {taskinstance.py:2330} INFO - Executing <Task(PythonOperator): generate_and_insert_data> on 2023-01-01 19:00:00+00:00
[2024-06-29T22:04:00.410+0000] {standard_task_runner.py:63} INFO - Started process 1700 to run task
[2024-06-29T22:04:00.411+0000] {standard_task_runner.py:90} INFO - Running: ['airflow', 'tasks', 'run', 'ecomm_data_pipeline', 'generate_and_insert_data', 'scheduled__2023-01-01T19:00:00+00:00', '--job-id', '116', '--raw', '--subdir', 'DAGS_FOLDER/ecomm_dag.py', '--cfg-path', '/tmp/tmpvrijedi9']
[2024-06-29T22:04:00.412+0000] {standard_task_runner.py:91} INFO - Job 116: Subtask generate_and_insert_data
[2024-06-29T22:04:00.429+0000] {task_command.py:426} INFO - Running <TaskInstance: ecomm_data_pipeline.generate_and_insert_data scheduled__2023-01-01T19:00:00+00:00 [running]> on host 799998b0d26e
[2024-06-29T22:04:00.459+0000] {taskinstance.py:2648} INFO - Exporting env vars: AIRFLOW_CTX_DAG_OWNER='airflow' AIRFLOW_CTX_DAG_ID='ecomm_data_pipeline' AIRFLOW_CTX_TASK_ID='generate_and_insert_data' AIRFLOW_CTX_EXECUTION_DATE='2023-01-01T19:00:00+00:00' AIRFLOW_CTX_TRY_NUMBER='1' AIRFLOW_CTX_DAG_RUN_ID='scheduled__2023-01-01T19:00:00+00:00'
[2024-06-29T22:04:00.459+0000] {taskinstance.py:430} INFO - ::endgroup::
[2024-06-29T22:04:00.517+0000] {logging_mixin.py:188} INFO - Error in generate_and_insert_data: Command '['python3', '/opt/airflow/generator/ecomm_generator.py']' returned non-zero exit status 1.
[2024-06-29T22:04:00.517+0000] {logging_mixin.py:188} INFO - stdout: 
[2024-06-29T22:04:00.517+0000] {logging_mixin.py:188} INFO - stderr: Traceback (most recent call last):
  File "/opt/airflow/generator/ecomm_generator.py", line 4, in <module>
    from faker import Faker
ModuleNotFoundError: No module named 'faker'
[2024-06-29T22:04:00.518+0000] {python.py:237} INFO - Done. Returned value was: None
[2024-06-29T22:04:00.518+0000] {taskinstance.py:441} INFO - ::group::Post task execution logs
[2024-06-29T22:04:00.523+0000] {taskinstance.py:1206} INFO - Marking task as SUCCESS. dag_id=ecomm_data_pipeline, task_id=generate_and_insert_data, run_id=scheduled__2023-01-01T19:00:00+00:00, execution_date=20230101T190000, start_date=20240629T220400, end_date=20240629T220400
[2024-06-29T22:04:00.557+0000] {local_task_job_runner.py:240} INFO - Task exited with return code 0
[2024-06-29T22:04:00.564+0000] {taskinstance.py:3503} INFO - 0 downstream tasks scheduled from follow-on schedule check
[2024-06-29T22:04:00.565+0000] {local_task_job_runner.py:222} INFO - ::endgroup::
