[2024-06-27T22:32:50.958+0000] {local_task_job_runner.py:120} INFO - ::group::Pre task execution logs
[2024-06-27T22:32:50.968+0000] {taskinstance.py:2076} INFO - Dependencies all met for dep_context=non-requeueable deps ti=<TaskInstance: ecomm_data_pipeline.generate_and_insert_data scheduled__2023-01-01T00:10:00+00:00 [queued]>
[2024-06-27T22:32:50.970+0000] {taskinstance.py:2076} INFO - Dependencies all met for dep_context=requeueable deps ti=<TaskInstance: ecomm_data_pipeline.generate_and_insert_data scheduled__2023-01-01T00:10:00+00:00 [queued]>
[2024-06-27T22:32:50.970+0000] {taskinstance.py:2306} INFO - Starting attempt 1 of 2
[2024-06-27T22:32:50.975+0000] {taskinstance.py:2330} INFO - Executing <Task(PythonOperator): generate_and_insert_data> on 2023-01-01 00:10:00+00:00
[2024-06-27T22:32:50.976+0000] {standard_task_runner.py:63} INFO - Started process 70 to run task
[2024-06-27T22:32:50.977+0000] {standard_task_runner.py:90} INFO - Running: ['airflow', 'tasks', 'run', 'ecomm_data_pipeline', 'generate_and_insert_data', 'scheduled__2023-01-01T00:10:00+00:00', '--job-id', '4', '--raw', '--subdir', 'DAGS_FOLDER/ecomm_dag.py', '--cfg-path', '/tmp/tmp6fkylm46']
[2024-06-27T22:32:50.978+0000] {standard_task_runner.py:91} INFO - Job 4: Subtask generate_and_insert_data
[2024-06-27T22:32:50.994+0000] {task_command.py:426} INFO - Running <TaskInstance: ecomm_data_pipeline.generate_and_insert_data scheduled__2023-01-01T00:10:00+00:00 [running]> on host 9174587f6b1d
[2024-06-27T22:32:51.021+0000] {taskinstance.py:2648} INFO - Exporting env vars: AIRFLOW_CTX_DAG_OWNER='airflow' AIRFLOW_CTX_DAG_ID='ecomm_data_pipeline' AIRFLOW_CTX_TASK_ID='generate_and_insert_data' AIRFLOW_CTX_EXECUTION_DATE='2023-01-01T00:10:00+00:00' AIRFLOW_CTX_TRY_NUMBER='1' AIRFLOW_CTX_DAG_RUN_ID='scheduled__2023-01-01T00:10:00+00:00'
[2024-06-27T22:32:51.022+0000] {taskinstance.py:430} INFO - ::endgroup::
[2024-06-27T22:32:51.054+0000] {logging_mixin.py:188} INFO - Error in generate_and_insert_data: Command '['python3', './generator/ecomm_generator.py']' returned non-zero exit status 2.
[2024-06-27T22:32:51.054+0000] {python.py:237} INFO - Done. Returned value was: None
[2024-06-27T22:32:51.054+0000] {taskinstance.py:441} INFO - ::group::Post task execution logs
[2024-06-27T22:32:51.059+0000] {taskinstance.py:1206} INFO - Marking task as SUCCESS. dag_id=ecomm_data_pipeline, task_id=generate_and_insert_data, run_id=scheduled__2023-01-01T00:10:00+00:00, execution_date=20230101T001000, start_date=20240627T223250, end_date=20240627T223251
[2024-06-27T22:32:51.075+0000] {local_task_job_runner.py:240} INFO - Task exited with return code 0
[2024-06-27T22:32:51.082+0000] {taskinstance.py:3503} INFO - 0 downstream tasks scheduled from follow-on schedule check
[2024-06-27T22:32:51.082+0000] {local_task_job_runner.py:222} INFO - ::endgroup::
[2024-06-27T22:51:41.391+0000] {local_task_job_runner.py:120} INFO - ::group::Pre task execution logs
[2024-06-27T22:51:41.401+0000] {taskinstance.py:2076} INFO - Dependencies all met for dep_context=non-requeueable deps ti=<TaskInstance: ecomm_data_pipeline.generate_and_insert_data scheduled__2023-01-01T00:10:00+00:00 [queued]>
[2024-06-27T22:51:41.404+0000] {taskinstance.py:2076} INFO - Dependencies all met for dep_context=requeueable deps ti=<TaskInstance: ecomm_data_pipeline.generate_and_insert_data scheduled__2023-01-01T00:10:00+00:00 [queued]>
[2024-06-27T22:51:41.404+0000] {taskinstance.py:2306} INFO - Starting attempt 1 of 2
[2024-06-27T22:51:41.408+0000] {taskinstance.py:2330} INFO - Executing <Task(PythonOperator): generate_and_insert_data> on 2023-01-01 00:10:00+00:00
[2024-06-27T22:51:41.410+0000] {standard_task_runner.py:63} INFO - Started process 70 to run task
[2024-06-27T22:51:41.411+0000] {standard_task_runner.py:90} INFO - Running: ['airflow', 'tasks', 'run', 'ecomm_data_pipeline', 'generate_and_insert_data', 'scheduled__2023-01-01T00:10:00+00:00', '--job-id', '4', '--raw', '--subdir', 'DAGS_FOLDER/ecomm_dag.py', '--cfg-path', '/tmp/tmp_nje5ot1']
[2024-06-27T22:51:41.411+0000] {standard_task_runner.py:91} INFO - Job 4: Subtask generate_and_insert_data
[2024-06-27T22:51:41.428+0000] {task_command.py:426} INFO - Running <TaskInstance: ecomm_data_pipeline.generate_and_insert_data scheduled__2023-01-01T00:10:00+00:00 [running]> on host a70edf9d8581
[2024-06-27T22:51:41.455+0000] {taskinstance.py:2648} INFO - Exporting env vars: AIRFLOW_CTX_DAG_OWNER='airflow' AIRFLOW_CTX_DAG_ID='ecomm_data_pipeline' AIRFLOW_CTX_TASK_ID='generate_and_insert_data' AIRFLOW_CTX_EXECUTION_DATE='2023-01-01T00:10:00+00:00' AIRFLOW_CTX_TRY_NUMBER='1' AIRFLOW_CTX_DAG_RUN_ID='scheduled__2023-01-01T00:10:00+00:00'
[2024-06-27T22:51:41.455+0000] {taskinstance.py:430} INFO - ::endgroup::
[2024-06-27T22:51:41.486+0000] {logging_mixin.py:188} INFO - Error in generate_and_insert_data: Command '['python3', './generator/ecomm_generator.py']' returned non-zero exit status 2.
[2024-06-27T22:51:41.486+0000] {logging_mixin.py:188} INFO - stdout: 
[2024-06-27T22:51:41.486+0000] {logging_mixin.py:188} INFO - stderr: python3: can't open file '/opt/airflow/./generator/ecomm_generator.py': [Errno 2] No such file or directory
[2024-06-27T22:51:41.487+0000] {python.py:237} INFO - Done. Returned value was: None
[2024-06-27T22:51:41.487+0000] {taskinstance.py:441} INFO - ::group::Post task execution logs
[2024-06-27T22:51:41.491+0000] {taskinstance.py:1206} INFO - Marking task as SUCCESS. dag_id=ecomm_data_pipeline, task_id=generate_and_insert_data, run_id=scheduled__2023-01-01T00:10:00+00:00, execution_date=20230101T001000, start_date=20240627T225141, end_date=20240627T225141
[2024-06-27T22:51:41.512+0000] {local_task_job_runner.py:240} INFO - Task exited with return code 0
[2024-06-27T22:51:41.519+0000] {taskinstance.py:3503} INFO - 0 downstream tasks scheduled from follow-on schedule check
[2024-06-27T22:51:41.519+0000] {local_task_job_runner.py:222} INFO - ::endgroup::
[2024-06-27T22:59:24.301+0000] {local_task_job_runner.py:120} INFO - ::group::Pre task execution logs
[2024-06-27T22:59:24.311+0000] {taskinstance.py:2076} INFO - Dependencies all met for dep_context=non-requeueable deps ti=<TaskInstance: ecomm_data_pipeline.generate_and_insert_data scheduled__2023-01-01T00:10:00+00:00 [queued]>
[2024-06-27T22:59:24.313+0000] {taskinstance.py:2076} INFO - Dependencies all met for dep_context=requeueable deps ti=<TaskInstance: ecomm_data_pipeline.generate_and_insert_data scheduled__2023-01-01T00:10:00+00:00 [queued]>
[2024-06-27T22:59:24.313+0000] {taskinstance.py:2306} INFO - Starting attempt 1 of 2
[2024-06-27T22:59:24.317+0000] {taskinstance.py:2330} INFO - Executing <Task(PythonOperator): generate_and_insert_data> on 2023-01-01 00:10:00+00:00
[2024-06-27T22:59:24.319+0000] {standard_task_runner.py:63} INFO - Started process 70 to run task
[2024-06-27T22:59:24.320+0000] {standard_task_runner.py:90} INFO - Running: ['airflow', 'tasks', 'run', 'ecomm_data_pipeline', 'generate_and_insert_data', 'scheduled__2023-01-01T00:10:00+00:00', '--job-id', '4', '--raw', '--subdir', 'DAGS_FOLDER/ecomm_dag.py', '--cfg-path', '/tmp/tmp1rwq3xhq']
[2024-06-27T22:59:24.320+0000] {standard_task_runner.py:91} INFO - Job 4: Subtask generate_and_insert_data
[2024-06-27T22:59:24.336+0000] {task_command.py:426} INFO - Running <TaskInstance: ecomm_data_pipeline.generate_and_insert_data scheduled__2023-01-01T00:10:00+00:00 [running]> on host 5cc71d4b298c
[2024-06-27T22:59:24.363+0000] {taskinstance.py:2648} INFO - Exporting env vars: AIRFLOW_CTX_DAG_OWNER='airflow' AIRFLOW_CTX_DAG_ID='ecomm_data_pipeline' AIRFLOW_CTX_TASK_ID='generate_and_insert_data' AIRFLOW_CTX_EXECUTION_DATE='2023-01-01T00:10:00+00:00' AIRFLOW_CTX_TRY_NUMBER='1' AIRFLOW_CTX_DAG_RUN_ID='scheduled__2023-01-01T00:10:00+00:00'
[2024-06-27T22:59:24.364+0000] {taskinstance.py:430} INFO - ::endgroup::
[2024-06-27T22:59:24.417+0000] {logging_mixin.py:188} INFO - Error in generate_and_insert_data: Command '['python3', '/opt/airflow/generator/ecomm_generator.py']' returned non-zero exit status 1.
[2024-06-27T22:59:24.417+0000] {logging_mixin.py:188} INFO - stdout: 
[2024-06-27T22:59:24.418+0000] {logging_mixin.py:188} INFO - stderr: Traceback (most recent call last):
  File "/opt/airflow/generator/ecomm_generator.py", line 4, in <module>
    from faker import Faker
ModuleNotFoundError: No module named 'faker'
[2024-06-27T22:59:24.418+0000] {python.py:237} INFO - Done. Returned value was: None
[2024-06-27T22:59:24.418+0000] {taskinstance.py:441} INFO - ::group::Post task execution logs
[2024-06-27T22:59:24.423+0000] {taskinstance.py:1206} INFO - Marking task as SUCCESS. dag_id=ecomm_data_pipeline, task_id=generate_and_insert_data, run_id=scheduled__2023-01-01T00:10:00+00:00, execution_date=20230101T001000, start_date=20240627T225924, end_date=20240627T225924
[2024-06-27T22:59:24.465+0000] {local_task_job_runner.py:240} INFO - Task exited with return code 0
[2024-06-27T22:59:24.471+0000] {taskinstance.py:3503} INFO - 0 downstream tasks scheduled from follow-on schedule check
[2024-06-27T22:59:24.472+0000] {local_task_job_runner.py:222} INFO - ::endgroup::
[2024-06-27T23:09:03.932+0000] {local_task_job_runner.py:120} INFO - ::group::Pre task execution logs
[2024-06-27T23:09:03.942+0000] {taskinstance.py:2076} INFO - Dependencies all met for dep_context=non-requeueable deps ti=<TaskInstance: ecomm_data_pipeline.generate_and_insert_data scheduled__2023-01-01T00:10:00+00:00 [queued]>
[2024-06-27T23:09:03.944+0000] {taskinstance.py:2076} INFO - Dependencies all met for dep_context=requeueable deps ti=<TaskInstance: ecomm_data_pipeline.generate_and_insert_data scheduled__2023-01-01T00:10:00+00:00 [queued]>
[2024-06-27T23:09:03.944+0000] {taskinstance.py:2306} INFO - Starting attempt 1 of 2
[2024-06-27T23:09:03.948+0000] {taskinstance.py:2330} INFO - Executing <Task(PythonOperator): generate_and_insert_data> on 2023-01-01 00:10:00+00:00
[2024-06-27T23:09:03.950+0000] {standard_task_runner.py:63} INFO - Started process 70 to run task
[2024-06-27T23:09:03.951+0000] {standard_task_runner.py:90} INFO - Running: ['airflow', 'tasks', 'run', 'ecomm_data_pipeline', 'generate_and_insert_data', 'scheduled__2023-01-01T00:10:00+00:00', '--job-id', '4', '--raw', '--subdir', 'DAGS_FOLDER/ecomm_dag.py', '--cfg-path', '/tmp/tmpz7zywi64']
[2024-06-27T23:09:03.952+0000] {standard_task_runner.py:91} INFO - Job 4: Subtask generate_and_insert_data
[2024-06-27T23:09:03.970+0000] {task_command.py:426} INFO - Running <TaskInstance: ecomm_data_pipeline.generate_and_insert_data scheduled__2023-01-01T00:10:00+00:00 [running]> on host 7147f8a4dc9f
[2024-06-27T23:09:03.999+0000] {taskinstance.py:2648} INFO - Exporting env vars: AIRFLOW_CTX_DAG_OWNER='airflow' AIRFLOW_CTX_DAG_ID='ecomm_data_pipeline' AIRFLOW_CTX_TASK_ID='generate_and_insert_data' AIRFLOW_CTX_EXECUTION_DATE='2023-01-01T00:10:00+00:00' AIRFLOW_CTX_TRY_NUMBER='1' AIRFLOW_CTX_DAG_RUN_ID='scheduled__2023-01-01T00:10:00+00:00'
[2024-06-27T23:09:03.999+0000] {taskinstance.py:430} INFO - ::endgroup::
[2024-06-27T23:09:04.053+0000] {logging_mixin.py:188} INFO - Error in generate_and_insert_data: Command '['python3', '/opt/airflow/generator/ecomm_generator.py']' returned non-zero exit status 1.
[2024-06-27T23:09:04.053+0000] {logging_mixin.py:188} INFO - stdout: 
[2024-06-27T23:09:04.053+0000] {logging_mixin.py:188} INFO - stderr: Traceback (most recent call last):
  File "/opt/airflow/generator/ecomm_generator.py", line 4, in <module>
    from faker import Faker
ModuleNotFoundError: No module named 'faker'
[2024-06-27T23:09:04.054+0000] {python.py:237} INFO - Done. Returned value was: None
[2024-06-27T23:09:04.054+0000] {taskinstance.py:441} INFO - ::group::Post task execution logs
[2024-06-27T23:09:04.058+0000] {taskinstance.py:1206} INFO - Marking task as SUCCESS. dag_id=ecomm_data_pipeline, task_id=generate_and_insert_data, run_id=scheduled__2023-01-01T00:10:00+00:00, execution_date=20230101T001000, start_date=20240627T230903, end_date=20240627T230904
[2024-06-27T23:09:04.098+0000] {local_task_job_runner.py:240} INFO - Task exited with return code 0
[2024-06-27T23:09:04.105+0000] {taskinstance.py:3503} INFO - 0 downstream tasks scheduled from follow-on schedule check
[2024-06-27T23:09:04.105+0000] {local_task_job_runner.py:222} INFO - ::endgroup::
[2024-06-27T23:12:41.627+0000] {local_task_job_runner.py:120} INFO - ::group::Pre task execution logs
[2024-06-27T23:12:41.637+0000] {taskinstance.py:2076} INFO - Dependencies all met for dep_context=non-requeueable deps ti=<TaskInstance: ecomm_data_pipeline.generate_and_insert_data scheduled__2023-01-01T00:10:00+00:00 [queued]>
[2024-06-27T23:12:41.639+0000] {taskinstance.py:2076} INFO - Dependencies all met for dep_context=requeueable deps ti=<TaskInstance: ecomm_data_pipeline.generate_and_insert_data scheduled__2023-01-01T00:10:00+00:00 [queued]>
[2024-06-27T23:12:41.639+0000] {taskinstance.py:2306} INFO - Starting attempt 1 of 2
[2024-06-27T23:12:41.644+0000] {taskinstance.py:2330} INFO - Executing <Task(PythonOperator): generate_and_insert_data> on 2023-01-01 00:10:00+00:00
[2024-06-27T23:12:41.645+0000] {standard_task_runner.py:63} INFO - Started process 70 to run task
[2024-06-27T23:12:41.646+0000] {standard_task_runner.py:90} INFO - Running: ['airflow', 'tasks', 'run', 'ecomm_data_pipeline', 'generate_and_insert_data', 'scheduled__2023-01-01T00:10:00+00:00', '--job-id', '4', '--raw', '--subdir', 'DAGS_FOLDER/ecomm_dag.py', '--cfg-path', '/tmp/tmp6btbvag1']
[2024-06-27T23:12:41.647+0000] {standard_task_runner.py:91} INFO - Job 4: Subtask generate_and_insert_data
[2024-06-27T23:12:41.665+0000] {task_command.py:426} INFO - Running <TaskInstance: ecomm_data_pipeline.generate_and_insert_data scheduled__2023-01-01T00:10:00+00:00 [running]> on host 4bd55eb76a74
[2024-06-27T23:12:41.697+0000] {taskinstance.py:2648} INFO - Exporting env vars: AIRFLOW_CTX_DAG_OWNER='airflow' AIRFLOW_CTX_DAG_ID='ecomm_data_pipeline' AIRFLOW_CTX_TASK_ID='generate_and_insert_data' AIRFLOW_CTX_EXECUTION_DATE='2023-01-01T00:10:00+00:00' AIRFLOW_CTX_TRY_NUMBER='1' AIRFLOW_CTX_DAG_RUN_ID='scheduled__2023-01-01T00:10:00+00:00'
[2024-06-27T23:12:41.697+0000] {taskinstance.py:430} INFO - ::endgroup::
[2024-06-27T23:12:41.755+0000] {logging_mixin.py:188} INFO - Error in generate_and_insert_data: Command '['python3', '/opt/airflow/generator/ecomm_generator.py']' returned non-zero exit status 1.
[2024-06-27T23:12:41.755+0000] {logging_mixin.py:188} INFO - stdout: 
[2024-06-27T23:12:41.755+0000] {logging_mixin.py:188} INFO - stderr: Traceback (most recent call last):
  File "/opt/airflow/generator/ecomm_generator.py", line 4, in <module>
    from faker import Faker
ModuleNotFoundError: No module named 'faker'
[2024-06-27T23:12:41.755+0000] {python.py:237} INFO - Done. Returned value was: None
[2024-06-27T23:12:41.756+0000] {taskinstance.py:441} INFO - ::group::Post task execution logs
[2024-06-27T23:12:41.760+0000] {taskinstance.py:1206} INFO - Marking task as SUCCESS. dag_id=ecomm_data_pipeline, task_id=generate_and_insert_data, run_id=scheduled__2023-01-01T00:10:00+00:00, execution_date=20230101T001000, start_date=20240627T231241, end_date=20240627T231241
[2024-06-27T23:12:41.798+0000] {local_task_job_runner.py:240} INFO - Task exited with return code 0
[2024-06-27T23:12:41.806+0000] {taskinstance.py:3503} INFO - 0 downstream tasks scheduled from follow-on schedule check
[2024-06-27T23:12:41.806+0000] {local_task_job_runner.py:222} INFO - ::endgroup::
[2024-06-27T23:18:35.284+0000] {local_task_job_runner.py:120} INFO - ::group::Pre task execution logs
[2024-06-27T23:18:35.296+0000] {taskinstance.py:2076} INFO - Dependencies all met for dep_context=non-requeueable deps ti=<TaskInstance: ecomm_data_pipeline.generate_and_insert_data scheduled__2023-01-01T00:10:00+00:00 [queued]>
[2024-06-27T23:18:35.298+0000] {taskinstance.py:2076} INFO - Dependencies all met for dep_context=requeueable deps ti=<TaskInstance: ecomm_data_pipeline.generate_and_insert_data scheduled__2023-01-01T00:10:00+00:00 [queued]>
[2024-06-27T23:18:35.298+0000] {taskinstance.py:2306} INFO - Starting attempt 1 of 2
[2024-06-27T23:18:35.303+0000] {taskinstance.py:2330} INFO - Executing <Task(PythonOperator): generate_and_insert_data> on 2023-01-01 00:10:00+00:00
[2024-06-27T23:18:35.305+0000] {standard_task_runner.py:63} INFO - Started process 70 to run task
[2024-06-27T23:18:35.306+0000] {standard_task_runner.py:90} INFO - Running: ['airflow', 'tasks', 'run', 'ecomm_data_pipeline', 'generate_and_insert_data', 'scheduled__2023-01-01T00:10:00+00:00', '--job-id', '4', '--raw', '--subdir', 'DAGS_FOLDER/ecomm_dag.py', '--cfg-path', '/tmp/tmpm6rl4g1z']
[2024-06-27T23:18:35.307+0000] {standard_task_runner.py:91} INFO - Job 4: Subtask generate_and_insert_data
[2024-06-27T23:18:35.324+0000] {task_command.py:426} INFO - Running <TaskInstance: ecomm_data_pipeline.generate_and_insert_data scheduled__2023-01-01T00:10:00+00:00 [running]> on host 73964f870a02
[2024-06-27T23:18:35.355+0000] {taskinstance.py:2648} INFO - Exporting env vars: AIRFLOW_CTX_DAG_OWNER='airflow' AIRFLOW_CTX_DAG_ID='ecomm_data_pipeline' AIRFLOW_CTX_TASK_ID='generate_and_insert_data' AIRFLOW_CTX_EXECUTION_DATE='2023-01-01T00:10:00+00:00' AIRFLOW_CTX_TRY_NUMBER='1' AIRFLOW_CTX_DAG_RUN_ID='scheduled__2023-01-01T00:10:00+00:00'
[2024-06-27T23:18:35.355+0000] {taskinstance.py:430} INFO - ::endgroup::
[2024-06-27T23:18:35.416+0000] {logging_mixin.py:188} INFO - Error in generate_and_insert_data: Command '['python3', '/opt/airflow/generator/ecomm_generator.py']' returned non-zero exit status 1.
[2024-06-27T23:18:35.416+0000] {logging_mixin.py:188} INFO - stdout: 
[2024-06-27T23:18:35.417+0000] {logging_mixin.py:188} INFO - stderr: Traceback (most recent call last):
  File "/opt/airflow/generator/ecomm_generator.py", line 4, in <module>
    from faker import Faker
ModuleNotFoundError: No module named 'faker'
[2024-06-27T23:18:35.417+0000] {python.py:237} INFO - Done. Returned value was: None
[2024-06-27T23:18:35.417+0000] {taskinstance.py:441} INFO - ::group::Post task execution logs
[2024-06-27T23:18:35.422+0000] {taskinstance.py:1206} INFO - Marking task as SUCCESS. dag_id=ecomm_data_pipeline, task_id=generate_and_insert_data, run_id=scheduled__2023-01-01T00:10:00+00:00, execution_date=20230101T001000, start_date=20240627T231835, end_date=20240627T231835
[2024-06-27T23:18:35.449+0000] {local_task_job_runner.py:240} INFO - Task exited with return code 0
[2024-06-27T23:18:35.455+0000] {taskinstance.py:3503} INFO - 0 downstream tasks scheduled from follow-on schedule check
[2024-06-27T23:18:35.456+0000] {local_task_job_runner.py:222} INFO - ::endgroup::
[2024-06-28T18:12:59.487+0000] {local_task_job_runner.py:120} INFO - ::group::Pre task execution logs
[2024-06-28T18:12:59.498+0000] {taskinstance.py:2076} INFO - Dependencies all met for dep_context=non-requeueable deps ti=<TaskInstance: ecomm_data_pipeline.generate_and_insert_data scheduled__2023-01-01T00:10:00+00:00 [queued]>
[2024-06-28T18:12:59.500+0000] {taskinstance.py:2076} INFO - Dependencies all met for dep_context=requeueable deps ti=<TaskInstance: ecomm_data_pipeline.generate_and_insert_data scheduled__2023-01-01T00:10:00+00:00 [queued]>
[2024-06-28T18:12:59.500+0000] {taskinstance.py:2306} INFO - Starting attempt 1 of 2
[2024-06-28T18:12:59.504+0000] {taskinstance.py:2330} INFO - Executing <Task(PythonOperator): generate_and_insert_data> on 2023-01-01 00:10:00+00:00
[2024-06-28T18:12:59.506+0000] {standard_task_runner.py:63} INFO - Started process 70 to run task
[2024-06-28T18:12:59.507+0000] {standard_task_runner.py:90} INFO - Running: ['airflow', 'tasks', 'run', 'ecomm_data_pipeline', 'generate_and_insert_data', 'scheduled__2023-01-01T00:10:00+00:00', '--job-id', '4', '--raw', '--subdir', 'DAGS_FOLDER/ecomm_dag.py', '--cfg-path', '/tmp/tmpk796zz8f']
[2024-06-28T18:12:59.508+0000] {standard_task_runner.py:91} INFO - Job 4: Subtask generate_and_insert_data
[2024-06-28T18:12:59.524+0000] {task_command.py:426} INFO - Running <TaskInstance: ecomm_data_pipeline.generate_and_insert_data scheduled__2023-01-01T00:10:00+00:00 [running]> on host 08cefd381a1f
[2024-06-28T18:12:59.552+0000] {taskinstance.py:2648} INFO - Exporting env vars: AIRFLOW_CTX_DAG_OWNER='airflow' AIRFLOW_CTX_DAG_ID='ecomm_data_pipeline' AIRFLOW_CTX_TASK_ID='generate_and_insert_data' AIRFLOW_CTX_EXECUTION_DATE='2023-01-01T00:10:00+00:00' AIRFLOW_CTX_TRY_NUMBER='1' AIRFLOW_CTX_DAG_RUN_ID='scheduled__2023-01-01T00:10:00+00:00'
[2024-06-28T18:12:59.553+0000] {taskinstance.py:430} INFO - ::endgroup::
[2024-06-28T18:12:59.606+0000] {logging_mixin.py:188} INFO - Error in generate_and_insert_data: Command '['python3', '/opt/airflow/generator/ecomm_generator.py']' returned non-zero exit status 1.
[2024-06-28T18:12:59.606+0000] {logging_mixin.py:188} INFO - stdout: 
[2024-06-28T18:12:59.606+0000] {logging_mixin.py:188} INFO - stderr: Traceback (most recent call last):
  File "/opt/airflow/generator/ecomm_generator.py", line 4, in <module>
    from faker import Faker
ModuleNotFoundError: No module named 'faker'
[2024-06-28T18:12:59.607+0000] {python.py:237} INFO - Done. Returned value was: None
[2024-06-28T18:12:59.607+0000] {taskinstance.py:441} INFO - ::group::Post task execution logs
[2024-06-28T18:12:59.612+0000] {taskinstance.py:1206} INFO - Marking task as SUCCESS. dag_id=ecomm_data_pipeline, task_id=generate_and_insert_data, run_id=scheduled__2023-01-01T00:10:00+00:00, execution_date=20230101T001000, start_date=20240628T181259, end_date=20240628T181259
[2024-06-28T18:12:59.651+0000] {local_task_job_runner.py:240} INFO - Task exited with return code 0
[2024-06-28T18:12:59.658+0000] {taskinstance.py:3503} INFO - 0 downstream tasks scheduled from follow-on schedule check
[2024-06-28T18:12:59.658+0000] {local_task_job_runner.py:222} INFO - ::endgroup::
[2024-06-28T18:20:13.641+0000] {local_task_job_runner.py:120} INFO - ::group::Pre task execution logs
[2024-06-28T18:20:13.650+0000] {taskinstance.py:2076} INFO - Dependencies all met for dep_context=non-requeueable deps ti=<TaskInstance: ecomm_data_pipeline.generate_and_insert_data scheduled__2023-01-01T00:10:00+00:00 [queued]>
[2024-06-28T18:20:13.653+0000] {taskinstance.py:2076} INFO - Dependencies all met for dep_context=requeueable deps ti=<TaskInstance: ecomm_data_pipeline.generate_and_insert_data scheduled__2023-01-01T00:10:00+00:00 [queued]>
[2024-06-28T18:20:13.653+0000] {taskinstance.py:2306} INFO - Starting attempt 1 of 2
[2024-06-28T18:20:13.657+0000] {taskinstance.py:2330} INFO - Executing <Task(PythonOperator): generate_and_insert_data> on 2023-01-01 00:10:00+00:00
[2024-06-28T18:20:13.659+0000] {standard_task_runner.py:63} INFO - Started process 70 to run task
[2024-06-28T18:20:13.659+0000] {standard_task_runner.py:90} INFO - Running: ['airflow', 'tasks', 'run', 'ecomm_data_pipeline', 'generate_and_insert_data', 'scheduled__2023-01-01T00:10:00+00:00', '--job-id', '4', '--raw', '--subdir', 'DAGS_FOLDER/ecomm_dag.py', '--cfg-path', '/tmp/tmp6k0757uu']
[2024-06-28T18:20:13.660+0000] {standard_task_runner.py:91} INFO - Job 4: Subtask generate_and_insert_data
[2024-06-28T18:20:13.677+0000] {task_command.py:426} INFO - Running <TaskInstance: ecomm_data_pipeline.generate_and_insert_data scheduled__2023-01-01T00:10:00+00:00 [running]> on host 6570e5857071
[2024-06-28T18:20:13.705+0000] {taskinstance.py:2648} INFO - Exporting env vars: AIRFLOW_CTX_DAG_OWNER='airflow' AIRFLOW_CTX_DAG_ID='ecomm_data_pipeline' AIRFLOW_CTX_TASK_ID='generate_and_insert_data' AIRFLOW_CTX_EXECUTION_DATE='2023-01-01T00:10:00+00:00' AIRFLOW_CTX_TRY_NUMBER='1' AIRFLOW_CTX_DAG_RUN_ID='scheduled__2023-01-01T00:10:00+00:00'
[2024-06-28T18:20:13.705+0000] {taskinstance.py:430} INFO - ::endgroup::
[2024-06-28T18:20:13.761+0000] {logging_mixin.py:188} INFO - Error in generate_and_insert_data: Command '['python3', '/opt/airflow/generator/ecomm_generator.py']' returned non-zero exit status 1.
[2024-06-28T18:20:13.761+0000] {logging_mixin.py:188} INFO - stdout: 
[2024-06-28T18:20:13.762+0000] {logging_mixin.py:188} INFO - stderr: Traceback (most recent call last):
  File "/opt/airflow/generator/ecomm_generator.py", line 4, in <module>
    from faker import Faker
ModuleNotFoundError: No module named 'faker'
[2024-06-28T18:20:13.762+0000] {python.py:237} INFO - Done. Returned value was: None
[2024-06-28T18:20:13.762+0000] {taskinstance.py:441} INFO - ::group::Post task execution logs
[2024-06-28T18:20:13.767+0000] {taskinstance.py:1206} INFO - Marking task as SUCCESS. dag_id=ecomm_data_pipeline, task_id=generate_and_insert_data, run_id=scheduled__2023-01-01T00:10:00+00:00, execution_date=20230101T001000, start_date=20240628T182013, end_date=20240628T182013
[2024-06-28T18:20:13.805+0000] {local_task_job_runner.py:240} INFO - Task exited with return code 0
[2024-06-28T18:20:13.812+0000] {taskinstance.py:3503} INFO - 0 downstream tasks scheduled from follow-on schedule check
[2024-06-28T18:20:13.813+0000] {local_task_job_runner.py:222} INFO - ::endgroup::
[2024-06-28T18:30:15.679+0000] {local_task_job_runner.py:120} INFO - ::group::Pre task execution logs
[2024-06-28T18:30:15.689+0000] {taskinstance.py:2076} INFO - Dependencies all met for dep_context=non-requeueable deps ti=<TaskInstance: ecomm_data_pipeline.generate_and_insert_data scheduled__2023-01-01T00:10:00+00:00 [queued]>
[2024-06-28T18:30:15.691+0000] {taskinstance.py:2076} INFO - Dependencies all met for dep_context=requeueable deps ti=<TaskInstance: ecomm_data_pipeline.generate_and_insert_data scheduled__2023-01-01T00:10:00+00:00 [queued]>
[2024-06-28T18:30:15.692+0000] {taskinstance.py:2306} INFO - Starting attempt 1 of 2
[2024-06-28T18:30:15.696+0000] {taskinstance.py:2330} INFO - Executing <Task(PythonOperator): generate_and_insert_data> on 2023-01-01 00:10:00+00:00
[2024-06-28T18:30:15.697+0000] {standard_task_runner.py:63} INFO - Started process 70 to run task
[2024-06-28T18:30:15.698+0000] {standard_task_runner.py:90} INFO - Running: ['airflow', 'tasks', 'run', 'ecomm_data_pipeline', 'generate_and_insert_data', 'scheduled__2023-01-01T00:10:00+00:00', '--job-id', '4', '--raw', '--subdir', 'DAGS_FOLDER/ecomm_dag.py', '--cfg-path', '/tmp/tmp95b93y1i']
[2024-06-28T18:30:15.699+0000] {standard_task_runner.py:91} INFO - Job 4: Subtask generate_and_insert_data
[2024-06-28T18:30:15.714+0000] {task_command.py:426} INFO - Running <TaskInstance: ecomm_data_pipeline.generate_and_insert_data scheduled__2023-01-01T00:10:00+00:00 [running]> on host 50bf780463b8
[2024-06-28T18:30:15.742+0000] {taskinstance.py:2648} INFO - Exporting env vars: AIRFLOW_CTX_DAG_OWNER='airflow' AIRFLOW_CTX_DAG_ID='ecomm_data_pipeline' AIRFLOW_CTX_TASK_ID='generate_and_insert_data' AIRFLOW_CTX_EXECUTION_DATE='2023-01-01T00:10:00+00:00' AIRFLOW_CTX_TRY_NUMBER='1' AIRFLOW_CTX_DAG_RUN_ID='scheduled__2023-01-01T00:10:00+00:00'
[2024-06-28T18:30:15.742+0000] {taskinstance.py:430} INFO - ::endgroup::
[2024-06-28T18:30:15.797+0000] {logging_mixin.py:188} INFO - Error in generate_and_insert_data: Command '['python3', '/opt/airflow/generator/ecomm_generator.py']' returned non-zero exit status 1.
[2024-06-28T18:30:15.798+0000] {logging_mixin.py:188} INFO - stdout: 
[2024-06-28T18:30:15.798+0000] {logging_mixin.py:188} INFO - stderr: Traceback (most recent call last):
  File "/opt/airflow/generator/ecomm_generator.py", line 4, in <module>
    from faker import Faker
ModuleNotFoundError: No module named 'faker'
[2024-06-28T18:30:15.798+0000] {python.py:237} INFO - Done. Returned value was: None
[2024-06-28T18:30:15.798+0000] {taskinstance.py:441} INFO - ::group::Post task execution logs
[2024-06-28T18:30:15.803+0000] {taskinstance.py:1206} INFO - Marking task as SUCCESS. dag_id=ecomm_data_pipeline, task_id=generate_and_insert_data, run_id=scheduled__2023-01-01T00:10:00+00:00, execution_date=20230101T001000, start_date=20240628T183015, end_date=20240628T183015
[2024-06-28T18:30:15.838+0000] {local_task_job_runner.py:240} INFO - Task exited with return code 0
[2024-06-28T18:30:15.845+0000] {taskinstance.py:3503} INFO - 0 downstream tasks scheduled from follow-on schedule check
[2024-06-28T18:30:15.845+0000] {local_task_job_runner.py:222} INFO - ::endgroup::
[2024-06-28T22:13:25.428+0000] {local_task_job_runner.py:120} INFO - ::group::Pre task execution logs
[2024-06-28T22:13:25.438+0000] {taskinstance.py:2076} INFO - Dependencies all met for dep_context=non-requeueable deps ti=<TaskInstance: ecomm_data_pipeline.generate_and_insert_data scheduled__2023-01-01T00:10:00+00:00 [queued]>
[2024-06-28T22:13:25.441+0000] {taskinstance.py:2076} INFO - Dependencies all met for dep_context=requeueable deps ti=<TaskInstance: ecomm_data_pipeline.generate_and_insert_data scheduled__2023-01-01T00:10:00+00:00 [queued]>
[2024-06-28T22:13:25.441+0000] {taskinstance.py:2306} INFO - Starting attempt 1 of 2
[2024-06-28T22:13:25.445+0000] {taskinstance.py:2330} INFO - Executing <Task(PythonOperator): generate_and_insert_data> on 2023-01-01 00:10:00+00:00
[2024-06-28T22:13:25.447+0000] {standard_task_runner.py:63} INFO - Started process 70 to run task
[2024-06-28T22:13:25.448+0000] {standard_task_runner.py:90} INFO - Running: ['airflow', 'tasks', 'run', 'ecomm_data_pipeline', 'generate_and_insert_data', 'scheduled__2023-01-01T00:10:00+00:00', '--job-id', '4', '--raw', '--subdir', 'DAGS_FOLDER/ecomm_dag.py', '--cfg-path', '/tmp/tmp3icjufak']
[2024-06-28T22:13:25.449+0000] {standard_task_runner.py:91} INFO - Job 4: Subtask generate_and_insert_data
[2024-06-28T22:13:25.466+0000] {task_command.py:426} INFO - Running <TaskInstance: ecomm_data_pipeline.generate_and_insert_data scheduled__2023-01-01T00:10:00+00:00 [running]> on host 619125b6796e
[2024-06-28T22:13:25.495+0000] {taskinstance.py:2648} INFO - Exporting env vars: AIRFLOW_CTX_DAG_OWNER='airflow' AIRFLOW_CTX_DAG_ID='ecomm_data_pipeline' AIRFLOW_CTX_TASK_ID='generate_and_insert_data' AIRFLOW_CTX_EXECUTION_DATE='2023-01-01T00:10:00+00:00' AIRFLOW_CTX_TRY_NUMBER='1' AIRFLOW_CTX_DAG_RUN_ID='scheduled__2023-01-01T00:10:00+00:00'
[2024-06-28T22:13:25.495+0000] {taskinstance.py:430} INFO - ::endgroup::
[2024-06-28T22:13:25.550+0000] {logging_mixin.py:188} INFO - Error in generate_and_insert_data: Command '['python3', '/opt/airflow/generator/ecomm_generator.py']' returned non-zero exit status 1.
[2024-06-28T22:13:25.550+0000] {logging_mixin.py:188} INFO - stdout: 
[2024-06-28T22:13:25.550+0000] {logging_mixin.py:188} INFO - stderr: Traceback (most recent call last):
  File "/opt/airflow/generator/ecomm_generator.py", line 4, in <module>
    from faker import Faker
ModuleNotFoundError: No module named 'faker'
[2024-06-28T22:13:25.550+0000] {python.py:237} INFO - Done. Returned value was: None
[2024-06-28T22:13:25.551+0000] {taskinstance.py:441} INFO - ::group::Post task execution logs
[2024-06-28T22:13:25.556+0000] {taskinstance.py:1206} INFO - Marking task as SUCCESS. dag_id=ecomm_data_pipeline, task_id=generate_and_insert_data, run_id=scheduled__2023-01-01T00:10:00+00:00, execution_date=20230101T001000, start_date=20240628T221325, end_date=20240628T221325
[2024-06-28T22:13:25.600+0000] {local_task_job_runner.py:240} INFO - Task exited with return code 0
[2024-06-28T22:13:25.607+0000] {taskinstance.py:3503} INFO - 0 downstream tasks scheduled from follow-on schedule check
[2024-06-28T22:13:25.608+0000] {local_task_job_runner.py:222} INFO - ::endgroup::
[2024-06-29T21:36:37.569+0000] {local_task_job_runner.py:120} INFO - ::group::Pre task execution logs
[2024-06-29T21:36:37.579+0000] {taskinstance.py:2076} INFO - Dependencies all met for dep_context=non-requeueable deps ti=<TaskInstance: ecomm_data_pipeline.generate_and_insert_data scheduled__2023-01-01T00:10:00+00:00 [queued]>
[2024-06-29T21:36:37.582+0000] {taskinstance.py:2076} INFO - Dependencies all met for dep_context=requeueable deps ti=<TaskInstance: ecomm_data_pipeline.generate_and_insert_data scheduled__2023-01-01T00:10:00+00:00 [queued]>
[2024-06-29T21:36:37.582+0000] {taskinstance.py:2306} INFO - Starting attempt 1 of 2
[2024-06-29T21:36:37.586+0000] {taskinstance.py:2330} INFO - Executing <Task(PythonOperator): generate_and_insert_data> on 2023-01-01 00:10:00+00:00
[2024-06-29T21:36:37.588+0000] {standard_task_runner.py:63} INFO - Started process 55 to run task
[2024-06-29T21:36:37.589+0000] {standard_task_runner.py:90} INFO - Running: ['airflow', 'tasks', 'run', 'ecomm_data_pipeline', 'generate_and_insert_data', 'scheduled__2023-01-01T00:10:00+00:00', '--job-id', '3', '--raw', '--subdir', 'DAGS_FOLDER/ecomm_dag.py', '--cfg-path', '/tmp/tmpjic2xord']
[2024-06-29T21:36:37.589+0000] {standard_task_runner.py:91} INFO - Job 3: Subtask generate_and_insert_data
[2024-06-29T21:36:37.606+0000] {task_command.py:426} INFO - Running <TaskInstance: ecomm_data_pipeline.generate_and_insert_data scheduled__2023-01-01T00:10:00+00:00 [running]> on host afcb6fbf9265
[2024-06-29T21:36:37.634+0000] {taskinstance.py:2648} INFO - Exporting env vars: AIRFLOW_CTX_DAG_OWNER='airflow' AIRFLOW_CTX_DAG_ID='ecomm_data_pipeline' AIRFLOW_CTX_TASK_ID='generate_and_insert_data' AIRFLOW_CTX_EXECUTION_DATE='2023-01-01T00:10:00+00:00' AIRFLOW_CTX_TRY_NUMBER='1' AIRFLOW_CTX_DAG_RUN_ID='scheduled__2023-01-01T00:10:00+00:00'
[2024-06-29T21:36:37.634+0000] {taskinstance.py:430} INFO - ::endgroup::
[2024-06-29T21:36:37.688+0000] {logging_mixin.py:188} INFO - Error in generate_and_insert_data: Command '['python3', '/opt/airflow/generator/ecomm_generator.py']' returned non-zero exit status 1.
[2024-06-29T21:36:37.688+0000] {logging_mixin.py:188} INFO - stdout: 
[2024-06-29T21:36:37.688+0000] {logging_mixin.py:188} INFO - stderr: Traceback (most recent call last):
  File "/opt/airflow/generator/ecomm_generator.py", line 4, in <module>
    from faker import Faker
ModuleNotFoundError: No module named 'faker'
[2024-06-29T21:36:37.688+0000] {python.py:237} INFO - Done. Returned value was: None
[2024-06-29T21:36:37.689+0000] {taskinstance.py:441} INFO - ::group::Post task execution logs
[2024-06-29T21:36:37.693+0000] {taskinstance.py:1206} INFO - Marking task as SUCCESS. dag_id=ecomm_data_pipeline, task_id=generate_and_insert_data, run_id=scheduled__2023-01-01T00:10:00+00:00, execution_date=20230101T001000, start_date=20240629T213637, end_date=20240629T213637
[2024-06-29T21:36:37.740+0000] {local_task_job_runner.py:240} INFO - Task exited with return code 0
[2024-06-29T21:36:37.747+0000] {taskinstance.py:3503} INFO - 0 downstream tasks scheduled from follow-on schedule check
[2024-06-29T21:36:37.748+0000] {local_task_job_runner.py:222} INFO - ::endgroup::
[2024-06-29T21:48:54.140+0000] {local_task_job_runner.py:120} INFO - ::group::Pre task execution logs
[2024-06-29T21:48:54.150+0000] {taskinstance.py:2076} INFO - Dependencies all met for dep_context=non-requeueable deps ti=<TaskInstance: ecomm_data_pipeline.generate_and_insert_data scheduled__2023-01-01T00:10:00+00:00 [queued]>
[2024-06-29T21:48:54.152+0000] {taskinstance.py:2076} INFO - Dependencies all met for dep_context=requeueable deps ti=<TaskInstance: ecomm_data_pipeline.generate_and_insert_data scheduled__2023-01-01T00:10:00+00:00 [queued]>
[2024-06-29T21:48:54.152+0000] {taskinstance.py:2306} INFO - Starting attempt 1 of 2
[2024-06-29T21:48:54.156+0000] {taskinstance.py:2330} INFO - Executing <Task(PythonOperator): generate_and_insert_data> on 2023-01-01 00:10:00+00:00
[2024-06-29T21:48:54.158+0000] {standard_task_runner.py:63} INFO - Started process 56 to run task
[2024-06-29T21:48:54.159+0000] {standard_task_runner.py:90} INFO - Running: ['airflow', 'tasks', 'run', 'ecomm_data_pipeline', 'generate_and_insert_data', 'scheduled__2023-01-01T00:10:00+00:00', '--job-id', '3', '--raw', '--subdir', 'DAGS_FOLDER/ecomm_dag.py', '--cfg-path', '/tmp/tmp927s4gc8']
[2024-06-29T21:48:54.160+0000] {standard_task_runner.py:91} INFO - Job 3: Subtask generate_and_insert_data
[2024-06-29T21:48:54.176+0000] {task_command.py:426} INFO - Running <TaskInstance: ecomm_data_pipeline.generate_and_insert_data scheduled__2023-01-01T00:10:00+00:00 [running]> on host 0b7af056b90c
[2024-06-29T21:48:54.203+0000] {taskinstance.py:2648} INFO - Exporting env vars: AIRFLOW_CTX_DAG_OWNER='airflow' AIRFLOW_CTX_DAG_ID='ecomm_data_pipeline' AIRFLOW_CTX_TASK_ID='generate_and_insert_data' AIRFLOW_CTX_EXECUTION_DATE='2023-01-01T00:10:00+00:00' AIRFLOW_CTX_TRY_NUMBER='1' AIRFLOW_CTX_DAG_RUN_ID='scheduled__2023-01-01T00:10:00+00:00'
[2024-06-29T21:48:54.203+0000] {taskinstance.py:430} INFO - ::endgroup::
[2024-06-29T21:48:54.258+0000] {logging_mixin.py:188} INFO - Error in generate_and_insert_data: Command '['python3', '/opt/airflow/generator/ecomm_generator.py']' returned non-zero exit status 1.
[2024-06-29T21:48:54.258+0000] {logging_mixin.py:188} INFO - stdout: 
[2024-06-29T21:48:54.259+0000] {logging_mixin.py:188} INFO - stderr: Traceback (most recent call last):
  File "/opt/airflow/generator/ecomm_generator.py", line 4, in <module>
    from faker import Faker
ModuleNotFoundError: No module named 'faker'
[2024-06-29T21:48:54.259+0000] {python.py:237} INFO - Done. Returned value was: None
[2024-06-29T21:48:54.259+0000] {taskinstance.py:441} INFO - ::group::Post task execution logs
[2024-06-29T21:48:54.264+0000] {taskinstance.py:1206} INFO - Marking task as SUCCESS. dag_id=ecomm_data_pipeline, task_id=generate_and_insert_data, run_id=scheduled__2023-01-01T00:10:00+00:00, execution_date=20230101T001000, start_date=20240629T214854, end_date=20240629T214854
[2024-06-29T21:48:54.305+0000] {local_task_job_runner.py:240} INFO - Task exited with return code 0
[2024-06-29T21:48:54.312+0000] {taskinstance.py:3503} INFO - 0 downstream tasks scheduled from follow-on schedule check
[2024-06-29T21:48:54.313+0000] {local_task_job_runner.py:222} INFO - ::endgroup::
[2024-06-29T22:00:26.634+0000] {local_task_job_runner.py:120} INFO - ::group::Pre task execution logs
[2024-06-29T22:00:26.644+0000] {taskinstance.py:2076} INFO - Dependencies all met for dep_context=non-requeueable deps ti=<TaskInstance: ecomm_data_pipeline.generate_and_insert_data scheduled__2023-01-01T00:10:00+00:00 [queued]>
[2024-06-29T22:00:26.647+0000] {taskinstance.py:2076} INFO - Dependencies all met for dep_context=requeueable deps ti=<TaskInstance: ecomm_data_pipeline.generate_and_insert_data scheduled__2023-01-01T00:10:00+00:00 [queued]>
[2024-06-29T22:00:26.647+0000] {taskinstance.py:2306} INFO - Starting attempt 1 of 2
[2024-06-29T22:00:26.651+0000] {taskinstance.py:2330} INFO - Executing <Task(PythonOperator): generate_and_insert_data> on 2023-01-01 00:10:00+00:00
[2024-06-29T22:00:26.653+0000] {standard_task_runner.py:63} INFO - Started process 56 to run task
[2024-06-29T22:00:26.654+0000] {standard_task_runner.py:90} INFO - Running: ['airflow', 'tasks', 'run', 'ecomm_data_pipeline', 'generate_and_insert_data', 'scheduled__2023-01-01T00:10:00+00:00', '--job-id', '3', '--raw', '--subdir', 'DAGS_FOLDER/ecomm_dag.py', '--cfg-path', '/tmp/tmpfz_m6ke5']
[2024-06-29T22:00:26.655+0000] {standard_task_runner.py:91} INFO - Job 3: Subtask generate_and_insert_data
[2024-06-29T22:00:26.672+0000] {task_command.py:426} INFO - Running <TaskInstance: ecomm_data_pipeline.generate_and_insert_data scheduled__2023-01-01T00:10:00+00:00 [running]> on host 799998b0d26e
[2024-06-29T22:00:26.700+0000] {taskinstance.py:2648} INFO - Exporting env vars: AIRFLOW_CTX_DAG_OWNER='airflow' AIRFLOW_CTX_DAG_ID='ecomm_data_pipeline' AIRFLOW_CTX_TASK_ID='generate_and_insert_data' AIRFLOW_CTX_EXECUTION_DATE='2023-01-01T00:10:00+00:00' AIRFLOW_CTX_TRY_NUMBER='1' AIRFLOW_CTX_DAG_RUN_ID='scheduled__2023-01-01T00:10:00+00:00'
[2024-06-29T22:00:26.700+0000] {taskinstance.py:430} INFO - ::endgroup::
[2024-06-29T22:00:26.757+0000] {logging_mixin.py:188} INFO - Error in generate_and_insert_data: Command '['python3', '/opt/airflow/generator/ecomm_generator.py']' returned non-zero exit status 1.
[2024-06-29T22:00:26.757+0000] {logging_mixin.py:188} INFO - stdout: 
[2024-06-29T22:00:26.757+0000] {logging_mixin.py:188} INFO - stderr: Traceback (most recent call last):
  File "/opt/airflow/generator/ecomm_generator.py", line 4, in <module>
    from faker import Faker
ModuleNotFoundError: No module named 'faker'
[2024-06-29T22:00:26.757+0000] {python.py:237} INFO - Done. Returned value was: None
[2024-06-29T22:00:26.757+0000] {taskinstance.py:441} INFO - ::group::Post task execution logs
[2024-06-29T22:00:26.762+0000] {taskinstance.py:1206} INFO - Marking task as SUCCESS. dag_id=ecomm_data_pipeline, task_id=generate_and_insert_data, run_id=scheduled__2023-01-01T00:10:00+00:00, execution_date=20230101T001000, start_date=20240629T220026, end_date=20240629T220026
[2024-06-29T22:00:26.804+0000] {local_task_job_runner.py:240} INFO - Task exited with return code 0
[2024-06-29T22:00:26.811+0000] {taskinstance.py:3503} INFO - 0 downstream tasks scheduled from follow-on schedule check
[2024-06-29T22:00:26.812+0000] {local_task_job_runner.py:222} INFO - ::endgroup::
[2024-07-02T22:07:53.147+0000] {taskinstance.py:1103} INFO - Dependencies all met for dep_context=non-requeueable deps ti=<TaskInstance: ecomm_data_pipeline.generate_and_insert_data scheduled__2023-01-01T00:10:00+00:00 [queued]>
[2024-07-02T22:07:53.150+0000] {taskinstance.py:1103} INFO - Dependencies all met for dep_context=requeueable deps ti=<TaskInstance: ecomm_data_pipeline.generate_and_insert_data scheduled__2023-01-01T00:10:00+00:00 [queued]>
[2024-07-02T22:07:53.151+0000] {taskinstance.py:1308} INFO - Starting attempt 1 of 2
[2024-07-02T22:07:53.155+0000] {taskinstance.py:1327} INFO - Executing <Task(PythonOperator): generate_and_insert_data> on 2023-01-01 00:10:00+00:00
[2024-07-02T22:07:53.156+0000] {standard_task_runner.py:57} INFO - Started process 33 to run task
[2024-07-02T22:07:53.157+0000] {standard_task_runner.py:84} INFO - Running: ['airflow', 'tasks', 'run', 'ecomm_data_pipeline', 'generate_and_insert_data', 'scheduled__2023-01-01T00:10:00+00:00', '--job-id', '6', '--raw', '--subdir', 'DAGS_FOLDER/ecomm_dag.py', '--cfg-path', '/tmp/tmp5f6bfedm']
[2024-07-02T22:07:53.157+0000] {standard_task_runner.py:85} INFO - Job 6: Subtask generate_and_insert_data
[2024-07-02T22:07:53.176+0000] {task_command.py:410} INFO - Running <TaskInstance: ecomm_data_pipeline.generate_and_insert_data scheduled__2023-01-01T00:10:00+00:00 [running]> on host 17b176e084bc
[2024-07-02T22:07:53.205+0000] {taskinstance.py:1545} INFO - Exporting env vars: AIRFLOW_CTX_DAG_OWNER='airflow' AIRFLOW_CTX_DAG_ID='ecomm_data_pipeline' AIRFLOW_CTX_TASK_ID='generate_and_insert_data' AIRFLOW_CTX_EXECUTION_DATE='2023-01-01T00:10:00+00:00' AIRFLOW_CTX_TRY_NUMBER='1' AIRFLOW_CTX_DAG_RUN_ID='scheduled__2023-01-01T00:10:00+00:00'
[2024-07-02T22:09:55.490+0000] {taskinstance.py:1093} INFO - Dependencies not met for <TaskInstance: ecomm_data_pipeline.generate_and_insert_data scheduled__2023-01-01T00:10:00+00:00 [running]>, dependency 'Task Instance State' FAILED: Task is in the 'running' state.
[2024-07-02T22:09:55.491+0000] {taskinstance.py:1093} INFO - Dependencies not met for <TaskInstance: ecomm_data_pipeline.generate_and_insert_data scheduled__2023-01-01T00:10:00+00:00 [running]>, dependency 'Task Instance Not Running' FAILED: Task is in the running state
[2024-07-02T22:09:55.494+0000] {local_task_job_runner.py:154} INFO - Task is not able to be run
