[2024-06-28T18:12:54.736+0000] {processor.py:161} INFO - Started process (PID=28) to work on /opt/airflow/dags/ecomm_dag.py
[2024-06-28T18:12:54.737+0000] {processor.py:830} INFO - Processing file /opt/airflow/dags/ecomm_dag.py for tasks to queue
[2024-06-28T18:12:54.738+0000] {logging_mixin.py:188} INFO - [2024-06-28T18:12:54.738+0000] {dagbag.py:545} INFO - Filling up the DagBag from /opt/airflow/dags/ecomm_dag.py
[2024-06-28T18:12:54.754+0000] {processor.py:840} INFO - DAG(s) 'ecomm_data_pipeline' retrieved from /opt/airflow/dags/ecomm_dag.py
[2024-06-28T18:12:54.856+0000] {logging_mixin.py:188} INFO - [2024-06-28T18:12:54.856+0000] {override.py:1677} ERROR - Add Permission: (psycopg2.errors.UniqueViolation) duplicate key value violates unique constraint "ab_permission_name_uq"
DETAIL:  Key (name)=(can_edit) already exists.

[SQL: INSERT INTO ab_permission (name) VALUES (%(name)s) RETURNING ab_permission.id]
[parameters: {'name': 'can_edit'}]
(Background on this error at: https://sqlalche.me/e/14/gkpj)
[2024-06-28T18:12:54.858+0000] {logging_mixin.py:188} INFO - [2024-06-28T18:12:54.857+0000] {override.py:1829} INFO - Created Permission View: None on DAG:ecomm_data_pipeline
[2024-06-28T18:12:54.861+0000] {logging_mixin.py:188} INFO - [2024-06-28T18:12:54.861+0000] {override.py:1829} INFO - Created Permission View: can read on DAG:ecomm_data_pipeline
[2024-06-28T18:12:54.862+0000] {logging_mixin.py:188} INFO - [2024-06-28T18:12:54.862+0000] {override.py:1829} INFO - Created Permission View: can delete on DAG:ecomm_data_pipeline
[2024-06-28T18:12:54.863+0000] {logging_mixin.py:188} INFO - [2024-06-28T18:12:54.863+0000] {dag.py:3096} INFO - Sync 1 DAGs
[2024-06-28T18:12:54.866+0000] {logging_mixin.py:188} INFO - [2024-06-28T18:12:54.866+0000] {dag.py:3118} INFO - Creating ORM DAG for ecomm_data_pipeline
[2024-06-28T18:12:54.870+0000] {logging_mixin.py:188} INFO - [2024-06-28T18:12:54.870+0000] {dag.py:3954} INFO - Setting next_dagrun for ecomm_data_pipeline to 2023-01-01 00:00:00+00:00, run_after=2023-01-01 00:10:00+00:00
[2024-06-28T18:12:54.874+0000] {processor.py:183} INFO - Processing /opt/airflow/dags/ecomm_dag.py took 0.142 seconds
[2024-06-28T18:13:24.922+0000] {processor.py:161} INFO - Started process (PID=296) to work on /opt/airflow/dags/ecomm_dag.py
[2024-06-28T18:13:24.923+0000] {processor.py:830} INFO - Processing file /opt/airflow/dags/ecomm_dag.py for tasks to queue
[2024-06-28T18:13:24.924+0000] {logging_mixin.py:188} INFO - [2024-06-28T18:13:24.924+0000] {dagbag.py:545} INFO - Filling up the DagBag from /opt/airflow/dags/ecomm_dag.py
[2024-06-28T18:13:24.929+0000] {processor.py:840} INFO - DAG(s) 'ecomm_data_pipeline' retrieved from /opt/airflow/dags/ecomm_dag.py
[2024-06-28T18:13:24.941+0000] {logging_mixin.py:188} INFO - [2024-06-28T18:13:24.941+0000] {dag.py:3096} INFO - Sync 1 DAGs
[2024-06-28T18:13:24.950+0000] {logging_mixin.py:188} INFO - [2024-06-28T18:13:24.950+0000] {dag.py:3954} INFO - Setting next_dagrun for ecomm_data_pipeline to 2023-01-01 01:40:00+00:00, run_after=2023-01-01 01:50:00+00:00
[2024-06-28T18:13:24.956+0000] {processor.py:183} INFO - Processing /opt/airflow/dags/ecomm_dag.py took 0.036 seconds
[2024-06-28T18:13:55.126+0000] {processor.py:161} INFO - Started process (PID=563) to work on /opt/airflow/dags/ecomm_dag.py
[2024-06-28T18:13:55.127+0000] {processor.py:830} INFO - Processing file /opt/airflow/dags/ecomm_dag.py for tasks to queue
[2024-06-28T18:13:55.128+0000] {logging_mixin.py:188} INFO - [2024-06-28T18:13:55.127+0000] {dagbag.py:545} INFO - Filling up the DagBag from /opt/airflow/dags/ecomm_dag.py
[2024-06-28T18:13:55.133+0000] {processor.py:840} INFO - DAG(s) 'ecomm_data_pipeline' retrieved from /opt/airflow/dags/ecomm_dag.py
[2024-06-28T18:13:55.145+0000] {logging_mixin.py:188} INFO - [2024-06-28T18:13:55.144+0000] {dag.py:3096} INFO - Sync 1 DAGs
[2024-06-28T18:13:55.152+0000] {logging_mixin.py:188} INFO - [2024-06-28T18:13:55.152+0000] {dag.py:3954} INFO - Setting next_dagrun for ecomm_data_pipeline to 2023-01-01 03:20:00+00:00, run_after=2023-01-01 03:30:00+00:00
[2024-06-28T18:13:55.159+0000] {processor.py:183} INFO - Processing /opt/airflow/dags/ecomm_dag.py took 0.036 seconds
[2024-06-28T18:14:25.302+0000] {processor.py:161} INFO - Started process (PID=829) to work on /opt/airflow/dags/ecomm_dag.py
[2024-06-28T18:14:25.302+0000] {processor.py:830} INFO - Processing file /opt/airflow/dags/ecomm_dag.py for tasks to queue
[2024-06-28T18:14:25.303+0000] {logging_mixin.py:188} INFO - [2024-06-28T18:14:25.303+0000] {dagbag.py:545} INFO - Filling up the DagBag from /opt/airflow/dags/ecomm_dag.py
[2024-06-28T18:14:25.309+0000] {processor.py:840} INFO - DAG(s) 'ecomm_data_pipeline' retrieved from /opt/airflow/dags/ecomm_dag.py
[2024-06-28T18:14:25.322+0000] {logging_mixin.py:188} INFO - [2024-06-28T18:14:25.322+0000] {dag.py:3096} INFO - Sync 1 DAGs
[2024-06-28T18:14:25.331+0000] {logging_mixin.py:188} INFO - [2024-06-28T18:14:25.331+0000] {dag.py:3954} INFO - Setting next_dagrun for ecomm_data_pipeline to 2023-01-01 04:50:00+00:00, run_after=2023-01-01 05:00:00+00:00
[2024-06-28T18:14:25.338+0000] {processor.py:183} INFO - Processing /opt/airflow/dags/ecomm_dag.py took 0.039 seconds
[2024-06-28T18:14:55.497+0000] {processor.py:161} INFO - Started process (PID=1096) to work on /opt/airflow/dags/ecomm_dag.py
[2024-06-28T18:14:55.498+0000] {processor.py:830} INFO - Processing file /opt/airflow/dags/ecomm_dag.py for tasks to queue
[2024-06-28T18:14:55.499+0000] {logging_mixin.py:188} INFO - [2024-06-28T18:14:55.498+0000] {dagbag.py:545} INFO - Filling up the DagBag from /opt/airflow/dags/ecomm_dag.py
[2024-06-28T18:14:55.504+0000] {processor.py:840} INFO - DAG(s) 'ecomm_data_pipeline' retrieved from /opt/airflow/dags/ecomm_dag.py
[2024-06-28T18:14:55.517+0000] {logging_mixin.py:188} INFO - [2024-06-28T18:14:55.517+0000] {dag.py:3096} INFO - Sync 1 DAGs
[2024-06-28T18:14:55.525+0000] {logging_mixin.py:188} INFO - [2024-06-28T18:14:55.525+0000] {dag.py:3954} INFO - Setting next_dagrun for ecomm_data_pipeline to 2023-01-01 06:30:00+00:00, run_after=2023-01-01 06:40:00+00:00
[2024-06-28T18:14:55.532+0000] {processor.py:183} INFO - Processing /opt/airflow/dags/ecomm_dag.py took 0.037 seconds
[2024-06-28T18:15:25.679+0000] {processor.py:161} INFO - Started process (PID=1363) to work on /opt/airflow/dags/ecomm_dag.py
[2024-06-28T18:15:25.680+0000] {processor.py:830} INFO - Processing file /opt/airflow/dags/ecomm_dag.py for tasks to queue
[2024-06-28T18:15:25.681+0000] {logging_mixin.py:188} INFO - [2024-06-28T18:15:25.681+0000] {dagbag.py:545} INFO - Filling up the DagBag from /opt/airflow/dags/ecomm_dag.py
[2024-06-28T18:15:25.687+0000] {processor.py:840} INFO - DAG(s) 'ecomm_data_pipeline' retrieved from /opt/airflow/dags/ecomm_dag.py
[2024-06-28T18:15:25.700+0000] {logging_mixin.py:188} INFO - [2024-06-28T18:15:25.700+0000] {dag.py:3096} INFO - Sync 1 DAGs
[2024-06-28T18:15:25.708+0000] {logging_mixin.py:188} INFO - [2024-06-28T18:15:25.708+0000] {dag.py:3954} INFO - Setting next_dagrun for ecomm_data_pipeline to 2023-01-01 08:00:00+00:00, run_after=2023-01-01 08:10:00+00:00
[2024-06-28T18:15:25.715+0000] {processor.py:183} INFO - Processing /opt/airflow/dags/ecomm_dag.py took 0.039 seconds
[2024-06-28T18:15:55.853+0000] {processor.py:161} INFO - Started process (PID=1628) to work on /opt/airflow/dags/ecomm_dag.py
[2024-06-28T18:15:55.854+0000] {processor.py:830} INFO - Processing file /opt/airflow/dags/ecomm_dag.py for tasks to queue
[2024-06-28T18:15:55.856+0000] {logging_mixin.py:188} INFO - [2024-06-28T18:15:55.856+0000] {dagbag.py:545} INFO - Filling up the DagBag from /opt/airflow/dags/ecomm_dag.py
[2024-06-28T18:15:55.863+0000] {processor.py:840} INFO - DAG(s) 'ecomm_data_pipeline' retrieved from /opt/airflow/dags/ecomm_dag.py
[2024-06-28T18:15:55.878+0000] {logging_mixin.py:188} INFO - [2024-06-28T18:15:55.878+0000] {dag.py:3096} INFO - Sync 1 DAGs
[2024-06-28T18:15:55.888+0000] {logging_mixin.py:188} INFO - [2024-06-28T18:15:55.887+0000] {dag.py:3954} INFO - Setting next_dagrun for ecomm_data_pipeline to 2023-01-01 09:30:00+00:00, run_after=2023-01-01 09:40:00+00:00
[2024-06-28T18:15:55.894+0000] {processor.py:183} INFO - Processing /opt/airflow/dags/ecomm_dag.py took 0.045 seconds
[2024-06-28T18:16:26.031+0000] {processor.py:161} INFO - Started process (PID=1874) to work on /opt/airflow/dags/ecomm_dag.py
[2024-06-28T18:16:26.031+0000] {processor.py:830} INFO - Processing file /opt/airflow/dags/ecomm_dag.py for tasks to queue
[2024-06-28T18:16:26.032+0000] {logging_mixin.py:188} INFO - [2024-06-28T18:16:26.032+0000] {dagbag.py:545} INFO - Filling up the DagBag from /opt/airflow/dags/ecomm_dag.py
[2024-06-28T18:16:26.039+0000] {processor.py:840} INFO - DAG(s) 'ecomm_data_pipeline' retrieved from /opt/airflow/dags/ecomm_dag.py
[2024-06-28T18:16:26.053+0000] {logging_mixin.py:188} INFO - [2024-06-28T18:16:26.053+0000] {dag.py:3096} INFO - Sync 1 DAGs
[2024-06-28T18:16:26.063+0000] {logging_mixin.py:188} INFO - [2024-06-28T18:16:26.063+0000] {dag.py:3954} INFO - Setting next_dagrun for ecomm_data_pipeline to 2023-01-01 11:10:00+00:00, run_after=2023-01-01 11:20:00+00:00
[2024-06-28T18:16:26.070+0000] {processor.py:183} INFO - Processing /opt/airflow/dags/ecomm_dag.py took 0.043 seconds
[2024-06-28T18:16:56.192+0000] {processor.py:161} INFO - Started process (PID=2141) to work on /opt/airflow/dags/ecomm_dag.py
[2024-06-28T18:16:56.193+0000] {processor.py:830} INFO - Processing file /opt/airflow/dags/ecomm_dag.py for tasks to queue
[2024-06-28T18:16:56.194+0000] {logging_mixin.py:188} INFO - [2024-06-28T18:16:56.193+0000] {dagbag.py:545} INFO - Filling up the DagBag from /opt/airflow/dags/ecomm_dag.py
[2024-06-28T18:16:56.199+0000] {processor.py:840} INFO - DAG(s) 'ecomm_data_pipeline' retrieved from /opt/airflow/dags/ecomm_dag.py
[2024-06-28T18:16:56.212+0000] {logging_mixin.py:188} INFO - [2024-06-28T18:16:56.212+0000] {dag.py:3096} INFO - Sync 1 DAGs
[2024-06-28T18:16:56.220+0000] {logging_mixin.py:188} INFO - [2024-06-28T18:16:56.220+0000] {dag.py:3954} INFO - Setting next_dagrun for ecomm_data_pipeline to 2023-01-01 12:40:00+00:00, run_after=2023-01-01 12:50:00+00:00
[2024-06-28T18:16:56.227+0000] {processor.py:183} INFO - Processing /opt/airflow/dags/ecomm_dag.py took 0.037 seconds
[2024-06-28T18:17:26.402+0000] {processor.py:161} INFO - Started process (PID=2406) to work on /opt/airflow/dags/ecomm_dag.py
[2024-06-28T18:17:26.402+0000] {processor.py:830} INFO - Processing file /opt/airflow/dags/ecomm_dag.py for tasks to queue
[2024-06-28T18:17:26.404+0000] {logging_mixin.py:188} INFO - [2024-06-28T18:17:26.404+0000] {dagbag.py:545} INFO - Filling up the DagBag from /opt/airflow/dags/ecomm_dag.py
[2024-06-28T18:17:26.412+0000] {processor.py:840} INFO - DAG(s) 'ecomm_data_pipeline' retrieved from /opt/airflow/dags/ecomm_dag.py
[2024-06-28T18:17:26.428+0000] {logging_mixin.py:188} INFO - [2024-06-28T18:17:26.428+0000] {dag.py:3096} INFO - Sync 1 DAGs
[2024-06-28T18:17:26.438+0000] {logging_mixin.py:188} INFO - [2024-06-28T18:17:26.437+0000] {dag.py:3954} INFO - Setting next_dagrun for ecomm_data_pipeline to 2023-01-01 14:10:00+00:00, run_after=2023-01-01 14:20:00+00:00
[2024-06-28T18:17:26.445+0000] {processor.py:183} INFO - Processing /opt/airflow/dags/ecomm_dag.py took 0.049 seconds
[2024-06-28T18:17:56.580+0000] {processor.py:161} INFO - Started process (PID=2672) to work on /opt/airflow/dags/ecomm_dag.py
[2024-06-28T18:17:56.581+0000] {processor.py:830} INFO - Processing file /opt/airflow/dags/ecomm_dag.py for tasks to queue
[2024-06-28T18:17:56.582+0000] {logging_mixin.py:188} INFO - [2024-06-28T18:17:56.582+0000] {dagbag.py:545} INFO - Filling up the DagBag from /opt/airflow/dags/ecomm_dag.py
[2024-06-28T18:17:56.588+0000] {processor.py:840} INFO - DAG(s) 'ecomm_data_pipeline' retrieved from /opt/airflow/dags/ecomm_dag.py
[2024-06-28T18:17:56.601+0000] {logging_mixin.py:188} INFO - [2024-06-28T18:17:56.600+0000] {dag.py:3096} INFO - Sync 1 DAGs
[2024-06-28T18:17:56.609+0000] {logging_mixin.py:188} INFO - [2024-06-28T18:17:56.609+0000] {dag.py:3954} INFO - Setting next_dagrun for ecomm_data_pipeline to 2023-01-01 15:50:00+00:00, run_after=2023-01-01 16:00:00+00:00
[2024-06-28T18:17:56.616+0000] {processor.py:183} INFO - Processing /opt/airflow/dags/ecomm_dag.py took 0.038 seconds
[2024-06-28T18:18:26.754+0000] {processor.py:161} INFO - Started process (PID=2927) to work on /opt/airflow/dags/ecomm_dag.py
[2024-06-28T18:18:26.755+0000] {processor.py:830} INFO - Processing file /opt/airflow/dags/ecomm_dag.py for tasks to queue
[2024-06-28T18:18:26.756+0000] {logging_mixin.py:188} INFO - [2024-06-28T18:18:26.756+0000] {dagbag.py:545} INFO - Filling up the DagBag from /opt/airflow/dags/ecomm_dag.py
[2024-06-28T18:18:26.762+0000] {processor.py:840} INFO - DAG(s) 'ecomm_data_pipeline' retrieved from /opt/airflow/dags/ecomm_dag.py
[2024-06-28T18:18:26.774+0000] {logging_mixin.py:188} INFO - [2024-06-28T18:18:26.774+0000] {dag.py:3096} INFO - Sync 1 DAGs
[2024-06-28T18:18:26.782+0000] {logging_mixin.py:188} INFO - [2024-06-28T18:18:26.782+0000] {dag.py:3954} INFO - Setting next_dagrun for ecomm_data_pipeline to 2023-01-01 17:20:00+00:00, run_after=2023-01-01 17:30:00+00:00
[2024-06-28T18:18:26.789+0000] {processor.py:183} INFO - Processing /opt/airflow/dags/ecomm_dag.py took 0.037 seconds
[2024-06-28T18:20:08.764+0000] {processor.py:161} INFO - Started process (PID=29) to work on /opt/airflow/dags/ecomm_dag.py
[2024-06-28T18:20:08.765+0000] {processor.py:830} INFO - Processing file /opt/airflow/dags/ecomm_dag.py for tasks to queue
[2024-06-28T18:20:08.766+0000] {logging_mixin.py:188} INFO - [2024-06-28T18:20:08.766+0000] {dagbag.py:545} INFO - Filling up the DagBag from /opt/airflow/dags/ecomm_dag.py
[2024-06-28T18:20:08.780+0000] {processor.py:840} INFO - DAG(s) 'ecomm_data_pipeline' retrieved from /opt/airflow/dags/ecomm_dag.py
[2024-06-28T18:20:08.884+0000] {logging_mixin.py:188} INFO - [2024-06-28T18:20:08.884+0000] {override.py:1829} INFO - Created Permission View: can edit on DAG:ecomm_data_pipeline
[2024-06-28T18:20:08.887+0000] {logging_mixin.py:188} INFO - [2024-06-28T18:20:08.886+0000] {override.py:1829} INFO - Created Permission View: can delete on DAG:ecomm_data_pipeline
[2024-06-28T18:20:08.888+0000] {logging_mixin.py:188} INFO - [2024-06-28T18:20:08.888+0000] {override.py:1829} INFO - Created Permission View: can read on DAG:ecomm_data_pipeline
[2024-06-28T18:20:08.889+0000] {logging_mixin.py:188} INFO - [2024-06-28T18:20:08.888+0000] {dag.py:3096} INFO - Sync 1 DAGs
[2024-06-28T18:20:08.893+0000] {logging_mixin.py:188} INFO - [2024-06-28T18:20:08.893+0000] {dag.py:3118} INFO - Creating ORM DAG for ecomm_data_pipeline
[2024-06-28T18:20:08.897+0000] {logging_mixin.py:188} INFO - [2024-06-28T18:20:08.897+0000] {dag.py:3954} INFO - Setting next_dagrun for ecomm_data_pipeline to 2023-01-01 00:00:00+00:00, run_after=2023-01-01 00:10:00+00:00
[2024-06-28T18:20:08.903+0000] {processor.py:183} INFO - Processing /opt/airflow/dags/ecomm_dag.py took 0.142 seconds
[2024-06-28T18:20:38.959+0000] {processor.py:161} INFO - Started process (PID=283) to work on /opt/airflow/dags/ecomm_dag.py
[2024-06-28T18:20:38.959+0000] {processor.py:830} INFO - Processing file /opt/airflow/dags/ecomm_dag.py for tasks to queue
[2024-06-28T18:20:38.960+0000] {logging_mixin.py:188} INFO - [2024-06-28T18:20:38.960+0000] {dagbag.py:545} INFO - Filling up the DagBag from /opt/airflow/dags/ecomm_dag.py
[2024-06-28T18:20:38.966+0000] {processor.py:840} INFO - DAG(s) 'ecomm_data_pipeline' retrieved from /opt/airflow/dags/ecomm_dag.py
[2024-06-28T18:20:38.980+0000] {logging_mixin.py:188} INFO - [2024-06-28T18:20:38.979+0000] {dag.py:3096} INFO - Sync 1 DAGs
[2024-06-28T18:20:38.988+0000] {logging_mixin.py:188} INFO - [2024-06-28T18:20:38.988+0000] {dag.py:3954} INFO - Setting next_dagrun for ecomm_data_pipeline to 2023-01-01 01:40:00+00:00, run_after=2023-01-01 01:50:00+00:00
[2024-06-28T18:20:38.995+0000] {processor.py:183} INFO - Processing /opt/airflow/dags/ecomm_dag.py took 0.039 seconds
[2024-06-28T18:21:09.107+0000] {processor.py:161} INFO - Started process (PID=549) to work on /opt/airflow/dags/ecomm_dag.py
[2024-06-28T18:21:09.107+0000] {processor.py:830} INFO - Processing file /opt/airflow/dags/ecomm_dag.py for tasks to queue
[2024-06-28T18:21:09.108+0000] {logging_mixin.py:188} INFO - [2024-06-28T18:21:09.108+0000] {dagbag.py:545} INFO - Filling up the DagBag from /opt/airflow/dags/ecomm_dag.py
[2024-06-28T18:21:09.114+0000] {processor.py:840} INFO - DAG(s) 'ecomm_data_pipeline' retrieved from /opt/airflow/dags/ecomm_dag.py
[2024-06-28T18:21:09.121+0000] {logging_mixin.py:188} INFO - [2024-06-28T18:21:09.121+0000] {dag.py:3096} INFO - Sync 1 DAGs
[2024-06-28T18:21:09.130+0000] {logging_mixin.py:188} INFO - [2024-06-28T18:21:09.130+0000] {dag.py:3954} INFO - Setting next_dagrun for ecomm_data_pipeline to 2023-01-01 03:10:00+00:00, run_after=2023-01-01 03:20:00+00:00
[2024-06-28T18:21:09.137+0000] {processor.py:183} INFO - Processing /opt/airflow/dags/ecomm_dag.py took 0.033 seconds
[2024-06-28T18:21:39.332+0000] {processor.py:161} INFO - Started process (PID=781) to work on /opt/airflow/dags/ecomm_dag.py
[2024-06-28T18:21:39.332+0000] {processor.py:830} INFO - Processing file /opt/airflow/dags/ecomm_dag.py for tasks to queue
[2024-06-28T18:21:39.333+0000] {logging_mixin.py:188} INFO - [2024-06-28T18:21:39.333+0000] {dagbag.py:545} INFO - Filling up the DagBag from /opt/airflow/dags/ecomm_dag.py
[2024-06-28T18:21:39.341+0000] {processor.py:840} INFO - DAG(s) 'ecomm_data_pipeline' retrieved from /opt/airflow/dags/ecomm_dag.py
[2024-06-28T18:21:39.388+0000] {logging_mixin.py:188} INFO - [2024-06-28T18:21:39.388+0000] {dag.py:3096} INFO - Sync 1 DAGs
[2024-06-28T18:21:39.396+0000] {logging_mixin.py:188} INFO - [2024-06-28T18:21:39.396+0000] {dag.py:3954} INFO - Setting next_dagrun for ecomm_data_pipeline to 2023-01-01 05:30:00+00:00, run_after=2023-01-01 05:40:00+00:00
[2024-06-28T18:21:39.404+0000] {processor.py:183} INFO - Processing /opt/airflow/dags/ecomm_dag.py took 0.075 seconds
[2024-06-28T18:22:09.528+0000] {processor.py:161} INFO - Started process (PID=1015) to work on /opt/airflow/dags/ecomm_dag.py
[2024-06-28T18:22:09.528+0000] {processor.py:830} INFO - Processing file /opt/airflow/dags/ecomm_dag.py for tasks to queue
[2024-06-28T18:22:09.529+0000] {logging_mixin.py:188} INFO - [2024-06-28T18:22:09.529+0000] {dagbag.py:545} INFO - Filling up the DagBag from /opt/airflow/dags/ecomm_dag.py
[2024-06-28T18:22:09.535+0000] {processor.py:840} INFO - DAG(s) 'ecomm_data_pipeline' retrieved from /opt/airflow/dags/ecomm_dag.py
[2024-06-28T18:22:09.548+0000] {logging_mixin.py:188} INFO - [2024-06-28T18:22:09.548+0000] {dag.py:3096} INFO - Sync 1 DAGs
[2024-06-28T18:22:09.557+0000] {logging_mixin.py:188} INFO - [2024-06-28T18:22:09.557+0000] {dag.py:3954} INFO - Setting next_dagrun for ecomm_data_pipeline to 2023-01-01 08:10:00+00:00, run_after=2023-01-01 08:20:00+00:00
[2024-06-28T18:22:09.564+0000] {processor.py:183} INFO - Processing /opt/airflow/dags/ecomm_dag.py took 0.038 seconds
[2024-06-28T18:22:39.813+0000] {processor.py:161} INFO - Started process (PID=1164) to work on /opt/airflow/dags/ecomm_dag.py
[2024-06-28T18:22:39.815+0000] {processor.py:830} INFO - Processing file /opt/airflow/dags/ecomm_dag.py for tasks to queue
[2024-06-28T18:22:39.817+0000] {logging_mixin.py:188} INFO - [2024-06-28T18:22:39.816+0000] {dagbag.py:545} INFO - Filling up the DagBag from /opt/airflow/dags/ecomm_dag.py
[2024-06-28T18:22:39.827+0000] {processor.py:840} INFO - DAG(s) 'ecomm_data_pipeline' retrieved from /opt/airflow/dags/ecomm_dag.py
[2024-06-28T18:22:39.845+0000] {logging_mixin.py:188} INFO - [2024-06-28T18:22:39.845+0000] {dag.py:3096} INFO - Sync 1 DAGs
[2024-06-28T18:22:39.854+0000] {logging_mixin.py:188} INFO - [2024-06-28T18:22:39.854+0000] {dag.py:3954} INFO - Setting next_dagrun for ecomm_data_pipeline to 2023-01-01 09:40:00+00:00, run_after=2023-01-01 09:50:00+00:00
[2024-06-28T18:22:39.861+0000] {processor.py:183} INFO - Processing /opt/airflow/dags/ecomm_dag.py took 0.055 seconds
[2024-06-28T18:23:10.163+0000] {processor.py:161} INFO - Started process (PID=1174) to work on /opt/airflow/dags/ecomm_dag.py
[2024-06-28T18:23:10.164+0000] {processor.py:830} INFO - Processing file /opt/airflow/dags/ecomm_dag.py for tasks to queue
[2024-06-28T18:23:10.165+0000] {logging_mixin.py:188} INFO - [2024-06-28T18:23:10.165+0000] {dagbag.py:545} INFO - Filling up the DagBag from /opt/airflow/dags/ecomm_dag.py
[2024-06-28T18:23:10.173+0000] {processor.py:840} INFO - DAG(s) 'ecomm_data_pipeline' retrieved from /opt/airflow/dags/ecomm_dag.py
[2024-06-28T18:23:10.193+0000] {logging_mixin.py:188} INFO - [2024-06-28T18:23:10.193+0000] {dag.py:3096} INFO - Sync 1 DAGs
[2024-06-28T18:23:10.203+0000] {logging_mixin.py:188} INFO - [2024-06-28T18:23:10.203+0000] {dag.py:3954} INFO - Setting next_dagrun for ecomm_data_pipeline to 2023-01-01 09:40:00+00:00, run_after=2023-01-01 09:50:00+00:00
[2024-06-28T18:23:10.211+0000] {processor.py:183} INFO - Processing /opt/airflow/dags/ecomm_dag.py took 0.051 seconds
[2024-06-28T18:23:40.487+0000] {processor.py:161} INFO - Started process (PID=1176) to work on /opt/airflow/dags/ecomm_dag.py
[2024-06-28T18:23:40.487+0000] {processor.py:830} INFO - Processing file /opt/airflow/dags/ecomm_dag.py for tasks to queue
[2024-06-28T18:23:40.489+0000] {logging_mixin.py:188} INFO - [2024-06-28T18:23:40.489+0000] {dagbag.py:545} INFO - Filling up the DagBag from /opt/airflow/dags/ecomm_dag.py
[2024-06-28T18:23:40.500+0000] {processor.py:840} INFO - DAG(s) 'ecomm_data_pipeline' retrieved from /opt/airflow/dags/ecomm_dag.py
[2024-06-28T18:23:40.519+0000] {logging_mixin.py:188} INFO - [2024-06-28T18:23:40.519+0000] {dag.py:3096} INFO - Sync 1 DAGs
[2024-06-28T18:23:40.529+0000] {logging_mixin.py:188} INFO - [2024-06-28T18:23:40.529+0000] {dag.py:3954} INFO - Setting next_dagrun for ecomm_data_pipeline to 2023-01-01 09:40:00+00:00, run_after=2023-01-01 09:50:00+00:00
[2024-06-28T18:23:40.536+0000] {processor.py:183} INFO - Processing /opt/airflow/dags/ecomm_dag.py took 0.057 seconds
[2024-06-28T18:24:10.856+0000] {processor.py:161} INFO - Started process (PID=1186) to work on /opt/airflow/dags/ecomm_dag.py
[2024-06-28T18:24:10.857+0000] {processor.py:830} INFO - Processing file /opt/airflow/dags/ecomm_dag.py for tasks to queue
[2024-06-28T18:24:10.858+0000] {logging_mixin.py:188} INFO - [2024-06-28T18:24:10.858+0000] {dagbag.py:545} INFO - Filling up the DagBag from /opt/airflow/dags/ecomm_dag.py
[2024-06-28T18:24:10.867+0000] {processor.py:840} INFO - DAG(s) 'ecomm_data_pipeline' retrieved from /opt/airflow/dags/ecomm_dag.py
[2024-06-28T18:24:10.883+0000] {logging_mixin.py:188} INFO - [2024-06-28T18:24:10.883+0000] {dag.py:3096} INFO - Sync 1 DAGs
[2024-06-28T18:24:10.892+0000] {logging_mixin.py:188} INFO - [2024-06-28T18:24:10.892+0000] {dag.py:3954} INFO - Setting next_dagrun for ecomm_data_pipeline to 2023-01-01 09:40:00+00:00, run_after=2023-01-01 09:50:00+00:00
[2024-06-28T18:24:10.900+0000] {processor.py:183} INFO - Processing /opt/airflow/dags/ecomm_dag.py took 0.049 seconds
[2024-06-28T18:24:41.207+0000] {processor.py:161} INFO - Started process (PID=1196) to work on /opt/airflow/dags/ecomm_dag.py
[2024-06-28T18:24:41.208+0000] {processor.py:830} INFO - Processing file /opt/airflow/dags/ecomm_dag.py for tasks to queue
[2024-06-28T18:24:41.210+0000] {logging_mixin.py:188} INFO - [2024-06-28T18:24:41.210+0000] {dagbag.py:545} INFO - Filling up the DagBag from /opt/airflow/dags/ecomm_dag.py
[2024-06-28T18:24:41.223+0000] {processor.py:840} INFO - DAG(s) 'ecomm_data_pipeline' retrieved from /opt/airflow/dags/ecomm_dag.py
[2024-06-28T18:24:41.243+0000] {logging_mixin.py:188} INFO - [2024-06-28T18:24:41.243+0000] {dag.py:3096} INFO - Sync 1 DAGs
[2024-06-28T18:24:41.255+0000] {logging_mixin.py:188} INFO - [2024-06-28T18:24:41.255+0000] {dag.py:3954} INFO - Setting next_dagrun for ecomm_data_pipeline to 2023-01-01 09:40:00+00:00, run_after=2023-01-01 09:50:00+00:00
[2024-06-28T18:24:41.263+0000] {processor.py:183} INFO - Processing /opt/airflow/dags/ecomm_dag.py took 0.066 seconds
[2024-06-28T18:25:11.560+0000] {processor.py:161} INFO - Started process (PID=1206) to work on /opt/airflow/dags/ecomm_dag.py
[2024-06-28T18:25:11.561+0000] {processor.py:830} INFO - Processing file /opt/airflow/dags/ecomm_dag.py for tasks to queue
[2024-06-28T18:25:11.562+0000] {logging_mixin.py:188} INFO - [2024-06-28T18:25:11.562+0000] {dagbag.py:545} INFO - Filling up the DagBag from /opt/airflow/dags/ecomm_dag.py
[2024-06-28T18:25:11.570+0000] {processor.py:840} INFO - DAG(s) 'ecomm_data_pipeline' retrieved from /opt/airflow/dags/ecomm_dag.py
[2024-06-28T18:25:11.585+0000] {logging_mixin.py:188} INFO - [2024-06-28T18:25:11.584+0000] {dag.py:3096} INFO - Sync 1 DAGs
[2024-06-28T18:25:11.593+0000] {logging_mixin.py:188} INFO - [2024-06-28T18:25:11.593+0000] {dag.py:3954} INFO - Setting next_dagrun for ecomm_data_pipeline to 2023-01-01 09:40:00+00:00, run_after=2023-01-01 09:50:00+00:00
[2024-06-28T18:25:11.600+0000] {processor.py:183} INFO - Processing /opt/airflow/dags/ecomm_dag.py took 0.043 seconds
[2024-06-28T18:30:10.874+0000] {processor.py:161} INFO - Started process (PID=28) to work on /opt/airflow/dags/ecomm_dag.py
[2024-06-28T18:30:10.875+0000] {processor.py:830} INFO - Processing file /opt/airflow/dags/ecomm_dag.py for tasks to queue
[2024-06-28T18:30:10.876+0000] {logging_mixin.py:188} INFO - [2024-06-28T18:30:10.876+0000] {dagbag.py:545} INFO - Filling up the DagBag from /opt/airflow/dags/ecomm_dag.py
[2024-06-28T18:30:10.890+0000] {processor.py:840} INFO - DAG(s) 'ecomm_data_pipeline' retrieved from /opt/airflow/dags/ecomm_dag.py
[2024-06-28T18:30:10.989+0000] {logging_mixin.py:188} INFO - [2024-06-28T18:30:10.989+0000] {override.py:1677} ERROR - Add Permission: (psycopg2.errors.UniqueViolation) duplicate key value violates unique constraint "ab_permission_name_uq"
DETAIL:  Key (name)=(can_delete) already exists.

[SQL: INSERT INTO ab_permission (name) VALUES (%(name)s) RETURNING ab_permission.id]
[parameters: {'name': 'can_delete'}]
(Background on this error at: https://sqlalche.me/e/14/gkpj)
[2024-06-28T18:30:10.991+0000] {logging_mixin.py:188} INFO - [2024-06-28T18:30:10.991+0000] {override.py:1829} INFO - Created Permission View: None on DAG:ecomm_data_pipeline
[2024-06-28T18:30:10.993+0000] {logging_mixin.py:188} INFO - [2024-06-28T18:30:10.993+0000] {override.py:1829} INFO - Created Permission View: can read on DAG:ecomm_data_pipeline
[2024-06-28T18:30:10.994+0000] {logging_mixin.py:188} INFO - [2024-06-28T18:30:10.994+0000] {override.py:1829} INFO - Created Permission View: can edit on DAG:ecomm_data_pipeline
[2024-06-28T18:30:10.994+0000] {logging_mixin.py:188} INFO - [2024-06-28T18:30:10.994+0000] {dag.py:3096} INFO - Sync 1 DAGs
[2024-06-28T18:30:10.998+0000] {logging_mixin.py:188} INFO - [2024-06-28T18:30:10.998+0000] {dag.py:3118} INFO - Creating ORM DAG for ecomm_data_pipeline
[2024-06-28T18:30:11.002+0000] {logging_mixin.py:188} INFO - [2024-06-28T18:30:11.002+0000] {dag.py:3954} INFO - Setting next_dagrun for ecomm_data_pipeline to 2023-01-01 00:00:00+00:00, run_after=2023-01-01 00:10:00+00:00
[2024-06-28T18:30:11.007+0000] {processor.py:183} INFO - Processing /opt/airflow/dags/ecomm_dag.py took 0.136 seconds
[2024-06-28T18:30:41.069+0000] {processor.py:161} INFO - Started process (PID=283) to work on /opt/airflow/dags/ecomm_dag.py
[2024-06-28T18:30:41.069+0000] {processor.py:830} INFO - Processing file /opt/airflow/dags/ecomm_dag.py for tasks to queue
[2024-06-28T18:30:41.070+0000] {logging_mixin.py:188} INFO - [2024-06-28T18:30:41.070+0000] {dagbag.py:545} INFO - Filling up the DagBag from /opt/airflow/dags/ecomm_dag.py
[2024-06-28T18:30:41.075+0000] {processor.py:840} INFO - DAG(s) 'ecomm_data_pipeline' retrieved from /opt/airflow/dags/ecomm_dag.py
[2024-06-28T18:30:41.088+0000] {logging_mixin.py:188} INFO - [2024-06-28T18:30:41.088+0000] {dag.py:3096} INFO - Sync 1 DAGs
[2024-06-28T18:30:41.096+0000] {logging_mixin.py:188} INFO - [2024-06-28T18:30:41.096+0000] {dag.py:3954} INFO - Setting next_dagrun for ecomm_data_pipeline to 2023-01-01 01:40:00+00:00, run_after=2023-01-01 01:50:00+00:00
[2024-06-28T18:30:41.104+0000] {processor.py:183} INFO - Processing /opt/airflow/dags/ecomm_dag.py took 0.037 seconds
[2024-06-28T18:31:11.256+0000] {processor.py:161} INFO - Started process (PID=537) to work on /opt/airflow/dags/ecomm_dag.py
[2024-06-28T18:31:11.256+0000] {processor.py:830} INFO - Processing file /opt/airflow/dags/ecomm_dag.py for tasks to queue
[2024-06-28T18:31:11.257+0000] {logging_mixin.py:188} INFO - [2024-06-28T18:31:11.257+0000] {dagbag.py:545} INFO - Filling up the DagBag from /opt/airflow/dags/ecomm_dag.py
[2024-06-28T18:31:11.266+0000] {processor.py:840} INFO - DAG(s) 'ecomm_data_pipeline' retrieved from /opt/airflow/dags/ecomm_dag.py
[2024-06-28T18:31:11.272+0000] {logging_mixin.py:188} INFO - [2024-06-28T18:31:11.272+0000] {dag.py:3096} INFO - Sync 1 DAGs
[2024-06-28T18:31:11.283+0000] {logging_mixin.py:188} INFO - [2024-06-28T18:31:11.283+0000] {dag.py:3954} INFO - Setting next_dagrun for ecomm_data_pipeline to 2023-01-01 03:20:00+00:00, run_after=2023-01-01 03:30:00+00:00
[2024-06-28T18:31:11.291+0000] {processor.py:183} INFO - Processing /opt/airflow/dags/ecomm_dag.py took 0.038 seconds
[2024-06-28T18:31:41.489+0000] {processor.py:161} INFO - Started process (PID=770) to work on /opt/airflow/dags/ecomm_dag.py
[2024-06-28T18:31:41.490+0000] {processor.py:830} INFO - Processing file /opt/airflow/dags/ecomm_dag.py for tasks to queue
[2024-06-28T18:31:41.492+0000] {logging_mixin.py:188} INFO - [2024-06-28T18:31:41.491+0000] {dagbag.py:545} INFO - Filling up the DagBag from /opt/airflow/dags/ecomm_dag.py
[2024-06-28T18:31:41.501+0000] {processor.py:840} INFO - DAG(s) 'ecomm_data_pipeline' retrieved from /opt/airflow/dags/ecomm_dag.py
[2024-06-28T18:31:41.555+0000] {logging_mixin.py:188} INFO - [2024-06-28T18:31:41.555+0000] {dag.py:3096} INFO - Sync 1 DAGs
[2024-06-28T18:31:41.562+0000] {logging_mixin.py:188} INFO - [2024-06-28T18:31:41.562+0000] {dag.py:3954} INFO - Setting next_dagrun for ecomm_data_pipeline to 2023-01-01 05:50:00+00:00, run_after=2023-01-01 06:00:00+00:00
[2024-06-28T18:31:41.568+0000] {processor.py:183} INFO - Processing /opt/airflow/dags/ecomm_dag.py took 0.085 seconds
[2024-06-28T18:32:11.859+0000] {processor.py:161} INFO - Started process (PID=934) to work on /opt/airflow/dags/ecomm_dag.py
[2024-06-28T18:32:11.860+0000] {processor.py:830} INFO - Processing file /opt/airflow/dags/ecomm_dag.py for tasks to queue
[2024-06-28T18:32:11.862+0000] {logging_mixin.py:188} INFO - [2024-06-28T18:32:11.861+0000] {dagbag.py:545} INFO - Filling up the DagBag from /opt/airflow/dags/ecomm_dag.py
[2024-06-28T18:32:11.871+0000] {processor.py:840} INFO - DAG(s) 'ecomm_data_pipeline' retrieved from /opt/airflow/dags/ecomm_dag.py
[2024-06-28T18:32:11.889+0000] {logging_mixin.py:188} INFO - [2024-06-28T18:32:11.889+0000] {dag.py:3096} INFO - Sync 1 DAGs
[2024-06-28T18:32:11.899+0000] {logging_mixin.py:188} INFO - [2024-06-28T18:32:11.899+0000] {dag.py:3954} INFO - Setting next_dagrun for ecomm_data_pipeline to 2023-01-01 07:40:00+00:00, run_after=2023-01-01 07:50:00+00:00
[2024-06-28T18:32:11.906+0000] {processor.py:183} INFO - Processing /opt/airflow/dags/ecomm_dag.py took 0.053 seconds
[2024-06-28T18:32:42.204+0000] {processor.py:161} INFO - Started process (PID=944) to work on /opt/airflow/dags/ecomm_dag.py
[2024-06-28T18:32:42.205+0000] {processor.py:830} INFO - Processing file /opt/airflow/dags/ecomm_dag.py for tasks to queue
[2024-06-28T18:32:42.207+0000] {logging_mixin.py:188} INFO - [2024-06-28T18:32:42.207+0000] {dagbag.py:545} INFO - Filling up the DagBag from /opt/airflow/dags/ecomm_dag.py
[2024-06-28T18:32:42.216+0000] {processor.py:840} INFO - DAG(s) 'ecomm_data_pipeline' retrieved from /opt/airflow/dags/ecomm_dag.py
[2024-06-28T18:32:42.232+0000] {logging_mixin.py:188} INFO - [2024-06-28T18:32:42.232+0000] {dag.py:3096} INFO - Sync 1 DAGs
[2024-06-28T18:32:42.242+0000] {logging_mixin.py:188} INFO - [2024-06-28T18:32:42.242+0000] {dag.py:3954} INFO - Setting next_dagrun for ecomm_data_pipeline to 2023-01-01 07:40:00+00:00, run_after=2023-01-01 07:50:00+00:00
[2024-06-28T18:32:42.248+0000] {processor.py:183} INFO - Processing /opt/airflow/dags/ecomm_dag.py took 0.049 seconds
[2024-06-28T18:33:12.537+0000] {processor.py:161} INFO - Started process (PID=954) to work on /opt/airflow/dags/ecomm_dag.py
[2024-06-28T18:33:12.538+0000] {processor.py:830} INFO - Processing file /opt/airflow/dags/ecomm_dag.py for tasks to queue
[2024-06-28T18:33:12.539+0000] {logging_mixin.py:188} INFO - [2024-06-28T18:33:12.539+0000] {dagbag.py:545} INFO - Filling up the DagBag from /opt/airflow/dags/ecomm_dag.py
[2024-06-28T18:33:12.546+0000] {processor.py:840} INFO - DAG(s) 'ecomm_data_pipeline' retrieved from /opt/airflow/dags/ecomm_dag.py
[2024-06-28T18:33:12.561+0000] {logging_mixin.py:188} INFO - [2024-06-28T18:33:12.561+0000] {dag.py:3096} INFO - Sync 1 DAGs
[2024-06-28T18:33:12.571+0000] {logging_mixin.py:188} INFO - [2024-06-28T18:33:12.571+0000] {dag.py:3954} INFO - Setting next_dagrun for ecomm_data_pipeline to 2023-01-01 07:40:00+00:00, run_after=2023-01-01 07:50:00+00:00
[2024-06-28T18:33:12.579+0000] {processor.py:183} INFO - Processing /opt/airflow/dags/ecomm_dag.py took 0.045 seconds
[2024-06-28T18:33:42.864+0000] {processor.py:161} INFO - Started process (PID=956) to work on /opt/airflow/dags/ecomm_dag.py
[2024-06-28T18:33:42.864+0000] {processor.py:830} INFO - Processing file /opt/airflow/dags/ecomm_dag.py for tasks to queue
[2024-06-28T18:33:42.865+0000] {logging_mixin.py:188} INFO - [2024-06-28T18:33:42.865+0000] {dagbag.py:545} INFO - Filling up the DagBag from /opt/airflow/dags/ecomm_dag.py
[2024-06-28T18:33:42.873+0000] {processor.py:840} INFO - DAG(s) 'ecomm_data_pipeline' retrieved from /opt/airflow/dags/ecomm_dag.py
[2024-06-28T18:33:42.887+0000] {logging_mixin.py:188} INFO - [2024-06-28T18:33:42.886+0000] {dag.py:3096} INFO - Sync 1 DAGs
[2024-06-28T18:33:42.895+0000] {logging_mixin.py:188} INFO - [2024-06-28T18:33:42.895+0000] {dag.py:3954} INFO - Setting next_dagrun for ecomm_data_pipeline to 2023-01-01 07:40:00+00:00, run_after=2023-01-01 07:50:00+00:00
[2024-06-28T18:33:42.903+0000] {processor.py:183} INFO - Processing /opt/airflow/dags/ecomm_dag.py took 0.046 seconds
[2024-06-28T18:34:13.195+0000] {processor.py:161} INFO - Started process (PID=966) to work on /opt/airflow/dags/ecomm_dag.py
[2024-06-28T18:34:13.196+0000] {processor.py:830} INFO - Processing file /opt/airflow/dags/ecomm_dag.py for tasks to queue
[2024-06-28T18:34:13.198+0000] {logging_mixin.py:188} INFO - [2024-06-28T18:34:13.197+0000] {dagbag.py:545} INFO - Filling up the DagBag from /opt/airflow/dags/ecomm_dag.py
[2024-06-28T18:34:13.207+0000] {processor.py:840} INFO - DAG(s) 'ecomm_data_pipeline' retrieved from /opt/airflow/dags/ecomm_dag.py
[2024-06-28T18:34:13.223+0000] {logging_mixin.py:188} INFO - [2024-06-28T18:34:13.223+0000] {dag.py:3096} INFO - Sync 1 DAGs
[2024-06-28T18:34:13.233+0000] {logging_mixin.py:188} INFO - [2024-06-28T18:34:13.233+0000] {dag.py:3954} INFO - Setting next_dagrun for ecomm_data_pipeline to 2023-01-01 07:40:00+00:00, run_after=2023-01-01 07:50:00+00:00
[2024-06-28T18:34:13.241+0000] {processor.py:183} INFO - Processing /opt/airflow/dags/ecomm_dag.py took 0.051 seconds
[2024-06-28T18:34:43.574+0000] {processor.py:161} INFO - Started process (PID=976) to work on /opt/airflow/dags/ecomm_dag.py
[2024-06-28T18:34:43.575+0000] {processor.py:830} INFO - Processing file /opt/airflow/dags/ecomm_dag.py for tasks to queue
[2024-06-28T18:34:43.577+0000] {logging_mixin.py:188} INFO - [2024-06-28T18:34:43.577+0000] {dagbag.py:545} INFO - Filling up the DagBag from /opt/airflow/dags/ecomm_dag.py
[2024-06-28T18:34:43.586+0000] {processor.py:840} INFO - DAG(s) 'ecomm_data_pipeline' retrieved from /opt/airflow/dags/ecomm_dag.py
[2024-06-28T18:34:43.603+0000] {logging_mixin.py:188} INFO - [2024-06-28T18:34:43.603+0000] {dag.py:3096} INFO - Sync 1 DAGs
[2024-06-28T18:34:43.614+0000] {logging_mixin.py:188} INFO - [2024-06-28T18:34:43.613+0000] {dag.py:3954} INFO - Setting next_dagrun for ecomm_data_pipeline to 2023-01-01 07:40:00+00:00, run_after=2023-01-01 07:50:00+00:00
[2024-06-28T18:34:43.620+0000] {processor.py:183} INFO - Processing /opt/airflow/dags/ecomm_dag.py took 0.054 seconds
[2024-06-28T18:35:13.954+0000] {processor.py:161} INFO - Started process (PID=986) to work on /opt/airflow/dags/ecomm_dag.py
[2024-06-28T18:35:13.955+0000] {processor.py:830} INFO - Processing file /opt/airflow/dags/ecomm_dag.py for tasks to queue
[2024-06-28T18:35:13.958+0000] {logging_mixin.py:188} INFO - [2024-06-28T18:35:13.958+0000] {dagbag.py:545} INFO - Filling up the DagBag from /opt/airflow/dags/ecomm_dag.py
[2024-06-28T18:35:13.974+0000] {processor.py:840} INFO - DAG(s) 'ecomm_data_pipeline' retrieved from /opt/airflow/dags/ecomm_dag.py
[2024-06-28T18:35:14.000+0000] {logging_mixin.py:188} INFO - [2024-06-28T18:35:14.000+0000] {dag.py:3096} INFO - Sync 1 DAGs
[2024-06-28T18:35:14.014+0000] {logging_mixin.py:188} INFO - [2024-06-28T18:35:14.014+0000] {dag.py:3954} INFO - Setting next_dagrun for ecomm_data_pipeline to 2023-01-01 07:40:00+00:00, run_after=2023-01-01 07:50:00+00:00
[2024-06-28T18:35:14.022+0000] {processor.py:183} INFO - Processing /opt/airflow/dags/ecomm_dag.py took 0.080 seconds
[2024-06-28T18:35:44.256+0000] {processor.py:161} INFO - Started process (PID=996) to work on /opt/airflow/dags/ecomm_dag.py
[2024-06-28T18:35:44.257+0000] {processor.py:830} INFO - Processing file /opt/airflow/dags/ecomm_dag.py for tasks to queue
[2024-06-28T18:35:44.259+0000] {logging_mixin.py:188} INFO - [2024-06-28T18:35:44.259+0000] {dagbag.py:545} INFO - Filling up the DagBag from /opt/airflow/dags/ecomm_dag.py
[2024-06-28T18:35:44.269+0000] {processor.py:840} INFO - DAG(s) 'ecomm_data_pipeline' retrieved from /opt/airflow/dags/ecomm_dag.py
[2024-06-28T18:35:44.287+0000] {logging_mixin.py:188} INFO - [2024-06-28T18:35:44.287+0000] {dag.py:3096} INFO - Sync 1 DAGs
[2024-06-28T18:35:44.297+0000] {logging_mixin.py:188} INFO - [2024-06-28T18:35:44.297+0000] {dag.py:3954} INFO - Setting next_dagrun for ecomm_data_pipeline to 2023-01-01 07:40:00+00:00, run_after=2023-01-01 07:50:00+00:00
[2024-06-28T18:35:44.305+0000] {processor.py:183} INFO - Processing /opt/airflow/dags/ecomm_dag.py took 0.052 seconds
[2024-06-28T18:36:14.529+0000] {processor.py:161} INFO - Started process (PID=1006) to work on /opt/airflow/dags/ecomm_dag.py
[2024-06-28T18:36:14.530+0000] {processor.py:830} INFO - Processing file /opt/airflow/dags/ecomm_dag.py for tasks to queue
[2024-06-28T18:36:14.531+0000] {logging_mixin.py:188} INFO - [2024-06-28T18:36:14.531+0000] {dagbag.py:545} INFO - Filling up the DagBag from /opt/airflow/dags/ecomm_dag.py
[2024-06-28T18:36:14.539+0000] {processor.py:840} INFO - DAG(s) 'ecomm_data_pipeline' retrieved from /opt/airflow/dags/ecomm_dag.py
[2024-06-28T18:36:14.555+0000] {logging_mixin.py:188} INFO - [2024-06-28T18:36:14.554+0000] {dag.py:3096} INFO - Sync 1 DAGs
[2024-06-28T18:36:14.563+0000] {logging_mixin.py:188} INFO - [2024-06-28T18:36:14.563+0000] {dag.py:3954} INFO - Setting next_dagrun for ecomm_data_pipeline to 2023-01-01 07:40:00+00:00, run_after=2023-01-01 07:50:00+00:00
[2024-06-28T18:36:14.570+0000] {processor.py:183} INFO - Processing /opt/airflow/dags/ecomm_dag.py took 0.046 seconds
[2024-06-28T18:36:44.836+0000] {processor.py:161} INFO - Started process (PID=1016) to work on /opt/airflow/dags/ecomm_dag.py
[2024-06-28T18:36:44.837+0000] {processor.py:830} INFO - Processing file /opt/airflow/dags/ecomm_dag.py for tasks to queue
[2024-06-28T18:36:44.838+0000] {logging_mixin.py:188} INFO - [2024-06-28T18:36:44.838+0000] {dagbag.py:545} INFO - Filling up the DagBag from /opt/airflow/dags/ecomm_dag.py
[2024-06-28T18:36:44.847+0000] {processor.py:840} INFO - DAG(s) 'ecomm_data_pipeline' retrieved from /opt/airflow/dags/ecomm_dag.py
[2024-06-28T18:36:44.862+0000] {logging_mixin.py:188} INFO - [2024-06-28T18:36:44.861+0000] {dag.py:3096} INFO - Sync 1 DAGs
[2024-06-28T18:36:44.870+0000] {logging_mixin.py:188} INFO - [2024-06-28T18:36:44.870+0000] {dag.py:3954} INFO - Setting next_dagrun for ecomm_data_pipeline to 2023-01-01 07:40:00+00:00, run_after=2023-01-01 07:50:00+00:00
[2024-06-28T18:36:44.878+0000] {processor.py:183} INFO - Processing /opt/airflow/dags/ecomm_dag.py took 0.047 seconds
[2024-06-28T18:37:15.188+0000] {processor.py:161} INFO - Started process (PID=1026) to work on /opt/airflow/dags/ecomm_dag.py
[2024-06-28T18:37:15.189+0000] {processor.py:830} INFO - Processing file /opt/airflow/dags/ecomm_dag.py for tasks to queue
[2024-06-28T18:37:15.190+0000] {logging_mixin.py:188} INFO - [2024-06-28T18:37:15.190+0000] {dagbag.py:545} INFO - Filling up the DagBag from /opt/airflow/dags/ecomm_dag.py
[2024-06-28T18:37:15.199+0000] {processor.py:840} INFO - DAG(s) 'ecomm_data_pipeline' retrieved from /opt/airflow/dags/ecomm_dag.py
[2024-06-28T18:37:15.215+0000] {logging_mixin.py:188} INFO - [2024-06-28T18:37:15.215+0000] {dag.py:3096} INFO - Sync 1 DAGs
[2024-06-28T18:37:15.225+0000] {logging_mixin.py:188} INFO - [2024-06-28T18:37:15.224+0000] {dag.py:3954} INFO - Setting next_dagrun for ecomm_data_pipeline to 2023-01-01 07:40:00+00:00, run_after=2023-01-01 07:50:00+00:00
[2024-06-28T18:37:15.232+0000] {processor.py:183} INFO - Processing /opt/airflow/dags/ecomm_dag.py took 0.050 seconds
[2024-06-28T18:37:45.547+0000] {processor.py:161} INFO - Started process (PID=1036) to work on /opt/airflow/dags/ecomm_dag.py
[2024-06-28T18:37:45.548+0000] {processor.py:830} INFO - Processing file /opt/airflow/dags/ecomm_dag.py for tasks to queue
[2024-06-28T18:37:45.550+0000] {logging_mixin.py:188} INFO - [2024-06-28T18:37:45.549+0000] {dagbag.py:545} INFO - Filling up the DagBag from /opt/airflow/dags/ecomm_dag.py
[2024-06-28T18:37:45.559+0000] {processor.py:840} INFO - DAG(s) 'ecomm_data_pipeline' retrieved from /opt/airflow/dags/ecomm_dag.py
[2024-06-28T18:37:45.575+0000] {logging_mixin.py:188} INFO - [2024-06-28T18:37:45.575+0000] {dag.py:3096} INFO - Sync 1 DAGs
[2024-06-28T18:37:45.585+0000] {logging_mixin.py:188} INFO - [2024-06-28T18:37:45.585+0000] {dag.py:3954} INFO - Setting next_dagrun for ecomm_data_pipeline to 2023-01-01 07:40:00+00:00, run_after=2023-01-01 07:50:00+00:00
[2024-06-28T18:37:45.592+0000] {processor.py:183} INFO - Processing /opt/airflow/dags/ecomm_dag.py took 0.052 seconds
[2024-06-28T18:38:15.913+0000] {processor.py:161} INFO - Started process (PID=1046) to work on /opt/airflow/dags/ecomm_dag.py
[2024-06-28T18:38:15.914+0000] {processor.py:830} INFO - Processing file /opt/airflow/dags/ecomm_dag.py for tasks to queue
[2024-06-28T18:38:15.915+0000] {logging_mixin.py:188} INFO - [2024-06-28T18:38:15.915+0000] {dagbag.py:545} INFO - Filling up the DagBag from /opt/airflow/dags/ecomm_dag.py
[2024-06-28T18:38:15.924+0000] {processor.py:840} INFO - DAG(s) 'ecomm_data_pipeline' retrieved from /opt/airflow/dags/ecomm_dag.py
[2024-06-28T18:38:15.943+0000] {logging_mixin.py:188} INFO - [2024-06-28T18:38:15.943+0000] {dag.py:3096} INFO - Sync 1 DAGs
[2024-06-28T18:38:15.954+0000] {logging_mixin.py:188} INFO - [2024-06-28T18:38:15.954+0000] {dag.py:3954} INFO - Setting next_dagrun for ecomm_data_pipeline to 2023-01-01 07:40:00+00:00, run_after=2023-01-01 07:50:00+00:00
[2024-06-28T18:38:15.962+0000] {processor.py:183} INFO - Processing /opt/airflow/dags/ecomm_dag.py took 0.055 seconds
[2024-06-28T18:38:46.247+0000] {processor.py:161} INFO - Started process (PID=1056) to work on /opt/airflow/dags/ecomm_dag.py
[2024-06-28T18:38:46.248+0000] {processor.py:830} INFO - Processing file /opt/airflow/dags/ecomm_dag.py for tasks to queue
[2024-06-28T18:38:46.250+0000] {logging_mixin.py:188} INFO - [2024-06-28T18:38:46.249+0000] {dagbag.py:545} INFO - Filling up the DagBag from /opt/airflow/dags/ecomm_dag.py
[2024-06-28T18:38:46.259+0000] {processor.py:840} INFO - DAG(s) 'ecomm_data_pipeline' retrieved from /opt/airflow/dags/ecomm_dag.py
[2024-06-28T18:38:46.275+0000] {logging_mixin.py:188} INFO - [2024-06-28T18:38:46.275+0000] {dag.py:3096} INFO - Sync 1 DAGs
[2024-06-28T18:38:46.284+0000] {logging_mixin.py:188} INFO - [2024-06-28T18:38:46.284+0000] {dag.py:3954} INFO - Setting next_dagrun for ecomm_data_pipeline to 2023-01-01 07:40:00+00:00, run_after=2023-01-01 07:50:00+00:00
[2024-06-28T18:38:46.291+0000] {processor.py:183} INFO - Processing /opt/airflow/dags/ecomm_dag.py took 0.050 seconds
[2024-06-28T18:39:16.614+0000] {processor.py:161} INFO - Started process (PID=1066) to work on /opt/airflow/dags/ecomm_dag.py
[2024-06-28T18:39:16.615+0000] {processor.py:830} INFO - Processing file /opt/airflow/dags/ecomm_dag.py for tasks to queue
[2024-06-28T18:39:16.616+0000] {logging_mixin.py:188} INFO - [2024-06-28T18:39:16.616+0000] {dagbag.py:545} INFO - Filling up the DagBag from /opt/airflow/dags/ecomm_dag.py
[2024-06-28T18:39:16.625+0000] {processor.py:840} INFO - DAG(s) 'ecomm_data_pipeline' retrieved from /opt/airflow/dags/ecomm_dag.py
[2024-06-28T18:39:16.640+0000] {logging_mixin.py:188} INFO - [2024-06-28T18:39:16.640+0000] {dag.py:3096} INFO - Sync 1 DAGs
[2024-06-28T18:39:16.649+0000] {logging_mixin.py:188} INFO - [2024-06-28T18:39:16.649+0000] {dag.py:3954} INFO - Setting next_dagrun for ecomm_data_pipeline to 2023-01-01 07:40:00+00:00, run_after=2023-01-01 07:50:00+00:00
[2024-06-28T18:39:16.656+0000] {processor.py:183} INFO - Processing /opt/airflow/dags/ecomm_dag.py took 0.047 seconds
[2024-06-28T18:39:47.005+0000] {processor.py:161} INFO - Started process (PID=1076) to work on /opt/airflow/dags/ecomm_dag.py
[2024-06-28T18:39:47.006+0000] {processor.py:830} INFO - Processing file /opt/airflow/dags/ecomm_dag.py for tasks to queue
[2024-06-28T18:39:47.008+0000] {logging_mixin.py:188} INFO - [2024-06-28T18:39:47.008+0000] {dagbag.py:545} INFO - Filling up the DagBag from /opt/airflow/dags/ecomm_dag.py
[2024-06-28T18:39:47.017+0000] {processor.py:840} INFO - DAG(s) 'ecomm_data_pipeline' retrieved from /opt/airflow/dags/ecomm_dag.py
[2024-06-28T18:39:47.033+0000] {logging_mixin.py:188} INFO - [2024-06-28T18:39:47.033+0000] {dag.py:3096} INFO - Sync 1 DAGs
[2024-06-28T18:39:47.044+0000] {logging_mixin.py:188} INFO - [2024-06-28T18:39:47.044+0000] {dag.py:3954} INFO - Setting next_dagrun for ecomm_data_pipeline to 2023-01-01 07:40:00+00:00, run_after=2023-01-01 07:50:00+00:00
[2024-06-28T18:39:47.052+0000] {processor.py:183} INFO - Processing /opt/airflow/dags/ecomm_dag.py took 0.053 seconds
[2024-06-28T18:40:17.386+0000] {processor.py:161} INFO - Started process (PID=1086) to work on /opt/airflow/dags/ecomm_dag.py
[2024-06-28T18:40:17.387+0000] {processor.py:830} INFO - Processing file /opt/airflow/dags/ecomm_dag.py for tasks to queue
[2024-06-28T18:40:17.388+0000] {logging_mixin.py:188} INFO - [2024-06-28T18:40:17.388+0000] {dagbag.py:545} INFO - Filling up the DagBag from /opt/airflow/dags/ecomm_dag.py
[2024-06-28T18:40:17.396+0000] {processor.py:840} INFO - DAG(s) 'ecomm_data_pipeline' retrieved from /opt/airflow/dags/ecomm_dag.py
[2024-06-28T18:40:17.412+0000] {logging_mixin.py:188} INFO - [2024-06-28T18:40:17.412+0000] {dag.py:3096} INFO - Sync 1 DAGs
[2024-06-28T18:40:17.421+0000] {logging_mixin.py:188} INFO - [2024-06-28T18:40:17.421+0000] {dag.py:3954} INFO - Setting next_dagrun for ecomm_data_pipeline to 2023-01-01 07:40:00+00:00, run_after=2023-01-01 07:50:00+00:00
[2024-06-28T18:40:17.428+0000] {processor.py:183} INFO - Processing /opt/airflow/dags/ecomm_dag.py took 0.048 seconds
[2024-06-28T18:40:47.763+0000] {processor.py:161} INFO - Started process (PID=1096) to work on /opt/airflow/dags/ecomm_dag.py
[2024-06-28T18:40:47.764+0000] {processor.py:830} INFO - Processing file /opt/airflow/dags/ecomm_dag.py for tasks to queue
[2024-06-28T18:40:47.765+0000] {logging_mixin.py:188} INFO - [2024-06-28T18:40:47.765+0000] {dagbag.py:545} INFO - Filling up the DagBag from /opt/airflow/dags/ecomm_dag.py
[2024-06-28T18:40:47.775+0000] {processor.py:840} INFO - DAG(s) 'ecomm_data_pipeline' retrieved from /opt/airflow/dags/ecomm_dag.py
[2024-06-28T18:40:47.791+0000] {logging_mixin.py:188} INFO - [2024-06-28T18:40:47.791+0000] {dag.py:3096} INFO - Sync 1 DAGs
[2024-06-28T18:40:47.800+0000] {logging_mixin.py:188} INFO - [2024-06-28T18:40:47.800+0000] {dag.py:3954} INFO - Setting next_dagrun for ecomm_data_pipeline to 2023-01-01 07:40:00+00:00, run_after=2023-01-01 07:50:00+00:00
[2024-06-28T18:40:47.807+0000] {processor.py:183} INFO - Processing /opt/airflow/dags/ecomm_dag.py took 0.050 seconds
[2024-06-28T18:41:18.084+0000] {processor.py:161} INFO - Started process (PID=1106) to work on /opt/airflow/dags/ecomm_dag.py
[2024-06-28T18:41:18.085+0000] {processor.py:830} INFO - Processing file /opt/airflow/dags/ecomm_dag.py for tasks to queue
[2024-06-28T18:41:18.087+0000] {logging_mixin.py:188} INFO - [2024-06-28T18:41:18.086+0000] {dagbag.py:545} INFO - Filling up the DagBag from /opt/airflow/dags/ecomm_dag.py
[2024-06-28T18:41:18.095+0000] {processor.py:840} INFO - DAG(s) 'ecomm_data_pipeline' retrieved from /opt/airflow/dags/ecomm_dag.py
[2024-06-28T18:41:18.111+0000] {logging_mixin.py:188} INFO - [2024-06-28T18:41:18.111+0000] {dag.py:3096} INFO - Sync 1 DAGs
[2024-06-28T18:41:18.119+0000] {logging_mixin.py:188} INFO - [2024-06-28T18:41:18.119+0000] {dag.py:3954} INFO - Setting next_dagrun for ecomm_data_pipeline to 2023-01-01 07:40:00+00:00, run_after=2023-01-01 07:50:00+00:00
[2024-06-28T18:41:18.126+0000] {processor.py:183} INFO - Processing /opt/airflow/dags/ecomm_dag.py took 0.049 seconds
[2024-06-28T18:41:48.420+0000] {processor.py:161} INFO - Started process (PID=1116) to work on /opt/airflow/dags/ecomm_dag.py
[2024-06-28T18:41:48.421+0000] {processor.py:830} INFO - Processing file /opt/airflow/dags/ecomm_dag.py for tasks to queue
[2024-06-28T18:41:48.422+0000] {logging_mixin.py:188} INFO - [2024-06-28T18:41:48.422+0000] {dagbag.py:545} INFO - Filling up the DagBag from /opt/airflow/dags/ecomm_dag.py
[2024-06-28T18:41:48.431+0000] {processor.py:840} INFO - DAG(s) 'ecomm_data_pipeline' retrieved from /opt/airflow/dags/ecomm_dag.py
[2024-06-28T18:41:48.447+0000] {logging_mixin.py:188} INFO - [2024-06-28T18:41:48.447+0000] {dag.py:3096} INFO - Sync 1 DAGs
[2024-06-28T18:41:48.456+0000] {logging_mixin.py:188} INFO - [2024-06-28T18:41:48.456+0000] {dag.py:3954} INFO - Setting next_dagrun for ecomm_data_pipeline to 2023-01-01 07:40:00+00:00, run_after=2023-01-01 07:50:00+00:00
[2024-06-28T18:41:48.463+0000] {processor.py:183} INFO - Processing /opt/airflow/dags/ecomm_dag.py took 0.049 seconds
[2024-06-28T18:42:18.766+0000] {processor.py:161} INFO - Started process (PID=1126) to work on /opt/airflow/dags/ecomm_dag.py
[2024-06-28T18:42:18.766+0000] {processor.py:830} INFO - Processing file /opt/airflow/dags/ecomm_dag.py for tasks to queue
[2024-06-28T18:42:18.767+0000] {logging_mixin.py:188} INFO - [2024-06-28T18:42:18.767+0000] {dagbag.py:545} INFO - Filling up the DagBag from /opt/airflow/dags/ecomm_dag.py
[2024-06-28T18:42:18.773+0000] {processor.py:840} INFO - DAG(s) 'ecomm_data_pipeline' retrieved from /opt/airflow/dags/ecomm_dag.py
[2024-06-28T18:42:18.786+0000] {logging_mixin.py:188} INFO - [2024-06-28T18:42:18.786+0000] {dag.py:3096} INFO - Sync 1 DAGs
[2024-06-28T18:42:18.794+0000] {logging_mixin.py:188} INFO - [2024-06-28T18:42:18.794+0000] {dag.py:3954} INFO - Setting next_dagrun for ecomm_data_pipeline to 2023-01-01 07:40:00+00:00, run_after=2023-01-01 07:50:00+00:00
[2024-06-28T18:42:18.800+0000] {processor.py:183} INFO - Processing /opt/airflow/dags/ecomm_dag.py took 0.038 seconds
[2024-06-28T18:42:49.119+0000] {processor.py:161} INFO - Started process (PID=1136) to work on /opt/airflow/dags/ecomm_dag.py
[2024-06-28T18:42:49.120+0000] {processor.py:830} INFO - Processing file /opt/airflow/dags/ecomm_dag.py for tasks to queue
[2024-06-28T18:42:49.122+0000] {logging_mixin.py:188} INFO - [2024-06-28T18:42:49.122+0000] {dagbag.py:545} INFO - Filling up the DagBag from /opt/airflow/dags/ecomm_dag.py
[2024-06-28T18:42:49.131+0000] {processor.py:840} INFO - DAG(s) 'ecomm_data_pipeline' retrieved from /opt/airflow/dags/ecomm_dag.py
[2024-06-28T18:42:49.147+0000] {logging_mixin.py:188} INFO - [2024-06-28T18:42:49.147+0000] {dag.py:3096} INFO - Sync 1 DAGs
[2024-06-28T18:42:49.156+0000] {logging_mixin.py:188} INFO - [2024-06-28T18:42:49.156+0000] {dag.py:3954} INFO - Setting next_dagrun for ecomm_data_pipeline to 2023-01-01 07:40:00+00:00, run_after=2023-01-01 07:50:00+00:00
[2024-06-28T18:42:49.163+0000] {processor.py:183} INFO - Processing /opt/airflow/dags/ecomm_dag.py took 0.050 seconds
[2024-06-28T18:43:19.489+0000] {processor.py:161} INFO - Started process (PID=1146) to work on /opt/airflow/dags/ecomm_dag.py
[2024-06-28T18:43:19.489+0000] {processor.py:830} INFO - Processing file /opt/airflow/dags/ecomm_dag.py for tasks to queue
[2024-06-28T18:43:19.491+0000] {logging_mixin.py:188} INFO - [2024-06-28T18:43:19.491+0000] {dagbag.py:545} INFO - Filling up the DagBag from /opt/airflow/dags/ecomm_dag.py
[2024-06-28T18:43:19.500+0000] {processor.py:840} INFO - DAG(s) 'ecomm_data_pipeline' retrieved from /opt/airflow/dags/ecomm_dag.py
[2024-06-28T18:43:19.515+0000] {logging_mixin.py:188} INFO - [2024-06-28T18:43:19.515+0000] {dag.py:3096} INFO - Sync 1 DAGs
[2024-06-28T18:43:19.525+0000] {logging_mixin.py:188} INFO - [2024-06-28T18:43:19.525+0000] {dag.py:3954} INFO - Setting next_dagrun for ecomm_data_pipeline to 2023-01-01 07:40:00+00:00, run_after=2023-01-01 07:50:00+00:00
[2024-06-28T18:43:19.532+0000] {processor.py:183} INFO - Processing /opt/airflow/dags/ecomm_dag.py took 0.048 seconds
[2024-06-28T18:43:49.841+0000] {processor.py:161} INFO - Started process (PID=1156) to work on /opt/airflow/dags/ecomm_dag.py
[2024-06-28T18:43:49.842+0000] {processor.py:830} INFO - Processing file /opt/airflow/dags/ecomm_dag.py for tasks to queue
[2024-06-28T18:43:49.844+0000] {logging_mixin.py:188} INFO - [2024-06-28T18:43:49.843+0000] {dagbag.py:545} INFO - Filling up the DagBag from /opt/airflow/dags/ecomm_dag.py
[2024-06-28T18:43:49.854+0000] {processor.py:840} INFO - DAG(s) 'ecomm_data_pipeline' retrieved from /opt/airflow/dags/ecomm_dag.py
[2024-06-28T18:43:49.869+0000] {logging_mixin.py:188} INFO - [2024-06-28T18:43:49.869+0000] {dag.py:3096} INFO - Sync 1 DAGs
[2024-06-28T18:43:49.879+0000] {logging_mixin.py:188} INFO - [2024-06-28T18:43:49.879+0000] {dag.py:3954} INFO - Setting next_dagrun for ecomm_data_pipeline to 2023-01-01 07:40:00+00:00, run_after=2023-01-01 07:50:00+00:00
[2024-06-28T18:43:49.886+0000] {processor.py:183} INFO - Processing /opt/airflow/dags/ecomm_dag.py took 0.051 seconds
[2024-06-28T18:44:20.206+0000] {processor.py:161} INFO - Started process (PID=1166) to work on /opt/airflow/dags/ecomm_dag.py
[2024-06-28T18:44:20.207+0000] {processor.py:830} INFO - Processing file /opt/airflow/dags/ecomm_dag.py for tasks to queue
[2024-06-28T18:44:20.209+0000] {logging_mixin.py:188} INFO - [2024-06-28T18:44:20.208+0000] {dagbag.py:545} INFO - Filling up the DagBag from /opt/airflow/dags/ecomm_dag.py
[2024-06-28T18:44:20.217+0000] {processor.py:840} INFO - DAG(s) 'ecomm_data_pipeline' retrieved from /opt/airflow/dags/ecomm_dag.py
[2024-06-28T18:44:20.233+0000] {logging_mixin.py:188} INFO - [2024-06-28T18:44:20.233+0000] {dag.py:3096} INFO - Sync 1 DAGs
[2024-06-28T18:44:20.242+0000] {logging_mixin.py:188} INFO - [2024-06-28T18:44:20.242+0000] {dag.py:3954} INFO - Setting next_dagrun for ecomm_data_pipeline to 2023-01-01 07:40:00+00:00, run_after=2023-01-01 07:50:00+00:00
[2024-06-28T18:44:20.249+0000] {processor.py:183} INFO - Processing /opt/airflow/dags/ecomm_dag.py took 0.049 seconds
[2024-06-28T18:44:50.611+0000] {processor.py:161} INFO - Started process (PID=1176) to work on /opt/airflow/dags/ecomm_dag.py
[2024-06-28T18:44:50.612+0000] {processor.py:830} INFO - Processing file /opt/airflow/dags/ecomm_dag.py for tasks to queue
[2024-06-28T18:44:50.614+0000] {logging_mixin.py:188} INFO - [2024-06-28T18:44:50.613+0000] {dagbag.py:545} INFO - Filling up the DagBag from /opt/airflow/dags/ecomm_dag.py
[2024-06-28T18:44:50.623+0000] {processor.py:840} INFO - DAG(s) 'ecomm_data_pipeline' retrieved from /opt/airflow/dags/ecomm_dag.py
[2024-06-28T18:44:50.640+0000] {logging_mixin.py:188} INFO - [2024-06-28T18:44:50.639+0000] {dag.py:3096} INFO - Sync 1 DAGs
[2024-06-28T18:44:50.649+0000] {logging_mixin.py:188} INFO - [2024-06-28T18:44:50.649+0000] {dag.py:3954} INFO - Setting next_dagrun for ecomm_data_pipeline to 2023-01-01 07:40:00+00:00, run_after=2023-01-01 07:50:00+00:00
[2024-06-28T18:44:50.656+0000] {processor.py:183} INFO - Processing /opt/airflow/dags/ecomm_dag.py took 0.051 seconds
[2024-06-28T18:45:21.021+0000] {processor.py:161} INFO - Started process (PID=1186) to work on /opt/airflow/dags/ecomm_dag.py
[2024-06-28T18:45:21.022+0000] {processor.py:830} INFO - Processing file /opt/airflow/dags/ecomm_dag.py for tasks to queue
[2024-06-28T18:45:21.023+0000] {logging_mixin.py:188} INFO - [2024-06-28T18:45:21.023+0000] {dagbag.py:545} INFO - Filling up the DagBag from /opt/airflow/dags/ecomm_dag.py
[2024-06-28T18:45:21.032+0000] {processor.py:840} INFO - DAG(s) 'ecomm_data_pipeline' retrieved from /opt/airflow/dags/ecomm_dag.py
[2024-06-28T18:45:21.048+0000] {logging_mixin.py:188} INFO - [2024-06-28T18:45:21.048+0000] {dag.py:3096} INFO - Sync 1 DAGs
[2024-06-28T18:45:21.057+0000] {logging_mixin.py:188} INFO - [2024-06-28T18:45:21.057+0000] {dag.py:3954} INFO - Setting next_dagrun for ecomm_data_pipeline to 2023-01-01 07:40:00+00:00, run_after=2023-01-01 07:50:00+00:00
[2024-06-28T18:45:21.064+0000] {processor.py:183} INFO - Processing /opt/airflow/dags/ecomm_dag.py took 0.049 seconds
[2024-06-28T22:13:20.462+0000] {processor.py:161} INFO - Started process (PID=30) to work on /opt/airflow/dags/ecomm_dag.py
[2024-06-28T22:13:20.463+0000] {processor.py:830} INFO - Processing file /opt/airflow/dags/ecomm_dag.py for tasks to queue
[2024-06-28T22:13:20.464+0000] {logging_mixin.py:188} INFO - [2024-06-28T22:13:20.464+0000] {dagbag.py:545} INFO - Filling up the DagBag from /opt/airflow/dags/ecomm_dag.py
[2024-06-28T22:13:20.478+0000] {processor.py:840} INFO - DAG(s) 'ecomm_data_pipeline' retrieved from /opt/airflow/dags/ecomm_dag.py
[2024-06-28T22:13:20.580+0000] {logging_mixin.py:188} INFO - [2024-06-28T22:13:20.580+0000] {override.py:1677} ERROR - Add Permission: (psycopg2.errors.UniqueViolation) duplicate key value violates unique constraint "ab_permission_name_uq"
DETAIL:  Key (name)=(can_delete) already exists.

[SQL: INSERT INTO ab_permission (name) VALUES (%(name)s) RETURNING ab_permission.id]
[parameters: {'name': 'can_delete'}]
(Background on this error at: https://sqlalche.me/e/14/gkpj)
[2024-06-28T22:13:20.582+0000] {logging_mixin.py:188} INFO - [2024-06-28T22:13:20.582+0000] {override.py:1829} INFO - Created Permission View: None on DAG:ecomm_data_pipeline
[2024-06-28T22:13:20.585+0000] {logging_mixin.py:188} INFO - [2024-06-28T22:13:20.585+0000] {override.py:1829} INFO - Created Permission View: can edit on DAG:ecomm_data_pipeline
[2024-06-28T22:13:20.586+0000] {logging_mixin.py:188} INFO - [2024-06-28T22:13:20.586+0000] {override.py:1829} INFO - Created Permission View: can read on DAG:ecomm_data_pipeline
[2024-06-28T22:13:20.586+0000] {logging_mixin.py:188} INFO - [2024-06-28T22:13:20.586+0000] {dag.py:3096} INFO - Sync 1 DAGs
[2024-06-28T22:13:20.590+0000] {logging_mixin.py:188} INFO - [2024-06-28T22:13:20.590+0000] {dag.py:3118} INFO - Creating ORM DAG for ecomm_data_pipeline
[2024-06-28T22:13:20.594+0000] {logging_mixin.py:188} INFO - [2024-06-28T22:13:20.594+0000] {dag.py:3954} INFO - Setting next_dagrun for ecomm_data_pipeline to 2023-01-01 00:00:00+00:00, run_after=2023-01-01 00:10:00+00:00
[2024-06-28T22:13:20.598+0000] {processor.py:183} INFO - Processing /opt/airflow/dags/ecomm_dag.py took 0.139 seconds
[2024-06-28T22:13:50.692+0000] {processor.py:161} INFO - Started process (PID=284) to work on /opt/airflow/dags/ecomm_dag.py
[2024-06-28T22:13:50.692+0000] {processor.py:830} INFO - Processing file /opt/airflow/dags/ecomm_dag.py for tasks to queue
[2024-06-28T22:13:50.693+0000] {logging_mixin.py:188} INFO - [2024-06-28T22:13:50.693+0000] {dagbag.py:545} INFO - Filling up the DagBag from /opt/airflow/dags/ecomm_dag.py
[2024-06-28T22:13:50.698+0000] {processor.py:840} INFO - DAG(s) 'ecomm_data_pipeline' retrieved from /opt/airflow/dags/ecomm_dag.py
[2024-06-28T22:13:50.709+0000] {logging_mixin.py:188} INFO - [2024-06-28T22:13:50.709+0000] {dag.py:3096} INFO - Sync 1 DAGs
[2024-06-28T22:13:50.717+0000] {logging_mixin.py:188} INFO - [2024-06-28T22:13:50.716+0000] {dag.py:3954} INFO - Setting next_dagrun for ecomm_data_pipeline to 2023-01-01 01:40:00+00:00, run_after=2023-01-01 01:50:00+00:00
[2024-06-28T22:13:50.723+0000] {processor.py:183} INFO - Processing /opt/airflow/dags/ecomm_dag.py took 0.034 seconds
[2024-06-28T22:14:20.886+0000] {processor.py:161} INFO - Started process (PID=549) to work on /opt/airflow/dags/ecomm_dag.py
[2024-06-28T22:14:20.887+0000] {processor.py:830} INFO - Processing file /opt/airflow/dags/ecomm_dag.py for tasks to queue
[2024-06-28T22:14:20.888+0000] {logging_mixin.py:188} INFO - [2024-06-28T22:14:20.887+0000] {dagbag.py:545} INFO - Filling up the DagBag from /opt/airflow/dags/ecomm_dag.py
[2024-06-28T22:14:20.893+0000] {processor.py:840} INFO - DAG(s) 'ecomm_data_pipeline' retrieved from /opt/airflow/dags/ecomm_dag.py
[2024-06-28T22:14:20.898+0000] {logging_mixin.py:188} INFO - [2024-06-28T22:14:20.898+0000] {dag.py:3096} INFO - Sync 1 DAGs
[2024-06-28T22:14:20.907+0000] {logging_mixin.py:188} INFO - [2024-06-28T22:14:20.907+0000] {dag.py:3954} INFO - Setting next_dagrun for ecomm_data_pipeline to 2023-01-01 03:10:00+00:00, run_after=2023-01-01 03:20:00+00:00
[2024-06-28T22:14:20.914+0000] {processor.py:183} INFO - Processing /opt/airflow/dags/ecomm_dag.py took 0.030 seconds
[2024-06-28T22:14:51.154+0000] {processor.py:161} INFO - Started process (PID=656) to work on /opt/airflow/dags/ecomm_dag.py
[2024-06-28T22:14:51.155+0000] {processor.py:830} INFO - Processing file /opt/airflow/dags/ecomm_dag.py for tasks to queue
[2024-06-28T22:14:51.156+0000] {logging_mixin.py:188} INFO - [2024-06-28T22:14:51.156+0000] {dagbag.py:545} INFO - Filling up the DagBag from /opt/airflow/dags/ecomm_dag.py
[2024-06-28T22:14:51.170+0000] {processor.py:840} INFO - DAG(s) 'ecomm_data_pipeline' retrieved from /opt/airflow/dags/ecomm_dag.py
[2024-06-28T22:14:51.225+0000] {logging_mixin.py:188} INFO - [2024-06-28T22:14:51.224+0000] {dag.py:3096} INFO - Sync 1 DAGs
[2024-06-28T22:14:51.232+0000] {logging_mixin.py:188} INFO - [2024-06-28T22:14:51.232+0000] {dag.py:3954} INFO - Setting next_dagrun for ecomm_data_pipeline to 2023-01-01 04:10:00+00:00, run_after=2023-01-01 04:20:00+00:00
[2024-06-28T22:14:51.238+0000] {processor.py:183} INFO - Processing /opt/airflow/dags/ecomm_dag.py took 0.090 seconds
[2024-06-28T22:15:21.484+0000] {processor.py:161} INFO - Started process (PID=665) to work on /opt/airflow/dags/ecomm_dag.py
[2024-06-28T22:15:21.484+0000] {processor.py:830} INFO - Processing file /opt/airflow/dags/ecomm_dag.py for tasks to queue
[2024-06-28T22:15:21.485+0000] {logging_mixin.py:188} INFO - [2024-06-28T22:15:21.485+0000] {dagbag.py:545} INFO - Filling up the DagBag from /opt/airflow/dags/ecomm_dag.py
[2024-06-28T22:15:21.495+0000] {processor.py:840} INFO - DAG(s) 'ecomm_data_pipeline' retrieved from /opt/airflow/dags/ecomm_dag.py
[2024-06-28T22:15:21.510+0000] {logging_mixin.py:188} INFO - [2024-06-28T22:15:21.510+0000] {dag.py:3096} INFO - Sync 1 DAGs
[2024-06-28T22:15:21.519+0000] {logging_mixin.py:188} INFO - [2024-06-28T22:15:21.519+0000] {dag.py:3954} INFO - Setting next_dagrun for ecomm_data_pipeline to 2023-01-01 04:10:00+00:00, run_after=2023-01-01 04:20:00+00:00
[2024-06-28T22:15:21.525+0000] {processor.py:183} INFO - Processing /opt/airflow/dags/ecomm_dag.py took 0.046 seconds
[2024-06-28T22:15:51.826+0000] {processor.py:161} INFO - Started process (PID=674) to work on /opt/airflow/dags/ecomm_dag.py
[2024-06-28T22:15:51.827+0000] {processor.py:830} INFO - Processing file /opt/airflow/dags/ecomm_dag.py for tasks to queue
[2024-06-28T22:15:51.828+0000] {logging_mixin.py:188} INFO - [2024-06-28T22:15:51.827+0000] {dagbag.py:545} INFO - Filling up the DagBag from /opt/airflow/dags/ecomm_dag.py
[2024-06-28T22:15:51.838+0000] {processor.py:840} INFO - DAG(s) 'ecomm_data_pipeline' retrieved from /opt/airflow/dags/ecomm_dag.py
[2024-06-28T22:15:51.856+0000] {logging_mixin.py:188} INFO - [2024-06-28T22:15:51.856+0000] {dag.py:3096} INFO - Sync 1 DAGs
[2024-06-28T22:15:51.865+0000] {logging_mixin.py:188} INFO - [2024-06-28T22:15:51.865+0000] {dag.py:3954} INFO - Setting next_dagrun for ecomm_data_pipeline to 2023-01-01 04:10:00+00:00, run_after=2023-01-01 04:20:00+00:00
[2024-06-28T22:15:51.871+0000] {processor.py:183} INFO - Processing /opt/airflow/dags/ecomm_dag.py took 0.050 seconds
[2024-06-28T22:16:22.159+0000] {processor.py:161} INFO - Started process (PID=683) to work on /opt/airflow/dags/ecomm_dag.py
[2024-06-28T22:16:22.159+0000] {processor.py:830} INFO - Processing file /opt/airflow/dags/ecomm_dag.py for tasks to queue
[2024-06-28T22:16:22.160+0000] {logging_mixin.py:188} INFO - [2024-06-28T22:16:22.159+0000] {dagbag.py:545} INFO - Filling up the DagBag from /opt/airflow/dags/ecomm_dag.py
[2024-06-28T22:16:22.167+0000] {processor.py:840} INFO - DAG(s) 'ecomm_data_pipeline' retrieved from /opt/airflow/dags/ecomm_dag.py
[2024-06-28T22:16:22.180+0000] {logging_mixin.py:188} INFO - [2024-06-28T22:16:22.180+0000] {dag.py:3096} INFO - Sync 1 DAGs
[2024-06-28T22:16:22.188+0000] {logging_mixin.py:188} INFO - [2024-06-28T22:16:22.188+0000] {dag.py:3954} INFO - Setting next_dagrun for ecomm_data_pipeline to 2023-01-01 04:10:00+00:00, run_after=2023-01-01 04:20:00+00:00
[2024-06-28T22:16:22.194+0000] {processor.py:183} INFO - Processing /opt/airflow/dags/ecomm_dag.py took 0.039 seconds
[2024-06-28T22:16:52.465+0000] {processor.py:161} INFO - Started process (PID=692) to work on /opt/airflow/dags/ecomm_dag.py
[2024-06-28T22:16:52.465+0000] {processor.py:830} INFO - Processing file /opt/airflow/dags/ecomm_dag.py for tasks to queue
[2024-06-28T22:16:52.466+0000] {logging_mixin.py:188} INFO - [2024-06-28T22:16:52.465+0000] {dagbag.py:545} INFO - Filling up the DagBag from /opt/airflow/dags/ecomm_dag.py
[2024-06-28T22:16:52.471+0000] {processor.py:840} INFO - DAG(s) 'ecomm_data_pipeline' retrieved from /opt/airflow/dags/ecomm_dag.py
[2024-06-28T22:16:52.481+0000] {logging_mixin.py:188} INFO - [2024-06-28T22:16:52.481+0000] {dag.py:3096} INFO - Sync 1 DAGs
[2024-06-28T22:16:52.488+0000] {logging_mixin.py:188} INFO - [2024-06-28T22:16:52.488+0000] {dag.py:3954} INFO - Setting next_dagrun for ecomm_data_pipeline to 2023-01-01 04:10:00+00:00, run_after=2023-01-01 04:20:00+00:00
[2024-06-28T22:16:52.494+0000] {processor.py:183} INFO - Processing /opt/airflow/dags/ecomm_dag.py took 0.031 seconds
[2024-06-28T22:17:22.756+0000] {processor.py:161} INFO - Started process (PID=693) to work on /opt/airflow/dags/ecomm_dag.py
[2024-06-28T22:17:22.757+0000] {processor.py:830} INFO - Processing file /opt/airflow/dags/ecomm_dag.py for tasks to queue
[2024-06-28T22:17:22.758+0000] {logging_mixin.py:188} INFO - [2024-06-28T22:17:22.757+0000] {dagbag.py:545} INFO - Filling up the DagBag from /opt/airflow/dags/ecomm_dag.py
[2024-06-28T22:17:22.768+0000] {processor.py:840} INFO - DAG(s) 'ecomm_data_pipeline' retrieved from /opt/airflow/dags/ecomm_dag.py
[2024-06-28T22:17:22.785+0000] {logging_mixin.py:188} INFO - [2024-06-28T22:17:22.785+0000] {dag.py:3096} INFO - Sync 1 DAGs
[2024-06-28T22:17:22.794+0000] {logging_mixin.py:188} INFO - [2024-06-28T22:17:22.794+0000] {dag.py:3954} INFO - Setting next_dagrun for ecomm_data_pipeline to 2023-01-01 04:10:00+00:00, run_after=2023-01-01 04:20:00+00:00
[2024-06-28T22:17:22.801+0000] {processor.py:183} INFO - Processing /opt/airflow/dags/ecomm_dag.py took 0.049 seconds
[2024-06-28T22:17:53.015+0000] {processor.py:161} INFO - Started process (PID=702) to work on /opt/airflow/dags/ecomm_dag.py
[2024-06-28T22:17:53.015+0000] {processor.py:830} INFO - Processing file /opt/airflow/dags/ecomm_dag.py for tasks to queue
[2024-06-28T22:17:53.016+0000] {logging_mixin.py:188} INFO - [2024-06-28T22:17:53.016+0000] {dagbag.py:545} INFO - Filling up the DagBag from /opt/airflow/dags/ecomm_dag.py
[2024-06-28T22:17:53.029+0000] {processor.py:840} INFO - DAG(s) 'ecomm_data_pipeline' retrieved from /opt/airflow/dags/ecomm_dag.py
[2024-06-28T22:17:53.063+0000] {logging_mixin.py:188} INFO - [2024-06-28T22:17:53.063+0000] {dag.py:3096} INFO - Sync 1 DAGs
[2024-06-28T22:17:53.080+0000] {logging_mixin.py:188} INFO - [2024-06-28T22:17:53.080+0000] {dag.py:3954} INFO - Setting next_dagrun for ecomm_data_pipeline to 2023-01-01 04:10:00+00:00, run_after=2023-01-01 04:20:00+00:00
[2024-06-28T22:17:53.093+0000] {processor.py:183} INFO - Processing /opt/airflow/dags/ecomm_dag.py took 0.085 seconds
[2024-06-28T22:18:23.354+0000] {processor.py:161} INFO - Started process (PID=711) to work on /opt/airflow/dags/ecomm_dag.py
[2024-06-28T22:18:23.355+0000] {processor.py:830} INFO - Processing file /opt/airflow/dags/ecomm_dag.py for tasks to queue
[2024-06-28T22:18:23.356+0000] {logging_mixin.py:188} INFO - [2024-06-28T22:18:23.356+0000] {dagbag.py:545} INFO - Filling up the DagBag from /opt/airflow/dags/ecomm_dag.py
[2024-06-28T22:18:23.371+0000] {processor.py:840} INFO - DAG(s) 'ecomm_data_pipeline' retrieved from /opt/airflow/dags/ecomm_dag.py
[2024-06-28T22:18:23.391+0000] {logging_mixin.py:188} INFO - [2024-06-28T22:18:23.391+0000] {dag.py:3096} INFO - Sync 1 DAGs
[2024-06-28T22:18:23.401+0000] {logging_mixin.py:188} INFO - [2024-06-28T22:18:23.401+0000] {dag.py:3954} INFO - Setting next_dagrun for ecomm_data_pipeline to 2023-01-01 04:10:00+00:00, run_after=2023-01-01 04:20:00+00:00
[2024-06-28T22:18:23.408+0000] {processor.py:183} INFO - Processing /opt/airflow/dags/ecomm_dag.py took 0.060 seconds
[2024-06-28T22:18:53.688+0000] {processor.py:161} INFO - Started process (PID=720) to work on /opt/airflow/dags/ecomm_dag.py
[2024-06-28T22:18:53.689+0000] {processor.py:830} INFO - Processing file /opt/airflow/dags/ecomm_dag.py for tasks to queue
[2024-06-28T22:18:53.689+0000] {logging_mixin.py:188} INFO - [2024-06-28T22:18:53.689+0000] {dagbag.py:545} INFO - Filling up the DagBag from /opt/airflow/dags/ecomm_dag.py
[2024-06-28T22:18:53.695+0000] {processor.py:840} INFO - DAG(s) 'ecomm_data_pipeline' retrieved from /opt/airflow/dags/ecomm_dag.py
[2024-06-28T22:18:53.708+0000] {logging_mixin.py:188} INFO - [2024-06-28T22:18:53.707+0000] {dag.py:3096} INFO - Sync 1 DAGs
[2024-06-28T22:18:53.715+0000] {logging_mixin.py:188} INFO - [2024-06-28T22:18:53.715+0000] {dag.py:3954} INFO - Setting next_dagrun for ecomm_data_pipeline to 2023-01-01 04:10:00+00:00, run_after=2023-01-01 04:20:00+00:00
[2024-06-28T22:18:53.721+0000] {processor.py:183} INFO - Processing /opt/airflow/dags/ecomm_dag.py took 0.035 seconds
[2024-06-28T22:19:24.013+0000] {processor.py:161} INFO - Started process (PID=729) to work on /opt/airflow/dags/ecomm_dag.py
[2024-06-28T22:19:24.014+0000] {processor.py:830} INFO - Processing file /opt/airflow/dags/ecomm_dag.py for tasks to queue
[2024-06-28T22:19:24.015+0000] {logging_mixin.py:188} INFO - [2024-06-28T22:19:24.014+0000] {dagbag.py:545} INFO - Filling up the DagBag from /opt/airflow/dags/ecomm_dag.py
[2024-06-28T22:19:24.027+0000] {processor.py:840} INFO - DAG(s) 'ecomm_data_pipeline' retrieved from /opt/airflow/dags/ecomm_dag.py
[2024-06-28T22:19:24.048+0000] {logging_mixin.py:188} INFO - [2024-06-28T22:19:24.048+0000] {dag.py:3096} INFO - Sync 1 DAGs
[2024-06-28T22:19:24.059+0000] {logging_mixin.py:188} INFO - [2024-06-28T22:19:24.059+0000] {dag.py:3954} INFO - Setting next_dagrun for ecomm_data_pipeline to 2023-01-01 04:10:00+00:00, run_after=2023-01-01 04:20:00+00:00
[2024-06-28T22:19:24.067+0000] {processor.py:183} INFO - Processing /opt/airflow/dags/ecomm_dag.py took 0.060 seconds
[2024-06-28T22:19:54.340+0000] {processor.py:161} INFO - Started process (PID=738) to work on /opt/airflow/dags/ecomm_dag.py
[2024-06-28T22:19:54.341+0000] {processor.py:830} INFO - Processing file /opt/airflow/dags/ecomm_dag.py for tasks to queue
[2024-06-28T22:19:54.342+0000] {logging_mixin.py:188} INFO - [2024-06-28T22:19:54.342+0000] {dagbag.py:545} INFO - Filling up the DagBag from /opt/airflow/dags/ecomm_dag.py
[2024-06-28T22:19:54.355+0000] {processor.py:840} INFO - DAG(s) 'ecomm_data_pipeline' retrieved from /opt/airflow/dags/ecomm_dag.py
[2024-06-28T22:19:54.374+0000] {logging_mixin.py:188} INFO - [2024-06-28T22:19:54.373+0000] {dag.py:3096} INFO - Sync 1 DAGs
[2024-06-28T22:19:54.383+0000] {logging_mixin.py:188} INFO - [2024-06-28T22:19:54.383+0000] {dag.py:3954} INFO - Setting next_dagrun for ecomm_data_pipeline to 2023-01-01 04:10:00+00:00, run_after=2023-01-01 04:20:00+00:00
[2024-06-28T22:19:54.390+0000] {processor.py:183} INFO - Processing /opt/airflow/dags/ecomm_dag.py took 0.057 seconds
[2024-06-28T22:20:24.701+0000] {processor.py:161} INFO - Started process (PID=747) to work on /opt/airflow/dags/ecomm_dag.py
[2024-06-28T22:20:24.702+0000] {processor.py:830} INFO - Processing file /opt/airflow/dags/ecomm_dag.py for tasks to queue
[2024-06-28T22:20:24.703+0000] {logging_mixin.py:188} INFO - [2024-06-28T22:20:24.702+0000] {dagbag.py:545} INFO - Filling up the DagBag from /opt/airflow/dags/ecomm_dag.py
[2024-06-28T22:20:24.716+0000] {processor.py:840} INFO - DAG(s) 'ecomm_data_pipeline' retrieved from /opt/airflow/dags/ecomm_dag.py
[2024-06-28T22:20:24.738+0000] {logging_mixin.py:188} INFO - [2024-06-28T22:20:24.737+0000] {dag.py:3096} INFO - Sync 1 DAGs
[2024-06-28T22:20:24.751+0000] {logging_mixin.py:188} INFO - [2024-06-28T22:20:24.751+0000] {dag.py:3954} INFO - Setting next_dagrun for ecomm_data_pipeline to 2023-01-01 04:10:00+00:00, run_after=2023-01-01 04:20:00+00:00
[2024-06-28T22:20:24.759+0000] {processor.py:183} INFO - Processing /opt/airflow/dags/ecomm_dag.py took 0.066 seconds
[2024-06-28T22:20:55.051+0000] {processor.py:161} INFO - Started process (PID=756) to work on /opt/airflow/dags/ecomm_dag.py
[2024-06-28T22:20:55.052+0000] {processor.py:830} INFO - Processing file /opt/airflow/dags/ecomm_dag.py for tasks to queue
[2024-06-28T22:20:55.053+0000] {logging_mixin.py:188} INFO - [2024-06-28T22:20:55.053+0000] {dagbag.py:545} INFO - Filling up the DagBag from /opt/airflow/dags/ecomm_dag.py
[2024-06-28T22:20:55.065+0000] {processor.py:840} INFO - DAG(s) 'ecomm_data_pipeline' retrieved from /opt/airflow/dags/ecomm_dag.py
[2024-06-28T22:20:55.082+0000] {logging_mixin.py:188} INFO - [2024-06-28T22:20:55.082+0000] {dag.py:3096} INFO - Sync 1 DAGs
[2024-06-28T22:20:55.091+0000] {logging_mixin.py:188} INFO - [2024-06-28T22:20:55.091+0000] {dag.py:3954} INFO - Setting next_dagrun for ecomm_data_pipeline to 2023-01-01 04:10:00+00:00, run_after=2023-01-01 04:20:00+00:00
[2024-06-28T22:20:55.098+0000] {processor.py:183} INFO - Processing /opt/airflow/dags/ecomm_dag.py took 0.058 seconds
[2024-06-28T22:21:25.371+0000] {processor.py:161} INFO - Started process (PID=765) to work on /opt/airflow/dags/ecomm_dag.py
[2024-06-28T22:21:25.372+0000] {processor.py:830} INFO - Processing file /opt/airflow/dags/ecomm_dag.py for tasks to queue
[2024-06-28T22:21:25.372+0000] {logging_mixin.py:188} INFO - [2024-06-28T22:21:25.372+0000] {dagbag.py:545} INFO - Filling up the DagBag from /opt/airflow/dags/ecomm_dag.py
[2024-06-28T22:21:25.380+0000] {processor.py:840} INFO - DAG(s) 'ecomm_data_pipeline' retrieved from /opt/airflow/dags/ecomm_dag.py
[2024-06-28T22:21:25.400+0000] {logging_mixin.py:188} INFO - [2024-06-28T22:21:25.400+0000] {dag.py:3096} INFO - Sync 1 DAGs
[2024-06-28T22:21:25.410+0000] {logging_mixin.py:188} INFO - [2024-06-28T22:21:25.410+0000] {dag.py:3954} INFO - Setting next_dagrun for ecomm_data_pipeline to 2023-01-01 04:10:00+00:00, run_after=2023-01-01 04:20:00+00:00
[2024-06-28T22:21:25.418+0000] {processor.py:183} INFO - Processing /opt/airflow/dags/ecomm_dag.py took 0.051 seconds
[2024-06-28T22:21:55.653+0000] {processor.py:161} INFO - Started process (PID=774) to work on /opt/airflow/dags/ecomm_dag.py
[2024-06-28T22:21:55.653+0000] {processor.py:830} INFO - Processing file /opt/airflow/dags/ecomm_dag.py for tasks to queue
[2024-06-28T22:21:55.654+0000] {logging_mixin.py:188} INFO - [2024-06-28T22:21:55.654+0000] {dagbag.py:545} INFO - Filling up the DagBag from /opt/airflow/dags/ecomm_dag.py
[2024-06-28T22:21:55.661+0000] {processor.py:840} INFO - DAG(s) 'ecomm_data_pipeline' retrieved from /opt/airflow/dags/ecomm_dag.py
[2024-06-28T22:21:55.677+0000] {logging_mixin.py:188} INFO - [2024-06-28T22:21:55.677+0000] {dag.py:3096} INFO - Sync 1 DAGs
[2024-06-28T22:21:55.686+0000] {logging_mixin.py:188} INFO - [2024-06-28T22:21:55.686+0000] {dag.py:3954} INFO - Setting next_dagrun for ecomm_data_pipeline to 2023-01-01 04:10:00+00:00, run_after=2023-01-01 04:20:00+00:00
[2024-06-28T22:21:55.693+0000] {processor.py:183} INFO - Processing /opt/airflow/dags/ecomm_dag.py took 0.045 seconds
[2024-06-28T22:22:25.991+0000] {processor.py:161} INFO - Started process (PID=783) to work on /opt/airflow/dags/ecomm_dag.py
[2024-06-28T22:22:25.991+0000] {processor.py:830} INFO - Processing file /opt/airflow/dags/ecomm_dag.py for tasks to queue
[2024-06-28T22:22:25.992+0000] {logging_mixin.py:188} INFO - [2024-06-28T22:22:25.992+0000] {dagbag.py:545} INFO - Filling up the DagBag from /opt/airflow/dags/ecomm_dag.py
[2024-06-28T22:22:26.003+0000] {processor.py:840} INFO - DAG(s) 'ecomm_data_pipeline' retrieved from /opt/airflow/dags/ecomm_dag.py
[2024-06-28T22:22:26.021+0000] {logging_mixin.py:188} INFO - [2024-06-28T22:22:26.021+0000] {dag.py:3096} INFO - Sync 1 DAGs
[2024-06-28T22:22:26.029+0000] {logging_mixin.py:188} INFO - [2024-06-28T22:22:26.029+0000] {dag.py:3954} INFO - Setting next_dagrun for ecomm_data_pipeline to 2023-01-01 04:10:00+00:00, run_after=2023-01-01 04:20:00+00:00
[2024-06-28T22:22:26.036+0000] {processor.py:183} INFO - Processing /opt/airflow/dags/ecomm_dag.py took 0.051 seconds
[2024-06-28T22:22:56.328+0000] {processor.py:161} INFO - Started process (PID=792) to work on /opt/airflow/dags/ecomm_dag.py
[2024-06-28T22:22:56.329+0000] {processor.py:830} INFO - Processing file /opt/airflow/dags/ecomm_dag.py for tasks to queue
[2024-06-28T22:22:56.329+0000] {logging_mixin.py:188} INFO - [2024-06-28T22:22:56.329+0000] {dagbag.py:545} INFO - Filling up the DagBag from /opt/airflow/dags/ecomm_dag.py
[2024-06-28T22:22:56.336+0000] {processor.py:840} INFO - DAG(s) 'ecomm_data_pipeline' retrieved from /opt/airflow/dags/ecomm_dag.py
[2024-06-28T22:22:56.357+0000] {logging_mixin.py:188} INFO - [2024-06-28T22:22:56.357+0000] {dag.py:3096} INFO - Sync 1 DAGs
[2024-06-28T22:22:56.373+0000] {logging_mixin.py:188} INFO - [2024-06-28T22:22:56.373+0000] {dag.py:3954} INFO - Setting next_dagrun for ecomm_data_pipeline to 2023-01-01 04:10:00+00:00, run_after=2023-01-01 04:20:00+00:00
[2024-06-28T22:22:56.382+0000] {processor.py:183} INFO - Processing /opt/airflow/dags/ecomm_dag.py took 0.058 seconds
[2024-06-28T22:23:26.691+0000] {processor.py:161} INFO - Started process (PID=800) to work on /opt/airflow/dags/ecomm_dag.py
[2024-06-28T22:23:26.691+0000] {processor.py:830} INFO - Processing file /opt/airflow/dags/ecomm_dag.py for tasks to queue
[2024-06-28T22:23:26.692+0000] {logging_mixin.py:188} INFO - [2024-06-28T22:23:26.692+0000] {dagbag.py:545} INFO - Filling up the DagBag from /opt/airflow/dags/ecomm_dag.py
[2024-06-28T22:23:26.703+0000] {processor.py:840} INFO - DAG(s) 'ecomm_data_pipeline' retrieved from /opt/airflow/dags/ecomm_dag.py
[2024-06-28T22:23:26.720+0000] {logging_mixin.py:188} INFO - [2024-06-28T22:23:26.720+0000] {dag.py:3096} INFO - Sync 1 DAGs
[2024-06-28T22:23:26.729+0000] {logging_mixin.py:188} INFO - [2024-06-28T22:23:26.729+0000] {dag.py:3954} INFO - Setting next_dagrun for ecomm_data_pipeline to 2023-01-01 04:10:00+00:00, run_after=2023-01-01 04:20:00+00:00
[2024-06-28T22:23:26.736+0000] {processor.py:183} INFO - Processing /opt/airflow/dags/ecomm_dag.py took 0.050 seconds
[2024-06-28T22:23:57.014+0000] {processor.py:161} INFO - Started process (PID=809) to work on /opt/airflow/dags/ecomm_dag.py
[2024-06-28T22:23:57.014+0000] {processor.py:830} INFO - Processing file /opt/airflow/dags/ecomm_dag.py for tasks to queue
[2024-06-28T22:23:57.015+0000] {logging_mixin.py:188} INFO - [2024-06-28T22:23:57.015+0000] {dagbag.py:545} INFO - Filling up the DagBag from /opt/airflow/dags/ecomm_dag.py
[2024-06-28T22:23:57.026+0000] {processor.py:840} INFO - DAG(s) 'ecomm_data_pipeline' retrieved from /opt/airflow/dags/ecomm_dag.py
[2024-06-28T22:23:57.042+0000] {logging_mixin.py:188} INFO - [2024-06-28T22:23:57.041+0000] {dag.py:3096} INFO - Sync 1 DAGs
[2024-06-28T22:23:57.051+0000] {logging_mixin.py:188} INFO - [2024-06-28T22:23:57.051+0000] {dag.py:3954} INFO - Setting next_dagrun for ecomm_data_pipeline to 2023-01-01 04:10:00+00:00, run_after=2023-01-01 04:20:00+00:00
[2024-06-28T22:23:57.057+0000] {processor.py:183} INFO - Processing /opt/airflow/dags/ecomm_dag.py took 0.048 seconds
[2024-06-28T22:24:27.331+0000] {processor.py:161} INFO - Started process (PID=818) to work on /opt/airflow/dags/ecomm_dag.py
[2024-06-28T22:24:27.332+0000] {processor.py:830} INFO - Processing file /opt/airflow/dags/ecomm_dag.py for tasks to queue
[2024-06-28T22:24:27.333+0000] {logging_mixin.py:188} INFO - [2024-06-28T22:24:27.333+0000] {dagbag.py:545} INFO - Filling up the DagBag from /opt/airflow/dags/ecomm_dag.py
[2024-06-28T22:24:27.343+0000] {processor.py:840} INFO - DAG(s) 'ecomm_data_pipeline' retrieved from /opt/airflow/dags/ecomm_dag.py
[2024-06-28T22:24:27.361+0000] {logging_mixin.py:188} INFO - [2024-06-28T22:24:27.361+0000] {dag.py:3096} INFO - Sync 1 DAGs
[2024-06-28T22:24:27.370+0000] {logging_mixin.py:188} INFO - [2024-06-28T22:24:27.370+0000] {dag.py:3954} INFO - Setting next_dagrun for ecomm_data_pipeline to 2023-01-01 04:10:00+00:00, run_after=2023-01-01 04:20:00+00:00
[2024-06-28T22:24:27.376+0000] {processor.py:183} INFO - Processing /opt/airflow/dags/ecomm_dag.py took 0.051 seconds
[2024-06-28T22:24:57.641+0000] {processor.py:161} INFO - Started process (PID=827) to work on /opt/airflow/dags/ecomm_dag.py
[2024-06-28T22:24:57.642+0000] {processor.py:830} INFO - Processing file /opt/airflow/dags/ecomm_dag.py for tasks to queue
[2024-06-28T22:24:57.642+0000] {logging_mixin.py:188} INFO - [2024-06-28T22:24:57.642+0000] {dagbag.py:545} INFO - Filling up the DagBag from /opt/airflow/dags/ecomm_dag.py
[2024-06-28T22:24:57.649+0000] {processor.py:840} INFO - DAG(s) 'ecomm_data_pipeline' retrieved from /opt/airflow/dags/ecomm_dag.py
[2024-06-28T22:24:57.663+0000] {logging_mixin.py:188} INFO - [2024-06-28T22:24:57.663+0000] {dag.py:3096} INFO - Sync 1 DAGs
[2024-06-28T22:24:57.671+0000] {logging_mixin.py:188} INFO - [2024-06-28T22:24:57.671+0000] {dag.py:3954} INFO - Setting next_dagrun for ecomm_data_pipeline to 2023-01-01 04:10:00+00:00, run_after=2023-01-01 04:20:00+00:00
[2024-06-28T22:24:57.677+0000] {processor.py:183} INFO - Processing /opt/airflow/dags/ecomm_dag.py took 0.039 seconds
