[2024-06-28T18:12:54.738+0000] {processor.py:161} INFO - Started process (PID=29) to work on /opt/airflow/dags/example_dag.py
[2024-06-28T18:12:54.738+0000] {processor.py:830} INFO - Processing file /opt/airflow/dags/example_dag.py for tasks to queue
[2024-06-28T18:12:54.739+0000] {logging_mixin.py:188} INFO - [2024-06-28T18:12:54.739+0000] {dagbag.py:545} INFO - Filling up the DagBag from /opt/airflow/dags/example_dag.py
[2024-06-28T18:12:54.754+0000] {processor.py:840} INFO - DAG(s) 'example_dag' retrieved from /opt/airflow/dags/example_dag.py
[2024-06-28T18:12:54.857+0000] {logging_mixin.py:188} INFO - [2024-06-28T18:12:54.856+0000] {override.py:1829} INFO - Created Permission View: can edit on DAG:example_dag
[2024-06-28T18:12:54.859+0000] {logging_mixin.py:188} INFO - [2024-06-28T18:12:54.859+0000] {override.py:1829} INFO - Created Permission View: can read on DAG:example_dag
[2024-06-28T18:12:54.860+0000] {logging_mixin.py:188} INFO - [2024-06-28T18:12:54.860+0000] {override.py:1829} INFO - Created Permission View: can delete on DAG:example_dag
[2024-06-28T18:12:54.860+0000] {logging_mixin.py:188} INFO - [2024-06-28T18:12:54.860+0000] {dag.py:3096} INFO - Sync 1 DAGs
[2024-06-28T18:12:54.865+0000] {logging_mixin.py:188} INFO - [2024-06-28T18:12:54.865+0000] {dag.py:3118} INFO - Creating ORM DAG for example_dag
[2024-06-28T18:12:54.868+0000] {logging_mixin.py:188} INFO - [2024-06-28T18:12:54.868+0000] {dag.py:3954} INFO - Setting next_dagrun for example_dag to 2023-01-01 00:00:00+00:00, run_after=2023-01-01 00:10:00+00:00
[2024-06-28T18:12:54.873+0000] {processor.py:183} INFO - Processing /opt/airflow/dags/example_dag.py took 0.138 seconds
[2024-06-28T18:13:24.924+0000] {processor.py:161} INFO - Started process (PID=297) to work on /opt/airflow/dags/example_dag.py
[2024-06-28T18:13:24.924+0000] {processor.py:830} INFO - Processing file /opt/airflow/dags/example_dag.py for tasks to queue
[2024-06-28T18:13:24.925+0000] {logging_mixin.py:188} INFO - [2024-06-28T18:13:24.925+0000] {dagbag.py:545} INFO - Filling up the DagBag from /opt/airflow/dags/example_dag.py
[2024-06-28T18:13:24.930+0000] {processor.py:840} INFO - DAG(s) 'example_dag' retrieved from /opt/airflow/dags/example_dag.py
[2024-06-28T18:13:24.941+0000] {logging_mixin.py:188} INFO - [2024-06-28T18:13:24.941+0000] {dag.py:3096} INFO - Sync 1 DAGs
[2024-06-28T18:13:24.950+0000] {logging_mixin.py:188} INFO - [2024-06-28T18:13:24.950+0000] {dag.py:3954} INFO - Setting next_dagrun for example_dag to 2023-01-01 01:40:00+00:00, run_after=2023-01-01 01:50:00+00:00
[2024-06-28T18:13:24.956+0000] {processor.py:183} INFO - Processing /opt/airflow/dags/example_dag.py took 0.034 seconds
[2024-06-28T18:13:55.128+0000] {processor.py:161} INFO - Started process (PID=564) to work on /opt/airflow/dags/example_dag.py
[2024-06-28T18:13:55.128+0000] {processor.py:830} INFO - Processing file /opt/airflow/dags/example_dag.py for tasks to queue
[2024-06-28T18:13:55.129+0000] {logging_mixin.py:188} INFO - [2024-06-28T18:13:55.129+0000] {dagbag.py:545} INFO - Filling up the DagBag from /opt/airflow/dags/example_dag.py
[2024-06-28T18:13:55.133+0000] {processor.py:840} INFO - DAG(s) 'example_dag' retrieved from /opt/airflow/dags/example_dag.py
[2024-06-28T18:13:55.145+0000] {logging_mixin.py:188} INFO - [2024-06-28T18:13:55.144+0000] {dag.py:3096} INFO - Sync 1 DAGs
[2024-06-28T18:13:55.152+0000] {logging_mixin.py:188} INFO - [2024-06-28T18:13:55.152+0000] {dag.py:3954} INFO - Setting next_dagrun for example_dag to 2023-01-01 03:20:00+00:00, run_after=2023-01-01 03:30:00+00:00
[2024-06-28T18:13:55.159+0000] {processor.py:183} INFO - Processing /opt/airflow/dags/example_dag.py took 0.034 seconds
[2024-06-28T18:14:25.303+0000] {processor.py:161} INFO - Started process (PID=830) to work on /opt/airflow/dags/example_dag.py
[2024-06-28T18:14:25.304+0000] {processor.py:830} INFO - Processing file /opt/airflow/dags/example_dag.py for tasks to queue
[2024-06-28T18:14:25.305+0000] {logging_mixin.py:188} INFO - [2024-06-28T18:14:25.305+0000] {dagbag.py:545} INFO - Filling up the DagBag from /opt/airflow/dags/example_dag.py
[2024-06-28T18:14:25.310+0000] {processor.py:840} INFO - DAG(s) 'example_dag' retrieved from /opt/airflow/dags/example_dag.py
[2024-06-28T18:14:25.322+0000] {logging_mixin.py:188} INFO - [2024-06-28T18:14:25.322+0000] {dag.py:3096} INFO - Sync 1 DAGs
[2024-06-28T18:14:25.332+0000] {logging_mixin.py:188} INFO - [2024-06-28T18:14:25.331+0000] {dag.py:3954} INFO - Setting next_dagrun for example_dag to 2023-01-01 04:50:00+00:00, run_after=2023-01-01 05:00:00+00:00
[2024-06-28T18:14:25.338+0000] {processor.py:183} INFO - Processing /opt/airflow/dags/example_dag.py took 0.037 seconds
[2024-06-28T18:14:55.499+0000] {processor.py:161} INFO - Started process (PID=1097) to work on /opt/airflow/dags/example_dag.py
[2024-06-28T18:14:55.499+0000] {processor.py:830} INFO - Processing file /opt/airflow/dags/example_dag.py for tasks to queue
[2024-06-28T18:14:55.500+0000] {logging_mixin.py:188} INFO - [2024-06-28T18:14:55.500+0000] {dagbag.py:545} INFO - Filling up the DagBag from /opt/airflow/dags/example_dag.py
[2024-06-28T18:14:55.505+0000] {processor.py:840} INFO - DAG(s) 'example_dag' retrieved from /opt/airflow/dags/example_dag.py
[2024-06-28T18:14:55.517+0000] {logging_mixin.py:188} INFO - [2024-06-28T18:14:55.517+0000] {dag.py:3096} INFO - Sync 1 DAGs
[2024-06-28T18:14:55.525+0000] {logging_mixin.py:188} INFO - [2024-06-28T18:14:55.525+0000] {dag.py:3954} INFO - Setting next_dagrun for example_dag to 2023-01-01 06:30:00+00:00, run_after=2023-01-01 06:40:00+00:00
[2024-06-28T18:14:55.532+0000] {processor.py:183} INFO - Processing /opt/airflow/dags/example_dag.py took 0.035 seconds
[2024-06-28T18:15:25.679+0000] {processor.py:161} INFO - Started process (PID=1364) to work on /opt/airflow/dags/example_dag.py
[2024-06-28T18:15:25.680+0000] {processor.py:830} INFO - Processing file /opt/airflow/dags/example_dag.py for tasks to queue
[2024-06-28T18:15:25.681+0000] {logging_mixin.py:188} INFO - [2024-06-28T18:15:25.681+0000] {dagbag.py:545} INFO - Filling up the DagBag from /opt/airflow/dags/example_dag.py
[2024-06-28T18:15:25.687+0000] {processor.py:840} INFO - DAG(s) 'example_dag' retrieved from /opt/airflow/dags/example_dag.py
[2024-06-28T18:15:25.700+0000] {logging_mixin.py:188} INFO - [2024-06-28T18:15:25.700+0000] {dag.py:3096} INFO - Sync 1 DAGs
[2024-06-28T18:15:25.709+0000] {logging_mixin.py:188} INFO - [2024-06-28T18:15:25.708+0000] {dag.py:3954} INFO - Setting next_dagrun for example_dag to 2023-01-01 08:00:00+00:00, run_after=2023-01-01 08:10:00+00:00
[2024-06-28T18:15:25.715+0000] {processor.py:183} INFO - Processing /opt/airflow/dags/example_dag.py took 0.039 seconds
[2024-06-28T18:15:55.857+0000] {processor.py:161} INFO - Started process (PID=1629) to work on /opt/airflow/dags/example_dag.py
[2024-06-28T18:15:55.858+0000] {processor.py:830} INFO - Processing file /opt/airflow/dags/example_dag.py for tasks to queue
[2024-06-28T18:15:55.859+0000] {logging_mixin.py:188} INFO - [2024-06-28T18:15:55.859+0000] {dagbag.py:545} INFO - Filling up the DagBag from /opt/airflow/dags/example_dag.py
[2024-06-28T18:15:55.865+0000] {processor.py:840} INFO - DAG(s) 'example_dag' retrieved from /opt/airflow/dags/example_dag.py
[2024-06-28T18:15:55.878+0000] {logging_mixin.py:188} INFO - [2024-06-28T18:15:55.878+0000] {dag.py:3096} INFO - Sync 1 DAGs
[2024-06-28T18:15:55.888+0000] {logging_mixin.py:188} INFO - [2024-06-28T18:15:55.887+0000] {dag.py:3954} INFO - Setting next_dagrun for example_dag to 2023-01-01 09:30:00+00:00, run_after=2023-01-01 09:40:00+00:00
[2024-06-28T18:15:55.894+0000] {processor.py:183} INFO - Processing /opt/airflow/dags/example_dag.py took 0.040 seconds
[2024-06-28T18:16:26.032+0000] {processor.py:161} INFO - Started process (PID=1875) to work on /opt/airflow/dags/example_dag.py
[2024-06-28T18:16:26.033+0000] {processor.py:830} INFO - Processing file /opt/airflow/dags/example_dag.py for tasks to queue
[2024-06-28T18:16:26.034+0000] {logging_mixin.py:188} INFO - [2024-06-28T18:16:26.034+0000] {dagbag.py:545} INFO - Filling up the DagBag from /opt/airflow/dags/example_dag.py
[2024-06-28T18:16:26.039+0000] {processor.py:840} INFO - DAG(s) 'example_dag' retrieved from /opt/airflow/dags/example_dag.py
[2024-06-28T18:16:26.053+0000] {logging_mixin.py:188} INFO - [2024-06-28T18:16:26.053+0000] {dag.py:3096} INFO - Sync 1 DAGs
[2024-06-28T18:16:26.063+0000] {logging_mixin.py:188} INFO - [2024-06-28T18:16:26.063+0000] {dag.py:3954} INFO - Setting next_dagrun for example_dag to 2023-01-01 11:10:00+00:00, run_after=2023-01-01 11:20:00+00:00
[2024-06-28T18:16:26.070+0000] {processor.py:183} INFO - Processing /opt/airflow/dags/example_dag.py took 0.040 seconds
[2024-06-28T18:16:56.194+0000] {processor.py:161} INFO - Started process (PID=2142) to work on /opt/airflow/dags/example_dag.py
[2024-06-28T18:16:56.194+0000] {processor.py:830} INFO - Processing file /opt/airflow/dags/example_dag.py for tasks to queue
[2024-06-28T18:16:56.195+0000] {logging_mixin.py:188} INFO - [2024-06-28T18:16:56.195+0000] {dagbag.py:545} INFO - Filling up the DagBag from /opt/airflow/dags/example_dag.py
[2024-06-28T18:16:56.200+0000] {processor.py:840} INFO - DAG(s) 'example_dag' retrieved from /opt/airflow/dags/example_dag.py
[2024-06-28T18:16:56.212+0000] {logging_mixin.py:188} INFO - [2024-06-28T18:16:56.212+0000] {dag.py:3096} INFO - Sync 1 DAGs
[2024-06-28T18:16:56.220+0000] {logging_mixin.py:188} INFO - [2024-06-28T18:16:56.220+0000] {dag.py:3954} INFO - Setting next_dagrun for example_dag to 2023-01-01 12:40:00+00:00, run_after=2023-01-01 12:50:00+00:00
[2024-06-28T18:16:56.227+0000] {processor.py:183} INFO - Processing /opt/airflow/dags/example_dag.py took 0.035 seconds
[2024-06-28T18:17:26.405+0000] {processor.py:161} INFO - Started process (PID=2407) to work on /opt/airflow/dags/example_dag.py
[2024-06-28T18:17:26.406+0000] {processor.py:830} INFO - Processing file /opt/airflow/dags/example_dag.py for tasks to queue
[2024-06-28T18:17:26.407+0000] {logging_mixin.py:188} INFO - [2024-06-28T18:17:26.406+0000] {dagbag.py:545} INFO - Filling up the DagBag from /opt/airflow/dags/example_dag.py
[2024-06-28T18:17:26.414+0000] {processor.py:840} INFO - DAG(s) 'example_dag' retrieved from /opt/airflow/dags/example_dag.py
[2024-06-28T18:17:26.428+0000] {logging_mixin.py:188} INFO - [2024-06-28T18:17:26.428+0000] {dag.py:3096} INFO - Sync 1 DAGs
[2024-06-28T18:17:26.438+0000] {logging_mixin.py:188} INFO - [2024-06-28T18:17:26.438+0000] {dag.py:3954} INFO - Setting next_dagrun for example_dag to 2023-01-01 14:10:00+00:00, run_after=2023-01-01 14:20:00+00:00
[2024-06-28T18:17:26.445+0000] {processor.py:183} INFO - Processing /opt/airflow/dags/example_dag.py took 0.044 seconds
[2024-06-28T18:17:56.582+0000] {processor.py:161} INFO - Started process (PID=2673) to work on /opt/airflow/dags/example_dag.py
[2024-06-28T18:17:56.583+0000] {processor.py:830} INFO - Processing file /opt/airflow/dags/example_dag.py for tasks to queue
[2024-06-28T18:17:56.583+0000] {logging_mixin.py:188} INFO - [2024-06-28T18:17:56.583+0000] {dagbag.py:545} INFO - Filling up the DagBag from /opt/airflow/dags/example_dag.py
[2024-06-28T18:17:56.588+0000] {processor.py:840} INFO - DAG(s) 'example_dag' retrieved from /opt/airflow/dags/example_dag.py
[2024-06-28T18:17:56.601+0000] {logging_mixin.py:188} INFO - [2024-06-28T18:17:56.600+0000] {dag.py:3096} INFO - Sync 1 DAGs
[2024-06-28T18:17:56.609+0000] {logging_mixin.py:188} INFO - [2024-06-28T18:17:56.609+0000] {dag.py:3954} INFO - Setting next_dagrun for example_dag to 2023-01-01 15:50:00+00:00, run_after=2023-01-01 16:00:00+00:00
[2024-06-28T18:17:56.616+0000] {processor.py:183} INFO - Processing /opt/airflow/dags/example_dag.py took 0.036 seconds
[2024-06-28T18:18:26.756+0000] {processor.py:161} INFO - Started process (PID=2928) to work on /opt/airflow/dags/example_dag.py
[2024-06-28T18:18:26.756+0000] {processor.py:830} INFO - Processing file /opt/airflow/dags/example_dag.py for tasks to queue
[2024-06-28T18:18:26.757+0000] {logging_mixin.py:188} INFO - [2024-06-28T18:18:26.757+0000] {dagbag.py:545} INFO - Filling up the DagBag from /opt/airflow/dags/example_dag.py
[2024-06-28T18:18:26.762+0000] {processor.py:840} INFO - DAG(s) 'example_dag' retrieved from /opt/airflow/dags/example_dag.py
[2024-06-28T18:18:26.774+0000] {logging_mixin.py:188} INFO - [2024-06-28T18:18:26.774+0000] {dag.py:3096} INFO - Sync 1 DAGs
[2024-06-28T18:18:26.782+0000] {logging_mixin.py:188} INFO - [2024-06-28T18:18:26.782+0000] {dag.py:3954} INFO - Setting next_dagrun for example_dag to 2023-01-01 17:20:00+00:00, run_after=2023-01-01 17:30:00+00:00
[2024-06-28T18:18:26.789+0000] {processor.py:183} INFO - Processing /opt/airflow/dags/example_dag.py took 0.036 seconds
[2024-06-28T18:20:08.766+0000] {processor.py:161} INFO - Started process (PID=30) to work on /opt/airflow/dags/example_dag.py
[2024-06-28T18:20:08.767+0000] {processor.py:830} INFO - Processing file /opt/airflow/dags/example_dag.py for tasks to queue
[2024-06-28T18:20:08.768+0000] {logging_mixin.py:188} INFO - [2024-06-28T18:20:08.768+0000] {dagbag.py:545} INFO - Filling up the DagBag from /opt/airflow/dags/example_dag.py
[2024-06-28T18:20:08.780+0000] {processor.py:840} INFO - DAG(s) 'example_dag' retrieved from /opt/airflow/dags/example_dag.py
[2024-06-28T18:20:08.884+0000] {logging_mixin.py:188} INFO - [2024-06-28T18:20:08.883+0000] {override.py:1677} ERROR - Add Permission: (psycopg2.errors.UniqueViolation) duplicate key value violates unique constraint "ab_permission_name_uq"
DETAIL:  Key (name)=(can_edit) already exists.

[SQL: INSERT INTO ab_permission (name) VALUES (%(name)s) RETURNING ab_permission.id]
[parameters: {'name': 'can_edit'}]
(Background on this error at: https://sqlalche.me/e/14/gkpj)
[2024-06-28T18:20:08.886+0000] {logging_mixin.py:188} INFO - [2024-06-28T18:20:08.885+0000] {override.py:1829} INFO - Created Permission View: None on DAG:example_dag
[2024-06-28T18:20:08.887+0000] {logging_mixin.py:188} INFO - [2024-06-28T18:20:08.887+0000] {override.py:1829} INFO - Created Permission View: can delete on DAG:example_dag
[2024-06-28T18:20:08.888+0000] {logging_mixin.py:188} INFO - [2024-06-28T18:20:08.888+0000] {override.py:1829} INFO - Created Permission View: can read on DAG:example_dag
[2024-06-28T18:20:08.889+0000] {logging_mixin.py:188} INFO - [2024-06-28T18:20:08.889+0000] {dag.py:3096} INFO - Sync 1 DAGs
[2024-06-28T18:20:08.893+0000] {logging_mixin.py:188} INFO - [2024-06-28T18:20:08.893+0000] {dag.py:3118} INFO - Creating ORM DAG for example_dag
[2024-06-28T18:20:08.897+0000] {logging_mixin.py:188} INFO - [2024-06-28T18:20:08.897+0000] {dag.py:3954} INFO - Setting next_dagrun for example_dag to 2023-01-01 00:00:00+00:00, run_after=2023-01-01 00:10:00+00:00
[2024-06-28T18:20:08.903+0000] {processor.py:183} INFO - Processing /opt/airflow/dags/example_dag.py took 0.140 seconds
[2024-06-28T18:20:38.960+0000] {processor.py:161} INFO - Started process (PID=284) to work on /opt/airflow/dags/example_dag.py
[2024-06-28T18:20:38.961+0000] {processor.py:830} INFO - Processing file /opt/airflow/dags/example_dag.py for tasks to queue
[2024-06-28T18:20:38.962+0000] {logging_mixin.py:188} INFO - [2024-06-28T18:20:38.961+0000] {dagbag.py:545} INFO - Filling up the DagBag from /opt/airflow/dags/example_dag.py
[2024-06-28T18:20:38.967+0000] {processor.py:840} INFO - DAG(s) 'example_dag' retrieved from /opt/airflow/dags/example_dag.py
[2024-06-28T18:20:38.980+0000] {logging_mixin.py:188} INFO - [2024-06-28T18:20:38.979+0000] {dag.py:3096} INFO - Sync 1 DAGs
[2024-06-28T18:20:38.988+0000] {logging_mixin.py:188} INFO - [2024-06-28T18:20:38.988+0000] {dag.py:3954} INFO - Setting next_dagrun for example_dag to 2023-01-01 01:40:00+00:00, run_after=2023-01-01 01:50:00+00:00
[2024-06-28T18:20:38.995+0000] {processor.py:183} INFO - Processing /opt/airflow/dags/example_dag.py took 0.037 seconds
[2024-06-28T18:21:09.108+0000] {processor.py:161} INFO - Started process (PID=550) to work on /opt/airflow/dags/example_dag.py
[2024-06-28T18:21:09.109+0000] {processor.py:830} INFO - Processing file /opt/airflow/dags/example_dag.py for tasks to queue
[2024-06-28T18:21:09.109+0000] {logging_mixin.py:188} INFO - [2024-06-28T18:21:09.109+0000] {dagbag.py:545} INFO - Filling up the DagBag from /opt/airflow/dags/example_dag.py
[2024-06-28T18:21:09.114+0000] {processor.py:840} INFO - DAG(s) 'example_dag' retrieved from /opt/airflow/dags/example_dag.py
[2024-06-28T18:21:09.121+0000] {logging_mixin.py:188} INFO - [2024-06-28T18:21:09.121+0000] {dag.py:3096} INFO - Sync 1 DAGs
[2024-06-28T18:21:09.130+0000] {logging_mixin.py:188} INFO - [2024-06-28T18:21:09.130+0000] {dag.py:3954} INFO - Setting next_dagrun for example_dag to 2023-01-01 03:10:00+00:00, run_after=2023-01-01 03:20:00+00:00
[2024-06-28T18:21:09.137+0000] {processor.py:183} INFO - Processing /opt/airflow/dags/example_dag.py took 0.031 seconds
[2024-06-28T18:21:39.334+0000] {processor.py:161} INFO - Started process (PID=782) to work on /opt/airflow/dags/example_dag.py
[2024-06-28T18:21:39.334+0000] {processor.py:830} INFO - Processing file /opt/airflow/dags/example_dag.py for tasks to queue
[2024-06-28T18:21:39.335+0000] {logging_mixin.py:188} INFO - [2024-06-28T18:21:39.335+0000] {dagbag.py:545} INFO - Filling up the DagBag from /opt/airflow/dags/example_dag.py
[2024-06-28T18:21:39.341+0000] {processor.py:840} INFO - DAG(s) 'example_dag' retrieved from /opt/airflow/dags/example_dag.py
[2024-06-28T18:21:39.389+0000] {logging_mixin.py:188} INFO - [2024-06-28T18:21:39.388+0000] {dag.py:3096} INFO - Sync 1 DAGs
[2024-06-28T18:21:39.396+0000] {logging_mixin.py:188} INFO - [2024-06-28T18:21:39.396+0000] {dag.py:3954} INFO - Setting next_dagrun for example_dag to 2023-01-01 03:30:00+00:00, run_after=2023-01-01 03:40:00+00:00
[2024-06-28T18:21:39.404+0000] {processor.py:183} INFO - Processing /opt/airflow/dags/example_dag.py took 0.073 seconds
[2024-06-28T18:22:09.529+0000] {processor.py:161} INFO - Started process (PID=1016) to work on /opt/airflow/dags/example_dag.py
[2024-06-28T18:22:09.530+0000] {processor.py:830} INFO - Processing file /opt/airflow/dags/example_dag.py for tasks to queue
[2024-06-28T18:22:09.531+0000] {logging_mixin.py:188} INFO - [2024-06-28T18:22:09.530+0000] {dagbag.py:545} INFO - Filling up the DagBag from /opt/airflow/dags/example_dag.py
[2024-06-28T18:22:09.536+0000] {processor.py:840} INFO - DAG(s) 'example_dag' retrieved from /opt/airflow/dags/example_dag.py
[2024-06-28T18:22:09.548+0000] {logging_mixin.py:188} INFO - [2024-06-28T18:22:09.548+0000] {dag.py:3096} INFO - Sync 1 DAGs
[2024-06-28T18:22:09.557+0000] {logging_mixin.py:188} INFO - [2024-06-28T18:22:09.557+0000] {dag.py:3954} INFO - Setting next_dagrun for example_dag to 2023-01-01 03:30:00+00:00, run_after=2023-01-01 03:40:00+00:00
[2024-06-28T18:22:09.564+0000] {processor.py:183} INFO - Processing /opt/airflow/dags/example_dag.py took 0.036 seconds
[2024-06-28T18:22:39.817+0000] {processor.py:161} INFO - Started process (PID=1165) to work on /opt/airflow/dags/example_dag.py
[2024-06-28T18:22:39.818+0000] {processor.py:830} INFO - Processing file /opt/airflow/dags/example_dag.py for tasks to queue
[2024-06-28T18:22:39.819+0000] {logging_mixin.py:188} INFO - [2024-06-28T18:22:39.819+0000] {dagbag.py:545} INFO - Filling up the DagBag from /opt/airflow/dags/example_dag.py
[2024-06-28T18:22:39.828+0000] {processor.py:840} INFO - DAG(s) 'example_dag' retrieved from /opt/airflow/dags/example_dag.py
[2024-06-28T18:22:39.845+0000] {logging_mixin.py:188} INFO - [2024-06-28T18:22:39.845+0000] {dag.py:3096} INFO - Sync 1 DAGs
[2024-06-28T18:22:39.854+0000] {logging_mixin.py:188} INFO - [2024-06-28T18:22:39.854+0000] {dag.py:3954} INFO - Setting next_dagrun for example_dag to 2023-01-01 03:30:00+00:00, run_after=2023-01-01 03:40:00+00:00
[2024-06-28T18:22:39.861+0000] {processor.py:183} INFO - Processing /opt/airflow/dags/example_dag.py took 0.049 seconds
[2024-06-28T18:23:10.165+0000] {processor.py:161} INFO - Started process (PID=1175) to work on /opt/airflow/dags/example_dag.py
[2024-06-28T18:23:10.166+0000] {processor.py:830} INFO - Processing file /opt/airflow/dags/example_dag.py for tasks to queue
[2024-06-28T18:23:10.166+0000] {logging_mixin.py:188} INFO - [2024-06-28T18:23:10.166+0000] {dagbag.py:545} INFO - Filling up the DagBag from /opt/airflow/dags/example_dag.py
[2024-06-28T18:23:10.173+0000] {processor.py:840} INFO - DAG(s) 'example_dag' retrieved from /opt/airflow/dags/example_dag.py
[2024-06-28T18:23:10.193+0000] {logging_mixin.py:188} INFO - [2024-06-28T18:23:10.193+0000] {dag.py:3096} INFO - Sync 1 DAGs
[2024-06-28T18:23:10.203+0000] {logging_mixin.py:188} INFO - [2024-06-28T18:23:10.203+0000] {dag.py:3954} INFO - Setting next_dagrun for example_dag to 2023-01-01 03:30:00+00:00, run_after=2023-01-01 03:40:00+00:00
[2024-06-28T18:23:10.211+0000] {processor.py:183} INFO - Processing /opt/airflow/dags/example_dag.py took 0.049 seconds
[2024-06-28T18:23:40.491+0000] {processor.py:161} INFO - Started process (PID=1177) to work on /opt/airflow/dags/example_dag.py
[2024-06-28T18:23:40.492+0000] {processor.py:830} INFO - Processing file /opt/airflow/dags/example_dag.py for tasks to queue
[2024-06-28T18:23:40.493+0000] {logging_mixin.py:188} INFO - [2024-06-28T18:23:40.493+0000] {dagbag.py:545} INFO - Filling up the DagBag from /opt/airflow/dags/example_dag.py
[2024-06-28T18:23:40.503+0000] {processor.py:840} INFO - DAG(s) 'example_dag' retrieved from /opt/airflow/dags/example_dag.py
[2024-06-28T18:23:40.519+0000] {logging_mixin.py:188} INFO - [2024-06-28T18:23:40.519+0000] {dag.py:3096} INFO - Sync 1 DAGs
[2024-06-28T18:23:40.529+0000] {logging_mixin.py:188} INFO - [2024-06-28T18:23:40.529+0000] {dag.py:3954} INFO - Setting next_dagrun for example_dag to 2023-01-01 03:30:00+00:00, run_after=2023-01-01 03:40:00+00:00
[2024-06-28T18:23:40.536+0000] {processor.py:183} INFO - Processing /opt/airflow/dags/example_dag.py took 0.050 seconds
[2024-06-28T18:24:10.859+0000] {processor.py:161} INFO - Started process (PID=1187) to work on /opt/airflow/dags/example_dag.py
[2024-06-28T18:24:10.860+0000] {processor.py:830} INFO - Processing file /opt/airflow/dags/example_dag.py for tasks to queue
[2024-06-28T18:24:10.861+0000] {logging_mixin.py:188} INFO - [2024-06-28T18:24:10.861+0000] {dagbag.py:545} INFO - Filling up the DagBag from /opt/airflow/dags/example_dag.py
[2024-06-28T18:24:10.868+0000] {processor.py:840} INFO - DAG(s) 'example_dag' retrieved from /opt/airflow/dags/example_dag.py
[2024-06-28T18:24:10.883+0000] {logging_mixin.py:188} INFO - [2024-06-28T18:24:10.883+0000] {dag.py:3096} INFO - Sync 1 DAGs
[2024-06-28T18:24:10.892+0000] {logging_mixin.py:188} INFO - [2024-06-28T18:24:10.892+0000] {dag.py:3954} INFO - Setting next_dagrun for example_dag to 2023-01-01 03:30:00+00:00, run_after=2023-01-01 03:40:00+00:00
[2024-06-28T18:24:10.900+0000] {processor.py:183} INFO - Processing /opt/airflow/dags/example_dag.py took 0.045 seconds
[2024-06-28T18:24:41.211+0000] {processor.py:161} INFO - Started process (PID=1197) to work on /opt/airflow/dags/example_dag.py
[2024-06-28T18:24:41.211+0000] {processor.py:830} INFO - Processing file /opt/airflow/dags/example_dag.py for tasks to queue
[2024-06-28T18:24:41.213+0000] {logging_mixin.py:188} INFO - [2024-06-28T18:24:41.213+0000] {dagbag.py:545} INFO - Filling up the DagBag from /opt/airflow/dags/example_dag.py
[2024-06-28T18:24:41.223+0000] {processor.py:840} INFO - DAG(s) 'example_dag' retrieved from /opt/airflow/dags/example_dag.py
[2024-06-28T18:24:41.243+0000] {logging_mixin.py:188} INFO - [2024-06-28T18:24:41.243+0000] {dag.py:3096} INFO - Sync 1 DAGs
[2024-06-28T18:24:41.255+0000] {logging_mixin.py:188} INFO - [2024-06-28T18:24:41.255+0000] {dag.py:3954} INFO - Setting next_dagrun for example_dag to 2023-01-01 03:30:00+00:00, run_after=2023-01-01 03:40:00+00:00
[2024-06-28T18:24:41.263+0000] {processor.py:183} INFO - Processing /opt/airflow/dags/example_dag.py took 0.059 seconds
[2024-06-28T18:25:11.562+0000] {processor.py:161} INFO - Started process (PID=1207) to work on /opt/airflow/dags/example_dag.py
[2024-06-28T18:25:11.563+0000] {processor.py:830} INFO - Processing file /opt/airflow/dags/example_dag.py for tasks to queue
[2024-06-28T18:25:11.564+0000] {logging_mixin.py:188} INFO - [2024-06-28T18:25:11.563+0000] {dagbag.py:545} INFO - Filling up the DagBag from /opt/airflow/dags/example_dag.py
[2024-06-28T18:25:11.570+0000] {processor.py:840} INFO - DAG(s) 'example_dag' retrieved from /opt/airflow/dags/example_dag.py
[2024-06-28T18:25:11.585+0000] {logging_mixin.py:188} INFO - [2024-06-28T18:25:11.584+0000] {dag.py:3096} INFO - Sync 1 DAGs
[2024-06-28T18:25:11.593+0000] {logging_mixin.py:188} INFO - [2024-06-28T18:25:11.593+0000] {dag.py:3954} INFO - Setting next_dagrun for example_dag to 2023-01-01 03:30:00+00:00, run_after=2023-01-01 03:40:00+00:00
[2024-06-28T18:25:11.600+0000] {processor.py:183} INFO - Processing /opt/airflow/dags/example_dag.py took 0.041 seconds
[2024-06-28T18:30:10.875+0000] {processor.py:161} INFO - Started process (PID=29) to work on /opt/airflow/dags/example_dag.py
[2024-06-28T18:30:10.876+0000] {processor.py:830} INFO - Processing file /opt/airflow/dags/example_dag.py for tasks to queue
[2024-06-28T18:30:10.877+0000] {logging_mixin.py:188} INFO - [2024-06-28T18:30:10.877+0000] {dagbag.py:545} INFO - Filling up the DagBag from /opt/airflow/dags/example_dag.py
[2024-06-28T18:30:10.890+0000] {processor.py:840} INFO - DAG(s) 'example_dag' retrieved from /opt/airflow/dags/example_dag.py
[2024-06-28T18:30:10.990+0000] {logging_mixin.py:188} INFO - [2024-06-28T18:30:10.990+0000] {override.py:1829} INFO - Created Permission View: can delete on DAG:example_dag
[2024-06-28T18:30:10.992+0000] {logging_mixin.py:188} INFO - [2024-06-28T18:30:10.992+0000] {override.py:1829} INFO - Created Permission View: can read on DAG:example_dag
[2024-06-28T18:30:10.994+0000] {logging_mixin.py:188} INFO - [2024-06-28T18:30:10.994+0000] {override.py:1829} INFO - Created Permission View: can edit on DAG:example_dag
[2024-06-28T18:30:10.994+0000] {logging_mixin.py:188} INFO - [2024-06-28T18:30:10.994+0000] {dag.py:3096} INFO - Sync 1 DAGs
[2024-06-28T18:30:10.998+0000] {logging_mixin.py:188} INFO - [2024-06-28T18:30:10.998+0000] {dag.py:3118} INFO - Creating ORM DAG for example_dag
[2024-06-28T18:30:11.002+0000] {logging_mixin.py:188} INFO - [2024-06-28T18:30:11.002+0000] {dag.py:3954} INFO - Setting next_dagrun for example_dag to 2023-01-01 00:00:00+00:00, run_after=2023-01-01 00:10:00+00:00
[2024-06-28T18:30:11.007+0000] {processor.py:183} INFO - Processing /opt/airflow/dags/example_dag.py took 0.134 seconds
[2024-06-28T18:30:41.069+0000] {processor.py:161} INFO - Started process (PID=284) to work on /opt/airflow/dags/example_dag.py
[2024-06-28T18:30:41.069+0000] {processor.py:830} INFO - Processing file /opt/airflow/dags/example_dag.py for tasks to queue
[2024-06-28T18:30:41.070+0000] {logging_mixin.py:188} INFO - [2024-06-28T18:30:41.070+0000] {dagbag.py:545} INFO - Filling up the DagBag from /opt/airflow/dags/example_dag.py
[2024-06-28T18:30:41.075+0000] {processor.py:840} INFO - DAG(s) 'example_dag' retrieved from /opt/airflow/dags/example_dag.py
[2024-06-28T18:30:41.088+0000] {logging_mixin.py:188} INFO - [2024-06-28T18:30:41.088+0000] {dag.py:3096} INFO - Sync 1 DAGs
[2024-06-28T18:30:41.096+0000] {logging_mixin.py:188} INFO - [2024-06-28T18:30:41.096+0000] {dag.py:3954} INFO - Setting next_dagrun for example_dag to 2023-01-01 01:40:00+00:00, run_after=2023-01-01 01:50:00+00:00
[2024-06-28T18:30:41.104+0000] {processor.py:183} INFO - Processing /opt/airflow/dags/example_dag.py took 0.037 seconds
[2024-06-28T18:31:11.257+0000] {processor.py:161} INFO - Started process (PID=538) to work on /opt/airflow/dags/example_dag.py
[2024-06-28T18:31:11.257+0000] {processor.py:830} INFO - Processing file /opt/airflow/dags/example_dag.py for tasks to queue
[2024-06-28T18:31:11.258+0000] {logging_mixin.py:188} INFO - [2024-06-28T18:31:11.258+0000] {dagbag.py:545} INFO - Filling up the DagBag from /opt/airflow/dags/example_dag.py
[2024-06-28T18:31:11.266+0000] {processor.py:840} INFO - DAG(s) 'example_dag' retrieved from /opt/airflow/dags/example_dag.py
[2024-06-28T18:31:11.272+0000] {logging_mixin.py:188} INFO - [2024-06-28T18:31:11.272+0000] {dag.py:3096} INFO - Sync 1 DAGs
[2024-06-28T18:31:11.283+0000] {logging_mixin.py:188} INFO - [2024-06-28T18:31:11.283+0000] {dag.py:3954} INFO - Setting next_dagrun for example_dag to 2023-01-01 02:50:00+00:00, run_after=2023-01-01 03:00:00+00:00
[2024-06-28T18:31:11.291+0000] {processor.py:183} INFO - Processing /opt/airflow/dags/example_dag.py took 0.037 seconds
[2024-06-28T18:31:41.494+0000] {processor.py:161} INFO - Started process (PID=771) to work on /opt/airflow/dags/example_dag.py
[2024-06-28T18:31:41.494+0000] {processor.py:830} INFO - Processing file /opt/airflow/dags/example_dag.py for tasks to queue
[2024-06-28T18:31:41.496+0000] {logging_mixin.py:188} INFO - [2024-06-28T18:31:41.495+0000] {dagbag.py:545} INFO - Filling up the DagBag from /opt/airflow/dags/example_dag.py
[2024-06-28T18:31:41.503+0000] {processor.py:840} INFO - DAG(s) 'example_dag' retrieved from /opt/airflow/dags/example_dag.py
[2024-06-28T18:31:41.555+0000] {logging_mixin.py:188} INFO - [2024-06-28T18:31:41.555+0000] {dag.py:3096} INFO - Sync 1 DAGs
[2024-06-28T18:31:41.564+0000] {logging_mixin.py:188} INFO - [2024-06-28T18:31:41.564+0000] {dag.py:3954} INFO - Setting next_dagrun for example_dag to 2023-01-01 02:50:00+00:00, run_after=2023-01-01 03:00:00+00:00
[2024-06-28T18:31:41.570+0000] {processor.py:183} INFO - Processing /opt/airflow/dags/example_dag.py took 0.081 seconds
[2024-06-28T18:32:11.864+0000] {processor.py:161} INFO - Started process (PID=935) to work on /opt/airflow/dags/example_dag.py
[2024-06-28T18:32:11.865+0000] {processor.py:830} INFO - Processing file /opt/airflow/dags/example_dag.py for tasks to queue
[2024-06-28T18:32:11.866+0000] {logging_mixin.py:188} INFO - [2024-06-28T18:32:11.865+0000] {dagbag.py:545} INFO - Filling up the DagBag from /opt/airflow/dags/example_dag.py
[2024-06-28T18:32:11.873+0000] {processor.py:840} INFO - DAG(s) 'example_dag' retrieved from /opt/airflow/dags/example_dag.py
[2024-06-28T18:32:11.889+0000] {logging_mixin.py:188} INFO - [2024-06-28T18:32:11.889+0000] {dag.py:3096} INFO - Sync 1 DAGs
[2024-06-28T18:32:11.899+0000] {logging_mixin.py:188} INFO - [2024-06-28T18:32:11.899+0000] {dag.py:3954} INFO - Setting next_dagrun for example_dag to 2023-01-01 02:50:00+00:00, run_after=2023-01-01 03:00:00+00:00
[2024-06-28T18:32:11.906+0000] {processor.py:183} INFO - Processing /opt/airflow/dags/example_dag.py took 0.046 seconds
[2024-06-28T18:32:42.208+0000] {processor.py:161} INFO - Started process (PID=945) to work on /opt/airflow/dags/example_dag.py
[2024-06-28T18:32:42.209+0000] {processor.py:830} INFO - Processing file /opt/airflow/dags/example_dag.py for tasks to queue
[2024-06-28T18:32:42.210+0000] {logging_mixin.py:188} INFO - [2024-06-28T18:32:42.210+0000] {dagbag.py:545} INFO - Filling up the DagBag from /opt/airflow/dags/example_dag.py
[2024-06-28T18:32:42.218+0000] {processor.py:840} INFO - DAG(s) 'example_dag' retrieved from /opt/airflow/dags/example_dag.py
[2024-06-28T18:32:42.232+0000] {logging_mixin.py:188} INFO - [2024-06-28T18:32:42.232+0000] {dag.py:3096} INFO - Sync 1 DAGs
[2024-06-28T18:32:42.242+0000] {logging_mixin.py:188} INFO - [2024-06-28T18:32:42.242+0000] {dag.py:3954} INFO - Setting next_dagrun for example_dag to 2023-01-01 02:50:00+00:00, run_after=2023-01-01 03:00:00+00:00
[2024-06-28T18:32:42.248+0000] {processor.py:183} INFO - Processing /opt/airflow/dags/example_dag.py took 0.044 seconds
[2024-06-28T18:33:12.539+0000] {processor.py:161} INFO - Started process (PID=955) to work on /opt/airflow/dags/example_dag.py
[2024-06-28T18:33:12.540+0000] {processor.py:830} INFO - Processing file /opt/airflow/dags/example_dag.py for tasks to queue
[2024-06-28T18:33:12.540+0000] {logging_mixin.py:188} INFO - [2024-06-28T18:33:12.540+0000] {dagbag.py:545} INFO - Filling up the DagBag from /opt/airflow/dags/example_dag.py
[2024-06-28T18:33:12.546+0000] {processor.py:840} INFO - DAG(s) 'example_dag' retrieved from /opt/airflow/dags/example_dag.py
[2024-06-28T18:33:12.561+0000] {logging_mixin.py:188} INFO - [2024-06-28T18:33:12.561+0000] {dag.py:3096} INFO - Sync 1 DAGs
[2024-06-28T18:33:12.571+0000] {logging_mixin.py:188} INFO - [2024-06-28T18:33:12.571+0000] {dag.py:3954} INFO - Setting next_dagrun for example_dag to 2023-01-01 02:50:00+00:00, run_after=2023-01-01 03:00:00+00:00
[2024-06-28T18:33:12.579+0000] {processor.py:183} INFO - Processing /opt/airflow/dags/example_dag.py took 0.042 seconds
[2024-06-28T18:33:42.866+0000] {processor.py:161} INFO - Started process (PID=957) to work on /opt/airflow/dags/example_dag.py
[2024-06-28T18:33:42.867+0000] {processor.py:830} INFO - Processing file /opt/airflow/dags/example_dag.py for tasks to queue
[2024-06-28T18:33:42.867+0000] {logging_mixin.py:188} INFO - [2024-06-28T18:33:42.867+0000] {dagbag.py:545} INFO - Filling up the DagBag from /opt/airflow/dags/example_dag.py
[2024-06-28T18:33:42.873+0000] {processor.py:840} INFO - DAG(s) 'example_dag' retrieved from /opt/airflow/dags/example_dag.py
[2024-06-28T18:33:42.887+0000] {logging_mixin.py:188} INFO - [2024-06-28T18:33:42.886+0000] {dag.py:3096} INFO - Sync 1 DAGs
[2024-06-28T18:33:42.895+0000] {logging_mixin.py:188} INFO - [2024-06-28T18:33:42.895+0000] {dag.py:3954} INFO - Setting next_dagrun for example_dag to 2023-01-01 02:50:00+00:00, run_after=2023-01-01 03:00:00+00:00
[2024-06-28T18:33:42.903+0000] {processor.py:183} INFO - Processing /opt/airflow/dags/example_dag.py took 0.040 seconds
[2024-06-28T18:34:13.198+0000] {processor.py:161} INFO - Started process (PID=967) to work on /opt/airflow/dags/example_dag.py
[2024-06-28T18:34:13.199+0000] {processor.py:830} INFO - Processing file /opt/airflow/dags/example_dag.py for tasks to queue
[2024-06-28T18:34:13.200+0000] {logging_mixin.py:188} INFO - [2024-06-28T18:34:13.200+0000] {dagbag.py:545} INFO - Filling up the DagBag from /opt/airflow/dags/example_dag.py
[2024-06-28T18:34:13.208+0000] {processor.py:840} INFO - DAG(s) 'example_dag' retrieved from /opt/airflow/dags/example_dag.py
[2024-06-28T18:34:13.223+0000] {logging_mixin.py:188} INFO - [2024-06-28T18:34:13.223+0000] {dag.py:3096} INFO - Sync 1 DAGs
[2024-06-28T18:34:13.233+0000] {logging_mixin.py:188} INFO - [2024-06-28T18:34:13.233+0000] {dag.py:3954} INFO - Setting next_dagrun for example_dag to 2023-01-01 02:50:00+00:00, run_after=2023-01-01 03:00:00+00:00
[2024-06-28T18:34:13.241+0000] {processor.py:183} INFO - Processing /opt/airflow/dags/example_dag.py took 0.047 seconds
[2024-06-28T18:34:43.577+0000] {processor.py:161} INFO - Started process (PID=977) to work on /opt/airflow/dags/example_dag.py
[2024-06-28T18:34:43.578+0000] {processor.py:830} INFO - Processing file /opt/airflow/dags/example_dag.py for tasks to queue
[2024-06-28T18:34:43.579+0000] {logging_mixin.py:188} INFO - [2024-06-28T18:34:43.579+0000] {dagbag.py:545} INFO - Filling up the DagBag from /opt/airflow/dags/example_dag.py
[2024-06-28T18:34:43.587+0000] {processor.py:840} INFO - DAG(s) 'example_dag' retrieved from /opt/airflow/dags/example_dag.py
[2024-06-28T18:34:43.603+0000] {logging_mixin.py:188} INFO - [2024-06-28T18:34:43.603+0000] {dag.py:3096} INFO - Sync 1 DAGs
[2024-06-28T18:34:43.614+0000] {logging_mixin.py:188} INFO - [2024-06-28T18:34:43.613+0000] {dag.py:3954} INFO - Setting next_dagrun for example_dag to 2023-01-01 02:50:00+00:00, run_after=2023-01-01 03:00:00+00:00
[2024-06-28T18:34:43.620+0000] {processor.py:183} INFO - Processing /opt/airflow/dags/example_dag.py took 0.048 seconds
[2024-06-28T18:35:13.957+0000] {processor.py:161} INFO - Started process (PID=987) to work on /opt/airflow/dags/example_dag.py
[2024-06-28T18:35:13.958+0000] {processor.py:830} INFO - Processing file /opt/airflow/dags/example_dag.py for tasks to queue
[2024-06-28T18:35:13.960+0000] {logging_mixin.py:188} INFO - [2024-06-28T18:35:13.960+0000] {dagbag.py:545} INFO - Filling up the DagBag from /opt/airflow/dags/example_dag.py
[2024-06-28T18:35:13.974+0000] {processor.py:840} INFO - DAG(s) 'example_dag' retrieved from /opt/airflow/dags/example_dag.py
[2024-06-28T18:35:14.000+0000] {logging_mixin.py:188} INFO - [2024-06-28T18:35:14.000+0000] {dag.py:3096} INFO - Sync 1 DAGs
[2024-06-28T18:35:14.014+0000] {logging_mixin.py:188} INFO - [2024-06-28T18:35:14.014+0000] {dag.py:3954} INFO - Setting next_dagrun for example_dag to 2023-01-01 02:50:00+00:00, run_after=2023-01-01 03:00:00+00:00
[2024-06-28T18:35:14.022+0000] {processor.py:183} INFO - Processing /opt/airflow/dags/example_dag.py took 0.073 seconds
[2024-06-28T18:35:44.260+0000] {processor.py:161} INFO - Started process (PID=997) to work on /opt/airflow/dags/example_dag.py
[2024-06-28T18:35:44.261+0000] {processor.py:830} INFO - Processing file /opt/airflow/dags/example_dag.py for tasks to queue
[2024-06-28T18:35:44.262+0000] {logging_mixin.py:188} INFO - [2024-06-28T18:35:44.261+0000] {dagbag.py:545} INFO - Filling up the DagBag from /opt/airflow/dags/example_dag.py
[2024-06-28T18:35:44.270+0000] {processor.py:840} INFO - DAG(s) 'example_dag' retrieved from /opt/airflow/dags/example_dag.py
[2024-06-28T18:35:44.287+0000] {logging_mixin.py:188} INFO - [2024-06-28T18:35:44.287+0000] {dag.py:3096} INFO - Sync 1 DAGs
[2024-06-28T18:35:44.297+0000] {logging_mixin.py:188} INFO - [2024-06-28T18:35:44.297+0000] {dag.py:3954} INFO - Setting next_dagrun for example_dag to 2023-01-01 02:50:00+00:00, run_after=2023-01-01 03:00:00+00:00
[2024-06-28T18:35:44.305+0000] {processor.py:183} INFO - Processing /opt/airflow/dags/example_dag.py took 0.049 seconds
[2024-06-28T18:36:14.532+0000] {processor.py:161} INFO - Started process (PID=1007) to work on /opt/airflow/dags/example_dag.py
[2024-06-28T18:36:14.532+0000] {processor.py:830} INFO - Processing file /opt/airflow/dags/example_dag.py for tasks to queue
[2024-06-28T18:36:14.533+0000] {logging_mixin.py:188} INFO - [2024-06-28T18:36:14.533+0000] {dagbag.py:545} INFO - Filling up the DagBag from /opt/airflow/dags/example_dag.py
[2024-06-28T18:36:14.540+0000] {processor.py:840} INFO - DAG(s) 'example_dag' retrieved from /opt/airflow/dags/example_dag.py
[2024-06-28T18:36:14.555+0000] {logging_mixin.py:188} INFO - [2024-06-28T18:36:14.554+0000] {dag.py:3096} INFO - Sync 1 DAGs
[2024-06-28T18:36:14.563+0000] {logging_mixin.py:188} INFO - [2024-06-28T18:36:14.563+0000] {dag.py:3954} INFO - Setting next_dagrun for example_dag to 2023-01-01 02:50:00+00:00, run_after=2023-01-01 03:00:00+00:00
[2024-06-28T18:36:14.570+0000] {processor.py:183} INFO - Processing /opt/airflow/dags/example_dag.py took 0.042 seconds
[2024-06-28T18:36:44.839+0000] {processor.py:161} INFO - Started process (PID=1017) to work on /opt/airflow/dags/example_dag.py
[2024-06-28T18:36:44.840+0000] {processor.py:830} INFO - Processing file /opt/airflow/dags/example_dag.py for tasks to queue
[2024-06-28T18:36:44.841+0000] {logging_mixin.py:188} INFO - [2024-06-28T18:36:44.841+0000] {dagbag.py:545} INFO - Filling up the DagBag from /opt/airflow/dags/example_dag.py
[2024-06-28T18:36:44.848+0000] {processor.py:840} INFO - DAG(s) 'example_dag' retrieved from /opt/airflow/dags/example_dag.py
[2024-06-28T18:36:44.862+0000] {logging_mixin.py:188} INFO - [2024-06-28T18:36:44.861+0000] {dag.py:3096} INFO - Sync 1 DAGs
[2024-06-28T18:36:44.870+0000] {logging_mixin.py:188} INFO - [2024-06-28T18:36:44.870+0000] {dag.py:3954} INFO - Setting next_dagrun for example_dag to 2023-01-01 02:50:00+00:00, run_after=2023-01-01 03:00:00+00:00
[2024-06-28T18:36:44.878+0000] {processor.py:183} INFO - Processing /opt/airflow/dags/example_dag.py took 0.041 seconds
[2024-06-28T18:37:15.192+0000] {processor.py:161} INFO - Started process (PID=1027) to work on /opt/airflow/dags/example_dag.py
[2024-06-28T18:37:15.192+0000] {processor.py:830} INFO - Processing file /opt/airflow/dags/example_dag.py for tasks to queue
[2024-06-28T18:37:15.193+0000] {logging_mixin.py:188} INFO - [2024-06-28T18:37:15.193+0000] {dagbag.py:545} INFO - Filling up the DagBag from /opt/airflow/dags/example_dag.py
[2024-06-28T18:37:15.201+0000] {processor.py:840} INFO - DAG(s) 'example_dag' retrieved from /opt/airflow/dags/example_dag.py
[2024-06-28T18:37:15.216+0000] {logging_mixin.py:188} INFO - [2024-06-28T18:37:15.216+0000] {dag.py:3096} INFO - Sync 1 DAGs
[2024-06-28T18:37:15.225+0000] {logging_mixin.py:188} INFO - [2024-06-28T18:37:15.224+0000] {dag.py:3954} INFO - Setting next_dagrun for example_dag to 2023-01-01 02:50:00+00:00, run_after=2023-01-01 03:00:00+00:00
[2024-06-28T18:37:15.232+0000] {processor.py:183} INFO - Processing /opt/airflow/dags/example_dag.py took 0.044 seconds
[2024-06-28T18:37:45.551+0000] {processor.py:161} INFO - Started process (PID=1037) to work on /opt/airflow/dags/example_dag.py
[2024-06-28T18:37:45.552+0000] {processor.py:830} INFO - Processing file /opt/airflow/dags/example_dag.py for tasks to queue
[2024-06-28T18:37:45.553+0000] {logging_mixin.py:188} INFO - [2024-06-28T18:37:45.553+0000] {dagbag.py:545} INFO - Filling up the DagBag from /opt/airflow/dags/example_dag.py
[2024-06-28T18:37:45.561+0000] {processor.py:840} INFO - DAG(s) 'example_dag' retrieved from /opt/airflow/dags/example_dag.py
[2024-06-28T18:37:45.575+0000] {logging_mixin.py:188} INFO - [2024-06-28T18:37:45.575+0000] {dag.py:3096} INFO - Sync 1 DAGs
[2024-06-28T18:37:45.585+0000] {logging_mixin.py:188} INFO - [2024-06-28T18:37:45.585+0000] {dag.py:3954} INFO - Setting next_dagrun for example_dag to 2023-01-01 02:50:00+00:00, run_after=2023-01-01 03:00:00+00:00
[2024-06-28T18:37:45.592+0000] {processor.py:183} INFO - Processing /opt/airflow/dags/example_dag.py took 0.046 seconds
[2024-06-28T18:38:15.916+0000] {processor.py:161} INFO - Started process (PID=1047) to work on /opt/airflow/dags/example_dag.py
[2024-06-28T18:38:15.916+0000] {processor.py:830} INFO - Processing file /opt/airflow/dags/example_dag.py for tasks to queue
[2024-06-28T18:38:15.917+0000] {logging_mixin.py:188} INFO - [2024-06-28T18:38:15.917+0000] {dagbag.py:545} INFO - Filling up the DagBag from /opt/airflow/dags/example_dag.py
[2024-06-28T18:38:15.925+0000] {processor.py:840} INFO - DAG(s) 'example_dag' retrieved from /opt/airflow/dags/example_dag.py
[2024-06-28T18:38:15.943+0000] {logging_mixin.py:188} INFO - [2024-06-28T18:38:15.943+0000] {dag.py:3096} INFO - Sync 1 DAGs
[2024-06-28T18:38:15.955+0000] {logging_mixin.py:188} INFO - [2024-06-28T18:38:15.955+0000] {dag.py:3954} INFO - Setting next_dagrun for example_dag to 2023-01-01 02:50:00+00:00, run_after=2023-01-01 03:00:00+00:00
[2024-06-28T18:38:15.962+0000] {processor.py:183} INFO - Processing /opt/airflow/dags/example_dag.py took 0.051 seconds
[2024-06-28T18:38:46.250+0000] {processor.py:161} INFO - Started process (PID=1057) to work on /opt/airflow/dags/example_dag.py
[2024-06-28T18:38:46.251+0000] {processor.py:830} INFO - Processing file /opt/airflow/dags/example_dag.py for tasks to queue
[2024-06-28T18:38:46.252+0000] {logging_mixin.py:188} INFO - [2024-06-28T18:38:46.252+0000] {dagbag.py:545} INFO - Filling up the DagBag from /opt/airflow/dags/example_dag.py
[2024-06-28T18:38:46.260+0000] {processor.py:840} INFO - DAG(s) 'example_dag' retrieved from /opt/airflow/dags/example_dag.py
[2024-06-28T18:38:46.275+0000] {logging_mixin.py:188} INFO - [2024-06-28T18:38:46.275+0000] {dag.py:3096} INFO - Sync 1 DAGs
[2024-06-28T18:38:46.284+0000] {logging_mixin.py:188} INFO - [2024-06-28T18:38:46.284+0000] {dag.py:3954} INFO - Setting next_dagrun for example_dag to 2023-01-01 02:50:00+00:00, run_after=2023-01-01 03:00:00+00:00
[2024-06-28T18:38:46.291+0000] {processor.py:183} INFO - Processing /opt/airflow/dags/example_dag.py took 0.045 seconds
[2024-06-28T18:39:16.620+0000] {processor.py:161} INFO - Started process (PID=1067) to work on /opt/airflow/dags/example_dag.py
[2024-06-28T18:39:16.622+0000] {processor.py:830} INFO - Processing file /opt/airflow/dags/example_dag.py for tasks to queue
[2024-06-28T18:39:16.623+0000] {logging_mixin.py:188} INFO - [2024-06-28T18:39:16.623+0000] {dagbag.py:545} INFO - Filling up the DagBag from /opt/airflow/dags/example_dag.py
[2024-06-28T18:39:16.630+0000] {processor.py:840} INFO - DAG(s) 'example_dag' retrieved from /opt/airflow/dags/example_dag.py
[2024-06-28T18:39:16.643+0000] {logging_mixin.py:188} INFO - [2024-06-28T18:39:16.643+0000] {dag.py:3096} INFO - Sync 1 DAGs
[2024-06-28T18:39:16.651+0000] {logging_mixin.py:188} INFO - [2024-06-28T18:39:16.651+0000] {dag.py:3954} INFO - Setting next_dagrun for example_dag to 2023-01-01 02:50:00+00:00, run_after=2023-01-01 03:00:00+00:00
[2024-06-28T18:39:16.658+0000] {processor.py:183} INFO - Processing /opt/airflow/dags/example_dag.py took 0.041 seconds
[2024-06-28T18:39:47.010+0000] {processor.py:161} INFO - Started process (PID=1077) to work on /opt/airflow/dags/example_dag.py
[2024-06-28T18:39:47.011+0000] {processor.py:830} INFO - Processing file /opt/airflow/dags/example_dag.py for tasks to queue
[2024-06-28T18:39:47.012+0000] {logging_mixin.py:188} INFO - [2024-06-28T18:39:47.012+0000] {dagbag.py:545} INFO - Filling up the DagBag from /opt/airflow/dags/example_dag.py
[2024-06-28T18:39:47.020+0000] {processor.py:840} INFO - DAG(s) 'example_dag' retrieved from /opt/airflow/dags/example_dag.py
[2024-06-28T18:39:47.034+0000] {logging_mixin.py:188} INFO - [2024-06-28T18:39:47.034+0000] {dag.py:3096} INFO - Sync 1 DAGs
[2024-06-28T18:39:47.044+0000] {logging_mixin.py:188} INFO - [2024-06-28T18:39:47.044+0000] {dag.py:3954} INFO - Setting next_dagrun for example_dag to 2023-01-01 02:50:00+00:00, run_after=2023-01-01 03:00:00+00:00
[2024-06-28T18:39:47.052+0000] {processor.py:183} INFO - Processing /opt/airflow/dags/example_dag.py took 0.047 seconds
[2024-06-28T18:40:17.388+0000] {processor.py:161} INFO - Started process (PID=1087) to work on /opt/airflow/dags/example_dag.py
[2024-06-28T18:40:17.389+0000] {processor.py:830} INFO - Processing file /opt/airflow/dags/example_dag.py for tasks to queue
[2024-06-28T18:40:17.390+0000] {logging_mixin.py:188} INFO - [2024-06-28T18:40:17.390+0000] {dagbag.py:545} INFO - Filling up the DagBag from /opt/airflow/dags/example_dag.py
[2024-06-28T18:40:17.397+0000] {processor.py:840} INFO - DAG(s) 'example_dag' retrieved from /opt/airflow/dags/example_dag.py
[2024-06-28T18:40:17.412+0000] {logging_mixin.py:188} INFO - [2024-06-28T18:40:17.412+0000] {dag.py:3096} INFO - Sync 1 DAGs
[2024-06-28T18:40:17.421+0000] {logging_mixin.py:188} INFO - [2024-06-28T18:40:17.421+0000] {dag.py:3954} INFO - Setting next_dagrun for example_dag to 2023-01-01 02:50:00+00:00, run_after=2023-01-01 03:00:00+00:00
[2024-06-28T18:40:17.428+0000] {processor.py:183} INFO - Processing /opt/airflow/dags/example_dag.py took 0.044 seconds
[2024-06-28T18:40:47.766+0000] {processor.py:161} INFO - Started process (PID=1097) to work on /opt/airflow/dags/example_dag.py
[2024-06-28T18:40:47.767+0000] {processor.py:830} INFO - Processing file /opt/airflow/dags/example_dag.py for tasks to queue
[2024-06-28T18:40:47.768+0000] {logging_mixin.py:188} INFO - [2024-06-28T18:40:47.768+0000] {dagbag.py:545} INFO - Filling up the DagBag from /opt/airflow/dags/example_dag.py
[2024-06-28T18:40:47.777+0000] {processor.py:840} INFO - DAG(s) 'example_dag' retrieved from /opt/airflow/dags/example_dag.py
[2024-06-28T18:40:47.791+0000] {logging_mixin.py:188} INFO - [2024-06-28T18:40:47.791+0000] {dag.py:3096} INFO - Sync 1 DAGs
[2024-06-28T18:40:47.800+0000] {logging_mixin.py:188} INFO - [2024-06-28T18:40:47.800+0000] {dag.py:3954} INFO - Setting next_dagrun for example_dag to 2023-01-01 02:50:00+00:00, run_after=2023-01-01 03:00:00+00:00
[2024-06-28T18:40:47.807+0000] {processor.py:183} INFO - Processing /opt/airflow/dags/example_dag.py took 0.045 seconds
[2024-06-28T18:41:18.087+0000] {processor.py:161} INFO - Started process (PID=1107) to work on /opt/airflow/dags/example_dag.py
[2024-06-28T18:41:18.088+0000] {processor.py:830} INFO - Processing file /opt/airflow/dags/example_dag.py for tasks to queue
[2024-06-28T18:41:18.089+0000] {logging_mixin.py:188} INFO - [2024-06-28T18:41:18.089+0000] {dagbag.py:545} INFO - Filling up the DagBag from /opt/airflow/dags/example_dag.py
[2024-06-28T18:41:18.096+0000] {processor.py:840} INFO - DAG(s) 'example_dag' retrieved from /opt/airflow/dags/example_dag.py
[2024-06-28T18:41:18.111+0000] {logging_mixin.py:188} INFO - [2024-06-28T18:41:18.111+0000] {dag.py:3096} INFO - Sync 1 DAGs
[2024-06-28T18:41:18.119+0000] {logging_mixin.py:188} INFO - [2024-06-28T18:41:18.119+0000] {dag.py:3954} INFO - Setting next_dagrun for example_dag to 2023-01-01 02:50:00+00:00, run_after=2023-01-01 03:00:00+00:00
[2024-06-28T18:41:18.126+0000] {processor.py:183} INFO - Processing /opt/airflow/dags/example_dag.py took 0.045 seconds
[2024-06-28T18:41:48.424+0000] {processor.py:161} INFO - Started process (PID=1117) to work on /opt/airflow/dags/example_dag.py
[2024-06-28T18:41:48.425+0000] {processor.py:830} INFO - Processing file /opt/airflow/dags/example_dag.py for tasks to queue
[2024-06-28T18:41:48.426+0000] {logging_mixin.py:188} INFO - [2024-06-28T18:41:48.426+0000] {dagbag.py:545} INFO - Filling up the DagBag from /opt/airflow/dags/example_dag.py
[2024-06-28T18:41:48.433+0000] {processor.py:840} INFO - DAG(s) 'example_dag' retrieved from /opt/airflow/dags/example_dag.py
[2024-06-28T18:41:48.447+0000] {logging_mixin.py:188} INFO - [2024-06-28T18:41:48.447+0000] {dag.py:3096} INFO - Sync 1 DAGs
[2024-06-28T18:41:48.456+0000] {logging_mixin.py:188} INFO - [2024-06-28T18:41:48.456+0000] {dag.py:3954} INFO - Setting next_dagrun for example_dag to 2023-01-01 02:50:00+00:00, run_after=2023-01-01 03:00:00+00:00
[2024-06-28T18:41:48.463+0000] {processor.py:183} INFO - Processing /opt/airflow/dags/example_dag.py took 0.043 seconds
[2024-06-28T18:42:18.767+0000] {processor.py:161} INFO - Started process (PID=1127) to work on /opt/airflow/dags/example_dag.py
[2024-06-28T18:42:18.767+0000] {processor.py:830} INFO - Processing file /opt/airflow/dags/example_dag.py for tasks to queue
[2024-06-28T18:42:18.768+0000] {logging_mixin.py:188} INFO - [2024-06-28T18:42:18.768+0000] {dagbag.py:545} INFO - Filling up the DagBag from /opt/airflow/dags/example_dag.py
[2024-06-28T18:42:18.774+0000] {processor.py:840} INFO - DAG(s) 'example_dag' retrieved from /opt/airflow/dags/example_dag.py
[2024-06-28T18:42:18.786+0000] {logging_mixin.py:188} INFO - [2024-06-28T18:42:18.786+0000] {dag.py:3096} INFO - Sync 1 DAGs
[2024-06-28T18:42:18.794+0000] {logging_mixin.py:188} INFO - [2024-06-28T18:42:18.794+0000] {dag.py:3954} INFO - Setting next_dagrun for example_dag to 2023-01-01 02:50:00+00:00, run_after=2023-01-01 03:00:00+00:00
[2024-06-28T18:42:18.800+0000] {processor.py:183} INFO - Processing /opt/airflow/dags/example_dag.py took 0.036 seconds
[2024-06-28T18:42:49.123+0000] {processor.py:161} INFO - Started process (PID=1137) to work on /opt/airflow/dags/example_dag.py
[2024-06-28T18:42:49.123+0000] {processor.py:830} INFO - Processing file /opt/airflow/dags/example_dag.py for tasks to queue
[2024-06-28T18:42:49.125+0000] {logging_mixin.py:188} INFO - [2024-06-28T18:42:49.124+0000] {dagbag.py:545} INFO - Filling up the DagBag from /opt/airflow/dags/example_dag.py
[2024-06-28T18:42:49.132+0000] {processor.py:840} INFO - DAG(s) 'example_dag' retrieved from /opt/airflow/dags/example_dag.py
[2024-06-28T18:42:49.147+0000] {logging_mixin.py:188} INFO - [2024-06-28T18:42:49.147+0000] {dag.py:3096} INFO - Sync 1 DAGs
[2024-06-28T18:42:49.156+0000] {logging_mixin.py:188} INFO - [2024-06-28T18:42:49.156+0000] {dag.py:3954} INFO - Setting next_dagrun for example_dag to 2023-01-01 02:50:00+00:00, run_after=2023-01-01 03:00:00+00:00
[2024-06-28T18:42:49.163+0000] {processor.py:183} INFO - Processing /opt/airflow/dags/example_dag.py took 0.045 seconds
[2024-06-28T18:43:19.492+0000] {processor.py:161} INFO - Started process (PID=1147) to work on /opt/airflow/dags/example_dag.py
[2024-06-28T18:43:19.493+0000] {processor.py:830} INFO - Processing file /opt/airflow/dags/example_dag.py for tasks to queue
[2024-06-28T18:43:19.494+0000] {logging_mixin.py:188} INFO - [2024-06-28T18:43:19.493+0000] {dagbag.py:545} INFO - Filling up the DagBag from /opt/airflow/dags/example_dag.py
[2024-06-28T18:43:19.501+0000] {processor.py:840} INFO - DAG(s) 'example_dag' retrieved from /opt/airflow/dags/example_dag.py
[2024-06-28T18:43:19.515+0000] {logging_mixin.py:188} INFO - [2024-06-28T18:43:19.515+0000] {dag.py:3096} INFO - Sync 1 DAGs
[2024-06-28T18:43:19.525+0000] {logging_mixin.py:188} INFO - [2024-06-28T18:43:19.525+0000] {dag.py:3954} INFO - Setting next_dagrun for example_dag to 2023-01-01 02:50:00+00:00, run_after=2023-01-01 03:00:00+00:00
[2024-06-28T18:43:19.532+0000] {processor.py:183} INFO - Processing /opt/airflow/dags/example_dag.py took 0.044 seconds
[2024-06-28T18:43:49.846+0000] {processor.py:161} INFO - Started process (PID=1157) to work on /opt/airflow/dags/example_dag.py
[2024-06-28T18:43:49.846+0000] {processor.py:830} INFO - Processing file /opt/airflow/dags/example_dag.py for tasks to queue
[2024-06-28T18:43:49.848+0000] {logging_mixin.py:188} INFO - [2024-06-28T18:43:49.847+0000] {dagbag.py:545} INFO - Filling up the DagBag from /opt/airflow/dags/example_dag.py
[2024-06-28T18:43:49.856+0000] {processor.py:840} INFO - DAG(s) 'example_dag' retrieved from /opt/airflow/dags/example_dag.py
[2024-06-28T18:43:49.870+0000] {logging_mixin.py:188} INFO - [2024-06-28T18:43:49.869+0000] {dag.py:3096} INFO - Sync 1 DAGs
[2024-06-28T18:43:49.879+0000] {logging_mixin.py:188} INFO - [2024-06-28T18:43:49.879+0000] {dag.py:3954} INFO - Setting next_dagrun for example_dag to 2023-01-01 02:50:00+00:00, run_after=2023-01-01 03:00:00+00:00
[2024-06-28T18:43:49.886+0000] {processor.py:183} INFO - Processing /opt/airflow/dags/example_dag.py took 0.045 seconds
[2024-06-28T18:44:20.210+0000] {processor.py:161} INFO - Started process (PID=1167) to work on /opt/airflow/dags/example_dag.py
[2024-06-28T18:44:20.210+0000] {processor.py:830} INFO - Processing file /opt/airflow/dags/example_dag.py for tasks to queue
[2024-06-28T18:44:20.211+0000] {logging_mixin.py:188} INFO - [2024-06-28T18:44:20.211+0000] {dagbag.py:545} INFO - Filling up the DagBag from /opt/airflow/dags/example_dag.py
[2024-06-28T18:44:20.218+0000] {processor.py:840} INFO - DAG(s) 'example_dag' retrieved from /opt/airflow/dags/example_dag.py
[2024-06-28T18:44:20.233+0000] {logging_mixin.py:188} INFO - [2024-06-28T18:44:20.233+0000] {dag.py:3096} INFO - Sync 1 DAGs
[2024-06-28T18:44:20.242+0000] {logging_mixin.py:188} INFO - [2024-06-28T18:44:20.242+0000] {dag.py:3954} INFO - Setting next_dagrun for example_dag to 2023-01-01 02:50:00+00:00, run_after=2023-01-01 03:00:00+00:00
[2024-06-28T18:44:20.249+0000] {processor.py:183} INFO - Processing /opt/airflow/dags/example_dag.py took 0.043 seconds
[2024-06-28T18:44:50.615+0000] {processor.py:161} INFO - Started process (PID=1177) to work on /opt/airflow/dags/example_dag.py
[2024-06-28T18:44:50.615+0000] {processor.py:830} INFO - Processing file /opt/airflow/dags/example_dag.py for tasks to queue
[2024-06-28T18:44:50.616+0000] {logging_mixin.py:188} INFO - [2024-06-28T18:44:50.616+0000] {dagbag.py:545} INFO - Filling up the DagBag from /opt/airflow/dags/example_dag.py
[2024-06-28T18:44:50.625+0000] {processor.py:840} INFO - DAG(s) 'example_dag' retrieved from /opt/airflow/dags/example_dag.py
[2024-06-28T18:44:50.640+0000] {logging_mixin.py:188} INFO - [2024-06-28T18:44:50.639+0000] {dag.py:3096} INFO - Sync 1 DAGs
[2024-06-28T18:44:50.649+0000] {logging_mixin.py:188} INFO - [2024-06-28T18:44:50.649+0000] {dag.py:3954} INFO - Setting next_dagrun for example_dag to 2023-01-01 02:50:00+00:00, run_after=2023-01-01 03:00:00+00:00
[2024-06-28T18:44:50.656+0000] {processor.py:183} INFO - Processing /opt/airflow/dags/example_dag.py took 0.046 seconds
[2024-06-28T18:45:21.024+0000] {processor.py:161} INFO - Started process (PID=1187) to work on /opt/airflow/dags/example_dag.py
[2024-06-28T18:45:21.024+0000] {processor.py:830} INFO - Processing file /opt/airflow/dags/example_dag.py for tasks to queue
[2024-06-28T18:45:21.025+0000] {logging_mixin.py:188} INFO - [2024-06-28T18:45:21.025+0000] {dagbag.py:545} INFO - Filling up the DagBag from /opt/airflow/dags/example_dag.py
[2024-06-28T18:45:21.033+0000] {processor.py:840} INFO - DAG(s) 'example_dag' retrieved from /opt/airflow/dags/example_dag.py
[2024-06-28T18:45:21.048+0000] {logging_mixin.py:188} INFO - [2024-06-28T18:45:21.048+0000] {dag.py:3096} INFO - Sync 1 DAGs
[2024-06-28T18:45:21.057+0000] {logging_mixin.py:188} INFO - [2024-06-28T18:45:21.057+0000] {dag.py:3954} INFO - Setting next_dagrun for example_dag to 2023-01-01 02:50:00+00:00, run_after=2023-01-01 03:00:00+00:00
[2024-06-28T18:45:21.064+0000] {processor.py:183} INFO - Processing /opt/airflow/dags/example_dag.py took 0.045 seconds
