[2024-07-03T23:45:59.152+0000] {taskinstance.py:1103} INFO - Dependencies all met for dep_context=non-requeueable deps ti=<TaskInstance: marketing_generator.generate_data scheduled__2024-07-02T06:00:00+00:00 [queued]>
[2024-07-03T23:45:59.155+0000] {taskinstance.py:1103} INFO - Dependencies all met for dep_context=requeueable deps ti=<TaskInstance: marketing_generator.generate_data scheduled__2024-07-02T06:00:00+00:00 [queued]>
[2024-07-03T23:45:59.155+0000] {taskinstance.py:1308} INFO - Starting attempt 1 of 2
[2024-07-03T23:45:59.160+0000] {taskinstance.py:1327} INFO - Executing <Task(PythonOperator): generate_data> on 2024-07-02 06:00:00+00:00
[2024-07-03T23:45:59.161+0000] {standard_task_runner.py:57} INFO - Started process 667 to run task
[2024-07-03T23:45:59.163+0000] {standard_task_runner.py:84} INFO - Running: ['airflow', 'tasks', 'run', 'marketing_generator', 'generate_data', 'scheduled__2024-07-02T06:00:00+00:00', '--job-id', '551', '--raw', '--subdir', 'DAGS_FOLDER/marketing_generator_dag.py', '--cfg-path', '/tmp/tmp6g5g01e2']
[2024-07-03T23:45:59.164+0000] {standard_task_runner.py:85} INFO - Job 551: Subtask generate_data
[2024-07-03T23:45:59.188+0000] {task_command.py:410} INFO - Running <TaskInstance: marketing_generator.generate_data scheduled__2024-07-02T06:00:00+00:00 [running]> on host a4053733dbc4
[2024-07-03T23:45:59.226+0000] {taskinstance.py:1545} INFO - Exporting env vars: AIRFLOW_CTX_DAG_OWNER='airflow' AIRFLOW_CTX_DAG_ID='marketing_generator' AIRFLOW_CTX_TASK_ID='generate_data' AIRFLOW_CTX_EXECUTION_DATE='2024-07-02T06:00:00+00:00' AIRFLOW_CTX_TRY_NUMBER='1' AIRFLOW_CTX_DAG_RUN_ID='scheduled__2024-07-02T06:00:00+00:00'
[2024-07-03T23:45:59.226+0000] {logging_mixin.py:149} INFO - Running data generation script...
[2024-07-03T23:45:59.599+0000] {logging_mixin.py:149} INFO - 2024-07-03 23:45:59,401 - INFO - Generating fake Google Search marketing data...
2024-07-03 23:45:59,415 - INFO - Generated 1000 Google Search marketing data records.
2024-07-03 23:45:59,416 - INFO - Generating fake Email Marketing data...
2024-07-03 23:45:59,524 - INFO - Generated 1000 Email Marketing data records.
2024-07-03 23:45:59,524 - INFO - Generating fake Facebook data...
2024-07-03 23:45:59,540 - INFO - Generated 1000 Facebook data records.
2024-07-03 23:45:59,540 - INFO - Writing generated data to JSON files...
2024-07-03 23:45:59,589 - INFO - Data generation complete. Sleeping for 10 minutes...
[2024-07-03T23:45:59.600+0000] {python.py:183} INFO - Done. Returned value was: None
[2024-07-03T23:45:59.612+0000] {taskinstance.py:1345} INFO - Marking task as SUCCESS. dag_id=marketing_generator, task_id=generate_data, execution_date=20240702T060000, start_date=20240703T234559, end_date=20240703T234559
[2024-07-03T23:45:59.656+0000] {local_task_job_runner.py:225} INFO - Task exited with return code 0
[2024-07-03T23:45:59.674+0000] {taskinstance.py:2651} INFO - 3 downstream tasks scheduled from follow-on schedule check
