[2024-06-27T22:33:32.971+0000] {local_task_job_runner.py:120} INFO - ::group::Pre task execution logs
[2024-06-27T22:33:32.981+0000] {taskinstance.py:2076} INFO - Dependencies all met for dep_context=non-requeueable deps ti=<TaskInstance: ecomm_data_pipeline.generate_and_insert_data scheduled__2023-01-01T02:20:00+00:00 [queued]>
[2024-06-27T22:33:32.983+0000] {taskinstance.py:2076} INFO - Dependencies all met for dep_context=requeueable deps ti=<TaskInstance: ecomm_data_pipeline.generate_and_insert_data scheduled__2023-01-01T02:20:00+00:00 [queued]>
[2024-06-27T22:33:32.983+0000] {taskinstance.py:2306} INFO - Starting attempt 1 of 2
[2024-06-27T22:33:32.988+0000] {taskinstance.py:2330} INFO - Executing <Task(PythonOperator): generate_and_insert_data> on 2023-01-01 02:20:00+00:00
[2024-06-27T22:33:32.989+0000] {standard_task_runner.py:63} INFO - Started process 431 to run task
[2024-06-27T22:33:32.990+0000] {standard_task_runner.py:90} INFO - Running: ['airflow', 'tasks', 'run', 'ecomm_data_pipeline', 'generate_and_insert_data', 'scheduled__2023-01-01T02:20:00+00:00', '--job-id', '30', '--raw', '--subdir', 'DAGS_FOLDER/ecomm_dag.py', '--cfg-path', '/tmp/tmp2_gw98jl']
[2024-06-27T22:33:32.991+0000] {standard_task_runner.py:91} INFO - Job 30: Subtask generate_and_insert_data
[2024-06-27T22:33:33.007+0000] {task_command.py:426} INFO - Running <TaskInstance: ecomm_data_pipeline.generate_and_insert_data scheduled__2023-01-01T02:20:00+00:00 [running]> on host 9174587f6b1d
[2024-06-27T22:33:33.034+0000] {taskinstance.py:2648} INFO - Exporting env vars: AIRFLOW_CTX_DAG_OWNER='airflow' AIRFLOW_CTX_DAG_ID='ecomm_data_pipeline' AIRFLOW_CTX_TASK_ID='generate_and_insert_data' AIRFLOW_CTX_EXECUTION_DATE='2023-01-01T02:20:00+00:00' AIRFLOW_CTX_TRY_NUMBER='1' AIRFLOW_CTX_DAG_RUN_ID='scheduled__2023-01-01T02:20:00+00:00'
[2024-06-27T22:33:33.035+0000] {taskinstance.py:430} INFO - ::endgroup::
[2024-06-27T22:33:33.067+0000] {logging_mixin.py:188} INFO - Error in generate_and_insert_data: Command '['python3', './generator/ecomm_generator.py']' returned non-zero exit status 2.
[2024-06-27T22:33:33.067+0000] {python.py:237} INFO - Done. Returned value was: None
[2024-06-27T22:33:33.067+0000] {taskinstance.py:441} INFO - ::group::Post task execution logs
[2024-06-27T22:33:33.071+0000] {taskinstance.py:1206} INFO - Marking task as SUCCESS. dag_id=ecomm_data_pipeline, task_id=generate_and_insert_data, run_id=scheduled__2023-01-01T02:20:00+00:00, execution_date=20230101T022000, start_date=20240627T223332, end_date=20240627T223333
[2024-06-27T22:33:33.089+0000] {local_task_job_runner.py:240} INFO - Task exited with return code 0
[2024-06-27T22:33:33.095+0000] {taskinstance.py:3503} INFO - 0 downstream tasks scheduled from follow-on schedule check
[2024-06-27T22:33:33.096+0000] {local_task_job_runner.py:222} INFO - ::endgroup::
[2024-06-27T22:52:22.175+0000] {local_task_job_runner.py:120} INFO - ::group::Pre task execution logs
[2024-06-27T22:52:22.185+0000] {taskinstance.py:2076} INFO - Dependencies all met for dep_context=non-requeueable deps ti=<TaskInstance: ecomm_data_pipeline.generate_and_insert_data scheduled__2023-01-01T02:20:00+00:00 [queued]>
[2024-06-27T22:52:22.187+0000] {taskinstance.py:2076} INFO - Dependencies all met for dep_context=requeueable deps ti=<TaskInstance: ecomm_data_pipeline.generate_and_insert_data scheduled__2023-01-01T02:20:00+00:00 [queued]>
[2024-06-27T22:52:22.188+0000] {taskinstance.py:2306} INFO - Starting attempt 1 of 2
[2024-06-27T22:52:22.192+0000] {taskinstance.py:2330} INFO - Executing <Task(PythonOperator): generate_and_insert_data> on 2023-01-01 02:20:00+00:00
[2024-06-27T22:52:22.193+0000] {standard_task_runner.py:63} INFO - Started process 431 to run task
[2024-06-27T22:52:22.195+0000] {standard_task_runner.py:90} INFO - Running: ['airflow', 'tasks', 'run', 'ecomm_data_pipeline', 'generate_and_insert_data', 'scheduled__2023-01-01T02:20:00+00:00', '--job-id', '30', '--raw', '--subdir', 'DAGS_FOLDER/ecomm_dag.py', '--cfg-path', '/tmp/tmpc4v6yb83']
[2024-06-27T22:52:22.195+0000] {standard_task_runner.py:91} INFO - Job 30: Subtask generate_and_insert_data
[2024-06-27T22:52:22.211+0000] {task_command.py:426} INFO - Running <TaskInstance: ecomm_data_pipeline.generate_and_insert_data scheduled__2023-01-01T02:20:00+00:00 [running]> on host a70edf9d8581
[2024-06-27T22:52:22.239+0000] {taskinstance.py:2648} INFO - Exporting env vars: AIRFLOW_CTX_DAG_OWNER='airflow' AIRFLOW_CTX_DAG_ID='ecomm_data_pipeline' AIRFLOW_CTX_TASK_ID='generate_and_insert_data' AIRFLOW_CTX_EXECUTION_DATE='2023-01-01T02:20:00+00:00' AIRFLOW_CTX_TRY_NUMBER='1' AIRFLOW_CTX_DAG_RUN_ID='scheduled__2023-01-01T02:20:00+00:00'
[2024-06-27T22:52:22.239+0000] {taskinstance.py:430} INFO - ::endgroup::
[2024-06-27T22:52:22.272+0000] {logging_mixin.py:188} INFO - Error in generate_and_insert_data: Command '['python3', './generator/ecomm_generator.py']' returned non-zero exit status 2.
[2024-06-27T22:52:22.272+0000] {logging_mixin.py:188} INFO - stdout: 
[2024-06-27T22:52:22.272+0000] {logging_mixin.py:188} INFO - stderr: python3: can't open file '/opt/airflow/./generator/ecomm_generator.py': [Errno 2] No such file or directory
[2024-06-27T22:52:22.272+0000] {python.py:237} INFO - Done. Returned value was: None
[2024-06-27T22:52:22.273+0000] {taskinstance.py:441} INFO - ::group::Post task execution logs
[2024-06-27T22:52:22.277+0000] {taskinstance.py:1206} INFO - Marking task as SUCCESS. dag_id=ecomm_data_pipeline, task_id=generate_and_insert_data, run_id=scheduled__2023-01-01T02:20:00+00:00, execution_date=20230101T022000, start_date=20240627T225222, end_date=20240627T225222
[2024-06-27T22:52:22.298+0000] {local_task_job_runner.py:240} INFO - Task exited with return code 0
[2024-06-27T22:52:22.309+0000] {taskinstance.py:3503} INFO - 0 downstream tasks scheduled from follow-on schedule check
[2024-06-27T22:52:22.310+0000] {local_task_job_runner.py:222} INFO - ::endgroup::
[2024-06-27T23:00:06.785+0000] {local_task_job_runner.py:120} INFO - ::group::Pre task execution logs
[2024-06-27T23:00:06.795+0000] {taskinstance.py:2076} INFO - Dependencies all met for dep_context=non-requeueable deps ti=<TaskInstance: ecomm_data_pipeline.generate_and_insert_data scheduled__2023-01-01T02:20:00+00:00 [queued]>
[2024-06-27T23:00:06.797+0000] {taskinstance.py:2076} INFO - Dependencies all met for dep_context=requeueable deps ti=<TaskInstance: ecomm_data_pipeline.generate_and_insert_data scheduled__2023-01-01T02:20:00+00:00 [queued]>
[2024-06-27T23:00:06.797+0000] {taskinstance.py:2306} INFO - Starting attempt 1 of 2
[2024-06-27T23:00:06.802+0000] {taskinstance.py:2330} INFO - Executing <Task(PythonOperator): generate_and_insert_data> on 2023-01-01 02:20:00+00:00
[2024-06-27T23:00:06.803+0000] {standard_task_runner.py:63} INFO - Started process 431 to run task
[2024-06-27T23:00:06.804+0000] {standard_task_runner.py:90} INFO - Running: ['airflow', 'tasks', 'run', 'ecomm_data_pipeline', 'generate_and_insert_data', 'scheduled__2023-01-01T02:20:00+00:00', '--job-id', '30', '--raw', '--subdir', 'DAGS_FOLDER/ecomm_dag.py', '--cfg-path', '/tmp/tmplz6goz_4']
[2024-06-27T23:00:06.805+0000] {standard_task_runner.py:91} INFO - Job 30: Subtask generate_and_insert_data
[2024-06-27T23:00:06.820+0000] {task_command.py:426} INFO - Running <TaskInstance: ecomm_data_pipeline.generate_and_insert_data scheduled__2023-01-01T02:20:00+00:00 [running]> on host 5cc71d4b298c
[2024-06-27T23:00:06.848+0000] {taskinstance.py:2648} INFO - Exporting env vars: AIRFLOW_CTX_DAG_OWNER='airflow' AIRFLOW_CTX_DAG_ID='ecomm_data_pipeline' AIRFLOW_CTX_TASK_ID='generate_and_insert_data' AIRFLOW_CTX_EXECUTION_DATE='2023-01-01T02:20:00+00:00' AIRFLOW_CTX_TRY_NUMBER='1' AIRFLOW_CTX_DAG_RUN_ID='scheduled__2023-01-01T02:20:00+00:00'
[2024-06-27T23:00:06.849+0000] {taskinstance.py:430} INFO - ::endgroup::
[2024-06-27T23:00:06.905+0000] {logging_mixin.py:188} INFO - Error in generate_and_insert_data: Command '['python3', '/opt/airflow/generator/ecomm_generator.py']' returned non-zero exit status 1.
[2024-06-27T23:00:06.906+0000] {logging_mixin.py:188} INFO - stdout: 
[2024-06-27T23:00:06.906+0000] {logging_mixin.py:188} INFO - stderr: Traceback (most recent call last):
  File "/opt/airflow/generator/ecomm_generator.py", line 4, in <module>
    from faker import Faker
ModuleNotFoundError: No module named 'faker'
[2024-06-27T23:00:06.906+0000] {python.py:237} INFO - Done. Returned value was: None
[2024-06-27T23:00:06.906+0000] {taskinstance.py:441} INFO - ::group::Post task execution logs
[2024-06-27T23:00:06.911+0000] {taskinstance.py:1206} INFO - Marking task as SUCCESS. dag_id=ecomm_data_pipeline, task_id=generate_and_insert_data, run_id=scheduled__2023-01-01T02:20:00+00:00, execution_date=20230101T022000, start_date=20240627T230006, end_date=20240627T230006
[2024-06-27T23:00:06.944+0000] {local_task_job_runner.py:240} INFO - Task exited with return code 0
[2024-06-27T23:00:06.951+0000] {taskinstance.py:3503} INFO - 0 downstream tasks scheduled from follow-on schedule check
[2024-06-27T23:00:06.951+0000] {local_task_job_runner.py:222} INFO - ::endgroup::
[2024-06-27T23:09:45.716+0000] {local_task_job_runner.py:120} INFO - ::group::Pre task execution logs
[2024-06-27T23:09:45.726+0000] {taskinstance.py:2076} INFO - Dependencies all met for dep_context=non-requeueable deps ti=<TaskInstance: ecomm_data_pipeline.generate_and_insert_data scheduled__2023-01-01T02:20:00+00:00 [queued]>
[2024-06-27T23:09:45.728+0000] {taskinstance.py:2076} INFO - Dependencies all met for dep_context=requeueable deps ti=<TaskInstance: ecomm_data_pipeline.generate_and_insert_data scheduled__2023-01-01T02:20:00+00:00 [queued]>
[2024-06-27T23:09:45.728+0000] {taskinstance.py:2306} INFO - Starting attempt 1 of 2
[2024-06-27T23:09:45.733+0000] {taskinstance.py:2330} INFO - Executing <Task(PythonOperator): generate_and_insert_data> on 2023-01-01 02:20:00+00:00
[2024-06-27T23:09:45.734+0000] {standard_task_runner.py:63} INFO - Started process 431 to run task
[2024-06-27T23:09:45.735+0000] {standard_task_runner.py:90} INFO - Running: ['airflow', 'tasks', 'run', 'ecomm_data_pipeline', 'generate_and_insert_data', 'scheduled__2023-01-01T02:20:00+00:00', '--job-id', '30', '--raw', '--subdir', 'DAGS_FOLDER/ecomm_dag.py', '--cfg-path', '/tmp/tmprcb7itr5']
[2024-06-27T23:09:45.736+0000] {standard_task_runner.py:91} INFO - Job 30: Subtask generate_and_insert_data
[2024-06-27T23:09:45.752+0000] {task_command.py:426} INFO - Running <TaskInstance: ecomm_data_pipeline.generate_and_insert_data scheduled__2023-01-01T02:20:00+00:00 [running]> on host 7147f8a4dc9f
[2024-06-27T23:09:45.779+0000] {taskinstance.py:2648} INFO - Exporting env vars: AIRFLOW_CTX_DAG_OWNER='airflow' AIRFLOW_CTX_DAG_ID='ecomm_data_pipeline' AIRFLOW_CTX_TASK_ID='generate_and_insert_data' AIRFLOW_CTX_EXECUTION_DATE='2023-01-01T02:20:00+00:00' AIRFLOW_CTX_TRY_NUMBER='1' AIRFLOW_CTX_DAG_RUN_ID='scheduled__2023-01-01T02:20:00+00:00'
[2024-06-27T23:09:45.780+0000] {taskinstance.py:430} INFO - ::endgroup::
[2024-06-27T23:09:45.837+0000] {logging_mixin.py:188} INFO - Error in generate_and_insert_data: Command '['python3', '/opt/airflow/generator/ecomm_generator.py']' returned non-zero exit status 1.
[2024-06-27T23:09:45.837+0000] {logging_mixin.py:188} INFO - stdout: 
[2024-06-27T23:09:45.837+0000] {logging_mixin.py:188} INFO - stderr: Traceback (most recent call last):
  File "/opt/airflow/generator/ecomm_generator.py", line 4, in <module>
    from faker import Faker
ModuleNotFoundError: No module named 'faker'
[2024-06-27T23:09:45.837+0000] {python.py:237} INFO - Done. Returned value was: None
[2024-06-27T23:09:45.837+0000] {taskinstance.py:441} INFO - ::group::Post task execution logs
[2024-06-27T23:09:45.842+0000] {taskinstance.py:1206} INFO - Marking task as SUCCESS. dag_id=ecomm_data_pipeline, task_id=generate_and_insert_data, run_id=scheduled__2023-01-01T02:20:00+00:00, execution_date=20230101T022000, start_date=20240627T230945, end_date=20240627T230945
[2024-06-27T23:09:45.875+0000] {local_task_job_runner.py:240} INFO - Task exited with return code 0
[2024-06-27T23:09:45.882+0000] {taskinstance.py:3503} INFO - 0 downstream tasks scheduled from follow-on schedule check
[2024-06-27T23:09:45.882+0000] {local_task_job_runner.py:222} INFO - ::endgroup::
[2024-06-27T23:13:24.266+0000] {local_task_job_runner.py:120} INFO - ::group::Pre task execution logs
[2024-06-27T23:13:24.276+0000] {taskinstance.py:2076} INFO - Dependencies all met for dep_context=non-requeueable deps ti=<TaskInstance: ecomm_data_pipeline.generate_and_insert_data scheduled__2023-01-01T02:20:00+00:00 [queued]>
[2024-06-27T23:13:24.279+0000] {taskinstance.py:2076} INFO - Dependencies all met for dep_context=requeueable deps ti=<TaskInstance: ecomm_data_pipeline.generate_and_insert_data scheduled__2023-01-01T02:20:00+00:00 [queued]>
[2024-06-27T23:13:24.279+0000] {taskinstance.py:2306} INFO - Starting attempt 1 of 2
[2024-06-27T23:13:24.284+0000] {taskinstance.py:2330} INFO - Executing <Task(PythonOperator): generate_and_insert_data> on 2023-01-01 02:20:00+00:00
[2024-06-27T23:13:24.286+0000] {standard_task_runner.py:63} INFO - Started process 431 to run task
[2024-06-27T23:13:24.287+0000] {standard_task_runner.py:90} INFO - Running: ['airflow', 'tasks', 'run', 'ecomm_data_pipeline', 'generate_and_insert_data', 'scheduled__2023-01-01T02:20:00+00:00', '--job-id', '30', '--raw', '--subdir', 'DAGS_FOLDER/ecomm_dag.py', '--cfg-path', '/tmp/tmpoeloetin']
[2024-06-27T23:13:24.288+0000] {standard_task_runner.py:91} INFO - Job 30: Subtask generate_and_insert_data
[2024-06-27T23:13:24.309+0000] {task_command.py:426} INFO - Running <TaskInstance: ecomm_data_pipeline.generate_and_insert_data scheduled__2023-01-01T02:20:00+00:00 [running]> on host 4bd55eb76a74
[2024-06-27T23:13:24.340+0000] {taskinstance.py:2648} INFO - Exporting env vars: AIRFLOW_CTX_DAG_OWNER='airflow' AIRFLOW_CTX_DAG_ID='ecomm_data_pipeline' AIRFLOW_CTX_TASK_ID='generate_and_insert_data' AIRFLOW_CTX_EXECUTION_DATE='2023-01-01T02:20:00+00:00' AIRFLOW_CTX_TRY_NUMBER='1' AIRFLOW_CTX_DAG_RUN_ID='scheduled__2023-01-01T02:20:00+00:00'
[2024-06-27T23:13:24.340+0000] {taskinstance.py:430} INFO - ::endgroup::
[2024-06-27T23:13:24.399+0000] {logging_mixin.py:188} INFO - Error in generate_and_insert_data: Command '['python3', '/opt/airflow/generator/ecomm_generator.py']' returned non-zero exit status 1.
[2024-06-27T23:13:24.399+0000] {logging_mixin.py:188} INFO - stdout: 
[2024-06-27T23:13:24.399+0000] {logging_mixin.py:188} INFO - stderr: Traceback (most recent call last):
  File "/opt/airflow/generator/ecomm_generator.py", line 4, in <module>
    from faker import Faker
ModuleNotFoundError: No module named 'faker'
[2024-06-27T23:13:24.399+0000] {python.py:237} INFO - Done. Returned value was: None
[2024-06-27T23:13:24.399+0000] {taskinstance.py:441} INFO - ::group::Post task execution logs
[2024-06-27T23:13:24.404+0000] {taskinstance.py:1206} INFO - Marking task as SUCCESS. dag_id=ecomm_data_pipeline, task_id=generate_and_insert_data, run_id=scheduled__2023-01-01T02:20:00+00:00, execution_date=20230101T022000, start_date=20240627T231324, end_date=20240627T231324
[2024-06-27T23:13:24.432+0000] {local_task_job_runner.py:240} INFO - Task exited with return code 0
[2024-06-27T23:13:24.439+0000] {taskinstance.py:3503} INFO - 0 downstream tasks scheduled from follow-on schedule check
[2024-06-27T23:13:24.439+0000] {local_task_job_runner.py:222} INFO - ::endgroup::
[2024-06-28T18:13:40.104+0000] {local_task_job_runner.py:120} INFO - ::group::Pre task execution logs
[2024-06-28T18:13:40.114+0000] {taskinstance.py:2076} INFO - Dependencies all met for dep_context=non-requeueable deps ti=<TaskInstance: ecomm_data_pipeline.generate_and_insert_data scheduled__2023-01-01T02:20:00+00:00 [queued]>
[2024-06-28T18:13:40.117+0000] {taskinstance.py:2076} INFO - Dependencies all met for dep_context=requeueable deps ti=<TaskInstance: ecomm_data_pipeline.generate_and_insert_data scheduled__2023-01-01T02:20:00+00:00 [queued]>
[2024-06-28T18:13:40.117+0000] {taskinstance.py:2306} INFO - Starting attempt 1 of 2
[2024-06-28T18:13:40.121+0000] {taskinstance.py:2330} INFO - Executing <Task(PythonOperator): generate_and_insert_data> on 2023-01-01 02:20:00+00:00
[2024-06-28T18:13:40.123+0000] {standard_task_runner.py:63} INFO - Started process 431 to run task
[2024-06-28T18:13:40.124+0000] {standard_task_runner.py:90} INFO - Running: ['airflow', 'tasks', 'run', 'ecomm_data_pipeline', 'generate_and_insert_data', 'scheduled__2023-01-01T02:20:00+00:00', '--job-id', '30', '--raw', '--subdir', 'DAGS_FOLDER/ecomm_dag.py', '--cfg-path', '/tmp/tmp0zsz09t1']
[2024-06-28T18:13:40.125+0000] {standard_task_runner.py:91} INFO - Job 30: Subtask generate_and_insert_data
[2024-06-28T18:13:40.141+0000] {task_command.py:426} INFO - Running <TaskInstance: ecomm_data_pipeline.generate_and_insert_data scheduled__2023-01-01T02:20:00+00:00 [running]> on host 08cefd381a1f
[2024-06-28T18:13:40.169+0000] {taskinstance.py:2648} INFO - Exporting env vars: AIRFLOW_CTX_DAG_OWNER='airflow' AIRFLOW_CTX_DAG_ID='ecomm_data_pipeline' AIRFLOW_CTX_TASK_ID='generate_and_insert_data' AIRFLOW_CTX_EXECUTION_DATE='2023-01-01T02:20:00+00:00' AIRFLOW_CTX_TRY_NUMBER='1' AIRFLOW_CTX_DAG_RUN_ID='scheduled__2023-01-01T02:20:00+00:00'
[2024-06-28T18:13:40.169+0000] {taskinstance.py:430} INFO - ::endgroup::
[2024-06-28T18:13:40.223+0000] {logging_mixin.py:188} INFO - Error in generate_and_insert_data: Command '['python3', '/opt/airflow/generator/ecomm_generator.py']' returned non-zero exit status 1.
[2024-06-28T18:13:40.223+0000] {logging_mixin.py:188} INFO - stdout: 
[2024-06-28T18:13:40.224+0000] {logging_mixin.py:188} INFO - stderr: Traceback (most recent call last):
  File "/opt/airflow/generator/ecomm_generator.py", line 4, in <module>
    from faker import Faker
ModuleNotFoundError: No module named 'faker'
[2024-06-28T18:13:40.224+0000] {python.py:237} INFO - Done. Returned value was: None
[2024-06-28T18:13:40.224+0000] {taskinstance.py:441} INFO - ::group::Post task execution logs
[2024-06-28T18:13:40.228+0000] {taskinstance.py:1206} INFO - Marking task as SUCCESS. dag_id=ecomm_data_pipeline, task_id=generate_and_insert_data, run_id=scheduled__2023-01-01T02:20:00+00:00, execution_date=20230101T022000, start_date=20240628T181340, end_date=20240628T181340
[2024-06-28T18:13:40.272+0000] {local_task_job_runner.py:240} INFO - Task exited with return code 0
[2024-06-28T18:13:40.279+0000] {taskinstance.py:3503} INFO - 0 downstream tasks scheduled from follow-on schedule check
[2024-06-28T18:13:40.280+0000] {local_task_job_runner.py:222} INFO - ::endgroup::
[2024-06-28T18:20:55.903+0000] {local_task_job_runner.py:120} INFO - ::group::Pre task execution logs
[2024-06-28T18:20:55.913+0000] {taskinstance.py:2076} INFO - Dependencies all met for dep_context=non-requeueable deps ti=<TaskInstance: ecomm_data_pipeline.generate_and_insert_data scheduled__2023-01-01T02:20:00+00:00 [queued]>
[2024-06-28T18:20:55.916+0000] {taskinstance.py:2076} INFO - Dependencies all met for dep_context=requeueable deps ti=<TaskInstance: ecomm_data_pipeline.generate_and_insert_data scheduled__2023-01-01T02:20:00+00:00 [queued]>
[2024-06-28T18:20:55.916+0000] {taskinstance.py:2306} INFO - Starting attempt 1 of 2
[2024-06-28T18:20:55.920+0000] {taskinstance.py:2330} INFO - Executing <Task(PythonOperator): generate_and_insert_data> on 2023-01-01 02:20:00+00:00
[2024-06-28T18:20:55.922+0000] {standard_task_runner.py:63} INFO - Started process 431 to run task
[2024-06-28T18:20:55.923+0000] {standard_task_runner.py:90} INFO - Running: ['airflow', 'tasks', 'run', 'ecomm_data_pipeline', 'generate_and_insert_data', 'scheduled__2023-01-01T02:20:00+00:00', '--job-id', '30', '--raw', '--subdir', 'DAGS_FOLDER/ecomm_dag.py', '--cfg-path', '/tmp/tmpqstefv7r']
[2024-06-28T18:20:55.924+0000] {standard_task_runner.py:91} INFO - Job 30: Subtask generate_and_insert_data
[2024-06-28T18:20:55.940+0000] {task_command.py:426} INFO - Running <TaskInstance: ecomm_data_pipeline.generate_and_insert_data scheduled__2023-01-01T02:20:00+00:00 [running]> on host 6570e5857071
[2024-06-28T18:20:55.967+0000] {taskinstance.py:2648} INFO - Exporting env vars: AIRFLOW_CTX_DAG_OWNER='airflow' AIRFLOW_CTX_DAG_ID='ecomm_data_pipeline' AIRFLOW_CTX_TASK_ID='generate_and_insert_data' AIRFLOW_CTX_EXECUTION_DATE='2023-01-01T02:20:00+00:00' AIRFLOW_CTX_TRY_NUMBER='1' AIRFLOW_CTX_DAG_RUN_ID='scheduled__2023-01-01T02:20:00+00:00'
[2024-06-28T18:20:55.968+0000] {taskinstance.py:430} INFO - ::endgroup::
[2024-06-28T18:20:56.024+0000] {logging_mixin.py:188} INFO - Error in generate_and_insert_data: Command '['python3', '/opt/airflow/generator/ecomm_generator.py']' returned non-zero exit status 1.
[2024-06-28T18:20:56.024+0000] {logging_mixin.py:188} INFO - stdout: 
[2024-06-28T18:20:56.024+0000] {logging_mixin.py:188} INFO - stderr: Traceback (most recent call last):
  File "/opt/airflow/generator/ecomm_generator.py", line 4, in <module>
    from faker import Faker
ModuleNotFoundError: No module named 'faker'
[2024-06-28T18:20:56.025+0000] {python.py:237} INFO - Done. Returned value was: None
[2024-06-28T18:20:56.025+0000] {taskinstance.py:441} INFO - ::group::Post task execution logs
[2024-06-28T18:20:56.030+0000] {taskinstance.py:1206} INFO - Marking task as SUCCESS. dag_id=ecomm_data_pipeline, task_id=generate_and_insert_data, run_id=scheduled__2023-01-01T02:20:00+00:00, execution_date=20230101T022000, start_date=20240628T182055, end_date=20240628T182056
[2024-06-28T18:20:56.067+0000] {local_task_job_runner.py:240} INFO - Task exited with return code 0
[2024-06-28T18:20:56.074+0000] {taskinstance.py:3503} INFO - 0 downstream tasks scheduled from follow-on schedule check
[2024-06-28T18:20:56.074+0000] {local_task_job_runner.py:222} INFO - ::endgroup::
[2024-06-28T18:30:58.225+0000] {local_task_job_runner.py:120} INFO - ::group::Pre task execution logs
[2024-06-28T18:30:58.237+0000] {taskinstance.py:2076} INFO - Dependencies all met for dep_context=non-requeueable deps ti=<TaskInstance: ecomm_data_pipeline.generate_and_insert_data scheduled__2023-01-01T02:20:00+00:00 [queued]>
[2024-06-28T18:30:58.239+0000] {taskinstance.py:2076} INFO - Dependencies all met for dep_context=requeueable deps ti=<TaskInstance: ecomm_data_pipeline.generate_and_insert_data scheduled__2023-01-01T02:20:00+00:00 [queued]>
[2024-06-28T18:30:58.240+0000] {taskinstance.py:2306} INFO - Starting attempt 1 of 2
[2024-06-28T18:30:58.245+0000] {taskinstance.py:2330} INFO - Executing <Task(PythonOperator): generate_and_insert_data> on 2023-01-01 02:20:00+00:00
[2024-06-28T18:30:58.247+0000] {standard_task_runner.py:63} INFO - Started process 431 to run task
[2024-06-28T18:30:58.248+0000] {standard_task_runner.py:90} INFO - Running: ['airflow', 'tasks', 'run', 'ecomm_data_pipeline', 'generate_and_insert_data', 'scheduled__2023-01-01T02:20:00+00:00', '--job-id', '30', '--raw', '--subdir', 'DAGS_FOLDER/ecomm_dag.py', '--cfg-path', '/tmp/tmpfbosrr8_']
[2024-06-28T18:30:58.249+0000] {standard_task_runner.py:91} INFO - Job 30: Subtask generate_and_insert_data
[2024-06-28T18:30:58.268+0000] {task_command.py:426} INFO - Running <TaskInstance: ecomm_data_pipeline.generate_and_insert_data scheduled__2023-01-01T02:20:00+00:00 [running]> on host 50bf780463b8
[2024-06-28T18:30:58.301+0000] {taskinstance.py:2648} INFO - Exporting env vars: AIRFLOW_CTX_DAG_OWNER='airflow' AIRFLOW_CTX_DAG_ID='ecomm_data_pipeline' AIRFLOW_CTX_TASK_ID='generate_and_insert_data' AIRFLOW_CTX_EXECUTION_DATE='2023-01-01T02:20:00+00:00' AIRFLOW_CTX_TRY_NUMBER='1' AIRFLOW_CTX_DAG_RUN_ID='scheduled__2023-01-01T02:20:00+00:00'
[2024-06-28T18:30:58.301+0000] {taskinstance.py:430} INFO - ::endgroup::
[2024-06-28T18:30:58.368+0000] {logging_mixin.py:188} INFO - Error in generate_and_insert_data: Command '['python3', '/opt/airflow/generator/ecomm_generator.py']' returned non-zero exit status 1.
[2024-06-28T18:30:58.368+0000] {logging_mixin.py:188} INFO - stdout: 
[2024-06-28T18:30:58.368+0000] {logging_mixin.py:188} INFO - stderr: Traceback (most recent call last):
  File "/opt/airflow/generator/ecomm_generator.py", line 4, in <module>
    from faker import Faker
ModuleNotFoundError: No module named 'faker'
[2024-06-28T18:30:58.369+0000] {python.py:237} INFO - Done. Returned value was: None
[2024-06-28T18:30:58.369+0000] {taskinstance.py:441} INFO - ::group::Post task execution logs
[2024-06-28T18:30:58.374+0000] {taskinstance.py:1206} INFO - Marking task as SUCCESS. dag_id=ecomm_data_pipeline, task_id=generate_and_insert_data, run_id=scheduled__2023-01-01T02:20:00+00:00, execution_date=20230101T022000, start_date=20240628T183058, end_date=20240628T183058
[2024-06-28T18:30:58.391+0000] {local_task_job_runner.py:240} INFO - Task exited with return code 0
[2024-06-28T18:30:58.399+0000] {taskinstance.py:3503} INFO - 0 downstream tasks scheduled from follow-on schedule check
[2024-06-28T18:30:58.399+0000] {local_task_job_runner.py:222} INFO - ::endgroup::
