[2024-06-27T22:32:58.604+0000] {local_task_job_runner.py:120} INFO - ::group::Pre task execution logs
[2024-06-27T22:32:58.613+0000] {taskinstance.py:2076} INFO - Dependencies all met for dep_context=non-requeueable deps ti=<TaskInstance: example_dag.generate_and_insert_data scheduled__2023-01-01T00:30:00+00:00 [queued]>
[2024-06-27T22:32:58.616+0000] {taskinstance.py:2076} INFO - Dependencies all met for dep_context=requeueable deps ti=<TaskInstance: example_dag.generate_and_insert_data scheduled__2023-01-01T00:30:00+00:00 [queued]>
[2024-06-27T22:32:58.616+0000] {taskinstance.py:2306} INFO - Starting attempt 1 of 2
[2024-06-27T22:32:58.620+0000] {taskinstance.py:2330} INFO - Executing <Task(PythonOperator): generate_and_insert_data> on 2023-01-01 00:30:00+00:00
[2024-06-27T22:32:58.621+0000] {standard_task_runner.py:63} INFO - Started process 138 to run task
[2024-06-27T22:32:58.622+0000] {standard_task_runner.py:90} INFO - Running: ['airflow', 'tasks', 'run', 'example_dag', 'generate_and_insert_data', 'scheduled__2023-01-01T00:30:00+00:00', '--job-id', '9', '--raw', '--subdir', 'DAGS_FOLDER/example_dag.py', '--cfg-path', '/tmp/tmpviig8e10']
[2024-06-27T22:32:58.623+0000] {standard_task_runner.py:91} INFO - Job 9: Subtask generate_and_insert_data
[2024-06-27T22:32:58.639+0000] {task_command.py:426} INFO - Running <TaskInstance: example_dag.generate_and_insert_data scheduled__2023-01-01T00:30:00+00:00 [running]> on host 9174587f6b1d
[2024-06-27T22:32:58.666+0000] {taskinstance.py:2648} INFO - Exporting env vars: AIRFLOW_CTX_DAG_OWNER='airflow' AIRFLOW_CTX_DAG_ID='example_dag' AIRFLOW_CTX_TASK_ID='generate_and_insert_data' AIRFLOW_CTX_EXECUTION_DATE='2023-01-01T00:30:00+00:00' AIRFLOW_CTX_TRY_NUMBER='1' AIRFLOW_CTX_DAG_RUN_ID='scheduled__2023-01-01T00:30:00+00:00'
[2024-06-27T22:32:58.666+0000] {taskinstance.py:430} INFO - ::endgroup::
[2024-06-27T22:32:58.674+0000] {python.py:237} INFO - Done. Returned value was: None
[2024-06-27T22:32:58.674+0000] {taskinstance.py:441} INFO - ::group::Post task execution logs
[2024-06-27T22:32:58.679+0000] {taskinstance.py:1206} INFO - Marking task as SUCCESS. dag_id=example_dag, task_id=generate_and_insert_data, run_id=scheduled__2023-01-01T00:30:00+00:00, execution_date=20230101T003000, start_date=20240627T223258, end_date=20240627T223258
[2024-06-27T22:32:58.683+0000] {local_task_job_runner.py:240} INFO - Task exited with return code 0
[2024-06-27T22:32:58.689+0000] {taskinstance.py:3503} INFO - 0 downstream tasks scheduled from follow-on schedule check
[2024-06-27T22:32:58.689+0000] {local_task_job_runner.py:222} INFO - ::endgroup::
[2024-06-27T22:51:48.818+0000] {local_task_job_runner.py:120} INFO - ::group::Pre task execution logs
[2024-06-27T22:51:48.828+0000] {taskinstance.py:2076} INFO - Dependencies all met for dep_context=non-requeueable deps ti=<TaskInstance: example_dag.generate_and_insert_data scheduled__2023-01-01T00:30:00+00:00 [queued]>
[2024-06-27T22:51:48.830+0000] {taskinstance.py:2076} INFO - Dependencies all met for dep_context=requeueable deps ti=<TaskInstance: example_dag.generate_and_insert_data scheduled__2023-01-01T00:30:00+00:00 [queued]>
[2024-06-27T22:51:48.830+0000] {taskinstance.py:2306} INFO - Starting attempt 1 of 2
[2024-06-27T22:51:48.834+0000] {taskinstance.py:2330} INFO - Executing <Task(PythonOperator): generate_and_insert_data> on 2023-01-01 00:30:00+00:00
[2024-06-27T22:51:48.836+0000] {standard_task_runner.py:63} INFO - Started process 138 to run task
[2024-06-27T22:51:48.837+0000] {standard_task_runner.py:90} INFO - Running: ['airflow', 'tasks', 'run', 'example_dag', 'generate_and_insert_data', 'scheduled__2023-01-01T00:30:00+00:00', '--job-id', '9', '--raw', '--subdir', 'DAGS_FOLDER/example_dag.py', '--cfg-path', '/tmp/tmphrcy93xh']
[2024-06-27T22:51:48.838+0000] {standard_task_runner.py:91} INFO - Job 9: Subtask generate_and_insert_data
[2024-06-27T22:51:48.853+0000] {task_command.py:426} INFO - Running <TaskInstance: example_dag.generate_and_insert_data scheduled__2023-01-01T00:30:00+00:00 [running]> on host a70edf9d8581
[2024-06-27T22:51:48.881+0000] {taskinstance.py:2648} INFO - Exporting env vars: AIRFLOW_CTX_DAG_OWNER='airflow' AIRFLOW_CTX_DAG_ID='example_dag' AIRFLOW_CTX_TASK_ID='generate_and_insert_data' AIRFLOW_CTX_EXECUTION_DATE='2023-01-01T00:30:00+00:00' AIRFLOW_CTX_TRY_NUMBER='1' AIRFLOW_CTX_DAG_RUN_ID='scheduled__2023-01-01T00:30:00+00:00'
[2024-06-27T22:51:48.881+0000] {taskinstance.py:430} INFO - ::endgroup::
[2024-06-27T22:51:48.885+0000] {python.py:237} INFO - Done. Returned value was: None
[2024-06-27T22:51:48.885+0000] {taskinstance.py:441} INFO - ::group::Post task execution logs
[2024-06-27T22:51:48.889+0000] {taskinstance.py:1206} INFO - Marking task as SUCCESS. dag_id=example_dag, task_id=generate_and_insert_data, run_id=scheduled__2023-01-01T00:30:00+00:00, execution_date=20230101T003000, start_date=20240627T225148, end_date=20240627T225148
[2024-06-27T22:51:48.895+0000] {local_task_job_runner.py:240} INFO - Task exited with return code 0
[2024-06-27T22:51:48.900+0000] {taskinstance.py:3503} INFO - 0 downstream tasks scheduled from follow-on schedule check
[2024-06-27T22:51:48.901+0000] {local_task_job_runner.py:222} INFO - ::endgroup::
[2024-06-27T22:59:32.117+0000] {local_task_job_runner.py:120} INFO - ::group::Pre task execution logs
[2024-06-27T22:59:32.127+0000] {taskinstance.py:2076} INFO - Dependencies all met for dep_context=non-requeueable deps ti=<TaskInstance: example_dag.generate_and_insert_data scheduled__2023-01-01T00:30:00+00:00 [queued]>
[2024-06-27T22:59:32.129+0000] {taskinstance.py:2076} INFO - Dependencies all met for dep_context=requeueable deps ti=<TaskInstance: example_dag.generate_and_insert_data scheduled__2023-01-01T00:30:00+00:00 [queued]>
[2024-06-27T22:59:32.129+0000] {taskinstance.py:2306} INFO - Starting attempt 1 of 2
[2024-06-27T22:59:32.133+0000] {taskinstance.py:2330} INFO - Executing <Task(PythonOperator): generate_and_insert_data> on 2023-01-01 00:30:00+00:00
[2024-06-27T22:59:32.135+0000] {standard_task_runner.py:63} INFO - Started process 138 to run task
[2024-06-27T22:59:32.136+0000] {standard_task_runner.py:90} INFO - Running: ['airflow', 'tasks', 'run', 'example_dag', 'generate_and_insert_data', 'scheduled__2023-01-01T00:30:00+00:00', '--job-id', '9', '--raw', '--subdir', 'DAGS_FOLDER/example_dag.py', '--cfg-path', '/tmp/tmpmzcjk1vm']
[2024-06-27T22:59:32.136+0000] {standard_task_runner.py:91} INFO - Job 9: Subtask generate_and_insert_data
[2024-06-27T22:59:32.153+0000] {task_command.py:426} INFO - Running <TaskInstance: example_dag.generate_and_insert_data scheduled__2023-01-01T00:30:00+00:00 [running]> on host 5cc71d4b298c
[2024-06-27T22:59:32.181+0000] {taskinstance.py:2648} INFO - Exporting env vars: AIRFLOW_CTX_DAG_OWNER='airflow' AIRFLOW_CTX_DAG_ID='example_dag' AIRFLOW_CTX_TASK_ID='generate_and_insert_data' AIRFLOW_CTX_EXECUTION_DATE='2023-01-01T00:30:00+00:00' AIRFLOW_CTX_TRY_NUMBER='1' AIRFLOW_CTX_DAG_RUN_ID='scheduled__2023-01-01T00:30:00+00:00'
[2024-06-27T22:59:32.182+0000] {taskinstance.py:430} INFO - ::endgroup::
[2024-06-27T22:59:32.186+0000] {python.py:237} INFO - Done. Returned value was: None
[2024-06-27T22:59:32.186+0000] {taskinstance.py:441} INFO - ::group::Post task execution logs
[2024-06-27T22:59:32.190+0000] {taskinstance.py:1206} INFO - Marking task as SUCCESS. dag_id=example_dag, task_id=generate_and_insert_data, run_id=scheduled__2023-01-01T00:30:00+00:00, execution_date=20230101T003000, start_date=20240627T225932, end_date=20240627T225932
[2024-06-27T22:59:32.195+0000] {local_task_job_runner.py:240} INFO - Task exited with return code 0
[2024-06-27T22:59:32.201+0000] {taskinstance.py:3503} INFO - 0 downstream tasks scheduled from follow-on schedule check
[2024-06-27T22:59:32.202+0000] {local_task_job_runner.py:222} INFO - ::endgroup::
[2024-06-27T23:09:11.543+0000] {local_task_job_runner.py:120} INFO - ::group::Pre task execution logs
[2024-06-27T23:09:11.553+0000] {taskinstance.py:2076} INFO - Dependencies all met for dep_context=non-requeueable deps ti=<TaskInstance: example_dag.generate_and_insert_data scheduled__2023-01-01T00:30:00+00:00 [queued]>
[2024-06-27T23:09:11.555+0000] {taskinstance.py:2076} INFO - Dependencies all met for dep_context=requeueable deps ti=<TaskInstance: example_dag.generate_and_insert_data scheduled__2023-01-01T00:30:00+00:00 [queued]>
[2024-06-27T23:09:11.555+0000] {taskinstance.py:2306} INFO - Starting attempt 1 of 2
[2024-06-27T23:09:11.559+0000] {taskinstance.py:2330} INFO - Executing <Task(PythonOperator): generate_and_insert_data> on 2023-01-01 00:30:00+00:00
[2024-06-27T23:09:11.561+0000] {standard_task_runner.py:63} INFO - Started process 138 to run task
[2024-06-27T23:09:11.562+0000] {standard_task_runner.py:90} INFO - Running: ['airflow', 'tasks', 'run', 'example_dag', 'generate_and_insert_data', 'scheduled__2023-01-01T00:30:00+00:00', '--job-id', '9', '--raw', '--subdir', 'DAGS_FOLDER/example_dag.py', '--cfg-path', '/tmp/tmpwthdupt_']
[2024-06-27T23:09:11.563+0000] {standard_task_runner.py:91} INFO - Job 9: Subtask generate_and_insert_data
[2024-06-27T23:09:11.579+0000] {task_command.py:426} INFO - Running <TaskInstance: example_dag.generate_and_insert_data scheduled__2023-01-01T00:30:00+00:00 [running]> on host 7147f8a4dc9f
[2024-06-27T23:09:11.606+0000] {taskinstance.py:2648} INFO - Exporting env vars: AIRFLOW_CTX_DAG_OWNER='airflow' AIRFLOW_CTX_DAG_ID='example_dag' AIRFLOW_CTX_TASK_ID='generate_and_insert_data' AIRFLOW_CTX_EXECUTION_DATE='2023-01-01T00:30:00+00:00' AIRFLOW_CTX_TRY_NUMBER='1' AIRFLOW_CTX_DAG_RUN_ID='scheduled__2023-01-01T00:30:00+00:00'
[2024-06-27T23:09:11.607+0000] {taskinstance.py:430} INFO - ::endgroup::
[2024-06-27T23:09:11.611+0000] {python.py:237} INFO - Done. Returned value was: None
[2024-06-27T23:09:11.611+0000] {taskinstance.py:441} INFO - ::group::Post task execution logs
[2024-06-27T23:09:11.615+0000] {taskinstance.py:1206} INFO - Marking task as SUCCESS. dag_id=example_dag, task_id=generate_and_insert_data, run_id=scheduled__2023-01-01T00:30:00+00:00, execution_date=20230101T003000, start_date=20240627T230911, end_date=20240627T230911
[2024-06-27T23:09:11.623+0000] {local_task_job_runner.py:240} INFO - Task exited with return code 0
[2024-06-27T23:09:11.629+0000] {taskinstance.py:3503} INFO - 0 downstream tasks scheduled from follow-on schedule check
[2024-06-27T23:09:11.630+0000] {local_task_job_runner.py:222} INFO - ::endgroup::
[2024-06-27T23:12:49.416+0000] {local_task_job_runner.py:120} INFO - ::group::Pre task execution logs
[2024-06-27T23:12:49.426+0000] {taskinstance.py:2076} INFO - Dependencies all met for dep_context=non-requeueable deps ti=<TaskInstance: example_dag.generate_and_insert_data scheduled__2023-01-01T00:30:00+00:00 [queued]>
[2024-06-27T23:12:49.429+0000] {taskinstance.py:2076} INFO - Dependencies all met for dep_context=requeueable deps ti=<TaskInstance: example_dag.generate_and_insert_data scheduled__2023-01-01T00:30:00+00:00 [queued]>
[2024-06-27T23:12:49.429+0000] {taskinstance.py:2306} INFO - Starting attempt 1 of 2
[2024-06-27T23:12:49.433+0000] {taskinstance.py:2330} INFO - Executing <Task(PythonOperator): generate_and_insert_data> on 2023-01-01 00:30:00+00:00
[2024-06-27T23:12:49.435+0000] {standard_task_runner.py:63} INFO - Started process 138 to run task
[2024-06-27T23:12:49.436+0000] {standard_task_runner.py:90} INFO - Running: ['airflow', 'tasks', 'run', 'example_dag', 'generate_and_insert_data', 'scheduled__2023-01-01T00:30:00+00:00', '--job-id', '9', '--raw', '--subdir', 'DAGS_FOLDER/example_dag.py', '--cfg-path', '/tmp/tmpg86w6f7z']
[2024-06-27T23:12:49.437+0000] {standard_task_runner.py:91} INFO - Job 9: Subtask generate_and_insert_data
[2024-06-27T23:12:49.454+0000] {task_command.py:426} INFO - Running <TaskInstance: example_dag.generate_and_insert_data scheduled__2023-01-01T00:30:00+00:00 [running]> on host 4bd55eb76a74
[2024-06-27T23:12:49.487+0000] {taskinstance.py:2648} INFO - Exporting env vars: AIRFLOW_CTX_DAG_OWNER='airflow' AIRFLOW_CTX_DAG_ID='example_dag' AIRFLOW_CTX_TASK_ID='generate_and_insert_data' AIRFLOW_CTX_EXECUTION_DATE='2023-01-01T00:30:00+00:00' AIRFLOW_CTX_TRY_NUMBER='1' AIRFLOW_CTX_DAG_RUN_ID='scheduled__2023-01-01T00:30:00+00:00'
[2024-06-27T23:12:49.487+0000] {taskinstance.py:430} INFO - ::endgroup::
[2024-06-27T23:12:49.492+0000] {python.py:237} INFO - Done. Returned value was: None
[2024-06-27T23:12:49.493+0000] {taskinstance.py:441} INFO - ::group::Post task execution logs
[2024-06-27T23:12:49.498+0000] {taskinstance.py:1206} INFO - Marking task as SUCCESS. dag_id=example_dag, task_id=generate_and_insert_data, run_id=scheduled__2023-01-01T00:30:00+00:00, execution_date=20230101T003000, start_date=20240627T231249, end_date=20240627T231249
[2024-06-27T23:12:49.534+0000] {local_task_job_runner.py:240} INFO - Task exited with return code 0
[2024-06-27T23:12:49.541+0000] {taskinstance.py:3503} INFO - 0 downstream tasks scheduled from follow-on schedule check
[2024-06-27T23:12:49.542+0000] {local_task_job_runner.py:222} INFO - ::endgroup::
[2024-06-27T23:18:43.601+0000] {local_task_job_runner.py:120} INFO - ::group::Pre task execution logs
[2024-06-27T23:18:43.612+0000] {taskinstance.py:2076} INFO - Dependencies all met for dep_context=non-requeueable deps ti=<TaskInstance: example_dag.generate_and_insert_data scheduled__2023-01-01T00:30:00+00:00 [queued]>
[2024-06-27T23:18:43.614+0000] {taskinstance.py:2076} INFO - Dependencies all met for dep_context=requeueable deps ti=<TaskInstance: example_dag.generate_and_insert_data scheduled__2023-01-01T00:30:00+00:00 [queued]>
[2024-06-27T23:18:43.614+0000] {taskinstance.py:2306} INFO - Starting attempt 1 of 2
[2024-06-27T23:18:43.619+0000] {taskinstance.py:2330} INFO - Executing <Task(PythonOperator): generate_and_insert_data> on 2023-01-01 00:30:00+00:00
[2024-06-27T23:18:43.620+0000] {standard_task_runner.py:63} INFO - Started process 138 to run task
[2024-06-27T23:18:43.621+0000] {standard_task_runner.py:90} INFO - Running: ['airflow', 'tasks', 'run', 'example_dag', 'generate_and_insert_data', 'scheduled__2023-01-01T00:30:00+00:00', '--job-id', '9', '--raw', '--subdir', 'DAGS_FOLDER/example_dag.py', '--cfg-path', '/tmp/tmpk7_5auj2']
[2024-06-27T23:18:43.622+0000] {standard_task_runner.py:91} INFO - Job 9: Subtask generate_and_insert_data
[2024-06-27T23:18:43.639+0000] {task_command.py:426} INFO - Running <TaskInstance: example_dag.generate_and_insert_data scheduled__2023-01-01T00:30:00+00:00 [running]> on host 73964f870a02
[2024-06-27T23:18:43.671+0000] {taskinstance.py:2648} INFO - Exporting env vars: AIRFLOW_CTX_DAG_OWNER='airflow' AIRFLOW_CTX_DAG_ID='example_dag' AIRFLOW_CTX_TASK_ID='generate_and_insert_data' AIRFLOW_CTX_EXECUTION_DATE='2023-01-01T00:30:00+00:00' AIRFLOW_CTX_TRY_NUMBER='1' AIRFLOW_CTX_DAG_RUN_ID='scheduled__2023-01-01T00:30:00+00:00'
[2024-06-27T23:18:43.672+0000] {taskinstance.py:430} INFO - ::endgroup::
[2024-06-27T23:18:43.676+0000] {python.py:237} INFO - Done. Returned value was: None
[2024-06-27T23:18:43.676+0000] {taskinstance.py:441} INFO - ::group::Post task execution logs
[2024-06-27T23:18:43.681+0000] {taskinstance.py:1206} INFO - Marking task as SUCCESS. dag_id=example_dag, task_id=generate_and_insert_data, run_id=scheduled__2023-01-01T00:30:00+00:00, execution_date=20230101T003000, start_date=20240627T231843, end_date=20240627T231843
[2024-06-27T23:18:43.720+0000] {local_task_job_runner.py:240} INFO - Task exited with return code 0
[2024-06-27T23:18:43.727+0000] {taskinstance.py:3503} INFO - 0 downstream tasks scheduled from follow-on schedule check
[2024-06-27T23:18:43.728+0000] {local_task_job_runner.py:222} INFO - ::endgroup::
[2024-06-28T18:13:07.038+0000] {local_task_job_runner.py:120} INFO - ::group::Pre task execution logs
[2024-06-28T18:13:07.048+0000] {taskinstance.py:2076} INFO - Dependencies all met for dep_context=non-requeueable deps ti=<TaskInstance: example_dag.generate_and_insert_data scheduled__2023-01-01T00:30:00+00:00 [queued]>
[2024-06-28T18:13:07.050+0000] {taskinstance.py:2076} INFO - Dependencies all met for dep_context=requeueable deps ti=<TaskInstance: example_dag.generate_and_insert_data scheduled__2023-01-01T00:30:00+00:00 [queued]>
[2024-06-28T18:13:07.051+0000] {taskinstance.py:2306} INFO - Starting attempt 1 of 2
[2024-06-28T18:13:07.055+0000] {taskinstance.py:2330} INFO - Executing <Task(PythonOperator): generate_and_insert_data> on 2023-01-01 00:30:00+00:00
[2024-06-28T18:13:07.057+0000] {standard_task_runner.py:63} INFO - Started process 138 to run task
[2024-06-28T18:13:07.058+0000] {standard_task_runner.py:90} INFO - Running: ['airflow', 'tasks', 'run', 'example_dag', 'generate_and_insert_data', 'scheduled__2023-01-01T00:30:00+00:00', '--job-id', '9', '--raw', '--subdir', 'DAGS_FOLDER/example_dag.py', '--cfg-path', '/tmp/tmpzedw3s3e']
[2024-06-28T18:13:07.058+0000] {standard_task_runner.py:91} INFO - Job 9: Subtask generate_and_insert_data
[2024-06-28T18:13:07.074+0000] {task_command.py:426} INFO - Running <TaskInstance: example_dag.generate_and_insert_data scheduled__2023-01-01T00:30:00+00:00 [running]> on host 08cefd381a1f
[2024-06-28T18:13:07.102+0000] {taskinstance.py:2648} INFO - Exporting env vars: AIRFLOW_CTX_DAG_OWNER='airflow' AIRFLOW_CTX_DAG_ID='example_dag' AIRFLOW_CTX_TASK_ID='generate_and_insert_data' AIRFLOW_CTX_EXECUTION_DATE='2023-01-01T00:30:00+00:00' AIRFLOW_CTX_TRY_NUMBER='1' AIRFLOW_CTX_DAG_RUN_ID='scheduled__2023-01-01T00:30:00+00:00'
[2024-06-28T18:13:07.102+0000] {taskinstance.py:430} INFO - ::endgroup::
[2024-06-28T18:13:07.106+0000] {python.py:237} INFO - Done. Returned value was: None
[2024-06-28T18:13:07.106+0000] {taskinstance.py:441} INFO - ::group::Post task execution logs
[2024-06-28T18:13:07.110+0000] {taskinstance.py:1206} INFO - Marking task as SUCCESS. dag_id=example_dag, task_id=generate_and_insert_data, run_id=scheduled__2023-01-01T00:30:00+00:00, execution_date=20230101T003000, start_date=20240628T181307, end_date=20240628T181307
[2024-06-28T18:13:07.116+0000] {local_task_job_runner.py:240} INFO - Task exited with return code 0
[2024-06-28T18:13:07.122+0000] {taskinstance.py:3503} INFO - 0 downstream tasks scheduled from follow-on schedule check
[2024-06-28T18:13:07.122+0000] {local_task_job_runner.py:222} INFO - ::endgroup::
[2024-06-28T18:20:21.398+0000] {local_task_job_runner.py:120} INFO - ::group::Pre task execution logs
[2024-06-28T18:20:21.408+0000] {taskinstance.py:2076} INFO - Dependencies all met for dep_context=non-requeueable deps ti=<TaskInstance: example_dag.generate_and_insert_data scheduled__2023-01-01T00:30:00+00:00 [queued]>
[2024-06-28T18:20:21.410+0000] {taskinstance.py:2076} INFO - Dependencies all met for dep_context=requeueable deps ti=<TaskInstance: example_dag.generate_and_insert_data scheduled__2023-01-01T00:30:00+00:00 [queued]>
[2024-06-28T18:20:21.411+0000] {taskinstance.py:2306} INFO - Starting attempt 1 of 2
[2024-06-28T18:20:21.415+0000] {taskinstance.py:2330} INFO - Executing <Task(PythonOperator): generate_and_insert_data> on 2023-01-01 00:30:00+00:00
[2024-06-28T18:20:21.416+0000] {standard_task_runner.py:63} INFO - Started process 138 to run task
[2024-06-28T18:20:21.417+0000] {standard_task_runner.py:90} INFO - Running: ['airflow', 'tasks', 'run', 'example_dag', 'generate_and_insert_data', 'scheduled__2023-01-01T00:30:00+00:00', '--job-id', '9', '--raw', '--subdir', 'DAGS_FOLDER/example_dag.py', '--cfg-path', '/tmp/tmp942hr5qk']
[2024-06-28T18:20:21.418+0000] {standard_task_runner.py:91} INFO - Job 9: Subtask generate_and_insert_data
[2024-06-28T18:20:21.434+0000] {task_command.py:426} INFO - Running <TaskInstance: example_dag.generate_and_insert_data scheduled__2023-01-01T00:30:00+00:00 [running]> on host 6570e5857071
[2024-06-28T18:20:21.461+0000] {taskinstance.py:2648} INFO - Exporting env vars: AIRFLOW_CTX_DAG_OWNER='airflow' AIRFLOW_CTX_DAG_ID='example_dag' AIRFLOW_CTX_TASK_ID='generate_and_insert_data' AIRFLOW_CTX_EXECUTION_DATE='2023-01-01T00:30:00+00:00' AIRFLOW_CTX_TRY_NUMBER='1' AIRFLOW_CTX_DAG_RUN_ID='scheduled__2023-01-01T00:30:00+00:00'
[2024-06-28T18:20:21.462+0000] {taskinstance.py:430} INFO - ::endgroup::
[2024-06-28T18:20:21.466+0000] {python.py:237} INFO - Done. Returned value was: None
[2024-06-28T18:20:21.466+0000] {taskinstance.py:441} INFO - ::group::Post task execution logs
[2024-06-28T18:20:21.470+0000] {taskinstance.py:1206} INFO - Marking task as SUCCESS. dag_id=example_dag, task_id=generate_and_insert_data, run_id=scheduled__2023-01-01T00:30:00+00:00, execution_date=20230101T003000, start_date=20240628T182021, end_date=20240628T182021
[2024-06-28T18:20:21.476+0000] {local_task_job_runner.py:240} INFO - Task exited with return code 0
[2024-06-28T18:20:21.481+0000] {taskinstance.py:3503} INFO - 0 downstream tasks scheduled from follow-on schedule check
[2024-06-28T18:20:21.482+0000] {local_task_job_runner.py:222} INFO - ::endgroup::
[2024-06-28T18:30:23.389+0000] {local_task_job_runner.py:120} INFO - ::group::Pre task execution logs
[2024-06-28T18:30:23.399+0000] {taskinstance.py:2076} INFO - Dependencies all met for dep_context=non-requeueable deps ti=<TaskInstance: example_dag.generate_and_insert_data scheduled__2023-01-01T00:30:00+00:00 [queued]>
[2024-06-28T18:30:23.401+0000] {taskinstance.py:2076} INFO - Dependencies all met for dep_context=requeueable deps ti=<TaskInstance: example_dag.generate_and_insert_data scheduled__2023-01-01T00:30:00+00:00 [queued]>
[2024-06-28T18:30:23.401+0000] {taskinstance.py:2306} INFO - Starting attempt 1 of 2
[2024-06-28T18:30:23.406+0000] {taskinstance.py:2330} INFO - Executing <Task(PythonOperator): generate_and_insert_data> on 2023-01-01 00:30:00+00:00
[2024-06-28T18:30:23.407+0000] {standard_task_runner.py:63} INFO - Started process 138 to run task
[2024-06-28T18:30:23.408+0000] {standard_task_runner.py:90} INFO - Running: ['airflow', 'tasks', 'run', 'example_dag', 'generate_and_insert_data', 'scheduled__2023-01-01T00:30:00+00:00', '--job-id', '9', '--raw', '--subdir', 'DAGS_FOLDER/example_dag.py', '--cfg-path', '/tmp/tmp5ya50x9_']
[2024-06-28T18:30:23.409+0000] {standard_task_runner.py:91} INFO - Job 9: Subtask generate_and_insert_data
[2024-06-28T18:30:23.425+0000] {task_command.py:426} INFO - Running <TaskInstance: example_dag.generate_and_insert_data scheduled__2023-01-01T00:30:00+00:00 [running]> on host 50bf780463b8
[2024-06-28T18:30:23.452+0000] {taskinstance.py:2648} INFO - Exporting env vars: AIRFLOW_CTX_DAG_OWNER='airflow' AIRFLOW_CTX_DAG_ID='example_dag' AIRFLOW_CTX_TASK_ID='generate_and_insert_data' AIRFLOW_CTX_EXECUTION_DATE='2023-01-01T00:30:00+00:00' AIRFLOW_CTX_TRY_NUMBER='1' AIRFLOW_CTX_DAG_RUN_ID='scheduled__2023-01-01T00:30:00+00:00'
[2024-06-28T18:30:23.452+0000] {taskinstance.py:430} INFO - ::endgroup::
[2024-06-28T18:30:23.456+0000] {python.py:237} INFO - Done. Returned value was: None
[2024-06-28T18:30:23.456+0000] {taskinstance.py:441} INFO - ::group::Post task execution logs
[2024-06-28T18:30:23.460+0000] {taskinstance.py:1206} INFO - Marking task as SUCCESS. dag_id=example_dag, task_id=generate_and_insert_data, run_id=scheduled__2023-01-01T00:30:00+00:00, execution_date=20230101T003000, start_date=20240628T183023, end_date=20240628T183023
[2024-06-28T18:30:23.466+0000] {local_task_job_runner.py:240} INFO - Task exited with return code 0
[2024-06-28T18:30:23.472+0000] {taskinstance.py:3503} INFO - 0 downstream tasks scheduled from follow-on schedule check
[2024-06-28T18:30:23.473+0000] {local_task_job_runner.py:222} INFO - ::endgroup::
