[2024-07-06T17:52:53.691+0000] {taskinstance.py:1103} INFO - Dependencies all met for dep_context=non-requeueable deps ti=<TaskInstance: initialize_etl_environment.create_last_transfer_table scheduled__2024-07-02T00:00:00+00:00 [queued]>
[2024-07-06T17:52:53.695+0000] {taskinstance.py:1103} INFO - Dependencies all met for dep_context=requeueable deps ti=<TaskInstance: initialize_etl_environment.create_last_transfer_table scheduled__2024-07-02T00:00:00+00:00 [queued]>
[2024-07-06T17:52:53.695+0000] {taskinstance.py:1308} INFO - Starting attempt 1 of 2
[2024-07-06T17:52:53.699+0000] {taskinstance.py:1327} INFO - Executing <Task(PostgresOperator): create_last_transfer_table> on 2024-07-02 00:00:00+00:00
[2024-07-06T17:52:53.700+0000] {standard_task_runner.py:57} INFO - Started process 36 to run task
[2024-07-06T17:52:53.702+0000] {standard_task_runner.py:84} INFO - Running: ['airflow', 'tasks', 'run', 'initialize_etl_environment', 'create_last_transfer_table', 'scheduled__2024-07-02T00:00:00+00:00', '--job-id', '783', '--raw', '--subdir', 'DAGS_FOLDER/etl_env_init.py', '--cfg-path', '/tmp/tmprnm0j3gm']
[2024-07-06T17:52:53.702+0000] {standard_task_runner.py:85} INFO - Job 783: Subtask create_last_transfer_table
[2024-07-06T17:52:53.724+0000] {task_command.py:410} INFO - Running <TaskInstance: initialize_etl_environment.create_last_transfer_table scheduled__2024-07-02T00:00:00+00:00 [running]> on host f6bf59d3e65b
[2024-07-06T17:52:53.757+0000] {taskinstance.py:1545} INFO - Exporting env vars: AIRFLOW_CTX_DAG_EMAIL='airflow@example.com' AIRFLOW_CTX_DAG_OWNER='airflow' AIRFLOW_CTX_DAG_ID='initialize_etl_environment' AIRFLOW_CTX_TASK_ID='create_last_transfer_table' AIRFLOW_CTX_EXECUTION_DATE='2024-07-02T00:00:00+00:00' AIRFLOW_CTX_TRY_NUMBER='1' AIRFLOW_CTX_DAG_RUN_ID='scheduled__2024-07-02T00:00:00+00:00'
[2024-07-06T17:52:53.757+0000] {sql.py:262} INFO - Executing: 
    CREATE TABLE IF NOT EXISTS ops.last_transfer (
        id SERIAL PRIMARY KEY,
        table_name VARCHAR(50),
        last_transfer TIMESTAMP
    );
    INSERT INTO ops.last_transfer (table_name, last_transfer) VALUES ('users', '1970-01-01 00:00:00');
    
[2024-07-06T17:52:53.760+0000] {base.py:73} INFO - Using connection ID 'company_dw' for task execution.
[2024-07-06T17:52:53.781+0000] {base.py:73} INFO - Using connection ID 'company_dw' for task execution.
[2024-07-06T17:52:53.783+0000] {sql.py:375} INFO - Running statement: 
    CREATE TABLE IF NOT EXISTS ops.last_transfer (
        id SERIAL PRIMARY KEY,
        table_name VARCHAR(50),
        last_transfer TIMESTAMP
    );
    INSERT INTO ops.last_transfer (table_name, last_transfer) VALUES ('users', '1970-01-01 00:00:00');
    , parameters: None
[2024-07-06T17:52:53.796+0000] {sql.py:384} INFO - Rows affected: 1
[2024-07-06T17:52:53.801+0000] {taskinstance.py:1345} INFO - Marking task as SUCCESS. dag_id=initialize_etl_environment, task_id=create_last_transfer_table, execution_date=20240702T000000, start_date=20240706T175253, end_date=20240706T175253
[2024-07-06T17:52:53.848+0000] {local_task_job_runner.py:225} INFO - Task exited with return code 0
[2024-07-06T17:52:53.860+0000] {taskinstance.py:2651} INFO - 7 downstream tasks scheduled from follow-on schedule check
