[2024-07-03T00:27:00.955+0000] {taskinstance.py:1103} INFO - Dependencies all met for dep_context=non-requeueable deps ti=<TaskInstance: ecomm_data_pipeline.insert_google_search scheduled__2024-07-02T20:40:00+00:00 [queued]>
[2024-07-03T00:27:00.958+0000] {taskinstance.py:1103} INFO - Dependencies all met for dep_context=requeueable deps ti=<TaskInstance: ecomm_data_pipeline.insert_google_search scheduled__2024-07-02T20:40:00+00:00 [queued]>
[2024-07-03T00:27:00.958+0000] {taskinstance.py:1308} INFO - Starting attempt 1 of 2
[2024-07-03T00:27:00.962+0000] {taskinstance.py:1327} INFO - Executing <Task(PythonOperator): insert_google_search> on 2024-07-02 20:40:00+00:00
[2024-07-03T00:27:00.964+0000] {standard_task_runner.py:57} INFO - Started process 238 to run task
[2024-07-03T00:27:00.965+0000] {standard_task_runner.py:84} INFO - Running: ['airflow', 'tasks', 'run', 'ecomm_data_pipeline', 'insert_google_search', 'scheduled__2024-07-02T20:40:00+00:00', '--job-id', '304', '--raw', '--subdir', 'DAGS_FOLDER/ecomm_dag.py', '--cfg-path', '/tmp/tmp33qxo8tj']
[2024-07-03T00:27:00.966+0000] {standard_task_runner.py:85} INFO - Job 304: Subtask insert_google_search
[2024-07-03T00:27:00.985+0000] {task_command.py:410} INFO - Running <TaskInstance: ecomm_data_pipeline.insert_google_search scheduled__2024-07-02T20:40:00+00:00 [running]> on host e25ac14d8d5f
[2024-07-03T00:27:01.020+0000] {taskinstance.py:1545} INFO - Exporting env vars: AIRFLOW_CTX_DAG_OWNER='airflow' AIRFLOW_CTX_DAG_ID='ecomm_data_pipeline' AIRFLOW_CTX_TASK_ID='insert_google_search' AIRFLOW_CTX_EXECUTION_DATE='2024-07-02T20:40:00+00:00' AIRFLOW_CTX_TRY_NUMBER='1' AIRFLOW_CTX_DAG_RUN_ID='scheduled__2024-07-02T20:40:00+00:00'
[2024-07-03T00:27:01.020+0000] {logging_mixin.py:149} INFO - Inserting data into google_search from /opt/airflow/generator/fake_google_search_data.json...
[2024-07-03T00:27:01.023+0000] {logging_mixin.py:149} INFO - Error inserting data into google_search: tuple index out of range
[2024-07-03T00:27:01.023+0000] {python.py:183} INFO - Done. Returned value was: None
[2024-07-03T00:27:01.027+0000] {taskinstance.py:1345} INFO - Marking task as SUCCESS. dag_id=ecomm_data_pipeline, task_id=insert_google_search, execution_date=20240702T204000, start_date=20240703T002700, end_date=20240703T002701
[2024-07-03T00:27:01.067+0000] {local_task_job_runner.py:225} INFO - Task exited with return code 0
[2024-07-03T00:27:01.076+0000] {taskinstance.py:2651} INFO - 0 downstream tasks scheduled from follow-on schedule check
[2024-07-03T00:48:22.874+0000] {taskinstance.py:1103} INFO - Dependencies all met for dep_context=non-requeueable deps ti=<TaskInstance: ecomm_data_pipeline.insert_google_search scheduled__2024-07-02T20:40:00+00:00 [queued]>
[2024-07-03T00:48:22.878+0000] {taskinstance.py:1103} INFO - Dependencies all met for dep_context=requeueable deps ti=<TaskInstance: ecomm_data_pipeline.insert_google_search scheduled__2024-07-02T20:40:00+00:00 [queued]>
[2024-07-03T00:48:22.878+0000] {taskinstance.py:1308} INFO - Starting attempt 1 of 2
[2024-07-03T00:48:22.882+0000] {taskinstance.py:1327} INFO - Executing <Task(PythonOperator): insert_google_search> on 2024-07-02 20:40:00+00:00
[2024-07-03T00:48:22.883+0000] {standard_task_runner.py:57} INFO - Started process 53 to run task
[2024-07-03T00:48:22.885+0000] {standard_task_runner.py:84} INFO - Running: ['airflow', 'tasks', 'run', 'ecomm_data_pipeline', 'insert_google_search', 'scheduled__2024-07-02T20:40:00+00:00', '--job-id', '326', '--raw', '--subdir', 'DAGS_FOLDER/ecomm_dag.py', '--cfg-path', '/tmp/tmphv_y7fm9']
[2024-07-03T00:48:22.885+0000] {standard_task_runner.py:85} INFO - Job 326: Subtask insert_google_search
[2024-07-03T00:48:22.905+0000] {task_command.py:410} INFO - Running <TaskInstance: ecomm_data_pipeline.insert_google_search scheduled__2024-07-02T20:40:00+00:00 [running]> on host 9ea872201ce6
[2024-07-03T00:48:22.940+0000] {taskinstance.py:1545} INFO - Exporting env vars: AIRFLOW_CTX_DAG_OWNER='airflow' AIRFLOW_CTX_DAG_ID='ecomm_data_pipeline' AIRFLOW_CTX_TASK_ID='insert_google_search' AIRFLOW_CTX_EXECUTION_DATE='2024-07-02T20:40:00+00:00' AIRFLOW_CTX_TRY_NUMBER='1' AIRFLOW_CTX_DAG_RUN_ID='scheduled__2024-07-02T20:40:00+00:00'
[2024-07-03T00:48:22.940+0000] {logging_mixin.py:149} INFO - Inserting data into google_search from /opt/airflow/generator/fake_google_search_data.json...
[2024-07-03T00:48:22.943+0000] {logging_mixin.py:149} INFO - Error inserting data into google_search: tuple index out of range
[2024-07-03T00:48:22.943+0000] {python.py:183} INFO - Done. Returned value was: None
[2024-07-03T00:48:22.947+0000] {taskinstance.py:1345} INFO - Marking task as SUCCESS. dag_id=ecomm_data_pipeline, task_id=insert_google_search, execution_date=20240702T204000, start_date=20240703T004822, end_date=20240703T004822
[2024-07-03T00:48:22.985+0000] {local_task_job_runner.py:225} INFO - Task exited with return code 0
[2024-07-03T00:48:22.993+0000] {taskinstance.py:2651} INFO - 0 downstream tasks scheduled from follow-on schedule check
