[2024-07-06T18:15:07.366+0000] {taskinstance.py:1103} INFO - Dependencies all met for dep_context=non-requeueable deps ti=<TaskInstance: import_main_data.wait_for_init scheduled__2024-07-06T02:00:00+00:00 [queued]>
[2024-07-06T18:15:07.369+0000] {taskinstance.py:1103} INFO - Dependencies all met for dep_context=requeueable deps ti=<TaskInstance: import_main_data.wait_for_init scheduled__2024-07-06T02:00:00+00:00 [queued]>
[2024-07-06T18:15:07.370+0000] {taskinstance.py:1308} INFO - Starting attempt 1 of 2
[2024-07-06T18:15:07.374+0000] {taskinstance.py:1327} INFO - Executing <Task(ExternalTaskSensor): wait_for_init> on 2024-07-06 02:00:00+00:00
[2024-07-06T18:15:07.375+0000] {standard_task_runner.py:57} INFO - Started process 927 to run task
[2024-07-06T18:15:07.377+0000] {standard_task_runner.py:84} INFO - Running: ['airflow', 'tasks', 'run', 'import_main_data', 'wait_for_init', 'scheduled__2024-07-06T02:00:00+00:00', '--job-id', '886', '--raw', '--subdir', 'DAGS_FOLDER/import_raw_data.py', '--cfg-path', '/tmp/tmpil82sl5a']
[2024-07-06T18:15:07.377+0000] {standard_task_runner.py:85} INFO - Job 886: Subtask wait_for_init
[2024-07-06T18:15:07.397+0000] {task_command.py:410} INFO - Running <TaskInstance: import_main_data.wait_for_init scheduled__2024-07-06T02:00:00+00:00 [running]> on host f6bf59d3e65b
[2024-07-06T18:15:07.434+0000] {taskinstance.py:1545} INFO - Exporting env vars: AIRFLOW_CTX_DAG_EMAIL='airflow@example.com' AIRFLOW_CTX_DAG_OWNER='airflow' AIRFLOW_CTX_DAG_ID='import_main_data' AIRFLOW_CTX_TASK_ID='wait_for_init' AIRFLOW_CTX_EXECUTION_DATE='2024-07-06T02:00:00+00:00' AIRFLOW_CTX_TRY_NUMBER='1' AIRFLOW_CTX_DAG_RUN_ID='scheduled__2024-07-06T02:00:00+00:00'
[2024-07-06T18:15:07.438+0000] {external_task.py:247} INFO - Poking for DAG 'initialize_etl_environment' on 2024-07-06T02:00:00+00:00 ... 
[2024-07-06T18:15:07.450+0000] {taskinstance.py:1784} INFO - Rescheduling task, marking task as UP_FOR_RESCHEDULE
[2024-07-06T18:15:07.478+0000] {local_task_job_runner.py:225} INFO - Task exited with return code 0
[2024-07-06T18:15:07.490+0000] {taskinstance.py:2651} INFO - 0 downstream tasks scheduled from follow-on schedule check
[2024-07-06T18:43:42.029+0000] {taskinstance.py:1103} INFO - Dependencies all met for dep_context=non-requeueable deps ti=<TaskInstance: import_main_data.wait_for_init scheduled__2024-07-06T02:00:00+00:00 [queued]>
[2024-07-06T18:43:42.032+0000] {taskinstance.py:1103} INFO - Dependencies all met for dep_context=requeueable deps ti=<TaskInstance: import_main_data.wait_for_init scheduled__2024-07-06T02:00:00+00:00 [queued]>
[2024-07-06T18:43:42.032+0000] {taskinstance.py:1308} INFO - Starting attempt 1 of 2
[2024-07-06T18:43:42.036+0000] {taskinstance.py:1327} INFO - Executing <Task(ExternalTaskSensor): wait_for_init> on 2024-07-06 02:00:00+00:00
[2024-07-06T18:43:42.037+0000] {standard_task_runner.py:57} INFO - Started process 1380 to run task
[2024-07-06T18:43:42.039+0000] {standard_task_runner.py:84} INFO - Running: ['airflow', 'tasks', 'run', 'import_main_data', 'wait_for_init', 'scheduled__2024-07-06T02:00:00+00:00', '--job-id', '909', '--raw', '--subdir', 'DAGS_FOLDER/import_raw_data.py', '--cfg-path', '/tmp/tmpm_gac82n']
[2024-07-06T18:43:42.039+0000] {standard_task_runner.py:85} INFO - Job 909: Subtask wait_for_init
[2024-07-06T18:43:42.059+0000] {task_command.py:410} INFO - Running <TaskInstance: import_main_data.wait_for_init scheduled__2024-07-06T02:00:00+00:00 [running]> on host f6bf59d3e65b
[2024-07-06T18:43:42.094+0000] {taskinstance.py:1545} INFO - Exporting env vars: AIRFLOW_CTX_DAG_EMAIL='airflow@example.com' AIRFLOW_CTX_DAG_OWNER='airflow' AIRFLOW_CTX_DAG_ID='import_main_data' AIRFLOW_CTX_TASK_ID='wait_for_init' AIRFLOW_CTX_EXECUTION_DATE='2024-07-06T02:00:00+00:00' AIRFLOW_CTX_TRY_NUMBER='1' AIRFLOW_CTX_DAG_RUN_ID='scheduled__2024-07-06T02:00:00+00:00'
[2024-07-06T18:43:42.099+0000] {external_task.py:247} INFO - Poking for DAG 'initialize_etl_environment' on 2024-07-06T02:00:00+00:00 ... 
[2024-07-06T18:43:42.110+0000] {taskinstance.py:1784} INFO - Rescheduling task, marking task as UP_FOR_RESCHEDULE
[2024-07-06T18:43:42.140+0000] {local_task_job_runner.py:225} INFO - Task exited with return code 0
[2024-07-06T18:43:42.152+0000] {taskinstance.py:2651} INFO - 0 downstream tasks scheduled from follow-on schedule check
[2024-07-06T18:44:44.329+0000] {taskinstance.py:1103} INFO - Dependencies all met for dep_context=non-requeueable deps ti=<TaskInstance: import_main_data.wait_for_init scheduled__2024-07-06T02:00:00+00:00 [queued]>
[2024-07-06T18:44:44.332+0000] {taskinstance.py:1103} INFO - Dependencies all met for dep_context=requeueable deps ti=<TaskInstance: import_main_data.wait_for_init scheduled__2024-07-06T02:00:00+00:00 [queued]>
[2024-07-06T18:44:44.333+0000] {taskinstance.py:1308} INFO - Starting attempt 1 of 2
[2024-07-06T18:44:44.337+0000] {taskinstance.py:1327} INFO - Executing <Task(ExternalTaskSensor): wait_for_init> on 2024-07-06 02:00:00+00:00
[2024-07-06T18:44:44.338+0000] {standard_task_runner.py:57} INFO - Started process 1440 to run task
[2024-07-06T18:44:44.339+0000] {standard_task_runner.py:84} INFO - Running: ['airflow', 'tasks', 'run', 'import_main_data', 'wait_for_init', 'scheduled__2024-07-06T02:00:00+00:00', '--job-id', '923', '--raw', '--subdir', 'DAGS_FOLDER/import_raw_data.py', '--cfg-path', '/tmp/tmpm6kdxsvg']
[2024-07-06T18:44:44.340+0000] {standard_task_runner.py:85} INFO - Job 923: Subtask wait_for_init
[2024-07-06T18:44:44.366+0000] {task_command.py:410} INFO - Running <TaskInstance: import_main_data.wait_for_init scheduled__2024-07-06T02:00:00+00:00 [running]> on host f6bf59d3e65b
[2024-07-06T18:44:44.404+0000] {taskinstance.py:1545} INFO - Exporting env vars: AIRFLOW_CTX_DAG_EMAIL='airflow@example.com' AIRFLOW_CTX_DAG_OWNER='airflow' AIRFLOW_CTX_DAG_ID='import_main_data' AIRFLOW_CTX_TASK_ID='wait_for_init' AIRFLOW_CTX_EXECUTION_DATE='2024-07-06T02:00:00+00:00' AIRFLOW_CTX_TRY_NUMBER='1' AIRFLOW_CTX_DAG_RUN_ID='scheduled__2024-07-06T02:00:00+00:00'
[2024-07-06T18:44:44.409+0000] {external_task.py:247} INFO - Poking for DAG 'initialize_etl_environment' on 2024-07-06T02:00:00+00:00 ... 
[2024-07-06T18:44:44.420+0000] {taskinstance.py:1784} INFO - Rescheduling task, marking task as UP_FOR_RESCHEDULE
[2024-07-06T18:44:44.438+0000] {local_task_job_runner.py:225} INFO - Task exited with return code 0
[2024-07-06T18:44:44.450+0000] {taskinstance.py:2651} INFO - 0 downstream tasks scheduled from follow-on schedule check
