[2024-06-27T22:35:43.701+0000] {local_task_job_runner.py:120} INFO - ::group::Pre task execution logs
[2024-06-27T22:35:43.711+0000] {taskinstance.py:2076} INFO - Dependencies all met for dep_context=non-requeueable deps ti=<TaskInstance: ecomm_data_pipeline.generate_and_insert_data scheduled__2023-01-01T13:30:00+00:00 [queued]>
[2024-06-27T22:35:43.713+0000] {taskinstance.py:2076} INFO - Dependencies all met for dep_context=requeueable deps ti=<TaskInstance: ecomm_data_pipeline.generate_and_insert_data scheduled__2023-01-01T13:30:00+00:00 [queued]>
[2024-06-27T22:35:43.714+0000] {taskinstance.py:2306} INFO - Starting attempt 1 of 2
[2024-06-27T22:35:43.718+0000] {taskinstance.py:2330} INFO - Executing <Task(PythonOperator): generate_and_insert_data> on 2023-01-01 13:30:00+00:00
[2024-06-27T22:35:43.720+0000] {standard_task_runner.py:63} INFO - Started process 1448 to run task
[2024-06-27T22:35:43.721+0000] {standard_task_runner.py:90} INFO - Running: ['airflow', 'tasks', 'run', 'ecomm_data_pipeline', 'generate_and_insert_data', 'scheduled__2023-01-01T13:30:00+00:00', '--job-id', '100', '--raw', '--subdir', 'DAGS_FOLDER/ecomm_dag.py', '--cfg-path', '/tmp/tmpl4yzqexl']
[2024-06-27T22:35:43.722+0000] {standard_task_runner.py:91} INFO - Job 100: Subtask generate_and_insert_data
[2024-06-27T22:35:43.738+0000] {task_command.py:426} INFO - Running <TaskInstance: ecomm_data_pipeline.generate_and_insert_data scheduled__2023-01-01T13:30:00+00:00 [running]> on host 9174587f6b1d
[2024-06-27T22:35:43.765+0000] {taskinstance.py:2648} INFO - Exporting env vars: AIRFLOW_CTX_DAG_OWNER='airflow' AIRFLOW_CTX_DAG_ID='ecomm_data_pipeline' AIRFLOW_CTX_TASK_ID='generate_and_insert_data' AIRFLOW_CTX_EXECUTION_DATE='2023-01-01T13:30:00+00:00' AIRFLOW_CTX_TRY_NUMBER='1' AIRFLOW_CTX_DAG_RUN_ID='scheduled__2023-01-01T13:30:00+00:00'
[2024-06-27T22:35:43.766+0000] {taskinstance.py:430} INFO - ::endgroup::
[2024-06-27T22:35:43.798+0000] {logging_mixin.py:188} INFO - Error in generate_and_insert_data: Command '['python3', './generator/ecomm_generator.py']' returned non-zero exit status 2.
[2024-06-27T22:35:43.799+0000] {python.py:237} INFO - Done. Returned value was: None
[2024-06-27T22:35:43.799+0000] {taskinstance.py:441} INFO - ::group::Post task execution logs
[2024-06-27T22:35:43.803+0000] {taskinstance.py:1206} INFO - Marking task as SUCCESS. dag_id=ecomm_data_pipeline, task_id=generate_and_insert_data, run_id=scheduled__2023-01-01T13:30:00+00:00, execution_date=20230101T133000, start_date=20240627T223543, end_date=20240627T223543
[2024-06-27T22:35:43.822+0000] {local_task_job_runner.py:240} INFO - Task exited with return code 0
[2024-06-27T22:35:43.829+0000] {taskinstance.py:3503} INFO - 0 downstream tasks scheduled from follow-on schedule check
[2024-06-27T22:35:43.829+0000] {local_task_job_runner.py:222} INFO - ::endgroup::
[2024-06-28T18:17:16.527+0000] {local_task_job_runner.py:120} INFO - ::group::Pre task execution logs
[2024-06-28T18:17:16.537+0000] {taskinstance.py:2076} INFO - Dependencies all met for dep_context=non-requeueable deps ti=<TaskInstance: ecomm_data_pipeline.generate_and_insert_data scheduled__2023-01-01T13:30:00+00:00 [queued]>
[2024-06-28T18:17:16.540+0000] {taskinstance.py:2076} INFO - Dependencies all met for dep_context=requeueable deps ti=<TaskInstance: ecomm_data_pipeline.generate_and_insert_data scheduled__2023-01-01T13:30:00+00:00 [queued]>
[2024-06-28T18:17:16.540+0000] {taskinstance.py:2306} INFO - Starting attempt 1 of 2
[2024-06-28T18:17:16.544+0000] {taskinstance.py:2330} INFO - Executing <Task(PythonOperator): generate_and_insert_data> on 2023-01-01 13:30:00+00:00
[2024-06-28T18:17:16.546+0000] {standard_task_runner.py:63} INFO - Started process 2323 to run task
[2024-06-28T18:17:16.547+0000] {standard_task_runner.py:90} INFO - Running: ['airflow', 'tasks', 'run', 'ecomm_data_pipeline', 'generate_and_insert_data', 'scheduled__2023-01-01T13:30:00+00:00', '--job-id', '165', '--raw', '--subdir', 'DAGS_FOLDER/ecomm_dag.py', '--cfg-path', '/tmp/tmpoouqm8vm']
[2024-06-28T18:17:16.548+0000] {standard_task_runner.py:91} INFO - Job 165: Subtask generate_and_insert_data
[2024-06-28T18:17:16.567+0000] {task_command.py:426} INFO - Running <TaskInstance: ecomm_data_pipeline.generate_and_insert_data scheduled__2023-01-01T13:30:00+00:00 [running]> on host 08cefd381a1f
[2024-06-28T18:17:16.598+0000] {taskinstance.py:2648} INFO - Exporting env vars: AIRFLOW_CTX_DAG_OWNER='airflow' AIRFLOW_CTX_DAG_ID='ecomm_data_pipeline' AIRFLOW_CTX_TASK_ID='generate_and_insert_data' AIRFLOW_CTX_EXECUTION_DATE='2023-01-01T13:30:00+00:00' AIRFLOW_CTX_TRY_NUMBER='1' AIRFLOW_CTX_DAG_RUN_ID='scheduled__2023-01-01T13:30:00+00:00'
[2024-06-28T18:17:16.598+0000] {taskinstance.py:430} INFO - ::endgroup::
[2024-06-28T18:17:16.655+0000] {logging_mixin.py:188} INFO - Error in generate_and_insert_data: Command '['python3', '/opt/airflow/generator/ecomm_generator.py']' returned non-zero exit status 1.
[2024-06-28T18:17:16.656+0000] {logging_mixin.py:188} INFO - stdout: 
[2024-06-28T18:17:16.656+0000] {logging_mixin.py:188} INFO - stderr: Traceback (most recent call last):
  File "/opt/airflow/generator/ecomm_generator.py", line 4, in <module>
    from faker import Faker
ModuleNotFoundError: No module named 'faker'
[2024-06-28T18:17:16.656+0000] {python.py:237} INFO - Done. Returned value was: None
[2024-06-28T18:17:16.656+0000] {taskinstance.py:441} INFO - ::group::Post task execution logs
[2024-06-28T18:17:16.661+0000] {taskinstance.py:1206} INFO - Marking task as SUCCESS. dag_id=ecomm_data_pipeline, task_id=generate_and_insert_data, run_id=scheduled__2023-01-01T13:30:00+00:00, execution_date=20230101T133000, start_date=20240628T181716, end_date=20240628T181716
[2024-06-28T18:17:16.696+0000] {local_task_job_runner.py:240} INFO - Task exited with return code 0
[2024-06-28T18:17:16.703+0000] {taskinstance.py:3503} INFO - 0 downstream tasks scheduled from follow-on schedule check
[2024-06-28T18:17:16.704+0000] {local_task_job_runner.py:222} INFO - ::endgroup::
[2024-06-29T21:39:09.334+0000] {local_task_job_runner.py:120} INFO - ::group::Pre task execution logs
[2024-06-29T21:39:09.344+0000] {taskinstance.py:2076} INFO - Dependencies all met for dep_context=non-requeueable deps ti=<TaskInstance: ecomm_data_pipeline.generate_and_insert_data scheduled__2023-01-01T13:30:00+00:00 [queued]>
[2024-06-29T21:39:09.347+0000] {taskinstance.py:2076} INFO - Dependencies all met for dep_context=requeueable deps ti=<TaskInstance: ecomm_data_pipeline.generate_and_insert_data scheduled__2023-01-01T13:30:00+00:00 [queued]>
[2024-06-29T21:39:09.347+0000] {taskinstance.py:2306} INFO - Starting attempt 1 of 2
[2024-06-29T21:39:09.351+0000] {taskinstance.py:2330} INFO - Executing <Task(PythonOperator): generate_and_insert_data> on 2023-01-01 13:30:00+00:00
[2024-06-29T21:39:09.353+0000] {standard_task_runner.py:63} INFO - Started process 1220 to run task
[2024-06-29T21:39:09.354+0000] {standard_task_runner.py:90} INFO - Running: ['airflow', 'tasks', 'run', 'ecomm_data_pipeline', 'generate_and_insert_data', 'scheduled__2023-01-01T13:30:00+00:00', '--job-id', '83', '--raw', '--subdir', 'DAGS_FOLDER/ecomm_dag.py', '--cfg-path', '/tmp/tmpmtc0ta2w']
[2024-06-29T21:39:09.355+0000] {standard_task_runner.py:91} INFO - Job 83: Subtask generate_and_insert_data
[2024-06-29T21:39:09.372+0000] {task_command.py:426} INFO - Running <TaskInstance: ecomm_data_pipeline.generate_and_insert_data scheduled__2023-01-01T13:30:00+00:00 [running]> on host afcb6fbf9265
[2024-06-29T21:39:09.400+0000] {taskinstance.py:2648} INFO - Exporting env vars: AIRFLOW_CTX_DAG_OWNER='airflow' AIRFLOW_CTX_DAG_ID='ecomm_data_pipeline' AIRFLOW_CTX_TASK_ID='generate_and_insert_data' AIRFLOW_CTX_EXECUTION_DATE='2023-01-01T13:30:00+00:00' AIRFLOW_CTX_TRY_NUMBER='1' AIRFLOW_CTX_DAG_RUN_ID='scheduled__2023-01-01T13:30:00+00:00'
[2024-06-29T21:39:09.400+0000] {taskinstance.py:430} INFO - ::endgroup::
[2024-06-29T21:39:09.456+0000] {logging_mixin.py:188} INFO - Error in generate_and_insert_data: Command '['python3', '/opt/airflow/generator/ecomm_generator.py']' returned non-zero exit status 1.
[2024-06-29T21:39:09.456+0000] {logging_mixin.py:188} INFO - stdout: 
[2024-06-29T21:39:09.456+0000] {logging_mixin.py:188} INFO - stderr: Traceback (most recent call last):
  File "/opt/airflow/generator/ecomm_generator.py", line 4, in <module>
    from faker import Faker
ModuleNotFoundError: No module named 'faker'
[2024-06-29T21:39:09.457+0000] {python.py:237} INFO - Done. Returned value was: None
[2024-06-29T21:39:09.457+0000] {taskinstance.py:441} INFO - ::group::Post task execution logs
[2024-06-29T21:39:09.462+0000] {taskinstance.py:1206} INFO - Marking task as SUCCESS. dag_id=ecomm_data_pipeline, task_id=generate_and_insert_data, run_id=scheduled__2023-01-01T13:30:00+00:00, execution_date=20230101T133000, start_date=20240629T213909, end_date=20240629T213909
[2024-06-29T21:39:09.502+0000] {local_task_job_runner.py:240} INFO - Task exited with return code 0
[2024-06-29T21:39:09.509+0000] {taskinstance.py:3503} INFO - 0 downstream tasks scheduled from follow-on schedule check
[2024-06-29T21:39:09.509+0000] {local_task_job_runner.py:222} INFO - ::endgroup::
[2024-06-29T22:02:57.845+0000] {local_task_job_runner.py:120} INFO - ::group::Pre task execution logs
[2024-06-29T22:02:57.854+0000] {taskinstance.py:2076} INFO - Dependencies all met for dep_context=non-requeueable deps ti=<TaskInstance: ecomm_data_pipeline.generate_and_insert_data scheduled__2023-01-01T13:30:00+00:00 [queued]>
[2024-06-29T22:02:57.857+0000] {taskinstance.py:2076} INFO - Dependencies all met for dep_context=requeueable deps ti=<TaskInstance: ecomm_data_pipeline.generate_and_insert_data scheduled__2023-01-01T13:30:00+00:00 [queued]>
[2024-06-29T22:02:57.857+0000] {taskinstance.py:2306} INFO - Starting attempt 1 of 2
[2024-06-29T22:02:57.861+0000] {taskinstance.py:2330} INFO - Executing <Task(PythonOperator): generate_and_insert_data> on 2023-01-01 13:30:00+00:00
[2024-06-29T22:02:57.863+0000] {standard_task_runner.py:63} INFO - Started process 1220 to run task
[2024-06-29T22:02:57.864+0000] {standard_task_runner.py:90} INFO - Running: ['airflow', 'tasks', 'run', 'ecomm_data_pipeline', 'generate_and_insert_data', 'scheduled__2023-01-01T13:30:00+00:00', '--job-id', '83', '--raw', '--subdir', 'DAGS_FOLDER/ecomm_dag.py', '--cfg-path', '/tmp/tmpqcc70fev']
[2024-06-29T22:02:57.865+0000] {standard_task_runner.py:91} INFO - Job 83: Subtask generate_and_insert_data
[2024-06-29T22:02:57.882+0000] {task_command.py:426} INFO - Running <TaskInstance: ecomm_data_pipeline.generate_and_insert_data scheduled__2023-01-01T13:30:00+00:00 [running]> on host 799998b0d26e
[2024-06-29T22:02:57.910+0000] {taskinstance.py:2648} INFO - Exporting env vars: AIRFLOW_CTX_DAG_OWNER='airflow' AIRFLOW_CTX_DAG_ID='ecomm_data_pipeline' AIRFLOW_CTX_TASK_ID='generate_and_insert_data' AIRFLOW_CTX_EXECUTION_DATE='2023-01-01T13:30:00+00:00' AIRFLOW_CTX_TRY_NUMBER='1' AIRFLOW_CTX_DAG_RUN_ID='scheduled__2023-01-01T13:30:00+00:00'
[2024-06-29T22:02:57.911+0000] {taskinstance.py:430} INFO - ::endgroup::
[2024-06-29T22:02:57.967+0000] {logging_mixin.py:188} INFO - Error in generate_and_insert_data: Command '['python3', '/opt/airflow/generator/ecomm_generator.py']' returned non-zero exit status 1.
[2024-06-29T22:02:57.967+0000] {logging_mixin.py:188} INFO - stdout: 
[2024-06-29T22:02:57.968+0000] {logging_mixin.py:188} INFO - stderr: Traceback (most recent call last):
  File "/opt/airflow/generator/ecomm_generator.py", line 4, in <module>
    from faker import Faker
ModuleNotFoundError: No module named 'faker'
[2024-06-29T22:02:57.968+0000] {python.py:237} INFO - Done. Returned value was: None
[2024-06-29T22:02:57.968+0000] {taskinstance.py:441} INFO - ::group::Post task execution logs
[2024-06-29T22:02:57.973+0000] {taskinstance.py:1206} INFO - Marking task as SUCCESS. dag_id=ecomm_data_pipeline, task_id=generate_and_insert_data, run_id=scheduled__2023-01-01T13:30:00+00:00, execution_date=20230101T133000, start_date=20240629T220257, end_date=20240629T220257
[2024-06-29T22:02:58.014+0000] {local_task_job_runner.py:240} INFO - Task exited with return code 0
[2024-06-29T22:02:58.021+0000] {taskinstance.py:3503} INFO - 0 downstream tasks scheduled from follow-on schedule check
[2024-06-29T22:02:58.021+0000] {local_task_job_runner.py:222} INFO - ::endgroup::
